----------------------------------------------------------
sample path: (IntersectionOutput) 
  order timepoint           sequence nr.                  node name     dropped samples
latency

Statistics:
  latency:                  55.9885ms [min=55.9885ms, max=55.9885ms, average=55.9885ms, deviation=-nanms]
----------------------------------------------------------

----------------------------------------------------------
sample path: (VehicleDBWSystem) 
  order timepoint           sequence nr.                  node name     dropped samples
latency

Statistics:
  latency:                  229.786ms [min=229.786ms, max=229.786ms, average=229.786ms, deviation=-nanms]
hotpath
  hot path:                 FrontLidarDriver/RearLidarDriver -> ObjectCollisionEstimator
  hot path latency:         90.9106ms [min=90.9106ms, max=90.9106ms, average=90.9106ms, deviation=-nanms]
  hot path drops:           0 [min=0, max=0, average=0, deviation=-nan]
  behavior planner period:  0ms [min=1.84467e+13ms, max=0ms, average=0ms, deviation=0ms]
----------------------------------------------------------

----------------------------------------------------------
sample path: (IntersectionOutput) 
  order timepoint           sequence nr.                  node name     dropped samples
latency

Statistics:
  latency:                  32.8294ms [min=32.8294ms, max=55.9885ms, average=44.409ms, deviation=16.376ms]
----------------------------------------------------------

----------------------------------------------------------
sample path: (IntersectionOutput) 
  order timepoint           sequence nr.                  node name     dropped samples
latency

Statistics:
  latency:                  40.4963ms [min=32.8294ms, max=55.9885ms, average=43.1048ms, deviation=11.7978ms]
----------------------------------------------------------

----------------------------------------------------------
sample path: (IntersectionOutput) 
  order timepoint           sequence nr.                  node name     dropped samples
latency

Statistics:
  latency:                  53.7912ms [min=32.8294ms, max=55.9885ms, average=45.7764ms, deviation=11.0156ms]
----------------------------------------------------------

----------------------------------------------------------
sample path: (VehicleDBWSystem) 
  order timepoint           sequence nr.                  node name     dropped samples
bp period
latency

Statistics:
  latency:                  215.228ms [min=215.228ms, max=229.786ms, average=222.507ms, deviation=10.294ms]
hotpath
  hot path:                 FrontLidarDriver/RearLidarDriver -> ObjectCollisionEstimator
  hot path latency:         87.7905ms [min=87.7905ms, max=90.9106ms, average=89.3505ms, deviation=2.20625ms]
  hot path drops:           0 [min=0, max=0, average=0, deviation=0]
  behavior planner period:  96.1717ms [min=96.1717ms, max=96.1717ms, average=96.1717ms, deviation=-nanms]
----------------------------------------------------------

----------------------------------------------------------
sample path: (IntersectionOutput) 
  order timepoint           sequence nr.                  node name     dropped samples
latency

Statistics:
  latency:                  50.1391ms [min=32.8294ms, max=55.9885ms, average=46.6489ms, deviation=9.73724ms]
----------------------------------------------------------

----------------------------------------------------------
sample path: (IntersectionOutput) 
  order timepoint           sequence nr.                  node name     dropped samples
latency

Statistics:
  latency:                  29.0861ms [min=29.0861ms, max=55.9885ms, average=43.7218ms, deviation=11.281ms]
----------------------------------------------------------

----------------------------------------------------------
sample path: (IntersectionOutput) 
  order timepoint           sequence nr.                  node name     dropped samples
latency

Statistics:
  latency:                  29.6833ms [min=29.0861ms, max=55.9885ms, average=41.7163ms, deviation=11.5846ms]
----------------------------------------------------------

----------------------------------------------------------
sample path: (VehicleDBWSystem) 
  order timepoint           sequence nr.                  node name     dropped samples
bp period
latency

Statistics:
  latency:                  215.276ms [min=215.228ms, max=229.786ms, average=220.097ms, deviation=8.39131ms]
hotpath
  hot path:                 FrontLidarDriver/RearLidarDriver -> ObjectCollisionEstimator
  hot path latency:         80.1808ms [min=80.1808ms, max=90.9106ms, average=86.2939ms, deviation=5.51923ms]
  hot path drops:           0 [min=0, max=0, average=0, deviation=0]
  behavior planner period:  98.0965ms [min=96.1717ms, max=98.0965ms, average=97.1341ms, deviation=1.36104ms]
----------------------------------------------------------

----------------------------------------------------------
sample path: (IntersectionOutput) 
  order timepoint           sequence nr.                  node name     dropped samples
latency

Statistics:
  latency:                  43.0789ms [min=29.0861ms, max=55.9885ms, average=41.8866ms, deviation=10.7361ms]
----------------------------------------------------------

----------------------------------------------------------
sample path: (IntersectionOutput) 
  order timepoint           sequence nr.                  node name     dropped samples
latency

Statistics:
  latency:                  23.1936ms [min=23.1936ms, max=55.9885ms, average=39.8096ms, deviation=11.8187ms]
----------------------------------------------------------

----------------------------------------------------------
sample path: (IntersectionOutput) 
  order timepoint           sequence nr.                  node name     dropped samples
latency

Statistics:
  latency:                  11.1722ms [min=11.1722ms, max=55.9885ms, average=36.9459ms, deviation=14.3587ms]
----------------------------------------------------------

----------------------------------------------------------
sample path: (IntersectionOutput) 
  order timepoint           sequence nr.                  node name     dropped samples
latency

Statistics:
  latency:                  29.2959ms [min=11.1722ms, max=55.9885ms, average=36.2504ms, deviation=13.8157ms]
----------------------------------------------------------

----------------------------------------------------------
sample path: (VehicleDBWSystem) 
  order timepoint           sequence nr.                  node name     dropped samples
bp period
latency

Statistics:
  latency:                  237.019ms [min=215.228ms, max=237.019ms, average=224.327ms, deviation=10.8874ms]
hotpath
  hot path:                 FrontLidarDriver/RearLidarDriver -> ObjectCollisionEstimator
  hot path latency:         62.0011ms [min=62.0011ms, max=90.9106ms, average=80.2207ms, deviation=12.9554ms]
  hot path drops:           0 [min=0, max=0, average=0, deviation=0]
  behavior planner period:  100.077ms [min=96.1717ms, max=100.077ms, average=98.1152ms, deviation=1.95292ms]
----------------------------------------------------------

----------------------------------------------------------
sample path: (IntersectionOutput) 
  order timepoint           sequence nr.                  node name     dropped samples
latency

Statistics:
  latency:                  38.4087ms [min=11.1722ms, max=55.9885ms, average=36.4303ms, deviation=13.1875ms]
----------------------------------------------------------

----------------------------------------------------------
sample path: (IntersectionOutput) 
  order timepoint           sequence nr.                  node name     dropped samples
latency

Statistics:
  latency:                  19.2848ms [min=11.1722ms, max=55.9885ms, average=35.1114ms, deviation=13.4919ms]
----------------------------------------------------------

----------------------------------------------------------
sample path: (IntersectionOutput) 
  order timepoint           sequence nr.                  node name     dropped samples
latency

Statistics:
  latency:                  21.9904ms [min=11.1722ms, max=55.9885ms, average=34.1742ms, deviation=13.4285ms]
----------------------------------------------------------

----------------------------------------------------------
sample path: (IntersectionOutput) 
  order timepoint           sequence nr.                  node name     dropped samples
latency

Statistics:
  latency:                  29.3454ms [min=11.1722ms, max=55.9885ms, average=33.8523ms, deviation=13ms]
----------------------------------------------------------

----------------------------------------------------------
sample path: (VehicleDBWSystem) 
  order timepoint           sequence nr.                  node name     dropped samples
bp period
latency

Statistics:
  latency:                  178.509ms [min=178.509ms, max=237.019ms, average=215.164ms, deviation=22.5559ms]
hotpath
  hot path:                 FrontLidarDriver/RearLidarDriver -> ObjectCollisionEstimator
  hot path latency:         58.6578ms [min=58.6578ms, max=90.9106ms, average=75.9081ms, deviation=14.7944ms]
  hot path drops:           0 [min=0, max=0, average=0, deviation=0]
  behavior planner period:  99.9216ms [min=96.1717ms, max=100.077ms, average=98.5668ms, deviation=1.83258ms]
----------------------------------------------------------

----------------------------------------------------------
sample path: (IntersectionOutput) 
  order timepoint           sequence nr.                  node name     dropped samples
latency

Statistics:
  latency:                  34.4144ms [min=11.1722ms, max=55.9885ms, average=33.8874ms, deviation=12.56ms]
----------------------------------------------------------

----------------------------------------------------------
sample path: (IntersectionOutput) 
  order timepoint           sequence nr.                  node name     dropped samples
latency

Statistics:
  latency:                  13.718ms [min=11.1722ms, max=55.9885ms, average=32.701ms, deviation=13.1081ms]
----------------------------------------------------------

----------------------------------------------------------
sample path: (IntersectionOutput) 
  order timepoint           sequence nr.                  node name     dropped samples
latency

Statistics:
  latency:                  19.9083ms [min=11.1722ms, max=55.9885ms, average=31.9903ms, deviation=13.0693ms]
----------------------------------------------------------

----------------------------------------------------------
sample path: (IntersectionOutput) 
  order timepoint           sequence nr.                  node name     dropped samples
latency

Statistics:
  latency:                  28.2578ms [min=11.1722ms, max=55.9885ms, average=31.7938ms, deviation=12.7299ms]
----------------------------------------------------------

----------------------------------------------------------
sample path: (VehicleDBWSystem) 
  order timepoint           sequence nr.                  node name     dropped samples
bp period
latency

Statistics:
  latency:                  162.83ms [min=162.83ms, max=237.019ms, average=206.441ms, deviation=29.385ms]
hotpath
  hot path:                 FrontLidarDriver/RearLidarDriver -> ObjectCollisionEstimator
  hot path latency:         59.6446ms [min=58.6578ms, max=90.9106ms, average=73.1976ms, deviation=14.8048ms]
  hot path drops:           0 [min=0, max=0, average=0, deviation=0]
  behavior planner period:  99.9845ms [min=96.1717ms, max=100.077ms, average=98.8503ms, deviation=1.70902ms]
----------------------------------------------------------

----------------------------------------------------------
sample path: (IntersectionOutput) 
  order timepoint           sequence nr.                  node name     dropped samples
latency

Statistics:
  latency:                  24.6009ms [min=11.1722ms, max=55.9885ms, average=31.4342ms, deviation=12.4944ms]
----------------------------------------------------------

----------------------------------------------------------
sample path: (IntersectionOutput) 
  order timepoint           sequence nr.                  node name     dropped samples
latency

Statistics:
  latency:                  9.58561ms [min=9.58561ms, max=55.9885ms, average=30.3938ms, deviation=13.078ms]
----------------------------------------------------------

----------------------------------------------------------
sample path: (IntersectionOutput) 
  order timepoint           sequence nr.                  node name     dropped samples
latency

Statistics:
  latency:                  9.92861ms [min=9.58561ms, max=55.9885ms, average=29.4635ms, deviation=13.4881ms]
----------------------------------------------------------

----------------------------------------------------------
sample path: (IntersectionOutput) 
  order timepoint           sequence nr.                  node name     dropped samples
latency

Statistics:
  latency:                  28.7555ms [min=9.58561ms, max=55.9885ms, average=29.4328ms, deviation=13.1788ms]
----------------------------------------------------------

----------------------------------------------------------
sample path: (VehicleDBWSystem) 
  order timepoint           sequence nr.                  node name     dropped samples
bp period
latency

Statistics:
  latency:                  161.514ms [min=161.514ms, max=237.019ms, average=200.023ms, deviation=31.7477ms]
hotpath
  hot path:                 FrontLidarDriver/RearLidarDriver -> ObjectCollisionEstimator
  hot path latency:         48.7596ms [min=48.7596ms, max=90.9106ms, average=69.7064ms, deviation=16.3697ms]
  hot path drops:           0 [min=0, max=0, average=0, deviation=0]
  behavior planner period:  103.362ms [min=96.1717ms, max=103.362ms, average=99.6023ms, deviation=2.39368ms]
----------------------------------------------------------

----------------------------------------------------------
sample path: (IntersectionOutput) 
  order timepoint           sequence nr.                  node name     dropped samples
latency

Statistics:
  latency:                  19.1429ms [min=9.58561ms, max=55.9885ms, average=29.004ms, deviation=13.0591ms]
----------------------------------------------------------

----------------------------------------------------------
sample path: (IntersectionOutput) 
  order timepoint           sequence nr.                  node name     dropped samples
latency

Statistics:
  latency:                  9.23311ms [min=9.23311ms, max=55.9885ms, average=28.2132ms, deviation=13.3817ms]
----------------------------------------------------------

----------------------------------------------------------
sample path: (IntersectionOutput) 
  order timepoint           sequence nr.                  node name     dropped samples
latency

Statistics:
  latency:                  9.38011ms [min=9.23311ms, max=55.9885ms, average=27.4888ms, deviation=13.6217ms]
----------------------------------------------------------

----------------------------------------------------------
sample path: (IntersectionOutput) 
  order timepoint           sequence nr.                  node name     dropped samples
latency

Statistics:
  latency:                  39.2803ms [min=9.23311ms, max=55.9885ms, average=27.9255ms, deviation=13.5485ms]
----------------------------------------------------------

----------------------------------------------------------
sample path: (VehicleDBWSystem) 
  order timepoint           sequence nr.                  node name     dropped samples
bp period
latency

Statistics:
  latency:                  251.91ms [min=161.514ms, max=251.91ms, average=206.509ms, deviation=34.6477ms]
hotpath
  hot path:                 FrontLidarDriver/RearLidarDriver -> ObjectCollisionEstimator
  hot path latency:         56.9602ms [min=48.7596ms, max=90.9106ms, average=68.1132ms, deviation=15.8112ms]
  hot path drops:           0 [min=0, max=0, average=0, deviation=0]
  behavior planner period:  99.5737ms [min=96.1717ms, max=103.362ms, average=99.5982ms, deviation=2.18515ms]
----------------------------------------------------------

----------------------------------------------------------
sample path: (IntersectionOutput) 
  order timepoint           sequence nr.                  node name     dropped samples
latency

Statistics:
  latency:                  10.294ms [min=9.23311ms, max=55.9885ms, average=27.2958ms, deviation=13.7064ms]
----------------------------------------------------------

----------------------------------------------------------
sample path: (IntersectionOutput) 
  order timepoint           sequence nr.                  node name     dropped samples
latency

Statistics:
  latency:                  9.24711ms [min=9.23311ms, max=55.9885ms, average=26.6735ms, deviation=13.8705ms]
----------------------------------------------------------

----------------------------------------------------------
sample path: (VehicleDBWSystem) 
  order timepoint           sequence nr.                  node name     dropped samples
bp period
latency

Statistics:
  latency:                  236.858ms [min=161.514ms, max=251.91ms, average=209.881ms, deviation=33.9521ms]
hotpath
  hot path:                 FrontLidarDriver/RearLidarDriver -> ObjectCollisionEstimator
  hot path latency:         67.5971ms [min=48.7596ms, max=90.9106ms, average=68.0558ms, deviation=14.7911ms]
  hot path drops:           0 [min=0, max=0, average=0, deviation=0]
  behavior planner period:  100.276ms [min=96.1717ms, max=103.362ms, average=99.6829ms, deviation=2.03718ms]
----------------------------------------------------------

----------------------------------------------------------
sample path: (IntersectionOutput) 
  order timepoint           sequence nr.                  node name     dropped samples
latency

Statistics:
  latency:                  37.1457ms [min=9.23311ms, max=55.9885ms, average=27.0226ms, deviation=13.7627ms]
----------------------------------------------------------

----------------------------------------------------------
sample path: (IntersectionOutput) 
  order timepoint           sequence nr.                  node name     dropped samples
latency

Statistics:
  latency:                  17.2523ms [min=9.23311ms, max=55.9885ms, average=26.7074ms, deviation=13.6447ms]
----------------------------------------------------------

----------------------------------------------------------
sample path: (IntersectionOutput) 
  order timepoint           sequence nr.                  node name     dropped samples
latency

Statistics:
  latency:                  9.62041ms [min=9.23311ms, max=55.9885ms, average=26.1734ms, deviation=13.7585ms]
----------------------------------------------------------

----------------------------------------------------------
sample path: (IntersectionOutput) 
  order timepoint           sequence nr.                  node name     dropped samples
latency

Statistics:
  latency:                  29.8319ms [min=9.23311ms, max=55.9885ms, average=26.2843ms, deviation=13.5567ms]
----------------------------------------------------------

----------------------------------------------------------
sample path: (VehicleDBWSystem) 
  order timepoint           sequence nr.                  node name     dropped samples
bp period
latency

Statistics:
  latency:                  246.892ms [min=161.514ms, max=251.91ms, average=213.582ms, deviation=34.0829ms]
hotpath
  hot path:                 FrontLidarDriver/RearLidarDriver -> ObjectCollisionEstimator
  hot path latency:         67.2271ms [min=48.7596ms, max=90.9106ms, average=67.973ms, deviation=13.9476ms]
  hot path drops:           0 [min=0, max=0, average=0, deviation=0]
  behavior planner period:  96.7935ms [min=96.1717ms, max=103.362ms, average=99.3618ms, deviation=2.13518ms]
----------------------------------------------------------

----------------------------------------------------------
sample path: (IntersectionOutput) 
  order timepoint           sequence nr.                  node name     dropped samples
latency

Statistics:
  latency:                  28.9916ms [min=9.23311ms, max=55.9885ms, average=26.3639ms, deviation=13.3578ms]
----------------------------------------------------------

----------------------------------------------------------
sample path: (IntersectionOutput) 
  order timepoint           sequence nr.                  node name     dropped samples
latency

Statistics:
  latency:                  19.0952ms [min=9.23311ms, max=55.9885ms, average=26.1562ms, deviation=13.2172ms]
----------------------------------------------------------

----------------------------------------------------------
sample path: (IntersectionOutput) 
  order timepoint           sequence nr.                  node name     dropped samples
latency

Statistics:
  latency:                  13.4696ms [min=9.23311ms, max=55.9885ms, average=25.8038ms, deviation=13.1975ms]
----------------------------------------------------------

----------------------------------------------------------
sample path: (IntersectionOutput) 
  order timepoint           sequence nr.                  node name     dropped samples
latency

Statistics:
  latency:                  27.5613ms [min=9.23311ms, max=55.9885ms, average=25.8513ms, deviation=13.0161ms]
----------------------------------------------------------

----------------------------------------------------------
sample path: (VehicleDBWSystem) 
  order timepoint           sequence nr.                  node name     dropped samples
bp period
latency

Statistics:
  latency:                  179.249ms [min=161.514ms, max=251.91ms, average=210.461ms, deviation=33.9506ms]
hotpath
  hot path:                 FrontLidarDriver/RearLidarDriver -> ObjectCollisionEstimator
  hot path latency:         60.162ms [min=48.7596ms, max=90.9106ms, average=67.2629ms, deviation=13.4398ms]
  hot path drops:           0 [min=0, max=0, average=0, deviation=0]
  behavior planner period:  100.027ms [min=96.1717ms, max=103.362ms, average=99.4283ms, deviation=2.02402ms]
----------------------------------------------------------

----------------------------------------------------------
sample path: (IntersectionOutput) 
  order timepoint           sequence nr.                  node name     dropped samples
latency

Statistics:
  latency:                  31.094ms [min=9.23311ms, max=55.9885ms, average=25.9893ms, deviation=12.8671ms]
----------------------------------------------------------

----------------------------------------------------------
sample path: (IntersectionOutput) 
  order timepoint           sequence nr.                  node name     dropped samples
latency

Statistics:
  latency:                  12.0912ms [min=9.23311ms, max=55.9885ms, average=25.6329ms, deviation=12.8902ms]
----------------------------------------------------------

----------------------------------------------------------
sample path: (IntersectionOutput) 
  order timepoint           sequence nr.                  node name     dropped samples
latency

Statistics:
  latency:                  13.4981ms [min=9.23311ms, max=55.9885ms, average=25.3296ms, deviation=12.8678ms]
----------------------------------------------------------

----------------------------------------------------------
sample path: (IntersectionOutput) 
  order timepoint           sequence nr.                  node name     dropped samples
latency

Statistics:
  latency:                  35.6219ms [min=9.23311ms, max=55.9885ms, average=25.5806ms, deviation=12.8072ms]
----------------------------------------------------------

----------------------------------------------------------
sample path: (VehicleDBWSystem) 
  order timepoint           sequence nr.                  node name     dropped samples
bp period
latency

Statistics:
  latency:                  186.098ms [min=161.514ms, max=251.91ms, average=208.431ms, deviation=33.1258ms]
hotpath
  hot path:                 FrontLidarDriver/RearLidarDriver -> ObjectCollisionEstimator
  hot path latency:         51.0502ms [min=48.7596ms, max=90.9106ms, average=65.9118ms, deviation=13.6423ms]
  hot path drops:           0 [min=0, max=0, average=0, deviation=0]
  behavior planner period:  99.991ms [min=96.1717ms, max=103.362ms, average=99.4795ms, deviation=1.92763ms]
----------------------------------------------------------

----------------------------------------------------------
sample path: (IntersectionOutput) 
  order timepoint           sequence nr.                  node name     dropped samples
latency

Statistics:
  latency:                  29.5073ms [min=9.23311ms, max=55.9885ms, average=25.6741ms, deviation=12.6645ms]
----------------------------------------------------------

----------------------------------------------------------
sample path: (IntersectionOutput) 
  order timepoint           sequence nr.                  node name     dropped samples
latency

Statistics:
  latency:                  20.0729ms [min=9.23311ms, max=55.9885ms, average=25.5438ms, deviation=12.542ms]
----------------------------------------------------------

----------------------------------------------------------
sample path: (IntersectionOutput) 
  order timepoint           sequence nr.                  node name     dropped samples
latency

Statistics:
  latency:                  23.0004ms [min=9.23311ms, max=55.9885ms, average=25.486ms, deviation=12.4012ms]
----------------------------------------------------------

----------------------------------------------------------
sample path: (IntersectionOutput) 
  order timepoint           sequence nr.                  node name     dropped samples
latency

Statistics:
  latency:                  51.4722ms [min=9.23311ms, max=55.9885ms, average=26.0635ms, deviation=12.8569ms]
----------------------------------------------------------

----------------------------------------------------------
sample path: (VehicleDBWSystem) 
  order timepoint           sequence nr.                  node name     dropped samples
bp period
latency

Statistics:
  latency:                  166.109ms [min=161.514ms, max=251.91ms, average=205.175ms, deviation=33.8179ms]
hotpath
  hot path:                 FrontLidarDriver/RearLidarDriver -> ObjectCollisionEstimator
  hot path latency:         58.7874ms [min=48.7596ms, max=90.9106ms, average=65.3638ms, deviation=13.2101ms]
  hot path drops:           0 [min=0, max=0, average=0, deviation=0]
  behavior planner period:  101.978ms [min=96.1717ms, max=103.362ms, average=99.6877ms, deviation=1.97437ms]
----------------------------------------------------------

----------------------------------------------------------
sample path: (IntersectionOutput) 
  order timepoint           sequence nr.                  node name     dropped samples
latency

Statistics:
  latency:                  23.223ms [min=9.23311ms, max=55.9885ms, average=26.0017ms, deviation=12.7202ms]
----------------------------------------------------------

----------------------------------------------------------
sample path: (IntersectionOutput) 
  order timepoint           sequence nr.                  node name     dropped samples
latency

Statistics:
  latency:                  19.7123ms [min=9.23311ms, max=55.9885ms, average=25.8679ms, deviation=12.6146ms]
----------------------------------------------------------

----------------------------------------------------------
sample path: (IntersectionOutput) 
  order timepoint           sequence nr.                  node name     dropped samples
latency

Statistics:
  latency:                  46.9724ms [min=9.23311ms, max=55.9885ms, average=26.3076ms, deviation=12.846ms]
----------------------------------------------------------

----------------------------------------------------------
sample path: (VehicleDBWSystem) 
  order timepoint           sequence nr.                  node name     dropped samples
bp period
latency

Statistics:
  latency:                  194.578ms [min=161.514ms, max=251.91ms, average=204.418ms, deviation=32.6144ms]
hotpath
  hot path:                 FrontLidarDriver/RearLidarDriver -> ObjectCollisionEstimator
  hot path latency:         76.0984ms [min=48.7596ms, max=90.9106ms, average=66.1305ms, deviation=13.0121ms]
  hot path drops:           0 [min=0, max=0, average=0, deviation=0]
  behavior planner period:  104.05ms [min=96.1717ms, max=104.05ms, average=100.023ms, deviation=2.24433ms]
----------------------------------------------------------

----------------------------------------------------------
sample path: (IntersectionOutput) 
  order timepoint           sequence nr.                  node name     dropped samples
latency

Statistics:
  latency:                  19.1411ms [min=9.23311ms, max=55.9885ms, average=26.1613ms, deviation=12.7527ms]
----------------------------------------------------------

----------------------------------------------------------
sample path: (IntersectionOutput) 
  order timepoint           sequence nr.                  node name     dropped samples
latency

Statistics:
  latency:                  10.6842ms [min=9.23311ms, max=55.9885ms, average=25.8518ms, deviation=12.8103ms]
----------------------------------------------------------

----------------------------------------------------------
sample path: (VehicleDBWSystem) 
  order timepoint           sequence nr.                  node name     dropped samples
bp period
latency

Statistics:
  latency:                  213.819ms [min=161.514ms, max=251.91ms, average=205.045ms, deviation=31.5217ms]
hotpath
  hot path:                 FrontLidarDriver/RearLidarDriver -> ObjectCollisionEstimator
  hot path latency:         77.1146ms [min=48.7596ms, max=90.9106ms, average=66.8628ms, deviation=12.8555ms]
  hot path drops:           0 [min=0, max=0, average=0, deviation=0]
  behavior planner period:  94.3955ms [min=94.3955ms, max=104.05ms, average=99.6213ms, deviation=2.62904ms]
----------------------------------------------------------

----------------------------------------------------------
sample path: (IntersectionOutput) 
  order timepoint           sequence nr.                  node name     dropped samples
latency

Statistics:
  latency:                  39.547ms [min=9.23311ms, max=55.9885ms, average=26.1203ms, deviation=12.8257ms]
----------------------------------------------------------

----------------------------------------------------------
sample path: (IntersectionOutput) 
  order timepoint           sequence nr.                  node name     dropped samples
latency

Statistics:
  latency:                  40.615ms [min=9.23311ms, max=55.9885ms, average=26.3991ms, deviation=12.8574ms]
----------------------------------------------------------

----------------------------------------------------------
sample path: (IntersectionOutput) 
  order timepoint           sequence nr.                  node name     dropped samples
latency

Statistics:
  latency:                  19.6861ms [min=9.23311ms, max=55.9885ms, average=26.2724ms, deviation=12.7665ms]
----------------------------------------------------------

----------------------------------------------------------
sample path: (IntersectionOutput) 
  order timepoint           sequence nr.                  node name     dropped samples
latency

Statistics:
  latency:                  15.2588ms [min=9.23311ms, max=55.9885ms, average=26.0685ms, deviation=12.734ms]
----------------------------------------------------------

----------------------------------------------------------
sample path: (IntersectionOutput) 
  order timepoint           sequence nr.                  node name     dropped samples
latency

Statistics:
  latency:                  38.0656ms [min=9.23311ms, max=55.9885ms, average=26.2866ms, deviation=12.7189ms]
----------------------------------------------------------

----------------------------------------------------------
sample path: (VehicleDBWSystem) 
  order timepoint           sequence nr.                  node name     dropped samples
bp period
latency

Statistics:
  latency:                  233.379ms [min=161.514ms, max=251.91ms, average=206.816ms, deviation=31.2658ms]
hotpath
  hot path:                 FrontLidarDriver/RearLidarDriver -> ObjectCollisionEstimator
  hot path latency:         64.1497ms [min=48.7596ms, max=90.9106ms, average=66.6933ms, deviation=12.4381ms]
  hot path drops:           0 [min=0, max=0, average=0, deviation=0]
  behavior planner period:  99.5983ms [min=94.3955ms, max=104.05ms, average=99.6197ms, deviation=2.53341ms]
----------------------------------------------------------

----------------------------------------------------------
sample path: (IntersectionOutput) 
  order timepoint           sequence nr.                  node name     dropped samples
latency

Statistics:
  latency:                  40.2512ms [min=9.23311ms, max=55.9885ms, average=26.536ms, deviation=12.7401ms]
----------------------------------------------------------

----------------------------------------------------------
sample path: (IntersectionOutput) 
  order timepoint           sequence nr.                  node name     dropped samples
latency

Statistics:
  latency:                  20.1167ms [min=9.23311ms, max=55.9885ms, average=26.4233ms, deviation=12.6544ms]
----------------------------------------------------------

----------------------------------------------------------
sample path: (IntersectionOutput) 
  order timepoint           sequence nr.                  node name     dropped samples
latency

Statistics:
  latency:                  17.8886ms [min=9.23311ms, max=55.9885ms, average=26.2762ms, deviation=12.5929ms]
----------------------------------------------------------

----------------------------------------------------------
sample path: (IntersectionOutput) 
  order timepoint           sequence nr.                  node name     dropped samples
latency

Statistics:
  latency:                  27.4423ms [min=9.23311ms, max=55.9885ms, average=26.296ms, deviation=12.4848ms]
----------------------------------------------------------

----------------------------------------------------------
sample path: (VehicleDBWSystem) 
  order timepoint           sequence nr.                  node name     dropped samples
bp period
latency

Statistics:
  latency:                  178.921ms [min=161.514ms, max=251.91ms, average=205.175ms, deviation=31.0198ms]
hotpath
  hot path:                 FrontLidarDriver/RearLidarDriver -> ObjectCollisionEstimator
  hot path latency:         61.2692ms [min=48.7596ms, max=90.9106ms, average=66.3742ms, deviation=12.1148ms]
  hot path drops:           0 [min=0, max=0, average=0, deviation=0]
  behavior planner period:  99.9649ms [min=94.3955ms, max=104.05ms, average=99.6413ms, deviation=2.44903ms]
----------------------------------------------------------

----------------------------------------------------------
sample path: (IntersectionOutput) 
  order timepoint           sequence nr.                  node name     dropped samples
latency

Statistics:
  latency:                  30.7514ms [min=9.23311ms, max=55.9885ms, average=26.3702ms, deviation=12.3919ms]
----------------------------------------------------------

----------------------------------------------------------
sample path: (IntersectionOutput) 
  order timepoint           sequence nr.                  node name     dropped samples
latency

Statistics:
  latency:                  11.1267ms [min=9.23311ms, max=55.9885ms, average=26.1203ms, deviation=12.4422ms]
----------------------------------------------------------

----------------------------------------------------------
sample path: (IntersectionOutput) 
  order timepoint           sequence nr.                  node name     dropped samples
latency

Statistics:
  latency:                  10.8562ms [min=9.23311ms, max=55.9885ms, average=25.8741ms, deviation=12.4912ms]
----------------------------------------------------------

----------------------------------------------------------
sample path: (IntersectionOutput) 
  order timepoint           sequence nr.                  node name     dropped samples
latency

Statistics:
  latency:                  30.5601ms [min=9.23311ms, max=55.9885ms, average=25.9485ms, deviation=12.4041ms]
----------------------------------------------------------

----------------------------------------------------------
sample path: (VehicleDBWSystem) 
  order timepoint           sequence nr.                  node name     dropped samples
bp period
latency

Statistics:
  latency:                  170.592ms [min=161.514ms, max=251.91ms, average=203.254ms, deviation=31.178ms]
hotpath
  hot path:                 FrontLidarDriver/RearLidarDriver -> ObjectCollisionEstimator
  hot path latency:         48.8163ms [min=48.7596ms, max=90.9106ms, average=65.3988ms, deviation=12.4604ms]
  hot path drops:           0 [min=0, max=0, average=0, deviation=0]
  behavior planner period:  99.9842ms [min=94.3955ms, max=104.05ms, average=99.6615ms, deviation=2.37272ms]
----------------------------------------------------------

----------------------------------------------------------
sample path: (IntersectionOutput) 
  order timepoint           sequence nr.                  node name     dropped samples
latency

Statistics:
  latency:                  24.4509ms [min=9.23311ms, max=55.9885ms, average=25.9251ms, deviation=12.3067ms]
----------------------------------------------------------

----------------------------------------------------------
sample path: (IntersectionOutput) 
  order timepoint           sequence nr.                  node name     dropped samples
latency

Statistics:
  latency:                  13.587ms [min=9.23311ms, max=55.9885ms, average=25.7353ms, deviation=12.3057ms]
----------------------------------------------------------

----------------------------------------------------------
sample path: (IntersectionOutput) 
  order timepoint           sequence nr.                  node name     dropped samples
latency

Statistics:
  latency:                  14.5315ms [min=9.23311ms, max=55.9885ms, average=25.5655ms, deviation=12.2883ms]
----------------------------------------------------------

----------------------------------------------------------
sample path: (IntersectionOutput) 
  order timepoint           sequence nr.                  node name     dropped samples
latency

Statistics:
  latency:                  34.1073ms [min=9.23311ms, max=55.9885ms, average=25.693ms, deviation=12.2394ms]
----------------------------------------------------------

----------------------------------------------------------
sample path: (VehicleDBWSystem) 
  order timepoint           sequence nr.                  node name     dropped samples
bp period
latency

Statistics:
  latency:                  156.793ms [min=156.793ms, max=251.91ms, average=200.808ms, deviation=32.1197ms]
hotpath
  hot path:                 FrontLidarDriver/RearLidarDriver -> ObjectCollisionEstimator
  hot path latency:         55.0731ms [min=48.7596ms, max=90.9106ms, average=64.8553ms, deviation=12.3388ms]
  hot path drops:           0 [min=0, max=0, average=0, deviation=0]
  behavior planner period:  103.198ms [min=94.3955ms, max=104.05ms, average=99.8579ms, deviation=2.44817ms]
----------------------------------------------------------

----------------------------------------------------------
sample path: (IntersectionOutput) 
  order timepoint           sequence nr.                  node name     dropped samples
latency

Statistics:
  latency:                  20.3339ms [min=9.23311ms, max=55.9885ms, average=25.6142ms, deviation=12.1651ms]
----------------------------------------------------------

----------------------------------------------------------
sample path: (IntersectionOutput) 
  order timepoint           sequence nr.                  node name     dropped samples
latency

Statistics:
  latency:                  10.1127ms [min=9.23311ms, max=55.9885ms, average=25.3896ms, deviation=12.2187ms]
----------------------------------------------------------

----------------------------------------------------------
sample path: (IntersectionOutput) 
  order timepoint           sequence nr.                  node name     dropped samples
latency

Statistics:
  latency:                  9.49811ms [min=9.23311ms, max=55.9885ms, average=25.1625ms, deviation=12.2776ms]
----------------------------------------------------------

----------------------------------------------------------
sample path: (IntersectionOutput) 
  order timepoint           sequence nr.                  node name     dropped samples
latency

Statistics:
  latency:                  39.549ms [min=9.23311ms, max=55.9885ms, average=25.3652ms, deviation=12.3086ms]
----------------------------------------------------------

----------------------------------------------------------
sample path: (VehicleDBWSystem) 
  order timepoint           sequence nr.                  node name     dropped samples
bp period
latency

Statistics:
  latency:                  258.79ms [min=156.793ms, max=258.79ms, average=203.708ms, deviation=33.8448ms]
hotpath
  hot path:                 FrontLidarDriver/RearLidarDriver -> ObjectCollisionEstimator
  hot path latency:         62.8901ms [min=48.7596ms, max=90.9106ms, average=64.757ms, deviation=12.0178ms]
  hot path drops:           0 [min=0, max=0, average=0, deviation=0]
  behavior planner period:  101.84ms [min=94.3955ms, max=104.05ms, average=99.9623ms, deviation=2.42225ms]
----------------------------------------------------------

----------------------------------------------------------
sample path: (IntersectionOutput) 
  order timepoint           sequence nr.                  node name     dropped samples
latency

Statistics:
  latency:                  10.5638ms [min=9.23311ms, max=55.9885ms, average=25.1596ms, deviation=12.3455ms]
----------------------------------------------------------

----------------------------------------------------------
sample path: (IntersectionOutput) 
  order timepoint           sequence nr.                  node name     dropped samples
latency

Statistics:
  latency:                  10.1166ms [min=9.23311ms, max=55.9885ms, average=24.9535ms, deviation=12.3852ms]
----------------------------------------------------------

----------------------------------------------------------
sample path: (VehicleDBWSystem) 
  order timepoint           sequence nr.                  node name     dropped samples
bp period
latency

Statistics:
  latency:                  219.176ms [min=156.793ms, max=258.79ms, average=204.444ms, deviation=33.1601ms]
hotpath
  hot path:                 FrontLidarDriver/RearLidarDriver -> ObjectCollisionEstimator
  hot path latency:         70.8088ms [min=48.7596ms, max=90.9106ms, average=65.0452ms, deviation=11.7877ms]
  hot path drops:           0 [min=0, max=0, average=0, deviation=0]
  behavior planner period:  99.1814ms [min=94.3955ms, max=104.05ms, average=99.9232ms, deviation=2.3641ms]
----------------------------------------------------------

----------------------------------------------------------
sample path: (IntersectionOutput) 
  order timepoint           sequence nr.                  node name     dropped samples
latency

Statistics:
  latency:                  37.1024ms [min=9.23311ms, max=55.9885ms, average=25.1177ms, deviation=12.3809ms]
----------------------------------------------------------

----------------------------------------------------------
sample path: (IntersectionOutput) 
  order timepoint           sequence nr.                  node name     dropped samples
latency

Statistics:
  latency:                  17.2314ms [min=9.23311ms, max=55.9885ms, average=25.0125ms, deviation=12.3306ms]
----------------------------------------------------------

----------------------------------------------------------
sample path: (IntersectionOutput) 
  order timepoint           sequence nr.                  node name     dropped samples
latency

Statistics:
  latency:                  9.89171ms [min=9.23311ms, max=55.9885ms, average=24.8136ms, deviation=12.3703ms]
----------------------------------------------------------

----------------------------------------------------------
sample path: (IntersectionOutput) 
  order timepoint           sequence nr.                  node name     dropped samples
latency

Statistics:
  latency:                  30.7699ms [min=9.23311ms, max=55.9885ms, average=24.8909ms, deviation=12.3074ms]
----------------------------------------------------------

----------------------------------------------------------
sample path: (VehicleDBWSystem) 
  order timepoint           sequence nr.                  node name     dropped samples
bp period
latency

Statistics:
  latency:                  247.281ms [min=156.793ms, max=258.79ms, average=206.391ms, deviation=33.625ms]
hotpath
  hot path:                 FrontLidarDriver/RearLidarDriver -> ObjectCollisionEstimator
  hot path latency:         67.4866ms [min=48.7596ms, max=90.9106ms, average=65.1562ms, deviation=11.5154ms]
  hot path drops:           0 [min=0, max=0, average=0, deviation=0]
  behavior planner period:  95.8798ms [min=94.3955ms, max=104.05ms, average=99.7307ms, deviation=2.4674ms]
----------------------------------------------------------

----------------------------------------------------------
sample path: (IntersectionOutput) 
  order timepoint           sequence nr.                  node name     dropped samples
latency

Statistics:
  latency:                  41.3845ms [min=9.23311ms, max=55.9885ms, average=25.1024ms, deviation=12.369ms]
----------------------------------------------------------

----------------------------------------------------------
sample path: (IntersectionOutput) 
  order timepoint           sequence nr.                  node name     dropped samples
latency

Statistics:
  latency:                  19.2838ms [min=9.23311ms, max=55.9885ms, average=25.0287ms, deviation=12.3069ms]
----------------------------------------------------------

----------------------------------------------------------
sample path: (IntersectionOutput) 
  order timepoint           sequence nr.                  node name     dropped samples
latency

Statistics:
  latency:                  13.9925ms [min=9.23311ms, max=55.9885ms, average=24.8908ms, deviation=12.2909ms]
----------------------------------------------------------

----------------------------------------------------------
sample path: (IntersectionOutput) 
  order timepoint           sequence nr.                  node name     dropped samples
latency

Statistics:
  latency:                  28.0873ms [min=9.23311ms, max=55.9885ms, average=24.9303ms, deviation=12.219ms]
----------------------------------------------------------

----------------------------------------------------------
sample path: (VehicleDBWSystem) 
  order timepoint           sequence nr.                  node name     dropped samples
bp period
latency

Statistics:
  latency:                  181.209ms [min=156.793ms, max=258.79ms, average=205.296ms, deviation=33.2689ms]
hotpath
  hot path:                 FrontLidarDriver/RearLidarDriver -> ObjectCollisionEstimator
  hot path latency:         61.5386ms [min=48.7596ms, max=90.9106ms, average=64.9989ms, deviation=11.2759ms]
  hot path drops:           0 [min=0, max=0, average=0, deviation=0]
  behavior planner period:  99.9752ms [min=94.3955ms, max=104.05ms, average=99.7418ms, deviation=2.4085ms]
----------------------------------------------------------

----------------------------------------------------------
sample path: (IntersectionOutput) 
  order timepoint           sequence nr.                  node name     dropped samples
latency

Statistics:
  latency:                  31.9916ms [min=9.23311ms, max=55.9885ms, average=25.0164ms, deviation=12.1683ms]
----------------------------------------------------------

----------------------------------------------------------
sample path: (IntersectionOutput) 
  order timepoint           sequence nr.                  node name     dropped samples
latency

Statistics:
  latency:                  11.975ms [min=9.23311ms, max=55.9885ms, average=24.8592ms, deviation=12.1783ms]
----------------------------------------------------------

----------------------------------------------------------
sample path: (IntersectionOutput) 
  order timepoint           sequence nr.                  node name     dropped samples
latency

Statistics:
  latency:                  21.5284ms [min=9.23311ms, max=55.9885ms, average=24.8196ms, deviation=12.1102ms]
----------------------------------------------------------

----------------------------------------------------------
sample path: (IntersectionOutput) 
  order timepoint           sequence nr.                  node name     dropped samples
latency

Statistics:
  latency:                  32.641ms [min=9.23311ms, max=55.9885ms, average=24.9116ms, deviation=12.0678ms]
----------------------------------------------------------

----------------------------------------------------------
sample path: (VehicleDBWSystem) 
  order timepoint           sequence nr.                  node name     dropped samples
bp period
latency

Statistics:
  latency:                  180.454ms [min=156.793ms, max=258.79ms, average=204.261ms, deviation=32.9304ms]
hotpath
  hot path:                 FrontLidarDriver/RearLidarDriver -> ObjectCollisionEstimator
  hot path latency:         48.0914ms [min=48.0914ms, max=90.9106ms, average=64.2944ms, deviation=11.5554ms]
  hot path drops:           0 [min=0, max=0, average=0, deviation=0]
  behavior planner period:  102.903ms [min=94.3955ms, max=104.05ms, average=99.8792ms, deviation=2.4437ms]
----------------------------------------------------------

----------------------------------------------------------
sample path: (IntersectionOutput) 
  order timepoint           sequence nr.                  node name     dropped samples
latency

Statistics:
  latency:                  26.5441ms [min=9.23311ms, max=55.9885ms, average=24.9306ms, deviation=11.9978ms]
----------------------------------------------------------

----------------------------------------------------------
sample path: (IntersectionOutput) 
  order timepoint           sequence nr.                  node name     dropped samples
latency

Statistics:
  latency:                  16.8066ms [min=9.23311ms, max=55.9885ms, average=24.8372ms, deviation=11.9596ms]
----------------------------------------------------------

----------------------------------------------------------
sample path: (IntersectionOutput) 
  order timepoint           sequence nr.                  node name     dropped samples
latency

Statistics:
  latency:                  17.1631ms [min=9.23311ms, max=55.9885ms, average=24.75ms, deviation=11.9188ms]
----------------------------------------------------------

----------------------------------------------------------
sample path: (IntersectionOutput) 
  order timepoint           sequence nr.                  node name     dropped samples
latency

Statistics:
  latency:                  46.1179ms [min=9.23311ms, max=55.9885ms, average=24.9901ms, deviation=12.0654ms]
----------------------------------------------------------

----------------------------------------------------------
sample path: (VehicleDBWSystem) 
  order timepoint           sequence nr.                  node name     dropped samples
bp period
latency

Statistics:
  latency:                  172.529ms [min=156.793ms, max=258.79ms, average=202.992ms, deviation=32.8558ms]
hotpath
  hot path:                 FrontLidarDriver/RearLidarDriver -> ObjectCollisionEstimator
  hot path latency:         54.9983ms [min=48.0914ms, max=90.9106ms, average=63.9226ms, deviation=11.4639ms]
  hot path drops:           0 [min=0, max=0, average=0, deviation=0]
  behavior planner period:  98.8874ms [min=94.3955ms, max=104.05ms, average=99.8379ms, deviation=2.39854ms]
----------------------------------------------------------

----------------------------------------------------------
sample path: (IntersectionOutput) 
  order timepoint           sequence nr.                  node name     dropped samples
latency

Statistics:
  latency:                  16.4439ms [min=9.23311ms, max=55.9885ms, average=24.8951ms, deviation=12.0312ms]
----------------------------------------------------------

----------------------------------------------------------
sample path: (IntersectionOutput) 
  order timepoint           sequence nr.                  node name     dropped samples
latency

Statistics:
  latency:                  15.4582ms [min=9.23311ms, max=55.9885ms, average=24.7914ms, deviation=12.005ms]
----------------------------------------------------------

----------------------------------------------------------
sample path: (IntersectionOutput) 
  order timepoint           sequence nr.                  node name     dropped samples
latency

Statistics:
  latency:                  55.4411ms [min=9.23311ms, max=55.9885ms, average=25.1246ms, deviation=12.3591ms]
----------------------------------------------------------

----------------------------------------------------------
sample path: (VehicleDBWSystem) 
  order timepoint           sequence nr.                  node name     dropped samples
bp period
latency

Statistics:
  latency:                  264.707ms [min=156.793ms, max=264.707ms, average=205.366ms, deviation=34.3921ms]
hotpath
  hot path:                 FrontLidarDriver/RearLidarDriver -> ObjectCollisionEstimator
  hot path latency:         72.0341ms [min=48.0914ms, max=90.9106ms, average=64.2346ms, deviation=11.3444ms]
  hot path drops:           0 [min=0, max=0, average=0, deviation=0]
  behavior planner period:  99.1692ms [min=94.3955ms, max=104.05ms, average=99.8111ms, deviation=2.35185ms]
----------------------------------------------------------

----------------------------------------------------------
sample path: (IntersectionOutput) 
  order timepoint           sequence nr.                  node name     dropped samples
latency

Statistics:
  latency:                  21.8828ms [min=9.23311ms, max=55.9885ms, average=25.0897ms, deviation=12.2964ms]
----------------------------------------------------------

----------------------------------------------------------
sample path: (IntersectionOutput) 
  order timepoint           sequence nr.                  node name     dropped samples
latency

Statistics:
  latency:                  21.2198ms [min=9.23311ms, max=55.9885ms, average=25.0486ms, deviation=12.2366ms]
----------------------------------------------------------

----------------------------------------------------------
sample path: (VehicleDBWSystem) 
  order timepoint           sequence nr.                  node name     dropped samples
bp period
latency

Statistics:
  latency:                  247.523ms [min=156.793ms, max=264.707ms, average=206.927ms, deviation=34.6864ms]
hotpath
  hot path:                 FrontLidarDriver/RearLidarDriver -> ObjectCollisionEstimator
  hot path latency:         82.2288ms [min=48.0914ms, max=90.9106ms, average=64.901ms, deviation=11.6506ms]
  hot path drops:           0 [min=0, max=0, average=0, deviation=0]
  behavior planner period:  108.246ms [min=94.3955ms, max=108.246ms, average=100.136ms, deviation=2.83661ms]
----------------------------------------------------------

----------------------------------------------------------
sample path: (IntersectionOutput) 
  order timepoint           sequence nr.                  node name     dropped samples
latency

Statistics:
  latency:                  19.25ms [min=9.23311ms, max=55.9885ms, average=24.9875ms, deviation=12.1858ms]
----------------------------------------------------------

----------------------------------------------------------
sample path: (IntersectionOutput) 
  order timepoint           sequence nr.                  node name     dropped samples
latency

Statistics:
  latency:                  26.6643ms [min=9.23311ms, max=55.9885ms, average=25.005ms, deviation=12.1227ms]
----------------------------------------------------------

----------------------------------------------------------
sample path: (IntersectionOutput) 
  order timepoint           sequence nr.                  node name     dropped samples
latency

Statistics:
  latency:                  52.0288ms [min=9.23311ms, max=55.9885ms, average=25.2836ms, deviation=12.3677ms]
----------------------------------------------------------

----------------------------------------------------------
sample path: (VehicleDBWSystem) 
  order timepoint           sequence nr.                  node name     dropped samples
bp period
latency

Statistics:
  latency:                  256.982ms [min=156.793ms, max=264.707ms, average=208.715ms, deviation=35.328ms]
hotpath
  hot path:                 FrontLidarDriver/RearLidarDriver -> ObjectCollisionEstimator
  hot path latency:         81.144ms [min=48.0914ms, max=90.9106ms, average=65.4811ms, deviation=11.8378ms]
  hot path drops:           0 [min=0, max=0, average=0, deviation=0]
  behavior planner period:  98.6461ms [min=94.3955ms, max=108.246ms, average=100.08ms, deviation=2.79625ms]
----------------------------------------------------------

----------------------------------------------------------
sample path: (IntersectionOutput) 
  order timepoint           sequence nr.                  node name     dropped samples
latency

Statistics:
  latency:                  54.3749ms [min=9.23311ms, max=55.9885ms, average=25.5804ms, deviation=12.6498ms]
----------------------------------------------------------

----------------------------------------------------------
sample path: (VehicleDBWSystem) 
  order timepoint           sequence nr.                  node name     dropped samples
bp period
latency

Statistics:
  latency:                  180.803ms [min=156.793ms, max=264.707ms, average=207.752ms, deviation=35.0765ms]
  behavior planner period:  97.141ms [min=94.3955ms, max=108.246ms, average=99.9754ms, deviation=2.79965ms]
----------------------------------------------------------

----------------------------------------------------------
sample path: (IntersectionOutput) 
  order timepoint           sequence nr.                  node name     dropped samples
latency

Statistics:
  latency:                  20.3984ms [min=9.23311ms, max=55.9885ms, average=25.5281ms, deviation=12.5959ms]
----------------------------------------------------------

----------------------------------------------------------
sample path: (IntersectionOutput) 
  order timepoint           sequence nr.                  node name     dropped samples
latency

Statistics:
  latency:                  19.9461ms [min=9.23311ms, max=55.9885ms, average=25.4723ms, deviation=12.5445ms]
----------------------------------------------------------

----------------------------------------------------------
sample path: (IntersectionOutput) 
  order timepoint           sequence nr.                  node name     dropped samples
latency

Statistics:
  latency:                  51.1454ms [min=9.23311ms, max=55.9885ms, average=25.7265ms, deviation=12.7404ms]
----------------------------------------------------------

----------------------------------------------------------
sample path: (VehicleDBWSystem) 
  order timepoint           sequence nr.                  node name     dropped samples
bp period
latency

Statistics:
  latency:                  263.121ms [min=156.793ms, max=264.707ms, average=209.598ms, deviation=35.9183ms]
hotpath
  hot path:                 FrontLidarDriver/RearLidarDriver -> ObjectCollisionEstimator
  hot path latency:         78.5331ms [min=48.0914ms, max=90.9106ms, average=65.9312ms, deviation=11.8744ms]
  hot path drops:           0 [min=0, max=0, average=0, deviation=0]
  behavior planner period:  95.5196ms [min=94.3955ms, max=108.246ms, average=99.8218ms, deviation=2.87101ms]
----------------------------------------------------------

----------------------------------------------------------
sample path: (IntersectionOutput) 
  order timepoint           sequence nr.                  node name     dropped samples
latency

Statistics:
  latency:                  29.8305ms [min=9.23311ms, max=55.9885ms, average=25.7667ms, deviation=12.6837ms]
----------------------------------------------------------

----------------------------------------------------------
sample path: (IntersectionOutput) 
  order timepoint           sequence nr.                  node name     dropped samples
latency

Statistics:
  latency:                  39.4921ms [min=9.23311ms, max=55.9885ms, average=25.9ms, deviation=12.6936ms]
----------------------------------------------------------

----------------------------------------------------------
sample path: (IntersectionOutput) 
  order timepoint           sequence nr.                  node name     dropped samples
latency

Statistics:
  latency:                  38.4216ms [min=9.23311ms, max=55.9885ms, average=26.0204ms, deviation=12.6914ms]
----------------------------------------------------------

----------------------------------------------------------
sample path: (VehicleDBWSystem) 
  order timepoint           sequence nr.                  node name     dropped samples
bp period
latency

Statistics:
  latency:                  169.53ms [min=156.793ms, max=264.707ms, average=208.305ms, deviation=36.0404ms]
hotpath
  hot path:                 FrontLidarDriver/RearLidarDriver -> ObjectCollisionEstimator
  hot path latency:         71.2847ms [min=48.0914ms, max=90.9106ms, average=66.1096ms, deviation=11.7088ms]
  hot path drops:           0 [min=0, max=0, average=0, deviation=0]
  behavior planner period:  110.412ms [min=94.3955ms, max=110.412ms, average=100.175ms, deviation=3.42011ms]
----------------------------------------------------------

----------------------------------------------------------
sample path: (IntersectionOutput) 
  order timepoint           sequence nr.                  node name     dropped samples
latency

Statistics:
  latency:                  28.1186ms [min=9.23311ms, max=55.9885ms, average=26.0403ms, deviation=12.6319ms]
----------------------------------------------------------

----------------------------------------------------------
sample path: (IntersectionOutput) 
  order timepoint           sequence nr.                  node name     dropped samples
latency

Statistics:
  latency:                  37.8402ms [min=9.23311ms, max=55.9885ms, average=26.1517ms, deviation=12.6237ms]
----------------------------------------------------------

----------------------------------------------------------
sample path: (IntersectionOutput) 
  order timepoint           sequence nr.                  node name     dropped samples
latency

Statistics:
  latency:                  36.9178ms [min=9.23311ms, max=55.9885ms, average=26.2523ms, deviation=12.607ms]
----------------------------------------------------------

----------------------------------------------------------
sample path: (IntersectionOutput) 
  order timepoint           sequence nr.                  node name     dropped samples
latency

Statistics:
  latency:                  50.1847ms [min=9.23311ms, max=55.9885ms, average=26.4739ms, deviation=12.7576ms]
----------------------------------------------------------

----------------------------------------------------------
sample path: (VehicleDBWSystem) 
  order timepoint           sequence nr.                  node name     dropped samples
bp period
latency

Statistics:
  latency:                  256.364ms [min=156.793ms, max=264.707ms, average=209.807ms, deviation=36.458ms]
hotpath
  hot path:                 FrontLidarDriver/RearLidarDriver -> ObjectCollisionEstimator
  hot path latency:         72.6929ms [min=48.0914ms, max=90.9106ms, average=66.322ms, deviation=11.5725ms]
  hot path drops:           0 [min=0, max=0, average=0, deviation=0]
  behavior planner period:  94.4132ms [min=94.3955ms, max=110.412ms, average=99.9889ms, deviation=3.51825ms]
----------------------------------------------------------

----------------------------------------------------------
sample path: (IntersectionOutput) 
  order timepoint           sequence nr.                  node name     dropped samples
latency

Statistics:
  latency:                  21.056ms [min=9.23311ms, max=55.9885ms, average=26.4242ms, deviation=12.709ms]
----------------------------------------------------------

----------------------------------------------------------
sample path: (IntersectionOutput) 
  order timepoint           sequence nr.                  node name     dropped samples
latency

Statistics:
  latency:                  9.96001ms [min=9.23311ms, max=55.9885ms, average=26.2745ms, deviation=12.7476ms]
----------------------------------------------------------

----------------------------------------------------------
sample path: (VehicleDBWSystem) 
  order timepoint           sequence nr.                  node name     dropped samples
bp period
latency

Statistics:
  latency:                  203.029ms [min=156.793ms, max=264.707ms, average=209.602ms, deviation=35.9032ms]
hotpath
  hot path:                 FrontLidarDriver/RearLidarDriver -> ObjectCollisionEstimator
  hot path latency:         79.5216ms [min=48.0914ms, max=90.9106ms, average=66.7345ms, deviation=11.621ms]
  hot path drops:           0 [min=0, max=0, average=0, deviation=0]
  behavior planner period:  100.042ms [min=94.3955ms, max=110.412ms, average=99.9906ms, deviation=3.46105ms]
----------------------------------------------------------

----------------------------------------------------------
sample path: (IntersectionOutput) 
  order timepoint           sequence nr.                  node name     dropped samples
latency

Statistics:
  latency:                  37.6613ms [min=9.23311ms, max=55.9885ms, average=26.3771ms, deviation=12.7354ms]
----------------------------------------------------------

----------------------------------------------------------
sample path: (IntersectionOutput) 
  order timepoint           sequence nr.                  node name     dropped samples
latency

Statistics:
  latency:                  18.0253ms [min=9.23311ms, max=55.9885ms, average=26.3025ms, deviation=12.7025ms]
----------------------------------------------------------

----------------------------------------------------------
sample path: (IntersectionOutput) 
  order timepoint           sequence nr.                  node name     dropped samples
latency

Statistics:
  latency:                  9.1634ms [min=9.1634ms, max=55.9885ms, average=26.1508ms, deviation=12.748ms]
----------------------------------------------------------

----------------------------------------------------------
sample path: (IntersectionOutput) 
  order timepoint           sequence nr.                  node name     dropped samples
latency

Statistics:
  latency:                  29.2538ms [min=9.1634ms, max=55.9885ms, average=26.1781ms, deviation=12.6948ms]
----------------------------------------------------------

----------------------------------------------------------
sample path: (VehicleDBWSystem) 
  order timepoint           sequence nr.                  node name     dropped samples
bp period
latency

Statistics:
  latency:                  232.702ms [min=156.793ms, max=264.707ms, average=210.281ms, deviation=35.5763ms]
hotpath
  hot path:                 FrontLidarDriver/RearLidarDriver -> ObjectCollisionEstimator
  hot path latency:         67.9473ms [min=48.0914ms, max=90.9106ms, average=66.7713ms, deviation=11.44ms]
  hot path drops:           0 [min=0, max=0, average=0, deviation=0]
  behavior planner period:  94.6192ms [min=94.3955ms, max=110.412ms, average=99.8278ms, deviation=3.53254ms]
----------------------------------------------------------

----------------------------------------------------------
sample path: (IntersectionOutput) 
  order timepoint           sequence nr.                  node name     dropped samples
latency

Statistics:
  latency:                  29.8709ms [min=9.1634ms, max=55.9885ms, average=26.2102ms, deviation=12.6437ms]
----------------------------------------------------------

----------------------------------------------------------
sample path: (IntersectionOutput) 
  order timepoint           sequence nr.                  node name     dropped samples
latency

Statistics:
  latency:                  21.7479ms [min=9.1634ms, max=55.9885ms, average=26.1717ms, deviation=12.5954ms]
----------------------------------------------------------

----------------------------------------------------------
sample path: (IntersectionOutput) 
  order timepoint           sequence nr.                  node name     dropped samples
latency

Statistics:
  latency:                  11.9124ms [min=9.1634ms, max=55.9885ms, average=26.0498ms, deviation=12.6101ms]
----------------------------------------------------------

----------------------------------------------------------
sample path: (IntersectionOutput) 
  order timepoint           sequence nr.                  node name     dropped samples
latency

Statistics:
  latency:                  31.089ms [min=9.1634ms, max=55.9885ms, average=26.0925ms, deviation=12.5647ms]
----------------------------------------------------------

----------------------------------------------------------
sample path: (VehicleDBWSystem) 
  order timepoint           sequence nr.                  node name     dropped samples
bp period
latency

Statistics:
  latency:                  185.778ms [min=156.793ms, max=264.707ms, average=209.581ms, deviation=35.2931ms]
hotpath
  hot path:                 FrontLidarDriver/RearLidarDriver -> ObjectCollisionEstimator
  hot path latency:         56.9281ms [min=48.0914ms, max=90.9106ms, average=66.4818ms, deviation=11.3911ms]
  hot path drops:           0 [min=0, max=0, average=0, deviation=0]
  behavior planner period:  99.9392ms [min=94.3955ms, max=110.412ms, average=99.8311ms, deviation=3.47866ms]
----------------------------------------------------------

----------------------------------------------------------
sample path: (IntersectionOutput) 
  order timepoint           sequence nr.                  node name     dropped samples
latency

Statistics:
  latency:                  33.6779ms [min=9.1634ms, max=55.9885ms, average=26.1563ms, deviation=12.5306ms]
----------------------------------------------------------

----------------------------------------------------------
sample path: (IntersectionOutput) 
  order timepoint           sequence nr.                  node name     dropped samples
latency

Statistics:
  latency:                  12.2378ms [min=9.1634ms, max=55.9885ms, average=26.0403ms, deviation=12.5424ms]
----------------------------------------------------------

----------------------------------------------------------
sample path: (IntersectionOutput) 
  order timepoint           sequence nr.                  node name     dropped samples
latency

Statistics:
  latency:                  32.1095ms [min=9.1634ms, max=55.9885ms, average=26.0904ms, deviation=12.5022ms]
----------------------------------------------------------

----------------------------------------------------------
sample path: (IntersectionOutput) 
  order timepoint           sequence nr.                  node name     dropped samples
latency

Statistics:
  latency:                  31.3415ms [min=9.1634ms, max=55.9885ms, average=26.1335ms, deviation=12.4595ms]
----------------------------------------------------------

----------------------------------------------------------
sample path: (VehicleDBWSystem) 
  order timepoint           sequence nr.                  node name     dropped samples
bp period
latency

Statistics:
  latency:                  183.698ms [min=156.793ms, max=264.707ms, average=208.862ms, deviation=35.0517ms]
hotpath
  hot path:                 FrontLidarDriver/RearLidarDriver -> ObjectCollisionEstimator
  hot path latency:         52.1859ms [min=48.0914ms, max=90.9106ms, average=66.0733ms, deviation=11.4795ms]
  hot path drops:           0 [min=0, max=0, average=0, deviation=0]
  behavior planner period:  108.035ms [min=94.3955ms, max=110.412ms, average=100.065ms, deviation=3.69705ms]
----------------------------------------------------------

----------------------------------------------------------
sample path: (IntersectionOutput) 
  order timepoint           sequence nr.                  node name     dropped samples
latency

Statistics:
  latency:                  14.4718ms [min=9.1634ms, max=55.9885ms, average=26.0387ms, deviation=12.4528ms]
----------------------------------------------------------

----------------------------------------------------------
sample path: (IntersectionOutput) 
  order timepoint           sequence nr.                  node name     dropped samples
latency

Statistics:
  latency:                  14.6471ms [min=9.1634ms, max=55.9885ms, average=25.9468ms, deviation=12.4442ms]
----------------------------------------------------------

----------------------------------------------------------
sample path: (IntersectionOutput) 
  order timepoint           sequence nr.                  node name     dropped samples
latency

Statistics:
  latency:                  37.824ms [min=9.1634ms, max=55.9885ms, average=26.0418ms, deviation=12.4394ms]
----------------------------------------------------------

----------------------------------------------------------
sample path: (VehicleDBWSystem) 
  order timepoint           sequence nr.                  node name     dropped samples
bp period
latency

Statistics:
  latency:                  251.123ms [min=156.793ms, max=264.707ms, average=210.004ms, deviation=35.2529ms]
hotpath
  hot path:                 FrontLidarDriver/RearLidarDriver -> ObjectCollisionEstimator
  hot path latency:         64.6328ms [min=48.0914ms, max=90.9106ms, average=66.0333ms, deviation=11.3169ms]
  hot path drops:           0 [min=0, max=0, average=0, deviation=0]
  behavior planner period:  95.891ms [min=94.3955ms, max=110.412ms, average=99.9495ms, deviation=3.70968ms]
----------------------------------------------------------

----------------------------------------------------------
sample path: (IntersectionOutput) 
  order timepoint           sequence nr.                  node name     dropped samples
latency

Statistics:
  latency:                  11.0779ms [min=9.1634ms, max=55.9885ms, average=25.9231ms, deviation=12.461ms]
----------------------------------------------------------

----------------------------------------------------------
sample path: (IntersectionOutput) 
  order timepoint           sequence nr.                  node name     dropped samples
latency

Statistics:
  latency:                  9.66191ms [min=9.1634ms, max=55.9885ms, average=25.795ms, deviation=12.4951ms]
----------------------------------------------------------

----------------------------------------------------------
sample path: (IntersectionOutput) 
  order timepoint           sequence nr.                  node name     dropped samples
latency

Statistics:
  latency:                  44.4413ms [min=9.1634ms, max=55.9885ms, average=25.9407ms, deviation=12.5544ms]
----------------------------------------------------------

----------------------------------------------------------
sample path: (VehicleDBWSystem) 
  order timepoint           sequence nr.                  node name     dropped samples
bp period
latency

Statistics:
  latency:                  260.46ms [min=156.793ms, max=264.707ms, average=211.332ms, deviation=35.7235ms]
hotpath
  hot path:                 FrontLidarDriver/RearLidarDriver -> ObjectCollisionEstimator
  hot path latency:         67.0032ms [min=48.0914ms, max=90.9106ms, average=66.0595ms, deviation=11.1597ms]
  hot path drops:           0 [min=0, max=0, average=0, deviation=0]
  behavior planner period:  99.5962ms [min=94.3955ms, max=110.412ms, average=99.94ms, deviation=3.65825ms]
----------------------------------------------------------

----------------------------------------------------------
sample path: (IntersectionOutput) 
  order timepoint           sequence nr.                  node name     dropped samples
latency

Statistics:
  latency:                  12.2652ms [min=9.1634ms, max=55.9885ms, average=25.8347ms, deviation=12.5631ms]
----------------------------------------------------------

----------------------------------------------------------
sample path: (IntersectionOutput) 
  order timepoint           sequence nr.                  node name     dropped samples
latency

Statistics:
  latency:                  10.1576ms [min=9.1634ms, max=55.9885ms, average=25.7141ms, deviation=12.5896ms]
----------------------------------------------------------

----------------------------------------------------------
sample path: (VehicleDBWSystem) 
  order timepoint           sequence nr.                  node name     dropped samples
bp period
latency

Statistics:
  latency:                  246.426ms [min=156.793ms, max=264.707ms, average=212.232ms, deviation=35.6954ms]
hotpath
  hot path:                 FrontLidarDriver/RearLidarDriver -> ObjectCollisionEstimator
  hot path latency:         74.4112ms [min=48.0914ms, max=90.9106ms, average=66.2793ms, deviation=11.091ms]
  hot path drops:           0 [min=0, max=0, average=0, deviation=0]
  behavior planner period:  101.928ms [min=94.3955ms, max=110.412ms, average=99.9923ms, deviation=3.62286ms]
----------------------------------------------------------

----------------------------------------------------------
sample path: (IntersectionOutput) 
  order timepoint           sequence nr.                  node name     dropped samples
latency

Statistics:
  latency:                  40.9028ms [min=9.1634ms, max=55.9885ms, average=25.83ms, deviation=12.6111ms]
----------------------------------------------------------

----------------------------------------------------------
sample path: (IntersectionOutput) 
  order timepoint           sequence nr.                  node name     dropped samples
latency

Statistics:
  latency:                  17.2111ms [min=9.1634ms, max=55.9885ms, average=25.7647ms, deviation=12.5853ms]
----------------------------------------------------------

----------------------------------------------------------
sample path: (IntersectionOutput) 
  order timepoint           sequence nr.                  node name     dropped samples
latency

Statistics:
  latency:                  10.9672ms [min=9.1634ms, max=55.9885ms, average=25.6535ms, deviation=12.603ms]
----------------------------------------------------------

----------------------------------------------------------
sample path: (IntersectionOutput) 
  order timepoint           sequence nr.                  node name     dropped samples
latency

Statistics:
  latency:                  38.623ms [min=9.1634ms, max=55.9885ms, average=25.7503ms, deviation=12.6054ms]
----------------------------------------------------------

----------------------------------------------------------
sample path: (VehicleDBWSystem) 
  order timepoint           sequence nr.                  node name     dropped samples
bp period
latency

Statistics:
  latency:                  244.376ms [min=156.793ms, max=264.707ms, average=213.036ms, deviation=35.5995ms]
hotpath
  hot path:                 FrontLidarDriver/RearLidarDriver -> ObjectCollisionEstimator
  hot path latency:         73.421ms [min=48.0914ms, max=90.9106ms, average=66.4624ms, deviation=11.0036ms]
  hot path drops:           0 [min=0, max=0, average=0, deviation=0]
  behavior planner period:  94.5561ms [min=94.3955ms, max=110.412ms, average=99.8529ms, deviation=3.67933ms]
----------------------------------------------------------

----------------------------------------------------------
sample path: (IntersectionOutput) 
  order timepoint           sequence nr.                  node name     dropped samples
latency

Statistics:
  latency:                  17.19ms [min=9.1634ms, max=55.9885ms, average=25.6869ms, deviation=12.5799ms]
----------------------------------------------------------

----------------------------------------------------------
sample path: (IntersectionOutput) 
  order timepoint           sequence nr.                  node name     dropped samples
latency

Statistics:
  latency:                  14.3463ms [min=9.1634ms, max=55.9885ms, average=25.6035ms, deviation=12.5709ms]
----------------------------------------------------------

----------------------------------------------------------
sample path: (IntersectionOutput) 
  order timepoint           sequence nr.                  node name     dropped samples
latency

Statistics:
  latency:                  31.4306ms [min=9.1634ms, max=55.9885ms, average=25.646ms, deviation=12.5345ms]
----------------------------------------------------------

----------------------------------------------------------
sample path: (VehicleDBWSystem) 
  order timepoint           sequence nr.                  node name     dropped samples
bp period
latency

Statistics:
  latency:                  184.542ms [min=156.793ms, max=264.707ms, average=212.341ms, deviation=35.4322ms]
hotpath
  hot path:                 FrontLidarDriver/RearLidarDriver -> ObjectCollisionEstimator
  hot path latency:         64.9239ms [min=48.0914ms, max=90.9106ms, average=66.4239ms, deviation=10.8644ms]
  hot path drops:           0 [min=0, max=0, average=0, deviation=0]
  behavior planner period:  100.09ms [min=94.3955ms, max=110.412ms, average=99.8588ms, deviation=3.63205ms]
----------------------------------------------------------

----------------------------------------------------------
sample path: (IntersectionOutput) 
  order timepoint           sequence nr.                  node name     dropped samples
latency

Statistics:
  latency:                  36.9945ms [min=9.1634ms, max=55.9885ms, average=25.7282ms, deviation=12.526ms]
----------------------------------------------------------

----------------------------------------------------------
sample path: (IntersectionOutput) 
  order timepoint           sequence nr.                  node name     dropped samples
latency

Statistics:
  latency:                  17.0539ms [min=9.1634ms, max=55.9885ms, average=25.6658ms, deviation=12.5022ms]
----------------------------------------------------------

----------------------------------------------------------
sample path: (IntersectionOutput) 
  order timepoint           sequence nr.                  node name     dropped samples
latency

Statistics:
  latency:                  31.5288ms [min=9.1634ms, max=55.9885ms, average=25.7077ms, deviation=12.467ms]
----------------------------------------------------------

----------------------------------------------------------
sample path: (IntersectionOutput) 
  order timepoint           sequence nr.                  node name     dropped samples
latency

Statistics:
  latency:                  40.9572ms [min=9.1634ms, max=55.9885ms, average=25.8159ms, deviation=12.4886ms]
----------------------------------------------------------

----------------------------------------------------------
sample path: (VehicleDBWSystem) 
  order timepoint           sequence nr.                  node name     dropped samples
bp period
latency

Statistics:
  latency:                  161.393ms [min=156.793ms, max=264.707ms, average=211.128ms, deviation=35.8695ms]
hotpath
  hot path:                 FrontLidarDriver/RearLidarDriver -> ObjectCollisionEstimator
  hot path latency:         56.7412ms [min=48.0914ms, max=90.9106ms, average=66.1878ms, deviation=10.8338ms]
  hot path drops:           0 [min=0, max=0, average=0, deviation=0]
  behavior planner period:  100.686ms [min=94.3955ms, max=110.412ms, average=99.879ms, deviation=3.58869ms]
----------------------------------------------------------

----------------------------------------------------------
sample path: (IntersectionOutput) 
  order timepoint           sequence nr.                  node name     dropped samples
latency

Statistics:
  latency:                  22.4348ms [min=9.1634ms, max=55.9885ms, average=25.7921ms, deviation=12.4474ms]
----------------------------------------------------------

----------------------------------------------------------
sample path: (IntersectionOutput) 
  order timepoint           sequence nr.                  node name     dropped samples
latency

Statistics:
  latency:                  25.1227ms [min=9.1634ms, max=55.9885ms, average=25.7874ms, deviation=12.4036ms]
----------------------------------------------------------

----------------------------------------------------------
sample path: (IntersectionOutput) 
  order timepoint           sequence nr.                  node name     dropped samples
latency

Statistics:
  latency:                  20.9661ms [min=9.1634ms, max=55.9885ms, average=25.7539ms, deviation=12.3667ms]
----------------------------------------------------------

----------------------------------------------------------
sample path: (IntersectionOutput) 
  order timepoint           sequence nr.                  node name     dropped samples
latency

Statistics:
  latency:                  37.0919ms [min=9.1634ms, max=55.9885ms, average=25.8321ms, deviation=12.3596ms]
----------------------------------------------------------

----------------------------------------------------------
sample path: (VehicleDBWSystem) 
  order timepoint           sequence nr.                  node name     dropped samples
bp period
latency

Statistics:
  latency:                  177.039ms [min=156.793ms, max=264.707ms, average=210.335ms, deviation=35.8192ms]
hotpath
  hot path:                 FrontLidarDriver/RearLidarDriver -> ObjectCollisionEstimator
  hot path latency:         72.8539ms [min=48.0914ms, max=90.9106ms, average=66.3465ms, deviation=10.7501ms]
  hot path drops:           0 [min=0, max=0, average=0, deviation=0]
  behavior planner period:  109.156ms [min=94.3955ms, max=110.412ms, average=100.1ms, deviation=3.82276ms]
----------------------------------------------------------

----------------------------------------------------------
sample path: (IntersectionOutput) 
  order timepoint           sequence nr.                  node name     dropped samples
latency

Statistics:
  latency:                  12.147ms [min=9.1634ms, max=55.9885ms, average=25.7384ms, deviation=12.3689ms]
----------------------------------------------------------

----------------------------------------------------------
sample path: (IntersectionOutput) 
  order timepoint           sequence nr.                  node name     dropped samples
latency

Statistics:
  latency:                  10.1655ms [min=9.1634ms, max=55.9885ms, average=25.6324ms, deviation=12.3932ms]
----------------------------------------------------------

----------------------------------------------------------
sample path: (IntersectionOutput) 
  order timepoint           sequence nr.                  node name     dropped samples
latency

Statistics:
  latency:                  40.5577ms [min=9.1634ms, max=55.9885ms, average=25.7333ms, deviation=12.4118ms]
----------------------------------------------------------

----------------------------------------------------------
sample path: (VehicleDBWSystem) 
  order timepoint           sequence nr.                  node name     dropped samples
bp period
latency

Statistics:
  latency:                  251.589ms [min=156.793ms, max=264.707ms, average=211.272ms, deviation=35.9424ms]
hotpath
  hot path:                 FrontLidarDriver/RearLidarDriver -> ObjectCollisionEstimator
  hot path latency:         69.1562ms [min=48.0914ms, max=90.9106ms, average=66.4118ms, deviation=10.63ms]
  hot path drops:           0 [min=0, max=0, average=0, deviation=0]
  behavior planner period:  95.0751ms [min=94.3955ms, max=110.412ms, average=99.983ms, deviation=3.85393ms]
----------------------------------------------------------

----------------------------------------------------------
sample path: (IntersectionOutput) 
  order timepoint           sequence nr.                  node name     dropped samples
latency

Statistics:
  latency:                  12.1113ms [min=9.1634ms, max=55.9885ms, average=25.6418ms, deviation=12.42ms]
----------------------------------------------------------

----------------------------------------------------------
sample path: (IntersectionOutput) 
  order timepoint           sequence nr.                  node name     dropped samples
latency

Statistics:
  latency:                  10.0346ms [min=9.1634ms, max=55.9885ms, average=25.5378ms, deviation=12.4437ms]
----------------------------------------------------------

----------------------------------------------------------
sample path: (VehicleDBWSystem) 
  order timepoint           sequence nr.                  node name     dropped samples
bp period
latency

Statistics:
  latency:                  215.634ms [min=156.793ms, max=264.707ms, average=211.369ms, deviation=35.5376ms]
hotpath
  hot path:                 FrontLidarDriver/RearLidarDriver -> ObjectCollisionEstimator
  hot path latency:         69.7176ms [min=48.0914ms, max=90.9106ms, average=66.487ms, deviation=10.5175ms]
  hot path drops:           0 [min=0, max=0, average=0, deviation=0]
  behavior planner period:  100.084ms [min=94.3955ms, max=110.412ms, average=99.9853ms, deviation=3.80888ms]
----------------------------------------------------------

----------------------------------------------------------
sample path: (IntersectionOutput) 
  order timepoint           sequence nr.                  node name     dropped samples
latency

Statistics:
  latency:                  42.4563ms [min=9.1634ms, max=55.9885ms, average=25.6498ms, deviation=12.4783ms]
----------------------------------------------------------

----------------------------------------------------------
sample path: (IntersectionOutput) 
  order timepoint           sequence nr.                  node name     dropped samples
latency

Statistics:
  latency:                  26.9011ms [min=9.1634ms, max=55.9885ms, average=25.6581ms, deviation=12.4373ms]
----------------------------------------------------------

----------------------------------------------------------
sample path: (IntersectionOutput) 
  order timepoint           sequence nr.                  node name     dropped samples
latency

Statistics:
  latency:                  16.0995ms [min=9.1634ms, max=55.9885ms, average=25.5956ms, deviation=12.4204ms]
----------------------------------------------------------

----------------------------------------------------------
sample path: (IntersectionOutput) 
  order timepoint           sequence nr.                  node name     dropped samples
latency

Statistics:
  latency:                  34.01ms [min=9.1634ms, max=55.9885ms, average=25.6502ms, deviation=12.3983ms]
----------------------------------------------------------

