----------------------------------------------------------
sample path: (VehicleDBWSystem) 
  order timepoint           sequence nr.                  node name     dropped samples
latency

Statistics:
  latency:                  516.361ms [min=516.361ms, max=516.361ms, average=516.361ms, deviation=-nanms]
hotpath
  hot path:                 FrontLidarDriver/RearLidarDriver -> ObjectCollisionEstimator
  hot path latency:         146.673ms [min=146.673ms, max=146.673ms, average=146.673ms, deviation=-nanms]
  hot path drops:           0 [min=0, max=0, average=0, deviation=-nan]
  behavior planner period:  0ms [min=1.84467e+13ms, max=0ms, average=0ms, deviation=0ms]
----------------------------------------------------------

----------------------------------------------------------
sample path: (IntersectionOutput) 
  order timepoint           sequence nr.                  node name     dropped samples
latency

Statistics:
  latency:                  155.749ms [min=155.749ms, max=155.749ms, average=155.749ms, deviation=-nanms]
----------------------------------------------------------

----------------------------------------------------------
sample path: (VehicleDBWSystem) 
  order timepoint           sequence nr.                  node name     dropped samples
bp period
latency

Statistics:
  latency:                  652.555ms [min=516.361ms, max=652.555ms, average=584.458ms, deviation=96.3036ms]
  behavior planner period:  106.984ms [min=106.984ms, max=106.984ms, average=106.984ms, deviation=-nanms]
----------------------------------------------------------

----------------------------------------------------------
sample path: (IntersectionOutput) 
  order timepoint           sequence nr.                  node name     dropped samples
latency

Statistics:
  latency:                  175.212ms [min=155.749ms, max=175.212ms, average=165.481ms, deviation=13.7627ms]
----------------------------------------------------------

----------------------------------------------------------
sample path: (VehicleDBWSystem) 
  order timepoint           sequence nr.                  node name     dropped samples
bp period
latency

Statistics:
  latency:                  662.085ms [min=516.361ms, max=662.085ms, average=610.333ms, deviation=81.5222ms]
  behavior planner period:  116.86ms [min=106.984ms, max=116.86ms, average=111.922ms, deviation=6.98304ms]
----------------------------------------------------------

----------------------------------------------------------
sample path: (IntersectionOutput) 
  order timepoint           sequence nr.                  node name     dropped samples
latency

Statistics:
  latency:                  175.095ms [min=155.749ms, max=175.212ms, average=168.686ms, deviation=11.2035ms]
----------------------------------------------------------

----------------------------------------------------------
sample path: (VehicleDBWSystem) 
  order timepoint           sequence nr.                  node name     dropped samples
bp period
latency

Statistics:
  latency:                  710.86ms [min=516.361ms, max=710.86ms, average=635.465ms, deviation=83.4085ms]
  behavior planner period:  87.7235ms [min=87.7235ms, max=116.86ms, average=103.856ms, deviation=14.818ms]
----------------------------------------------------------

----------------------------------------------------------
sample path: (IntersectionOutput) 
  order timepoint           sequence nr.                  node name     dropped samples
latency

Statistics:
  latency:                  165.352ms [min=155.749ms, max=175.212ms, average=167.852ms, deviation=9.29825ms]
----------------------------------------------------------

----------------------------------------------------------
sample path: (VehicleDBWSystem) 
  order timepoint           sequence nr.                  node name     dropped samples
bp period
latency

Statistics:
  latency:                  681.945ms [min=516.361ms, max=710.86ms, average=644.761ms, deviation=75.1652ms]
  behavior planner period:  87.6507ms [min=87.6507ms, max=116.86ms, average=99.8046ms, deviation=14.5614ms]
----------------------------------------------------------

----------------------------------------------------------
sample path: (IntersectionOutput) 
  order timepoint           sequence nr.                  node name     dropped samples
latency

Statistics:
  latency:                  165.632ms [min=155.749ms, max=175.212ms, average=167.408ms, deviation=8.11351ms]
----------------------------------------------------------

----------------------------------------------------------
sample path: (VehicleDBWSystem) 
  order timepoint           sequence nr.                  node name     dropped samples
bp period
latency

Statistics:
  latency:                  847.452ms [min=516.361ms, max=847.452ms, average=678.543ms, deviation=106.617ms]
hotpath
  hot path:                 FrontLidarDriver/RearLidarDriver -> ObjectCollisionEstimator
  hot path latency:         467.538ms [min=146.673ms, max=467.538ms, average=307.105ms, deviation=226.886ms]
  hot path drops:           0 [min=0, max=0, average=0, deviation=0]
  behavior planner period:  116.962ms [min=87.6507ms, max=116.962ms, average=103.236ms, deviation=14.7613ms]
----------------------------------------------------------

----------------------------------------------------------
sample path: (IntersectionOutput) 
  order timepoint           sequence nr.                  node name     dropped samples
latency

Statistics:
  latency:                  223.869ms [min=155.749ms, max=223.869ms, average=176.818ms, deviation=24.1655ms]
----------------------------------------------------------

----------------------------------------------------------
sample path: (VehicleDBWSystem) 
  order timepoint           sequence nr.                  node name     dropped samples
bp period
latency

Statistics:
  latency:                  730.601ms [min=516.361ms, max=847.452ms, average=685.98ms, deviation=99.2962ms]
hotpath
  hot path:                 FrontLidarDriver/RearLidarDriver -> ObjectCollisionEstimator
  hot path latency:         379.883ms [min=146.673ms, max=467.538ms, average=331.364ms, deviation=165.844ms]
  hot path drops:           2 [min=0, max=2, average=0.666667, deviation=1.1547]
  behavior planner period:  82.7956ms [min=82.7956ms, max=116.962ms, average=99.8292ms, deviation=15.619ms]
----------------------------------------------------------

----------------------------------------------------------
sample path: (IntersectionOutput) 
  order timepoint           sequence nr.                  node name     dropped samples
latency

Statistics:
  latency:                  136.468ms [min=136.468ms, max=223.869ms, average=171.054ms, deviation=26.8186ms]
----------------------------------------------------------

----------------------------------------------------------
sample path: (VehicleDBWSystem) 
  order timepoint           sequence nr.                  node name     dropped samples
bp period
latency

Statistics:
  latency:                  603.827ms [min=516.361ms, max=847.452ms, average=675.711ms, deviation=96.4097ms]
  behavior planner period:  117.027ms [min=82.7956ms, max=117.027ms, average=102.286ms, deviation=15.6699ms]
----------------------------------------------------------

----------------------------------------------------------
sample path: (IntersectionOutput) 
  order timepoint           sequence nr.                  node name     dropped samples
latency

Statistics:
  latency:                  204.251ms [min=136.468ms, max=223.869ms, average=175.204ms, deviation=27.4635ms]
----------------------------------------------------------

----------------------------------------------------------
sample path: (IntersectionOutput) 
  order timepoint           sequence nr.                  node name     dropped samples
latency

Statistics:
  latency:                  136.116ms [min=136.116ms, max=223.869ms, average=170.861ms, deviation=28.8049ms]
----------------------------------------------------------

----------------------------------------------------------
sample path: (VehicleDBWSystem) 
  order timepoint           sequence nr.                  node name     dropped samples
bp period
latency

Statistics:
  latency:                  769.234ms [min=516.361ms, max=847.452ms, average=686.102ms, deviation=95.4192ms]
hotpath
  hot path:                 FrontLidarDriver/RearLidarDriver -> ObjectCollisionEstimator
  hot path latency:         350.826ms [min=146.673ms, max=467.538ms, average=336.23ms, deviation=135.76ms]
  hot path drops:           2 [min=0, max=2, average=1, deviation=1.1547]
  behavior planner period:  68.1896ms [min=68.1896ms, max=117.027ms, average=98.024ms, deviation=18.8624ms]
----------------------------------------------------------

----------------------------------------------------------
sample path: (IntersectionOutput) 
  order timepoint           sequence nr.                  node name     dropped samples
latency

Statistics:
  latency:                  136.204ms [min=136.116ms, max=223.869ms, average=167.395ms, deviation=29.2855ms]
----------------------------------------------------------

----------------------------------------------------------
sample path: (VehicleDBWSystem) 
  order timepoint           sequence nr.                  node name     dropped samples
bp period
latency

Statistics:
  latency:                  808.083ms [min=516.361ms, max=847.452ms, average=698.3ms, deviation=97.8832ms]
  behavior planner period:  111.855ms [min=68.1896ms, max=117.027ms, average=99.5608ms, deviation=18.2365ms]
----------------------------------------------------------

----------------------------------------------------------
sample path: (IntersectionOutput) 
  order timepoint           sequence nr.                  node name     dropped samples
latency

Statistics:
  latency:                  126.488ms [min=126.488ms, max=223.869ms, average=163.676ms, deviation=30.3974ms]
----------------------------------------------------------

----------------------------------------------------------
sample path: (VehicleDBWSystem) 
  order timepoint           sequence nr.                  node name     dropped samples
bp period
latency

Statistics:
  latency:                  710.743ms [min=516.361ms, max=847.452ms, average=699.431ms, deviation=92.9359ms]
hotpath
  hot path:                 FrontLidarDriver/RearLidarDriver -> ObjectCollisionEstimator
  hot path latency:         301.674ms [min=146.673ms, max=467.538ms, average=329.319ms, deviation=118.583ms]
  hot path drops:           2 [min=0, max=2, average=1.2, deviation=1.09545]
  behavior planner period:  77.9382ms [min=68.1896ms, max=117.027ms, average=97.3985ms, deviation=18.5033ms]
----------------------------------------------------------

----------------------------------------------------------
sample path: (IntersectionOutput) 
  order timepoint           sequence nr.                  node name     dropped samples
latency

Statistics:
  latency:                  146.097ms [min=126.488ms, max=223.869ms, average=162.211ms, deviation=29.4238ms]
----------------------------------------------------------

----------------------------------------------------------
sample path: (VehicleDBWSystem) 
  order timepoint           sequence nr.                  node name     dropped samples
bp period
latency

Statistics:
  latency:                  876.309ms [min=516.361ms, max=876.309ms, average=714.171ms, deviation=102.269ms]
  behavior planner period:  136.282ms [min=68.1896ms, max=136.282ms, average=100.933ms, deviation=21.1088ms]
----------------------------------------------------------

----------------------------------------------------------
sample path: (IntersectionOutput) 
  order timepoint           sequence nr.                  node name     dropped samples
latency

Statistics:
  latency:                  155.599ms [min=126.488ms, max=223.869ms, average=161.702ms, deviation=28.2307ms]
----------------------------------------------------------

----------------------------------------------------------
sample path: (VehicleDBWSystem) 
  order timepoint           sequence nr.                  node name     dropped samples
bp period
latency

Statistics:
  latency:                  798.521ms [min=516.361ms, max=876.309ms, average=720.66ms, deviation=100.671ms]
  behavior planner period:  97.5434ms [min=68.1896ms, max=136.282ms, average=100.651ms, deviation=20.1503ms]
----------------------------------------------------------

----------------------------------------------------------
sample path: (IntersectionOutput) 
  order timepoint           sequence nr.                  node name     dropped samples
latency

Statistics:
  latency:                  155.638ms [min=126.488ms, max=223.869ms, average=161.269ms, deviation=27.1716ms]
----------------------------------------------------------

----------------------------------------------------------
sample path: (VehicleDBWSystem) 
  order timepoint           sequence nr.                  node name     dropped samples
bp period
latency

Statistics:
  latency:                  740.01ms [min=516.361ms, max=876.309ms, average=722.042ms, deviation=96.8602ms]
  behavior planner period:  97.2334ms [min=68.1896ms, max=136.282ms, average=100.388ms, deviation=19.3157ms]
----------------------------------------------------------

----------------------------------------------------------
sample path: (IntersectionOutput) 
  order timepoint           sequence nr.                  node name     dropped samples
latency

Statistics:
  latency:                  155.477ms [min=126.488ms, max=223.869ms, average=160.883ms, deviation=26.2259ms]
----------------------------------------------------------

----------------------------------------------------------
sample path: (VehicleDBWSystem) 
  order timepoint           sequence nr.                  node name     dropped samples
bp period
latency

Statistics:
  latency:                  759.538ms [min=516.361ms, max=876.309ms, average=724.542ms, deviation=93.8376ms]
hotpath
  hot path:                 FrontLidarDriver/RearLidarDriver -> ObjectCollisionEstimator
  hot path latency:         389.756ms [min=146.673ms, max=467.538ms, average=339.391ms, deviation=108.896ms]
  hot path drops:           0 [min=0, max=2, average=1, deviation=1.09545]
  behavior planner period:  107.202ms [min=68.1896ms, max=136.282ms, average=100.875ms, deviation=18.647ms]
----------------------------------------------------------

----------------------------------------------------------
sample path: (IntersectionOutput) 
  order timepoint           sequence nr.                  node name     dropped samples
latency

Statistics:
  latency:                  155.674ms [min=126.488ms, max=223.869ms, average=160.558ms, deviation=25.3701ms]
----------------------------------------------------------

----------------------------------------------------------
sample path: (VehicleDBWSystem) 
  order timepoint           sequence nr.                  node name     dropped samples
bp period
latency

Statistics:
  latency:                  769.08ms [min=516.361ms, max=876.309ms, average=727.325ms, deviation=91.3369ms]
hotpath
  hot path:                 FrontLidarDriver/RearLidarDriver -> ObjectCollisionEstimator
  hot path latency:         340.796ms [min=146.673ms, max=467.538ms, average=339.592ms, deviation=99.4092ms]
  hot path drops:           2 [min=0, max=2, average=1.14286, deviation=1.06904]
  behavior planner period:  77.811ms [min=68.1896ms, max=136.282ms, average=99.3371ms, deviation=18.9298ms]
----------------------------------------------------------

----------------------------------------------------------
sample path: (IntersectionOutput) 
  order timepoint           sequence nr.                  node name     dropped samples
latency

Statistics:
  latency:                  145.923ms [min=126.488ms, max=223.869ms, average=159.697ms, deviation=24.8196ms]
----------------------------------------------------------

----------------------------------------------------------
sample path: (VehicleDBWSystem) 
  order timepoint           sequence nr.                  node name     dropped samples
bp period
latency

Statistics:
  latency:                  905.476ms [min=516.361ms, max=905.476ms, average=737.805ms, deviation=98.4274ms]
  behavior planner period:  97.3973ms [min=68.1896ms, max=136.282ms, average=99.2159ms, deviation=18.2944ms]
----------------------------------------------------------

----------------------------------------------------------
sample path: (IntersectionOutput) 
  order timepoint           sequence nr.                  node name     dropped samples
latency

Statistics:
  latency:                  126.357ms [min=126.357ms, max=223.869ms, average=157.844ms, deviation=25.3284ms]
----------------------------------------------------------

----------------------------------------------------------
sample path: (VehicleDBWSystem) 
  order timepoint           sequence nr.                  node name     dropped samples
bp period
latency

Statistics:
  latency:                  681.316ms [min=516.361ms, max=905.476ms, average=734.666ms, deviation=96.4124ms]
  behavior planner period:  102.295ms [min=68.1896ms, max=136.282ms, average=99.397ms, deviation=17.7292ms]
----------------------------------------------------------

----------------------------------------------------------
sample path: (IntersectionOutput) 
  order timepoint           sequence nr.                  node name     dropped samples
latency

Statistics:
  latency:                  155.723ms [min=126.357ms, max=223.869ms, average=157.733ms, deviation=24.6196ms]
----------------------------------------------------------

----------------------------------------------------------
sample path: (VehicleDBWSystem) 
  order timepoint           sequence nr.                  node name     dropped samples
bp period
latency

Statistics:
  latency:                  574.267ms [min=516.361ms, max=905.476ms, average=726.224ms, deviation=100.663ms]
  behavior planner period:  111.954ms [min=68.1896ms, max=136.282ms, average=100.095ms, deviation=17.4526ms]
----------------------------------------------------------

----------------------------------------------------------
sample path: (IntersectionOutput) 
  order timepoint           sequence nr.                  node name     dropped samples
latency

Statistics:
  latency:                  252.422ms [min=126.357ms, max=252.422ms, average=162.467ms, deviation=31.9769ms]
----------------------------------------------------------

----------------------------------------------------------
sample path: (IntersectionOutput) 
  order timepoint           sequence nr.                  node name     dropped samples
latency

Statistics:
  latency:                  174.799ms [min=126.357ms, max=252.422ms, average=163.054ms, deviation=31.2832ms]
----------------------------------------------------------

----------------------------------------------------------
sample path: (VehicleDBWSystem) 
  order timepoint           sequence nr.                  node name     dropped samples
bp period
latency

Statistics:
  latency:                  778.183ms [min=516.361ms, max=905.476ms, average=728.822ms, deviation=98.6646ms]
hotpath
  hot path:                 FrontLidarDriver/RearLidarDriver -> ObjectCollisionEstimator
  hot path latency:         389.518ms [min=146.673ms, max=467.538ms, average=345.833ms, deviation=93.7124ms]
  hot path drops:           0 [min=0, max=2, average=1, deviation=1.06904]
  behavior planner period:  102.187ms [min=68.1896ms, max=136.282ms, average=100.205ms, deviation=16.9677ms]
----------------------------------------------------------

----------------------------------------------------------
sample path: (IntersectionOutput) 
  order timepoint           sequence nr.                  node name     dropped samples
latency

Statistics:
  latency:                  174.814ms [min=126.357ms, max=252.422ms, average=163.589ms, deviation=30.6321ms]
----------------------------------------------------------

----------------------------------------------------------
sample path: (VehicleDBWSystem) 
  order timepoint           sequence nr.                  node name     dropped samples
bp period
latency

Statistics:
  latency:                  807.016ms [min=516.361ms, max=905.476ms, average=732.546ms, deviation=97.6685ms]
hotpath
  hot path:                 FrontLidarDriver/RearLidarDriver -> ObjectCollisionEstimator
  hot path latency:         418.249ms [min=146.673ms, max=467.538ms, average=353.879ms, deviation=90.9227ms]
  hot path drops:           0 [min=0, max=2, average=0.888889, deviation=1.05409]
  behavior planner period:  87.4945ms [min=68.1896ms, max=136.282ms, average=99.5692ms, deviation=16.7579ms]
----------------------------------------------------------

----------------------------------------------------------
sample path: (IntersectionOutput) 
  order timepoint           sequence nr.                  node name     dropped samples
latency

Statistics:
  latency:                  165.067ms [min=126.357ms, max=252.422ms, average=163.653ms, deviation=29.9294ms]
----------------------------------------------------------

----------------------------------------------------------
sample path: (VehicleDBWSystem) 
  order timepoint           sequence nr.                  node name     dropped samples
bp period
latency

Statistics:
  latency:                  826.25ms [min=516.361ms, max=905.476ms, average=736.805ms, deviation=97.3858ms]
  behavior planner period:  106.913ms [min=68.1896ms, max=136.282ms, average=99.919ms, deviation=16.412ms]
----------------------------------------------------------

----------------------------------------------------------
sample path: (IntersectionOutput) 
  order timepoint           sequence nr.                  node name     dropped samples
latency

Statistics:
  latency:                  174.735ms [min=126.357ms, max=252.422ms, average=164.115ms, deviation=29.3588ms]
----------------------------------------------------------

----------------------------------------------------------
sample path: (VehicleDBWSystem) 
  order timepoint           sequence nr.                  node name     dropped samples
bp period
latency

Statistics:
  latency:                  855.235ms [min=516.361ms, max=905.476ms, average=741.954ms, deviation=98.2992ms]
hotpath
  hot path:                 FrontLidarDriver/RearLidarDriver -> ObjectCollisionEstimator
  hot path latency:         398.401ms [min=146.673ms, max=467.538ms, average=358.331ms, deviation=86.8712ms]
  hot path drops:           1 [min=0, max=2, average=0.9, deviation=0.994429]
  behavior planner period:  116.693ms [min=68.1896ms, max=136.282ms, average=100.681ms, deviation=16.4109ms]
----------------------------------------------------------

----------------------------------------------------------
sample path: (IntersectionOutput) 
  order timepoint           sequence nr.                  node name     dropped samples
latency

Statistics:
  latency:                  174.896ms [min=126.357ms, max=252.422ms, average=164.546ms, deviation=28.8214ms]
----------------------------------------------------------

----------------------------------------------------------
sample path: (VehicleDBWSystem) 
  order timepoint           sequence nr.                  node name     dropped samples
bp period
latency

Statistics:
  latency:                  855.409ms [min=516.361ms, max=905.476ms, average=746.681ms, deviation=98.8885ms]
hotpath
  hot path:                 FrontLidarDriver/RearLidarDriver -> ObjectCollisionEstimator
  hot path latency:         466.618ms [min=146.673ms, max=467.538ms, average=368.176ms, deviation=88.6451ms]
  hot path drops:           0 [min=0, max=2, average=0.818182, deviation=0.98165]
  behavior planner period:  87.4422ms [min=68.1896ms, max=136.282ms, average=100.106ms, deviation=16.2695ms]
----------------------------------------------------------

----------------------------------------------------------
sample path: (IntersectionOutput) 
  order timepoint           sequence nr.                  node name     dropped samples
latency

Statistics:
  latency:                  165.13ms [min=126.357ms, max=252.422ms, average=164.569ms, deviation=28.2393ms]
----------------------------------------------------------

----------------------------------------------------------
sample path: (VehicleDBWSystem) 
  order timepoint           sequence nr.                  node name     dropped samples
bp period
latency

Statistics:
  latency:                  845.82ms [min=516.361ms, max=905.476ms, average=750.647ms, deviation=98.8161ms]
  behavior planner period:  106.92ms [min=68.1896ms, max=136.282ms, average=100.39ms, deviation=15.9726ms]
----------------------------------------------------------

----------------------------------------------------------
sample path: (IntersectionOutput) 
  order timepoint           sequence nr.                  node name     dropped samples
latency

Statistics:
  latency:                  165.397ms [min=126.357ms, max=252.422ms, average=164.599ms, deviation=27.6914ms]
----------------------------------------------------------

----------------------------------------------------------
sample path: (VehicleDBWSystem) 
  order timepoint           sequence nr.                  node name     dropped samples
bp period
latency

Statistics:
  latency:                  778.092ms [min=516.361ms, max=905.476ms, average=751.703ms, deviation=96.9691ms]
hotpath
  hot path:                 FrontLidarDriver/RearLidarDriver -> ObjectCollisionEstimator
  hot path latency:         398.466ms [min=146.673ms, max=467.538ms, average=370.7ms, deviation=84.9709ms]
  hot path drops:           2 [min=0, max=2, average=0.916667, deviation=0.996205]
  behavior planner period:  116.768ms [min=68.1896ms, max=136.282ms, average=101.045ms, deviation=15.9757ms]
----------------------------------------------------------

----------------------------------------------------------
sample path: (IntersectionOutput) 
  order timepoint           sequence nr.                  node name     dropped samples
latency

Statistics:
  latency:                  165.435ms [min=126.357ms, max=252.422ms, average=164.629ms, deviation=27.1742ms]
----------------------------------------------------------

