----------------------------------------------------------
sample path: (IntersectionOutput) 
  order timepoint           sequence nr.                  node name     dropped samples
latency

Statistics:
  latency:                  143.162ms [min=143.162ms, max=143.162ms, average=143.162ms, deviation=-nanms]
----------------------------------------------------------

----------------------------------------------------------
sample path: (VehicleDBWSystem) 
  order timepoint           sequence nr.                  node name     dropped samples
latency

Statistics:
  latency:                  717.525ms [min=717.525ms, max=717.525ms, average=717.525ms, deviation=-nanms]
hotpath
  hot path:                 FrontLidarDriver/RearLidarDriver -> ObjectCollisionEstimator
  hot path latency:         239.943ms [min=239.943ms, max=239.943ms, average=239.943ms, deviation=-nanms]
  hot path drops:           0 [min=0, max=0, average=0, deviation=-nan]
  behavior planner period:  0ms [min=1.84467e+13ms, max=0ms, average=0ms, deviation=0ms]
----------------------------------------------------------

----------------------------------------------------------
sample path: (IntersectionOutput) 
  order timepoint           sequence nr.                  node name     dropped samples
latency

Statistics:
  latency:                  152.674ms [min=143.162ms, max=152.674ms, average=147.918ms, deviation=6.7261ms]
----------------------------------------------------------

----------------------------------------------------------
sample path: (VehicleDBWSystem) 
  order timepoint           sequence nr.                  node name     dropped samples
bp period
latency

Statistics:
  latency:                  688.028ms [min=688.028ms, max=717.525ms, average=702.776ms, deviation=20.8574ms]
  behavior planner period:  91.0084ms [min=91.0084ms, max=91.0084ms, average=91.0084ms, deviation=-nanms]
----------------------------------------------------------

----------------------------------------------------------
sample path: (IntersectionOutput) 
  order timepoint           sequence nr.                  node name     dropped samples
latency

Statistics:
  latency:                  162.004ms [min=143.162ms, max=162.004ms, average=152.613ms, deviation=9.42089ms]
----------------------------------------------------------

----------------------------------------------------------
sample path: (VehicleDBWSystem) 
  order timepoint           sequence nr.                  node name     dropped samples
bp period
latency

Statistics:
  latency:                  745.287ms [min=688.028ms, max=745.287ms, average=716.947ms, deviation=28.6339ms]
hotpath
  hot path:                 FrontLidarDriver/RearLidarDriver -> ObjectCollisionEstimator
  hot path latency:         468.767ms [min=239.943ms, max=468.767ms, average=354.355ms, deviation=161.803ms]
  hot path drops:           0 [min=0, max=0, average=0, deviation=0]
  behavior planner period:  95.5153ms [min=91.0084ms, max=95.5153ms, average=93.2618ms, deviation=3.18691ms]
----------------------------------------------------------

----------------------------------------------------------
sample path: (IntersectionOutput) 
  order timepoint           sequence nr.                  node name     dropped samples
latency

Statistics:
  latency:                  171.816ms [min=143.162ms, max=171.816ms, average=157.414ms, deviation=12.3026ms]
----------------------------------------------------------

----------------------------------------------------------
sample path: (VehicleDBWSystem) 
  order timepoint           sequence nr.                  node name     dropped samples
bp period
latency

Statistics:
  latency:                  783.714ms [min=688.028ms, max=783.714ms, average=733.639ms, deviation=40.7563ms]
hotpath
  hot path:                 FrontLidarDriver/RearLidarDriver -> ObjectCollisionEstimator
  hot path latency:         335.086ms [min=239.943ms, max=468.767ms, average=347.932ms, deviation=114.951ms]
  hot path drops:           0 [min=0, max=0, average=0, deviation=0]
  behavior planner period:  109.937ms [min=91.0084ms, max=109.937ms, average=98.8201ms, deviation=9.8874ms]
----------------------------------------------------------

----------------------------------------------------------
sample path: (IntersectionOutput) 
  order timepoint           sequence nr.                  node name     dropped samples
latency

Statistics:
  latency:                  171.717ms [min=143.162ms, max=171.816ms, average=160.275ms, deviation=12.427ms]
----------------------------------------------------------

----------------------------------------------------------
sample path: (VehicleDBWSystem) 
  order timepoint           sequence nr.                  node name     dropped samples
bp period
latency

Statistics:
  latency:                  754.728ms [min=688.028ms, max=783.714ms, average=737.856ms, deviation=36.5344ms]
hotpath
  hot path:                 FrontLidarDriver/RearLidarDriver -> ObjectCollisionEstimator
  hot path latency:         325.001ms [min=239.943ms, max=468.767ms, average=342.199ms, deviation=94.555ms]
  hot path drops:           2 [min=0, max=2, average=0.5, deviation=1]
  behavior planner period:  86.1196ms [min=86.1196ms, max=109.937ms, average=95.645ms, deviation=10.2713ms]
----------------------------------------------------------

----------------------------------------------------------
sample path: (IntersectionOutput) 
  order timepoint           sequence nr.                  node name     dropped samples
latency

Statistics:
  latency:                  162.067ms [min=143.162ms, max=171.816ms, average=160.573ms, deviation=11.1391ms]
----------------------------------------------------------

----------------------------------------------------------
sample path: (VehicleDBWSystem) 
  order timepoint           sequence nr.                  node name     dropped samples
bp period
latency

Statistics:
  latency:                  831.111ms [min=688.028ms, max=831.111ms, average=753.399ms, deviation=50.1719ms]
hotpath
  hot path:                 FrontLidarDriver/RearLidarDriver -> ObjectCollisionEstimator
  hot path latency:         564.239ms [min=239.943ms, max=564.239ms, average=386.607ms, deviation=128.708ms]
  hot path drops:           0 [min=0, max=2, average=0.4, deviation=0.894427]
  behavior planner period:  114.516ms [min=86.1196ms, max=114.516ms, average=99.4191ms, deviation=12.2615ms]
----------------------------------------------------------

----------------------------------------------------------
sample path: (IntersectionOutput) 
  order timepoint           sequence nr.                  node name     dropped samples
latency

Statistics:
  latency:                  162.039ms [min=143.162ms, max=171.816ms, average=160.783ms, deviation=10.1836ms]
----------------------------------------------------------

----------------------------------------------------------
sample path: (VehicleDBWSystem) 
  order timepoint           sequence nr.                  node name     dropped samples
bp period
latency

Statistics:
  latency:                  783.146ms [min=688.028ms, max=831.111ms, average=757.649ms, deviation=47.1603ms]
hotpath
  hot path:                 FrontLidarDriver/RearLidarDriver -> ObjectCollisionEstimator
  hot path latency:         344.357ms [min=239.943ms, max=564.239ms, average=379.565ms, deviation=116.405ms]
  hot path drops:           2 [min=0, max=2, average=0.666667, deviation=1.0328]
  behavior planner period:  109.974ms [min=86.1196ms, max=114.516ms, average=101.178ms, deviation=11.7831ms]
----------------------------------------------------------

----------------------------------------------------------
sample path: (IntersectionOutput) 
  order timepoint           sequence nr.                  node name     dropped samples
latency

Statistics:
  latency:                  171.636ms [min=143.162ms, max=171.816ms, average=162.139ms, deviation=10.1792ms]
----------------------------------------------------------

----------------------------------------------------------
sample path: (VehicleDBWSystem) 
  order timepoint           sequence nr.                  node name     dropped samples
bp period
latency

Statistics:
  latency:                  773.42ms [min=688.028ms, max=831.111ms, average=759.62ms, deviation=44.0165ms]
hotpath
  hot path:                 FrontLidarDriver/RearLidarDriver -> ObjectCollisionEstimator
  hot path latency:         344.059ms [min=239.943ms, max=564.239ms, average=374.493ms, deviation=107.107ms]
  hot path drops:           2 [min=0, max=2, average=0.857143, deviation=1.06904]
  behavior planner period:  81.205ms [min=81.205ms, max=114.516ms, average=98.3248ms, deviation=13.1412ms]
----------------------------------------------------------

----------------------------------------------------------
sample path: (IntersectionOutput) 
  order timepoint           sequence nr.                  node name     dropped samples
latency

Statistics:
  latency:                  162.128ms [min=143.162ms, max=171.816ms, average=162.138ms, deviation=9.52173ms]
----------------------------------------------------------

----------------------------------------------------------
sample path: (VehicleDBWSystem) 
  order timepoint           sequence nr.                  node name     dropped samples
bp period
latency

Statistics:
  latency:                  830.826ms [min=688.028ms, max=831.111ms, average=767.532ms, deviation=47.5252ms]
hotpath
  hot path:                 FrontLidarDriver/RearLidarDriver -> ObjectCollisionEstimator
  hot path latency:         554.407ms [min=239.943ms, max=564.239ms, average=396.982ms, deviation=117.81ms]
  hot path drops:           0 [min=0, max=2, average=0.75, deviation=1.0351]
  behavior planner period:  114.451ms [min=81.205ms, max=114.516ms, average=100.341ms, deviation=13.4361ms]
----------------------------------------------------------

----------------------------------------------------------
sample path: (IntersectionOutput) 
  order timepoint           sequence nr.                  node name     dropped samples
latency

Statistics:
  latency:                  171.545ms [min=143.162ms, max=171.816ms, average=163.079ms, deviation=9.45721ms]
----------------------------------------------------------

----------------------------------------------------------
sample path: (VehicleDBWSystem) 
  order timepoint           sequence nr.                  node name     dropped samples
bp period
latency

Statistics:
  latency:                  782.829ms [min=688.028ms, max=831.111ms, average=769.061ms, deviation=45.0676ms]
hotpath
  hot path:                 FrontLidarDriver/RearLidarDriver -> ObjectCollisionEstimator
  hot path latency:         334.458ms [min=239.943ms, max=564.239ms, average=390.035ms, deviation=112.155ms]
  hot path drops:           2 [min=0, max=2, average=0.888889, deviation=1.05409]
  behavior planner period:  109.998ms [min=81.205ms, max=114.516ms, average=101.414ms, deviation=12.974ms]
----------------------------------------------------------

----------------------------------------------------------
sample path: (IntersectionOutput) 
  order timepoint           sequence nr.                  node name     dropped samples
latency

Statistics:
  latency:                  171.626ms [min=143.162ms, max=171.816ms, average=163.856ms, deviation=9.33471ms]
----------------------------------------------------------

----------------------------------------------------------
sample path: (VehicleDBWSystem) 
  order timepoint           sequence nr.                  node name     dropped samples
bp period
latency

Statistics:
  latency:                  782.898ms [min=688.028ms, max=831.111ms, average=770.319ms, deviation=42.9579ms]
hotpath
  hot path:                 FrontLidarDriver/RearLidarDriver -> ObjectCollisionEstimator
  hot path latency:         344.052ms [min=239.943ms, max=564.239ms, average=385.437ms, deviation=106.736ms]
  hot path drops:           2 [min=0, max=2, average=1, deviation=1.05409]
  behavior planner period:  85.9696ms [min=81.205ms, max=114.516ms, average=99.8693ms, deviation=13.171ms]
----------------------------------------------------------

----------------------------------------------------------
sample path: (IntersectionOutput) 
  order timepoint           sequence nr.                  node name     dropped samples
latency

Statistics:
  latency:                  162.168ms [min=143.162ms, max=171.816ms, average=163.715ms, deviation=8.91363ms]
----------------------------------------------------------

----------------------------------------------------------
sample path: (VehicleDBWSystem) 
  order timepoint           sequence nr.                  node name     dropped samples
bp period
latency

Statistics:
  latency:                  840.897ms [min=688.028ms, max=840.897ms, average=776.201ms, deviation=45.7463ms]
hotpath
  hot path:                 FrontLidarDriver/RearLidarDriver -> ObjectCollisionEstimator
  hot path latency:         563.988ms [min=239.943ms, max=564.239ms, average=401.669ms, deviation=114.68ms]
  hot path drops:           0 [min=0, max=2, average=0.909091, deviation=1.04447]
  behavior planner period:  114.457ms [min=81.205ms, max=114.516ms, average=101.195ms, deviation=13.2466ms]
----------------------------------------------------------

----------------------------------------------------------
sample path: (IntersectionOutput) 
  order timepoint           sequence nr.                  node name     dropped samples
latency

Statistics:
  latency:                  171.953ms [min=143.162ms, max=171.953ms, average=164.349ms, deviation=8.83466ms]
----------------------------------------------------------

----------------------------------------------------------
sample path: (VehicleDBWSystem) 
  order timepoint           sequence nr.                  node name     dropped samples
bp period
latency

Statistics:
  latency:                  850.407ms [min=688.028ms, max=850.407ms, average=781.909ms, deviation=48.3933ms]
hotpath
  hot path:                 FrontLidarDriver/RearLidarDriver -> ObjectCollisionEstimator
  hot path latency:         343.988ms [min=239.943ms, max=564.239ms, average=396.862ms, deviation=110.604ms]
  hot path drops:           1 [min=0, max=2, average=0.916667, deviation=0.996205]
  behavior planner period:  110.052ms [min=81.205ms, max=114.516ms, average=101.933ms, deviation=12.8863ms]
----------------------------------------------------------

----------------------------------------------------------
sample path: (IntersectionOutput) 
  order timepoint           sequence nr.                  node name     dropped samples
latency

Statistics:
  latency:                  171.548ms [min=143.162ms, max=171.953ms, average=164.863ms, deviation=8.70342ms]
----------------------------------------------------------

----------------------------------------------------------
sample path: (VehicleDBWSystem) 
  order timepoint           sequence nr.                  node name     dropped samples
bp period
latency

Statistics:
  latency:                  783.276ms [min=688.028ms, max=850.407ms, average=782.007ms, deviation=46.4962ms]
hotpath
  hot path:                 FrontLidarDriver/RearLidarDriver -> ObjectCollisionEstimator
  hot path latency:         344.171ms [min=239.943ms, max=564.239ms, average=392.809ms, deviation=106.898ms]
  hot path drops:           2 [min=0, max=2, average=1, deviation=1]
  behavior planner period:  86.1834ms [min=81.205ms, max=114.516ms, average=100.722ms, deviation=13.0882ms]
----------------------------------------------------------

----------------------------------------------------------
sample path: (IntersectionOutput) 
  order timepoint           sequence nr.                  node name     dropped samples
latency

Statistics:
  latency:                  161.967ms [min=143.162ms, max=171.953ms, average=164.67ms, deviation=8.42009ms]
----------------------------------------------------------

----------------------------------------------------------
sample path: (VehicleDBWSystem) 
  order timepoint           sequence nr.                  node name     dropped samples
bp period
latency

Statistics:
  latency:                  831.308ms [min=688.028ms, max=850.407ms, average=785.293ms, deviation=46.5781ms]
hotpath
  hot path:                 FrontLidarDriver/RearLidarDriver -> ObjectCollisionEstimator
  hot path latency:         506.904ms [min=239.943ms, max=564.239ms, average=400.958ms, deviation=107.136ms]
  hot path drops:           1 [min=0, max=2, average=1, deviation=0.960769]
  behavior planner period:  114.462ms [min=81.205ms, max=114.516ms, average=101.703ms, deviation=13.0999ms]
----------------------------------------------------------

----------------------------------------------------------
sample path: (IntersectionOutput) 
  order timepoint           sequence nr.                  node name     dropped samples
latency

Statistics:
  latency:                  162.171ms [min=143.162ms, max=171.953ms, average=164.514ms, deviation=8.15854ms]
----------------------------------------------------------

----------------------------------------------------------
sample path: (VehicleDBWSystem) 
  order timepoint           sequence nr.                  node name     dropped samples
bp period
latency

Statistics:
  latency:                  831.39ms [min=688.028ms, max=850.407ms, average=788.174ms, deviation=46.4509ms]
hotpath
  hot path:                 FrontLidarDriver/RearLidarDriver -> ObjectCollisionEstimator
  hot path latency:         401.951ms [min=239.943ms, max=564.239ms, average=401.025ms, deviation=103.239ms]
  hot path drops:           0 [min=0, max=2, average=0.933333, deviation=0.96115]
  behavior planner period:  109.889ms [min=81.205ms, max=114.516ms, average=102.249ms, deviation=12.7991ms]
----------------------------------------------------------

----------------------------------------------------------
sample path: (IntersectionOutput) 
  order timepoint           sequence nr.                  node name     dropped samples
latency

Statistics:
  latency:                  152.698ms [min=143.162ms, max=171.953ms, average=163.819ms, deviation=8.40327ms]
----------------------------------------------------------

----------------------------------------------------------
sample path: (VehicleDBWSystem) 
  order timepoint           sequence nr.                  node name     dropped samples
bp period
latency

Statistics:
  latency:                  735.303ms [min=688.028ms, max=850.407ms, average=785.064ms, deviation=46.7682ms]
hotpath
  hot path:                 FrontLidarDriver/RearLidarDriver -> ObjectCollisionEstimator
  hot path latency:         343.844ms [min=239.943ms, max=564.239ms, average=397.451ms, deviation=100.758ms]
  hot path drops:           2 [min=0, max=2, average=1, deviation=0.966092]
  behavior planner period:  81.2666ms [min=81.205ms, max=114.516ms, average=100.938ms, deviation=13.4318ms]
----------------------------------------------------------

----------------------------------------------------------
sample path: (IntersectionOutput) 
  order timepoint           sequence nr.                  node name     dropped samples
latency

Statistics:
  latency:                  152.491ms [min=143.162ms, max=171.953ms, average=163.19ms, deviation=8.57844ms]
----------------------------------------------------------

----------------------------------------------------------
sample path: (VehicleDBWSystem) 
  order timepoint           sequence nr.                  node name     dropped samples
bp period
latency

Statistics:
  latency:                  888.155ms [min=688.028ms, max=888.155ms, average=790.792ms, deviation=51.4688ms]
hotpath
  hot path:                 FrontLidarDriver/RearLidarDriver -> ObjectCollisionEstimator
  hot path latency:         649.842ms [min=239.943ms, max=649.842ms, average=412.297ms, deviation=115.173ms]
  hot path drops:           2 [min=0, max=2, average=1.05882, deviation=0.966345]
  behavior planner period:  105.022ms [min=81.205ms, max=114.516ms, average=101.178ms, deviation=13.043ms]
----------------------------------------------------------

----------------------------------------------------------
sample path: (IntersectionOutput) 
  order timepoint           sequence nr.                  node name     dropped samples
latency

Statistics:
  latency:                  144.012ms [min=143.162ms, max=171.953ms, average=162.18ms, deviation=9.42645ms]
----------------------------------------------------------

----------------------------------------------------------
sample path: (VehicleDBWSystem) 
  order timepoint           sequence nr.                  node name     dropped samples
bp period
latency

Statistics:
  latency:                  766.785ms [min=688.028ms, max=888.155ms, average=789.528ms, deviation=50.3209ms]
hotpath
  hot path:                 FrontLidarDriver/RearLidarDriver -> ObjectCollisionEstimator
  hot path latency:         373.158ms [min=239.943ms, max=649.842ms, average=410.123ms, deviation=112.114ms]
  hot path drops:           0 [min=0, max=2, average=1, deviation=0.970143]
  behavior planner period:  100.409ms [min=81.205ms, max=114.516ms, average=101.135ms, deviation=12.6548ms]
----------------------------------------------------------

----------------------------------------------------------
sample path: (IntersectionOutput) 
  order timepoint           sequence nr.                  node name     dropped samples
latency

Statistics:
  latency:                  153.931ms [min=143.162ms, max=171.953ms, average=161.768ms, deviation=9.35861ms]
----------------------------------------------------------

----------------------------------------------------------
sample path: (VehicleDBWSystem) 
  order timepoint           sequence nr.                  node name     dropped samples
bp period
latency

Statistics:
  latency:                  699.618ms [min=688.028ms, max=888.155ms, average=785.033ms, deviation=52.9445ms]
hotpath
  hot path:                 FrontLidarDriver/RearLidarDriver -> ObjectCollisionEstimator
  hot path latency:         450.366ms [min=239.943ms, max=649.842ms, average=412.241ms, deviation=109.346ms]
  hot path drops:           2 [min=0, max=2, average=1.05263, deviation=0.97032]
  behavior planner period:  85.9094ms [min=81.205ms, max=114.516ms, average=100.334ms, deviation=12.7847ms]
----------------------------------------------------------

----------------------------------------------------------
sample path: (IntersectionOutput) 
  order timepoint           sequence nr.                  node name     dropped samples
latency

Statistics:
  latency:                  161.965ms [min=143.162ms, max=171.953ms, average=161.777ms, deviation=9.12174ms]
----------------------------------------------------------

----------------------------------------------------------
sample path: (VehicleDBWSystem) 
  order timepoint           sequence nr.                  node name     dropped samples
bp period
latency

Statistics:
  latency:                  747.445ms [min=688.028ms, max=888.155ms, average=783.243ms, deviation=52.2517ms]
hotpath
  hot path:                 FrontLidarDriver/RearLidarDriver -> ObjectCollisionEstimator
  hot path latency:         345.354ms [min=239.943ms, max=649.842ms, average=408.897ms, deviation=107.475ms]
  hot path drops:           0 [min=0, max=2, average=1, deviation=0.973329]
  behavior planner period:  106.429ms [min=81.205ms, max=114.516ms, average=100.639ms, deviation=12.5182ms]
----------------------------------------------------------

----------------------------------------------------------
sample path: (IntersectionOutput) 
  order timepoint           sequence nr.                  node name     dropped samples
latency

Statistics:
  latency:                  152.534ms [min=143.162ms, max=171.953ms, average=161.357ms, deviation=9.11745ms]
----------------------------------------------------------

----------------------------------------------------------
sample path: (VehicleDBWSystem) 
  order timepoint           sequence nr.                  node name     dropped samples
bp period
latency

Statistics:
  latency:                  690.085ms [min=688.028ms, max=888.155ms, average=779.008ms, deviation=54.7239ms]
hotpath
  hot path:                 FrontLidarDriver/RearLidarDriver -> ObjectCollisionEstimator
  hot path latency:         461.156ms [min=239.943ms, max=649.842ms, average=411.385ms, deviation=105.373ms]
  hot path drops:           2 [min=0, max=2, average=1.04762, deviation=0.973457]
  behavior planner period:  95.408ms [min=81.205ms, max=114.516ms, average=100.39ms, deviation=12.2545ms]
----------------------------------------------------------

----------------------------------------------------------
sample path: (IntersectionOutput) 
  order timepoint           sequence nr.                  node name     dropped samples
latency

Statistics:
  latency:                  133.551ms [min=133.551ms, max=171.953ms, average=160.148ms, deviation=10.6285ms]
----------------------------------------------------------

----------------------------------------------------------
sample path: (VehicleDBWSystem) 
  order timepoint           sequence nr.                  node name     dropped samples
bp period
latency

Statistics:
  latency:                  738.083ms [min=688.028ms, max=888.155ms, average=777.229ms, deviation=54.1424ms]
hotpath
  hot path:                 FrontLidarDriver/RearLidarDriver -> ObjectCollisionEstimator
  hot path latency:         375.237ms [min=239.943ms, max=649.842ms, average=409.742ms, deviation=103.121ms]
  hot path drops:           0 [min=0, max=2, average=1, deviation=0.9759]
  behavior planner period:  109.917ms [min=81.205ms, max=114.516ms, average=100.823ms, deviation=12.1304ms]
----------------------------------------------------------

----------------------------------------------------------
sample path: (IntersectionOutput) 
  order timepoint           sequence nr.                  node name     dropped samples
latency

Statistics:
  latency:                  124.06ms [min=124.06ms, max=171.953ms, average=158.644ms, deviation=12.7405ms]
----------------------------------------------------------

----------------------------------------------------------
sample path: (VehicleDBWSystem) 
  order timepoint           sequence nr.                  node name     dropped samples
bp period
latency

Statistics:
  latency:                  640.142ms [min=640.142ms, max=888.155ms, average=771.517ms, deviation=59.8914ms]
hotpath
  hot path:                 FrontLidarDriver/RearLidarDriver -> ObjectCollisionEstimator
  hot path latency:         449.196ms [min=239.943ms, max=649.842ms, average=411.457ms, deviation=101.086ms]
  hot path drops:           2 [min=0, max=2, average=1.04348, deviation=0.975997]
  behavior planner period:  76.4816ms [min=76.4816ms, max=114.516ms, average=99.7643ms, deviation=12.8926ms]
----------------------------------------------------------

----------------------------------------------------------
sample path: (IntersectionOutput) 
  order timepoint           sequence nr.                  node name     dropped samples
latency

Statistics:
  latency:                  133.611ms [min=124.06ms, max=171.953ms, average=157.643ms, deviation=13.4396ms]
----------------------------------------------------------

----------------------------------------------------------
sample path: (VehicleDBWSystem) 
  order timepoint           sequence nr.                  node name     dropped samples
bp period
latency

Statistics:
  latency:                  678.572ms [min=640.142ms, max=888.155ms, average=767.799ms, deviation=61.5067ms]
hotpath
  hot path:                 FrontLidarDriver/RearLidarDriver -> ObjectCollisionEstimator
  hot path latency:         286.896ms [min=239.943ms, max=649.842ms, average=406.267ms, deviation=102.081ms]
  hot path drops:           1 [min=0, max=2, average=1.04167, deviation=0.954585]
  behavior planner period:  133.883ms [min=76.4816ms, max=133.883ms, average=101.186ms, deviation=14.4047ms]
----------------------------------------------------------

----------------------------------------------------------
sample path: (IntersectionOutput) 
  order timepoint           sequence nr.                  node name     dropped samples
latency

Statistics:
  latency:                  123.959ms [min=123.959ms, max=171.953ms, average=156.347ms, deviation=14.7322ms]
----------------------------------------------------------

----------------------------------------------------------
sample path: (VehicleDBWSystem) 
  order timepoint           sequence nr.                  node name     dropped samples
bp period
latency

Statistics:
  latency:                  812.323ms [min=640.142ms, max=888.155ms, average=769.512ms, deviation=60.8933ms]
  behavior planner period:  90.8998ms [min=76.4816ms, max=133.883ms, average=100.774ms, deviation=14.2507ms]
----------------------------------------------------------

----------------------------------------------------------
sample path: (IntersectionOutput) 
  order timepoint           sequence nr.                  node name     dropped samples
latency

Statistics:
  latency:                  123.959ms [min=123.959ms, max=171.953ms, average=155.148ms, deviation=15.7335ms]
----------------------------------------------------------

