FrontLidarDriver
RearLidarDriver
PointCloudMap
Visualizer
Lanelet2Map
EuclideanClusterSettings
PointsTransformerFront
PointsTransformerRear
VoxelGridDownsampler
PointCloudMapLoader
RayGroundFilter
ObjectCollisionEstimator
MPCController
ParkingPlanner
LanePlanner
PointCloudFusion
NDTLocalizer
VehicleInterface
Lanelet2GlobalPlanner
Lanelet2MapLoader
BehaviorPlanner
EuclideanClusterDetector
VehicleDBWSystem
IntersectionOutput
EuclideanClusterDetector
ObjectCollisionEstimator
PointCloudFusion
RayGroundFilter
----------------------------------------------------------
sample path: (IntersectionOutput) 
  order timepoint           sequence nr.                  node name     dropped samples
latency

Statistics:
  latency:                  54.6962ms [min=54.6962ms, max=54.6962ms, average=54.6962ms, deviation=-nanms]
----------------------------------------------------------

----------------------------------------------------------
sample path: (IntersectionOutput) 
  order timepoint           sequence nr.                  node name     dropped samples
latency

Statistics:
  latency:                  53.2216ms [min=53.2216ms, max=54.6962ms, average=53.9589ms, deviation=1.04272ms]
----------------------------------------------------------

----------------------------------------------------------
sample path: (IntersectionOutput) 
  order timepoint           sequence nr.                  node name     dropped samples
latency

Statistics:
  latency:                  54.3927ms [min=53.2216ms, max=54.6962ms, average=54.1035ms, deviation=0.77869ms]
----------------------------------------------------------

----------------------------------------------------------
sample path: (IntersectionOutput) 
  order timepoint           sequence nr.                  node name     dropped samples
latency

Statistics:
  latency:                  63.4323ms [min=53.2216ms, max=63.4323ms, average=56.4357ms, deviation=4.7075ms]
----------------------------------------------------------

----------------------------------------------------------
sample path: (IntersectionOutput) 
  order timepoint           sequence nr.                  node name     dropped samples
latency

Statistics:
  latency:                  36.4708ms [min=36.4708ms, max=63.4323ms, average=52.4427ms, deviation=9.81531ms]
----------------------------------------------------------

----------------------------------------------------------
sample path: (VehicleDBWSystem) 
  order timepoint           sequence nr.                  node name     dropped samples
latency

Statistics:
  latency:                  196.985ms [min=196.985ms, max=196.985ms, average=196.985ms, deviation=-nanms]
hotpath
  hot path:                 FrontLidarDriver/RearLidarDriver -> ObjectCollisionEstimator
  hot path latency:         82.8005ms [min=82.8005ms, max=82.8005ms, average=82.8005ms, deviation=-nanms]
  hot path drops:           0 [min=0, max=0, average=0, deviation=-nan]
  behavior planner period:  0ms [min=1.84467e+13ms, max=0ms, average=0ms, deviation=0ms]
----------------------------------------------------------

----------------------------------------------------------
sample path: (IntersectionOutput) 
  order timepoint           sequence nr.                  node name     dropped samples
latency

Statistics:
  latency:                  9.38424ms [min=9.38424ms, max=63.4323ms, average=45.2663ms, deviation=19.6489ms]
----------------------------------------------------------

----------------------------------------------------------
sample path: (IntersectionOutput) 
  order timepoint           sequence nr.                  node name     dropped samples
latency

Statistics:
  latency:                  63.6188ms [min=9.38424ms, max=63.6188ms, average=47.8881ms, deviation=19.2314ms]
----------------------------------------------------------

----------------------------------------------------------
sample path: (IntersectionOutput) 
  order timepoint           sequence nr.                  node name     dropped samples
latency

Statistics:
  latency:                  54.621ms [min=9.38424ms, max=63.6188ms, average=48.7297ms, deviation=17.9633ms]
----------------------------------------------------------

----------------------------------------------------------
sample path: (VehicleDBWSystem) 
  order timepoint           sequence nr.                  node name     dropped samples
bp period
latency

Statistics:
  latency:                  188.421ms [min=188.421ms, max=196.985ms, average=192.703ms, deviation=6.05533ms]
hotpath
  hot path:                 FrontLidarDriver/RearLidarDriver -> ObjectCollisionEstimator
  hot path latency:         63.7537ms [min=63.7537ms, max=82.8005ms, average=73.2771ms, deviation=13.4681ms]
  hot path drops:           0 [min=0, max=0, average=0, deviation=0]
  behavior planner period:  100ms [min=100ms, max=100ms, average=100ms, deviation=-nanms]
----------------------------------------------------------

----------------------------------------------------------
sample path: (IntersectionOutput) 
  order timepoint           sequence nr.                  node name     dropped samples
latency

Statistics:
  latency:                  18.5605ms [min=9.38424ms, max=63.6188ms, average=45.3776ms, deviation=19.5825ms]
----------------------------------------------------------

----------------------------------------------------------
sample path: (IntersectionOutput) 
  order timepoint           sequence nr.                  node name     dropped samples
latency

Statistics:
  latency:                  10.742ms [min=9.38424ms, max=63.6188ms, average=41.914ms, deviation=21.4669ms]
----------------------------------------------------------

----------------------------------------------------------
sample path: (IntersectionOutput) 
  order timepoint           sequence nr.                  node name     dropped samples
latency

Statistics:
  latency:                  45.343ms [min=9.38424ms, max=63.6188ms, average=42.2257ms, deviation=20.3916ms]
----------------------------------------------------------

----------------------------------------------------------
sample path: (IntersectionOutput) 
  order timepoint           sequence nr.                  node name     dropped samples
latency

Statistics:
  latency:                  63.5084ms [min=9.38424ms, max=63.6188ms, average=43.9993ms, deviation=20.3902ms]
----------------------------------------------------------

----------------------------------------------------------
sample path: (IntersectionOutput) 
  order timepoint           sequence nr.                  node name     dropped samples
latency

Statistics:
  latency:                  36.4549ms [min=9.38424ms, max=63.6188ms, average=43.4189ms, deviation=19.6339ms]
----------------------------------------------------------

----------------------------------------------------------
sample path: (VehicleDBWSystem) 
  order timepoint           sequence nr.                  node name     dropped samples
bp period
latency

Statistics:
  latency:                  202.352ms [min=188.421ms, max=202.352ms, average=195.919ms, deviation=7.02593ms]
hotpath
  hot path:                 FrontLidarDriver/RearLidarDriver -> ObjectCollisionEstimator
  hot path latency:         58.8625ms [min=58.8625ms, max=82.8005ms, average=68.4722ms, deviation=12.6473ms]
  hot path drops:           0 [min=0, max=0, average=0, deviation=0]
  behavior planner period:  100.002ms [min=100ms, max=100.002ms, average=100.001ms, deviation=0.00120137ms]
----------------------------------------------------------

----------------------------------------------------------
sample path: (IntersectionOutput) 
  order timepoint           sequence nr.                  node name     dropped samples
latency

Statistics:
  latency:                  9.24774ms [min=9.24774ms, max=63.6188ms, average=40.9781ms, deviation=20.9581ms]
----------------------------------------------------------

----------------------------------------------------------
sample path: (IntersectionOutput) 
  order timepoint           sequence nr.                  node name     dropped samples
latency

Statistics:
  latency:                  27.1228ms [min=9.24774ms, max=63.6188ms, average=40.0545ms, deviation=20.5102ms]
----------------------------------------------------------

----------------------------------------------------------
sample path: (IntersectionOutput) 
  order timepoint           sequence nr.                  node name     dropped samples
latency

Statistics:
  latency:                  42.1677ms [min=9.24774ms, max=63.6188ms, average=40.1865ms, deviation=19.8217ms]
----------------------------------------------------------

----------------------------------------------------------
sample path: (VehicleDBWSystem) 
  order timepoint           sequence nr.                  node name     dropped samples
bp period
latency

Statistics:
  latency:                  251.584ms [min=188.421ms, max=251.584ms, average=209.836ms, deviation=28.4174ms]
hotpath
  hot path:                 FrontLidarDriver/RearLidarDriver -> ObjectCollisionEstimator
  hot path latency:         56.9444ms [min=56.9444ms, max=82.8005ms, average=65.5902ms, deviation=11.8262ms]
  hot path drops:           0 [min=0, max=0, average=0, deviation=0]
  behavior planner period:  100.016ms [min=100ms, max=100.016ms, average=100.006ms, deviation=0.00884577ms]
----------------------------------------------------------

----------------------------------------------------------
sample path: (IntersectionOutput) 
  order timepoint           sequence nr.                  node name     dropped samples
latency

Statistics:
  latency:                  27.758ms [min=9.24774ms, max=63.6188ms, average=39.4554ms, deviation=19.4276ms]
----------------------------------------------------------

----------------------------------------------------------
sample path: (IntersectionOutput) 
  order timepoint           sequence nr.                  node name     dropped samples
latency

Statistics:
  latency:                  18.5283ms [min=9.24774ms, max=63.6188ms, average=38.2928ms, deviation=19.4823ms]
----------------------------------------------------------

----------------------------------------------------------
sample path: (IntersectionOutput) 
  order timepoint           sequence nr.                  node name     dropped samples
latency

Statistics:
  latency:                  25.0554ms [min=9.24774ms, max=63.6188ms, average=37.5961ms, deviation=19.1754ms]
----------------------------------------------------------

----------------------------------------------------------
sample path: (IntersectionOutput) 
  order timepoint           sequence nr.                  node name     dropped samples
latency

Statistics:
  latency:                  31.9956ms [min=9.24774ms, max=63.6188ms, average=37.3161ms, deviation=18.7059ms]
----------------------------------------------------------

----------------------------------------------------------
sample path: (VehicleDBWSystem) 
  order timepoint           sequence nr.                  node name     dropped samples
bp period
latency

Statistics:
  latency:                  173.654ms [min=173.654ms, max=251.584ms, average=202.599ms, deviation=29.453ms]
hotpath
  hot path:                 FrontLidarDriver/RearLidarDriver -> ObjectCollisionEstimator
  hot path latency:         58.2336ms [min=56.9444ms, max=82.8005ms, average=64.1189ms, deviation=10.7573ms]
  hot path drops:           0 [min=0, max=0, average=0, deviation=0]
  behavior planner period:  99.9908ms [min=99.9908ms, max=100.016ms, average=100.002ms, deviation=0.0105696ms]
----------------------------------------------------------

----------------------------------------------------------
sample path: (IntersectionOutput) 
  order timepoint           sequence nr.                  node name     dropped samples
latency

Statistics:
  latency:                  37.1836ms [min=9.24774ms, max=63.6188ms, average=37.3098ms, deviation=18.2323ms]
----------------------------------------------------------

----------------------------------------------------------
sample path: (IntersectionOutput) 
  order timepoint           sequence nr.                  node name     dropped samples
latency

Statistics:
  latency:                  27.4431ms [min=9.24774ms, max=63.6188ms, average=36.8613ms, deviation=17.9168ms]
----------------------------------------------------------

----------------------------------------------------------
sample path: (IntersectionOutput) 
  order timepoint           sequence nr.                  node name     dropped samples
latency

Statistics:
  latency:                  25.7179ms [min=9.24774ms, max=63.6188ms, average=36.3768ms, deviation=17.6584ms]
----------------------------------------------------------

----------------------------------------------------------
sample path: (IntersectionOutput) 
  order timepoint           sequence nr.                  node name     dropped samples
latency

Statistics:
  latency:                  32.0397ms [min=9.24774ms, max=63.6188ms, average=36.1961ms, deviation=17.293ms]
----------------------------------------------------------

----------------------------------------------------------
sample path: (VehicleDBWSystem) 
  order timepoint           sequence nr.                  node name     dropped samples
bp period
latency

Statistics:
  latency:                  164.032ms [min=164.032ms, max=251.584ms, average=196.171ms, deviation=30.6902ms]
hotpath
  hot path:                 FrontLidarDriver/RearLidarDriver -> ObjectCollisionEstimator
  hot path latency:         58.9391ms [min=56.9444ms, max=82.8005ms, average=63.2556ms, deviation=9.85123ms]
  hot path drops:           0 [min=0, max=0, average=0, deviation=0]
  behavior planner period:  99.9987ms [min=99.9908ms, max=100.016ms, average=100.002ms, deviation=0.00929998ms]
----------------------------------------------------------

----------------------------------------------------------
sample path: (IntersectionOutput) 
  order timepoint           sequence nr.                  node name     dropped samples
latency

Statistics:
  latency:                  41.1034ms [min=9.24774ms, max=63.6188ms, average=36.3924ms, deviation=16.9573ms]
----------------------------------------------------------

----------------------------------------------------------
sample path: (IntersectionOutput) 
  order timepoint           sequence nr.                  node name     dropped samples
latency

Statistics:
  latency:                  27.503ms [min=9.24774ms, max=63.6188ms, average=36.0505ms, deviation=16.7059ms]
----------------------------------------------------------

----------------------------------------------------------
sample path: (IntersectionOutput) 
  order timepoint           sequence nr.                  node name     dropped samples
latency

Statistics:
  latency:                  21.6799ms [min=9.24774ms, max=63.6188ms, average=35.5182ms, deviation=16.6133ms]
----------------------------------------------------------

----------------------------------------------------------
sample path: (IntersectionOutput) 
  order timepoint           sequence nr.                  node name     dropped samples
latency

Statistics:
  latency:                  40.675ms [min=9.24774ms, max=63.6188ms, average=35.7024ms, deviation=16.3318ms]
----------------------------------------------------------

----------------------------------------------------------
sample path: (VehicleDBWSystem) 
  order timepoint           sequence nr.                  node name     dropped samples
bp period
latency

Statistics:
  latency:                  164.227ms [min=164.032ms, max=251.584ms, average=191.608ms, deviation=30.5071ms]
hotpath
  hot path:                 FrontLidarDriver/RearLidarDriver -> ObjectCollisionEstimator
  hot path latency:         58.9062ms [min=56.9444ms, max=82.8005ms, average=62.6343ms, deviation=9.14192ms]
  hot path drops:           0 [min=0, max=0, average=0, deviation=0]
  behavior planner period:  99.9975ms [min=99.9908ms, max=100.016ms, average=100.001ms, deviation=0.00848816ms]
----------------------------------------------------------

----------------------------------------------------------
sample path: (IntersectionOutput) 
  order timepoint           sequence nr.                  node name     dropped samples
latency

Statistics:
  latency:                  25.7287ms [min=9.24774ms, max=63.6188ms, average=35.3585ms, deviation=16.1441ms]
----------------------------------------------------------

----------------------------------------------------------
sample path: (IntersectionOutput) 
  order timepoint           sequence nr.                  node name     dropped samples
latency

Statistics:
  latency:                  33.6693ms [min=9.24774ms, max=63.6188ms, average=35.3022ms, deviation=15.8663ms]
----------------------------------------------------------

----------------------------------------------------------
sample path: (IntersectionOutput) 
  order timepoint           sequence nr.                  node name     dropped samples
latency

Statistics:
  latency:                  66.0496ms [min=9.24774ms, max=66.0496ms, average=36.294ms, deviation=16.5483ms]
----------------------------------------------------------

----------------------------------------------------------
sample path: (IntersectionOutput) 
  order timepoint           sequence nr.                  node name     dropped samples
latency

Statistics:
  latency:                  54.467ms [min=9.24774ms, max=66.0496ms, average=36.8619ms, deviation=16.5932ms]
----------------------------------------------------------

----------------------------------------------------------
sample path: (VehicleDBWSystem) 
  order timepoint           sequence nr.                  node name     dropped samples
bp period
latency

Statistics:
  latency:                  182.165ms [min=164.032ms, max=251.584ms, average=190.428ms, deviation=28.4407ms]
hotpath
  hot path:                 FrontLidarDriver/RearLidarDriver -> ObjectCollisionEstimator
  hot path latency:         58.802ms [min=56.9444ms, max=82.8005ms, average=62.1552ms, deviation=8.57154ms]
  hot path drops:           0 [min=0, max=0, average=0, deviation=0]
  behavior planner period:  99.9996ms [min=99.9908ms, max=100.016ms, average=100.001ms, deviation=0.00776536ms]
----------------------------------------------------------

----------------------------------------------------------
sample path: (IntersectionOutput) 
  order timepoint           sequence nr.                  node name     dropped samples
latency

Statistics:
  latency:                  27.6029ms [min=9.24774ms, max=66.0496ms, average=36.5814ms, deviation=16.4112ms]
----------------------------------------------------------

----------------------------------------------------------
sample path: (IntersectionOutput) 
  order timepoint           sequence nr.                  node name     dropped samples
latency

Statistics:
  latency:                  19.8622ms [min=9.24774ms, max=66.0496ms, average=36.0896ms, deviation=16.413ms]
----------------------------------------------------------

----------------------------------------------------------
sample path: (IntersectionOutput) 
  order timepoint           sequence nr.                  node name     dropped samples
latency

Statistics:
  latency:                  47.4225ms [min=9.24774ms, max=66.0496ms, average=36.4134ms, deviation=16.2829ms]
----------------------------------------------------------

----------------------------------------------------------
sample path: (IntersectionOutput) 
  order timepoint           sequence nr.                  node name     dropped samples
latency

Statistics:
  latency:                  72.2747ms [min=9.24774ms, max=72.2747ms, average=37.4096ms, deviation=17.1255ms]
----------------------------------------------------------

----------------------------------------------------------
sample path: (VehicleDBWSystem) 
  order timepoint           sequence nr.                  node name     dropped samples
bp period
latency

Statistics:
  latency:                  276.233ms [min=164.032ms, max=276.233ms, average=199.961ms, deviation=39.0619ms]
hotpath
  hot path:                 FrontLidarDriver/RearLidarDriver -> ObjectCollisionEstimator
  hot path latency:         69.7826ms [min=56.9444ms, max=82.8005ms, average=63.0027ms, deviation=8.41138ms]
  hot path drops:           0 [min=0, max=0, average=0, deviation=0]
  behavior planner period:  99.9934ms [min=99.9908ms, max=100.016ms, average=99.9999ms, deviation=0.00764547ms]
----------------------------------------------------------

----------------------------------------------------------
sample path: (IntersectionOutput) 
  order timepoint           sequence nr.                  node name     dropped samples
latency

Statistics:
  latency:                  27.4543ms [min=9.24774ms, max=72.2747ms, average=37.1405ms, deviation=16.9651ms]
----------------------------------------------------------

----------------------------------------------------------
sample path: (IntersectionOutput) 
  order timepoint           sequence nr.                  node name     dropped samples
latency

Statistics:
  latency:                  27.6115ms [min=9.24774ms, max=72.2747ms, average=36.8897ms, deviation=16.8055ms]
----------------------------------------------------------

----------------------------------------------------------
sample path: (IntersectionOutput) 
  order timepoint           sequence nr.                  node name     dropped samples
latency

Statistics:
  latency:                  51.6117ms [min=9.24774ms, max=72.2747ms, average=37.2672ms, deviation=16.7496ms]
----------------------------------------------------------

----------------------------------------------------------
sample path: (VehicleDBWSystem) 
  order timepoint           sequence nr.                  node name     dropped samples
bp period
latency

Statistics:
  latency:                  247.521ms [min=164.032ms, max=276.233ms, average=204.717ms, deviation=39.7804ms]
hotpath
  hot path:                 FrontLidarDriver/RearLidarDriver -> ObjectCollisionEstimator
  hot path latency:         56.7182ms [min=56.7182ms, max=82.8005ms, average=62.3743ms, deviation=8.17555ms]
  hot path drops:           0 [min=0, max=0, average=0, deviation=0]
  behavior planner period:  100.014ms [min=99.9908ms, max=100.016ms, average=100.001ms, deviation=0.00847855ms]
----------------------------------------------------------

----------------------------------------------------------
sample path: (IntersectionOutput) 
  order timepoint           sequence nr.                  node name     dropped samples
latency

Statistics:
  latency:                  27.762ms [min=9.24774ms, max=72.2747ms, average=37.0296ms, deviation=16.6016ms]
----------------------------------------------------------

----------------------------------------------------------
sample path: (IntersectionOutput) 
  order timepoint           sequence nr.                  node name     dropped samples
latency

Statistics:
  latency:                  33.1161ms [min=9.24774ms, max=72.2747ms, average=36.9341ms, deviation=16.4042ms]
----------------------------------------------------------

----------------------------------------------------------
sample path: (IntersectionOutput) 
  order timepoint           sequence nr.                  node name     dropped samples
latency

Statistics:
  latency:                  32.3695ms [min=9.24774ms, max=72.2747ms, average=36.8255ms, deviation=16.2182ms]
----------------------------------------------------------

----------------------------------------------------------
sample path: (VehicleDBWSystem) 
  order timepoint           sequence nr.                  node name     dropped samples
bp period
latency

Statistics:
  latency:                  173.378ms [min=164.032ms, max=276.233ms, average=201.868ms, deviation=38.904ms]
hotpath
  hot path:                 FrontLidarDriver/RearLidarDriver -> ObjectCollisionEstimator
  hot path latency:         59.2421ms [min=56.7182ms, max=82.8005ms, average=62.0895ms, deviation=7.81329ms]
  hot path drops:           0 [min=0, max=0, average=0, deviation=0]
  behavior planner period:  100ms [min=99.9908ms, max=100.016ms, average=100.001ms, deviation=0.00800513ms]
----------------------------------------------------------

----------------------------------------------------------
sample path: (IntersectionOutput) 
  order timepoint           sequence nr.                  node name     dropped samples
latency

Statistics:
  latency:                  36.9583ms [min=9.24774ms, max=72.2747ms, average=36.8286ms, deviation=16.024ms]
----------------------------------------------------------

----------------------------------------------------------
sample path: (IntersectionOutput) 
  order timepoint           sequence nr.                  node name     dropped samples
latency

Statistics:
  latency:                  27.9413ms [min=9.24774ms, max=72.2747ms, average=36.6266ms, deviation=15.8931ms]
----------------------------------------------------------

----------------------------------------------------------
sample path: (IntersectionOutput) 
  order timepoint           sequence nr.                  node name     dropped samples
latency

Statistics:
  latency:                  25.5194ms [min=9.24774ms, max=72.2747ms, average=36.3797ms, deviation=15.7985ms]
----------------------------------------------------------

----------------------------------------------------------
sample path: (IntersectionOutput) 
  order timepoint           sequence nr.                  node name     dropped samples
latency

Statistics:
  latency:                  32.1896ms [min=9.24774ms, max=72.2747ms, average=36.2887ms, deviation=15.6342ms]
----------------------------------------------------------

----------------------------------------------------------
sample path: (VehicleDBWSystem) 
  order timepoint           sequence nr.                  node name     dropped samples
bp period
latency

Statistics:
  latency:                  164.187ms [min=164.032ms, max=276.233ms, average=198.728ms, deviation=38.6555ms]
hotpath
  hot path:                 FrontLidarDriver/RearLidarDriver -> ObjectCollisionEstimator
  hot path latency:         59.9278ms [min=56.7182ms, max=82.8005ms, average=61.9094ms, deviation=7.47577ms]
  hot path drops:           0 [min=0, max=0, average=0, deviation=0]
  behavior planner period:  99.9971ms [min=99.9908ms, max=100.016ms, average=100.001ms, deviation=0.00769528ms]
----------------------------------------------------------

----------------------------------------------------------
sample path: (IntersectionOutput) 
  order timepoint           sequence nr.                  node name     dropped samples
latency

Statistics:
  latency:                  40.9007ms [min=9.24774ms, max=72.2747ms, average=36.3868ms, deviation=15.4779ms]
----------------------------------------------------------

----------------------------------------------------------
sample path: (IntersectionOutput) 
  order timepoint           sequence nr.                  node name     dropped samples
latency

Statistics:
  latency:                  27.6714ms [min=9.24774ms, max=72.2747ms, average=36.2052ms, deviation=15.364ms]
----------------------------------------------------------

----------------------------------------------------------
sample path: (IntersectionOutput) 
  order timepoint           sequence nr.                  node name     dropped samples
latency

Statistics:
  latency:                  21.8095ms [min=9.24774ms, max=72.2747ms, average=35.9114ms, deviation=15.3416ms]
----------------------------------------------------------

----------------------------------------------------------
sample path: (IntersectionOutput) 
  order timepoint           sequence nr.                  node name     dropped samples
latency

Statistics:
  latency:                  40.7988ms [min=9.24774ms, max=72.2747ms, average=36.0092ms, deviation=15.1999ms]
----------------------------------------------------------

----------------------------------------------------------
sample path: (VehicleDBWSystem) 
  order timepoint           sequence nr.                  node name     dropped samples
bp period
latency

Statistics:
  latency:                  164.268ms [min=164.032ms, max=276.233ms, average=196.078ms, deviation=38.224ms]
hotpath
  hot path:                 FrontLidarDriver/RearLidarDriver -> ObjectCollisionEstimator
  hot path latency:         58.957ms [min=56.7182ms, max=82.8005ms, average=61.6823ms, deviation=7.2042ms]
  hot path drops:           0 [min=0, max=0, average=0, deviation=0]
  behavior planner period:  100ms [min=99.9908ms, max=100.016ms, average=100.001ms, deviation=0.00734122ms]
----------------------------------------------------------

----------------------------------------------------------
sample path: (IntersectionOutput) 
  order timepoint           sequence nr.                  node name     dropped samples
latency

Statistics:
  latency:                  25.6728ms [min=9.24774ms, max=72.2747ms, average=35.8065ms, deviation=15.1166ms]
----------------------------------------------------------

----------------------------------------------------------
sample path: (IntersectionOutput) 
  order timepoint           sequence nr.                  node name     dropped samples
latency

Statistics:
  latency:                  34.7971ms [min=9.24774ms, max=72.2747ms, average=35.7871ms, deviation=14.9683ms]
----------------------------------------------------------

----------------------------------------------------------
sample path: (IntersectionOutput) 
  order timepoint           sequence nr.                  node name     dropped samples
latency

Statistics:
  latency:                  54.2408ms [min=9.24774ms, max=72.2747ms, average=36.1353ms, deviation=15.0389ms]
----------------------------------------------------------

----------------------------------------------------------
sample path: (IntersectionOutput) 
  order timepoint           sequence nr.                  node name     dropped samples
latency

Statistics:
  latency:                  45.0412ms [min=9.24774ms, max=72.2747ms, average=36.3002ms, deviation=14.9455ms]
----------------------------------------------------------

----------------------------------------------------------
sample path: (VehicleDBWSystem) 
  order timepoint           sequence nr.                  node name     dropped samples
bp period
latency

Statistics:
  latency:                  180.079ms [min=164.032ms, max=276.233ms, average=194.935ms, deviation=36.9725ms]
hotpath
  hot path:                 FrontLidarDriver/RearLidarDriver -> ObjectCollisionEstimator
  hot path latency:         58.8872ms [min=56.7182ms, max=82.8005ms, average=61.4826ms, deviation=6.96176ms]
  hot path drops:           0 [min=0, max=0, average=0, deviation=0]
  behavior planner period:  99.9886ms [min=99.9886ms, max=100.016ms, average=99.9999ms, deviation=0.00779778ms]
----------------------------------------------------------

----------------------------------------------------------
sample path: (IntersectionOutput) 
  order timepoint           sequence nr.                  node name     dropped samples
latency

Statistics:
  latency:                  27.2333ms [min=9.24774ms, max=72.2747ms, average=36.1353ms, deviation=14.8569ms]
----------------------------------------------------------

----------------------------------------------------------
sample path: (IntersectionOutput) 
  order timepoint           sequence nr.                  node name     dropped samples
latency

Statistics:
  latency:                  9.15154ms [min=9.15154ms, max=72.2747ms, average=35.6535ms, deviation=15.1564ms]
----------------------------------------------------------

----------------------------------------------------------
sample path: (IntersectionOutput) 
  order timepoint           sequence nr.                  node name     dropped samples
latency

Statistics:
  latency:                  57.1556ms [min=9.15154ms, max=72.2747ms, average=36.0307ms, deviation=15.2881ms]
----------------------------------------------------------

----------------------------------------------------------
sample path: (IntersectionOutput) 
  order timepoint           sequence nr.                  node name     dropped samples
latency

Statistics:
  latency:                  65.0527ms [min=9.15154ms, max=72.2747ms, average=36.5311ms, deviation=15.6252ms]
----------------------------------------------------------

----------------------------------------------------------
sample path: (VehicleDBWSystem) 
  order timepoint           sequence nr.                  node name     dropped samples
bp period
latency

Statistics:
  latency:                  277.381ms [min=164.032ms, max=277.381ms, average=200.431ms, deviation=41.5028ms]
hotpath
  hot path:                 FrontLidarDriver/RearLidarDriver -> ObjectCollisionEstimator
  hot path latency:         57.4484ms [min=56.7182ms, max=82.8005ms, average=61.2137ms, deviation=6.78891ms]
  hot path drops:           0 [min=0, max=0, average=0, deviation=0]
  behavior planner period:  99.9776ms [min=99.9776ms, max=100.016ms, average=99.9983ms, deviation=0.00956316ms]
----------------------------------------------------------

----------------------------------------------------------
sample path: (IntersectionOutput) 
  order timepoint           sequence nr.                  node name     dropped samples
latency

Statistics:
  latency:                  45.7373ms [min=9.15154ms, max=72.2747ms, average=36.6871ms, deviation=15.5362ms]
----------------------------------------------------------

----------------------------------------------------------
sample path: (IntersectionOutput) 
  order timepoint           sequence nr.                  node name     dropped samples
latency

Statistics:
  latency:                  27.6353ms [min=9.15154ms, max=72.2747ms, average=36.5363ms, deviation=15.4483ms]
----------------------------------------------------------

----------------------------------------------------------
sample path: (IntersectionOutput) 
  order timepoint           sequence nr.                  node name     dropped samples
latency

Statistics:
  latency:                  26.5399ms [min=9.15154ms, max=72.2747ms, average=36.3724ms, deviation=15.3724ms]
----------------------------------------------------------

----------------------------------------------------------
sample path: (IntersectionOutput) 
  order timepoint           sequence nr.                  node name     dropped samples
latency

Statistics:
  latency:                  50.5206ms [min=9.15154ms, max=72.2747ms, average=36.6006ms, deviation=15.3513ms]
----------------------------------------------------------

----------------------------------------------------------
sample path: (VehicleDBWSystem) 
  order timepoint           sequence nr.                  node name     dropped samples
bp period
latency

Statistics:
  latency:                  248.064ms [min=164.032ms, max=277.381ms, average=203.408ms, deviation=41.8265ms]
hotpath
  hot path:                 FrontLidarDriver/RearLidarDriver -> ObjectCollisionEstimator
  hot path latency:         56.9795ms [min=56.7182ms, max=82.8005ms, average=60.949ms, deviation=6.64358ms]
  hot path drops:           0 [min=0, max=0, average=0, deviation=0]
  behavior planner period:  100.046ms [min=99.9776ms, max=100.046ms, average=100.001ms, deviation=0.0154339ms]
----------------------------------------------------------

----------------------------------------------------------
sample path: (IntersectionOutput) 
  order timepoint           sequence nr.                  node name     dropped samples
latency

Statistics:
  latency:                  27.7054ms [min=9.15154ms, max=72.2747ms, average=36.4594ms, deviation=15.2682ms]
----------------------------------------------------------

----------------------------------------------------------
sample path: (IntersectionOutput) 
  order timepoint           sequence nr.                  node name     dropped samples
latency

Statistics:
  latency:                  25.7859ms [min=9.15154ms, max=72.2747ms, average=36.2926ms, deviation=15.2052ms]
----------------------------------------------------------

----------------------------------------------------------
sample path: (IntersectionOutput) 
  order timepoint           sequence nr.                  node name     dropped samples
latency

Statistics:
  latency:                  32.0329ms [min=9.15154ms, max=72.2747ms, average=36.2271ms, deviation=15.0952ms]
----------------------------------------------------------

----------------------------------------------------------
sample path: (VehicleDBWSystem) 
  order timepoint           sequence nr.                  node name     dropped samples
bp period
latency

Statistics:
  latency:                  173.001ms [min=164.032ms, max=277.381ms, average=201.62ms, deviation=41.1643ms]
hotpath
  hot path:                 FrontLidarDriver/RearLidarDriver -> ObjectCollisionEstimator
  hot path latency:         59.0246ms [min=56.7182ms, max=82.8005ms, average=60.8358ms, deviation=6.44953ms]
  hot path drops:           0 [min=0, max=0, average=0, deviation=0]
  behavior planner period:  99.986ms [min=99.9776ms, max=100.046ms, average=100.001ms, deviation=0.0154026ms]
----------------------------------------------------------

----------------------------------------------------------
sample path: (IntersectionOutput) 
  order timepoint           sequence nr.                  node name     dropped samples
latency

Statistics:
  latency:                  36.48ms [min=9.15154ms, max=72.2747ms, average=36.2309ms, deviation=14.9787ms]
----------------------------------------------------------

----------------------------------------------------------
sample path: (IntersectionOutput) 
  order timepoint           sequence nr.                  node name     dropped samples
latency

Statistics:
  latency:                  27.4138ms [min=9.15154ms, max=72.2747ms, average=36.0993ms, deviation=14.9037ms]
----------------------------------------------------------

----------------------------------------------------------
sample path: (IntersectionOutput) 
  order timepoint           sequence nr.                  node name     dropped samples
latency

Statistics:
  latency:                  26.6478ms [min=9.15154ms, max=72.2747ms, average=35.9603ms, deviation=14.8364ms]
----------------------------------------------------------

----------------------------------------------------------
sample path: (IntersectionOutput) 
  order timepoint           sequence nr.                  node name     dropped samples
latency

Statistics:
  latency:                  32.0055ms [min=9.15154ms, max=72.2747ms, average=35.903ms, deviation=14.7346ms]
----------------------------------------------------------

----------------------------------------------------------
sample path: (VehicleDBWSystem) 
  order timepoint           sequence nr.                  node name     dropped samples
bp period
latency

Statistics:
  latency:                  164.003ms [min=164.003ms, max=277.381ms, average=199.53ms, deviation=40.9076ms]
hotpath
  hot path:                 FrontLidarDriver/RearLidarDriver -> ObjectCollisionEstimator
  hot path latency:         58.8576ms [min=56.7182ms, max=82.8005ms, average=60.7259ms, deviation=6.27431ms]
  hot path drops:           0 [min=0, max=0, average=0, deviation=0]
  behavior planner period:  99.9995ms [min=99.9776ms, max=100.046ms, average=100ms, deviation=0.0149154ms]
----------------------------------------------------------

----------------------------------------------------------
sample path: (IntersectionOutput) 
  order timepoint           sequence nr.                  node name     dropped samples
latency

Statistics:
  latency:                  40.8842ms [min=9.15154ms, max=72.2747ms, average=35.9742ms, deviation=14.6396ms]
----------------------------------------------------------

----------------------------------------------------------
sample path: (IntersectionOutput) 
  order timepoint           sequence nr.                  node name     dropped samples
latency

Statistics:
  latency:                  27.7217ms [min=9.15154ms, max=72.2747ms, average=35.8579ms, deviation=14.5676ms]
----------------------------------------------------------

----------------------------------------------------------
sample path: (IntersectionOutput) 
  order timepoint           sequence nr.                  node name     dropped samples
latency

Statistics:
  latency:                  21.7232ms [min=9.15154ms, max=72.2747ms, average=35.6616ms, deviation=14.5602ms]
----------------------------------------------------------

----------------------------------------------------------
sample path: (IntersectionOutput) 
  order timepoint           sequence nr.                  node name     dropped samples
latency

Statistics:
  latency:                  40.6395ms [min=9.15154ms, max=72.2747ms, average=35.7298ms, deviation=14.4705ms]
----------------------------------------------------------

----------------------------------------------------------
sample path: (VehicleDBWSystem) 
  order timepoint           sequence nr.                  node name     dropped samples
bp period
latency

Statistics:
  latency:                  164.199ms [min=164.003ms, max=277.381ms, average=197.67ms, deviation=40.5729ms]
hotpath
  hot path:                 FrontLidarDriver/RearLidarDriver -> ObjectCollisionEstimator
  hot path latency:         59.1632ms [min=56.7182ms, max=82.8005ms, average=60.6437ms, deviation=6.10807ms]
  hot path drops:           0 [min=0, max=0, average=0, deviation=0]
  behavior planner period:  99.9995ms [min=99.9776ms, max=100.046ms, average=100ms, deviation=0.0144717ms]
----------------------------------------------------------

----------------------------------------------------------
sample path: (IntersectionOutput) 
  order timepoint           sequence nr.                  node name     dropped samples
latency

Statistics:
  latency:                  25.6859ms [min=9.15154ms, max=72.2747ms, average=35.5941ms, deviation=14.4184ms]
----------------------------------------------------------

----------------------------------------------------------
sample path: (IntersectionOutput) 
  order timepoint           sequence nr.                  node name     dropped samples
latency

Statistics:
  latency:                  35.1824ms [min=9.15154ms, max=72.2747ms, average=35.5886ms, deviation=14.3207ms]
----------------------------------------------------------

----------------------------------------------------------
sample path: (IntersectionOutput) 
  order timepoint           sequence nr.                  node name     dropped samples
latency

Statistics:
  latency:                  54.5113ms [min=9.15154ms, max=72.2747ms, average=35.8376ms, deviation=14.3896ms]
----------------------------------------------------------

----------------------------------------------------------
sample path: (IntersectionOutput) 
  order timepoint           sequence nr.                  node name     dropped samples
latency

Statistics:
  latency:                  45.2768ms [min=9.15154ms, max=72.2747ms, average=35.9602ms, deviation=14.335ms]
----------------------------------------------------------

----------------------------------------------------------
sample path: (VehicleDBWSystem) 
  order timepoint           sequence nr.                  node name     dropped samples
bp period
latency

Statistics:
  latency:                  180.733ms [min=164.003ms, max=277.381ms, average=196.823ms, deviation=39.672ms]
hotpath
  hot path:                 FrontLidarDriver/RearLidarDriver -> ObjectCollisionEstimator
  hot path latency:         58.8425ms [min=56.7182ms, max=82.8005ms, average=60.5536ms, deviation=5.95878ms]
  hot path drops:           0 [min=0, max=0, average=0, deviation=0]
  behavior planner period:  99.9913ms [min=99.9776ms, max=100.046ms, average=99.9999ms, deviation=0.0142171ms]
----------------------------------------------------------

----------------------------------------------------------
sample path: (IntersectionOutput) 
  order timepoint           sequence nr.                  node name     dropped samples
latency

Statistics:
  latency:                  27.2403ms [min=9.15154ms, max=72.2747ms, average=35.8484ms, deviation=14.2758ms]
----------------------------------------------------------

----------------------------------------------------------
sample path: (IntersectionOutput) 
  order timepoint           sequence nr.                  node name     dropped samples
latency

Statistics:
  latency:                  9.11114ms [min=9.11114ms, max=72.2747ms, average=35.5099ms, deviation=14.4995ms]
----------------------------------------------------------

----------------------------------------------------------
sample path: (IntersectionOutput) 
  order timepoint           sequence nr.                  node name     dropped samples
latency

Statistics:
  latency:                  45.3385ms [min=9.11114ms, max=72.2747ms, average=35.6328ms, deviation=14.4493ms]
----------------------------------------------------------

----------------------------------------------------------
sample path: (IntersectionOutput) 
  order timepoint           sequence nr.                  node name     dropped samples
latency

Statistics:
  latency:                  63.1043ms [min=9.11114ms, max=72.2747ms, average=35.9719ms, deviation=14.6796ms]
----------------------------------------------------------

----------------------------------------------------------
sample path: (IntersectionOutput) 
  order timepoint           sequence nr.                  node name     dropped samples
latency

Statistics:
  latency:                  36.28ms [min=9.11114ms, max=72.2747ms, average=35.9757ms, deviation=14.5887ms]
----------------------------------------------------------

----------------------------------------------------------
sample path: (VehicleDBWSystem) 
  order timepoint           sequence nr.                  node name     dropped samples
bp period
latency

Statistics:
  latency:                  275.644ms [min=164.003ms, max=277.381ms, average=200.577ms, deviation=42.3204ms]
hotpath
  hot path:                 FrontLidarDriver/RearLidarDriver -> ObjectCollisionEstimator
  hot path latency:         58.0188ms [min=56.7182ms, max=82.8005ms, average=60.4329ms, deviation=5.83419ms]
  hot path drops:           0 [min=0, max=0, average=0, deviation=0]
  behavior planner period:  100.004ms [min=99.9776ms, max=100.046ms, average=100ms, deviation=0.0138627ms]
----------------------------------------------------------

----------------------------------------------------------
sample path: (IntersectionOutput) 
  order timepoint           sequence nr.                  node name     dropped samples
latency

Statistics:
  latency:                  9.41444ms [min=9.11114ms, max=72.2747ms, average=35.6557ms, deviation=14.7897ms]
----------------------------------------------------------

----------------------------------------------------------
sample path: (IntersectionOutput) 
  order timepoint           sequence nr.                  node name     dropped samples
latency

Statistics:
  latency:                  27.0657ms [min=9.11114ms, max=72.2747ms, average=35.5534ms, deviation=14.7302ms]
----------------------------------------------------------

----------------------------------------------------------
sample path: (IntersectionOutput) 
  order timepoint           sequence nr.                  node name     dropped samples
latency

Statistics:
  latency:                  41.8191ms [min=9.11114ms, max=72.2747ms, average=35.6271ms, deviation=14.658ms]
----------------------------------------------------------

----------------------------------------------------------
sample path: (VehicleDBWSystem) 
  order timepoint           sequence nr.                  node name     dropped samples
bp period
latency

Statistics:
  latency:                  238.362ms [min=164.003ms, max=277.381ms, average=202.294ms, deviation=42.0788ms]
hotpath
  hot path:                 FrontLidarDriver/RearLidarDriver -> ObjectCollisionEstimator
  hot path latency:         56.7716ms [min=56.7182ms, max=82.8005ms, average=60.2665ms, deviation=5.74684ms]
  hot path drops:           0 [min=0, max=0, average=0, deviation=0]
  behavior planner period:  100.014ms [min=99.9776ms, max=100.046ms, average=100.001ms, deviation=0.0138635ms]
----------------------------------------------------------

----------------------------------------------------------
sample path: (IntersectionOutput) 
  order timepoint           sequence nr.                  node name     dropped samples
latency

Statistics:
  latency:                  27.3899ms [min=9.11114ms, max=72.2747ms, average=35.5314ms, deviation=14.5985ms]
----------------------------------------------------------

----------------------------------------------------------
sample path: (IntersectionOutput) 
  order timepoint           sequence nr.                  node name     dropped samples
latency

Statistics:
  latency:                  18.5126ms [min=9.11114ms, max=72.2747ms, average=35.3357ms, deviation=14.6277ms]
----------------------------------------------------------

----------------------------------------------------------
sample path: (IntersectionOutput) 
  order timepoint           sequence nr.                  node name     dropped samples
latency

Statistics:
  latency:                  25.7506ms [min=9.11114ms, max=72.2747ms, average=35.2268ms, deviation=14.5792ms]
----------------------------------------------------------

----------------------------------------------------------
sample path: (IntersectionOutput) 
  order timepoint           sequence nr.                  node name     dropped samples
latency

Statistics:
  latency:                  32.0678ms [min=9.11114ms, max=72.2747ms, average=35.1913ms, deviation=14.5ms]
----------------------------------------------------------

----------------------------------------------------------
sample path: (VehicleDBWSystem) 
  order timepoint           sequence nr.                  node name     dropped samples
bp period
latency

Statistics:
  latency:                  173.133ms [min=164.003ms, max=277.381ms, average=201.026ms, deviation=41.5586ms]
hotpath
  hot path:                 FrontLidarDriver/RearLidarDriver -> ObjectCollisionEstimator
  hot path latency:         57.8548ms [min=56.7182ms, max=82.8005ms, average=60.1616ms, deviation=5.63719ms]
  hot path drops:           0 [min=0, max=0, average=0, deviation=0]
  behavior planner period:  99.9936ms [min=99.9776ms, max=100.046ms, average=100ms, deviation=0.0136151ms]
----------------------------------------------------------

----------------------------------------------------------
sample path: (IntersectionOutput) 
  order timepoint           sequence nr.                  node name     dropped samples
latency

Statistics:
  latency:                  36.5397ms [min=9.11114ms, max=72.2747ms, average=35.2063ms, deviation=14.419ms]
----------------------------------------------------------

----------------------------------------------------------
sample path: (IntersectionOutput) 
  order timepoint           sequence nr.                  node name     dropped samples
latency

Statistics:
  latency:                  27.4381ms [min=9.11114ms, max=72.2747ms, average=35.1209ms, deviation=14.3618ms]
----------------------------------------------------------

----------------------------------------------------------
sample path: (IntersectionOutput) 
  order timepoint           sequence nr.                  node name     dropped samples
latency

Statistics:
  latency:                  26.2711ms [min=9.11114ms, max=72.2747ms, average=35.0247ms, deviation=14.3124ms]
----------------------------------------------------------

----------------------------------------------------------
sample path: (IntersectionOutput) 
  order timepoint           sequence nr.                  node name     dropped samples
latency

Statistics:
  latency:                  32.0675ms [min=9.11114ms, max=72.2747ms, average=34.9929ms, deviation=14.2377ms]
----------------------------------------------------------

----------------------------------------------------------
sample path: (VehicleDBWSystem) 
  order timepoint           sequence nr.                  node name     dropped samples
bp period
latency

Statistics:
  latency:                  164.069ms [min=164.003ms, max=277.381ms, average=199.486ms, deviation=41.3392ms]
hotpath
  hot path:                 FrontLidarDriver/RearLidarDriver -> ObjectCollisionEstimator
  hot path latency:         59.0189ms [min=56.7182ms, max=82.8005ms, average=60.114ms, deviation=5.51821ms]
  hot path drops:           0 [min=0, max=0, average=0, deviation=0]
  behavior planner period:  99.9995ms [min=99.9776ms, max=100.046ms, average=100ms, deviation=0.0133035ms]
----------------------------------------------------------

----------------------------------------------------------
sample path: (IntersectionOutput) 
  order timepoint           sequence nr.                  node name     dropped samples
latency

Statistics:
  latency:                  40.7907ms [min=9.11114ms, max=72.2747ms, average=35.0546ms, deviation=14.1736ms]
----------------------------------------------------------

----------------------------------------------------------
sample path: (IntersectionOutput) 
  order timepoint           sequence nr.                  node name     dropped samples
latency

Statistics:
  latency:                  27.4984ms [min=9.11114ms, max=72.2747ms, average=34.9751ms, deviation=14.1193ms]
----------------------------------------------------------

----------------------------------------------------------
sample path: (IntersectionOutput) 
  order timepoint           sequence nr.                  node name     dropped samples
latency

Statistics:
  latency:                  22.0119ms [min=9.11114ms, max=72.2747ms, average=34.8401ms, deviation=14.107ms]
----------------------------------------------------------

----------------------------------------------------------
sample path: (IntersectionOutput) 
  order timepoint           sequence nr.                  node name     dropped samples
latency

Statistics:
  latency:                  40.7251ms [min=9.11114ms, max=72.2747ms, average=34.9007ms, deviation=14.046ms]
----------------------------------------------------------

----------------------------------------------------------
sample path: (VehicleDBWSystem) 
  order timepoint           sequence nr.                  node name     dropped samples
bp period
latency

Statistics:
  latency:                  164.28ms [min=164.003ms, max=277.381ms, average=198.078ms, deviation=41.0768ms]
hotpath
  hot path:                 FrontLidarDriver/RearLidarDriver -> ObjectCollisionEstimator
  hot path latency:         58.9444ms [min=56.7182ms, max=82.8005ms, average=60.0672ms, deviation=5.40709ms]
  hot path drops:           0 [min=0, max=0, average=0, deviation=0]
  behavior planner period:  99.996ms [min=99.9776ms, max=100.046ms, average=100ms, deviation=0.013042ms]
----------------------------------------------------------

----------------------------------------------------------
sample path: (IntersectionOutput) 
  order timepoint           sequence nr.                  node name     dropped samples
latency

Statistics:
  latency:                  25.6317ms [min=9.11114ms, max=72.2747ms, average=34.8061ms, deviation=14.0048ms]
----------------------------------------------------------

----------------------------------------------------------
sample path: (IntersectionOutput) 
  order timepoint           sequence nr.                  node name     dropped samples
latency

Statistics:
  latency:                  33.7776ms [min=9.11114ms, max=72.2747ms, average=34.7958ms, deviation=13.9335ms]
----------------------------------------------------------

----------------------------------------------------------
sample path: (IntersectionOutput) 
  order timepoint           sequence nr.                  node name     dropped samples
latency

Statistics:
  latency:                  63.163ms [min=9.11114ms, max=72.2747ms, average=35.0794ms, deviation=14.1502ms]
----------------------------------------------------------

----------------------------------------------------------
sample path: (IntersectionOutput) 
  order timepoint           sequence nr.                  node name     dropped samples
latency

Statistics:
  latency:                  54.1283ms [min=9.11114ms, max=72.2747ms, average=35.268ms, deviation=14.2063ms]
----------------------------------------------------------

----------------------------------------------------------
sample path: (VehicleDBWSystem) 
  order timepoint           sequence nr.                  node name     dropped samples
bp period
latency

Statistics:
  latency:                  179.131ms [min=164.003ms, max=277.381ms, average=197.35ms, deviation=40.4181ms]
hotpath
  hot path:                 FrontLidarDriver/RearLidarDriver -> ObjectCollisionEstimator
  hot path latency:         58.904ms [min=56.7182ms, max=82.8005ms, average=60.0225ms, deviation=5.30275ms]
  hot path drops:           0 [min=0, max=0, average=0, deviation=0]
  behavior planner period:  99.9923ms [min=99.9776ms, max=100.046ms, average=99.9999ms, deviation=0.012865ms]
----------------------------------------------------------

----------------------------------------------------------
sample path: (IntersectionOutput) 
  order timepoint           sequence nr.                  node name     dropped samples
latency

Statistics:
  latency:                  27.3197ms [min=9.11114ms, max=72.2747ms, average=35.1901ms, deviation=14.1577ms]
----------------------------------------------------------

----------------------------------------------------------
sample path: (IntersectionOutput) 
  order timepoint           sequence nr.                  node name     dropped samples
latency

Statistics:
  latency:                  10.6866ms [min=9.11114ms, max=72.2747ms, average=34.9522ms, deviation=14.2935ms]
----------------------------------------------------------

----------------------------------------------------------
sample path: (IntersectionOutput) 
  order timepoint           sequence nr.                  node name     dropped samples
latency

Statistics:
  latency:                  47.8466ms [min=9.11114ms, max=72.2747ms, average=35.0762ms, deviation=14.2801ms]
----------------------------------------------------------

----------------------------------------------------------
sample path: (IntersectionOutput) 
  order timepoint           sequence nr.                  node name     dropped samples
latency

Statistics:
  latency:                  72.4648ms [min=9.11114ms, max=72.4648ms, average=35.4323ms, deviation=14.6722ms]
----------------------------------------------------------

----------------------------------------------------------
sample path: (VehicleDBWSystem) 
  order timepoint           sequence nr.                  node name     dropped samples
bp period
latency

Statistics:
  latency:                  276.819ms [min=164.003ms, max=277.381ms, average=200.293ms, deviation=42.4817ms]
hotpath
  hot path:                 FrontLidarDriver/RearLidarDriver -> ObjectCollisionEstimator
  hot path latency:         67.8007ms [min=56.7182ms, max=82.8005ms, average=60.3106ms, deviation=5.41096ms]
  hot path drops:           0 [min=0, max=0, average=0, deviation=0]
  behavior planner period:  100.006ms [min=99.9776ms, max=100.046ms, average=100ms, deviation=0.0126656ms]
----------------------------------------------------------

----------------------------------------------------------
sample path: (IntersectionOutput) 
  order timepoint           sequence nr.                  node name     dropped samples
latency

Statistics:
  latency:                  27.459ms [min=9.11114ms, max=72.4648ms, average=35.3571ms, deviation=14.6227ms]
----------------------------------------------------------

----------------------------------------------------------
sample path: (IntersectionOutput) 
  order timepoint           sequence nr.                  node name     dropped samples
latency

Statistics:
  latency:                  41.0147ms [min=9.11114ms, max=72.4648ms, average=35.4099ms, deviation=14.5638ms]
----------------------------------------------------------

----------------------------------------------------------
sample path: (VehicleDBWSystem) 
  order timepoint           sequence nr.                  node name     dropped samples
bp period
latency

Statistics:
  latency:                  239.451ms [min=164.003ms, max=277.381ms, average=201.691ms, deviation=42.3393ms]
hotpath
  hot path:                 FrontLidarDriver/RearLidarDriver -> ObjectCollisionEstimator
  hot path latency:         56.8467ms [min=56.7182ms, max=82.8005ms, average=60.1869ms, deviation=5.35001ms]
  hot path drops:           0 [min=0, max=0, average=0, deviation=0]
  behavior planner period:  100.01ms [min=99.9776ms, max=100.046ms, average=100.001ms, deviation=0.012561ms]
----------------------------------------------------------

----------------------------------------------------------
sample path: (IntersectionOutput) 
  order timepoint           sequence nr.                  node name     dropped samples
latency

Statistics:
  latency:                  27.7637ms [min=9.11114ms, max=72.4648ms, average=35.3391ms, deviation=14.5142ms]
----------------------------------------------------------

----------------------------------------------------------
sample path: (IntersectionOutput) 
  order timepoint           sequence nr.                  node name     dropped samples
latency

Statistics:
  latency:                  18.5315ms [min=9.11114ms, max=72.4648ms, average=35.1849ms, deviation=14.5363ms]
----------------------------------------------------------

----------------------------------------------------------
sample path: (IntersectionOutput) 
  order timepoint           sequence nr.                  node name     dropped samples
latency

Statistics:
  latency:                  31.1995ms [min=9.11114ms, max=72.4648ms, average=35.1487ms, deviation=14.4745ms]
----------------------------------------------------------

----------------------------------------------------------
sample path: (VehicleDBWSystem) 
  order timepoint           sequence nr.                  node name     dropped samples
bp period
latency

Statistics:
  latency:                  172.291ms [min=164.003ms, max=277.381ms, average=200.678ms, deviation=41.9333ms]
hotpath
  hot path:                 FrontLidarDriver/RearLidarDriver -> ObjectCollisionEstimator
  hot path latency:         51.1668ms [min=51.1668ms, max=82.8005ms, average=59.8758ms, deviation=5.51416ms]
  hot path drops:           0 [min=0, max=0, average=0, deviation=0]
  behavior planner period:  99.9888ms [min=99.9776ms, max=100.046ms, average=100ms, deviation=0.0125229ms]
----------------------------------------------------------

----------------------------------------------------------
sample path: (IntersectionOutput) 
  order timepoint           sequence nr.                  node name     dropped samples
latency

Statistics:
  latency:                  27.3057ms [min=9.11114ms, max=72.4648ms, average=35.078ms, deviation=14.4277ms]
----------------------------------------------------------

----------------------------------------------------------
sample path: (IntersectionOutput) 
  order timepoint           sequence nr.                  node name     dropped samples
latency

Statistics:
  latency:                  18.3169ms [min=9.11114ms, max=72.4648ms, average=34.9284ms, deviation=14.4497ms]
----------------------------------------------------------

----------------------------------------------------------
sample path: (IntersectionOutput) 
  order timepoint           sequence nr.                  node name     dropped samples
latency

Statistics:
  latency:                  27.0553ms [min=9.11114ms, max=72.4648ms, average=34.8587ms, deviation=14.4041ms]
----------------------------------------------------------

----------------------------------------------------------
sample path: (IntersectionOutput) 
  order timepoint           sequence nr.                  node name     dropped samples
latency

Statistics:
  latency:                  32.0091ms [min=9.11114ms, max=72.4648ms, average=34.8337ms, deviation=14.3427ms]
----------------------------------------------------------

----------------------------------------------------------
sample path: (VehicleDBWSystem) 
  order timepoint           sequence nr.                  node name     dropped samples
bp period
latency

Statistics:
  latency:                  163.999ms [min=163.999ms, max=277.381ms, average=199.455ms, deviation=41.7446ms]
hotpath
  hot path:                 FrontLidarDriver/RearLidarDriver -> ObjectCollisionEstimator
  hot path latency:         49.8615ms [min=49.8615ms, max=82.8005ms, average=59.542ms, deviation=5.71843ms]
  hot path drops:           0 [min=0, max=0, average=0, deviation=0]
  behavior planner period:  100.004ms [min=99.9776ms, max=100.046ms, average=100ms, deviation=0.012321ms]
----------------------------------------------------------

----------------------------------------------------------
sample path: (IntersectionOutput) 
  order timepoint           sequence nr.                  node name     dropped samples
latency

Statistics:
  latency:                  40.9374ms [min=9.11114ms, max=72.4648ms, average=34.8868ms, deviation=14.291ms]
----------------------------------------------------------

----------------------------------------------------------
sample path: (IntersectionOutput) 
  order timepoint           sequence nr.                  node name     dropped samples
latency

Statistics:
  latency:                  27.5617ms [min=9.11114ms, max=72.4648ms, average=34.8236ms, deviation=14.2449ms]
----------------------------------------------------------

----------------------------------------------------------
sample path: (IntersectionOutput) 
  order timepoint           sequence nr.                  node name     dropped samples
latency

Statistics:
  latency:                  21.9521ms [min=9.11114ms, max=72.4648ms, average=34.7136ms, deviation=14.2332ms]
----------------------------------------------------------

----------------------------------------------------------
sample path: (IntersectionOutput) 
  order timepoint           sequence nr.                  node name     dropped samples
latency

Statistics:
  latency:                  40.8334ms [min=9.11114ms, max=72.4648ms, average=34.7655ms, deviation=14.1835ms]
----------------------------------------------------------

----------------------------------------------------------
sample path: (VehicleDBWSystem) 
  order timepoint           sequence nr.                  node name     dropped samples
bp period
latency

Statistics:
  latency:                  164.218ms [min=163.999ms, max=277.381ms, average=198.318ms, deviation=41.528ms]
hotpath
  hot path:                 FrontLidarDriver/RearLidarDriver -> ObjectCollisionEstimator
  hot path latency:         59.0727ms [min=49.8615ms, max=82.8005ms, average=59.5269ms, deviation=5.62294ms]
  hot path drops:           0 [min=0, max=0, average=0, deviation=0]
  behavior planner period:  100.005ms [min=99.9776ms, max=100.046ms, average=100ms, deviation=0.0121422ms]
----------------------------------------------------------

----------------------------------------------------------
sample path: (IntersectionOutput) 
  order timepoint           sequence nr.                  node name     dropped samples
latency

Statistics:
  latency:                  25.7394ms [min=9.11114ms, max=72.4648ms, average=34.6896ms, deviation=14.1475ms]
----------------------------------------------------------

----------------------------------------------------------
sample path: (IntersectionOutput) 
  order timepoint           sequence nr.                  node name     dropped samples
latency

Statistics:
  latency:                  34.7778ms [min=9.11114ms, max=72.4648ms, average=34.6904ms, deviation=14.0879ms]
----------------------------------------------------------

----------------------------------------------------------
sample path: (IntersectionOutput) 
  order timepoint           sequence nr.                  node name     dropped samples
latency

Statistics:
  latency:                  54.7837ms [min=9.11114ms, max=72.4648ms, average=34.8564ms, deviation=14.1475ms]
----------------------------------------------------------

----------------------------------------------------------
sample path: (IntersectionOutput) 
  order timepoint           sequence nr.                  node name     dropped samples
latency

Statistics:
  latency:                  45.6451ms [min=9.11114ms, max=72.4648ms, average=34.9449ms, deviation=14.1227ms]
----------------------------------------------------------

----------------------------------------------------------
sample path: (VehicleDBWSystem) 
  order timepoint           sequence nr.                  node name     dropped samples
bp period
latency

Statistics:
  latency:                  180.652ms [min=163.999ms, max=277.381ms, average=197.766ms, deviation=40.9719ms]
hotpath
  hot path:                 FrontLidarDriver/RearLidarDriver -> ObjectCollisionEstimator
  hot path latency:         58.9484ms [min=49.8615ms, max=82.8005ms, average=59.5088ms, deviation=5.53245ms]
  hot path drops:           0 [min=0, max=0, average=0, deviation=0]
  behavior planner period:  99.9862ms [min=99.9776ms, max=100.046ms, average=100ms, deviation=0.0122071ms]
----------------------------------------------------------

----------------------------------------------------------
sample path: (IntersectionOutput) 
  order timepoint           sequence nr.                  node name     dropped samples
latency

Statistics:
  latency:                  27.2994ms [min=9.11114ms, max=72.4648ms, average=34.8827ms, deviation=14.0816ms]
----------------------------------------------------------

----------------------------------------------------------
sample path: (IntersectionOutput) 
  order timepoint           sequence nr.                  node name     dropped samples
latency

Statistics:
  latency:                  9.08784ms [min=9.08784ms, max=72.4648ms, average=34.6747ms, deviation=14.2143ms]
----------------------------------------------------------

----------------------------------------------------------
sample path: (IntersectionOutput) 
  order timepoint           sequence nr.                  node name     dropped samples
latency

Statistics:
  latency:                  48.1711ms [min=9.08784ms, max=72.4648ms, average=34.7827ms, deviation=14.2082ms]
----------------------------------------------------------

----------------------------------------------------------
sample path: (IntersectionOutput) 
  order timepoint           sequence nr.                  node name     dropped samples
latency

Statistics:
  latency:                  72.782ms [min=9.08784ms, max=72.782ms, average=35.0842ms, deviation=14.5505ms]
----------------------------------------------------------

----------------------------------------------------------
sample path: (VehicleDBWSystem) 
  order timepoint           sequence nr.                  node name     dropped samples
bp period
latency

Statistics:
  latency:                  277.387ms [min=163.999ms, max=277.387ms, average=200.179ms, deviation=42.642ms]
hotpath
  hot path:                 FrontLidarDriver/RearLidarDriver -> ObjectCollisionEstimator
  hot path latency:         57.6118ms [min=49.8615ms, max=82.8005ms, average=59.4513ms, deviation=5.45532ms]
  hot path drops:           0 [min=0, max=0, average=0, deviation=0]
  behavior planner period:  100.004ms [min=99.9776ms, max=100.046ms, average=100ms, deviation=0.0120346ms]
----------------------------------------------------------

----------------------------------------------------------
sample path: (IntersectionOutput) 
  order timepoint           sequence nr.                  node name     dropped samples
latency

Statistics:
  latency:                  27.4628ms [min=9.08784ms, max=72.782ms, average=35.0242ms, deviation=14.5085ms]
----------------------------------------------------------

----------------------------------------------------------
sample path: (IntersectionOutput) 
  order timepoint           sequence nr.                  node name     dropped samples
latency

Statistics:
  latency:                  34.929ms [min=9.08784ms, max=72.782ms, average=35.0235ms, deviation=14.4512ms]
----------------------------------------------------------

----------------------------------------------------------
sample path: (IntersectionOutput) 
  order timepoint           sequence nr.                  node name     dropped samples
latency

Statistics:
  latency:                  51.4ms [min=9.08784ms, max=72.782ms, average=35.1504ms, deviation=14.4667ms]
----------------------------------------------------------

----------------------------------------------------------
sample path: (VehicleDBWSystem) 
  order timepoint           sequence nr.                  node name     dropped samples
bp period
latency

Statistics:
  latency:                  248.091ms [min=163.999ms, max=277.387ms, average=201.588ms, deviation=42.7873ms]
hotpath
  hot path:                 FrontLidarDriver/RearLidarDriver -> ObjectCollisionEstimator
  hot path latency:         56.9548ms [min=49.8615ms, max=82.8005ms, average=59.3779ms, deviation=5.38907ms]
  hot path drops:           0 [min=0, max=0, average=0, deviation=0]
  behavior planner period:  100.019ms [min=99.9776ms, max=100.046ms, average=100.001ms, deviation=0.0123042ms]
----------------------------------------------------------

----------------------------------------------------------
sample path: (IntersectionOutput) 
  order timepoint           sequence nr.                  node name     dropped samples
latency

Statistics:
  latency:                  27.4004ms [min=9.08784ms, max=72.782ms, average=35.0908ms, deviation=14.4265ms]
----------------------------------------------------------

----------------------------------------------------------
sample path: (IntersectionOutput) 
  order timepoint           sequence nr.                  node name     dropped samples
latency

Statistics:
  latency:                  25.2151ms [min=9.08784ms, max=72.782ms, average=35.0154ms, deviation=14.3968ms]
----------------------------------------------------------

----------------------------------------------------------
sample path: (IntersectionOutput) 
  order timepoint           sequence nr.                  node name     dropped samples
latency

Statistics:
  latency:                  32.2294ms [min=9.08784ms, max=72.782ms, average=34.9943ms, deviation=14.3438ms]
----------------------------------------------------------

----------------------------------------------------------
sample path: (VehicleDBWSystem) 
  order timepoint           sequence nr.                  node name     dropped samples
bp period
latency

Statistics:
  latency:                  173.218ms [min=163.999ms, max=277.387ms, average=200.777ms, deviation=42.4253ms]
hotpath
  hot path:                 FrontLidarDriver/RearLidarDriver -> ObjectCollisionEstimator
  hot path latency:         60.7326ms [min=49.8615ms, max=82.8005ms, average=59.4166ms, deviation=5.31416ms]
  hot path drops:           0 [min=0, max=0, average=0, deviation=0]
  behavior planner period:  99.9897ms [min=99.9776ms, max=100.046ms, average=100ms, deviation=0.012261ms]
----------------------------------------------------------

----------------------------------------------------------
sample path: (IntersectionOutput) 
  order timepoint           sequence nr.                  node name     dropped samples
latency

Statistics:
  latency:                  36.3474ms [min=9.08784ms, max=72.782ms, average=35.0045ms, deviation=14.2899ms]
----------------------------------------------------------

----------------------------------------------------------
sample path: (IntersectionOutput) 
  order timepoint           sequence nr.                  node name     dropped samples
latency

Statistics:
  latency:                  27.5078ms [min=9.08784ms, max=72.782ms, average=34.9486ms, deviation=14.2508ms]
----------------------------------------------------------

----------------------------------------------------------
sample path: (IntersectionOutput) 
  order timepoint           sequence nr.                  node name     dropped samples
latency

Statistics:
  latency:                  26.2445ms [min=9.08784ms, max=72.782ms, average=34.8841ms, deviation=14.2172ms]
----------------------------------------------------------

----------------------------------------------------------
sample path: (IntersectionOutput) 
  order timepoint           sequence nr.                  node name     dropped samples
latency

Statistics:
  latency:                  32.0113ms [min=9.08784ms, max=72.782ms, average=34.863ms, deviation=14.1666ms]
----------------------------------------------------------

----------------------------------------------------------
sample path: (VehicleDBWSystem) 
  order timepoint           sequence nr.                  node name     dropped samples
bp period
latency

Statistics:
  latency:                  164.005ms [min=163.999ms, max=277.387ms, average=199.756ms, deviation=42.2616ms]
hotpath
  hot path:                 FrontLidarDriver/RearLidarDriver -> ObjectCollisionEstimator
  hot path latency:         58.9421ms [min=49.8615ms, max=82.8005ms, average=59.4034ms, deviation=5.23829ms]
  hot path drops:           0 [min=0, max=0, average=0, deviation=0]
  behavior planner period:  99.9972ms [min=99.9776ms, max=100.046ms, average=100ms, deviation=0.0120911ms]
----------------------------------------------------------

----------------------------------------------------------
sample path: (IntersectionOutput) 
  order timepoint           sequence nr.                  node name     dropped samples
latency

Statistics:
  latency:                  40.9301ms [min=9.08784ms, max=72.782ms, average=34.9072ms, deviation=14.124ms]
----------------------------------------------------------

----------------------------------------------------------
sample path: (IntersectionOutput) 
  order timepoint           sequence nr.                  node name     dropped samples
latency

Statistics:
  latency:                  27.5937ms [min=9.08784ms, max=72.782ms, average=34.8542ms, deviation=14.0861ms]
----------------------------------------------------------

----------------------------------------------------------
sample path: (IntersectionOutput) 
  order timepoint           sequence nr.                  node name     dropped samples
latency

Statistics:
  latency:                  21.9416ms [min=9.08784ms, max=72.782ms, average=34.7614ms, deviation=14.0776ms]
----------------------------------------------------------

----------------------------------------------------------
sample path: (IntersectionOutput) 
  order timepoint           sequence nr.                  node name     dropped samples
latency

Statistics:
  latency:                  41.034ms [min=9.08784ms, max=72.782ms, average=34.8062ms, deviation=14.0369ms]
----------------------------------------------------------

----------------------------------------------------------
sample path: (VehicleDBWSystem) 
  order timepoint           sequence nr.                  node name     dropped samples
bp period
latency

Statistics:
  latency:                  164.484ms [min=163.999ms, max=277.387ms, average=198.803ms, deviation=42.072ms]
hotpath
  hot path:                 FrontLidarDriver/RearLidarDriver -> ObjectCollisionEstimator
  hot path latency:         59.0964ms [min=49.8615ms, max=82.8005ms, average=59.3951ms, deviation=5.16527ms]
  hot path drops:           0 [min=0, max=0, average=0, deviation=0]
  behavior planner period:  99.9995ms [min=99.9776ms, max=100.046ms, average=100ms, deviation=0.0119178ms]
----------------------------------------------------------

----------------------------------------------------------
sample path: (IntersectionOutput) 
  order timepoint           sequence nr.                  node name     dropped samples
latency

Statistics:
  latency:                  25.757ms [min=9.08784ms, max=72.782ms, average=34.742ms, deviation=14.0074ms]
----------------------------------------------------------

----------------------------------------------------------
sample path: (IntersectionOutput) 
  order timepoint           sequence nr.                  node name     dropped samples
latency

Statistics:
  latency:                  35.9952ms [min=9.08784ms, max=72.782ms, average=34.7508ms, deviation=13.9581ms]
----------------------------------------------------------

----------------------------------------------------------
sample path: (IntersectionOutput) 
  order timepoint           sequence nr.                  node name     dropped samples
latency

Statistics:
  latency:                  54.6339ms [min=9.08784ms, max=72.782ms, average=34.8898ms, deviation=14.0079ms]
----------------------------------------------------------

----------------------------------------------------------
sample path: (IntersectionOutput) 
  order timepoint           sequence nr.                  node name     dropped samples
latency

Statistics:
  latency:                  45.175ms [min=9.08784ms, max=72.782ms, average=34.9613ms, deviation=13.9851ms]
----------------------------------------------------------

----------------------------------------------------------
sample path: (VehicleDBWSystem) 
  order timepoint           sequence nr.                  node name     dropped samples
bp period
latency

Statistics:
  latency:                  181.442ms [min=163.999ms, max=277.387ms, average=198.346ms, deviation=41.595ms]
hotpath
  hot path:                 FrontLidarDriver/RearLidarDriver -> ObjectCollisionEstimator
  hot path latency:         58.9205ms [min=49.8615ms, max=82.8005ms, average=59.3826ms, deviation=5.09557ms]
  hot path drops:           0 [min=0, max=0, average=0, deviation=0]
  behavior planner period:  99.9946ms [min=99.9776ms, max=100.046ms, average=100ms, deviation=0.0117875ms]
----------------------------------------------------------

----------------------------------------------------------
sample path: (IntersectionOutput) 
  order timepoint           sequence nr.                  node name     dropped samples
latency

Statistics:
  latency:                  27.2799ms [min=9.08784ms, max=72.782ms, average=34.9083ms, deviation=13.951ms]
----------------------------------------------------------

----------------------------------------------------------
sample path: (IntersectionOutput) 
  order timepoint           sequence nr.                  node name     dropped samples
latency

Statistics:
  latency:                  9.48054ms [min=9.08784ms, max=72.782ms, average=34.7341ms, deviation=14.0612ms]
----------------------------------------------------------

----------------------------------------------------------
sample path: (IntersectionOutput) 
  order timepoint           sequence nr.                  node name     dropped samples
latency

Statistics:
  latency:                  66.2738ms [min=9.08784ms, max=72.782ms, average=34.9487ms, deviation=14.2524ms]
----------------------------------------------------------

----------------------------------------------------------
sample path: (IntersectionOutput) 
  order timepoint           sequence nr.                  node name     dropped samples
latency

Statistics:
  latency:                  45.443ms [min=9.08784ms, max=72.782ms, average=35.0196ms, deviation=14.23ms]
----------------------------------------------------------

----------------------------------------------------------
sample path: (VehicleDBWSystem) 
  order timepoint           sequence nr.                  node name     dropped samples
bp period
latency

Statistics:
  latency:                  275.935ms [min=163.999ms, max=277.387ms, average=200.335ms, deviation=42.8833ms]
hotpath
  hot path:                 FrontLidarDriver/RearLidarDriver -> ObjectCollisionEstimator
  hot path latency:         58.4964ms [min=49.8615ms, max=82.8005ms, average=59.3599ms, deviation=5.03008ms]
  hot path drops:           0 [min=0, max=0, average=0, deviation=0]
  behavior planner period:  100.013ms [min=99.9776ms, max=100.046ms, average=100ms, deviation=0.0118003ms]
----------------------------------------------------------

----------------------------------------------------------
sample path: (IntersectionOutput) 
  order timepoint           sequence nr.                  node name     dropped samples
latency

Statistics:
  latency:                  48.9572ms [min=9.08784ms, max=72.782ms, average=35.1131ms, deviation=14.2277ms]
----------------------------------------------------------

----------------------------------------------------------
sample path: (IntersectionOutput) 
  order timepoint           sequence nr.                  node name     dropped samples
latency

Statistics:
  latency:                  30.9084ms [min=9.08784ms, max=72.782ms, average=35.0851ms, deviation=14.1841ms]
----------------------------------------------------------

----------------------------------------------------------
sample path: (IntersectionOutput) 
  order timepoint           sequence nr.                  node name     dropped samples
latency

Statistics:
  latency:                  13.7946ms [min=9.08784ms, max=72.782ms, average=34.9441ms, deviation=14.2425ms]
----------------------------------------------------------

----------------------------------------------------------
sample path: (IntersectionOutput) 
  order timepoint           sequence nr.                  node name     dropped samples
latency

Statistics:
  latency:                  59.2334ms [min=9.08784ms, max=72.782ms, average=35.1039ms, deviation=14.3313ms]
----------------------------------------------------------

----------------------------------------------------------
sample path: (IntersectionOutput) 
  order timepoint           sequence nr.                  node name     dropped samples
latency

Statistics:
  latency:                  36.4227ms [min=9.08784ms, max=72.782ms, average=35.1125ms, deviation=14.2845ms]
----------------------------------------------------------

----------------------------------------------------------
sample path: (VehicleDBWSystem) 
  order timepoint           sequence nr.                  node name     dropped samples
bp period
latency

Statistics:
  latency:                  264.238ms [min=163.999ms, max=277.387ms, average=201.933ms, deviation=43.5191ms]
hotpath
  hot path:                 FrontLidarDriver/RearLidarDriver -> ObjectCollisionEstimator
  hot path latency:         56.9731ms [min=49.8615ms, max=82.8005ms, average=59.3002ms, deviation=4.9795ms]
  hot path drops:           0 [min=0, max=0, average=0, deviation=0]
  behavior planner period:  99.9965ms [min=99.9776ms, max=100.046ms, average=100ms, deviation=0.0116608ms]
----------------------------------------------------------

----------------------------------------------------------
sample path: (IntersectionOutput) 
  order timepoint           sequence nr.                  node name     dropped samples
latency

Statistics:
  latency:                  36.4854ms [min=9.08784ms, max=72.782ms, average=35.1214ms, deviation=14.2382ms]
----------------------------------------------------------

----------------------------------------------------------
sample path: (IntersectionOutput) 
  order timepoint           sequence nr.                  node name     dropped samples
latency

Statistics:
  latency:                  26.5724ms [min=9.08784ms, max=72.782ms, average=35.0663ms, deviation=14.2085ms]
----------------------------------------------------------

----------------------------------------------------------
sample path: (IntersectionOutput) 
  order timepoint           sequence nr.                  node name     dropped samples
latency

Statistics:
  latency:                  31.9877ms [min=9.08784ms, max=72.782ms, average=35.0466ms, deviation=14.1647ms]
----------------------------------------------------------

----------------------------------------------------------
sample path: (VehicleDBWSystem) 
  order timepoint           sequence nr.                  node name     dropped samples
bp period
latency

Statistics:
  latency:                  173.215ms [min=163.999ms, max=277.387ms, average=201.232ms, deviation=43.2051ms]
hotpath
  hot path:                 FrontLidarDriver/RearLidarDriver -> ObjectCollisionEstimator
  hot path latency:         58.9906ms [min=49.8615ms, max=82.8005ms, average=59.2927ms, deviation=4.9171ms]
  hot path drops:           0 [min=0, max=0, average=0, deviation=0]
  behavior planner period:  99.9971ms [min=99.9776ms, max=100.046ms, average=100ms, deviation=0.0115216ms]
----------------------------------------------------------

----------------------------------------------------------
sample path: (IntersectionOutput) 
  order timepoint           sequence nr.                  node name     dropped samples
latency

Statistics:
  latency:                  36.5409ms [min=9.08784ms, max=72.782ms, average=35.0561ms, deviation=14.1197ms]
----------------------------------------------------------

----------------------------------------------------------
sample path: (IntersectionOutput) 
  order timepoint           sequence nr.                  node name     dropped samples
latency

Statistics:
  latency:                  27.4231ms [min=9.08784ms, max=72.782ms, average=35.0078ms, deviation=14.0878ms]
----------------------------------------------------------

----------------------------------------------------------
sample path: (IntersectionOutput) 
  order timepoint           sequence nr.                  node name     dropped samples
latency

Statistics:
  latency:                  26.1695ms [min=9.08784ms, max=72.782ms, average=34.9522ms, deviation=14.0606ms]
----------------------------------------------------------

----------------------------------------------------------
sample path: (IntersectionOutput) 
  order timepoint           sequence nr.                  node name     dropped samples
latency

Statistics:
  latency:                  32.0399ms [min=9.08784ms, max=72.782ms, average=34.934ms, deviation=14.0182ms]
----------------------------------------------------------

----------------------------------------------------------
sample path: (VehicleDBWSystem) 
  order timepoint           sequence nr.                  node name     dropped samples
bp period
latency

Statistics:
  latency:                  164.016ms [min=163.999ms, max=277.387ms, average=200.346ms, deviation=43.0596ms]
hotpath
  hot path:                 FrontLidarDriver/RearLidarDriver -> ObjectCollisionEstimator
  hot path latency:         58.8554ms [min=49.8615ms, max=82.8005ms, average=59.2823ms, deviation=4.85723ms]
  hot path drops:           0 [min=0, max=0, average=0, deviation=0]
  behavior planner period:  99.9995ms [min=99.9776ms, max=100.046ms, average=100ms, deviation=0.0113772ms]
----------------------------------------------------------

----------------------------------------------------------
sample path: (IntersectionOutput) 
  order timepoint           sequence nr.                  node name     dropped samples
latency

Statistics:
  latency:                  41.3172ms [min=9.08784ms, max=72.782ms, average=34.9736ms, deviation=13.9834ms]
----------------------------------------------------------

----------------------------------------------------------
sample path: (IntersectionOutput) 
  order timepoint           sequence nr.                  node name     dropped samples
latency

Statistics:
  latency:                  27.9689ms [min=9.08784ms, max=72.782ms, average=34.9304ms, deviation=13.9508ms]
----------------------------------------------------------

----------------------------------------------------------
sample path: (IntersectionOutput) 
  order timepoint           sequence nr.                  node name     dropped samples
latency

Statistics:
  latency:                  21.6218ms [min=9.08784ms, max=72.782ms, average=34.8487ms, deviation=13.9466ms]
----------------------------------------------------------

----------------------------------------------------------
sample path: (IntersectionOutput) 
  order timepoint           sequence nr.                  node name     dropped samples
latency

Statistics:
  latency:                  40.6424ms [min=9.08784ms, max=72.782ms, average=34.8841ms, deviation=13.9112ms]
----------------------------------------------------------

----------------------------------------------------------
sample path: (VehicleDBWSystem) 
  order timepoint           sequence nr.                  node name     dropped samples
bp period
latency

Statistics:
  latency:                  164.488ms [min=163.999ms, max=277.387ms, average=199.512ms, deviation=42.8939ms]
hotpath
  hot path:                 FrontLidarDriver/RearLidarDriver -> ObjectCollisionEstimator
  hot path latency:         58.8736ms [min=49.8615ms, max=82.8005ms, average=59.2728ms, deviation=4.79946ms]
  hot path drops:           0 [min=0, max=0, average=0, deviation=0]
  behavior planner period:  100.001ms [min=99.9776ms, max=100.046ms, average=100ms, deviation=0.0112384ms]
----------------------------------------------------------

----------------------------------------------------------
sample path: (IntersectionOutput) 
  order timepoint           sequence nr.                  node name     dropped samples
latency

Statistics:
  latency:                  25.7972ms [min=9.08784ms, max=72.782ms, average=34.829ms, deviation=13.8867ms]
----------------------------------------------------------

----------------------------------------------------------
sample path: (IntersectionOutput) 
  order timepoint           sequence nr.                  node name     dropped samples
latency

Statistics:
  latency:                  35.0656ms [min=9.08784ms, max=72.782ms, average=34.8304ms, deviation=13.8446ms]
----------------------------------------------------------

----------------------------------------------------------
sample path: (IntersectionOutput) 
  order timepoint           sequence nr.                  node name     dropped samples
latency

Statistics:
  latency:                  54.2935ms [min=9.08784ms, max=72.782ms, average=34.947ms, deviation=13.8847ms]
----------------------------------------------------------

----------------------------------------------------------
sample path: (IntersectionOutput) 
  order timepoint           sequence nr.                  node name     dropped samples
latency

Statistics:
  latency:                  45.2334ms [min=9.08784ms, max=72.782ms, average=35.0082ms, deviation=13.8658ms]
----------------------------------------------------------

----------------------------------------------------------
sample path: (VehicleDBWSystem) 
  order timepoint           sequence nr.                  node name     dropped samples
bp period
latency

Statistics:
  latency:                  180.566ms [min=163.999ms, max=277.387ms, average=199.082ms, deviation=42.4883ms]
hotpath
  hot path:                 FrontLidarDriver/RearLidarDriver -> ObjectCollisionEstimator
  hot path latency:         59.005ms [min=49.8615ms, max=82.8005ms, average=59.2667ms, deviation=4.7435ms]
  hot path drops:           0 [min=0, max=0, average=0, deviation=0]
  behavior planner period:  99.9883ms [min=99.9776ms, max=100.046ms, average=100ms, deviation=0.011252ms]
----------------------------------------------------------

----------------------------------------------------------
sample path: (IntersectionOutput) 
  order timepoint           sequence nr.                  node name     dropped samples
latency

Statistics:
  latency:                  27.3789ms [min=9.08784ms, max=72.782ms, average=34.963ms, deviation=13.837ms]
----------------------------------------------------------

----------------------------------------------------------
sample path: (IntersectionOutput) 
  order timepoint           sequence nr.                  node name     dropped samples
latency

Statistics:
  latency:                  9.35264ms [min=9.08784ms, max=72.782ms, average=34.8124ms, deviation=13.9351ms]
----------------------------------------------------------

----------------------------------------------------------
sample path: (IntersectionOutput) 
  order timepoint           sequence nr.                  node name     dropped samples
latency

Statistics:
  latency:                  46.6867ms [min=9.08784ms, max=72.782ms, average=34.8818ms, deviation=13.9237ms]
----------------------------------------------------------

----------------------------------------------------------
sample path: (IntersectionOutput) 
  order timepoint           sequence nr.                  node name     dropped samples
latency

Statistics:
  latency:                  72.7695ms [min=9.08784ms, max=72.782ms, average=35.1021ms, deviation=14.1803ms]
----------------------------------------------------------

----------------------------------------------------------
sample path: (VehicleDBWSystem) 
  order timepoint           sequence nr.                  node name     dropped samples
bp period
latency

Statistics:
  latency:                  275.725ms [min=163.999ms, max=277.387ms, average=200.785ms, deviation=43.5289ms]
hotpath
  hot path:                 FrontLidarDriver/RearLidarDriver -> ObjectCollisionEstimator
  hot path latency:         57.9108ms [min=49.8615ms, max=82.8005ms, average=59.2365ms, deviation=4.69364ms]
  hot path drops:           0 [min=0, max=0, average=0, deviation=0]
  behavior planner period:  100.005ms [min=99.9776ms, max=100.046ms, average=100ms, deviation=0.0111474ms]
----------------------------------------------------------

----------------------------------------------------------
sample path: (IntersectionOutput) 
  order timepoint           sequence nr.                  node name     dropped samples
latency

Statistics:
  latency:                  27.5451ms [min=9.08784ms, max=72.782ms, average=35.0584ms, deviation=14.1507ms]
----------------------------------------------------------

----------------------------------------------------------
sample path: (IntersectionOutput) 
  order timepoint           sequence nr.                  node name     dropped samples
latency

Statistics:
  latency:                  27.1367ms [min=9.08784ms, max=72.782ms, average=35.0129ms, deviation=14.1225ms]
----------------------------------------------------------

