----------------------------------------------------------
sample path: (IntersectionOutput) 
  order timepoint           sequence nr.                  node name     dropped samples
latency

Statistics:
  latency:                  135.768ms [min=135.768ms, max=135.768ms, average=135.768ms, deviation=-nanms]
----------------------------------------------------------

----------------------------------------------------------
sample path: (VehicleDBWSystem) 
  order timepoint           sequence nr.                  node name     dropped samples
latency

Statistics:
  latency:                  628.129ms [min=628.129ms, max=628.129ms, average=628.129ms, deviation=-nanms]
hotpath
  hot path:                 FrontLidarDriver/RearLidarDriver -> ObjectCollisionEstimator
  hot path latency:         211.709ms [min=211.709ms, max=211.709ms, average=211.709ms, deviation=-nanms]
  hot path drops:           0 [min=0, max=0, average=0, deviation=-nan]
  behavior planner period:  0ms [min=1.84467e+13ms, max=0ms, average=0ms, deviation=0ms]
----------------------------------------------------------

----------------------------------------------------------
sample path: (IntersectionOutput) 
  order timepoint           sequence nr.                  node name     dropped samples
latency

Statistics:
  latency:                  157.749ms [min=135.768ms, max=157.749ms, average=146.759ms, deviation=15.5428ms]
----------------------------------------------------------

----------------------------------------------------------
sample path: (VehicleDBWSystem) 
  order timepoint           sequence nr.                  node name     dropped samples
bp period
latency

Statistics:
  latency:                  657.678ms [min=628.129ms, max=657.678ms, average=642.904ms, deviation=20.8942ms]
hotpath
  hot path:                 FrontLidarDriver/RearLidarDriver -> ObjectCollisionEstimator
  hot path latency:         318.212ms [min=211.709ms, max=318.212ms, average=264.96ms, deviation=75.309ms]
  hot path drops:           0 [min=0, max=0, average=0, deviation=0]
  behavior planner period:  101.759ms [min=101.759ms, max=101.759ms, average=101.759ms, deviation=-nanms]
----------------------------------------------------------

----------------------------------------------------------
sample path: (IntersectionOutput) 
  order timepoint           sequence nr.                  node name     dropped samples
latency

Statistics:
  latency:                  141.813ms [min=135.768ms, max=157.749ms, average=145.11ms, deviation=11.3553ms]
----------------------------------------------------------

----------------------------------------------------------
sample path: (VehicleDBWSystem) 
  order timepoint           sequence nr.                  node name     dropped samples
bp period
latency

Statistics:
  latency:                  718.195ms [min=628.129ms, max=718.195ms, average=668.001ms, deviation=45.9114ms]
  behavior planner period:  106.124ms [min=101.759ms, max=106.124ms, average=103.942ms, deviation=3.0866ms]
----------------------------------------------------------

----------------------------------------------------------
sample path: (IntersectionOutput) 
  order timepoint           sequence nr.                  node name     dropped samples
latency

Statistics:
  latency:                  142.651ms [min=135.768ms, max=157.749ms, average=144.496ms, deviation=9.35271ms]
----------------------------------------------------------

----------------------------------------------------------
sample path: (VehicleDBWSystem) 
  order timepoint           sequence nr.                  node name     dropped samples
bp period
latency

Statistics:
  latency:                  725.986ms [min=628.129ms, max=725.986ms, average=682.497ms, deviation=47.3901ms]
hotpath
  hot path:                 FrontLidarDriver/RearLidarDriver -> ObjectCollisionEstimator
  hot path latency:         398.296ms [min=211.709ms, max=398.296ms, average=309.405ms, deviation=93.6045ms]
  hot path drops:           0 [min=0, max=0, average=0, deviation=0]
  behavior planner period:  97.0537ms [min=97.0537ms, max=106.124ms, average=101.646ms, deviation=4.53628ms]
----------------------------------------------------------

----------------------------------------------------------
sample path: (IntersectionOutput) 
  order timepoint           sequence nr.                  node name     dropped samples
latency

Statistics:
  latency:                  139.539ms [min=135.768ms, max=157.749ms, average=143.504ms, deviation=8.39753ms]
----------------------------------------------------------

----------------------------------------------------------
sample path: (VehicleDBWSystem) 
  order timepoint           sequence nr.                  node name     dropped samples
bp period
latency

Statistics:
  latency:                  876.363ms [min=628.129ms, max=876.363ms, average=721.27ms, deviation=95.9226ms]
  behavior planner period:  97.6884ms [min=97.0537ms, max=106.124ms, average=100.656ms, deviation=4.19921ms]
----------------------------------------------------------

----------------------------------------------------------
sample path: (IntersectionOutput) 
  order timepoint           sequence nr.                  node name     dropped samples
latency

Statistics:
  latency:                  142.398ms [min=135.768ms, max=157.749ms, average=143.32ms, deviation=7.52456ms]
----------------------------------------------------------

----------------------------------------------------------
sample path: (VehicleDBWSystem) 
  order timepoint           sequence nr.                  node name     dropped samples
bp period
latency

Statistics:
  latency:                  707.41ms [min=628.129ms, max=876.363ms, average=718.96ms, deviation=85.9821ms]
hotpath
  hot path:                 FrontLidarDriver/RearLidarDriver -> ObjectCollisionEstimator
  hot path latency:         381.324ms [min=211.709ms, max=398.296ms, average=327.385ms, deviation=84.4646ms]
  hot path drops:           0 [min=0, max=0, average=0, deviation=0]
  behavior planner period:  92.6061ms [min=92.6061ms, max=106.124ms, average=99.0463ms, deviation=5.11727ms]
----------------------------------------------------------

----------------------------------------------------------
sample path: (IntersectionOutput) 
  order timepoint           sequence nr.                  node name     dropped samples
latency

Statistics:
  latency:                  139.189ms [min=135.768ms, max=157.749ms, average=142.73ms, deviation=7.04414ms]
----------------------------------------------------------

----------------------------------------------------------
sample path: (VehicleDBWSystem) 
  order timepoint           sequence nr.                  node name     dropped samples
bp period
latency

Statistics:
  latency:                  693.836ms [min=628.129ms, max=876.363ms, average=715.371ms, deviation=79.0629ms]
  behavior planner period:  90.1277ms [min=90.1277ms, max=106.124ms, average=97.5599ms, deviation=5.84858ms]
----------------------------------------------------------

----------------------------------------------------------
sample path: (IntersectionOutput) 
  order timepoint           sequence nr.                  node name     dropped samples
latency

Statistics:
  latency:                  135.827ms [min=135.768ms, max=157.749ms, average=141.867ms, deviation=6.9633ms]
----------------------------------------------------------

----------------------------------------------------------
sample path: (VehicleDBWSystem) 
  order timepoint           sequence nr.                  node name     dropped samples
bp period
latency

Statistics:
  latency:                  793.099ms [min=628.129ms, max=876.363ms, average=725.087ms, deviation=78.1867ms]
hotpath
  hot path:                 FrontLidarDriver/RearLidarDriver -> ObjectCollisionEstimator
  hot path latency:         335.83ms [min=211.709ms, max=398.296ms, average=329.074ms, deviation=73.2459ms]
  hot path drops:           2 [min=0, max=2, average=0.4, deviation=0.894427]
  behavior planner period:  140.616ms [min=90.1277ms, max=140.616ms, average=103.711ms, deviation=17.1271ms]
----------------------------------------------------------

----------------------------------------------------------
sample path: (IntersectionOutput) 
  order timepoint           sequence nr.                  node name     dropped samples
latency

Statistics:
  latency:                  145.259ms [min=135.768ms, max=157.749ms, average=142.244ms, deviation=6.61097ms]
----------------------------------------------------------

----------------------------------------------------------
sample path: (VehicleDBWSystem) 
  order timepoint           sequence nr.                  node name     dropped samples
bp period
latency

Statistics:
  latency:                  625.09ms [min=625.09ms, max=876.363ms, average=713.976ms, deviation=80.3745ms]
hotpath
  hot path:                 FrontLidarDriver/RearLidarDriver -> ObjectCollisionEstimator
  hot path latency:         290.921ms [min=211.709ms, max=398.296ms, average=322.715ms, deviation=67.3393ms]
  hot path drops:           2 [min=0, max=2, average=0.666667, deviation=1.0328]
  behavior planner period:  93.9337ms [min=90.1277ms, max=140.616ms, average=102.489ms, deviation=16.229ms]
----------------------------------------------------------

----------------------------------------------------------
sample path: (IntersectionOutput) 
  order timepoint           sequence nr.                  node name     dropped samples
latency

Statistics:
  latency:                  122.497ms [min=122.497ms, max=157.749ms, average=140.269ms, deviation=8.82284ms]
----------------------------------------------------------

----------------------------------------------------------
sample path: (VehicleDBWSystem) 
  order timepoint           sequence nr.                  node name     dropped samples
bp period
latency

Statistics:
  latency:                  771.811ms [min=625.09ms, max=876.363ms, average=719.76ms, deviation=77.9536ms]
  behavior planner period:  92.1499ms [min=90.1277ms, max=140.616ms, average=101.34ms, deviation=15.5671ms]
----------------------------------------------------------

----------------------------------------------------------
sample path: (IntersectionOutput) 
  order timepoint           sequence nr.                  node name     dropped samples
latency

Statistics:
  latency:                  129.428ms [min=122.497ms, max=157.749ms, average=139.283ms, deviation=8.9857ms]
----------------------------------------------------------

----------------------------------------------------------
sample path: (VehicleDBWSystem) 
  order timepoint           sequence nr.                  node name     dropped samples
bp period
latency

Statistics:
  latency:                  821.989ms [min=625.09ms, max=876.363ms, average=729.053ms, deviation=80.1197ms]
  behavior planner period:  88.1124ms [min=88.1124ms, max=140.616ms, average=100.017ms, deviation=15.2612ms]
----------------------------------------------------------

----------------------------------------------------------
sample path: (IntersectionOutput) 
  order timepoint           sequence nr.                  node name     dropped samples
latency

Statistics:
  latency:                  148.411ms [min=122.497ms, max=157.749ms, average=140.044ms, deviation=8.96354ms]
----------------------------------------------------------

----------------------------------------------------------
sample path: (VehicleDBWSystem) 
  order timepoint           sequence nr.                  node name     dropped samples
bp period
latency

Statistics:
  latency:                  600.174ms [min=600.174ms, max=876.363ms, average=718.313ms, deviation=84.9691ms]
  behavior planner period:  112.718ms [min=88.1124ms, max=140.616ms, average=101.172ms, deviation=14.9759ms]
----------------------------------------------------------

----------------------------------------------------------
sample path: (IntersectionOutput) 
  order timepoint           sequence nr.                  node name     dropped samples
latency

Statistics:
  latency:                  145.407ms [min=122.497ms, max=157.749ms, average=140.457ms, deviation=8.70987ms]
----------------------------------------------------------

----------------------------------------------------------
sample path: (IntersectionOutput) 
  order timepoint           sequence nr.                  node name     dropped samples
latency

Statistics:
  latency:                  156.35ms [min=122.497ms, max=157.749ms, average=141.592ms, deviation=9.38449ms]
----------------------------------------------------------

----------------------------------------------------------
sample path: (VehicleDBWSystem) 
  order timepoint           sequence nr.                  node name     dropped samples
bp period
latency

Statistics:
  latency:                  737.502ms [min=600.174ms, max=876.363ms, average=719.79ms, deviation=81.5257ms]
hotpath
  hot path:                 FrontLidarDriver/RearLidarDriver -> ObjectCollisionEstimator
  hot path latency:         387.235ms [min=211.709ms, max=398.296ms, average=331.932ms, deviation=66.1325ms]
  hot path drops:           0 [min=0, max=2, average=0.571429, deviation=0.9759]
  behavior planner period:  99.4417ms [min=88.1124ms, max=140.616ms, average=101.028ms, deviation=14.2877ms]
----------------------------------------------------------

----------------------------------------------------------
sample path: (IntersectionOutput) 
  order timepoint           sequence nr.                  node name     dropped samples
latency

Statistics:
  latency:                  148.821ms [min=122.497ms, max=157.749ms, average=142.074ms, deviation=9.23374ms]
----------------------------------------------------------

----------------------------------------------------------
sample path: (VehicleDBWSystem) 
  order timepoint           sequence nr.                  node name     dropped samples
bp period
latency

Statistics:
  latency:                  704.282ms [min=600.174ms, max=876.363ms, average=718.682ms, deviation=78.4369ms]
  behavior planner period:  105.492ms [min=88.1124ms, max=140.616ms, average=101.371ms, deviation=13.7354ms]
----------------------------------------------------------

----------------------------------------------------------
sample path: (IntersectionOutput) 
  order timepoint           sequence nr.                  node name     dropped samples
latency

Statistics:
  latency:                  157.888ms [min=122.497ms, max=157.888ms, average=143.062ms, deviation=9.75749ms]
----------------------------------------------------------

----------------------------------------------------------
sample path: (VehicleDBWSystem) 
  order timepoint           sequence nr.                  node name     dropped samples
bp period
latency

Statistics:
  latency:                  761.234ms [min=600.174ms, max=876.363ms, average=721.519ms, deviation=76.378ms]
hotpath
  hot path:                 FrontLidarDriver/RearLidarDriver -> ObjectCollisionEstimator
  hot path latency:         398.272ms [min=211.709ms, max=398.296ms, average=340.225ms, deviation=65.5655ms]
  hot path drops:           0 [min=0, max=2, average=0.5, deviation=0.92582]
  behavior planner period:  100.167ms [min=88.1124ms, max=140.616ms, average=101.285ms, deviation=13.2005ms]
----------------------------------------------------------

----------------------------------------------------------
sample path: (IntersectionOutput) 
  order timepoint           sequence nr.                  node name     dropped samples
latency

Statistics:
  latency:                  151.82ms [min=122.497ms, max=157.888ms, average=143.577ms, deviation=9.68351ms]
----------------------------------------------------------

----------------------------------------------------------
sample path: (VehicleDBWSystem) 
  order timepoint           sequence nr.                  node name     dropped samples
bp period
latency

Statistics:
  latency:                  721.94ms [min=600.174ms, max=876.363ms, average=721.545ms, deviation=73.7882ms]
  behavior planner period:  104.274ms [min=88.1124ms, max=140.616ms, average=101.484ms, deviation=12.7437ms]
----------------------------------------------------------

----------------------------------------------------------
sample path: (IntersectionOutput) 
  order timepoint           sequence nr.                  node name     dropped samples
latency

Statistics:
  latency:                  157.859ms [min=122.497ms, max=157.888ms, average=144.371ms, deviation=9.97928ms]
----------------------------------------------------------

----------------------------------------------------------
sample path: (VehicleDBWSystem) 
  order timepoint           sequence nr.                  node name     dropped samples
bp period
latency

Statistics:
  latency:                  776.276ms [min=600.174ms, max=876.363ms, average=724.764ms, deviation=72.6678ms]
hotpath
  hot path:                 FrontLidarDriver/RearLidarDriver -> ObjectCollisionEstimator
  hot path latency:         402.508ms [min=211.709ms, max=402.508ms, average=347.145ms, deviation=64.7496ms]
  hot path drops:           0 [min=0, max=2, average=0.444444, deviation=0.881917]
  behavior planner period:  103.062ms [min=88.1124ms, max=140.616ms, average=101.583ms, deviation=12.3179ms]
----------------------------------------------------------

----------------------------------------------------------
sample path: (IntersectionOutput) 
  order timepoint           sequence nr.                  node name     dropped samples
latency

Statistics:
  latency:                  160.616ms [min=122.497ms, max=160.616ms, average=145.226ms, deviation=10.3896ms]
----------------------------------------------------------

----------------------------------------------------------
sample path: (VehicleDBWSystem) 
  order timepoint           sequence nr.                  node name     dropped samples
bp period
latency

Statistics:
  latency:                  731.754ms [min=600.174ms, max=876.363ms, average=725.153ms, deviation=70.5174ms]
hotpath
  hot path:                 FrontLidarDriver/RearLidarDriver -> ObjectCollisionEstimator
  hot path latency:         363.134ms [min=211.709ms, max=402.508ms, average=348.744ms, deviation=61.2555ms]
  hot path drops:           2 [min=0, max=2, average=0.6, deviation=0.966092]
  behavior planner period:  79.0891ms [min=79.0891ms, max=140.616ms, average=100.26ms, deviation=13.1152ms]
----------------------------------------------------------

----------------------------------------------------------
sample path: (IntersectionOutput) 
  order timepoint           sequence nr.                  node name     dropped samples
latency

Statistics:
  latency:                  158.609ms [min=122.497ms, max=160.616ms, average=145.895ms, deviation=10.546ms]
----------------------------------------------------------

----------------------------------------------------------
sample path: (VehicleDBWSystem) 
  order timepoint           sequence nr.                  node name     dropped samples
bp period
latency

Statistics:
  latency:                  788.468ms [min=600.174ms, max=876.363ms, average=728.485ms, deviation=70.0531ms]
  behavior planner period:  107.729ms [min=79.0891ms, max=140.616ms, average=100.675ms, deviation=12.8449ms]
----------------------------------------------------------

----------------------------------------------------------
sample path: (IntersectionOutput) 
  order timepoint           sequence nr.                  node name     dropped samples
latency

Statistics:
  latency:                  158.768ms [min=122.497ms, max=160.616ms, average=146.508ms, deviation=10.6559ms]
----------------------------------------------------------

----------------------------------------------------------
sample path: (VehicleDBWSystem) 
  order timepoint           sequence nr.                  node name     dropped samples
bp period
latency

Statistics:
  latency:                  739.605ms [min=600.174ms, max=876.363ms, average=729.041ms, deviation=68.23ms]
hotpath
  hot path:                 FrontLidarDriver/RearLidarDriver -> ObjectCollisionEstimator
  hot path latency:         366.205ms [min=211.709ms, max=402.508ms, average=350.331ms, deviation=58.3501ms]
  hot path drops:           2 [min=0, max=2, average=0.727273, deviation=1.00905]
  behavior planner period:  106.142ms [min=79.0891ms, max=140.616ms, average=100.962ms, deviation=12.5458ms]
----------------------------------------------------------

----------------------------------------------------------
sample path: (IntersectionOutput) 
  order timepoint           sequence nr.                  node name     dropped samples
latency

Statistics:
  latency:                  154.515ms [min=122.497ms, max=160.616ms, average=146.872ms, deviation=10.5383ms]
----------------------------------------------------------

----------------------------------------------------------
sample path: (VehicleDBWSystem) 
  order timepoint           sequence nr.                  node name     dropped samples
bp period
latency

Statistics:
  latency:                  788.085ms [min=600.174ms, max=876.363ms, average=731.853ms, deviation=67.739ms]
  behavior planner period:  104.452ms [min=79.0891ms, max=140.616ms, average=101.137ms, deviation=12.2361ms]
----------------------------------------------------------

----------------------------------------------------------
sample path: (IntersectionOutput) 
  order timepoint           sequence nr.                  node name     dropped samples
latency

Statistics:
  latency:                  156.629ms [min=122.497ms, max=160.616ms, average=147.296ms, deviation=10.4951ms]
----------------------------------------------------------

----------------------------------------------------------
sample path: (VehicleDBWSystem) 
  order timepoint           sequence nr.                  node name     dropped samples
bp period
latency

Statistics:
  latency:                  787.928ms [min=600.174ms, max=876.363ms, average=734.402ms, deviation=67.1788ms]
hotpath
  hot path:                 FrontLidarDriver/RearLidarDriver -> ObjectCollisionEstimator
  hot path latency:         365.519ms [min=211.709ms, max=402.508ms, average=351.597ms, deviation=55.8071ms]
  hot path drops:           1 [min=0, max=2, average=0.75, deviation=0.965307]
  behavior planner period:  104.826ms [min=79.0891ms, max=140.616ms, average=101.312ms, deviation=11.9534ms]
----------------------------------------------------------

----------------------------------------------------------
sample path: (IntersectionOutput) 
  order timepoint           sequence nr.                  node name     dropped samples
latency

Statistics:
  latency:                  165.029ms [min=122.497ms, max=165.029ms, average=148.035ms, deviation=10.8839ms]
----------------------------------------------------------

----------------------------------------------------------
sample path: (VehicleDBWSystem) 
  order timepoint           sequence nr.                  node name     dropped samples
bp period
latency

Statistics:
  latency:                  754.861ms [min=600.174ms, max=876.363ms, average=735.291ms, deviation=65.7728ms]
  behavior planner period:  102.098ms [min=79.0891ms, max=140.616ms, average=101.348ms, deviation=11.6666ms]
----------------------------------------------------------

----------------------------------------------------------
sample path: (IntersectionOutput) 
  order timepoint           sequence nr.                  node name     dropped samples
latency

Statistics:
  latency:                  174.092ms [min=122.497ms, max=174.092ms, average=149.077ms, deviation=11.8609ms]
----------------------------------------------------------

----------------------------------------------------------
sample path: (VehicleDBWSystem) 
  order timepoint           sequence nr.                  node name     dropped samples
bp period
latency

Statistics:
  latency:                  816.603ms [min=600.174ms, max=876.363ms, average=738.679ms, deviation=66.4338ms]
hotpath
  hot path:                 FrontLidarDriver/RearLidarDriver -> ObjectCollisionEstimator
  hot path latency:         414.251ms [min=211.709ms, max=414.251ms, average=356.417ms, deviation=56.1859ms]
  hot path drops:           0 [min=0, max=2, average=0.692308, deviation=0.947331]
  behavior planner period:  110.302ms [min=79.0891ms, max=140.616ms, average=101.737ms, deviation=11.5502ms]
----------------------------------------------------------

----------------------------------------------------------
sample path: (IntersectionOutput) 
  order timepoint           sequence nr.                  node name     dropped samples
latency

Statistics:
  latency:                  165.179ms [min=122.497ms, max=174.092ms, average=149.697ms, deviation=12.0427ms]
----------------------------------------------------------

----------------------------------------------------------
sample path: (VehicleDBWSystem) 
  order timepoint           sequence nr.                  node name     dropped samples
bp period
latency

Statistics:
  latency:                  754.03ms [min=600.174ms, max=876.363ms, average=739.293ms, deviation=65.1075ms]
hotpath
  hot path:                 FrontLidarDriver/RearLidarDriver -> ObjectCollisionEstimator
  hot path latency:         385.488ms [min=211.709ms, max=414.251ms, average=358.493ms, deviation=54.538ms]
  hot path drops:           2 [min=0, max=2, average=0.785714, deviation=0.974961]
  behavior planner period:  87.2655ms [min=79.0891ms, max=140.616ms, average=101.134ms, deviation=11.6762ms]
----------------------------------------------------------

----------------------------------------------------------
sample path: (IntersectionOutput) 
  order timepoint           sequence nr.                  node name     dropped samples
latency

Statistics:
  latency:                  146.519ms [min=122.497ms, max=174.092ms, average=149.579ms, deviation=11.8247ms]
----------------------------------------------------------

----------------------------------------------------------
sample path: (VehicleDBWSystem) 
  order timepoint           sequence nr.                  node name     dropped samples
bp period
latency

Statistics:
  latency:                  815.671ms [min=600.174ms, max=876.363ms, average=742.231ms, deviation=65.5271ms]
  behavior planner period:  110.189ms [min=79.0891ms, max=140.616ms, average=101.497ms, deviation=11.5729ms]
----------------------------------------------------------

----------------------------------------------------------
sample path: (IntersectionOutput) 
  order timepoint           sequence nr.                  node name     dropped samples
latency

Statistics:
  latency:                  154.987ms [min=122.497ms, max=174.092ms, average=149.772ms, deviation=11.6486ms]
----------------------------------------------------------

----------------------------------------------------------
sample path: (VehicleDBWSystem) 
  order timepoint           sequence nr.                  node name     dropped samples
bp period
latency

Statistics:
  latency:                  722.044ms [min=600.174ms, max=876.363ms, average=741.483ms, deviation=64.3719ms]
hotpath
  hot path:                 FrontLidarDriver/RearLidarDriver -> ObjectCollisionEstimator
  hot path latency:         375.879ms [min=211.709ms, max=414.251ms, average=359.652ms, deviation=52.7455ms]
  hot path drops:           2 [min=0, max=2, average=0.866667, deviation=0.99043]
  behavior planner period:  101.419ms [min=79.0891ms, max=140.616ms, average=101.494ms, deviation=11.3391ms]
----------------------------------------------------------

----------------------------------------------------------
sample path: (IntersectionOutput) 
  order timepoint           sequence nr.                  node name     dropped samples
latency

Statistics:
  latency:                  139.537ms [min=122.497ms, max=174.092ms, average=149.419ms, deviation=11.5955ms]
----------------------------------------------------------

