----------------------------------------------------------
sample path: (VehicleDBWSystem) 
  order timepoint           sequence nr.                  node name     dropped samples
latency

Statistics:
  latency:                  682.033ms [min=682.033ms, max=682.033ms, average=682.033ms, deviation=-nanms]
hotpath
  hot path:                 FrontLidarDriver/RearLidarDriver -> ObjectCollisionEstimator
  hot path latency:         292.766ms [min=292.766ms, max=292.766ms, average=292.766ms, deviation=-nanms]
  hot path drops:           0 [min=0, max=0, average=0, deviation=-nan]
  behavior planner period:  0ms [min=1.84467e+13ms, max=0ms, average=0ms, deviation=0ms]
----------------------------------------------------------

----------------------------------------------------------
sample path: (IntersectionOutput) 
  order timepoint           sequence nr.                  node name     dropped samples
latency

Statistics:
  latency:                  182.125ms [min=182.125ms, max=182.125ms, average=182.125ms, deviation=-nanms]
----------------------------------------------------------

----------------------------------------------------------
sample path: (VehicleDBWSystem) 
  order timepoint           sequence nr.                  node name     dropped samples
bp period
latency

Statistics:
  latency:                  741.453ms [min=682.033ms, max=741.453ms, average=711.743ms, deviation=42.0159ms]
hotpath
  hot path:                 FrontLidarDriver/RearLidarDriver -> ObjectCollisionEstimator
  hot path latency:         322.413ms [min=292.766ms, max=322.413ms, average=307.589ms, deviation=20.9638ms]
  hot path drops:           0 [min=0, max=0, average=0, deviation=0]
  behavior planner period:  165.304ms [min=165.304ms, max=165.304ms, average=165.304ms, deviation=-nanms]
----------------------------------------------------------

----------------------------------------------------------
sample path: (IntersectionOutput) 
  order timepoint           sequence nr.                  node name     dropped samples
latency

Statistics:
  latency:                  199.162ms [min=182.125ms, max=199.162ms, average=190.643ms, deviation=12.0474ms]
----------------------------------------------------------

----------------------------------------------------------
sample path: (VehicleDBWSystem) 
  order timepoint           sequence nr.                  node name     dropped samples
bp period
latency

Statistics:
  latency:                  649.177ms [min=649.177ms, max=741.453ms, average=690.888ms, deviation=46.7707ms]
hotpath
  hot path:                 FrontLidarDriver/RearLidarDriver -> ObjectCollisionEstimator
  hot path latency:         326.379ms [min=292.766ms, max=326.379ms, average=313.853ms, deviation=18.3692ms]
  hot path drops:           0 [min=0, max=0, average=0, deviation=0]
  behavior planner period:  91.1287ms [min=91.1287ms, max=165.304ms, average=128.216ms, deviation=52.4496ms]
----------------------------------------------------------

----------------------------------------------------------
sample path: (IntersectionOutput) 
  order timepoint           sequence nr.                  node name     dropped samples
latency

Statistics:
  latency:                  165.15ms [min=165.15ms, max=199.162ms, average=182.146ms, deviation=17.0061ms]
----------------------------------------------------------

----------------------------------------------------------
sample path: (IntersectionOutput) 
  order timepoint           sequence nr.                  node name     dropped samples
latency

Statistics:
  latency:                  245.555ms [min=165.15ms, max=245.555ms, average=197.998ms, deviation=34.6119ms]
----------------------------------------------------------

----------------------------------------------------------
sample path: (VehicleDBWSystem) 
  order timepoint           sequence nr.                  node name     dropped samples
bp period
latency

Statistics:
  latency:                  810.118ms [min=649.177ms, max=810.118ms, average=720.695ms, deviation=70.7975ms]
hotpath
  hot path:                 FrontLidarDriver/RearLidarDriver -> ObjectCollisionEstimator
  hot path latency:         389.332ms [min=292.766ms, max=389.332ms, average=332.722ms, deviation=40.6108ms]
  hot path drops:           0 [min=0, max=0, average=0, deviation=0]
  behavior planner period:  155.358ms [min=91.1287ms, max=165.304ms, average=137.264ms, deviation=40.2622ms]
----------------------------------------------------------

----------------------------------------------------------
sample path: (IntersectionOutput) 
  order timepoint           sequence nr.                  node name     dropped samples
latency

Statistics:
  latency:                  215.014ms [min=165.15ms, max=245.555ms, average=201.401ms, deviation=30.9257ms]
----------------------------------------------------------

----------------------------------------------------------
sample path: (IntersectionOutput) 
  order timepoint           sequence nr.                  node name     dropped samples
latency

Statistics:
  latency:                  152.58ms [min=152.58ms, max=245.555ms, average=193.264ms, deviation=34.0936ms]
----------------------------------------------------------

----------------------------------------------------------
sample path: (VehicleDBWSystem) 
  order timepoint           sequence nr.                  node name     dropped samples
bp period
latency

Statistics:
  latency:                  903.139ms [min=649.177ms, max=903.139ms, average=757.184ms, deviation=102.061ms]
hotpath
  hot path:                 FrontLidarDriver/RearLidarDriver -> ObjectCollisionEstimator
  hot path latency:         356.53ms [min=292.766ms, max=389.332ms, average=337.484ms, deviation=36.7462ms]
  hot path drops:           0 [min=0, max=0, average=0, deviation=0]
  behavior planner period:  152.116ms [min=91.1287ms, max=165.304ms, average=140.977ms, deviation=33.7023ms]
----------------------------------------------------------

----------------------------------------------------------
sample path: (IntersectionOutput) 
  order timepoint           sequence nr.                  node name     dropped samples
latency

Statistics:
  latency:                  157.572ms [min=152.58ms, max=245.555ms, average=188.165ms, deviation=33.9211ms]
----------------------------------------------------------

----------------------------------------------------------
sample path: (IntersectionOutput) 
  order timepoint           sequence nr.                  node name     dropped samples
latency

Statistics:
  latency:                  177.217ms [min=152.58ms, max=245.555ms, average=186.797ms, deviation=31.6425ms]
----------------------------------------------------------

----------------------------------------------------------
sample path: (VehicleDBWSystem) 
  order timepoint           sequence nr.                  node name     dropped samples
bp period
latency

Statistics:
  latency:                  971.55ms [min=649.177ms, max=971.55ms, average=792.912ms, deviation=126.459ms]
hotpath
  hot path:                 FrontLidarDriver/RearLidarDriver -> ObjectCollisionEstimator
  hot path latency:         297.457ms [min=292.766ms, max=389.332ms, average=330.813ms, deviation=36.7049ms]
  hot path drops:           0 [min=0, max=0, average=0, deviation=0]
  behavior planner period:  162.434ms [min=91.1287ms, max=165.304ms, average=145.268ms, deviation=30.724ms]
----------------------------------------------------------

----------------------------------------------------------
sample path: (IntersectionOutput) 
  order timepoint           sequence nr.                  node name     dropped samples
latency

Statistics:
  latency:                  156.996ms [min=152.58ms, max=245.555ms, average=183.486ms, deviation=31.2213ms]
----------------------------------------------------------

----------------------------------------------------------
sample path: (VehicleDBWSystem) 
  order timepoint           sequence nr.                  node name     dropped samples
bp period
latency

Statistics:
  latency:                  837.173ms [min=649.177ms, max=971.55ms, average=799.235ms, deviation=116.647ms]
hotpath
  hot path:                 FrontLidarDriver/RearLidarDriver -> ObjectCollisionEstimator
  hot path latency:         366.38ms [min=292.766ms, max=389.332ms, average=335.894ms, deviation=36.1029ms]
  hot path drops:           1 [min=0, max=1, average=0.142857, deviation=0.377964]
  behavior planner period:  273.395ms [min=91.1287ms, max=273.395ms, average=166.623ms, deviation=59.087ms]
----------------------------------------------------------

----------------------------------------------------------
sample path: (IntersectionOutput) 
  order timepoint           sequence nr.                  node name     dropped samples
latency

Statistics:
  latency:                  173.735ms [min=152.58ms, max=245.555ms, average=182.51ms, deviation=29.5968ms]
----------------------------------------------------------

----------------------------------------------------------
sample path: (VehicleDBWSystem) 
  order timepoint           sequence nr.                  node name     dropped samples
bp period
latency

Statistics:
  latency:                  854.355ms [min=649.177ms, max=971.55ms, average=806.125ms, deviation=109.738ms]
hotpath
  hot path:                 FrontLidarDriver/RearLidarDriver -> ObjectCollisionEstimator
  hot path latency:         383.432ms [min=292.766ms, max=389.332ms, average=341.836ms, deviation=37.4126ms]
  hot path drops:           0 [min=0, max=1, average=0.125, deviation=0.353553]
  behavior planner period:  157.142ms [min=91.1287ms, max=273.395ms, average=165.268ms, deviation=54.0577ms]
----------------------------------------------------------

----------------------------------------------------------
sample path: (IntersectionOutput) 
  order timepoint           sequence nr.                  node name     dropped samples
latency

Statistics:
  latency:                  180.265ms [min=152.58ms, max=245.555ms, average=182.306ms, deviation=28.0861ms]
----------------------------------------------------------

----------------------------------------------------------
sample path: (VehicleDBWSystem) 
  order timepoint           sequence nr.                  node name     dropped samples
bp period
latency

Statistics:
  latency:                  847.51ms [min=649.177ms, max=971.55ms, average=810.723ms, deviation=103.573ms]
hotpath
  hot path:                 FrontLidarDriver/RearLidarDriver -> ObjectCollisionEstimator
  hot path latency:         390.212ms [min=292.766ms, max=390.212ms, average=347.211ms, deviation=38.5326ms]
  hot path drops:           0 [min=0, max=1, average=0.111111, deviation=0.333333]
  behavior planner period:  173.817ms [min=91.1287ms, max=273.395ms, average=166.337ms, deviation=50.1389ms]
----------------------------------------------------------

----------------------------------------------------------
sample path: (IntersectionOutput) 
  order timepoint           sequence nr.                  node name     dropped samples
latency

Statistics:
  latency:                  159.154ms [min=152.58ms, max=245.555ms, average=180.377ms, deviation=27.6005ms]
----------------------------------------------------------

----------------------------------------------------------
sample path: (VehicleDBWSystem) 
  order timepoint           sequence nr.                  node name     dropped samples
bp period
latency

Statistics:
  latency:                  781.285ms [min=649.177ms, max=971.55ms, average=807.779ms, deviation=98.0927ms]
hotpath
  hot path:                 FrontLidarDriver/RearLidarDriver -> ObjectCollisionEstimator
  hot path latency:         398.024ms [min=292.766ms, max=398.024ms, average=352.292ms, deviation=39.7238ms]
  hot path drops:           0 [min=0, max=1, average=0.1, deviation=0.316228]
  behavior planner period:  243.335ms [min=91.1287ms, max=273.395ms, average=174.892ms, deviation=53.4641ms]
----------------------------------------------------------

----------------------------------------------------------
sample path: (IntersectionOutput) 
  order timepoint           sequence nr.                  node name     dropped samples
latency

Statistics:
  latency:                  183.813ms [min=152.58ms, max=245.555ms, average=180.641ms, deviation=26.4427ms]
----------------------------------------------------------

----------------------------------------------------------
sample path: (VehicleDBWSystem) 
  order timepoint           sequence nr.                  node name     dropped samples
bp period
latency

Statistics:
  latency:                  785.944ms [min=649.177ms, max=971.55ms, average=805.794ms, deviation=93.2915ms]
hotpath
  hot path:                 FrontLidarDriver/RearLidarDriver -> ObjectCollisionEstimator
  hot path latency:         388.352ms [min=292.766ms, max=398.024ms, average=355.571ms, deviation=39.2223ms]
  hot path drops:           0 [min=0, max=1, average=0.0909091, deviation=0.301511]
  behavior planner period:  161.001ms [min=91.1287ms, max=273.395ms, average=173.503ms, deviation=50.5975ms]
----------------------------------------------------------

----------------------------------------------------------
sample path: (IntersectionOutput) 
  order timepoint           sequence nr.                  node name     dropped samples
latency

Statistics:
  latency:                  180.97ms [min=152.58ms, max=245.555ms, average=180.665ms, deviation=25.4054ms]
----------------------------------------------------------

----------------------------------------------------------
sample path: (VehicleDBWSystem) 
  order timepoint           sequence nr.                  node name     dropped samples
bp period
latency

Statistics:
  latency:                  795.482ms [min=649.177ms, max=971.55ms, average=804.935ms, deviation=88.9997ms]
hotpath
  hot path:                 FrontLidarDriver/RearLidarDriver -> ObjectCollisionEstimator
  hot path latency:         383.399ms [min=292.766ms, max=398.024ms, average=357.89ms, deviation=38.2501ms]
  hot path drops:           0 [min=0, max=1, average=0.0833333, deviation=0.288675]
  behavior planner period:  192.489ms [min=91.1287ms, max=273.395ms, average=175.229ms, deviation=48.3411ms]
----------------------------------------------------------

----------------------------------------------------------
sample path: (IntersectionOutput) 
  order timepoint           sequence nr.                  node name     dropped samples
latency

Statistics:
  latency:                  178.658ms [min=152.58ms, max=245.555ms, average=180.531ms, deviation=24.4868ms]
----------------------------------------------------------

----------------------------------------------------------
sample path: (VehicleDBWSystem) 
  order timepoint           sequence nr.                  node name     dropped samples
bp period
latency

Statistics:
  latency:                  798.601ms [min=649.177ms, max=971.55ms, average=804.448ms, deviation=85.2289ms]
hotpath
  hot path:                 FrontLidarDriver/RearLidarDriver -> ObjectCollisionEstimator
  hot path latency:         406.414ms [min=292.766ms, max=406.414ms, average=361.622ms, deviation=39.0164ms]
  hot path drops:           0 [min=0, max=1, average=0.0769231, deviation=0.27735]
  behavior planner period:  171.675ms [min=91.1287ms, max=273.395ms, average=174.933ms, deviation=46.1028ms]
----------------------------------------------------------

----------------------------------------------------------
sample path: (IntersectionOutput) 
  order timepoint           sequence nr.                  node name     dropped samples
latency

Statistics:
  latency:                  158.578ms [min=152.58ms, max=245.555ms, average=179.159ms, deviation=24.2848ms]
----------------------------------------------------------

----------------------------------------------------------
sample path: (VehicleDBWSystem) 
  order timepoint           sequence nr.                  node name     dropped samples
bp period
latency

Statistics:
  latency:                  847.226ms [min=649.177ms, max=971.55ms, average=807.503ms, deviation=82.6795ms]
hotpath
  hot path:                 FrontLidarDriver/RearLidarDriver -> ObjectCollisionEstimator
  hot path latency:         417.501ms [min=292.766ms, max=417.501ms, average=365.614ms, deviation=40.351ms]
  hot path drops:           0 [min=0, max=1, average=0.0714286, deviation=0.267261]
  behavior planner period:  189.44ms [min=91.1287ms, max=273.395ms, average=176.049ms, deviation=44.3231ms]
----------------------------------------------------------

----------------------------------------------------------
sample path: (IntersectionOutput) 
  order timepoint           sequence nr.                  node name     dropped samples
latency

Statistics:
  latency:                  144.902ms [min=144.902ms, max=245.555ms, average=177.144ms, deviation=24.9384ms]
----------------------------------------------------------

----------------------------------------------------------
sample path: (VehicleDBWSystem) 
  order timepoint           sequence nr.                  node name     dropped samples
bp period
latency

Statistics:
  latency:                  714.336ms [min=649.177ms, max=971.55ms, average=801.292ms, deviation=83.2244ms]
hotpath
  hot path:                 FrontLidarDriver/RearLidarDriver -> ObjectCollisionEstimator
  hot path latency:         401.504ms [min=292.766ms, max=417.501ms, average=368.006ms, deviation=39.9723ms]
  hot path drops:           0 [min=0, max=1, average=0.0666667, deviation=0.258199]
  behavior planner period:  166.74ms [min=91.1287ms, max=273.395ms, average=175.384ms, deviation=42.6569ms]
----------------------------------------------------------

----------------------------------------------------------
sample path: (IntersectionOutput) 
  order timepoint           sequence nr.                  node name     dropped samples
latency

Statistics:
  latency:                  124.089ms [min=124.089ms, max=245.555ms, average=174.196ms, deviation=27.2345ms]
----------------------------------------------------------

----------------------------------------------------------
sample path: (IntersectionOutput) 
  order timepoint           sequence nr.                  node name     dropped samples
latency

Statistics:
  latency:                  170.046ms [min=124.089ms, max=245.555ms, average=173.978ms, deviation=26.4843ms]
----------------------------------------------------------

----------------------------------------------------------
sample path: (IntersectionOutput) 
  order timepoint           sequence nr.                  node name     dropped samples
latency

Statistics:
  latency:                  178.449ms [min=124.089ms, max=245.555ms, average=174.201ms, deviation=25.7973ms]
----------------------------------------------------------

----------------------------------------------------------
sample path: (VehicleDBWSystem) 
  order timepoint           sequence nr.                  node name     dropped samples
bp period
latency

Statistics:
  latency:                  649.815ms [min=649.177ms, max=971.55ms, average=791.825ms, deviation=88.8742ms]
hotpath
  hot path:                 FrontLidarDriver/RearLidarDriver -> ObjectCollisionEstimator
  hot path latency:         22.2366ms [min=22.2366ms, max=417.501ms, average=346.396ms, deviation=94.676ms]
  hot path drops:           1 [min=0, max=1, average=0.125, deviation=0.341565]
  behavior planner period:  178.487ms [min=91.1287ms, max=273.395ms, average=175.591ms, deviation=41.113ms]
----------------------------------------------------------

----------------------------------------------------------
sample path: (IntersectionOutput) 
  order timepoint           sequence nr.                  node name     dropped samples
latency

Statistics:
  latency:                  152.027ms [min=124.089ms, max=245.555ms, average=173.146ms, deviation=25.6055ms]
----------------------------------------------------------

----------------------------------------------------------
sample path: (VehicleDBWSystem) 
  order timepoint           sequence nr.                  node name     dropped samples
bp period
latency

Statistics:
  latency:                  870.959ms [min=649.177ms, max=971.55ms, average=796.48ms, deviation=88.1665ms]
hotpath
  hot path:                 FrontLidarDriver/RearLidarDriver -> ObjectCollisionEstimator
  hot path latency:         300.846ms [min=22.2366ms, max=417.501ms, average=343.716ms, deviation=92.333ms]
  hot path drops:           1 [min=0, max=1, average=0.176471, deviation=0.392953]
  behavior planner period:  157.08ms [min=91.1287ms, max=273.395ms, average=174.434ms, deviation=39.9876ms]
----------------------------------------------------------

----------------------------------------------------------
sample path: (IntersectionOutput) 
  order timepoint           sequence nr.                  node name     dropped samples
latency

Statistics:
  latency:                  177.505ms [min=124.089ms, max=245.555ms, average=173.344ms, deviation=25.0057ms]
----------------------------------------------------------

----------------------------------------------------------
sample path: (VehicleDBWSystem) 
  order timepoint           sequence nr.                  node name     dropped samples
bp period
latency

Statistics:
  latency:                  900.632ms [min=649.177ms, max=971.55ms, average=802.266ms, deviation=88.9872ms]
hotpath
  hot path:                 FrontLidarDriver/RearLidarDriver -> ObjectCollisionEstimator
  hot path latency:         312.862ms [min=22.2366ms, max=417.501ms, average=342.002ms, deviation=89.8708ms]
  hot path drops:           0 [min=0, max=1, average=0.166667, deviation=0.383482]
  behavior planner period:  160.954ms [min=91.1287ms, max=273.395ms, average=173.641ms, deviation=38.8556ms]
----------------------------------------------------------

----------------------------------------------------------
sample path: (IntersectionOutput) 
  order timepoint           sequence nr.                  node name     dropped samples
latency

Statistics:
  latency:                  174.643ms [min=124.089ms, max=245.555ms, average=173.4ms, deviation=24.4323ms]
----------------------------------------------------------

----------------------------------------------------------
sample path: (VehicleDBWSystem) 
  order timepoint           sequence nr.                  node name     dropped samples
bp period
latency

Statistics:
  latency:                  776.633ms [min=649.177ms, max=971.55ms, average=800.917ms, deviation=86.6797ms]
hotpath
  hot path:                 FrontLidarDriver/RearLidarDriver -> ObjectCollisionEstimator
  hot path latency:         380.542ms [min=22.2366ms, max=417.501ms, average=344.031ms, deviation=87.7852ms]
  hot path drops:           1 [min=0, max=1, average=0.210526, deviation=0.418854]
  behavior planner period:  176.394ms [min=91.1287ms, max=273.395ms, average=173.794ms, deviation=37.7011ms]
----------------------------------------------------------

----------------------------------------------------------
sample path: (IntersectionOutput) 
  order timepoint           sequence nr.                  node name     dropped samples
latency

Statistics:
  latency:                  170.332ms [min=124.089ms, max=245.555ms, average=173.272ms, deviation=23.9035ms]
----------------------------------------------------------

----------------------------------------------------------
sample path: (VehicleDBWSystem) 
  order timepoint           sequence nr.                  node name     dropped samples
bp period
latency

Statistics:
  latency:                  777.183ms [min=649.177ms, max=971.55ms, average=799.73ms, deviation=84.5346ms]
hotpath
  hot path:                 FrontLidarDriver/RearLidarDriver -> ObjectCollisionEstimator
  hot path latency:         398.261ms [min=22.2366ms, max=417.501ms, average=346.742ms, deviation=86.3ms]
  hot path drops:           0 [min=0, max=1, average=0.2, deviation=0.410391]
  behavior planner period:  174.078ms [min=91.1287ms, max=273.395ms, average=173.809ms, deviation=36.6389ms]
----------------------------------------------------------

----------------------------------------------------------
sample path: (IntersectionOutput) 
  order timepoint           sequence nr.                  node name     dropped samples
latency

Statistics:
  latency:                  157.581ms [min=124.089ms, max=245.555ms, average=172.645ms, deviation=23.6097ms]
----------------------------------------------------------

----------------------------------------------------------
sample path: (VehicleDBWSystem) 
  order timepoint           sequence nr.                  node name     dropped samples
bp period
latency

Statistics:
  latency:                  797.94ms [min=649.177ms, max=971.55ms, average=799.645ms, deviation=82.3951ms]
hotpath
  hot path:                 FrontLidarDriver/RearLidarDriver -> ObjectCollisionEstimator
  hot path latency:         406.891ms [min=22.2366ms, max=417.501ms, average=349.606ms, deviation=85.1327ms]
  hot path drops:           0 [min=0, max=1, average=0.190476, deviation=0.402374]
  behavior planner period:  172.8ms [min=91.1287ms, max=273.395ms, average=173.758ms, deviation=35.6624ms]
----------------------------------------------------------

----------------------------------------------------------
sample path: (IntersectionOutput) 
  order timepoint           sequence nr.                  node name     dropped samples
latency

Statistics:
  latency:                  181.647ms [min=124.089ms, max=245.555ms, average=172.991ms, deviation=23.1999ms]
----------------------------------------------------------

