----------------------------------------------------------
sample path: (VehicleDBWSystem) 
  order timepoint           sequence nr.                  node name     dropped samples
latency

Statistics:
  latency:                  728.956ms [min=728.956ms, max=728.956ms, average=728.956ms, deviation=-nanms]
  behavior planner period:  0ms [min=1.84467e+13ms, max=0ms, average=0ms, deviation=0ms]
----------------------------------------------------------

----------------------------------------------------------
sample path: (IntersectionOutput) 
  order timepoint           sequence nr.                  node name     dropped samples
latency

Statistics:
  latency:                  181.949ms [min=181.949ms, max=181.949ms, average=181.949ms, deviation=-nanms]
----------------------------------------------------------

----------------------------------------------------------
sample path: (VehicleDBWSystem) 
  order timepoint           sequence nr.                  node name     dropped samples
bp period
latency

Statistics:
  latency:                  755.31ms [min=728.956ms, max=755.31ms, average=742.133ms, deviation=18.635ms]
  behavior planner period:  98.6135ms [min=98.6135ms, max=98.6135ms, average=98.6135ms, deviation=-nanms]
----------------------------------------------------------

----------------------------------------------------------
sample path: (IntersectionOutput) 
  order timepoint           sequence nr.                  node name     dropped samples
latency

Statistics:
  latency:                  181.802ms [min=181.802ms, max=181.949ms, average=181.875ms, deviation=0.103668ms]
----------------------------------------------------------

----------------------------------------------------------
sample path: (VehicleDBWSystem) 
  order timepoint           sequence nr.                  node name     dropped samples
bp period
latency

Statistics:
  latency:                  972.559ms [min=728.956ms, max=972.559ms, average=818.942ms, deviation=133.687ms]
  behavior planner period:  96.8816ms [min=96.8816ms, max=98.6135ms, average=97.7475ms, deviation=1.22464ms]
----------------------------------------------------------

----------------------------------------------------------
sample path: (IntersectionOutput) 
  order timepoint           sequence nr.                  node name     dropped samples
latency

Statistics:
  latency:                  201.637ms [min=181.802ms, max=201.637ms, average=188.463ms, deviation=11.4097ms]
----------------------------------------------------------

----------------------------------------------------------
sample path: (VehicleDBWSystem) 
  order timepoint           sequence nr.                  node name     dropped samples
bp period
latency

Statistics:
  latency:                  933.218ms [min=728.956ms, max=972.559ms, average=847.511ms, deviation=123.206ms]
hotpath
  hot path:                 FrontLidarDriver/RearLidarDriver -> ObjectCollisionEstimator
  hot path latency:         451.607ms [min=451.607ms, max=451.607ms, average=451.607ms, deviation=-nanms]
  hot path drops:           2 [min=2, max=2, average=2, deviation=-nan]
  behavior planner period:  97.1117ms [min=96.8816ms, max=98.6135ms, average=97.5356ms, deviation=0.94056ms]
----------------------------------------------------------

----------------------------------------------------------
sample path: (IntersectionOutput) 
  order timepoint           sequence nr.                  node name     dropped samples
latency

Statistics:
  latency:                  221.494ms [min=181.802ms, max=221.494ms, average=196.72ms, deviation=18.9617ms]
----------------------------------------------------------

----------------------------------------------------------
sample path: (VehicleDBWSystem) 
  order timepoint           sequence nr.                  node name     dropped samples
bp period
latency

Statistics:
  latency:                  1026.52ms [min=728.956ms, max=1026.52ms, average=883.312ms, deviation=133.392ms]
hotpath
  hot path:                 FrontLidarDriver/RearLidarDriver -> ObjectCollisionEstimator
  hot path latency:         446.48ms [min=446.48ms, max=451.607ms, average=449.043ms, deviation=3.62533ms]
  hot path drops:           2 [min=2, max=2, average=2, deviation=0]
  behavior planner period:  106.797ms [min=96.8816ms, max=106.797ms, average=99.851ms, deviation=4.69409ms]
----------------------------------------------------------

----------------------------------------------------------
sample path: (IntersectionOutput) 
  order timepoint           sequence nr.                  node name     dropped samples
latency

Statistics:
  latency:                  194.21ms [min=181.802ms, max=221.494ms, average=196.218ms, deviation=16.4597ms]
----------------------------------------------------------

----------------------------------------------------------
sample path: (VehicleDBWSystem) 
  order timepoint           sequence nr.                  node name     dropped samples
bp period
latency

Statistics:
  latency:                  957.012ms [min=728.956ms, max=1026.52ms, average=895.596ms, deviation=123.045ms]
  behavior planner period:  160.153ms [min=96.8816ms, max=160.153ms, average=111.911ms, deviation=27.2727ms]
----------------------------------------------------------

----------------------------------------------------------
sample path: (IntersectionOutput) 
  order timepoint           sequence nr.                  node name     dropped samples
latency

Statistics:
  latency:                  195.481ms [min=181.802ms, max=221.494ms, average=196.096ms, deviation=14.7251ms]
----------------------------------------------------------

----------------------------------------------------------
sample path: (VehicleDBWSystem) 
  order timepoint           sequence nr.                  node name     dropped samples
bp period
latency

Statistics:
  latency:                  1160.1ms [min=728.956ms, max=1160.1ms, average=933.382ms, deviation=150.37ms]
hotpath
  hot path:                 FrontLidarDriver/RearLidarDriver -> ObjectCollisionEstimator
  hot path latency:         477.204ms [min=446.48ms, max=477.204ms, average=458.43ms, deviation=16.4596ms]
  hot path drops:           2 [min=2, max=2, average=2, deviation=0]
  behavior planner period:  207.588ms [min=96.8816ms, max=207.588ms, average=127.858ms, deviation=46.051ms]
----------------------------------------------------------

----------------------------------------------------------
sample path: (IntersectionOutput) 
  order timepoint           sequence nr.                  node name     dropped samples
latency

Statistics:
  latency:                  185.703ms [min=181.802ms, max=221.494ms, average=194.611ms, deviation=14.0042ms]
----------------------------------------------------------

----------------------------------------------------------
sample path: (VehicleDBWSystem) 
  order timepoint           sequence nr.                  node name     dropped samples
bp period
latency

Statistics:
  latency:                  1168.42ms [min=728.956ms, max=1168.42ms, average=962.761ms, deviation=162.13ms]
hotpath
  hot path:                 FrontLidarDriver/RearLidarDriver -> ObjectCollisionEstimator
  hot path latency:         496.327ms [min=446.48ms, max=496.327ms, average=467.905ms, deviation=23.2302ms]
  hot path drops:           2 [min=2, max=2, average=2, deviation=0]
  behavior planner period:  206.551ms [min=96.8816ms, max=207.588ms, average=139.099ms, deviation=51.4968ms]
----------------------------------------------------------

----------------------------------------------------------
sample path: (IntersectionOutput) 
  order timepoint           sequence nr.                  node name     dropped samples
latency

Statistics:
  latency:                  191.891ms [min=181.802ms, max=221.494ms, average=194.271ms, deviation=13.001ms]
----------------------------------------------------------

----------------------------------------------------------
sample path: (VehicleDBWSystem) 
  order timepoint           sequence nr.                  node name     dropped samples
bp period
latency

Statistics:
  latency:                  1230.99ms [min=728.956ms, max=1230.99ms, average=992.565ms, deviation=176.053ms]
hotpath
  hot path:                 FrontLidarDriver/RearLidarDriver -> ObjectCollisionEstimator
  hot path latency:         558.277ms [min=446.48ms, max=558.277ms, average=485.979ms, deviation=45.1459ms]
  hot path drops:           0 [min=0, max=2, average=1.6, deviation=0.894427]
  behavior planner period:  201.571ms [min=96.8816ms, max=207.588ms, average=146.908ms, deviation=52.5444ms]
----------------------------------------------------------

----------------------------------------------------------
sample path: (IntersectionOutput) 
  order timepoint           sequence nr.                  node name     dropped samples
latency

Statistics:
  latency:                  199.304ms [min=181.802ms, max=221.494ms, average=194.83ms, deviation=12.2765ms]
----------------------------------------------------------

----------------------------------------------------------
sample path: (VehicleDBWSystem) 
  order timepoint           sequence nr.                  node name     dropped samples
bp period
latency

Statistics:
  latency:                  1148.54ms [min=728.956ms, max=1230.99ms, average=1008.16ms, deviation=173.158ms]
hotpath
  hot path:                 FrontLidarDriver/RearLidarDriver -> ObjectCollisionEstimator
  hot path latency:         461.15ms [min=446.48ms, max=558.277ms, average=481.841ms, deviation=41.6325ms]
  hot path drops:           2 [min=0, max=2, average=1.66667, deviation=0.816497]
  behavior planner period:  203.218ms [min=96.8816ms, max=207.588ms, average=153.165ms, deviation=52.6128ms]
----------------------------------------------------------

----------------------------------------------------------
sample path: (IntersectionOutput) 
  order timepoint           sequence nr.                  node name     dropped samples
latency

Statistics:
  latency:                  199.568ms [min=181.802ms, max=221.494ms, average=195.304ms, deviation=11.671ms]
----------------------------------------------------------

----------------------------------------------------------
sample path: (VehicleDBWSystem) 
  order timepoint           sequence nr.                  node name     dropped samples
bp period
latency

Statistics:
  latency:                  944.129ms [min=728.956ms, max=1230.99ms, average=1002.34ms, deviation=165.402ms]
hotpath
  hot path:                 FrontLidarDriver/RearLidarDriver -> ObjectCollisionEstimator
  hot path latency:         451.151ms [min=446.48ms, max=558.277ms, average=477.457ms, deviation=39.7359ms]
  hot path drops:           2 [min=0, max=2, average=1.71429, deviation=0.755929]
  behavior planner period:  142.639ms [min=96.8816ms, max=207.588ms, average=152.112ms, deviation=49.7154ms]
----------------------------------------------------------

----------------------------------------------------------
sample path: (IntersectionOutput) 
  order timepoint           sequence nr.                  node name     dropped samples
latency

Statistics:
  latency:                  208.38ms [min=181.802ms, max=221.494ms, average=196.493ms, deviation=11.753ms]
----------------------------------------------------------

----------------------------------------------------------
sample path: (VehicleDBWSystem) 
  order timepoint           sequence nr.                  node name     dropped samples
bp period
latency

Statistics:
  latency:                  1030.99ms [min=728.956ms, max=1230.99ms, average=1004.73ms, deviation=157.922ms]
hotpath
  hot path:                 FrontLidarDriver/RearLidarDriver -> ObjectCollisionEstimator
  hot path latency:         476.027ms [min=446.48ms, max=558.277ms, average=477.278ms, deviation=36.7917ms]
  hot path drops:           2 [min=0, max=2, average=1.75, deviation=0.707107]
  behavior planner period:  105.714ms [min=96.8816ms, max=207.588ms, average=147.894ms, deviation=49.1952ms]
----------------------------------------------------------

----------------------------------------------------------
sample path: (IntersectionOutput) 
  order timepoint           sequence nr.                  node name     dropped samples
latency

Statistics:
  latency:                  189.599ms [min=181.802ms, max=221.494ms, average=195.918ms, deviation=11.3814ms]
----------------------------------------------------------

----------------------------------------------------------
sample path: (VehicleDBWSystem) 
  order timepoint           sequence nr.                  node name     dropped samples
bp period
latency

Statistics:
  latency:                  1028.81ms [min=728.956ms, max=1230.99ms, average=1006.58ms, deviation=151.346ms]
hotpath
  hot path:                 FrontLidarDriver/RearLidarDriver -> ObjectCollisionEstimator
  hot path latency:         481.282ms [min=446.48ms, max=558.277ms, average=477.723ms, deviation=34.4414ms]
  hot path drops:           2 [min=0, max=2, average=1.77778, deviation=0.666667]
  behavior planner period:  109.973ms [min=96.8816ms, max=207.588ms, average=144.734ms, deviation=48.1663ms]
----------------------------------------------------------

----------------------------------------------------------
sample path: (IntersectionOutput) 
  order timepoint           sequence nr.                  node name     dropped samples
latency

Statistics:
  latency:                  189.536ms [min=181.802ms, max=221.494ms, average=195.427ms, deviation=11.0397ms]
----------------------------------------------------------

----------------------------------------------------------
sample path: (VehicleDBWSystem) 
  order timepoint           sequence nr.                  node name     dropped samples
bp period
latency

Statistics:
  latency:                  944.55ms [min=728.956ms, max=1230.99ms, average=1002.15ms, deviation=146.351ms]
hotpath
  hot path:                 FrontLidarDriver/RearLidarDriver -> ObjectCollisionEstimator
  hot path latency:         487.092ms [min=446.48ms, max=558.277ms, average=478.66ms, deviation=32.6065ms]
  hot path drops:           2 [min=0, max=2, average=1.8, deviation=0.632456]
  behavior planner period:  100.534ms [min=96.8816ms, max=207.588ms, average=141.334ms, deviation=47.7173ms]
----------------------------------------------------------

----------------------------------------------------------
sample path: (IntersectionOutput) 
  order timepoint           sequence nr.                  node name     dropped samples
latency

Statistics:
  latency:                  189.509ms [min=181.802ms, max=221.494ms, average=195.004ms, deviation=10.7239ms]
----------------------------------------------------------

----------------------------------------------------------
sample path: (VehicleDBWSystem) 
  order timepoint           sequence nr.                  node name     dropped samples
bp period
latency

Statistics:
  latency:                  934.1ms [min=728.956ms, max=1230.99ms, average=997.613ms, deviation=142.117ms]
hotpath
  hot path:                 FrontLidarDriver/RearLidarDriver -> ObjectCollisionEstimator
  hot path latency:         476.681ms [min=446.48ms, max=558.277ms, average=478.48ms, deviation=30.939ms]
  hot path drops:           2 [min=0, max=2, average=1.81818, deviation=0.603023]
  behavior planner period:  100.473ms [min=96.8816ms, max=207.588ms, average=138.416ms, deviation=47.128ms]
----------------------------------------------------------

----------------------------------------------------------
sample path: (IntersectionOutput) 
  order timepoint           sequence nr.                  node name     dropped samples
latency

Statistics:
  latency:                  189.773ms [min=181.802ms, max=221.494ms, average=194.656ms, deviation=10.4217ms]
----------------------------------------------------------

----------------------------------------------------------
sample path: (VehicleDBWSystem) 
  order timepoint           sequence nr.                  node name     dropped samples
bp period
latency

Statistics:
  latency:                  915.442ms [min=728.956ms, max=1230.99ms, average=992.477ms, deviation=138.827ms]
hotpath
  hot path:                 FrontLidarDriver/RearLidarDriver -> ObjectCollisionEstimator
  hot path latency:         457.643ms [min=446.48ms, max=558.277ms, average=476.743ms, deviation=30.1062ms]
  hot path drops:           2 [min=0, max=2, average=1.83333, deviation=0.57735]
  behavior planner period:  100.479ms [min=96.8816ms, max=207.588ms, average=135.886ms, deviation=46.4581ms]
----------------------------------------------------------

----------------------------------------------------------
sample path: (IntersectionOutput) 
  order timepoint           sequence nr.                  node name     dropped samples
latency

Statistics:
  latency:                  189.767ms [min=181.802ms, max=221.494ms, average=194.35ms, deviation=10.1423ms]
----------------------------------------------------------

----------------------------------------------------------
sample path: (VehicleDBWSystem) 
  order timepoint           sequence nr.                  node name     dropped samples
bp period
latency

Statistics:
  latency:                  982.645ms [min=728.956ms, max=1230.99ms, average=991.899ms, deviation=134.439ms]
hotpath
  hot path:                 FrontLidarDriver/RearLidarDriver -> ObjectCollisionEstimator
  hot path latency:         524.801ms [min=446.48ms, max=558.277ms, average=480.44ms, deviation=31.757ms]
  hot path drops:           0 [min=0, max=2, average=1.69231, deviation=0.751068]
  behavior planner period:  100.61ms [min=96.8816ms, max=207.588ms, average=133.682ms, deviation=45.741ms]
----------------------------------------------------------

----------------------------------------------------------
sample path: (IntersectionOutput) 
  order timepoint           sequence nr.                  node name     dropped samples
latency

Statistics:
  latency:                  189.398ms [min=181.802ms, max=221.494ms, average=194.059ms, deviation=9.89339ms]
----------------------------------------------------------

----------------------------------------------------------
sample path: (VehicleDBWSystem) 
  order timepoint           sequence nr.                  node name     dropped samples
bp period
latency

Statistics:
  latency:                  982.462ms [min=728.956ms, max=1230.99ms, average=991.374ms, deviation=130.444ms]
hotpath
  hot path:                 FrontLidarDriver/RearLidarDriver -> ObjectCollisionEstimator
  hot path latency:         524.96ms [min=446.48ms, max=558.277ms, average=483.62ms, deviation=32.7491ms]
  hot path drops:           0 [min=0, max=2, average=1.57143, deviation=0.851631]
  behavior planner period:  100.615ms [min=96.8816ms, max=207.588ms, average=131.737ms, deviation=45.0088ms]
----------------------------------------------------------

----------------------------------------------------------
sample path: (IntersectionOutput) 
  order timepoint           sequence nr.                  node name     dropped samples
latency

Statistics:
  latency:                  189.488ms [min=181.802ms, max=221.494ms, average=193.805ms, deviation=9.65826ms]
----------------------------------------------------------

----------------------------------------------------------
sample path: (VehicleDBWSystem) 
  order timepoint           sequence nr.                  node name     dropped samples
bp period
latency

Statistics:
  latency:                  982.612ms [min=728.956ms, max=1230.99ms, average=990.913ms, deviation=126.785ms]
hotpath
  hot path:                 FrontLidarDriver/RearLidarDriver -> ObjectCollisionEstimator
  hot path latency:         525.307ms [min=446.48ms, max=558.277ms, average=486.399ms, deviation=33.3428ms]
  hot path drops:           0 [min=0, max=2, average=1.46667, deviation=0.915475]
  behavior planner period:  100.42ms [min=96.8816ms, max=207.588ms, average=129.997ms, deviation=44.2845ms]
----------------------------------------------------------

----------------------------------------------------------
sample path: (IntersectionOutput) 
  order timepoint           sequence nr.                  node name     dropped samples
latency

Statistics:
  latency:                  189.485ms [min=181.802ms, max=221.494ms, average=193.578ms, deviation=9.43833ms]
----------------------------------------------------------

