FrontLidarDriver
RearLidarDriver
PointCloudMap
Visualizer
Lanelet2Map
EuclideanClusterSettings
PointsTransformerFront
PointsTransformerRear
VoxelGridDownsampler
PointCloudMapLoader
RayGroundFilter
ObjectCollisionEstimator
MPCController
ParkingPlanner
LanePlanner
PointCloudFusion
NDTLocalizer
VehicleInterface
Lanelet2GlobalPlanner
Lanelet2MapLoader
BehaviorPlanner
EuclideanClusterDetector
VehicleDBWSystem
IntersectionOutput
EuclideanClusterDetector
ObjectCollisionEstimator
PointCloudFusion
RayGroundFilter
----------------------------------------------------------
sample path: (IntersectionOutput) 
  order timepoint           sequence nr.                  node name     dropped samples
latency

Statistics:
  latency:                  64.3737ms [min=64.3737ms, max=64.3737ms, average=64.3737ms, deviation=-nanms]
----------------------------------------------------------

----------------------------------------------------------
sample path: (VehicleDBWSystem) 
  order timepoint           sequence nr.                  node name     dropped samples
latency

Statistics:
  latency:                  167.262ms [min=167.262ms, max=167.262ms, average=167.262ms, deviation=-nanms]
hotpath
  hot path:                 FrontLidarDriver/RearLidarDriver -> ObjectCollisionEstimator
  hot path latency:         51.3242ms [min=51.3242ms, max=51.3242ms, average=51.3242ms, deviation=-nanms]
  hot path drops:           0 [min=0, max=0, average=0, deviation=-nan]
  behavior planner period:  0ms [min=1.84467e+13ms, max=0ms, average=0ms, deviation=0ms]
----------------------------------------------------------

----------------------------------------------------------
sample path: (IntersectionOutput) 
  order timepoint           sequence nr.                  node name     dropped samples
latency

Statistics:
  latency:                  27.7707ms [min=27.7707ms, max=64.3737ms, average=46.0722ms, deviation=25.8822ms]
----------------------------------------------------------

----------------------------------------------------------
sample path: (IntersectionOutput) 
  order timepoint           sequence nr.                  node name     dropped samples
latency

Statistics:
  latency:                  17.892ms [min=17.892ms, max=64.3737ms, average=36.6788ms, deviation=24.4878ms]
----------------------------------------------------------

----------------------------------------------------------
sample path: (IntersectionOutput) 
  order timepoint           sequence nr.                  node name     dropped samples
latency

Statistics:
  latency:                  17.7197ms [min=17.7197ms, max=64.3737ms, average=31.939ms, deviation=22.1276ms]
----------------------------------------------------------

----------------------------------------------------------
sample path: (IntersectionOutput) 
  order timepoint           sequence nr.                  node name     dropped samples
latency

Statistics:
  latency:                  73.5728ms [min=17.7197ms, max=73.5728ms, average=40.2658ms, deviation=26.7188ms]
----------------------------------------------------------

----------------------------------------------------------
sample path: (IntersectionOutput) 
  order timepoint           sequence nr.                  node name     dropped samples
latency

Statistics:
  latency:                  45.872ms [min=17.7197ms, max=73.5728ms, average=41.2002ms, deviation=24.0074ms]
----------------------------------------------------------

----------------------------------------------------------
sample path: (VehicleDBWSystem) 
  order timepoint           sequence nr.                  node name     dropped samples
bp period
latency

Statistics:
  latency:                  259.624ms [min=167.262ms, max=259.624ms, average=213.443ms, deviation=65.3097ms]
hotpath
  hot path:                 FrontLidarDriver/RearLidarDriver -> ObjectCollisionEstimator
  hot path latency:         45.5252ms [min=45.5252ms, max=51.3242ms, average=48.4247ms, deviation=4.10045ms]
  hot path drops:           0 [min=0, max=0, average=0, deviation=0]
  behavior planner period:  100.007ms [min=100.007ms, max=100.007ms, average=100.007ms, deviation=-nanms]
----------------------------------------------------------

----------------------------------------------------------
sample path: (IntersectionOutput) 
  order timepoint           sequence nr.                  node name     dropped samples
latency

Statistics:
  latency:                  9.44948ms [min=9.44948ms, max=73.5728ms, average=36.6643ms, deviation=24.9862ms]
----------------------------------------------------------

----------------------------------------------------------
sample path: (IntersectionOutput) 
  order timepoint           sequence nr.                  node name     dropped samples
latency

Statistics:
  latency:                  70.3559ms [min=9.44948ms, max=73.5728ms, average=40.8758ms, deviation=26.0195ms]
----------------------------------------------------------

----------------------------------------------------------
sample path: (IntersectionOutput) 
  order timepoint           sequence nr.                  node name     dropped samples
latency

Statistics:
  latency:                  45.7319ms [min=9.44948ms, max=73.5728ms, average=41.4153ms, deviation=24.3928ms]
----------------------------------------------------------

----------------------------------------------------------
sample path: (VehicleDBWSystem) 
  order timepoint           sequence nr.                  node name     dropped samples
bp period
latency

Statistics:
  latency:                  260.179ms [min=167.262ms, max=260.179ms, average=229.021ms, deviation=53.486ms]
hotpath
  hot path:                 FrontLidarDriver/RearLidarDriver -> ObjectCollisionEstimator
  hot path latency:         56.3546ms [min=45.5252ms, max=56.3546ms, average=51.068ms, deviation=5.41924ms]
  hot path drops:           0 [min=0, max=0, average=0, deviation=0]
  behavior planner period:  100.017ms [min=100.007ms, max=100.017ms, average=100.012ms, deviation=0.00707107ms]
----------------------------------------------------------

----------------------------------------------------------
sample path: (IntersectionOutput) 
  order timepoint           sequence nr.                  node name     dropped samples
latency

Statistics:
  latency:                  36.8513ms [min=9.44948ms, max=73.5728ms, average=40.9589ms, deviation=23.043ms]
----------------------------------------------------------

----------------------------------------------------------
sample path: (IntersectionOutput) 
  order timepoint           sequence nr.                  node name     dropped samples
latency

Statistics:
  latency:                  18.5823ms [min=9.44948ms, max=73.5728ms, average=38.9247ms, deviation=22.8779ms]
----------------------------------------------------------

----------------------------------------------------------
sample path: (IntersectionOutput) 
  order timepoint           sequence nr.                  node name     dropped samples
latency

Statistics:
  latency:                  58.2904ms [min=9.44948ms, max=73.5728ms, average=40.5385ms, deviation=22.5182ms]
----------------------------------------------------------

----------------------------------------------------------
sample path: (IntersectionOutput) 
  order timepoint           sequence nr.                  node name     dropped samples
latency

Statistics:
  latency:                  36.7049ms [min=9.44948ms, max=73.5728ms, average=40.2436ms, deviation=21.5858ms]
----------------------------------------------------------

----------------------------------------------------------
sample path: (VehicleDBWSystem) 
  order timepoint           sequence nr.                  node name     dropped samples
bp period
latency

Statistics:
  latency:                  279.331ms [min=167.262ms, max=279.331ms, average=241.599ms, deviation=50.3977ms]
hotpath
  hot path:                 FrontLidarDriver/RearLidarDriver -> ObjectCollisionEstimator
  hot path latency:         53.0579ms [min=45.5252ms, max=56.3546ms, average=51.5655ms, deviation=4.53527ms]
  hot path drops:           0 [min=0, max=0, average=0, deviation=0]
  behavior planner period:  100.008ms [min=100.007ms, max=100.017ms, average=100.011ms, deviation=0.00560807ms]
----------------------------------------------------------

----------------------------------------------------------
sample path: (IntersectionOutput) 
  order timepoint           sequence nr.                  node name     dropped samples
latency

Statistics:
  latency:                  36.7321ms [min=9.44948ms, max=73.5728ms, average=39.9928ms, deviation=20.7602ms]
----------------------------------------------------------

----------------------------------------------------------
sample path: (IntersectionOutput) 
  order timepoint           sequence nr.                  node name     dropped samples
latency

Statistics:
  latency:                  32.8ms [min=9.44948ms, max=73.5728ms, average=39.5133ms, deviation=20.091ms]
----------------------------------------------------------

----------------------------------------------------------
sample path: (IntersectionOutput) 
  order timepoint           sequence nr.                  node name     dropped samples
latency

Statistics:
  latency:                  40.2527ms [min=9.44948ms, max=73.5728ms, average=39.5595ms, deviation=19.4106ms]
----------------------------------------------------------

----------------------------------------------------------
sample path: (VehicleDBWSystem) 
  order timepoint           sequence nr.                  node name     dropped samples
bp period
latency

Statistics:
  latency:                  166.824ms [min=166.824ms, max=279.331ms, average=226.644ms, deviation=54.9837ms]
hotpath
  hot path:                 FrontLidarDriver/RearLidarDriver -> ObjectCollisionEstimator
  hot path latency:         51.3938ms [min=45.5252ms, max=56.3546ms, average=51.5311ms, deviation=3.92841ms]
  hot path drops:           0 [min=0, max=0, average=0, deviation=0]
  behavior planner period:  99.9899ms [min=99.9899ms, max=100.017ms, average=100.005ms, deviation=0.0113793ms]
----------------------------------------------------------

----------------------------------------------------------
sample path: (IntersectionOutput) 
  order timepoint           sequence nr.                  node name     dropped samples
latency

Statistics:
  latency:                  27.6125ms [min=9.44948ms, max=73.5728ms, average=38.8567ms, deviation=19.0163ms]
----------------------------------------------------------

----------------------------------------------------------
sample path: (IntersectionOutput) 
  order timepoint           sequence nr.                  node name     dropped samples
latency

Statistics:
  latency:                  36.6296ms [min=9.44948ms, max=73.5728ms, average=38.733ms, deviation=18.456ms]
----------------------------------------------------------

----------------------------------------------------------
sample path: (IntersectionOutput) 
  order timepoint           sequence nr.                  node name     dropped samples
latency

Statistics:
  latency:                  25.3444ms [min=9.44948ms, max=73.5728ms, average=38.0283ms, deviation=18.1971ms]
----------------------------------------------------------

----------------------------------------------------------
sample path: (IntersectionOutput) 
  order timepoint           sequence nr.                  node name     dropped samples
latency

Statistics:
  latency:                  30.8393ms [min=9.44948ms, max=73.5728ms, average=37.6689ms, deviation=17.7846ms]
----------------------------------------------------------

----------------------------------------------------------
sample path: (VehicleDBWSystem) 
  order timepoint           sequence nr.                  node name     dropped samples
bp period
latency

Statistics:
  latency:                  157.482ms [min=157.482ms, max=279.331ms, average=215.117ms, deviation=56.7079ms]
hotpath
  hot path:                 FrontLidarDriver/RearLidarDriver -> ObjectCollisionEstimator
  hot path latency:         63.5387ms [min=45.5252ms, max=63.5387ms, average=53.5324ms, deviation=6.03126ms]
  hot path drops:           0 [min=0, max=0, average=0, deviation=0]
  behavior planner period:  99.9928ms [min=99.9899ms, max=100.017ms, average=100.003ms, deviation=0.0113798ms]
----------------------------------------------------------

----------------------------------------------------------
sample path: (IntersectionOutput) 
  order timepoint           sequence nr.                  node name     dropped samples
latency

Statistics:
  latency:                  36.6965ms [min=9.44948ms, max=73.5728ms, average=37.6226ms, deviation=17.3356ms]
----------------------------------------------------------

----------------------------------------------------------
sample path: (IntersectionOutput) 
  order timepoint           sequence nr.                  node name     dropped samples
latency

Statistics:
  latency:                  28.0154ms [min=9.44948ms, max=73.5728ms, average=37.1859ms, deviation=17.0413ms]
----------------------------------------------------------

----------------------------------------------------------
sample path: (IntersectionOutput) 
  order timepoint           sequence nr.                  node name     dropped samples
latency

Statistics:
  latency:                  34.9282ms [min=9.44948ms, max=73.5728ms, average=37.0877ms, deviation=16.6562ms]
----------------------------------------------------------

----------------------------------------------------------
sample path: (IntersectionOutput) 
  order timepoint           sequence nr.                  node name     dropped samples
latency

Statistics:
  latency:                  29.9691ms [min=9.44948ms, max=73.5728ms, average=36.7911ms, deviation=16.3547ms]
----------------------------------------------------------

----------------------------------------------------------
sample path: (VehicleDBWSystem) 
  order timepoint           sequence nr.                  node name     dropped samples
bp period
latency

Statistics:
  latency:                  159.644ms [min=157.482ms, max=279.331ms, average=207.192ms, deviation=55.8518ms]
hotpath
  hot path:                 FrontLidarDriver/RearLidarDriver -> ObjectCollisionEstimator
  hot path latency:         65.7504ms [min=45.5252ms, max=65.7504ms, average=55.2778ms, deviation=7.18604ms]
  hot path drops:           0 [min=0, max=0, average=0, deviation=0]
  behavior planner period:  99.9863ms [min=99.9863ms, max=100.017ms, average=100ms, deviation=0.0122463ms]
----------------------------------------------------------

----------------------------------------------------------
sample path: (IntersectionOutput) 
  order timepoint           sequence nr.                  node name     dropped samples
latency

Statistics:
  latency:                  25.8819ms [min=9.44948ms, max=73.5728ms, average=36.3547ms, deviation=16.1584ms]
----------------------------------------------------------

----------------------------------------------------------
sample path: (IntersectionOutput) 
  order timepoint           sequence nr.                  node name     dropped samples
latency

Statistics:
  latency:                  17.9099ms [min=9.44948ms, max=73.5728ms, average=35.6453ms, deviation=16.2399ms]
----------------------------------------------------------

----------------------------------------------------------
sample path: (IntersectionOutput) 
  order timepoint           sequence nr.                  node name     dropped samples
latency

Statistics:
  latency:                  55.2331ms [min=9.44948ms, max=73.5728ms, average=36.3708ms, deviation=16.3646ms]
----------------------------------------------------------

----------------------------------------------------------
sample path: (IntersectionOutput) 
  order timepoint           sequence nr.                  node name     dropped samples
latency

Statistics:
  latency:                  38.7002ms [min=9.44948ms, max=73.5728ms, average=36.454ms, deviation=16.0647ms]
----------------------------------------------------------

----------------------------------------------------------
sample path: (VehicleDBWSystem) 
  order timepoint           sequence nr.                  node name     dropped samples
bp period
latency

Statistics:
  latency:                  266.033ms [min=157.482ms, max=279.331ms, average=214.547ms, deviation=55.7367ms]
hotpath
  hot path:                 FrontLidarDriver/RearLidarDriver -> ObjectCollisionEstimator
  hot path latency:         54.477ms [min=45.5252ms, max=65.7504ms, average=55.1777ms, deviation=6.659ms]
  hot path drops:           0 [min=0, max=0, average=0, deviation=0]
  behavior planner period:  100.001ms [min=99.9863ms, max=100.017ms, average=100ms, deviation=0.0111809ms]
----------------------------------------------------------

----------------------------------------------------------
sample path: (IntersectionOutput) 
  order timepoint           sequence nr.                  node name     dropped samples
latency

Statistics:
  latency:                  27.5336ms [min=9.44948ms, max=73.5728ms, average=36.1464ms, deviation=15.862ms]
----------------------------------------------------------

----------------------------------------------------------
sample path: (IntersectionOutput) 
  order timepoint           sequence nr.                  node name     dropped samples
latency

Statistics:
  latency:                  17.4153ms [min=9.44948ms, max=73.5728ms, average=35.522ms, deviation=15.9569ms]
----------------------------------------------------------

----------------------------------------------------------
sample path: (IntersectionOutput) 
  order timepoint           sequence nr.                  node name     dropped samples
latency

Statistics:
  latency:                  61.4325ms [min=9.44948ms, max=73.5728ms, average=36.3578ms, deviation=16.3643ms]
----------------------------------------------------------

----------------------------------------------------------
sample path: (IntersectionOutput) 
  order timepoint           sequence nr.                  node name     dropped samples
latency

Statistics:
  latency:                  65.9662ms [min=9.44948ms, max=73.5728ms, average=37.2831ms, deviation=16.9277ms]
----------------------------------------------------------

----------------------------------------------------------
sample path: (VehicleDBWSystem) 
  order timepoint           sequence nr.                  node name     dropped samples
bp period
latency

Statistics:
  latency:                  267.612ms [min=157.482ms, max=279.331ms, average=220.443ms, deviation=55.0557ms]
hotpath
  hot path:                 FrontLidarDriver/RearLidarDriver -> ObjectCollisionEstimator
  hot path latency:         57.6153ms [min=45.5252ms, max=65.7504ms, average=55.4486ms, deviation=6.2817ms]
  hot path drops:           0 [min=0, max=0, average=0, deviation=0]
  behavior planner period:  100.018ms [min=99.9863ms, max=100.018ms, average=100.002ms, deviation=0.0120286ms]
----------------------------------------------------------

----------------------------------------------------------
sample path: (IntersectionOutput) 
  order timepoint           sequence nr.                  node name     dropped samples
latency

Statistics:
  latency:                  46.0224ms [min=9.44948ms, max=73.5728ms, average=37.5479ms, deviation=16.7305ms]
----------------------------------------------------------

----------------------------------------------------------
sample path: (IntersectionOutput) 
  order timepoint           sequence nr.                  node name     dropped samples
latency

Statistics:
  latency:                  27.6531ms [min=9.44948ms, max=73.5728ms, average=37.2569ms, deviation=16.5622ms]
----------------------------------------------------------

----------------------------------------------------------
sample path: (IntersectionOutput) 
  order timepoint           sequence nr.                  node name     dropped samples
latency

Statistics:
  latency:                  41.7299ms [min=9.44948ms, max=73.5728ms, average=37.3847ms, deviation=16.3343ms]
----------------------------------------------------------

----------------------------------------------------------
sample path: (VehicleDBWSystem) 
  order timepoint           sequence nr.                  node name     dropped samples
bp period
latency

Statistics:
  latency:                  234.64ms [min=157.482ms, max=279.331ms, average=221.863ms, deviation=52.1008ms]
hotpath
  hot path:                 FrontLidarDriver/RearLidarDriver -> ObjectCollisionEstimator
  hot path latency:         52.9972ms [min=45.5252ms, max=65.7504ms, average=55.2034ms, deviation=5.97296ms]
  hot path drops:           0 [min=0, max=0, average=0, deviation=0]
  behavior planner period:  100.004ms [min=99.9863ms, max=100.018ms, average=100.003ms, deviation=0.0112671ms]
----------------------------------------------------------

----------------------------------------------------------
sample path: (IntersectionOutput) 
  order timepoint           sequence nr.                  node name     dropped samples
latency

Statistics:
  latency:                  27.7004ms [min=9.44948ms, max=73.5728ms, average=37.1157ms, deviation=16.18ms]
----------------------------------------------------------

----------------------------------------------------------
sample path: (IntersectionOutput) 
  order timepoint           sequence nr.                  node name     dropped samples
latency

Statistics:
  latency:                  18.6107ms [min=9.44948ms, max=73.5728ms, average=36.6156ms, deviation=16.2411ms]
----------------------------------------------------------

----------------------------------------------------------
sample path: (IntersectionOutput) 
  order timepoint           sequence nr.                  node name     dropped samples
latency

Statistics:
  latency:                  31.8074ms [min=9.44948ms, max=73.5728ms, average=36.489ms, deviation=16.0391ms]
----------------------------------------------------------

----------------------------------------------------------
sample path: (IntersectionOutput) 
  order timepoint           sequence nr.                  node name     dropped samples
latency

Statistics:
  latency:                  21.9021ms [min=9.44948ms, max=73.5728ms, average=36.115ms, deviation=15.9981ms]
----------------------------------------------------------

----------------------------------------------------------
sample path: (VehicleDBWSystem) 
  order timepoint           sequence nr.                  node name     dropped samples
bp period
latency

Statistics:
  latency:                  157.765ms [min=157.482ms, max=279.331ms, average=216.036ms, deviation=53.0712ms]
hotpath
  hot path:                 FrontLidarDriver/RearLidarDriver -> ObjectCollisionEstimator
  hot path latency:         51.5184ms [min=45.5252ms, max=65.7504ms, average=54.8684ms, deviation=5.77435ms]
  hot path drops:           0 [min=0, max=0, average=0, deviation=0]
  behavior planner period:  100.007ms [min=99.9863ms, max=100.018ms, average=100.003ms, deviation=0.0107247ms]
----------------------------------------------------------

----------------------------------------------------------
sample path: (IntersectionOutput) 
  order timepoint           sequence nr.                  node name     dropped samples
latency

Statistics:
  latency:                  36.707ms [min=9.44948ms, max=73.5728ms, average=36.1298ms, deviation=15.792ms]
----------------------------------------------------------

----------------------------------------------------------
sample path: (IntersectionOutput) 
  order timepoint           sequence nr.                  node name     dropped samples
latency

Statistics:
  latency:                  45.896ms [min=9.44948ms, max=73.5728ms, average=36.368ms, deviation=15.6677ms]
----------------------------------------------------------

----------------------------------------------------------
sample path: (IntersectionOutput) 
  order timepoint           sequence nr.                  node name     dropped samples
latency

Statistics:
  latency:                  33.2723ms [min=9.44948ms, max=73.5728ms, average=36.2943ms, deviation=15.4828ms]
----------------------------------------------------------

----------------------------------------------------------
sample path: (IntersectionOutput) 
  order timepoint           sequence nr.                  node name     dropped samples
latency

Statistics:
  latency:                  40.2244ms [min=9.44948ms, max=73.5728ms, average=36.3857ms, deviation=15.3092ms]
----------------------------------------------------------

----------------------------------------------------------
sample path: (VehicleDBWSystem) 
  order timepoint           sequence nr.                  node name     dropped samples
bp period
latency

Statistics:
  latency:                  157.913ms [min=157.482ms, max=279.331ms, average=211.192ms, deviation=53.3106ms]
hotpath
  hot path:                 FrontLidarDriver/RearLidarDriver -> ObjectCollisionEstimator
  hot path latency:         66.6731ms [min=45.5252ms, max=66.6731ms, average=55.8521ms, deviation=6.47492ms]
  hot path drops:           0 [min=0, max=0, average=0, deviation=0]
  behavior planner period:  99.9925ms [min=99.9863ms, max=100.018ms, average=100.002ms, deviation=0.0106645ms]
----------------------------------------------------------

----------------------------------------------------------
sample path: (IntersectionOutput) 
  order timepoint           sequence nr.                  node name     dropped samples
latency

Statistics:
  latency:                  36.6056ms [min=9.44948ms, max=73.5728ms, average=36.3907ms, deviation=15.1301ms]
----------------------------------------------------------

----------------------------------------------------------
sample path: (IntersectionOutput) 
  order timepoint           sequence nr.                  node name     dropped samples
latency

Statistics:
  latency:                  18.6287ms [min=9.44948ms, max=73.5728ms, average=35.996ms, deviation=15.1898ms]
----------------------------------------------------------

----------------------------------------------------------
sample path: (IntersectionOutput) 
  order timepoint           sequence nr.                  node name     dropped samples
latency

Statistics:
  latency:                  35.4522ms [min=9.44948ms, max=73.5728ms, average=35.9842ms, deviation=15.0203ms]
----------------------------------------------------------

----------------------------------------------------------
sample path: (VehicleDBWSystem) 
  order timepoint           sequence nr.                  node name     dropped samples
bp period
latency

Statistics:
  latency:                  159.599ms [min=157.482ms, max=279.331ms, average=207.224ms, deviation=53.0089ms]
hotpath
  hot path:                 FrontLidarDriver/RearLidarDriver -> ObjectCollisionEstimator
  hot path latency:         64.0627ms [min=45.5252ms, max=66.6731ms, average=56.4837ms, deviation=6.60428ms]
  hot path drops:           0 [min=0, max=0, average=0, deviation=0]
  behavior planner period:  99.9697ms [min=99.9697ms, max=100.018ms, average=99.9994ms, deviation=0.013823ms]
----------------------------------------------------------

----------------------------------------------------------
sample path: (IntersectionOutput) 
  order timepoint           sequence nr.                  node name     dropped samples
latency

Statistics:
  latency:                  29.607ms [min=9.44948ms, max=73.5728ms, average=35.8485ms, deviation=14.8852ms]
----------------------------------------------------------

----------------------------------------------------------
sample path: (IntersectionOutput) 
  order timepoint           sequence nr.                  node name     dropped samples
latency

Statistics:
  latency:                  10.3162ms [min=9.44948ms, max=73.5728ms, average=35.3166ms, deviation=15.1801ms]
----------------------------------------------------------

----------------------------------------------------------
sample path: (IntersectionOutput) 
  order timepoint           sequence nr.                  node name     dropped samples
latency

Statistics:
  latency:                  55.1115ms [min=9.44948ms, max=73.5728ms, average=35.7205ms, deviation=15.285ms]
----------------------------------------------------------

----------------------------------------------------------
sample path: (IntersectionOutput) 
  order timepoint           sequence nr.                  node name     dropped samples
latency

Statistics:
  latency:                  38.1393ms [min=9.44948ms, max=73.5728ms, average=35.7689ms, deviation=15.1321ms]
----------------------------------------------------------

----------------------------------------------------------
sample path: (VehicleDBWSystem) 
  order timepoint           sequence nr.                  node name     dropped samples
bp period
latency

Statistics:
  latency:                  266.753ms [min=157.482ms, max=279.331ms, average=211.476ms, deviation=53.3565ms]
hotpath
  hot path:                 FrontLidarDriver/RearLidarDriver -> ObjectCollisionEstimator
  hot path latency:         56.2695ms [min=45.5252ms, max=66.6731ms, average=56.4684ms, deviation=6.34544ms]
  hot path drops:           0 [min=0, max=0, average=0, deviation=0]
  behavior planner period:  100.006ms [min=99.9697ms, max=100.018ms, average=99.9999ms, deviation=0.0133631ms]
----------------------------------------------------------

----------------------------------------------------------
sample path: (IntersectionOutput) 
  order timepoint           sequence nr.                  node name     dropped samples
latency

Statistics:
  latency:                  27.7007ms [min=9.44948ms, max=73.5728ms, average=35.6107ms, deviation=15.0226ms]
----------------------------------------------------------

----------------------------------------------------------
sample path: (IntersectionOutput) 
  order timepoint           sequence nr.                  node name     dropped samples
latency

Statistics:
  latency:                  17.0922ms [min=9.44948ms, max=73.5728ms, average=35.2546ms, deviation=15.0946ms]
----------------------------------------------------------

----------------------------------------------------------
sample path: (IntersectionOutput) 
  order timepoint           sequence nr.                  node name     dropped samples
latency

Statistics:
  latency:                  65.0926ms [min=9.44948ms, max=73.5728ms, average=35.8176ms, deviation=15.5005ms]
----------------------------------------------------------

----------------------------------------------------------
sample path: (IntersectionOutput) 
  order timepoint           sequence nr.                  node name     dropped samples
latency

Statistics:
  latency:                  55.6658ms [min=9.44948ms, max=73.5728ms, average=36.1851ms, deviation=15.5893ms]
----------------------------------------------------------

----------------------------------------------------------
sample path: (VehicleDBWSystem) 
  order timepoint           sequence nr.                  node name     dropped samples
bp period
latency

Statistics:
  latency:                  262.182ms [min=157.482ms, max=279.331ms, average=214.856ms, deviation=53.0563ms]
hotpath
  hot path:                 FrontLidarDriver/RearLidarDriver -> ObjectCollisionEstimator
  hot path latency:         57.7873ms [min=45.5252ms, max=66.6731ms, average=56.5564ms, deviation=6.12409ms]
  hot path drops:           0 [min=0, max=0, average=0, deviation=0]
  behavior planner period:  100.018ms [min=99.9697ms, max=100.018ms, average=100.001ms, deviation=0.0137535ms]
----------------------------------------------------------

----------------------------------------------------------
sample path: (IntersectionOutput) 
  order timepoint           sequence nr.                  node name     dropped samples
latency

Statistics:
  latency:                  56.273ms [min=9.44948ms, max=73.5728ms, average=36.5504ms, deviation=15.68ms]
----------------------------------------------------------

----------------------------------------------------------
sample path: (IntersectionOutput) 
  order timepoint           sequence nr.                  node name     dropped samples
latency

Statistics:
  latency:                  79.4028ms [min=9.44948ms, max=79.4028ms, average=37.3156ms, deviation=16.5585ms]
----------------------------------------------------------

----------------------------------------------------------
sample path: (IntersectionOutput) 
  order timepoint           sequence nr.                  node name     dropped samples
latency

Statistics:
  latency:                  115.117ms [min=9.44948ms, max=115.117ms, average=38.6805ms, deviation=19.3774ms]
----------------------------------------------------------

----------------------------------------------------------
sample path: (VehicleDBWSystem) 
  order timepoint           sequence nr.                  node name     dropped samples
bp period
latency

Statistics:
  latency:                  403.677ms [min=157.482ms, max=403.677ms, average=226.657ms, deviation=69.6825ms]
hotpath
  hot path:                 FrontLidarDriver/RearLidarDriver -> ObjectCollisionEstimator
  hot path latency:         286.702ms [min=45.5252ms, max=286.702ms, average=70.9404ms, deviation=57.8397ms]
  hot path drops:           0 [min=0, max=0, average=0, deviation=0]
  behavior planner period:  99.9952ms [min=99.9697ms, max=100.018ms, average=100.001ms, deviation=0.0133454ms]
----------------------------------------------------------

----------------------------------------------------------
sample path: (IntersectionOutput) 
  order timepoint           sequence nr.                  node name     dropped samples
latency

Statistics:
  latency:                  81.4135ms [min=9.44948ms, max=115.117ms, average=39.4173ms, deviation=20.0095ms]
----------------------------------------------------------

----------------------------------------------------------
sample path: (VehicleDBWSystem) 
  order timepoint           sequence nr.                  node name     dropped samples
bp period
latency

Statistics:
  latency:                  300.657ms [min=157.482ms, max=403.677ms, average=231.01ms, deviation=69.816ms]
hotpath
  hot path:                 FrontLidarDriver/RearLidarDriver -> ObjectCollisionEstimator
  hot path latency:         81.7749ms [min=45.5252ms, max=286.702ms, average=71.5778ms, deviation=56.0647ms]
  hot path drops:           0 [min=0, max=0, average=0, deviation=0]
  behavior planner period:  103.638ms [min=99.9697ms, max=103.638ms, average=100.228ms, deviation=0.909443ms]
----------------------------------------------------------

----------------------------------------------------------
sample path: (IntersectionOutput) 
  order timepoint           sequence nr.                  node name     dropped samples
latency

Statistics:
  latency:                  103.216ms [min=9.44948ms, max=115.117ms, average=40.4986ms, deviation=21.505ms]
----------------------------------------------------------

----------------------------------------------------------
sample path: (IntersectionOutput) 
  order timepoint           sequence nr.                  node name     dropped samples
latency

Statistics:
  latency:                  91.4184ms [min=9.44948ms, max=115.117ms, average=41.3473ms, deviation=22.3123ms]
----------------------------------------------------------

----------------------------------------------------------
sample path: (VehicleDBWSystem) 
  order timepoint           sequence nr.                  node name     dropped samples
bp period
latency

Statistics:
  latency:                  337.614ms [min=157.482ms, max=403.677ms, average=236.933ms, deviation=72.242ms]
hotpath
  hot path:                 FrontLidarDriver/RearLidarDriver -> ObjectCollisionEstimator
  hot path latency:         115.205ms [min=45.5252ms, max=286.702ms, average=74.0015ms, deviation=55.3542ms]
  hot path drops:           0 [min=0, max=0, average=0, deviation=0]
  behavior planner period:  96.3697ms [min=96.3697ms, max=103.638ms, average=100.001ms, deviation=1.28497ms]
----------------------------------------------------------

----------------------------------------------------------
sample path: (IntersectionOutput) 
  order timepoint           sequence nr.                  node name     dropped samples
latency

Statistics:
  latency:                  64.2322ms [min=9.44948ms, max=115.117ms, average=41.7225ms, deviation=22.3188ms]
----------------------------------------------------------

----------------------------------------------------------
sample path: (IntersectionOutput) 
  order timepoint           sequence nr.                  node name     dropped samples
latency

Statistics:
  latency:                  73.5196ms [min=9.44948ms, max=115.117ms, average=42.2353ms, deviation=22.5004ms]
----------------------------------------------------------

----------------------------------------------------------
sample path: (IntersectionOutput) 
  order timepoint           sequence nr.                  node name     dropped samples
latency

Statistics:
  latency:                  73.5207ms [min=9.44948ms, max=115.117ms, average=42.7319ms, deviation=22.6636ms]
----------------------------------------------------------

----------------------------------------------------------
sample path: (IntersectionOutput) 
  order timepoint           sequence nr.                  node name     dropped samples
latency

Statistics:
  latency:                  36.6558ms [min=9.44948ms, max=115.117ms, average=42.637ms, deviation=22.4959ms]
----------------------------------------------------------

----------------------------------------------------------
sample path: (VehicleDBWSystem) 
  order timepoint           sequence nr.                  node name     dropped samples
bp period
latency

Statistics:
  latency:                  223.295ms [min=157.482ms, max=403.677ms, average=236.215ms, deviation=70.2763ms]
hotpath
  hot path:                 FrontLidarDriver/RearLidarDriver -> ObjectCollisionEstimator
  hot path latency:         69.6661ms [min=45.5252ms, max=286.702ms, average=73.7733ms, deviation=53.8038ms]
  hot path drops:           0 [min=0, max=0, average=0, deviation=0]
  behavior planner period:  99.9969ms [min=96.3697ms, max=103.638ms, average=100.001ms, deviation=1.2466ms]
----------------------------------------------------------

----------------------------------------------------------
sample path: (IntersectionOutput) 
  order timepoint           sequence nr.                  node name     dropped samples
latency

Statistics:
  latency:                  27.7499ms [min=9.44948ms, max=115.117ms, average=42.4079ms, deviation=22.3957ms]
----------------------------------------------------------

----------------------------------------------------------
sample path: (IntersectionOutput) 
  order timepoint           sequence nr.                  node name     dropped samples
latency

Statistics:
  latency:                  46.0812ms [min=9.44948ms, max=115.117ms, average=42.4636ms, deviation=22.2273ms]
----------------------------------------------------------

----------------------------------------------------------
sample path: (IntersectionOutput) 
  order timepoint           sequence nr.                  node name     dropped samples
latency

Statistics:
  latency:                  45.5783ms [min=9.44948ms, max=115.117ms, average=42.5101ms, deviation=22.0616ms]
----------------------------------------------------------

----------------------------------------------------------
sample path: (VehicleDBWSystem) 
  order timepoint           sequence nr.                  node name     dropped samples
bp period
latency

Statistics:
  latency:                  257.863ms [min=157.482ms, max=403.677ms, average=237.297ms, deviation=68.573ms]
hotpath
  hot path:                 FrontLidarDriver/RearLidarDriver -> ObjectCollisionEstimator
  hot path latency:         47.1928ms [min=45.5252ms, max=286.702ms, average=72.4443ms, deviation=52.705ms]
  hot path drops:           0 [min=0, max=0, average=0, deviation=0]
  behavior planner period:  99.9777ms [min=96.3697ms, max=103.638ms, average=99.9997ms, deviation=1.21149ms]
----------------------------------------------------------

----------------------------------------------------------
sample path: (IntersectionOutput) 
  order timepoint           sequence nr.                  node name     dropped samples
latency

Statistics:
  latency:                  36.7247ms [min=9.44948ms, max=115.117ms, average=42.425ms, deviation=21.9075ms]
----------------------------------------------------------

----------------------------------------------------------
sample path: (IntersectionOutput) 
  order timepoint           sequence nr.                  node name     dropped samples
latency

Statistics:
  latency:                  36.9196ms [min=9.44948ms, max=115.117ms, average=42.3452ms, deviation=21.756ms]
----------------------------------------------------------

----------------------------------------------------------
sample path: (IntersectionOutput) 
  order timepoint           sequence nr.                  node name     dropped samples
latency

Statistics:
  latency:                  82.6699ms [min=9.44948ms, max=115.117ms, average=42.9213ms, deviation=22.129ms]
----------------------------------------------------------

----------------------------------------------------------
sample path: (VehicleDBWSystem) 
  order timepoint           sequence nr.                  node name     dropped samples
bp period
latency

Statistics:
  latency:                  202.817ms [min=157.482ms, max=403.677ms, average=235.655ms, deviation=67.2589ms]
hotpath
  hot path:                 FrontLidarDriver/RearLidarDriver -> ObjectCollisionEstimator
  hot path latency:         59.1052ms [min=45.5252ms, max=286.702ms, average=71.8091ms, deviation=51.4529ms]
  hot path drops:           0 [min=0, max=0, average=0, deviation=0]
  behavior planner period:  100.027ms [min=96.3697ms, max=103.638ms, average=100.001ms, deviation=1.1792ms]
----------------------------------------------------------

----------------------------------------------------------
sample path: (IntersectionOutput) 
  order timepoint           sequence nr.                  node name     dropped samples
latency

Statistics:
  latency:                  55.0795ms [min=9.44948ms, max=115.117ms, average=43.0925ms, deviation=22.0177ms]
----------------------------------------------------------

----------------------------------------------------------
sample path: (IntersectionOutput) 
  order timepoint           sequence nr.                  node name     dropped samples
latency

Statistics:
  latency:                  27.8061ms [min=9.44948ms, max=115.117ms, average=42.8802ms, deviation=21.9362ms]
----------------------------------------------------------

----------------------------------------------------------
sample path: (IntersectionOutput) 
  order timepoint           sequence nr.                  node name     dropped samples
latency

Statistics:
  latency:                  39.7709ms [min=9.44948ms, max=115.117ms, average=42.8376ms, deviation=21.7864ms]
----------------------------------------------------------

----------------------------------------------------------
sample path: (VehicleDBWSystem) 
  order timepoint           sequence nr.                  node name     dropped samples
bp period
latency

Statistics:
  latency:                  241.172ms [min=157.482ms, max=403.677ms, average=235.906ms, deviation=65.6485ms]
hotpath
  hot path:                 FrontLidarDriver/RearLidarDriver -> ObjectCollisionEstimator
  hot path latency:         71.617ms [min=45.5252ms, max=286.702ms, average=71.8004ms, deviation=50.2129ms]
  hot path drops:           0 [min=0, max=0, average=0, deviation=0]
  behavior planner period:  100.014ms [min=96.3697ms, max=103.638ms, average=100.002ms, deviation=1.14934ms]
----------------------------------------------------------

----------------------------------------------------------
sample path: (IntersectionOutput) 
  order timepoint           sequence nr.                  node name     dropped samples
latency

Statistics:
  latency:                  27.6199ms [min=9.44948ms, max=115.117ms, average=42.632ms, deviation=21.7088ms]
----------------------------------------------------------

----------------------------------------------------------
sample path: (IntersectionOutput) 
  order timepoint           sequence nr.                  node name     dropped samples
latency

Statistics:
  latency:                  18.5868ms [min=9.44948ms, max=115.117ms, average=42.3114ms, deviation=21.7397ms]
----------------------------------------------------------

----------------------------------------------------------
sample path: (IntersectionOutput) 
  order timepoint           sequence nr.                  node name     dropped samples
latency

Statistics:
  latency:                  33.6249ms [min=9.44948ms, max=115.117ms, average=42.1971ms, deviation=21.6172ms]
----------------------------------------------------------

----------------------------------------------------------
sample path: (VehicleDBWSystem) 
  order timepoint           sequence nr.                  node name     dropped samples
bp period
latency

Statistics:
  latency:                  157.704ms [min=157.482ms, max=403.677ms, average=232.506ms, deviation=66.1794ms]
hotpath
  hot path:                 FrontLidarDriver/RearLidarDriver -> ObjectCollisionEstimator
  hot path latency:         51.2453ms [min=45.5252ms, max=286.702ms, average=70.9067ms, deviation=49.2453ms]
  hot path drops:           0 [min=0, max=0, average=0, deviation=0]
  behavior planner period:  99.9835ms [min=96.3697ms, max=103.638ms, average=100.001ms, deviation=1.12165ms]
----------------------------------------------------------

----------------------------------------------------------
sample path: (IntersectionOutput) 
  order timepoint           sequence nr.                  node name     dropped samples
latency

Statistics:
  latency:                  40.4631ms [min=9.44948ms, max=115.117ms, average=42.1746ms, deviation=21.4754ms]
----------------------------------------------------------

----------------------------------------------------------
sample path: (IntersectionOutput) 
  order timepoint           sequence nr.                  node name     dropped samples
latency

Statistics:
  latency:                  27.7848ms [min=9.44948ms, max=115.117ms, average=41.9901ms, deviation=21.3977ms]
----------------------------------------------------------

----------------------------------------------------------
sample path: (IntersectionOutput) 
  order timepoint           sequence nr.                  node name     dropped samples
latency

Statistics:
  latency:                  27.5633ms [min=9.44948ms, max=115.117ms, average=41.8075ms, deviation=21.3219ms]
----------------------------------------------------------

----------------------------------------------------------
sample path: (IntersectionOutput) 
  order timepoint           sequence nr.                  node name     dropped samples
latency

Statistics:
  latency:                  33.2891ms [min=9.44948ms, max=115.117ms, average=41.701ms, deviation=21.2079ms]
----------------------------------------------------------

----------------------------------------------------------
sample path: (VehicleDBWSystem) 
  order timepoint           sequence nr.                  node name     dropped samples
bp period
latency

Statistics:
  latency:                  157.657ms [min=157.482ms, max=403.677ms, average=229.387ms, deviation=66.5036ms]
hotpath
  hot path:                 FrontLidarDriver/RearLidarDriver -> ObjectCollisionEstimator
  hot path latency:         54.9724ms [min=45.5252ms, max=286.702ms, average=70.2427ms, deviation=48.2725ms]
  hot path drops:           0 [min=0, max=0, average=0, deviation=0]
  behavior planner period:  99.9991ms [min=96.3697ms, max=103.638ms, average=100.001ms, deviation=1.09586ms]
----------------------------------------------------------

----------------------------------------------------------
sample path: (IntersectionOutput) 
  order timepoint           sequence nr.                  node name     dropped samples
latency

Statistics:
  latency:                  40.3946ms [min=9.44948ms, max=115.117ms, average=41.6849ms, deviation=21.0755ms]
----------------------------------------------------------

----------------------------------------------------------
sample path: (IntersectionOutput) 
  order timepoint           sequence nr.                  node name     dropped samples
latency

Statistics:
  latency:                  36.8444ms [min=9.44948ms, max=115.117ms, average=41.6258ms, deviation=20.9518ms]
----------------------------------------------------------

----------------------------------------------------------
sample path: (IntersectionOutput) 
  order timepoint           sequence nr.                  node name     dropped samples
latency

Statistics:
  latency:                  27.7311ms [min=9.44948ms, max=115.117ms, average=41.4584ms, deviation=20.8794ms]
----------------------------------------------------------

----------------------------------------------------------
sample path: (IntersectionOutput) 
  order timepoint           sequence nr.                  node name     dropped samples
latency

Statistics:
  latency:                  35.3533ms [min=9.44948ms, max=115.117ms, average=41.3857ms, deviation=20.7639ms]
----------------------------------------------------------

----------------------------------------------------------
sample path: (IntersectionOutput) 
  order timepoint           sequence nr.                  node name     dropped samples
latency

Statistics:
  latency:                  29.3835ms [min=9.44948ms, max=115.117ms, average=41.2445ms, deviation=20.681ms]
----------------------------------------------------------

----------------------------------------------------------
sample path: (VehicleDBWSystem) 
  order timepoint           sequence nr.                  node name     dropped samples
bp period
latency

Statistics:
  latency:                  159.55ms [min=157.482ms, max=403.677ms, average=226.594ms, deviation=66.5848ms]
hotpath
  hot path:                 FrontLidarDriver/RearLidarDriver -> ObjectCollisionEstimator
  hot path latency:         55.182ms [min=45.5252ms, max=286.702ms, average=69.6403ms, deviation=47.3521ms]
  hot path drops:           0 [min=0, max=0, average=0, deviation=0]
  behavior planner period:  99.978ms [min=96.3697ms, max=103.638ms, average=99.9998ms, deviation=1.07178ms]
----------------------------------------------------------

----------------------------------------------------------
sample path: (IntersectionOutput) 
  order timepoint           sequence nr.                  node name     dropped samples
latency

Statistics:
  latency:                  26.1562ms [min=9.44948ms, max=115.117ms, average=41.0691ms, deviation=20.6233ms]
----------------------------------------------------------

----------------------------------------------------------
sample path: (IntersectionOutput) 
  order timepoint           sequence nr.                  node name     dropped samples
latency

Statistics:
  latency:                  17.9504ms [min=9.44948ms, max=115.117ms, average=40.8034ms, deviation=20.6523ms]
----------------------------------------------------------

----------------------------------------------------------
sample path: (IntersectionOutput) 
  order timepoint           sequence nr.                  node name     dropped samples
latency

Statistics:
  latency:                  66.5309ms [min=9.44948ms, max=115.117ms, average=41.0957ms, deviation=20.7156ms]
----------------------------------------------------------

----------------------------------------------------------
sample path: (IntersectionOutput) 
  order timepoint           sequence nr.                  node name     dropped samples
latency

Statistics:
  latency:                  38.3921ms [min=9.44948ms, max=115.117ms, average=41.0653ms, deviation=20.5996ms]
----------------------------------------------------------

----------------------------------------------------------
sample path: (VehicleDBWSystem) 
  order timepoint           sequence nr.                  node name     dropped samples
bp period
latency

Statistics:
  latency:                  267.404ms [min=157.482ms, max=403.677ms, average=228.164ms, deviation=65.7286ms]
hotpath
  hot path:                 FrontLidarDriver/RearLidarDriver -> ObjectCollisionEstimator
  hot path latency:         55.1603ms [min=45.5252ms, max=286.702ms, average=69.0834ms, deviation=46.4822ms]
  hot path drops:           0 [min=0, max=0, average=0, deviation=0]
  behavior planner period:  100.023ms [min=96.3697ms, max=103.638ms, average=100.001ms, deviation=1.04923ms]
----------------------------------------------------------

----------------------------------------------------------
sample path: (IntersectionOutput) 
  order timepoint           sequence nr.                  node name     dropped samples
latency

Statistics:
  latency:                  18.5979ms [min=9.44948ms, max=115.117ms, average=40.8157ms, deviation=20.62ms]
----------------------------------------------------------

----------------------------------------------------------
sample path: (IntersectionOutput) 
  order timepoint           sequence nr.                  node name     dropped samples
latency

Statistics:
  latency:                  15.3452ms [min=9.44948ms, max=115.117ms, average=40.5358ms, deviation=20.6782ms]
----------------------------------------------------------

----------------------------------------------------------
sample path: (IntersectionOutput) 
  order timepoint           sequence nr.                  node name     dropped samples
latency

Statistics:
  latency:                  60.2439ms [min=9.44948ms, max=115.117ms, average=40.75ms, deviation=20.6666ms]
----------------------------------------------------------

----------------------------------------------------------
sample path: (IntersectionOutput) 
  order timepoint           sequence nr.                  node name     dropped samples
latency

Statistics:
  latency:                  65.8937ms [min=9.44948ms, max=115.117ms, average=41.0204ms, deviation=20.7187ms]
----------------------------------------------------------

----------------------------------------------------------
sample path: (VehicleDBWSystem) 
  order timepoint           sequence nr.                  node name     dropped samples
bp period
latency

Statistics:
  latency:                  266.896ms [min=157.482ms, max=403.677ms, average=229.598ms, deviation=64.8818ms]
hotpath
  hot path:                 FrontLidarDriver/RearLidarDriver -> ObjectCollisionEstimator
  hot path latency:         56.9449ms [min=45.5252ms, max=286.702ms, average=68.6338ms, deviation=45.6394ms]
  hot path drops:           0 [min=0, max=0, average=0, deviation=0]
  behavior planner period:  100.006ms [min=96.3697ms, max=103.638ms, average=100.001ms, deviation=1.02803ms]
----------------------------------------------------------

----------------------------------------------------------
sample path: (IntersectionOutput) 
  order timepoint           sequence nr.                  node name     dropped samples
latency

Statistics:
  latency:                  45.9748ms [min=9.44948ms, max=115.117ms, average=41.0731ms, deviation=20.6134ms]
----------------------------------------------------------

----------------------------------------------------------
sample path: (IntersectionOutput) 
  order timepoint           sequence nr.                  node name     dropped samples
latency

Statistics:
  latency:                  27.6913ms [min=9.44948ms, max=115.117ms, average=40.9322ms, deviation=20.5494ms]
----------------------------------------------------------

----------------------------------------------------------
sample path: (IntersectionOutput) 
  order timepoint           sequence nr.                  node name     dropped samples
latency

Statistics:
  latency:                  29.4611ms [min=9.44948ms, max=115.117ms, average=40.8127ms, deviation=20.4744ms]
----------------------------------------------------------

----------------------------------------------------------
sample path: (IntersectionOutput) 
  order timepoint           sequence nr.                  node name     dropped samples
latency

Statistics:
  latency:                  67.3656ms [min=9.44948ms, max=115.117ms, average=41.0865ms, deviation=20.5452ms]
----------------------------------------------------------

----------------------------------------------------------
sample path: (VehicleDBWSystem) 
  order timepoint           sequence nr.                  node name     dropped samples
bp period
latency

Statistics:
  latency:                  260.827ms [min=157.482ms, max=403.677ms, average=230.713ms, deviation=63.9419ms]
hotpath
  hot path:                 FrontLidarDriver/RearLidarDriver -> ObjectCollisionEstimator
  hot path latency:         53.1147ms [min=45.5252ms, max=286.702ms, average=68.0796ms, deviation=44.8821ms]
  hot path drops:           0 [min=0, max=0, average=0, deviation=0]
  behavior planner period:  100.004ms [min=96.3697ms, max=103.638ms, average=100.001ms, deviation=1.00806ms]
----------------------------------------------------------

----------------------------------------------------------
sample path: (IntersectionOutput) 
  order timepoint           sequence nr.                  node name     dropped samples
latency

Statistics:
  latency:                  27.8061ms [min=9.44948ms, max=115.117ms, average=40.951ms, deviation=20.483ms]
----------------------------------------------------------

----------------------------------------------------------
sample path: (IntersectionOutput) 
  order timepoint           sequence nr.                  node name     dropped samples
latency

Statistics:
  latency:                  27.7494ms [min=9.44948ms, max=115.117ms, average=40.8176ms, deviation=20.4213ms]
----------------------------------------------------------

----------------------------------------------------------
sample path: (IntersectionOutput) 
  order timepoint           sequence nr.                  node name     dropped samples
latency

Statistics:
  latency:                  33.6532ms [min=9.44948ms, max=115.117ms, average=40.746ms, deviation=20.3306ms]
----------------------------------------------------------

----------------------------------------------------------
sample path: (VehicleDBWSystem) 
  order timepoint           sequence nr.                  node name     dropped samples
bp period
latency

Statistics:
  latency:                  157.771ms [min=157.482ms, max=403.677ms, average=228.198ms, deviation=64.2341ms]
hotpath
  hot path:                 FrontLidarDriver/RearLidarDriver -> ObjectCollisionEstimator
  hot path latency:         59.0931ms [min=45.5252ms, max=286.702ms, average=67.7697ms, deviation=44.105ms]
  hot path drops:           0 [min=0, max=0, average=0, deviation=0]
  behavior planner period:  100ms [min=96.3697ms, max=103.638ms, average=100.001ms, deviation=0.98922ms]
----------------------------------------------------------

----------------------------------------------------------
sample path: (IntersectionOutput) 
  order timepoint           sequence nr.                  node name     dropped samples
latency

Statistics:
  latency:                  40.5046ms [min=9.44948ms, max=115.117ms, average=40.7436ms, deviation=20.2287ms]
----------------------------------------------------------

----------------------------------------------------------
sample path: (IntersectionOutput) 
  order timepoint           sequence nr.                  node name     dropped samples
latency

Statistics:
  latency:                  27.9604ms [min=9.44948ms, max=115.117ms, average=40.6183ms, deviation=20.168ms]
----------------------------------------------------------

----------------------------------------------------------
sample path: (IntersectionOutput) 
  order timepoint           sequence nr.                  node name     dropped samples
latency

Statistics:
  latency:                  18.4397ms [min=9.44948ms, max=115.117ms, average=40.4029ms, deviation=20.1876ms]
----------------------------------------------------------

----------------------------------------------------------
sample path: (IntersectionOutput) 
  order timepoint           sequence nr.                  node name     dropped samples
latency

Statistics:
  latency:                  33.071ms [min=9.44948ms, max=115.117ms, average=40.3324ms, deviation=20.1022ms]
----------------------------------------------------------

----------------------------------------------------------
sample path: (VehicleDBWSystem) 
  order timepoint           sequence nr.                  node name     dropped samples
bp period
latency

Statistics:
  latency:                  157.731ms [min=157.482ms, max=403.677ms, average=225.849ms, deviation=64.4148ms]
hotpath
  hot path:                 FrontLidarDriver/RearLidarDriver -> ObjectCollisionEstimator
  hot path latency:         54.8492ms [min=45.5252ms, max=286.702ms, average=67.339ms, deviation=43.402ms]
  hot path drops:           0 [min=0, max=0, average=0, deviation=0]
  behavior planner period:  99.991ms [min=96.3697ms, max=103.638ms, average=100.001ms, deviation=0.971397ms]
----------------------------------------------------------

----------------------------------------------------------
sample path: (IntersectionOutput) 
  order timepoint           sequence nr.                  node name     dropped samples
latency

Statistics:
  latency:                  40.3804ms [min=9.44948ms, max=115.117ms, average=40.3329ms, deviation=20.0053ms]
----------------------------------------------------------

----------------------------------------------------------
sample path: (IntersectionOutput) 
  order timepoint           sequence nr.                  node name     dropped samples
latency

Statistics:
  latency:                  36.6951ms [min=9.44948ms, max=115.117ms, average=40.2986ms, deviation=19.9129ms]
----------------------------------------------------------

----------------------------------------------------------
sample path: (IntersectionOutput) 
  order timepoint           sequence nr.                  node name     dropped samples
latency

Statistics:
  latency:                  27.6366ms [min=9.44948ms, max=115.117ms, average=40.1802ms, deviation=19.8566ms]
----------------------------------------------------------

----------------------------------------------------------
sample path: (IntersectionOutput) 
  order timepoint           sequence nr.                  node name     dropped samples
latency

Statistics:
  latency:                  35.1833ms [min=9.44948ms, max=115.117ms, average=40.134ms, deviation=19.7694ms]
----------------------------------------------------------

----------------------------------------------------------
sample path: (IntersectionOutput) 
  order timepoint           sequence nr.                  node name     dropped samples
latency

Statistics:
  latency:                  29.5206ms [min=9.44948ms, max=115.117ms, average=40.0366ms, deviation=19.7039ms]
----------------------------------------------------------

----------------------------------------------------------
sample path: (VehicleDBWSystem) 
  order timepoint           sequence nr.                  node name     dropped samples
bp period
latency

Statistics:
  latency:                  159.389ms [min=157.482ms, max=403.677ms, average=223.705ms, deviation=64.4472ms]
hotpath
  hot path:                 FrontLidarDriver/RearLidarDriver -> ObjectCollisionEstimator
  hot path latency:         55.3011ms [min=45.5252ms, max=286.702ms, average=66.9507ms, deviation=42.7273ms]
  hot path drops:           0 [min=0, max=0, average=0, deviation=0]
  behavior planner period:  99.9758ms [min=96.3697ms, max=103.638ms, average=99.9998ms, deviation=0.954513ms]
----------------------------------------------------------

----------------------------------------------------------
sample path: (IntersectionOutput) 
  order timepoint           sequence nr.                  node name     dropped samples
latency

Statistics:
  latency:                  9.60208ms [min=9.44948ms, max=115.117ms, average=39.7599ms, deviation=19.8268ms]
----------------------------------------------------------

----------------------------------------------------------
sample path: (IntersectionOutput) 
  order timepoint           sequence nr.                  node name     dropped samples
latency

Statistics:
  latency:                  55.2265ms [min=9.44948ms, max=115.117ms, average=39.8993ms, deviation=19.791ms]
----------------------------------------------------------

----------------------------------------------------------
sample path: (IntersectionOutput) 
  order timepoint           sequence nr.                  node name     dropped samples
latency

Statistics:
  latency:                  38.4031ms [min=9.44948ms, max=115.117ms, average=39.8859ms, deviation=19.7022ms]
----------------------------------------------------------

----------------------------------------------------------
sample path: (VehicleDBWSystem) 
  order timepoint           sequence nr.                  node name     dropped samples
bp period
latency

Statistics:
  latency:                  265.856ms [min=157.482ms, max=403.677ms, average=225.023ms, deviation=63.8355ms]
hotpath
  hot path:                 FrontLidarDriver/RearLidarDriver -> ObjectCollisionEstimator
  hot path latency:         55.8529ms [min=45.5252ms, max=286.702ms, average=66.6039ms, deviation=42.0782ms]
  hot path drops:           0 [min=0, max=0, average=0, deviation=0]
  behavior planner period:  100.011ms [min=96.3697ms, max=103.638ms, average=100ms, deviation=0.938471ms]
----------------------------------------------------------

----------------------------------------------------------
sample path: (IntersectionOutput) 
  order timepoint           sequence nr.                  node name     dropped samples
latency

Statistics:
  latency:                  27.5379ms [min=9.44948ms, max=115.117ms, average=39.7766ms, deviation=19.6484ms]
----------------------------------------------------------

----------------------------------------------------------
sample path: (IntersectionOutput) 
  order timepoint           sequence nr.                  node name     dropped samples
latency

Statistics:
  latency:                  16.952ms [min=9.44948ms, max=115.117ms, average=39.5764ms, deviation=19.6777ms]
----------------------------------------------------------

----------------------------------------------------------
sample path: (IntersectionOutput) 
  order timepoint           sequence nr.                  node name     dropped samples
latency

Statistics:
  latency:                  60.5347ms [min=9.44948ms, max=115.117ms, average=39.7587ms, deviation=19.6885ms]
----------------------------------------------------------

----------------------------------------------------------
sample path: (IntersectionOutput) 
  order timepoint           sequence nr.                  node name     dropped samples
latency

Statistics:
  latency:                  66.0745ms [min=9.44948ms, max=115.117ms, average=39.9855ms, deviation=19.7544ms]
----------------------------------------------------------

----------------------------------------------------------
sample path: (VehicleDBWSystem) 
  order timepoint           sequence nr.                  node name     dropped samples
bp period
latency

Statistics:
  latency:                  267.76ms [min=157.482ms, max=403.677ms, average=226.318ms, deviation=63.2691ms]
hotpath
  hot path:                 FrontLidarDriver/RearLidarDriver -> ObjectCollisionEstimator
  hot path latency:         56.9646ms [min=45.5252ms, max=286.702ms, average=66.3118ms, deviation=41.4495ms]
  hot path drops:           0 [min=0, max=0, average=0, deviation=0]
  behavior planner period:  100.017ms [min=96.3697ms, max=103.638ms, average=100.001ms, deviation=0.923215ms]
----------------------------------------------------------

----------------------------------------------------------
sample path: (IntersectionOutput) 
  order timepoint           sequence nr.                  node name     dropped samples
latency

Statistics:
  latency:                  46.3529ms [min=9.44948ms, max=115.117ms, average=40.0399ms, deviation=19.6778ms]
----------------------------------------------------------

----------------------------------------------------------
sample path: (IntersectionOutput) 
  order timepoint           sequence nr.                  node name     dropped samples
latency

Statistics:
  latency:                  27.7698ms [min=9.44948ms, max=115.117ms, average=39.936ms, deviation=19.6261ms]
----------------------------------------------------------

----------------------------------------------------------
sample path: (IntersectionOutput) 
  order timepoint           sequence nr.                  node name     dropped samples
latency

Statistics:
  latency:                  32.4873ms [min=9.44948ms, max=115.117ms, average=39.8734ms, deviation=19.5547ms]
----------------------------------------------------------

----------------------------------------------------------
sample path: (IntersectionOutput) 
  order timepoint           sequence nr.                  node name     dropped samples
latency

Statistics:
  latency:                  71.471ms [min=9.44948ms, max=115.117ms, average=40.1367ms, deviation=19.6848ms]
----------------------------------------------------------

----------------------------------------------------------
sample path: (VehicleDBWSystem) 
  order timepoint           sequence nr.                  node name     dropped samples
bp period
latency

Statistics:
  latency:                  247.039ms [min=157.482ms, max=403.677ms, average=226.927ms, deviation=62.4044ms]
hotpath
  hot path:                 FrontLidarDriver/RearLidarDriver -> ObjectCollisionEstimator
  hot path latency:         54.342ms [min=45.5252ms, max=286.702ms, average=65.9597ms, deviation=40.8682ms]
  hot path drops:           0 [min=0, max=0, average=0, deviation=0]
  behavior planner period:  100.451ms [min=96.3697ms, max=103.638ms, average=100.014ms, deviation=0.912053ms]
----------------------------------------------------------

----------------------------------------------------------
sample path: (IntersectionOutput) 
  order timepoint           sequence nr.                  node name     dropped samples
latency

Statistics:
  latency:                  29.3184ms [min=9.44948ms, max=115.117ms, average=40.0473ms, deviation=19.6273ms]
----------------------------------------------------------

----------------------------------------------------------
sample path: (IntersectionOutput) 
  order timepoint           sequence nr.                  node name     dropped samples
latency

Statistics:
  latency:                  28.7337ms [min=9.44948ms, max=115.117ms, average=39.9545ms, deviation=19.5728ms]
----------------------------------------------------------

----------------------------------------------------------
sample path: (VehicleDBWSystem) 
  order timepoint           sequence nr.                  node name     dropped samples
bp period
latency

Statistics:
  latency:                  157.524ms [min=157.482ms, max=403.677ms, average=224.944ms, deviation=62.589ms]
hotpath
  hot path:                 FrontLidarDriver/RearLidarDriver -> ObjectCollisionEstimator
  hot path latency:         60.0682ms [min=45.5252ms, max=286.702ms, average=65.7914ms, deviation=40.2751ms]
  hot path drops:           0 [min=0, max=0, average=0, deviation=0]
  behavior planner period:  99.5454ms [min=96.3697ms, max=103.638ms, average=100.001ms, deviation=0.901722ms]
----------------------------------------------------------

----------------------------------------------------------
sample path: (IntersectionOutput) 
  order timepoint           sequence nr.                  node name     dropped samples
latency

Statistics:
  latency:                  39.828ms [min=9.44948ms, max=115.117ms, average=39.9535ms, deviation=19.4924ms]
----------------------------------------------------------

----------------------------------------------------------
sample path: (IntersectionOutput) 
  order timepoint           sequence nr.                  node name     dropped samples
latency

Statistics:
  latency:                  36.8822ms [min=9.44948ms, max=115.117ms, average=39.9287ms, deviation=19.415ms]
----------------------------------------------------------

----------------------------------------------------------
sample path: (IntersectionOutput) 
  order timepoint           sequence nr.                  node name     dropped samples
latency

Statistics:
  latency:                  36.9606ms [min=9.44948ms, max=115.117ms, average=39.905ms, deviation=19.3384ms]
----------------------------------------------------------

----------------------------------------------------------
sample path: (IntersectionOutput) 
  order timepoint           sequence nr.                  node name     dropped samples
latency

Statistics:
  latency:                  46.1957ms [min=9.44948ms, max=115.117ms, average=39.9549ms, deviation=19.269ms]
----------------------------------------------------------

----------------------------------------------------------
sample path: (VehicleDBWSystem) 
  order timepoint           sequence nr.                  node name     dropped samples
bp period
latency

Statistics:
  latency:                  159.53ms [min=157.482ms, max=403.677ms, average=223.127ms, deviation=62.6444ms]
hotpath
  hot path:                 FrontLidarDriver/RearLidarDriver -> ObjectCollisionEstimator
  hot path latency:         59.7878ms [min=45.5252ms, max=286.702ms, average=65.6246ms, deviation=39.7081ms]
  hot path drops:           0 [min=0, max=0, average=0, deviation=0]
  behavior planner period:  101.795ms [min=96.3697ms, max=103.638ms, average=100.052ms, deviation=0.938721ms]
----------------------------------------------------------

----------------------------------------------------------
sample path: (IntersectionOutput) 
  order timepoint           sequence nr.                  node name     dropped samples
latency

Statistics:
  latency:                  42.2735ms [min=9.44948ms, max=115.117ms, average=39.9732ms, deviation=19.1935ms]
----------------------------------------------------------

----------------------------------------------------------
sample path: (IntersectionOutput) 
  order timepoint           sequence nr.                  node name     dropped samples
latency

Statistics:
  latency:                  34.9169ms [min=9.44948ms, max=115.117ms, average=39.9337ms, deviation=19.123ms]
----------------------------------------------------------

----------------------------------------------------------
sample path: (IntersectionOutput) 
  order timepoint           sequence nr.                  node name     dropped samples
latency

Statistics:
  latency:                  27.7097ms [min=9.44948ms, max=115.117ms, average=39.8389ms, deviation=19.0786ms]
----------------------------------------------------------

----------------------------------------------------------
sample path: (IntersectionOutput) 
  order timepoint           sequence nr.                  node name     dropped samples
latency

Statistics:
  latency:                  35.3169ms [min=9.44948ms, max=115.117ms, average=39.8041ms, deviation=19.0086ms]
----------------------------------------------------------

----------------------------------------------------------
sample path: (IntersectionOutput) 
  order timepoint           sequence nr.                  node name     dropped samples
latency

Statistics:
  latency:                  29.5594ms [min=9.44948ms, max=115.117ms, average=39.7259ms, deviation=18.9565ms]
----------------------------------------------------------

----------------------------------------------------------
sample path: (VehicleDBWSystem) 
  order timepoint           sequence nr.                  node name     dropped samples
bp period
latency

Statistics:
  latency:                  159.569ms [min=157.482ms, max=403.677ms, average=221.409ms, deviation=62.6458ms]
hotpath
  hot path:                 FrontLidarDriver/RearLidarDriver -> ObjectCollisionEstimator
  hot path latency:         58.2315ms [min=45.5252ms, max=286.702ms, average=65.4248ms, deviation=39.1716ms]
  hot path drops:           0 [min=0, max=0, average=0, deviation=0]
  behavior planner period:  98.1793ms [min=96.3697ms, max=103.638ms, average=99.9998ms, deviation=0.976431ms]
----------------------------------------------------------

----------------------------------------------------------
sample path: (IntersectionOutput) 
  order timepoint           sequence nr.                  node name     dropped samples
latency

Statistics:
  latency:                  25.8169ms [min=9.44948ms, max=115.117ms, average=39.6206ms, deviation=18.9228ms]
----------------------------------------------------------

----------------------------------------------------------
sample path: (IntersectionOutput) 
  order timepoint           sequence nr.                  node name     dropped samples
latency

Statistics:
  latency:                  17.61ms [min=9.44948ms, max=115.117ms, average=39.4551ms, deviation=18.9473ms]
----------------------------------------------------------

----------------------------------------------------------
sample path: (IntersectionOutput) 
  order timepoint           sequence nr.                  node name     dropped samples
latency

Statistics:
  latency:                  54.9761ms [min=9.44948ms, max=115.117ms, average=39.5709ms, deviation=18.9235ms]
----------------------------------------------------------

----------------------------------------------------------
sample path: (IntersectionOutput) 
  order timepoint           sequence nr.                  node name     dropped samples
latency

Statistics:
  latency:                  38.287ms [min=9.44948ms, max=115.117ms, average=39.5614ms, deviation=18.8531ms]
----------------------------------------------------------

----------------------------------------------------------
sample path: (VehicleDBWSystem) 
  order timepoint           sequence nr.                  node name     dropped samples
bp period
latency

Statistics:
  latency:                  265.535ms [min=157.482ms, max=403.677ms, average=222.57ms, deviation=62.2067ms]
hotpath
  hot path:                 FrontLidarDriver/RearLidarDriver -> ObjectCollisionEstimator
  hot path latency:         54.8665ms [min=45.5252ms, max=286.702ms, average=65.147ms, deviation=38.6766ms]
  hot path drops:           0 [min=0, max=0, average=0, deviation=0]
  behavior planner period:  100.002ms [min=96.3697ms, max=103.638ms, average=99.9999ms, deviation=0.962774ms]
----------------------------------------------------------

----------------------------------------------------------
sample path: (IntersectionOutput) 
  order timepoint           sequence nr.                  node name     dropped samples
latency

Statistics:
  latency:                  27.5913ms [min=9.44948ms, max=115.117ms, average=39.4734ms, deviation=18.8112ms]
----------------------------------------------------------

----------------------------------------------------------
sample path: (IntersectionOutput) 
  order timepoint           sequence nr.                  node name     dropped samples
latency

Statistics:
  latency:                  17.0139ms [min=9.44948ms, max=115.117ms, average=39.3094ms, deviation=18.8399ms]
----------------------------------------------------------

----------------------------------------------------------
sample path: (IntersectionOutput) 
  order timepoint           sequence nr.                  node name     dropped samples
latency

Statistics:
  latency:                  61.1114ms [min=9.44948ms, max=115.117ms, average=39.4674ms, deviation=18.8625ms]
----------------------------------------------------------

----------------------------------------------------------
sample path: (IntersectionOutput) 
  order timepoint           sequence nr.                  node name     dropped samples
latency

Statistics:
  latency:                  65.9786ms [min=9.44948ms, max=115.117ms, average=39.6581ms, deviation=18.9281ms]
----------------------------------------------------------

----------------------------------------------------------
sample path: (VehicleDBWSystem) 
  order timepoint           sequence nr.                  node name     dropped samples
bp period
latency

Statistics:
  latency:                  267.929ms [min=157.482ms, max=403.677ms, average=223.734ms, deviation=61.8109ms]
hotpath
  hot path:                 FrontLidarDriver/RearLidarDriver -> ObjectCollisionEstimator
  hot path latency:         56.6939ms [min=45.5252ms, max=286.702ms, average=64.9302ms, deviation=38.1883ms]
  hot path drops:           0 [min=0, max=0, average=0, deviation=0]
  behavior planner period:  100.025ms [min=96.3697ms, max=103.638ms, average=100.001ms, deviation=0.949683ms]
----------------------------------------------------------

----------------------------------------------------------
sample path: (IntersectionOutput) 
  order timepoint           sequence nr.                  node name     dropped samples
latency

Statistics:
  latency:                  46.1109ms [min=9.44948ms, max=115.117ms, average=39.7042ms, deviation=18.8677ms]
----------------------------------------------------------

----------------------------------------------------------
sample path: (IntersectionOutput) 
  order timepoint           sequence nr.                  node name     dropped samples
latency

Statistics:
  latency:                  27.6605ms [min=9.44948ms, max=115.117ms, average=39.6188ms, deviation=18.8276ms]
----------------------------------------------------------

----------------------------------------------------------
sample path: (IntersectionOutput) 
  order timepoint           sequence nr.                  node name     dropped samples
latency

Statistics:
  latency:                  27.9884ms [min=9.44948ms, max=115.117ms, average=39.5369ms, deviation=18.7861ms]
----------------------------------------------------------

----------------------------------------------------------
sample path: (IntersectionOutput) 
  order timepoint           sequence nr.                  node name     dropped samples
latency

Statistics:
  latency:                  67.346ms [min=9.44948ms, max=115.117ms, average=39.7314ms, deviation=18.8637ms]
----------------------------------------------------------

----------------------------------------------------------
sample path: (VehicleDBWSystem) 
  order timepoint           sequence nr.                  node name     dropped samples
bp period
latency

Statistics:
  latency:                  242.396ms [min=157.482ms, max=403.677ms, average=224.2ms, deviation=61.0846ms]
hotpath
  hot path:                 FrontLidarDriver/RearLidarDriver -> ObjectCollisionEstimator
  hot path latency:         52.6886ms [min=45.5252ms, max=286.702ms, average=64.6242ms, deviation=37.7452ms]
  hot path drops:           0 [min=0, max=0, average=0, deviation=0]
  behavior planner period:  100.008ms [min=96.3697ms, max=103.638ms, average=100.001ms, deviation=0.937105ms]
----------------------------------------------------------

----------------------------------------------------------
sample path: (IntersectionOutput) 
  order timepoint           sequence nr.                  node name     dropped samples
latency

Statistics:
  latency:                  27.7826ms [min=9.44948ms, max=115.117ms, average=39.6484ms, deviation=18.824ms]
----------------------------------------------------------

----------------------------------------------------------
sample path: (IntersectionOutput) 
  order timepoint           sequence nr.                  node name     dropped samples
latency

Statistics:
  latency:                  27.8109ms [min=9.44948ms, max=115.117ms, average=39.5668ms, deviation=18.7842ms]
----------------------------------------------------------

----------------------------------------------------------
sample path: (IntersectionOutput) 
  order timepoint           sequence nr.                  node name     dropped samples
latency

Statistics:
  latency:                  33.7135ms [min=9.44948ms, max=115.117ms, average=39.5267ms, deviation=18.7256ms]
----------------------------------------------------------

----------------------------------------------------------
sample path: (VehicleDBWSystem) 
  order timepoint           sequence nr.                  node name     dropped samples
bp period
latency

Statistics:
  latency:                  157.778ms [min=157.482ms, max=403.677ms, average=222.58ms, deviation=61.2018ms]
hotpath
  hot path:                 FrontLidarDriver/RearLidarDriver -> ObjectCollisionEstimator
  hot path latency:         60.026ms [min=45.5252ms, max=286.702ms, average=64.512ms, deviation=37.2773ms]
  hot path drops:           0 [min=0, max=0, average=0, deviation=0]
  behavior planner period:  100.004ms [min=96.3697ms, max=103.638ms, average=100.001ms, deviation=0.925013ms]
----------------------------------------------------------

----------------------------------------------------------
sample path: (IntersectionOutput) 
  order timepoint           sequence nr.                  node name     dropped samples
latency

Statistics:
  latency:                  40.4868ms [min=9.44948ms, max=115.117ms, average=39.5332ms, deviation=18.6616ms]
----------------------------------------------------------

----------------------------------------------------------
sample path: (IntersectionOutput) 
  order timepoint           sequence nr.                  node name     dropped samples
latency

Statistics:
  latency:                  27.4338ms [min=9.44948ms, max=115.117ms, average=39.4514ms, deviation=18.6245ms]
----------------------------------------------------------

----------------------------------------------------------
sample path: (IntersectionOutput) 
  order timepoint           sequence nr.                  node name     dropped samples
latency

Statistics:
  latency:                  44.0288ms [min=9.44948ms, max=115.117ms, average=39.4822ms, deviation=18.5653ms]
----------------------------------------------------------

----------------------------------------------------------
sample path: (VehicleDBWSystem) 
  order timepoint           sequence nr.                  node name     dropped samples
bp period
latency

Statistics:
  latency:                  157.675ms [min=157.482ms, max=403.677ms, average=221.035ms, deviation=61.2748ms]
hotpath
  hot path:                 FrontLidarDriver/RearLidarDriver -> ObjectCollisionEstimator
  hot path latency:         55.7935ms [min=45.5252ms, max=286.702ms, average=64.3044ms, deviation=36.8445ms]
  hot path drops:           0 [min=0, max=0, average=0, deviation=0]
  behavior planner period:  99.9882ms [min=96.3697ms, max=103.638ms, average=100.001ms, deviation=0.913379ms]
----------------------------------------------------------

----------------------------------------------------------
sample path: (IntersectionOutput) 
  order timepoint           sequence nr.                  node name     dropped samples
latency

Statistics:
  latency:                  40.3982ms [min=9.44948ms, max=115.117ms, average=39.4883ms, deviation=18.5031ms]
----------------------------------------------------------

----------------------------------------------------------
sample path: (IntersectionOutput) 
  order timepoint           sequence nr.                  node name     dropped samples
latency

Statistics:
  latency:                  36.6676ms [min=9.44948ms, max=115.117ms, average=39.4696ms, deviation=18.4427ms]
----------------------------------------------------------

----------------------------------------------------------
sample path: (IntersectionOutput) 
  order timepoint           sequence nr.                  node name     dropped samples
latency

Statistics:
  latency:                  27.6088ms [min=9.44948ms, max=115.117ms, average=39.3916ms, deviation=18.4067ms]
----------------------------------------------------------

----------------------------------------------------------
sample path: (IntersectionOutput) 
  order timepoint           sequence nr.                  node name     dropped samples
latency

Statistics:
  latency:                  35.1616ms [min=9.44948ms, max=115.117ms, average=39.3639ms, deviation=18.3492ms]
----------------------------------------------------------

----------------------------------------------------------
sample path: (IntersectionOutput) 
  order timepoint           sequence nr.                  node name     dropped samples
latency

Statistics:
  latency:                  29.3432ms [min=9.44948ms, max=115.117ms, average=39.2988ms, deviation=18.307ms]
----------------------------------------------------------

----------------------------------------------------------
sample path: (VehicleDBWSystem) 
  order timepoint           sequence nr.                  node name     dropped samples
bp period
latency

Statistics:
  latency:                  159.108ms [min=157.482ms, max=403.677ms, average=219.595ms, deviation=61.2731ms]
hotpath
  hot path:                 FrontLidarDriver/RearLidarDriver -> ObjectCollisionEstimator
  hot path latency:         55.0675ms [min=45.5252ms, max=286.702ms, average=64.0896ms, deviation=36.4304ms]
  hot path drops:           0 [min=0, max=0, average=0, deviation=0]
  behavior planner period:  99.9735ms [min=96.3697ms, max=103.638ms, average=99.9999ms, deviation=0.902181ms]
----------------------------------------------------------

----------------------------------------------------------
sample path: (IntersectionOutput) 
  order timepoint           sequence nr.                  node name     dropped samples
latency

Statistics:
  latency:                  25.9951ms [min=9.44948ms, max=115.117ms, average=39.213ms, deviation=18.2787ms]
----------------------------------------------------------

----------------------------------------------------------
sample path: (IntersectionOutput) 
  order timepoint           sequence nr.                  node name     dropped samples
latency

Statistics:
  latency:                  17.372ms [min=9.44948ms, max=115.117ms, average=39.073ms, deviation=18.3034ms]
----------------------------------------------------------

----------------------------------------------------------
sample path: (IntersectionOutput) 
  order timepoint           sequence nr.                  node name     dropped samples
latency

Statistics:
  latency:                  55.0218ms [min=9.44948ms, max=115.117ms, average=39.1746ms, deviation=18.289ms]
----------------------------------------------------------

----------------------------------------------------------
sample path: (IntersectionOutput) 
  order timepoint           sequence nr.                  node name     dropped samples
latency

Statistics:
  latency:                  38.2611ms [min=9.44948ms, max=115.117ms, average=39.1688ms, deviation=18.2308ms]
----------------------------------------------------------

----------------------------------------------------------
sample path: (VehicleDBWSystem) 
  order timepoint           sequence nr.                  node name     dropped samples
bp period
latency

Statistics:
  latency:                  265.972ms [min=157.482ms, max=403.677ms, average=220.649ms, deviation=60.9587ms]
hotpath
  hot path:                 FrontLidarDriver/RearLidarDriver -> ObjectCollisionEstimator
  hot path latency:         54.6144ms [min=45.5252ms, max=286.702ms, average=63.8743ms, deviation=36.0327ms]
  hot path drops:           0 [min=0, max=0, average=0, deviation=0]
  behavior planner period:  100.004ms [min=96.3697ms, max=103.638ms, average=100ms, deviation=0.891376ms]
----------------------------------------------------------

----------------------------------------------------------
sample path: (IntersectionOutput) 
  order timepoint           sequence nr.                  node name     dropped samples
latency

Statistics:
  latency:                  27.7231ms [min=9.44948ms, max=115.117ms, average=39.0968ms, deviation=18.1956ms]
----------------------------------------------------------

----------------------------------------------------------
sample path: (IntersectionOutput) 
  order timepoint           sequence nr.                  node name     dropped samples
latency

Statistics:
  latency:                  17.4894ms [min=9.44948ms, max=115.117ms, average=38.9618ms, deviation=18.2186ms]
----------------------------------------------------------

----------------------------------------------------------
sample path: (IntersectionOutput) 
  order timepoint           sequence nr.                  node name     dropped samples
latency

Statistics:
  latency:                  61.3076ms [min=9.44948ms, max=115.117ms, average=39.1006ms, deviation=18.2468ms]
----------------------------------------------------------

----------------------------------------------------------
sample path: (IntersectionOutput) 
  order timepoint           sequence nr.                  node name     dropped samples
latency

Statistics:
  latency:                  65.9739ms [min=9.44948ms, max=115.117ms, average=39.2665ms, deviation=18.3121ms]
----------------------------------------------------------

----------------------------------------------------------
sample path: (VehicleDBWSystem) 
  order timepoint           sequence nr.                  node name     dropped samples
bp period
latency

Statistics:
  latency:                  268.48ms [min=157.482ms, max=403.677ms, average=221.711ms, deviation=60.6823ms]
hotpath
  hot path:                 FrontLidarDriver/RearLidarDriver -> ObjectCollisionEstimator
  hot path latency:         57.1378ms [min=45.5252ms, max=286.702ms, average=63.7246ms, deviation=35.635ms]
  hot path drops:           0 [min=0, max=0, average=0, deviation=0]
  behavior planner period:  100.028ms [min=96.3697ms, max=103.638ms, average=100.001ms, deviation=0.88096ms]
----------------------------------------------------------

----------------------------------------------------------
sample path: (IntersectionOutput) 
  order timepoint           sequence nr.                  node name     dropped samples
latency

Statistics:
  latency:                  46.139ms [min=9.44948ms, max=115.117ms, average=39.3086ms, deviation=18.2635ms]
----------------------------------------------------------

----------------------------------------------------------
sample path: (IntersectionOutput) 
  order timepoint           sequence nr.                  node name     dropped samples
latency

Statistics:
  latency:                  27.725ms [min=9.44948ms, max=115.117ms, average=39.238ms, deviation=18.2298ms]
----------------------------------------------------------

----------------------------------------------------------
sample path: (IntersectionOutput) 
  order timepoint           sequence nr.                  node name     dropped samples
latency

Statistics:
  latency:                  43.4251ms [min=9.44948ms, max=115.117ms, average=39.2634ms, deviation=18.1771ms]
----------------------------------------------------------

