----------------------------------------------------------
sample path: (IntersectionOutput) 
  order timepoint           sequence nr.                  node name     dropped samples
latency

Statistics:
  latency:                  160.922ms [min=160.922ms, max=160.922ms, average=160.922ms, deviation=-nanms]
----------------------------------------------------------

----------------------------------------------------------
sample path: (VehicleDBWSystem) 
  order timepoint           sequence nr.                  node name     dropped samples
latency

Statistics:
  latency:                  414.335ms [min=414.335ms, max=414.335ms, average=414.335ms, deviation=-nanms]
hotpath
  hot path:                 FrontLidarDriver/RearLidarDriver -> ObjectCollisionEstimator
  hot path latency:         70.6079ms [min=70.6079ms, max=70.6079ms, average=70.6079ms, deviation=-nanms]
  hot path drops:           1 [min=1, max=1, average=1, deviation=-nan]
  behavior planner period:  0ms [min=1.84467e+13ms, max=0ms, average=0ms, deviation=0ms]
----------------------------------------------------------

----------------------------------------------------------
sample path: (IntersectionOutput) 
  order timepoint           sequence nr.                  node name     dropped samples
latency

Statistics:
  latency:                  151.637ms [min=151.637ms, max=160.922ms, average=156.28ms, deviation=6.56563ms]
----------------------------------------------------------

----------------------------------------------------------
sample path: (VehicleDBWSystem) 
  order timepoint           sequence nr.                  node name     dropped samples
bp period
latency

Statistics:
  latency:                  542.988ms [min=414.335ms, max=542.988ms, average=478.661ms, deviation=90.9715ms]
hotpath
  hot path:                 FrontLidarDriver/RearLidarDriver -> ObjectCollisionEstimator
  hot path latency:         146.124ms [min=70.6079ms, max=146.124ms, average=108.366ms, deviation=53.3979ms]
  hot path drops:           0 [min=0, max=1, average=0.5, deviation=0.707107]
  behavior planner period:  98.7691ms [min=98.7691ms, max=98.7691ms, average=98.7691ms, deviation=-nanms]
----------------------------------------------------------

----------------------------------------------------------
sample path: (IntersectionOutput) 
  order timepoint           sequence nr.                  node name     dropped samples
latency

Statistics:
  latency:                  140.736ms [min=140.736ms, max=160.922ms, average=151.098ms, deviation=10.1042ms]
----------------------------------------------------------

----------------------------------------------------------
sample path: (VehicleDBWSystem) 
  order timepoint           sequence nr.                  node name     dropped samples
bp period
latency

Statistics:
  latency:                  421.876ms [min=414.335ms, max=542.988ms, average=459.733ms, deviation=72.1994ms]
hotpath
  hot path:                 FrontLidarDriver/RearLidarDriver -> ObjectCollisionEstimator
  hot path latency:         87.1873ms [min=70.6079ms, max=146.124ms, average=101.306ms, deviation=39.6885ms]
  hot path drops:           1 [min=0, max=1, average=0.666667, deviation=0.57735]
  behavior planner period:  100.017ms [min=98.7691ms, max=100.017ms, average=99.3931ms, deviation=0.882532ms]
----------------------------------------------------------

----------------------------------------------------------
sample path: (IntersectionOutput) 
  order timepoint           sequence nr.                  node name     dropped samples
latency

Statistics:
  latency:                  128.617ms [min=128.617ms, max=160.922ms, average=145.478ms, deviation=13.9432ms]
----------------------------------------------------------

----------------------------------------------------------
sample path: (IntersectionOutput) 
  order timepoint           sequence nr.                  node name     dropped samples
latency

Statistics:
  latency:                  168.17ms [min=128.617ms, max=168.17ms, average=150.017ms, deviation=15.7733ms]
----------------------------------------------------------

----------------------------------------------------------
sample path: (VehicleDBWSystem) 
  order timepoint           sequence nr.                  node name     dropped samples
bp period
latency

Statistics:
  latency:                  554.924ms [min=414.335ms, max=554.924ms, average=483.53ms, deviation=75.7661ms]
hotpath
  hot path:                 FrontLidarDriver/RearLidarDriver -> ObjectCollisionEstimator
  hot path latency:         157.254ms [min=70.6079ms, max=157.254ms, average=115.293ms, deviation=42.8096ms]
  hot path drops:           0 [min=0, max=1, average=0.5, deviation=0.57735]
  behavior planner period:  99.9966ms [min=98.7691ms, max=100.017ms, average=99.5943ms, deviation=0.714719ms]
----------------------------------------------------------

----------------------------------------------------------
sample path: (IntersectionOutput) 
  order timepoint           sequence nr.                  node name     dropped samples
latency

Statistics:
  latency:                  130.82ms [min=128.617ms, max=168.17ms, average=146.817ms, deviation=16.1387ms]
----------------------------------------------------------

----------------------------------------------------------
sample path: (VehicleDBWSystem) 
  order timepoint           sequence nr.                  node name     dropped samples
bp period
latency

Statistics:
  latency:                  639.49ms [min=414.335ms, max=639.49ms, average=514.722ms, deviation=95.7604ms]
hotpath
  hot path:                 FrontLidarDriver/RearLidarDriver -> ObjectCollisionEstimator
  hot path latency:         147.699ms [min=70.6079ms, max=157.254ms, average=121.774ms, deviation=39.806ms]
  hot path drops:           0 [min=0, max=1, average=0.4, deviation=0.547723]
  behavior planner period:  100.039ms [min=98.7691ms, max=100.039ms, average=99.7054ms, deviation=0.624475ms]
----------------------------------------------------------

----------------------------------------------------------
sample path: (IntersectionOutput) 
  order timepoint           sequence nr.                  node name     dropped samples
latency

Statistics:
  latency:                  115.631ms [min=115.631ms, max=168.17ms, average=142.362ms, deviation=18.8676ms]
----------------------------------------------------------

----------------------------------------------------------
sample path: (VehicleDBWSystem) 
  order timepoint           sequence nr.                  node name     dropped samples
bp period
latency

Statistics:
  latency:                  459.114ms [min=414.335ms, max=639.49ms, average=505.454ms, deviation=88.6082ms]
hotpath
  hot path:                 FrontLidarDriver/RearLidarDriver -> ObjectCollisionEstimator
  hot path latency:         172.845ms [min=70.6079ms, max=172.845ms, average=130.286ms, deviation=41.2591ms]
  hot path drops:           1 [min=0, max=1, average=0.5, deviation=0.547723]
  behavior planner period:  99.9921ms [min=98.7691ms, max=100.039ms, average=99.7628ms, deviation=0.555798ms]
----------------------------------------------------------

----------------------------------------------------------
sample path: (IntersectionOutput) 
  order timepoint           sequence nr.                  node name     dropped samples
latency

Statistics:
  latency:                  156.066ms [min=115.631ms, max=168.17ms, average=144.075ms, deviation=18.1275ms]
----------------------------------------------------------

----------------------------------------------------------
sample path: (VehicleDBWSystem) 
  order timepoint           sequence nr.                  node name     dropped samples
bp period
latency

Statistics:
  latency:                  541.955ms [min=414.335ms, max=639.49ms, average=510.669ms, deviation=82.0559ms]
hotpath
  hot path:                 FrontLidarDriver/RearLidarDriver -> ObjectCollisionEstimator
  hot path latency:         148.096ms [min=70.6079ms, max=172.845ms, average=132.83ms, deviation=38.261ms]
  hot path drops:           0 [min=0, max=1, average=0.428571, deviation=0.534522]
  behavior planner period:  100.015ms [min=98.7691ms, max=100.039ms, average=99.8048ms, deviation=0.507673ms]
----------------------------------------------------------

----------------------------------------------------------
sample path: (IntersectionOutput) 
  order timepoint           sequence nr.                  node name     dropped samples
latency

Statistics:
  latency:                  137.976ms [min=115.631ms, max=168.17ms, average=143.397ms, deviation=17.0782ms]
----------------------------------------------------------

----------------------------------------------------------
sample path: (IntersectionOutput) 
  order timepoint           sequence nr.                  node name     dropped samples
latency

Statistics:
  latency:                  112.253ms [min=112.253ms, max=168.17ms, average=140.283ms, deviation=18.8748ms]
----------------------------------------------------------

----------------------------------------------------------
sample path: (VehicleDBWSystem) 
  order timepoint           sequence nr.                  node name     dropped samples
bp period
latency

Statistics:
  latency:                  474.307ms [min=414.335ms, max=639.49ms, average=506.124ms, deviation=77.0491ms]
hotpath
  hot path:                 FrontLidarDriver/RearLidarDriver -> ObjectCollisionEstimator
  hot path latency:         68.2451ms [min=68.2451ms, max=172.845ms, average=124.757ms, deviation=42.1448ms]
  hot path drops:           1 [min=0, max=1, average=0.5, deviation=0.534522]
  behavior planner period:  100.006ms [min=98.7691ms, max=100.039ms, average=99.8336ms, deviation=0.46965ms]
----------------------------------------------------------

----------------------------------------------------------
sample path: (IntersectionOutput) 
  order timepoint           sequence nr.                  node name     dropped samples
latency

Statistics:
  latency:                  111.957ms [min=111.957ms, max=168.17ms, average=137.708ms, deviation=19.8386ms]
----------------------------------------------------------

----------------------------------------------------------
sample path: (VehicleDBWSystem) 
  order timepoint           sequence nr.                  node name     dropped samples
bp period
latency

Statistics:
  latency:                  499.732ms [min=414.335ms, max=639.49ms, average=505.413ms, deviation=72.1043ms]
  behavior planner period:  100.006ms [min=98.7691ms, max=100.039ms, average=99.8551ms, deviation=0.439039ms]
----------------------------------------------------------

----------------------------------------------------------
sample path: (IntersectionOutput) 
  order timepoint           sequence nr.                  node name     dropped samples
latency

Statistics:
  latency:                  136.454ms [min=111.957ms, max=168.17ms, average=137.603ms, deviation=18.9188ms]
----------------------------------------------------------

----------------------------------------------------------
sample path: (VehicleDBWSystem) 
  order timepoint           sequence nr.                  node name     dropped samples
bp period
latency

Statistics:
  latency:                  439.899ms [min=414.335ms, max=639.49ms, average=498.862ms, deviation=71.0674ms]
hotpath
  hot path:                 FrontLidarDriver/RearLidarDriver -> ObjectCollisionEstimator
  hot path latency:         93.0633ms [min=68.2451ms, max=172.845ms, average=121.236ms, deviation=40.8139ms]
  hot path drops:           0 [min=0, max=1, average=0.444444, deviation=0.527046]
  behavior planner period:  100.004ms [min=98.7691ms, max=100.039ms, average=99.8716ms, deviation=0.413669ms]
----------------------------------------------------------

----------------------------------------------------------
sample path: (IntersectionOutput) 
  order timepoint           sequence nr.                  node name     dropped samples
latency

Statistics:
  latency:                  134.829ms [min=111.957ms, max=168.17ms, average=137.39ms, deviation=18.1297ms]
----------------------------------------------------------

----------------------------------------------------------
sample path: (IntersectionOutput) 
  order timepoint           sequence nr.                  node name     dropped samples
latency

Statistics:
  latency:                  101.07ms [min=101.07ms, max=168.17ms, average=134.796ms, deviation=19.9406ms]
----------------------------------------------------------

----------------------------------------------------------
sample path: (VehicleDBWSystem) 
  order timepoint           sequence nr.                  node name     dropped samples
bp period
latency

Statistics:
  latency:                  315.401ms [min=315.401ms, max=639.49ms, average=482.184ms, deviation=87.2086ms]
hotpath
  hot path:                 FrontLidarDriver/RearLidarDriver -> ObjectCollisionEstimator
  hot path latency:         65.344ms [min=65.344ms, max=172.845ms, average=115.647ms, deviation=42.3447ms]
  hot path drops:           1 [min=0, max=1, average=0.5, deviation=0.527046]
  behavior planner period:  100.008ms [min=98.7691ms, max=100.039ms, average=99.8852ms, deviation=0.392371ms]
----------------------------------------------------------

----------------------------------------------------------
sample path: (IntersectionOutput) 
  order timepoint           sequence nr.                  node name     dropped samples
latency

Statistics:
  latency:                  124.255ms [min=101.07ms, max=168.17ms, average=134.093ms, deviation=19.407ms]
----------------------------------------------------------

----------------------------------------------------------
sample path: (VehicleDBWSystem) 
  order timepoint           sequence nr.                  node name     dropped samples
bp period
latency

Statistics:
  latency:                  440.881ms [min=315.401ms, max=639.49ms, average=478.742ms, deviation=84.0006ms]
  behavior planner period:  100.028ms [min=98.7691ms, max=100.039ms, average=99.8982ms, deviation=0.374708ms]
----------------------------------------------------------

----------------------------------------------------------
sample path: (IntersectionOutput) 
  order timepoint           sequence nr.                  node name     dropped samples
latency

Statistics:
  latency:                  135.98ms [min=101.07ms, max=168.17ms, average=134.211ms, deviation=18.7549ms]
----------------------------------------------------------

----------------------------------------------------------
sample path: (VehicleDBWSystem) 
  order timepoint           sequence nr.                  node name     dropped samples
bp period
latency

Statistics:
  latency:                  443.837ms [min=315.401ms, max=639.49ms, average=476.057ms, deviation=81.005ms]
hotpath
  hot path:                 FrontLidarDriver/RearLidarDriver -> ObjectCollisionEstimator
  hot path latency:         91.7513ms [min=65.344ms, max=172.845ms, average=113.474ms, deviation=40.8127ms]
  hot path drops:           0 [min=0, max=1, average=0.454545, deviation=0.522233]
  behavior planner period:  99.9992ms [min=98.7691ms, max=100.039ms, average=99.9066ms, deviation=0.358458ms]
----------------------------------------------------------

----------------------------------------------------------
sample path: (IntersectionOutput) 
  order timepoint           sequence nr.                  node name     dropped samples
latency

Statistics:
  latency:                  137.698ms [min=101.07ms, max=168.17ms, average=134.416ms, deviation=18.179ms]
----------------------------------------------------------

----------------------------------------------------------
sample path: (IntersectionOutput) 
  order timepoint           sequence nr.                  node name     dropped samples
latency

Statistics:
  latency:                  123.497ms [min=101.07ms, max=168.17ms, average=133.809ms, deviation=17.8231ms]
----------------------------------------------------------

----------------------------------------------------------
sample path: (VehicleDBWSystem) 
  order timepoint           sequence nr.                  node name     dropped samples
bp period
latency

Statistics:
  latency:                  522.997ms [min=315.401ms, max=639.49ms, average=479.41ms, deviation=78.8317ms]
hotpath
  hot path:                 FrontLidarDriver/RearLidarDriver -> ObjectCollisionEstimator
  hot path latency:         65.9472ms [min=65.344ms, max=172.845ms, average=109.514ms, deviation=41.2612ms]
  hot path drops:           1 [min=0, max=1, average=0.5, deviation=0.522233]
  behavior planner period:  100.011ms [min=98.7691ms, max=100.039ms, average=99.9146ms, deviation=0.344425ms]
----------------------------------------------------------

----------------------------------------------------------
sample path: (IntersectionOutput) 
  order timepoint           sequence nr.                  node name     dropped samples
latency

Statistics:
  latency:                  135.6ms [min=101.07ms, max=168.17ms, average=133.904ms, deviation=17.3258ms]
----------------------------------------------------------

----------------------------------------------------------
sample path: (VehicleDBWSystem) 
  order timepoint           sequence nr.                  node name     dropped samples
bp period
latency

Statistics:
  latency:                  533.559ms [min=315.401ms, max=639.49ms, average=483.02ms, deviation=77.2401ms]
hotpath
  hot path:                 FrontLidarDriver/RearLidarDriver -> ObjectCollisionEstimator
  hot path latency:         158.193ms [min=65.344ms, max=172.845ms, average=113.258ms, deviation=41.748ms]
  hot path drops:           0 [min=0, max=1, average=0.461538, deviation=0.518875]
  behavior planner period:  100.009ms [min=98.7691ms, max=100.039ms, average=99.9214ms, deviation=0.331869ms]
----------------------------------------------------------

----------------------------------------------------------
sample path: (IntersectionOutput) 
  order timepoint           sequence nr.                  node name     dropped samples
latency

Statistics:
  latency:                  135.583ms [min=101.07ms, max=168.17ms, average=133.988ms, deviation=16.8678ms]
----------------------------------------------------------

----------------------------------------------------------
sample path: (IntersectionOutput) 
  order timepoint           sequence nr.                  node name     dropped samples
latency

Statistics:
  latency:                  101.556ms [min=101.07ms, max=168.17ms, average=132.443ms, deviation=17.8993ms]
----------------------------------------------------------

----------------------------------------------------------
sample path: (VehicleDBWSystem) 
  order timepoint           sequence nr.                  node name     dropped samples
bp period
latency

Statistics:
  latency:                  508.672ms [min=315.401ms, max=639.49ms, average=484.623ms, deviation=74.8961ms]
hotpath
  hot path:                 FrontLidarDriver/RearLidarDriver -> ObjectCollisionEstimator
  hot path latency:         146.477ms [min=65.344ms, max=172.845ms, average=115.631ms, deviation=41.081ms]
  hot path drops:           0 [min=0, max=1, average=0.428571, deviation=0.513553]
  behavior planner period:  100.012ms [min=98.7691ms, max=100.039ms, average=99.9274ms, deviation=0.320656ms]
----------------------------------------------------------

----------------------------------------------------------
sample path: (IntersectionOutput) 
  order timepoint           sequence nr.                  node name     dropped samples
latency

Statistics:
  latency:                  135.037ms [min=101.07ms, max=168.17ms, average=132.561ms, deviation=17.4767ms]
----------------------------------------------------------

----------------------------------------------------------
sample path: (VehicleDBWSystem) 
  order timepoint           sequence nr.                  node name     dropped samples
bp period
latency

Statistics:
  latency:                  429.624ms [min=315.401ms, max=639.49ms, average=481.388ms, deviation=73.7345ms]
  behavior planner period:  100.002ms [min=98.7691ms, max=100.039ms, average=99.9321ms, deviation=0.31034ms]
----------------------------------------------------------

----------------------------------------------------------
sample path: (IntersectionOutput) 
  order timepoint           sequence nr.                  node name     dropped samples
latency

Statistics:
  latency:                  134.926ms [min=101.07ms, max=168.17ms, average=132.664ms, deviation=17.082ms]
----------------------------------------------------------

----------------------------------------------------------
sample path: (VehicleDBWSystem) 
  order timepoint           sequence nr.                  node name     dropped samples
bp period
latency

Statistics:
  latency:                  523.37ms [min=315.401ms, max=639.49ms, average=483.72ms, deviation=72.2141ms]
hotpath
  hot path:                 FrontLidarDriver/RearLidarDriver -> ObjectCollisionEstimator
  hot path latency:         145.372ms [min=65.344ms, max=172.845ms, average=117.614ms, deviation=40.3245ms]
  hot path drops:           0 [min=0, max=1, average=0.4, deviation=0.507093]
  behavior planner period:  100.012ms [min=98.7691ms, max=100.039ms, average=99.9368ms, deviation=0.301112ms]
----------------------------------------------------------

----------------------------------------------------------
sample path: (IntersectionOutput) 
  order timepoint           sequence nr.                  node name     dropped samples
latency

Statistics:
  latency:                  150.636ms [min=101.07ms, max=168.17ms, average=133.413ms, deviation=17.1045ms]
----------------------------------------------------------

----------------------------------------------------------
sample path: (VehicleDBWSystem) 
  order timepoint           sequence nr.                  node name     dropped samples
bp period
latency

Statistics:
  latency:                  557.063ms [min=315.401ms, max=639.49ms, average=487.58ms, deviation=72.1684ms]
hotpath
  hot path:                 FrontLidarDriver/RearLidarDriver -> ObjectCollisionEstimator
  hot path latency:         145.209ms [min=65.344ms, max=172.845ms, average=119.338ms, deviation=39.5633ms]
  hot path drops:           0 [min=0, max=1, average=0.375, deviation=0.5]
  behavior planner period:  100.01ms [min=98.7691ms, max=100.039ms, average=99.9408ms, deviation=0.292628ms]
----------------------------------------------------------

----------------------------------------------------------
sample path: (IntersectionOutput) 
  order timepoint           sequence nr.                  node name     dropped samples
latency

Statistics:
  latency:                  135.245ms [min=101.07ms, max=168.17ms, average=133.486ms, deviation=16.7484ms]
----------------------------------------------------------

----------------------------------------------------------
sample path: (VehicleDBWSystem) 
  order timepoint           sequence nr.                  node name     dropped samples
bp period
latency

Statistics:
  latency:                  644.021ms [min=315.401ms, max=644.021ms, average=495.402ms, deviation=78.4719ms]
hotpath
  hot path:                 FrontLidarDriver/RearLidarDriver -> ObjectCollisionEstimator
  hot path latency:         85.8491ms [min=65.344ms, max=172.845ms, average=117.368ms, deviation=39.1587ms]
  hot path drops:           1 [min=0, max=1, average=0.411765, deviation=0.5073]
  behavior planner period:  100.005ms [min=98.7691ms, max=100.039ms, average=99.9442ms, deviation=0.284759ms]
----------------------------------------------------------

----------------------------------------------------------
sample path: (IntersectionOutput) 
  order timepoint           sequence nr.                  node name     dropped samples
latency

Statistics:
  latency:                  86.5462ms [min=86.5462ms, max=168.17ms, average=131.681ms, deviation=18.8158ms]
----------------------------------------------------------

----------------------------------------------------------
sample path: (IntersectionOutput) 
  order timepoint           sequence nr.                  node name     dropped samples
latency

Statistics:
  latency:                  116.232ms [min=86.5462ms, max=168.17ms, average=131.109ms, deviation=18.6884ms]
----------------------------------------------------------

----------------------------------------------------------
sample path: (VehicleDBWSystem) 
  order timepoint           sequence nr.                  node name     dropped samples
bp period
latency

Statistics:
  latency:                  474.555ms [min=315.401ms, max=644.021ms, average=494.409ms, deviation=76.6202ms]
hotpath
  hot path:                 FrontLidarDriver/RearLidarDriver -> ObjectCollisionEstimator
  hot path latency:         66.844ms [min=65.344ms, max=172.845ms, average=114.562ms, deviation=39.8123ms]
  hot path drops:           1 [min=0, max=1, average=0.444444, deviation=0.51131]
  behavior planner period:  100.015ms [min=98.7691ms, max=100.039ms, average=99.9477ms, deviation=0.277611ms]
----------------------------------------------------------

----------------------------------------------------------
sample path: (IntersectionOutput) 
  order timepoint           sequence nr.                  node name     dropped samples
latency

Statistics:
  latency:                  135.458ms [min=86.5462ms, max=168.17ms, average=131.264ms, deviation=18.3575ms]
----------------------------------------------------------

----------------------------------------------------------
sample path: (IntersectionOutput) 
  order timepoint           sequence nr.                  node name     dropped samples
latency

Statistics:
  latency:                  135.359ms [min=86.5462ms, max=168.17ms, average=131.405ms, deviation=18.0427ms]
----------------------------------------------------------

----------------------------------------------------------
sample path: (VehicleDBWSystem) 
  order timepoint           sequence nr.                  node name     dropped samples
bp period
latency

Statistics:
  latency:                  444.528ms [min=315.401ms, max=644.021ms, average=492.142ms, deviation=75.5261ms]
hotpath
  hot path:                 FrontLidarDriver/RearLidarDriver -> ObjectCollisionEstimator
  hot path latency:         60.7733ms [min=60.7733ms, max=172.845ms, average=111.731ms, deviation=40.6108ms]
  hot path drops:           1 [min=0, max=1, average=0.473684, deviation=0.512989]
  behavior planner period:  100.003ms [min=98.7691ms, max=100.039ms, average=99.9503ms, deviation=0.270851ms]
----------------------------------------------------------

----------------------------------------------------------
sample path: (IntersectionOutput) 
  order timepoint           sequence nr.                  node name     dropped samples
latency

Statistics:
  latency:                  135.341ms [min=86.5462ms, max=168.17ms, average=131.536ms, deviation=17.7434ms]
----------------------------------------------------------

----------------------------------------------------------
sample path: (VehicleDBWSystem) 
  order timepoint           sequence nr.                  node name     dropped samples
bp period
latency

Statistics:
  latency:                  509.043ms [min=315.401ms, max=644.021ms, average=492.877ms, deviation=73.8738ms]
hotpath
  hot path:                 FrontLidarDriver/RearLidarDriver -> ObjectCollisionEstimator
  hot path latency:         144.155ms [min=60.7733ms, max=172.845ms, average=113.352ms, deviation=40.187ms]
  hot path drops:           0 [min=0, max=1, average=0.45, deviation=0.510418]
  behavior planner period:  100.007ms [min=98.7691ms, max=100.039ms, average=99.9529ms, deviation=0.264596ms]
----------------------------------------------------------

----------------------------------------------------------
sample path: (IntersectionOutput) 
  order timepoint           sequence nr.                  node name     dropped samples
latency

Statistics:
  latency:                  101.687ms [min=86.5462ms, max=168.17ms, average=130.573ms, deviation=18.2504ms]
----------------------------------------------------------

----------------------------------------------------------
sample path: (IntersectionOutput) 
  order timepoint           sequence nr.                  node name     dropped samples
latency

Statistics:
  latency:                  128.284ms [min=86.5462ms, max=168.17ms, average=130.502ms, deviation=17.9582ms]
----------------------------------------------------------

----------------------------------------------------------
sample path: (VehicleDBWSystem) 
  order timepoint           sequence nr.                  node name     dropped samples
bp period
latency

Statistics:
  latency:                  513.516ms [min=315.401ms, max=644.021ms, average=493.737ms, deviation=72.3727ms]
hotpath
  hot path:                 FrontLidarDriver/RearLidarDriver -> ObjectCollisionEstimator
  hot path latency:         145.531ms [min=60.7733ms, max=172.845ms, average=114.884ms, deviation=39.794ms]
  hot path drops:           0 [min=0, max=1, average=0.428571, deviation=0.507093]
  behavior planner period:  100.027ms [min=98.7691ms, max=100.039ms, average=99.9561ms, deviation=0.258968ms]
----------------------------------------------------------

----------------------------------------------------------
sample path: (IntersectionOutput) 
  order timepoint           sequence nr.                  node name     dropped samples
latency

Statistics:
  latency:                  168.994ms [min=86.5462ms, max=168.994ms, average=131.668ms, deviation=18.9028ms]
----------------------------------------------------------

