----------------------------------------------------------
sample path: (IntersectionOutput) 
  order timepoint           sequence nr.                  node name     dropped samples
latency

Statistics:
  latency:                  412.437ms [min=412.437ms, max=412.437ms, average=412.437ms, deviation=-nanms]
----------------------------------------------------------

----------------------------------------------------------
sample path: (VehicleDBWSystem) 
  order timepoint           sequence nr.                  node name     dropped samples
latency

Statistics:
  latency:                  910.989ms [min=910.989ms, max=910.989ms, average=910.989ms, deviation=-nanms]
hotpath
  hot path:                 FrontLidarDriver/RearLidarDriver -> ObjectCollisionEstimator
  hot path latency:         352.483ms [min=352.483ms, max=352.483ms, average=352.483ms, deviation=-nanms]
  hot path drops:           0 [min=0, max=0, average=0, deviation=-nan]
  behavior planner period:  0ms [min=1.84467e+13ms, max=0ms, average=0ms, deviation=0ms]
----------------------------------------------------------

----------------------------------------------------------
sample path: (IntersectionOutput) 
  order timepoint           sequence nr.                  node name     dropped samples
latency

Statistics:
  latency:                  303.977ms [min=303.977ms, max=412.437ms, average=358.207ms, deviation=76.6923ms]
----------------------------------------------------------

----------------------------------------------------------
sample path: (IntersectionOutput) 
  order timepoint           sequence nr.                  node name     dropped samples
latency

Statistics:
  latency:                  206.761ms [min=206.761ms, max=412.437ms, average=307.725ms, deviation=102.889ms]
----------------------------------------------------------

----------------------------------------------------------
sample path: (VehicleDBWSystem) 
  order timepoint           sequence nr.                  node name     dropped samples
bp period
latency

Statistics:
  latency:                  996.448ms [min=910.989ms, max=996.448ms, average=953.719ms, deviation=60.4286ms]
hotpath
  hot path:                 FrontLidarDriver/RearLidarDriver -> ObjectCollisionEstimator
  hot path latency:         425.162ms [min=352.483ms, max=425.162ms, average=388.822ms, deviation=51.3918ms]
  hot path drops:           0 [min=0, max=0, average=0, deviation=0]
  behavior planner period:  206.022ms [min=206.022ms, max=206.022ms, average=206.022ms, deviation=-nanms]
----------------------------------------------------------

----------------------------------------------------------
sample path: (IntersectionOutput) 
  order timepoint           sequence nr.                  node name     dropped samples
latency

Statistics:
  latency:                  182.546ms [min=182.546ms, max=412.437ms, average=276.43ms, deviation=104.761ms]
----------------------------------------------------------

----------------------------------------------------------
sample path: (VehicleDBWSystem) 
  order timepoint           sequence nr.                  node name     dropped samples
bp period
latency

Statistics:
  latency:                  1009.01ms [min=910.989ms, max=1009.01ms, average=972.15ms, deviation=53.3382ms]
hotpath
  hot path:                 FrontLidarDriver/RearLidarDriver -> ObjectCollisionEstimator
  hot path latency:         461.605ms [min=352.483ms, max=461.605ms, average=413.083ms, deviation=55.5546ms]
  hot path drops:           0 [min=0, max=0, average=0, deviation=0]
  behavior planner period:  243.33ms [min=206.022ms, max=243.33ms, average=224.676ms, deviation=26.381ms]
----------------------------------------------------------

----------------------------------------------------------
sample path: (IntersectionOutput) 
  order timepoint           sequence nr.                  node name     dropped samples
latency

Statistics:
  latency:                  170.15ms [min=170.15ms, max=412.437ms, average=255.174ms, deviation=102.422ms]
----------------------------------------------------------

----------------------------------------------------------
sample path: (VehicleDBWSystem) 
  order timepoint           sequence nr.                  node name     dropped samples
bp period
latency

Statistics:
  latency:                  1020.86ms [min=910.989ms, max=1020.86ms, average=984.328ms, deviation=49.8987ms]
hotpath
  hot path:                 FrontLidarDriver/RearLidarDriver -> ObjectCollisionEstimator
  hot path latency:         497.952ms [min=352.483ms, max=497.952ms, average=434.3ms, deviation=62.1145ms]
  hot path drops:           0 [min=0, max=0, average=0, deviation=0]
  behavior planner period:  194.72ms [min=194.72ms, max=243.33ms, average=214.691ms, deviation=25.438ms]
----------------------------------------------------------

----------------------------------------------------------
sample path: (IntersectionOutput) 
  order timepoint           sequence nr.                  node name     dropped samples
latency

Statistics:
  latency:                  182.087ms [min=170.15ms, max=412.437ms, average=242.993ms, deviation=96.3457ms]
----------------------------------------------------------

----------------------------------------------------------
sample path: (VehicleDBWSystem) 
  order timepoint           sequence nr.                  node name     dropped samples
bp period
latency

Statistics:
  latency:                  875.331ms [min=875.331ms, max=1020.86ms, average=962.529ms, deviation=65.142ms]
hotpath
  hot path:                 FrontLidarDriver/RearLidarDriver -> ObjectCollisionEstimator
  hot path latency:         316.768ms [min=316.768ms, max=497.952ms, average=410.794ms, deviation=75.2092ms]
  hot path drops:           2 [min=0, max=2, average=0.4, deviation=0.894427]
  behavior planner period:  182.358ms [min=182.358ms, max=243.33ms, average=206.608ms, deviation=26.32ms]
----------------------------------------------------------

----------------------------------------------------------
sample path: (IntersectionOutput) 
  order timepoint           sequence nr.                  node name     dropped samples
latency

Statistics:
  latency:                  206.13ms [min=170.15ms, max=412.437ms, average=237.727ms, deviation=89.048ms]
----------------------------------------------------------

----------------------------------------------------------
sample path: (VehicleDBWSystem) 
  order timepoint           sequence nr.                  node name     dropped samples
bp period
latency

Statistics:
  latency:                  874.714ms [min=874.714ms, max=1020.86ms, average=947.893ms, deviation=68.4108ms]
  behavior planner period:  194.497ms [min=182.358ms, max=243.33ms, average=204.186ms, deviation=23.4285ms]
----------------------------------------------------------

----------------------------------------------------------
sample path: (IntersectionOutput) 
  order timepoint           sequence nr.                  node name     dropped samples
latency

Statistics:
  latency:                  206.206ms [min=170.15ms, max=412.437ms, average=233.787ms, deviation=83.1922ms]
----------------------------------------------------------

----------------------------------------------------------
sample path: (VehicleDBWSystem) 
  order timepoint           sequence nr.                  node name     dropped samples
bp period
latency

Statistics:
  latency:                  1081.04ms [min=874.714ms, max=1081.04ms, average=966.914ms, deviation=80.2044ms]
hotpath
  hot path:                 FrontLidarDriver/RearLidarDriver -> ObjectCollisionEstimator
  hot path latency:         413.647ms [min=316.768ms, max=497.952ms, average=411.269ms, deviation=67.2793ms]
  hot path drops:           0 [min=0, max=2, average=0.333333, deviation=0.816497]
  behavior planner period:  206.249ms [min=182.358ms, max=243.33ms, average=204.529ms, deviation=20.972ms]
----------------------------------------------------------

----------------------------------------------------------
sample path: (IntersectionOutput) 
  order timepoint           sequence nr.                  node name     dropped samples
latency

Statistics:
  latency:                  218.347ms [min=170.15ms, max=412.437ms, average=232.071ms, deviation=77.9892ms]
----------------------------------------------------------

----------------------------------------------------------
sample path: (VehicleDBWSystem) 
  order timepoint           sequence nr.                  node name     dropped samples
bp period
latency

Statistics:
  latency:                  1104.32ms [min=874.714ms, max=1104.32ms, average=984.09ms, deviation=88.7341ms]
hotpath
  hot path:                 FrontLidarDriver/RearLidarDriver -> ObjectCollisionEstimator
  hot path latency:         413.09ms [min=316.768ms, max=497.952ms, average=411.529ms, deviation=61.4211ms]
  hot path drops:           0 [min=0, max=2, average=0.285714, deviation=0.755929]
  behavior planner period:  206.241ms [min=182.358ms, max=243.33ms, average=204.774ms, deviation=19.1556ms]
----------------------------------------------------------

----------------------------------------------------------
sample path: (IntersectionOutput) 
  order timepoint           sequence nr.                  node name     dropped samples
latency

Statistics:
  latency:                  205.82ms [min=170.15ms, max=412.437ms, average=229.446ms, deviation=73.996ms]
----------------------------------------------------------

----------------------------------------------------------
sample path: (VehicleDBWSystem) 
  order timepoint           sequence nr.                  node name     dropped samples
bp period
latency

Statistics:
  latency:                  1140.45ms [min=874.714ms, max=1140.45ms, average=1001.46ms, deviation=98.0095ms]
hotpath
  hot path:                 FrontLidarDriver/RearLidarDriver -> ObjectCollisionEstimator
  hot path latency:         449.123ms [min=316.768ms, max=497.952ms, average=416.229ms, deviation=58.3976ms]
  hot path drops:           0 [min=0, max=2, average=0.25, deviation=0.707107]
  behavior planner period:  206.388ms [min=182.358ms, max=243.33ms, average=204.976ms, deviation=17.7438ms]
----------------------------------------------------------

----------------------------------------------------------
sample path: (IntersectionOutput) 
  order timepoint           sequence nr.                  node name     dropped samples
latency

Statistics:
  latency:                  206.293ms [min=170.15ms, max=412.437ms, average=227.341ms, deviation=70.5451ms]
----------------------------------------------------------

----------------------------------------------------------
sample path: (VehicleDBWSystem) 
  order timepoint           sequence nr.                  node name     dropped samples
bp period
latency

Statistics:
  latency:                  1164.57ms [min=874.714ms, max=1164.57ms, average=1017.77ms, deviation=105.826ms]
hotpath
  hot path:                 FrontLidarDriver/RearLidarDriver -> ObjectCollisionEstimator
  hot path latency:         473.215ms [min=316.768ms, max=497.952ms, average=422.561ms, deviation=57.8345ms]
  hot path drops:           0 [min=0, max=2, average=0.222222, deviation=0.666667]
  behavior planner period:  205.964ms [min=182.358ms, max=243.33ms, average=205.086ms, deviation=16.6011ms]
----------------------------------------------------------

----------------------------------------------------------
sample path: (IntersectionOutput) 
  order timepoint           sequence nr.                  node name     dropped samples
latency

Statistics:
  latency:                  206.237ms [min=170.15ms, max=412.437ms, average=225.583ms, deviation=67.5374ms]
----------------------------------------------------------

----------------------------------------------------------
sample path: (VehicleDBWSystem) 
  order timepoint           sequence nr.                  node name     dropped samples
bp period
latency

Statistics:
  latency:                  1164.8ms [min=874.714ms, max=1164.8ms, average=1031.14ms, deviation=109.747ms]
hotpath
  hot path:                 FrontLidarDriver/RearLidarDriver -> ObjectCollisionEstimator
  hot path latency:         473.112ms [min=316.768ms, max=497.952ms, average=427.616ms, deviation=56.8219ms]
  hot path drops:           0 [min=0, max=2, average=0.2, deviation=0.632456]
  behavior planner period:  206.41ms [min=182.358ms, max=243.33ms, average=205.218ms, deviation=15.6573ms]
----------------------------------------------------------

----------------------------------------------------------
sample path: (IntersectionOutput) 
  order timepoint           sequence nr.                  node name     dropped samples
latency

Statistics:
  latency:                  206.335ms [min=170.15ms, max=412.437ms, average=224.102ms, deviation=64.8822ms]
----------------------------------------------------------

----------------------------------------------------------
sample path: (VehicleDBWSystem) 
  order timepoint           sequence nr.                  node name     dropped samples
bp period
latency

Statistics:
  latency:                  1164.88ms [min=874.714ms, max=1164.88ms, average=1042.29ms, deviation=111.535ms]
hotpath
  hot path:                 FrontLidarDriver/RearLidarDriver -> ObjectCollisionEstimator
  hot path latency:         472.882ms [min=316.768ms, max=497.952ms, average=431.731ms, deviation=55.6069ms]
  hot path drops:           0 [min=0, max=2, average=0.181818, deviation=0.603023]
  behavior planner period:  206.366ms [min=182.358ms, max=243.33ms, average=205.322ms, deviation=14.8578ms]
----------------------------------------------------------

----------------------------------------------------------
sample path: (IntersectionOutput) 
  order timepoint           sequence nr.                  node name     dropped samples
latency

Statistics:
  latency:                  206.395ms [min=170.15ms, max=412.437ms, average=222.837ms, deviation=62.5161ms]
----------------------------------------------------------

----------------------------------------------------------
sample path: (VehicleDBWSystem) 
  order timepoint           sequence nr.                  node name     dropped samples
bp period
latency

Statistics:
  latency:                  1237.92ms [min=874.714ms, max=1237.92ms, average=1057.33ms, deviation=119.781ms]
hotpath
  hot path:                 FrontLidarDriver/RearLidarDriver -> ObjectCollisionEstimator
  hot path latency:         460.884ms [min=316.768ms, max=497.952ms, average=434.16ms, deviation=53.6829ms]
  hot path drops:           0 [min=0, max=2, average=0.166667, deviation=0.57735]
  behavior planner period:  206.503ms [min=182.358ms, max=243.33ms, average=205.421ms, deviation=14.1705ms]
----------------------------------------------------------

----------------------------------------------------------
sample path: (IntersectionOutput) 
  order timepoint           sequence nr.                  node name     dropped samples
latency

Statistics:
  latency:                  206.214ms [min=170.15ms, max=412.437ms, average=221.729ms, deviation=60.3948ms]
----------------------------------------------------------

----------------------------------------------------------
sample path: (VehicleDBWSystem) 
  order timepoint           sequence nr.                  node name     dropped samples
bp period
latency

Statistics:
  latency:                  1250.43ms [min=874.714ms, max=1250.43ms, average=1071.13ms, deviation=126.123ms]
hotpath
  hot path:                 FrontLidarDriver/RearLidarDriver -> ObjectCollisionEstimator
  hot path latency:         461.295ms [min=316.768ms, max=497.952ms, average=436.248ms, deviation=51.9455ms]
  hot path drops:           0 [min=0, max=2, average=0.153846, deviation=0.5547]
  behavior planner period:  206.39ms [min=182.358ms, max=243.33ms, average=205.495ms, deviation=13.5699ms]
----------------------------------------------------------

----------------------------------------------------------
sample path: (IntersectionOutput) 
  order timepoint           sequence nr.                  node name     dropped samples
latency

Statistics:
  latency:                  218.294ms [min=170.15ms, max=412.437ms, average=221.514ms, deviation=58.3532ms]
----------------------------------------------------------

----------------------------------------------------------
sample path: (VehicleDBWSystem) 
  order timepoint           sequence nr.                  node name     dropped samples
bp period
latency

Statistics:
  latency:                  1032ms [min=874.714ms, max=1250.43ms, average=1068.52ms, deviation=121.954ms]
hotpath
  hot path:                 FrontLidarDriver/RearLidarDriver -> ObjectCollisionEstimator
  hot path latency:         461.478ms [min=316.768ms, max=497.952ms, average=438.05ms, deviation=50.3611ms]
  hot path drops:           0 [min=0, max=2, average=0.142857, deviation=0.534522]
  behavior planner period:  145.768ms [min=145.768ms, max=243.33ms, average=201.229ms, deviation=20.6103ms]
----------------------------------------------------------

----------------------------------------------------------
sample path: (IntersectionOutput) 
  order timepoint           sequence nr.                  node name     dropped samples
latency

Statistics:
  latency:                  194.323ms [min=170.15ms, max=412.437ms, average=219.915ms, deviation=56.8838ms]
----------------------------------------------------------

----------------------------------------------------------
sample path: (VehicleDBWSystem) 
  order timepoint           sequence nr.                  node name     dropped samples
bp period
latency

Statistics:
  latency:                  886.196ms [min=874.714ms, max=1250.43ms, average=1057.12ms, deviation=126.329ms]
  behavior planner period:  163.896ms [min=145.768ms, max=243.33ms, average=198.74ms, deviation=22.0762ms]
----------------------------------------------------------

----------------------------------------------------------
sample path: (IntersectionOutput) 
  order timepoint           sequence nr.                  node name     dropped samples
latency

Statistics:
  latency:                  266.989ms [min=170.15ms, max=412.437ms, average=222.53ms, deviation=56.2898ms]
----------------------------------------------------------

----------------------------------------------------------
sample path: (IntersectionOutput) 
  order timepoint           sequence nr.                  node name     dropped samples
latency

Statistics:
  latency:                  291.226ms [min=170.15ms, max=412.437ms, average=226.146ms, deviation=56.9288ms]
----------------------------------------------------------

----------------------------------------------------------
sample path: (IntersectionOutput) 
  order timepoint           sequence nr.                  node name     dropped samples
latency

Statistics:
  latency:                  194.011ms [min=170.15ms, max=412.437ms, average=224.539ms, deviation=55.8744ms]
----------------------------------------------------------

----------------------------------------------------------
sample path: (VehicleDBWSystem) 
  order timepoint           sequence nr.                  node name     dropped samples
bp period
latency

Statistics:
  latency:                  934.705ms [min=874.714ms, max=1250.43ms, average=1049.92ms, deviation=125.869ms]
hotpath
  hot path:                 FrontLidarDriver/RearLidarDriver -> ObjectCollisionEstimator
  hot path latency:         449.139ms [min=316.768ms, max=497.952ms, average=438.789ms, deviation=48.6135ms]
  hot path drops:           0 [min=0, max=2, average=0.133333, deviation=0.516398]
  behavior planner period:  133.54ms [min=133.54ms, max=243.33ms, average=194.665ms, deviation=26.8433ms]
----------------------------------------------------------

----------------------------------------------------------
sample path: (IntersectionOutput) 
  order timepoint           sequence nr.                  node name     dropped samples
latency

Statistics:
  latency:                  133.563ms [min=133.563ms, max=412.437ms, average=220.207ms, deviation=57.9652ms]
----------------------------------------------------------

----------------------------------------------------------
sample path: (VehicleDBWSystem) 
  order timepoint           sequence nr.                  node name     dropped samples
bp period
latency

Statistics:
  latency:                  983.11ms [min=874.714ms, max=1250.43ms, average=1046.21ms, deviation=123.122ms]
hotpath
  hot path:                 FrontLidarDriver/RearLidarDriver -> ObjectCollisionEstimator
  hot path latency:         412.949ms [min=316.768ms, max=497.952ms, average=437.174ms, deviation=47.4074ms]
  hot path drops:           0 [min=0, max=2, average=0.125, deviation=0.5]
  behavior planner period:  194.097ms [min=133.54ms, max=243.33ms, average=194.632ms, deviation=25.9913ms]
----------------------------------------------------------

----------------------------------------------------------
sample path: (IntersectionOutput) 
  order timepoint           sequence nr.                  node name     dropped samples
latency

Statistics:
  latency:                  266.855ms [min=133.563ms, max=412.437ms, average=222.327ms, deviation=57.4359ms]
----------------------------------------------------------

----------------------------------------------------------
sample path: (IntersectionOutput) 
  order timepoint           sequence nr.                  node name     dropped samples
latency

Statistics:
  latency:                  181.936ms [min=133.563ms, max=412.437ms, average=220.571ms, deviation=56.7439ms]
----------------------------------------------------------

----------------------------------------------------------
sample path: (VehicleDBWSystem) 
  order timepoint           sequence nr.                  node name     dropped samples
bp period
latency

Statistics:
  latency:                  1153.2ms [min=874.714ms, max=1250.43ms, average=1051.84ms, deviation=122.145ms]
  behavior planner period:  145.586ms [min=133.54ms, max=243.33ms, average=191.907ms, deviation=27.7389ms]
----------------------------------------------------------

