----------------------------------------------------------
sample path: (IntersectionOutput) 
  order timepoint           sequence nr.                  node name     dropped samples
latency

Statistics:
  latency:                  139.426ms [min=139.426ms, max=139.426ms, average=139.426ms, deviation=-nanms]
----------------------------------------------------------

----------------------------------------------------------
sample path: (VehicleDBWSystem) 
  order timepoint           sequence nr.                  node name     dropped samples
latency

Statistics:
  latency:                  716.557ms [min=716.557ms, max=716.557ms, average=716.557ms, deviation=-nanms]
hotpath
  hot path:                 FrontLidarDriver/RearLidarDriver -> ObjectCollisionEstimator
  hot path latency:         245.657ms [min=245.657ms, max=245.657ms, average=245.657ms, deviation=-nanms]
  hot path drops:           0 [min=0, max=0, average=0, deviation=-nan]
  behavior planner period:  0ms [min=1.84467e+13ms, max=0ms, average=0ms, deviation=0ms]
----------------------------------------------------------

----------------------------------------------------------
sample path: (IntersectionOutput) 
  order timepoint           sequence nr.                  node name     dropped samples
latency

Statistics:
  latency:                  139.842ms [min=139.426ms, max=139.842ms, average=139.634ms, deviation=0.294439ms]
----------------------------------------------------------

----------------------------------------------------------
sample path: (VehicleDBWSystem) 
  order timepoint           sequence nr.                  node name     dropped samples
bp period
latency

Statistics:
  latency:                  558.766ms [min=558.766ms, max=716.557ms, average=637.662ms, deviation=111.575ms]
hotpath
  hot path:                 FrontLidarDriver/RearLidarDriver -> ObjectCollisionEstimator
  hot path latency:         308.78ms [min=245.657ms, max=308.78ms, average=277.218ms, deviation=44.6348ms]
  hot path drops:           0 [min=0, max=0, average=0, deviation=0]
  behavior planner period:  107.384ms [min=107.384ms, max=107.384ms, average=107.384ms, deviation=-nanms]
----------------------------------------------------------

----------------------------------------------------------
sample path: (IntersectionOutput) 
  order timepoint           sequence nr.                  node name     dropped samples
latency

Statistics:
  latency:                  131.315ms [min=131.315ms, max=139.842ms, average=136.861ms, deviation=4.80743ms]
----------------------------------------------------------

----------------------------------------------------------
sample path: (IntersectionOutput) 
  order timepoint           sequence nr.                  node name     dropped samples
latency

Statistics:
  latency:                  154.428ms [min=131.315ms, max=154.428ms, average=141.253ms, deviation=9.62043ms]
----------------------------------------------------------

----------------------------------------------------------
sample path: (VehicleDBWSystem) 
  order timepoint           sequence nr.                  node name     dropped samples
bp period
latency

Statistics:
  latency:                  619.711ms [min=558.766ms, max=716.557ms, average=631.678ms, deviation=79.573ms]
hotpath
  hot path:                 FrontLidarDriver/RearLidarDriver -> ObjectCollisionEstimator
  hot path latency:         283.179ms [min=245.657ms, max=308.78ms, average=279.205ms, deviation=31.7486ms]
  hot path drops:           0 [min=0, max=0, average=0, deviation=0]
  behavior planner period:  109.635ms [min=107.384ms, max=109.635ms, average=108.51ms, deviation=1.59216ms]
----------------------------------------------------------

----------------------------------------------------------
sample path: (IntersectionOutput) 
  order timepoint           sequence nr.                  node name     dropped samples
latency

Statistics:
  latency:                  137.739ms [min=131.315ms, max=154.428ms, average=140.55ms, deviation=8.47842ms]
----------------------------------------------------------

----------------------------------------------------------
sample path: (IntersectionOutput) 
  order timepoint           sequence nr.                  node name     dropped samples
latency

Statistics:
  latency:                  159.555ms [min=131.315ms, max=159.555ms, average=143.717ms, deviation=10.8491ms]
----------------------------------------------------------

----------------------------------------------------------
sample path: (VehicleDBWSystem) 
  order timepoint           sequence nr.                  node name     dropped samples
bp period
latency

Statistics:
  latency:                  622.28ms [min=558.766ms, max=716.557ms, average=629.328ms, deviation=65.1408ms]
hotpath
  hot path:                 FrontLidarDriver/RearLidarDriver -> ObjectCollisionEstimator
  hot path latency:         295.943ms [min=245.657ms, max=308.78ms, average=283.389ms, deviation=27.2401ms]
  hot path drops:           0 [min=0, max=0, average=0, deviation=0]
  behavior planner period:  137.854ms [min=107.384ms, max=137.854ms, average=118.291ms, deviation=16.9795ms]
----------------------------------------------------------

----------------------------------------------------------
sample path: (IntersectionOutput) 
  order timepoint           sequence nr.                  node name     dropped samples
latency

Statistics:
  latency:                  133.988ms [min=131.315ms, max=159.555ms, average=142.328ms, deviation=10.5645ms]
----------------------------------------------------------

----------------------------------------------------------
sample path: (VehicleDBWSystem) 
  order timepoint           sequence nr.                  node name     dropped samples
bp period
latency

Statistics:
  latency:                  585.203ms [min=558.766ms, max=716.557ms, average=620.503ms, deviation=59.7655ms]
  behavior planner period:  169.504ms [min=107.384ms, max=169.504ms, average=131.094ms, deviation=29.1186ms]
----------------------------------------------------------

----------------------------------------------------------
sample path: (IntersectionOutput) 
  order timepoint           sequence nr.                  node name     dropped samples
latency

Statistics:
  latency:                  151.658ms [min=131.315ms, max=159.555ms, average=143.494ms, deviation=10.3222ms]
----------------------------------------------------------

----------------------------------------------------------
sample path: (VehicleDBWSystem) 
  order timepoint           sequence nr.                  node name     dropped samples
bp period
latency

Statistics:
  latency:                  748.167ms [min=558.766ms, max=748.167ms, average=641.781ms, deviation=74.6584ms]
hotpath
  hot path:                 FrontLidarDriver/RearLidarDriver -> ObjectCollisionEstimator
  hot path latency:         346.806ms [min=245.657ms, max=346.806ms, average=296.073ms, deviation=36.8896ms]
  hot path drops:           0 [min=0, max=0, average=0, deviation=0]
  behavior planner period:  161.68ms [min=107.384ms, max=169.504ms, average=137.211ms, deviation=28.6883ms]
----------------------------------------------------------

----------------------------------------------------------
sample path: (IntersectionOutput) 
  order timepoint           sequence nr.                  node name     dropped samples
latency

Statistics:
  latency:                  156.292ms [min=131.315ms, max=159.555ms, average=144.916ms, deviation=10.556ms]
----------------------------------------------------------

----------------------------------------------------------
sample path: (VehicleDBWSystem) 
  order timepoint           sequence nr.                  node name     dropped samples
bp period
latency

Statistics:
  latency:                  742.903ms [min=558.766ms, max=748.167ms, average=656.227ms, deviation=78.1392ms]
hotpath
  hot path:                 FrontLidarDriver/RearLidarDriver -> ObjectCollisionEstimator
  hot path latency:         327.489ms [min=245.657ms, max=346.806ms, average=301.309ms, deviation=35.4001ms]
  hot path drops:           0 [min=0, max=0, average=0, deviation=0]
  behavior planner period:  159.39ms [min=107.384ms, max=169.504ms, average=140.908ms, deviation=27.2102ms]
----------------------------------------------------------

----------------------------------------------------------
sample path: (IntersectionOutput) 
  order timepoint           sequence nr.                  node name     dropped samples
latency

Statistics:
  latency:                  145.926ms [min=131.315ms, max=159.555ms, average=145.017ms, deviation=9.95742ms]
----------------------------------------------------------

----------------------------------------------------------
sample path: (IntersectionOutput) 
  order timepoint           sequence nr.                  node name     dropped samples
latency

Statistics:
  latency:                  157.292ms [min=131.315ms, max=159.555ms, average=146.133ms, deviation=10.1456ms]
----------------------------------------------------------

----------------------------------------------------------
sample path: (VehicleDBWSystem) 
  order timepoint           sequence nr.                  node name     dropped samples
bp period
latency

Statistics:
  latency:                  753.655ms [min=558.766ms, max=753.655ms, average=668.405ms, deviation=80.125ms]
hotpath
  hot path:                 FrontLidarDriver/RearLidarDriver -> ObjectCollisionEstimator
  hot path latency:         371.614ms [min=245.657ms, max=371.614ms, average=311.352ms, deviation=41.8381ms]
  hot path drops:           0 [min=0, max=0, average=0, deviation=0]
  behavior planner period:  221.06ms [min=107.384ms, max=221.06ms, average=152.358ms, deviation=39.1761ms]
----------------------------------------------------------

----------------------------------------------------------
sample path: (IntersectionOutput) 
  order timepoint           sequence nr.                  node name     dropped samples
latency

Statistics:
  latency:                  181.177ms [min=131.315ms, max=181.177ms, average=149.053ms, deviation=13.997ms]
----------------------------------------------------------

----------------------------------------------------------
sample path: (VehicleDBWSystem) 
  order timepoint           sequence nr.                  node name     dropped samples
bp period
latency

Statistics:
  latency:                  612.509ms [min=558.766ms, max=753.655ms, average=662.195ms, deviation=77.2312ms]
hotpath
  hot path:                 FrontLidarDriver/RearLidarDriver -> ObjectCollisionEstimator
  hot path latency:         209.466ms [min=209.466ms, max=371.614ms, average=298.617ms, deviation=52.8957ms]
  hot path drops:           0 [min=0, max=0, average=0, deviation=0]
  behavior planner period:  144.401ms [min=107.384ms, max=221.06ms, average=151.364ms, deviation=36.3789ms]
----------------------------------------------------------

----------------------------------------------------------
sample path: (IntersectionOutput) 
  order timepoint           sequence nr.                  node name     dropped samples
latency

Statistics:
  latency:                  178.122ms [min=131.315ms, max=181.177ms, average=151.289ms, deviation=15.6394ms]
----------------------------------------------------------

----------------------------------------------------------
sample path: (IntersectionOutput) 
  order timepoint           sequence nr.                  node name     dropped samples
latency

Statistics:
  latency:                  142.6ms [min=131.315ms, max=181.177ms, average=150.669ms, deviation=15.2042ms]
----------------------------------------------------------

----------------------------------------------------------
sample path: (IntersectionOutput) 
  order timepoint           sequence nr.                  node name     dropped samples
latency

Statistics:
  latency:                  152.259ms [min=131.315ms, max=181.177ms, average=150.775ms, deviation=14.6569ms]
----------------------------------------------------------

----------------------------------------------------------
sample path: (VehicleDBWSystem) 
  order timepoint           sequence nr.                  node name     dropped samples
bp period
latency

Statistics:
  latency:                  781.316ms [min=558.766ms, max=781.316ms, average=674.107ms, deviation=81.9812ms]
hotpath
  hot path:                 FrontLidarDriver/RearLidarDriver -> ObjectCollisionEstimator
  hot path latency:         408.181ms [min=209.466ms, max=408.181ms, average=310.79ms, deviation=61.4983ms]
  hot path drops:           0 [min=0, max=0, average=0, deviation=0]
  behavior planner period:  233.029ms [min=107.384ms, max=233.029ms, average=160.438ms, deviation=43.5779ms]
----------------------------------------------------------

----------------------------------------------------------
sample path: (IntersectionOutput) 
  order timepoint           sequence nr.                  node name     dropped samples
latency

Statistics:
  latency:                  157.141ms [min=131.315ms, max=181.177ms, average=151.172ms, deviation=14.2491ms]
----------------------------------------------------------

----------------------------------------------------------
sample path: (VehicleDBWSystem) 
  order timepoint           sequence nr.                  node name     dropped samples
bp period
latency

Statistics:
  latency:                  787.343ms [min=558.766ms, max=787.343ms, average=684.401ms, deviation=84.9382ms]
hotpath
  hot path:                 FrontLidarDriver/RearLidarDriver -> ObjectCollisionEstimator
  hot path latency:         403.998ms [min=209.466ms, max=408.181ms, average=320.111ms, deviation=65.0428ms]
  hot path drops:           0 [min=0, max=0, average=0, deviation=0]
  behavior planner period:  161.784ms [min=107.384ms, max=233.029ms, average=160.572ms, deviation=41.0878ms]
----------------------------------------------------------

----------------------------------------------------------
sample path: (IntersectionOutput) 
  order timepoint           sequence nr.                  node name     dropped samples
latency

Statistics:
  latency:                  161.486ms [min=131.315ms, max=181.177ms, average=151.779ms, deviation=14.0215ms]
----------------------------------------------------------

----------------------------------------------------------
sample path: (VehicleDBWSystem) 
  order timepoint           sequence nr.                  node name     dropped samples
bp period
latency

Statistics:
  latency:                  609.827ms [min=558.766ms, max=787.343ms, average=678.186ms, deviation=83.7978ms]
hotpath
  hot path:                 FrontLidarDriver/RearLidarDriver -> ObjectCollisionEstimator
  hot path latency:         210.634ms [min=209.466ms, max=408.181ms, average=310.159ms, deviation=69.9791ms]
  hot path drops:           0 [min=0, max=0, average=0, deviation=0]
  behavior planner period:  139.484ms [min=107.384ms, max=233.029ms, average=158.655ms, deviation=39.4945ms]
----------------------------------------------------------

----------------------------------------------------------
sample path: (IntersectionOutput) 
  order timepoint           sequence nr.                  node name     dropped samples
latency

Statistics:
  latency:                  178.231ms [min=131.315ms, max=181.177ms, average=153.249ms, deviation=14.9637ms]
----------------------------------------------------------

----------------------------------------------------------
sample path: (IntersectionOutput) 
  order timepoint           sequence nr.                  node name     dropped samples
latency

Statistics:
  latency:                  156.198ms [min=131.315ms, max=181.177ms, average=153.404ms, deviation=14.5578ms]
----------------------------------------------------------

----------------------------------------------------------
sample path: (VehicleDBWSystem) 
  order timepoint           sequence nr.                  node name     dropped samples
bp period
latency

Statistics:
  latency:                  784.12ms [min=558.766ms, max=787.343ms, average=686.335ms, deviation=85.4408ms]
hotpath
  hot path:                 FrontLidarDriver/RearLidarDriver -> ObjectCollisionEstimator
  hot path latency:         386.271ms [min=209.466ms, max=408.181ms, average=316.501ms, deviation=70.247ms]
  hot path drops:           0 [min=0, max=0, average=0, deviation=0]
  behavior planner period:  71.5701ms [min=71.5701ms, max=233.029ms, average=151.398ms, deviation=45.2769ms]
----------------------------------------------------------

----------------------------------------------------------
sample path: (IntersectionOutput) 
  order timepoint           sequence nr.                  node name     dropped samples
latency

Statistics:
  latency:                  165.269ms [min=131.315ms, max=181.177ms, average=153.997ms, deviation=14.4158ms]
----------------------------------------------------------

----------------------------------------------------------
sample path: (VehicleDBWSystem) 
  order timepoint           sequence nr.                  node name     dropped samples
bp period
latency

Statistics:
  latency:                  793.232ms [min=558.766ms, max=793.232ms, average=693.971ms, deviation=86.9183ms]
hotpath
  hot path:                 FrontLidarDriver/RearLidarDriver -> ObjectCollisionEstimator
  hot path latency:         398.837ms [min=209.466ms, max=408.181ms, average=322.835ms, deviation=71.0274ms]
  hot path drops:           0 [min=0, max=0, average=0, deviation=0]
  behavior planner period:  178.089ms [min=71.5701ms, max=233.029ms, average=153.451ms, deviation=43.9769ms]
----------------------------------------------------------

----------------------------------------------------------
sample path: (IntersectionOutput) 
  order timepoint           sequence nr.                  node name     dropped samples
latency

Statistics:
  latency:                  170.976ms [min=131.315ms, max=181.177ms, average=154.806ms, deviation=14.531ms]
----------------------------------------------------------

----------------------------------------------------------
sample path: (VehicleDBWSystem) 
  order timepoint           sequence nr.                  node name     dropped samples
bp period
latency

Statistics:
  latency:                  794.783ms [min=558.766ms, max=794.783ms, average=700.692ms, deviation=87.7081ms]
hotpath
  hot path:                 FrontLidarDriver/RearLidarDriver -> ObjectCollisionEstimator
  hot path latency:         400.089ms [min=209.466ms, max=408.181ms, average=328.353ms, deviation=71.296ms]
  hot path drops:           0 [min=0, max=0, average=0, deviation=0]
  behavior planner period:  161.94ms [min=71.5701ms, max=233.029ms, average=154.058ms, deviation=42.3125ms]
----------------------------------------------------------

----------------------------------------------------------
sample path: (IntersectionOutput) 
  order timepoint           sequence nr.                  node name     dropped samples
latency

Statistics:
  latency:                  178.618ms [min=131.315ms, max=181.177ms, average=155.888ms, deviation=15.0622ms]
----------------------------------------------------------

----------------------------------------------------------
sample path: (VehicleDBWSystem) 
  order timepoint           sequence nr.                  node name     dropped samples
bp period
latency

Statistics:
  latency:                  805.486ms [min=558.766ms, max=805.486ms, average=707.241ms, deviation=88.6918ms]
hotpath
  hot path:                 FrontLidarDriver/RearLidarDriver -> ObjectCollisionEstimator
  hot path latency:         391.249ms [min=209.466ms, max=408.181ms, average=332.546ms, deviation=70.5958ms]
  hot path drops:           0 [min=0, max=0, average=0, deviation=0]
  behavior planner period:  176.454ms [min=71.5701ms, max=233.029ms, average=155.551ms, deviation=41.1814ms]
----------------------------------------------------------

----------------------------------------------------------
sample path: (IntersectionOutput) 
  order timepoint           sequence nr.                  node name     dropped samples
latency

Statistics:
  latency:                  185.733ms [min=131.315ms, max=185.733ms, average=157.186ms, deviation=15.9777ms]
----------------------------------------------------------

----------------------------------------------------------
sample path: (VehicleDBWSystem) 
  order timepoint           sequence nr.                  node name     dropped samples
bp period
latency

Statistics:
  latency:                  774.892ms [min=558.766ms, max=805.486ms, average=711.221ms, deviation=87.4289ms]
hotpath
  hot path:                 FrontLidarDriver/RearLidarDriver -> ObjectCollisionEstimator
  hot path latency:         388.994ms [min=209.466ms, max=408.181ms, average=336.074ms, deviation=69.6467ms]
  hot path drops:           0 [min=0, max=0, average=0, deviation=0]
  behavior planner period:  203.365ms [min=71.5701ms, max=233.029ms, average=158.539ms, deviation=41.542ms]
----------------------------------------------------------

----------------------------------------------------------
sample path: (IntersectionOutput) 
  order timepoint           sequence nr.                  node name     dropped samples
latency

Statistics:
  latency:                  146.618ms [min=131.315ms, max=185.733ms, average=156.745ms, deviation=15.7746ms]
----------------------------------------------------------

----------------------------------------------------------
sample path: (VehicleDBWSystem) 
  order timepoint           sequence nr.                  node name     dropped samples
bp period
latency

Statistics:
  latency:                  742.301ms [min=558.766ms, max=805.486ms, average=712.947ms, deviation=85.1343ms]
hotpath
  hot path:                 FrontLidarDriver/RearLidarDriver -> ObjectCollisionEstimator
  hot path latency:         423.665ms [min=209.466ms, max=423.665ms, average=341.226ms, deviation=70.7022ms]
  hot path drops:           0 [min=0, max=0, average=0, deviation=0]
  behavior planner period:  161.78ms [min=71.5701ms, max=233.029ms, average=158.73ms, deviation=40.2305ms]
----------------------------------------------------------

----------------------------------------------------------
sample path: (IntersectionOutput) 
  order timepoint           sequence nr.                  node name     dropped samples
latency

Statistics:
  latency:                  138.729ms [min=131.315ms, max=185.733ms, average=156.025ms, deviation=15.8573ms]
----------------------------------------------------------

----------------------------------------------------------
sample path: (VehicleDBWSystem) 
  order timepoint           sequence nr.                  node name     dropped samples
bp period
latency

Statistics:
  latency:                  711.958ms [min=558.766ms, max=805.486ms, average=712.895ms, deviation=82.7359ms]
hotpath
  hot path:                 FrontLidarDriver/RearLidarDriver -> ObjectCollisionEstimator
  hot path latency:         271.287ms [min=209.466ms, max=423.665ms, average=337.341ms, deviation=70.5444ms]
  hot path drops:           1 [min=0, max=1, average=0.0555556, deviation=0.235702]
  behavior planner period:  156.848ms [min=71.5701ms, max=233.029ms, average=158.625ms, deviation=39.0319ms]
----------------------------------------------------------

----------------------------------------------------------
sample path: (IntersectionOutput) 
  order timepoint           sequence nr.                  node name     dropped samples
latency

Statistics:
  latency:                  138.374ms [min=131.315ms, max=185.733ms, average=155.346ms, deviation=15.9179ms]
----------------------------------------------------------

----------------------------------------------------------
sample path: (IntersectionOutput) 
  order timepoint           sequence nr.                  node name     dropped samples
latency

Statistics:
  latency:                  168.239ms [min=131.315ms, max=185.733ms, average=155.823ms, deviation=15.8048ms]
----------------------------------------------------------

----------------------------------------------------------
sample path: (VehicleDBWSystem) 
  order timepoint           sequence nr.                  node name     dropped samples
bp period
latency

Statistics:
  latency:                  830.929ms [min=558.766ms, max=830.929ms, average=718.797ms, deviation=84.7441ms]
hotpath
  hot path:                 FrontLidarDriver/RearLidarDriver -> ObjectCollisionEstimator
  hot path latency:         326.818ms [min=209.466ms, max=423.665ms, average=336.787ms, deviation=68.5993ms]
  hot path drops:           0 [min=0, max=1, average=0.0526316, deviation=0.229416]
  behavior planner period:  222.954ms [min=71.5701ms, max=233.029ms, average=162.011ms, deviation=40.7019ms]
----------------------------------------------------------

----------------------------------------------------------
sample path: (IntersectionOutput) 
  order timepoint           sequence nr.                  node name     dropped samples
latency

Statistics:
  latency:                  170.246ms [min=131.315ms, max=185.733ms, average=156.338ms, deviation=15.747ms]
----------------------------------------------------------

----------------------------------------------------------
sample path: (VehicleDBWSystem) 
  order timepoint           sequence nr.                  node name     dropped samples
bp period
latency

Statistics:
  latency:                  851.391ms [min=558.766ms, max=851.391ms, average=725.111ms, deviation=87.5196ms]
hotpath
  hot path:                 FrontLidarDriver/RearLidarDriver -> ObjectCollisionEstimator
  hot path latency:         350.815ms [min=209.466ms, max=423.665ms, average=337.488ms, deviation=66.8433ms]
  hot path drops:           0 [min=0, max=1, average=0.05, deviation=0.223607]
  behavior planner period:  183.349ms [min=71.5701ms, max=233.029ms, average=163.078ms, deviation=39.9026ms]
----------------------------------------------------------

----------------------------------------------------------
sample path: (IntersectionOutput) 
  order timepoint           sequence nr.                  node name     dropped samples
latency

Statistics:
  latency:                  191.972ms [min=131.315ms, max=191.972ms, average=157.567ms, deviation=16.8195ms]
----------------------------------------------------------

----------------------------------------------------------
sample path: (VehicleDBWSystem) 
  order timepoint           sequence nr.                  node name     dropped samples
bp period
latency

Statistics:
  latency:                  656.634ms [min=558.766ms, max=851.391ms, average=721.998ms, deviation=86.6491ms]
hotpath
  hot path:                 FrontLidarDriver/RearLidarDriver -> ObjectCollisionEstimator
  hot path latency:         237.658ms [min=209.466ms, max=423.665ms, average=332.735ms, deviation=68.6965ms]
  hot path drops:           0 [min=0, max=1, average=0.047619, deviation=0.218218]
  behavior planner period:  154.536ms [min=71.5701ms, max=233.029ms, average=162.671ms, deviation=38.9369ms]
----------------------------------------------------------

----------------------------------------------------------
sample path: (IntersectionOutput) 
  order timepoint           sequence nr.                  node name     dropped samples
latency

Statistics:
  latency:                  173.547ms [min=131.315ms, max=191.972ms, average=158.1ms, deviation=16.7825ms]
----------------------------------------------------------

