----------------------------------------------------------
sample path: (VehicleDBWSystem) 
  order timepoint           sequence nr.                  node name     dropped samples
latency

Statistics:
  latency:                  322.707ms [min=322.707ms, max=322.707ms, average=322.707ms, deviation=-nanms]
hotpath
  hot path:                 FrontLidarDriver/RearLidarDriver -> ObjectCollisionEstimator
  hot path latency:         95.146ms [min=95.146ms, max=95.146ms, average=95.146ms, deviation=-nanms]
  hot path drops:           0 [min=0, max=0, average=0, deviation=-nan]
  behavior planner period:  0ms [min=1.84467e+13ms, max=0ms, average=0ms, deviation=0ms]
----------------------------------------------------------

----------------------------------------------------------
sample path: (IntersectionOutput) 
  order timepoint           sequence nr.                  node name     dropped samples
latency

Statistics:
  latency:                  56.3302ms [min=56.3302ms, max=56.3302ms, average=56.3302ms, deviation=-nanms]
----------------------------------------------------------

----------------------------------------------------------
sample path: (IntersectionOutput) 
  order timepoint           sequence nr.                  node name     dropped samples
latency

Statistics:
  latency:                  93.8878ms [min=56.3302ms, max=93.8878ms, average=75.109ms, deviation=26.5572ms]
----------------------------------------------------------

----------------------------------------------------------
sample path: (VehicleDBWSystem) 
  order timepoint           sequence nr.                  node name     dropped samples
bp period
latency

Statistics:
  latency:                  335.491ms [min=322.707ms, max=335.491ms, average=329.099ms, deviation=9.03954ms]
hotpath
  hot path:                 FrontLidarDriver/RearLidarDriver -> ObjectCollisionEstimator
  hot path latency:         115.336ms [min=95.146ms, max=115.336ms, average=105.241ms, deviation=14.2766ms]
  hot path drops:           0 [min=0, max=0, average=0, deviation=0]
  behavior planner period:  99.992ms [min=99.992ms, max=99.992ms, average=99.992ms, deviation=-nanms]
----------------------------------------------------------

----------------------------------------------------------
sample path: (IntersectionOutput) 
  order timepoint           sequence nr.                  node name     dropped samples
latency

Statistics:
  latency:                  65.3279ms [min=56.3302ms, max=93.8878ms, average=71.8486ms, deviation=19.6095ms]
----------------------------------------------------------

----------------------------------------------------------
sample path: (VehicleDBWSystem) 
  order timepoint           sequence nr.                  node name     dropped samples
bp period
latency

Statistics:
  latency:                  328.81ms [min=322.707ms, max=335.491ms, average=329.003ms, deviation=6.3941ms]
hotpath
  hot path:                 FrontLidarDriver/RearLidarDriver -> ObjectCollisionEstimator
  hot path latency:         115.072ms [min=95.146ms, max=115.336ms, average=108.518ms, deviation=11.5813ms]
  hot path drops:           0 [min=0, max=0, average=0, deviation=0]
  behavior planner period:  100.006ms [min=99.992ms, max=100.006ms, average=99.999ms, deviation=0.00989949ms]
----------------------------------------------------------

----------------------------------------------------------
sample path: (IntersectionOutput) 
  order timepoint           sequence nr.                  node name     dropped samples
latency

Statistics:
  latency:                  74.6803ms [min=56.3302ms, max=93.8878ms, average=72.5565ms, deviation=16.0736ms]
----------------------------------------------------------

----------------------------------------------------------
sample path: (VehicleDBWSystem) 
  order timepoint           sequence nr.                  node name     dropped samples
bp period
latency

Statistics:
  latency:                  421.347ms [min=322.707ms, max=421.347ms, average=352.089ms, deviation=46.4663ms]
hotpath
  hot path:                 FrontLidarDriver/RearLidarDriver -> ObjectCollisionEstimator
  hot path latency:         134.95ms [min=95.146ms, max=134.95ms, average=115.126ms, deviation=16.2506ms]
  hot path drops:           0 [min=0, max=0, average=0, deviation=0]
  behavior planner period:  99.9989ms [min=99.992ms, max=100.006ms, average=99.9989ms, deviation=0.00700023ms]
----------------------------------------------------------

----------------------------------------------------------
sample path: (IntersectionOutput) 
  order timepoint           sequence nr.                  node name     dropped samples
latency

Statistics:
  latency:                  93.8077ms [min=56.3302ms, max=93.8878ms, average=76.8068ms, deviation=16.855ms]
----------------------------------------------------------

----------------------------------------------------------
sample path: (VehicleDBWSystem) 
  order timepoint           sequence nr.                  node name     dropped samples
bp period
latency

Statistics:
  latency:                  318.276ms [min=318.276ms, max=421.347ms, average=345.326ms, deviation=42.9884ms]
hotpath
  hot path:                 FrontLidarDriver/RearLidarDriver -> ObjectCollisionEstimator
  hot path latency:         81.9309ms [min=81.9309ms, max=134.95ms, average=108.487ms, deviation=20.4559ms]
  hot path drops:           0 [min=0, max=0, average=0, deviation=0]
  behavior planner period:  100.012ms [min=99.992ms, max=100.012ms, average=100.002ms, deviation=0.00870562ms]
----------------------------------------------------------

----------------------------------------------------------
sample path: (IntersectionOutput) 
  order timepoint           sequence nr.                  node name     dropped samples
latency

Statistics:
  latency:                  74.9303ms [min=56.3302ms, max=93.8878ms, average=76.494ms, deviation=15.095ms]
----------------------------------------------------------

----------------------------------------------------------
sample path: (VehicleDBWSystem) 
  order timepoint           sequence nr.                  node name     dropped samples
bp period
latency

Statistics:
  latency:                  337.998ms [min=318.276ms, max=421.347ms, average=344.105ms, deviation=38.5662ms]
  behavior planner period:  99.9885ms [min=99.9885ms, max=100.012ms, average=99.9995ms, deviation=0.00972906ms]
----------------------------------------------------------

----------------------------------------------------------
sample path: (IntersectionOutput) 
  order timepoint           sequence nr.                  node name     dropped samples
latency

Statistics:
  latency:                  93.5426ms [min=56.3302ms, max=93.8878ms, average=78.9295ms, deviation=15.212ms]
----------------------------------------------------------

----------------------------------------------------------
sample path: (VehicleDBWSystem) 
  order timepoint           sequence nr.                  node name     dropped samples
bp period
latency

Statistics:
  latency:                  331.673ms [min=318.276ms, max=421.347ms, average=342.329ms, deviation=35.5181ms]
hotpath
  hot path:                 FrontLidarDriver/RearLidarDriver -> ObjectCollisionEstimator
  hot path latency:         115.333ms [min=81.9309ms, max=134.95ms, average=109.628ms, deviation=18.5086ms]
  hot path drops:           0 [min=0, max=0, average=0, deviation=0]
  behavior planner period:  100.009ms [min=99.9885ms, max=100.012ms, average=100.001ms, deviation=0.00961213ms]
----------------------------------------------------------

----------------------------------------------------------
sample path: (IntersectionOutput) 
  order timepoint           sequence nr.                  node name     dropped samples
latency

Statistics:
  latency:                  93.3666ms [min=56.3302ms, max=93.8878ms, average=80.7342ms, deviation=14.98ms]
----------------------------------------------------------

----------------------------------------------------------
sample path: (IntersectionOutput) 
  order timepoint           sequence nr.                  node name     dropped samples
latency

Statistics:
  latency:                  83.8981ms [min=56.3302ms, max=93.8878ms, average=81.0857ms, deviation=14.0522ms]
----------------------------------------------------------

----------------------------------------------------------
sample path: (VehicleDBWSystem) 
  order timepoint           sequence nr.                  node name     dropped samples
bp period
latency

Statistics:
  latency:                  440.146ms [min=318.276ms, max=440.146ms, average=354.556ms, deviation=47.7215ms]
hotpath
  hot path:                 FrontLidarDriver/RearLidarDriver -> ObjectCollisionEstimator
  hot path latency:         136.074ms [min=81.9309ms, max=136.074ms, average=113.406ms, deviation=19.6313ms]
  hot path drops:           0 [min=0, max=0, average=0, deviation=0]
  behavior planner period:  100.004ms [min=99.9885ms, max=100.012ms, average=100.002ms, deviation=0.0088492ms]
----------------------------------------------------------

----------------------------------------------------------
sample path: (IntersectionOutput) 
  order timepoint           sequence nr.                  node name     dropped samples
latency

Statistics:
  latency:                  93.4842ms [min=56.3302ms, max=93.8878ms, average=82.3255ms, deviation=13.8165ms]
----------------------------------------------------------

----------------------------------------------------------
sample path: (VehicleDBWSystem) 
  order timepoint           sequence nr.                  node name     dropped samples
bp period
latency

Statistics:
  latency:                  374.968ms [min=318.276ms, max=440.146ms, average=356.824ms, deviation=45.155ms]
hotpath
  hot path:                 FrontLidarDriver/RearLidarDriver -> ObjectCollisionEstimator
  hot path latency:         91.32ms [min=81.9309ms, max=136.074ms, average=110.645ms, deviation=19.7815ms]
  hot path drops:           0 [min=0, max=0, average=0, deviation=0]
  behavior planner period:  99.9952ms [min=99.9885ms, max=100.012ms, average=100.001ms, deviation=0.00849943ms]
----------------------------------------------------------

----------------------------------------------------------
sample path: (IntersectionOutput) 
  order timepoint           sequence nr.                  node name     dropped samples
latency

Statistics:
  latency:                  93.3398ms [min=56.3302ms, max=93.8878ms, average=83.3268ms, deviation=13.5216ms]
----------------------------------------------------------

----------------------------------------------------------
sample path: (VehicleDBWSystem) 
  order timepoint           sequence nr.                  node name     dropped samples
bp period
latency

Statistics:
  latency:                  359.158ms [min=318.276ms, max=440.146ms, average=357.057ms, deviation=42.5789ms]
hotpath
  hot path:                 FrontLidarDriver/RearLidarDriver -> ObjectCollisionEstimator
  hot path latency:         135.075ms [min=81.9309ms, max=136.074ms, average=113.36ms, deviation=20.2164ms]
  hot path drops:           0 [min=0, max=0, average=0, deviation=0]
  behavior planner period:  100.009ms [min=99.9885ms, max=100.012ms, average=100.002ms, deviation=0.00844022ms]
----------------------------------------------------------

----------------------------------------------------------
sample path: (IntersectionOutput) 
  order timepoint           sequence nr.                  node name     dropped samples
latency

Statistics:
  latency:                  102.715ms [min=56.3302ms, max=102.715ms, average=84.9425ms, deviation=14.0548ms]
----------------------------------------------------------

----------------------------------------------------------
sample path: (VehicleDBWSystem) 
  order timepoint           sequence nr.                  node name     dropped samples
bp period
latency

Statistics:
  latency:                  371.168ms [min=318.276ms, max=440.146ms, average=358.34ms, deviation=40.6173ms]
hotpath
  hot path:                 FrontLidarDriver/RearLidarDriver -> ObjectCollisionEstimator
  hot path latency:         134.975ms [min=81.9309ms, max=136.074ms, average=115.521ms, deviation=20.2489ms]
  hot path drops:           0 [min=0, max=0, average=0, deviation=0]
  behavior planner period:  99.9969ms [min=99.9885ms, max=100.012ms, average=100.001ms, deviation=0.00810366ms]
----------------------------------------------------------

----------------------------------------------------------
sample path: (IntersectionOutput) 
  order timepoint           sequence nr.                  node name     dropped samples
latency

Statistics:
  latency:                  102.609ms [min=56.3302ms, max=102.715ms, average=86.3015ms, deviation=14.3208ms]
----------------------------------------------------------

----------------------------------------------------------
sample path: (VehicleDBWSystem) 
  order timepoint           sequence nr.                  node name     dropped samples
bp period
latency

Statistics:
  latency:                  336.352ms [min=318.276ms, max=440.146ms, average=356.508ms, deviation=39.2439ms]
hotpath
  hot path:                 FrontLidarDriver/RearLidarDriver -> ObjectCollisionEstimator
  hot path latency:         84.239ms [min=81.9309ms, max=136.074ms, average=112.677ms, deviation=21.4004ms]
  hot path drops:           0 [min=0, max=0, average=0, deviation=0]
  behavior planner period:  99.9971ms [min=99.9885ms, max=100.012ms, average=100.001ms, deviation=0.00778942ms]
----------------------------------------------------------

----------------------------------------------------------
sample path: (IntersectionOutput) 
  order timepoint           sequence nr.                  node name     dropped samples
latency

Statistics:
  latency:                  93.2395ms [min=56.3302ms, max=102.715ms, average=86.7971ms, deviation=13.8834ms]
----------------------------------------------------------

----------------------------------------------------------
sample path: (VehicleDBWSystem) 
  order timepoint           sequence nr.                  node name     dropped samples
bp period
latency

Statistics:
  latency:                  486.008ms [min=318.276ms, max=486.008ms, average=366.469ms, deviation=51.9786ms]
  behavior planner period:  100.005ms [min=99.9885ms, max=100.012ms, average=100.001ms, deviation=0.00753562ms]
----------------------------------------------------------

----------------------------------------------------------
sample path: (IntersectionOutput) 
  order timepoint           sequence nr.                  node name     dropped samples
latency

Statistics:
  latency:                  102.508ms [min=56.3302ms, max=102.715ms, average=87.8445ms, deviation=13.9798ms]
----------------------------------------------------------

----------------------------------------------------------
sample path: (VehicleDBWSystem) 
  order timepoint           sequence nr.                  node name     dropped samples
bp period
latency

Statistics:
  latency:                  448.317ms [min=318.276ms, max=486.008ms, average=372.316ms, deviation=54.5201ms]
hotpath
  hot path:                 FrontLidarDriver/RearLidarDriver -> ObjectCollisionEstimator
  hot path latency:         87.0108ms [min=81.9309ms, max=136.074ms, average=110.539ms, deviation=21.7081ms]
  hot path drops:           0 [min=0, max=0, average=0, deviation=0]
  behavior planner period:  100.003ms [min=99.9885ms, max=100.012ms, average=100.001ms, deviation=0.00723111ms]
----------------------------------------------------------

----------------------------------------------------------
sample path: (IntersectionOutput) 
  order timepoint           sequence nr.                  node name     dropped samples
latency

Statistics:
  latency:                  93.2435ms [min=56.3302ms, max=102.715ms, average=88.1819ms, deviation=13.5731ms]
----------------------------------------------------------

----------------------------------------------------------
sample path: (VehicleDBWSystem) 
  order timepoint           sequence nr.                  node name     dropped samples
bp period
latency

Statistics:
  latency:                  382.756ms [min=318.276ms, max=486.008ms, average=373.012ms, deviation=52.606ms]
hotpath
  hot path:                 FrontLidarDriver/RearLidarDriver -> ObjectCollisionEstimator
  hot path latency:         89.675ms [min=81.9309ms, max=136.074ms, average=108.934ms, deviation=21.5744ms]
  hot path drops:           0 [min=0, max=0, average=0, deviation=0]
  behavior planner period:  100.003ms [min=99.9885ms, max=100.012ms, average=100.001ms, deviation=0.00696084ms]
----------------------------------------------------------

----------------------------------------------------------
sample path: (IntersectionOutput) 
  order timepoint           sequence nr.                  node name     dropped samples
latency

Statistics:
  latency:                  102.676ms [min=56.3302ms, max=102.715ms, average=89.0345ms, deviation=13.6041ms]
----------------------------------------------------------

----------------------------------------------------------
sample path: (VehicleDBWSystem) 
  order timepoint           sequence nr.                  node name     dropped samples
bp period
latency

Statistics:
  latency:                  364.377ms [min=318.276ms, max=486.008ms, average=372.472ms, deviation=50.8681ms]
hotpath
  hot path:                 FrontLidarDriver/RearLidarDriver -> ObjectCollisionEstimator
  hot path latency:         48.4751ms [min=48.4751ms, max=136.074ms, average=104.615ms, deviation=26.2819ms]
  hot path drops:           1 [min=0, max=1, average=0.0714286, deviation=0.267261]
  behavior planner period:  99.9973ms [min=99.9885ms, max=100.012ms, average=100.001ms, deviation=0.00679474ms]
----------------------------------------------------------

----------------------------------------------------------
sample path: (IntersectionOutput) 
  order timepoint           sequence nr.                  node name     dropped samples
latency

Statistics:
  latency:                  114.477ms [min=56.3302ms, max=114.477ms, average=90.448ms, deviation=14.4965ms]
----------------------------------------------------------

----------------------------------------------------------
sample path: (VehicleDBWSystem) 
  order timepoint           sequence nr.                  node name     dropped samples
bp period
latency

Statistics:
  latency:                  399.916ms [min=318.276ms, max=486.008ms, average=374.086ms, deviation=49.7005ms]
  behavior planner period:  100.007ms [min=99.9885ms, max=100.012ms, average=100.002ms, deviation=0.00670075ms]
----------------------------------------------------------

----------------------------------------------------------
sample path: (IntersectionOutput) 
  order timepoint           sequence nr.                  node name     dropped samples
latency

Statistics:
  latency:                  146.275ms [min=56.3302ms, max=146.275ms, average=93.3862ms, deviation=19.0396ms]
----------------------------------------------------------

----------------------------------------------------------
sample path: (VehicleDBWSystem) 
  order timepoint           sequence nr.                  node name     dropped samples
bp period
latency

Statistics:
  latency:                  427.973ms [min=318.276ms, max=486.008ms, average=377.08ms, deviation=49.8614ms]
hotpath
  hot path:                 FrontLidarDriver/RearLidarDriver -> ObjectCollisionEstimator
  hot path latency:         68.5543ms [min=48.4751ms, max=136.074ms, average=102.211ms, deviation=26.9832ms]
  hot path drops:           1 [min=0, max=1, average=0.133333, deviation=0.351866]
  behavior planner period:  100.634ms [min=99.9885ms, max=100.634ms, average=100.039ms, deviation=0.153579ms]
----------------------------------------------------------

----------------------------------------------------------
sample path: (IntersectionOutput) 
  order timepoint           sequence nr.                  node name     dropped samples
latency

Statistics:
  latency:                  102.741ms [min=56.3302ms, max=146.275ms, average=93.854ms, deviation=18.6495ms]
----------------------------------------------------------

----------------------------------------------------------
sample path: (VehicleDBWSystem) 
  order timepoint           sequence nr.                  node name     dropped samples
bp period
latency

Statistics:
  latency:                  485.076ms [min=318.276ms, max=486.008ms, average=382.764ms, deviation=54.4233ms]
  behavior planner period:  98.7591ms [min=98.7591ms, max=100.634ms, average=99.9677ms, deviation=0.336419ms]
----------------------------------------------------------

----------------------------------------------------------
sample path: (IntersectionOutput) 
  order timepoint           sequence nr.                  node name     dropped samples
latency

Statistics:
  latency:                  112.165ms [min=56.3302ms, max=146.275ms, average=94.7259ms, deviation=18.6112ms]
----------------------------------------------------------

----------------------------------------------------------
sample path: (VehicleDBWSystem) 
  order timepoint           sequence nr.                  node name     dropped samples
bp period
latency

Statistics:
  latency:                  417.745ms [min=318.276ms, max=486.008ms, average=384.513ms, deviation=53.5461ms]
hotpath
  hot path:                 FrontLidarDriver/RearLidarDriver -> ObjectCollisionEstimator
  hot path latency:         134.192ms [min=48.4751ms, max=136.074ms, average=104.21ms, deviation=27.2667ms]
  hot path drops:           0 [min=0, max=1, average=0.125, deviation=0.341565]
  behavior planner period:  99.9805ms [min=98.7591ms, max=100.634ms, average=99.9683ms, deviation=0.326954ms]
----------------------------------------------------------

----------------------------------------------------------
sample path: (IntersectionOutput) 
  order timepoint           sequence nr.                  node name     dropped samples
latency

Statistics:
  latency:                  121.285ms [min=56.3302ms, max=146.275ms, average=95.9332ms, deviation=19.0249ms]
----------------------------------------------------------

----------------------------------------------------------
sample path: (VehicleDBWSystem) 
  order timepoint           sequence nr.                  node name     dropped samples
bp period
latency

Statistics:
  latency:                  346.236ms [min=318.276ms, max=486.008ms, average=382.69ms, deviation=52.8545ms]
hotpath
  hot path:                 FrontLidarDriver/RearLidarDriver -> ObjectCollisionEstimator
  hot path latency:         115.905ms [min=48.4751ms, max=136.074ms, average=104.898ms, deviation=26.5529ms]
  hot path drops:           0 [min=0, max=1, average=0.117647, deviation=0.332106]
  behavior planner period:  100.001ms [min=98.7591ms, max=100.634ms, average=99.9699ms, deviation=0.318316ms]
----------------------------------------------------------

----------------------------------------------------------
sample path: (IntersectionOutput) 
  order timepoint           sequence nr.                  node name     dropped samples
latency

Statistics:
  latency:                  93.1089ms [min=56.3302ms, max=146.275ms, average=95.8104ms, deviation=18.5968ms]
----------------------------------------------------------

----------------------------------------------------------
sample path: (VehicleDBWSystem) 
  order timepoint           sequence nr.                  node name     dropped samples
bp period
latency

Statistics:
  latency:                  377.167ms [min=318.276ms, max=486.008ms, average=382.439ms, deviation=51.5941ms]
hotpath
  hot path:                 FrontLidarDriver/RearLidarDriver -> ObjectCollisionEstimator
  hot path latency:         134.877ms [min=48.4751ms, max=136.074ms, average=106.563ms, deviation=26.7116ms]
  hot path drops:           0 [min=0, max=1, average=0.111111, deviation=0.323381]
  behavior planner period:  99.9977ms [min=98.7591ms, max=100.634ms, average=99.9713ms, deviation=0.310315ms]
----------------------------------------------------------

----------------------------------------------------------
sample path: (IntersectionOutput) 
  order timepoint           sequence nr.                  node name     dropped samples
latency

Statistics:
  latency:                  111.645ms [min=56.3302ms, max=146.275ms, average=96.4702ms, deviation=18.473ms]
----------------------------------------------------------

----------------------------------------------------------
sample path: (VehicleDBWSystem) 
  order timepoint           sequence nr.                  node name     dropped samples
bp period
latency

Statistics:
  latency:                  429ms [min=318.276ms, max=486.008ms, average=384.464ms, deviation=51.3343ms]
hotpath
  hot path:                 FrontLidarDriver/RearLidarDriver -> ObjectCollisionEstimator
  hot path latency:         135.198ms [min=48.4751ms, max=136.074ms, average=108.071ms, deviation=26.7774ms]
  hot path drops:           0 [min=0, max=1, average=0.105263, deviation=0.315302]
  behavior planner period:  100.002ms [min=98.7591ms, max=100.634ms, average=99.9727ms, deviation=0.302906ms]
----------------------------------------------------------

----------------------------------------------------------
sample path: (IntersectionOutput) 
  order timepoint           sequence nr.                  node name     dropped samples
latency

Statistics:
  latency:                  102.523ms [min=56.3302ms, max=146.275ms, average=96.7123ms, deviation=18.1246ms]
----------------------------------------------------------

----------------------------------------------------------
sample path: (VehicleDBWSystem) 
  order timepoint           sequence nr.                  node name     dropped samples
bp period
latency

Statistics:
  latency:                  400.937ms [min=318.276ms, max=486.008ms, average=385.15ms, deviation=50.3184ms]
hotpath
  hot path:                 FrontLidarDriver/RearLidarDriver -> ObjectCollisionEstimator
  hot path latency:         135.306ms [min=48.4751ms, max=136.074ms, average=109.432ms, deviation=26.7652ms]
  hot path drops:           0 [min=0, max=1, average=0.1, deviation=0.307794]
  behavior planner period:  100.004ms [min=98.7591ms, max=100.634ms, average=99.974ms, deviation=0.296016ms]
----------------------------------------------------------

----------------------------------------------------------
sample path: (IntersectionOutput) 
  order timepoint           sequence nr.                  node name     dropped samples
latency

Statistics:
  latency:                  93.3381ms [min=56.3302ms, max=146.275ms, average=96.5825ms, deviation=17.7707ms]
----------------------------------------------------------

----------------------------------------------------------
sample path: (VehicleDBWSystem) 
  order timepoint           sequence nr.                  node name     dropped samples
bp period
latency

Statistics:
  latency:                  513.518ms [min=318.276ms, max=513.518ms, average=390.285ms, deviation=55.548ms]
hotpath
  hot path:                 FrontLidarDriver/RearLidarDriver -> ObjectCollisionEstimator
  hot path latency:         135.301ms [min=48.4751ms, max=136.074ms, average=110.664ms, deviation=26.6913ms]
  hot path drops:           0 [min=0, max=1, average=0.0952381, deviation=0.300793]
  behavior planner period:  100.006ms [min=98.7591ms, max=100.634ms, average=99.9754ms, deviation=0.289585ms]
----------------------------------------------------------

----------------------------------------------------------
sample path: (IntersectionOutput) 
  order timepoint           sequence nr.                  node name     dropped samples
latency

Statistics:
  latency:                  112.425ms [min=56.3302ms, max=146.275ms, average=97.1692ms, deviation=17.6903ms]
----------------------------------------------------------

----------------------------------------------------------
sample path: (VehicleDBWSystem) 
  order timepoint           sequence nr.                  node name     dropped samples
bp period
latency

Statistics:
  latency:                  523.048ms [min=318.276ms, max=523.048ms, average=395.391ms, deviation=60.3331ms]
hotpath
  hot path:                 FrontLidarDriver/RearLidarDriver -> ObjectCollisionEstimator
  hot path latency:         95.6299ms [min=48.4751ms, max=136.074ms, average=109.981ms, deviation=26.2445ms]
  hot path drops:           0 [min=0, max=1, average=0.0909091, deviation=0.294245]
  behavior planner period:  100ms [min=98.7591ms, max=100.634ms, average=99.9764ms, deviation=0.283531ms]
----------------------------------------------------------

----------------------------------------------------------
sample path: (IntersectionOutput) 
  order timepoint           sequence nr.                  node name     dropped samples
latency

Statistics:
  latency:                  111.905ms [min=56.3302ms, max=146.275ms, average=97.6955ms, deviation=17.5816ms]
----------------------------------------------------------

----------------------------------------------------------
sample path: (VehicleDBWSystem) 
  order timepoint           sequence nr.                  node name     dropped samples
bp period
latency

Statistics:
  latency:                  373.917ms [min=318.276ms, max=523.048ms, average=394.596ms, deviation=59.3056ms]
hotpath
  hot path:                 FrontLidarDriver/RearLidarDriver -> ObjectCollisionEstimator
  hot path latency:         45.468ms [min=45.468ms, max=136.074ms, average=107.176ms, deviation=28.9555ms]
  hot path drops:           1 [min=0, max=1, average=0.130435, deviation=0.34435]
  behavior planner period:  100ms [min=98.7591ms, max=100.634ms, average=99.9773ms, deviation=0.277842ms]
----------------------------------------------------------

----------------------------------------------------------
sample path: (IntersectionOutput) 
  order timepoint           sequence nr.                  node name     dropped samples
latency

Statistics:
  latency:                  102.585ms [min=56.3302ms, max=146.275ms, average=97.8641ms, deviation=17.2886ms]
----------------------------------------------------------

----------------------------------------------------------
sample path: (IntersectionOutput) 
  order timepoint           sequence nr.                  node name     dropped samples
latency

Statistics:
  latency:                  93.2926ms [min=56.3302ms, max=146.275ms, average=97.7117ms, deviation=17.0084ms]
----------------------------------------------------------

----------------------------------------------------------
sample path: (VehicleDBWSystem) 
  order timepoint           sequence nr.                  node name     dropped samples
bp period
latency

Statistics:
  latency:                  420.247ms [min=318.276ms, max=523.048ms, average=395.512ms, deviation=58.3986ms]
hotpath
  hot path:                 FrontLidarDriver/RearLidarDriver -> ObjectCollisionEstimator
  hot path latency:         134.85ms [min=45.468ms, max=136.074ms, average=108.329ms, deviation=28.8769ms]
  hot path drops:           0 [min=0, max=1, average=0.125, deviation=0.337832]
  behavior planner period:  100.003ms [min=98.7591ms, max=100.634ms, average=99.9782ms, deviation=0.272491ms]
----------------------------------------------------------

----------------------------------------------------------
sample path: (IntersectionOutput) 
  order timepoint           sequence nr.                  node name     dropped samples
latency

Statistics:
  latency:                  93.0969ms [min=56.3302ms, max=146.275ms, average=97.5629ms, deviation=16.7431ms]
----------------------------------------------------------

----------------------------------------------------------
sample path: (VehicleDBWSystem) 
  order timepoint           sequence nr.                  node name     dropped samples
bp period
latency

Statistics:
  latency:                  410.749ms [min=318.276ms, max=523.048ms, average=396.037ms, deviation=57.416ms]
hotpath
  hot path:                 FrontLidarDriver/RearLidarDriver -> ObjectCollisionEstimator
  hot path latency:         81.8302ms [min=45.468ms, max=136.074ms, average=107.269ms, deviation=28.7614ms]
  hot path drops:           0 [min=0, max=1, average=0.12, deviation=0.331662]
  behavior planner period:  100.004ms [min=98.7591ms, max=100.634ms, average=99.9792ms, deviation=0.267442ms]
----------------------------------------------------------

----------------------------------------------------------
sample path: (IntersectionOutput) 
  order timepoint           sequence nr.                  node name     dropped samples
latency

Statistics:
  latency:                  102.655ms [min=56.3302ms, max=146.275ms, average=97.722ms, deviation=16.4954ms]
----------------------------------------------------------

----------------------------------------------------------
sample path: (VehicleDBWSystem) 
  order timepoint           sequence nr.                  node name     dropped samples
bp period
latency

Statistics:
  latency:                  401.664ms [min=318.276ms, max=523.048ms, average=396.225ms, deviation=56.4268ms]
  behavior planner period:  99.9978ms [min=98.7591ms, max=100.634ms, average=99.9798ms, deviation=0.262645ms]
----------------------------------------------------------

----------------------------------------------------------
sample path: (IntersectionOutput) 
  order timepoint           sequence nr.                  node name     dropped samples
latency

Statistics:
  latency:                  112.026ms [min=56.3302ms, max=146.275ms, average=98.1555ms, deviation=16.4254ms]
----------------------------------------------------------

----------------------------------------------------------
sample path: (VehicleDBWSystem) 
  order timepoint           sequence nr.                  node name     dropped samples
bp period
latency

Statistics:
  latency:                  513.784ms [min=318.276ms, max=523.048ms, average=400.017ms, deviation=59.3604ms]
hotpath
  hot path:                 FrontLidarDriver/RearLidarDriver -> ObjectCollisionEstimator
  hot path latency:         135.645ms [min=45.468ms, max=136.074ms, average=108.36ms, deviation=28.7245ms]
  hot path drops:           0 [min=0, max=1, average=0.115385, deviation=0.325813]
  behavior planner period:  100.006ms [min=98.7591ms, max=100.634ms, average=99.9807ms, deviation=0.258121ms]
----------------------------------------------------------

----------------------------------------------------------
sample path: (IntersectionOutput) 
  order timepoint           sequence nr.                  node name     dropped samples
latency

Statistics:
  latency:                  121.108ms [min=56.3302ms, max=146.275ms, average=98.8306ms, deviation=16.6467ms]
----------------------------------------------------------

----------------------------------------------------------
sample path: (VehicleDBWSystem) 
  order timepoint           sequence nr.                  node name     dropped samples
bp period
latency

Statistics:
  latency:                  345.847ms [min=318.276ms, max=523.048ms, average=398.324ms, deviation=59.175ms]
hotpath
  hot path:                 FrontLidarDriver/RearLidarDriver -> ObjectCollisionEstimator
  hot path latency:         117.046ms [min=45.468ms, max=136.074ms, average=108.682ms, deviation=28.2163ms]
  hot path drops:           0 [min=0, max=1, average=0.111111, deviation=0.320256]
  behavior planner period:  100ms [min=98.7591ms, max=100.634ms, average=99.9813ms, deviation=0.253808ms]
----------------------------------------------------------

----------------------------------------------------------
sample path: (IntersectionOutput) 
  order timepoint           sequence nr.                  node name     dropped samples
latency

Statistics:
  latency:                  83.9751ms [min=56.3302ms, max=146.275ms, average=98.4061ms, deviation=16.5912ms]
----------------------------------------------------------

----------------------------------------------------------
sample path: (VehicleDBWSystem) 
  order timepoint           sequence nr.                  node name     dropped samples
bp period
latency

Statistics:
  latency:                  392.711ms [min=318.276ms, max=523.048ms, average=398.154ms, deviation=58.2513ms]
hotpath
  hot path:                 FrontLidarDriver/RearLidarDriver -> ObjectCollisionEstimator
  hot path latency:         134.584ms [min=45.468ms, max=136.074ms, average=109.607ms, deviation=28.1182ms]
  hot path drops:           0 [min=0, max=1, average=0.107143, deviation=0.31497]
  behavior planner period:  100.001ms [min=98.7591ms, max=100.634ms, average=99.9819ms, deviation=0.249705ms]
----------------------------------------------------------

----------------------------------------------------------
sample path: (IntersectionOutput) 
  order timepoint           sequence nr.                  node name     dropped samples
latency

Statistics:
  latency:                  84.4265ms [min=56.3302ms, max=146.275ms, average=98.0178ms, deviation=16.5177ms]
----------------------------------------------------------

----------------------------------------------------------
sample path: (IntersectionOutput) 
  order timepoint           sequence nr.                  node name     dropped samples
latency

Statistics:
  latency:                  93.0567ms [min=56.3302ms, max=146.275ms, average=97.8837ms, deviation=16.307ms]
----------------------------------------------------------

----------------------------------------------------------
sample path: (VehicleDBWSystem) 
  order timepoint           sequence nr.                  node name     dropped samples
bp period
latency

Statistics:
  latency:                  532.878ms [min=318.276ms, max=532.878ms, average=402.117ms, deviation=61.8404ms]
hotpath
  hot path:                 FrontLidarDriver/RearLidarDriver -> ObjectCollisionEstimator
  hot path latency:         114.243ms [min=45.468ms, max=136.074ms, average=109.767ms, deviation=27.6249ms]
  hot path drops:           0 [min=0, max=1, average=0.103448, deviation=0.309934]
  behavior planner period:  100.001ms [min=98.7591ms, max=100.634ms, average=99.9825ms, deviation=0.245795ms]
----------------------------------------------------------

----------------------------------------------------------
sample path: (IntersectionOutput) 
  order timepoint           sequence nr.                  node name     dropped samples
latency

Statistics:
  latency:                  93.3789ms [min=56.3302ms, max=146.275ms, average=97.7652ms, deviation=16.1018ms]
----------------------------------------------------------

----------------------------------------------------------
sample path: (VehicleDBWSystem) 
  order timepoint           sequence nr.                  node name     dropped samples
bp period
latency

Statistics:
  latency:                  402.155ms [min=318.276ms, max=532.878ms, average=402.118ms, deviation=60.9242ms]
hotpath
  hot path:                 FrontLidarDriver/RearLidarDriver -> ObjectCollisionEstimator
  hot path latency:         113.619ms [min=45.468ms, max=136.074ms, average=109.895ms, deviation=27.1535ms]
  hot path drops:           0 [min=0, max=1, average=0.1, deviation=0.305129]
  behavior planner period:  100.012ms [min=98.7591ms, max=100.634ms, average=99.9834ms, deviation=0.242097ms]
----------------------------------------------------------

----------------------------------------------------------
sample path: (IntersectionOutput) 
  order timepoint           sequence nr.                  node name     dropped samples
latency

Statistics:
  latency:                  102.576ms [min=56.3302ms, max=146.275ms, average=97.8885ms, deviation=15.9071ms]
----------------------------------------------------------

----------------------------------------------------------
sample path: (VehicleDBWSystem) 
  order timepoint           sequence nr.                  node name     dropped samples
bp period
latency

Statistics:
  latency:                  366.191ms [min=318.276ms, max=532.878ms, average=401.12ms, deviation=60.3453ms]
hotpath
  hot path:                 FrontLidarDriver/RearLidarDriver -> ObjectCollisionEstimator
  hot path latency:         92.1656ms [min=45.468ms, max=136.074ms, average=109.323ms, deviation=26.8864ms]
  hot path drops:           0 [min=0, max=1, average=0.0967742, deviation=0.300537]
  behavior planner period:  99.9966ms [min=98.7591ms, max=100.634ms, average=99.9838ms, deviation=0.23852ms]
----------------------------------------------------------

----------------------------------------------------------
sample path: (IntersectionOutput) 
  order timepoint           sequence nr.                  node name     dropped samples
latency

Statistics:
  latency:                  102.599ms [min=56.3302ms, max=146.275ms, average=98.0063ms, deviation=15.7195ms]
----------------------------------------------------------

----------------------------------------------------------
sample path: (VehicleDBWSystem) 
  order timepoint           sequence nr.                  node name     dropped samples
bp period
latency

Statistics:
  latency:                  378.406ms [min=318.276ms, max=532.878ms, average=400.506ms, deviation=59.6183ms]
hotpath
  hot path:                 FrontLidarDriver/RearLidarDriver -> ObjectCollisionEstimator
  hot path latency:         141.713ms [min=45.468ms, max=141.713ms, average=110.336ms, deviation=27.0619ms]
  hot path drops:           0 [min=0, max=1, average=0.09375, deviation=0.296145]
  behavior planner period:  99.9965ms [min=98.7591ms, max=100.634ms, average=99.9841ms, deviation=0.235098ms]
----------------------------------------------------------

----------------------------------------------------------
sample path: (IntersectionOutput) 
  order timepoint           sequence nr.                  node name     dropped samples
latency

Statistics:
  latency:                  74.7958ms [min=56.3302ms, max=146.275ms, average=97.4402ms, deviation=15.9394ms]
----------------------------------------------------------

----------------------------------------------------------
sample path: (VehicleDBWSystem) 
  order timepoint           sequence nr.                  node name     dropped samples
bp period
latency

Statistics:
  latency:                  381.219ms [min=318.276ms, max=532.878ms, average=399.998ms, deviation=58.8903ms]
hotpath
  hot path:                 FrontLidarDriver/RearLidarDriver -> ObjectCollisionEstimator
  hot path latency:         116.921ms [min=45.468ms, max=141.713ms, average=110.535ms, deviation=26.6603ms]
  hot path drops:           0 [min=0, max=1, average=0.0909091, deviation=0.291937]
  behavior planner period:  100.01ms [min=98.7591ms, max=100.634ms, average=99.9848ms, deviation=0.231849ms]
----------------------------------------------------------

----------------------------------------------------------
sample path: (IntersectionOutput) 
  order timepoint           sequence nr.                  node name     dropped samples
latency

Statistics:
  latency:                  93.2645ms [min=56.3302ms, max=146.275ms, average=97.3407ms, deviation=15.757ms]
----------------------------------------------------------

----------------------------------------------------------
sample path: (VehicleDBWSystem) 
  order timepoint           sequence nr.                  node name     dropped samples
bp period
latency

Statistics:
  latency:                  364.639ms [min=318.276ms, max=532.878ms, average=399.092ms, deviation=58.3855ms]
hotpath
  hot path:                 FrontLidarDriver/RearLidarDriver -> ObjectCollisionEstimator
  hot path latency:         56.6182ms [min=45.468ms, max=141.713ms, average=108.949ms, deviation=27.8341ms]
  hot path drops:           1 [min=0, max=1, average=0.117647, deviation=0.327035]
  behavior planner period:  99.997ms [min=98.7591ms, max=100.634ms, average=99.9851ms, deviation=0.228703ms]
----------------------------------------------------------

----------------------------------------------------------
sample path: (IntersectionOutput) 
  order timepoint           sequence nr.                  node name     dropped samples
latency

Statistics:
  latency:                  102.741ms [min=56.3302ms, max=146.275ms, average=97.4663ms, deviation=15.5901ms]
----------------------------------------------------------

----------------------------------------------------------
sample path: (VehicleDBWSystem) 
  order timepoint           sequence nr.                  node name     dropped samples
bp period
latency

Statistics:
  latency:                  327.238ms [min=318.276ms, max=532.878ms, average=397.295ms, deviation=58.7412ms]
  behavior planner period:  99.9989ms [min=98.7591ms, max=100.634ms, average=99.9855ms, deviation=0.225684ms]
----------------------------------------------------------

----------------------------------------------------------
sample path: (IntersectionOutput) 
  order timepoint           sequence nr.                  node name     dropped samples
latency

Statistics:
  latency:                  93.1376ms [min=56.3302ms, max=146.275ms, average=97.368ms, deviation=15.4216ms]
----------------------------------------------------------

----------------------------------------------------------
sample path: (VehicleDBWSystem) 
  order timepoint           sequence nr.                  node name     dropped samples
bp period
latency

Statistics:
  latency:                  383.41ms [min=318.276ms, max=532.878ms, average=396.957ms, deviation=58.0428ms]
hotpath
  hot path:                 FrontLidarDriver/RearLidarDriver -> ObjectCollisionEstimator
  hot path latency:         134.815ms [min=45.468ms, max=141.713ms, average=109.688ms, deviation=27.768ms]
  hot path drops:           0 [min=0, max=1, average=0.114286, deviation=0.322803]
  behavior planner period:  100.009ms [min=98.7591ms, max=100.634ms, average=99.9861ms, deviation=0.222802ms]
----------------------------------------------------------

