----------------------------------------------------------
sample path: (VehicleDBWSystem) 
  order timepoint           sequence nr.                  node name     dropped samples
latency

Statistics:
  latency:                  493.633ms [min=493.633ms, max=493.633ms, average=493.633ms, deviation=-nanms]
hotpath
  hot path:                 FrontLidarDriver/RearLidarDriver -> ObjectCollisionEstimator
  hot path latency:         115.101ms [min=115.101ms, max=115.101ms, average=115.101ms, deviation=-nanms]
  hot path drops:           0 [min=0, max=0, average=0, deviation=-nan]
  behavior planner period:  0ms [min=1.84467e+13ms, max=0ms, average=0ms, deviation=0ms]
----------------------------------------------------------

----------------------------------------------------------
sample path: (IntersectionOutput) 
  order timepoint           sequence nr.                  node name     dropped samples
latency

Statistics:
  latency:                  134.721ms [min=134.721ms, max=134.721ms, average=134.721ms, deviation=-nanms]
----------------------------------------------------------

----------------------------------------------------------
sample path: (VehicleDBWSystem) 
  order timepoint           sequence nr.                  node name     dropped samples
bp period
latency

Statistics:
  latency:                  348.34ms [min=348.34ms, max=493.633ms, average=420.987ms, deviation=102.738ms]
  behavior planner period:  100.007ms [min=100.007ms, max=100.007ms, average=100.007ms, deviation=-nanms]
----------------------------------------------------------

----------------------------------------------------------
sample path: (IntersectionOutput) 
  order timepoint           sequence nr.                  node name     dropped samples
latency

Statistics:
  latency:                  101.133ms [min=101.133ms, max=134.721ms, average=117.927ms, deviation=23.75ms]
----------------------------------------------------------

----------------------------------------------------------
sample path: (IntersectionOutput) 
  order timepoint           sequence nr.                  node name     dropped samples
latency

Statistics:
  latency:                  134.462ms [min=101.133ms, max=134.721ms, average=123.439ms, deviation=19.3173ms]
----------------------------------------------------------

----------------------------------------------------------
sample path: (VehicleDBWSystem) 
  order timepoint           sequence nr.                  node name     dropped samples
bp period
latency

Statistics:
  latency:                  393.446ms [min=348.34ms, max=493.633ms, average=411.806ms, deviation=74.3664ms]
hotpath
  hot path:                 FrontLidarDriver/RearLidarDriver -> ObjectCollisionEstimator
  hot path latency:         65.1104ms [min=65.1104ms, max=115.101ms, average=90.1059ms, deviation=35.349ms]
  hot path drops:           1 [min=0, max=1, average=0.5, deviation=0.707107]
  behavior planner period:  100.005ms [min=100.005ms, max=100.007ms, average=100.006ms, deviation=0.00120208ms]
----------------------------------------------------------

----------------------------------------------------------
sample path: (IntersectionOutput) 
  order timepoint           sequence nr.                  node name     dropped samples
latency

Statistics:
  latency:                  101.105ms [min=101.105ms, max=134.721ms, average=117.855ms, deviation=19.3255ms]
----------------------------------------------------------

----------------------------------------------------------
sample path: (VehicleDBWSystem) 
  order timepoint           sequence nr.                  node name     dropped samples
bp period
latency

Statistics:
  latency:                  438.123ms [min=348.34ms, max=493.633ms, average=418.386ms, deviation=62.1294ms]
hotpath
  hot path:                 FrontLidarDriver/RearLidarDriver -> ObjectCollisionEstimator
  hot path latency:         143.112ms [min=65.1104ms, max=143.112ms, average=107.775ms, deviation=39.5135ms]
  hot path drops:           0 [min=0, max=1, average=0.333333, deviation=0.57735]
  behavior planner period:  100.013ms [min=100.005ms, max=100.013ms, average=100.008ms, deviation=0.00393291ms]
----------------------------------------------------------

----------------------------------------------------------
sample path: (IntersectionOutput) 
  order timepoint           sequence nr.                  node name     dropped samples
latency

Statistics:
  latency:                  100.967ms [min=100.967ms, max=134.721ms, average=114.478ms, deviation=18.3615ms]
----------------------------------------------------------

----------------------------------------------------------
sample path: (VehicleDBWSystem) 
  order timepoint           sequence nr.                  node name     dropped samples
bp period
latency

Statistics:
  latency:                  516.41ms [min=348.34ms, max=516.41ms, average=437.991ms, deviation=69.4032ms]
hotpath
  hot path:                 FrontLidarDriver/RearLidarDriver -> ObjectCollisionEstimator
  hot path latency:         144.782ms [min=65.1104ms, max=144.782ms, average=117.026ms, deviation=37.1924ms]
  hot path drops:           0 [min=0, max=1, average=0.25, deviation=0.5]
  behavior planner period:  100.003ms [min=100.003ms, max=100.013ms, average=100.007ms, deviation=0.00423334ms]
----------------------------------------------------------

----------------------------------------------------------
sample path: (IntersectionOutput) 
  order timepoint           sequence nr.                  node name     dropped samples
latency

Statistics:
  latency:                  156.939ms [min=100.967ms, max=156.939ms, average=121.554ms, deviation=23.879ms]
----------------------------------------------------------

----------------------------------------------------------
sample path: (VehicleDBWSystem) 
  order timepoint           sequence nr.                  node name     dropped samples
bp period
latency

Statistics:
  latency:                  493.909ms [min=348.34ms, max=516.41ms, average=447.31ms, deviation=66.1407ms]
hotpath
  hot path:                 FrontLidarDriver/RearLidarDriver -> ObjectCollisionEstimator
  hot path latency:         148.316ms [min=65.1104ms, max=148.316ms, average=123.284ms, deviation=35.1178ms]
  hot path drops:           0 [min=0, max=1, average=0.2, deviation=0.447214]
  behavior planner period:  100.009ms [min=100.003ms, max=100.013ms, average=100.007ms, deviation=0.00384795ms]
----------------------------------------------------------

----------------------------------------------------------
sample path: (IntersectionOutput) 
  order timepoint           sequence nr.                  node name     dropped samples
latency

Statistics:
  latency:                  123.337ms [min=100.967ms, max=156.939ms, average=121.809ms, deviation=21.8088ms]
----------------------------------------------------------

----------------------------------------------------------
sample path: (VehicleDBWSystem) 
  order timepoint           sequence nr.                  node name     dropped samples
bp period
latency

Statistics:
  latency:                  554.475ms [min=348.34ms, max=554.475ms, average=462.62ms, deviation=72.7056ms]
hotpath
  hot path:                 FrontLidarDriver/RearLidarDriver -> ObjectCollisionEstimator
  hot path latency:         116.571ms [min=65.1104ms, max=148.316ms, average=122.165ms, deviation=31.5297ms]
  hot path drops:           0 [min=0, max=1, average=0.166667, deviation=0.408248]
  behavior planner period:  100.001ms [min=100.001ms, max=100.013ms, average=100.006ms, deviation=0.00429909ms]
----------------------------------------------------------

----------------------------------------------------------
sample path: (IntersectionOutput) 
  order timepoint           sequence nr.                  node name     dropped samples
latency

Statistics:
  latency:                  156.846ms [min=100.967ms, max=156.939ms, average=126.189ms, deviation=23.6881ms]
----------------------------------------------------------

----------------------------------------------------------
sample path: (VehicleDBWSystem) 
  order timepoint           sequence nr.                  node name     dropped samples
bp period
latency

Statistics:
  latency:                  471.271ms [min=348.34ms, max=554.475ms, average=463.701ms, deviation=67.3818ms]
hotpath
  hot path:                 FrontLidarDriver/RearLidarDriver -> ObjectCollisionEstimator
  hot path latency:         151.291ms [min=65.1104ms, max=151.291ms, average=126.326ms, deviation=30.816ms]
  hot path drops:           0 [min=0, max=1, average=0.142857, deviation=0.377964]
  behavior planner period:  100.008ms [min=100.001ms, max=100.013ms, average=100.007ms, deviation=0.00399252ms]
----------------------------------------------------------

----------------------------------------------------------
sample path: (IntersectionOutput) 
  order timepoint           sequence nr.                  node name     dropped samples
latency

Statistics:
  latency:                  134.76ms [min=100.967ms, max=156.939ms, average=127.141ms, deviation=22.3417ms]
----------------------------------------------------------

----------------------------------------------------------
sample path: (VehicleDBWSystem) 
  order timepoint           sequence nr.                  node name     dropped samples
bp period
latency

Statistics:
  latency:                  572.517ms [min=348.34ms, max=572.517ms, average=475.792ms, deviation=72.7216ms]
hotpath
  hot path:                 FrontLidarDriver/RearLidarDriver -> ObjectCollisionEstimator
  hot path latency:         119.506ms [min=65.1104ms, max=151.291ms, average=125.474ms, deviation=28.6318ms]
  hot path drops:           0 [min=0, max=1, average=0.125, deviation=0.353553]
  behavior planner period:  100.01ms [min=100.001ms, max=100.013ms, average=100.007ms, deviation=0.00388855ms]
----------------------------------------------------------

----------------------------------------------------------
sample path: (IntersectionOutput) 
  order timepoint           sequence nr.                  node name     dropped samples
latency

Statistics:
  latency:                  145.846ms [min=100.967ms, max=156.939ms, average=129.012ms, deviation=21.8787ms]
----------------------------------------------------------

----------------------------------------------------------
sample path: (VehicleDBWSystem) 
  order timepoint           sequence nr.                  node name     dropped samples
bp period
latency

Statistics:
  latency:                  628.892ms [min=348.34ms, max=628.892ms, average=491.102ms, deviation=83.9333ms]
hotpath
  hot path:                 FrontLidarDriver/RearLidarDriver -> ObjectCollisionEstimator
  hot path latency:         65.7043ms [min=65.1104ms, max=151.291ms, average=118.833ms, deviation=33.3802ms]
  hot path drops:           1 [min=0, max=1, average=0.222222, deviation=0.440959]
  behavior planner period:  99.9983ms [min=99.9983ms, max=100.013ms, average=100.006ms, deviation=0.00464426ms]
----------------------------------------------------------

----------------------------------------------------------
sample path: (IntersectionOutput) 
  order timepoint           sequence nr.                  node name     dropped samples
latency

Statistics:
  latency:                  117.142ms [min=100.967ms, max=156.939ms, average=127.933ms, deviation=21.0622ms]
----------------------------------------------------------

----------------------------------------------------------
sample path: (VehicleDBWSystem) 
  order timepoint           sequence nr.                  node name     dropped samples
bp period
latency

Statistics:
  latency:                  550.11ms [min=348.34ms, max=628.892ms, average=496.466ms, deviation=81.5896ms]
hotpath
  hot path:                 FrontLidarDriver/RearLidarDriver -> ObjectCollisionEstimator
  hot path latency:         142.249ms [min=65.1104ms, max=151.291ms, average=121.174ms, deviation=32.3306ms]
  hot path drops:           0 [min=0, max=1, average=0.2, deviation=0.421637]
  behavior planner period:  100.006ms [min=99.9983ms, max=100.013ms, average=100.006ms, deviation=0.0043789ms]
----------------------------------------------------------

----------------------------------------------------------
sample path: (IntersectionOutput) 
  order timepoint           sequence nr.                  node name     dropped samples
latency

Statistics:
  latency:                  134.415ms [min=100.967ms, max=156.939ms, average=128.473ms, deviation=20.1691ms]
----------------------------------------------------------

----------------------------------------------------------
sample path: (VehicleDBWSystem) 
  order timepoint           sequence nr.                  node name     dropped samples
bp period
latency

Statistics:
  latency:                  448.543ms [min=348.34ms, max=628.892ms, average=492.473ms, deviation=79.0132ms]
hotpath
  hot path:                 FrontLidarDriver/RearLidarDriver -> ObjectCollisionEstimator
  hot path latency:         57.7122ms [min=57.7122ms, max=151.291ms, average=115.405ms, deviation=36.1507ms]
  hot path drops:           1 [min=0, max=1, average=0.272727, deviation=0.467099]
  behavior planner period:  99.9979ms [min=99.9979ms, max=100.013ms, average=100.005ms, deviation=0.00482109ms]
----------------------------------------------------------

----------------------------------------------------------
sample path: (IntersectionOutput) 
  order timepoint           sequence nr.                  node name     dropped samples
latency

Statistics:
  latency:                  112.008ms [min=100.967ms, max=156.939ms, average=127.206ms, deviation=19.843ms]
----------------------------------------------------------

----------------------------------------------------------
sample path: (VehicleDBWSystem) 
  order timepoint           sequence nr.                  node name     dropped samples
bp period
latency

Statistics:
  latency:                  521.033ms [min=348.34ms, max=628.892ms, average=494.67ms, deviation=76.063ms]
  behavior planner period:  100.01ms [min=99.9979ms, max=100.013ms, average=100.006ms, deviation=0.0047947ms]
----------------------------------------------------------

----------------------------------------------------------
sample path: (IntersectionOutput) 
  order timepoint           sequence nr.                  node name     dropped samples
latency

Statistics:
  latency:                  117.245ms [min=100.967ms, max=156.939ms, average=126.495ms, deviation=19.2495ms]
----------------------------------------------------------

----------------------------------------------------------
sample path: (VehicleDBWSystem) 
  order timepoint           sequence nr.                  node name     dropped samples
bp period
latency

Statistics:
  latency:                  393.277ms [min=348.34ms, max=628.892ms, average=487.427ms, deviation=77.9414ms]
hotpath
  hot path:                 FrontLidarDriver/RearLidarDriver -> ObjectCollisionEstimator
  hot path latency:         145.055ms [min=57.7122ms, max=151.291ms, average=117.876ms, deviation=35.5151ms]
  hot path drops:           0 [min=0, max=1, average=0.25, deviation=0.452267]
  behavior planner period:  100.01ms [min=99.9979ms, max=100.013ms, average=100.006ms, deviation=0.0047246ms]
----------------------------------------------------------

----------------------------------------------------------
sample path: (IntersectionOutput) 
  order timepoint           sequence nr.                  node name     dropped samples
latency

Statistics:
  latency:                  101.438ms [min=100.967ms, max=156.939ms, average=124.824ms, deviation=19.6452ms]
----------------------------------------------------------

----------------------------------------------------------
sample path: (IntersectionOutput) 
  order timepoint           sequence nr.                  node name     dropped samples
latency

Statistics:
  latency:                  123.109ms [min=100.967ms, max=156.939ms, average=124.717ms, deviation=18.9839ms]
----------------------------------------------------------

----------------------------------------------------------
sample path: (VehicleDBWSystem) 
  order timepoint           sequence nr.                  node name     dropped samples
bp period
latency

Statistics:
  latency:                  364.857ms [min=348.34ms, max=628.892ms, average=479.256ms, deviation=81.5015ms]
hotpath
  hot path:                 FrontLidarDriver/RearLidarDriver -> ObjectCollisionEstimator
  hot path latency:         61.7416ms [min=57.7122ms, max=151.291ms, average=113.558ms, deviation=37.3979ms]
  hot path drops:           1 [min=0, max=1, average=0.307692, deviation=0.480384]
  behavior planner period:  100.001ms [min=99.9979ms, max=100.013ms, average=100.006ms, deviation=0.00469459ms]
----------------------------------------------------------

----------------------------------------------------------
sample path: (IntersectionOutput) 
  order timepoint           sequence nr.                  node name     dropped samples
latency

Statistics:
  latency:                  140.577ms [min=100.967ms, max=156.939ms, average=125.65ms, deviation=18.7793ms]
----------------------------------------------------------

----------------------------------------------------------
sample path: (VehicleDBWSystem) 
  order timepoint           sequence nr.                  node name     dropped samples
bp period
latency

Statistics:
  latency:                  643.546ms [min=348.34ms, max=643.546ms, average=489.524ms, deviation=88.8066ms]
hotpath
  hot path:                 FrontLidarDriver/RearLidarDriver -> ObjectCollisionEstimator
  hot path latency:         142.914ms [min=57.7122ms, max=151.291ms, average=115.655ms, deviation=36.7774ms]
  hot path drops:           0 [min=0, max=1, average=0.285714, deviation=0.468807]
  behavior planner period:  100.005ms [min=99.9979ms, max=100.013ms, average=100.006ms, deviation=0.00452704ms]
----------------------------------------------------------

----------------------------------------------------------
sample path: (IntersectionOutput) 
  order timepoint           sequence nr.                  node name     dropped samples
latency

Statistics:
  latency:                  143.768ms [min=100.967ms, max=156.939ms, average=126.657ms, deviation=18.7124ms]
----------------------------------------------------------

----------------------------------------------------------
sample path: (IntersectionOutput) 
  order timepoint           sequence nr.                  node name     dropped samples
latency

Statistics:
  latency:                  101.13ms [min=100.967ms, max=156.939ms, average=125.313ms, deviation=19.1048ms]
----------------------------------------------------------

----------------------------------------------------------
sample path: (VehicleDBWSystem) 
  order timepoint           sequence nr.                  node name     dropped samples
bp period
latency

Statistics:
  latency:                  469.926ms [min=348.34ms, max=643.546ms, average=488.371ms, deviation=86.1179ms]
hotpath
  hot path:                 FrontLidarDriver/RearLidarDriver -> ObjectCollisionEstimator
  hot path latency:         69.5327ms [min=57.7122ms, max=151.291ms, average=112.58ms, deviation=37.3869ms]
  hot path drops:           0 [min=0, max=1, average=0.266667, deviation=0.457738]
  behavior planner period:  100.009ms [min=99.9979ms, max=100.013ms, average=100.006ms, deviation=0.00447733ms]
----------------------------------------------------------

----------------------------------------------------------
sample path: (IntersectionOutput) 
  order timepoint           sequence nr.                  node name     dropped samples
latency

Statistics:
  latency:                  129.383ms [min=100.967ms, max=156.939ms, average=125.517ms, deviation=18.6175ms]
----------------------------------------------------------

----------------------------------------------------------
sample path: (VehicleDBWSystem) 
  order timepoint           sequence nr.                  node name     dropped samples
bp period
latency

Statistics:
  latency:                  450.12ms [min=348.34ms, max=643.546ms, average=486.246ms, deviation=84.0317ms]
hotpath
  hot path:                 FrontLidarDriver/RearLidarDriver -> ObjectCollisionEstimator
  hot path latency:         134.995ms [min=57.7122ms, max=151.291ms, average=113.981ms, deviation=36.5513ms]
  hot path drops:           1 [min=0, max=1, average=0.3125, deviation=0.478714]
  behavior planner period:  100.003ms [min=99.9979ms, max=100.013ms, average=100.006ms, deviation=0.00439809ms]
----------------------------------------------------------

----------------------------------------------------------
sample path: (IntersectionOutput) 
  order timepoint           sequence nr.                  node name     dropped samples
latency

Statistics:
  latency:                  127.526ms [min=100.967ms, max=156.939ms, average=125.612ms, deviation=18.1514ms]
----------------------------------------------------------

----------------------------------------------------------
sample path: (VehicleDBWSystem) 
  order timepoint           sequence nr.                  node name     dropped samples
bp period
latency

Statistics:
  latency:                  414.074ms [min=348.34ms, max=643.546ms, average=482.448ms, deviation=83.3258ms]
  behavior planner period:  100.001ms [min=99.9979ms, max=100.013ms, average=100.005ms, deviation=0.00441283ms]
----------------------------------------------------------

----------------------------------------------------------
sample path: (IntersectionOutput) 
  order timepoint           sequence nr.                  node name     dropped samples
latency

Statistics:
  latency:                  123.011ms [min=100.967ms, max=156.939ms, average=125.494ms, deviation=17.7226ms]
----------------------------------------------------------

----------------------------------------------------------
sample path: (VehicleDBWSystem) 
  order timepoint           sequence nr.                  node name     dropped samples
bp period
latency

Statistics:
  latency:                  503.379ms [min=348.34ms, max=643.546ms, average=483.494ms, deviation=81.2383ms]
hotpath
  hot path:                 FrontLidarDriver/RearLidarDriver -> ObjectCollisionEstimator
  hot path latency:         69.1586ms [min=57.7122ms, max=151.291ms, average=111.344ms, deviation=37.0226ms]
  hot path drops:           1 [min=0, max=1, average=0.352941, deviation=0.492592]
  behavior planner period:  100.008ms [min=99.9979ms, max=100.013ms, average=100.006ms, deviation=0.00432054ms]
----------------------------------------------------------

----------------------------------------------------------
sample path: (IntersectionOutput) 
  order timepoint           sequence nr.                  node name     dropped samples
latency

Statistics:
  latency:                  100.859ms [min=100.859ms, max=156.939ms, average=124.423ms, deviation=18.061ms]
----------------------------------------------------------

----------------------------------------------------------
sample path: (VehicleDBWSystem) 
  order timepoint           sequence nr.                  node name     dropped samples
bp period
latency

Statistics:
  latency:                  436.207ms [min=348.34ms, max=643.546ms, average=481.242ms, deviation=79.8508ms]
  behavior planner period:  100.006ms [min=99.9979ms, max=100.013ms, average=100.006ms, deviation=0.00420796ms]
----------------------------------------------------------

----------------------------------------------------------
sample path: (IntersectionOutput) 
  order timepoint           sequence nr.                  node name     dropped samples
latency

Statistics:
  latency:                  134.699ms [min=100.859ms, max=156.939ms, average=124.851ms, deviation=17.7881ms]
----------------------------------------------------------

----------------------------------------------------------
sample path: (VehicleDBWSystem) 
  order timepoint           sequence nr.                  node name     dropped samples
bp period
latency

Statistics:
  latency:                  415.148ms [min=348.34ms, max=643.546ms, average=478.238ms, deviation=79.1902ms]
hotpath
  hot path:                 FrontLidarDriver/RearLidarDriver -> ObjectCollisionEstimator
  hot path latency:         115.642ms [min=57.7122ms, max=151.291ms, average=111.583ms, deviation=35.9315ms]
  hot path drops:           0 [min=0, max=1, average=0.333333, deviation=0.485071]
  behavior planner period:  100.002ms [min=99.9979ms, max=100.013ms, average=100.005ms, deviation=0.00418506ms]
----------------------------------------------------------

----------------------------------------------------------
sample path: (IntersectionOutput) 
  order timepoint           sequence nr.                  node name     dropped samples
latency

Statistics:
  latency:                  123.428ms [min=100.859ms, max=156.939ms, average=124.794ms, deviation=17.4159ms]
----------------------------------------------------------

----------------------------------------------------------
sample path: (VehicleDBWSystem) 
  order timepoint           sequence nr.                  node name     dropped samples
bp period
latency

Statistics:
  latency:                  415.436ms [min=348.34ms, max=643.546ms, average=475.508ms, deviation=78.4699ms]
hotpath
  hot path:                 FrontLidarDriver/RearLidarDriver -> ObjectCollisionEstimator
  hot path latency:         61.6787ms [min=57.7122ms, max=151.291ms, average=108.956ms, deviation=36.7481ms]
  hot path drops:           1 [min=0, max=1, average=0.368421, deviation=0.495595]
  behavior planner period:  100.01ms [min=99.9979ms, max=100.013ms, average=100.006ms, deviation=0.00422742ms]
----------------------------------------------------------

----------------------------------------------------------
sample path: (IntersectionOutput) 
  order timepoint           sequence nr.                  node name     dropped samples
latency

Statistics:
  latency:                  123.188ms [min=100.859ms, max=156.939ms, average=124.732ms, deviation=17.067ms]
----------------------------------------------------------

----------------------------------------------------------
sample path: (VehicleDBWSystem) 
  order timepoint           sequence nr.                  node name     dropped samples
bp period
latency

Statistics:
  latency:                  381.695ms [min=348.34ms, max=643.546ms, average=471.599ms, deviation=79.0981ms]
  behavior planner period:  100.002ms [min=99.9979ms, max=100.013ms, average=100.005ms, deviation=0.00420618ms]
----------------------------------------------------------

----------------------------------------------------------
sample path: (IntersectionOutput) 
  order timepoint           sequence nr.                  node name     dropped samples
latency

Statistics:
  latency:                  134.793ms [min=100.859ms, max=156.939ms, average=125.105ms, deviation=16.8472ms]
----------------------------------------------------------

----------------------------------------------------------
sample path: (VehicleDBWSystem) 
  order timepoint           sequence nr.                  node name     dropped samples
bp period
latency

Statistics:
  latency:                  483.061ms [min=348.34ms, max=643.546ms, average=472.057ms, deviation=77.4666ms]
hotpath
  hot path:                 FrontLidarDriver/RearLidarDriver -> ObjectCollisionEstimator
  hot path latency:         119.846ms [min=57.7122ms, max=151.291ms, average=109.501ms, deviation=35.8507ms]
  hot path drops:           0 [min=0, max=1, average=0.35, deviation=0.48936]
  behavior planner period:  100.012ms [min=99.9979ms, max=100.013ms, average=100.006ms, deviation=0.00431314ms]
----------------------------------------------------------

----------------------------------------------------------
sample path: (IntersectionOutput) 
  order timepoint           sequence nr.                  node name     dropped samples
latency

Statistics:
  latency:                  101.187ms [min=100.859ms, max=156.939ms, average=124.251ms, deviation=17.139ms]
----------------------------------------------------------

----------------------------------------------------------
sample path: (IntersectionOutput) 
  order timepoint           sequence nr.                  node name     dropped samples
latency

Statistics:
  latency:                  122.986ms [min=100.859ms, max=156.939ms, average=124.207ms, deviation=16.8318ms]
----------------------------------------------------------

----------------------------------------------------------
sample path: (VehicleDBWSystem) 
  order timepoint           sequence nr.                  node name     dropped samples
bp period
latency

Statistics:
  latency:                  381.982ms [min=348.34ms, max=643.546ms, average=468.593ms, deviation=77.93ms]
hotpath
  hot path:                 FrontLidarDriver/RearLidarDriver -> ObjectCollisionEstimator
  hot path latency:         66.033ms [min=57.7122ms, max=151.291ms, average=107.431ms, deviation=36.2076ms]
  hot path drops:           1 [min=0, max=1, average=0.380952, deviation=0.497613]
  behavior planner period:  99.9985ms [min=99.9979ms, max=100.013ms, average=100.005ms, deviation=0.00446209ms]
----------------------------------------------------------

----------------------------------------------------------
sample path: (IntersectionOutput) 
  order timepoint           sequence nr.                  node name     dropped samples
latency

Statistics:
  latency:                  111.937ms [min=100.859ms, max=156.939ms, average=123.798ms, deviation=16.6901ms]
----------------------------------------------------------

----------------------------------------------------------
sample path: (VehicleDBWSystem) 
  order timepoint           sequence nr.                  node name     dropped samples
bp period
latency

Statistics:
  latency:                  476.809ms [min=348.34ms, max=643.546ms, average=468.897ms, deviation=76.433ms]
hotpath
  hot path:                 FrontLidarDriver/RearLidarDriver -> ObjectCollisionEstimator
  hot path latency:         146.542ms [min=57.7122ms, max=151.291ms, average=109.209ms, deviation=36.3055ms]
  hot path drops:           0 [min=0, max=1, average=0.363636, deviation=0.492366]
  behavior planner period:  100.004ms [min=99.9979ms, max=100.013ms, average=100.005ms, deviation=0.00437571ms]
----------------------------------------------------------

----------------------------------------------------------
sample path: (IntersectionOutput) 
  order timepoint           sequence nr.                  node name     dropped samples
latency

Statistics:
  latency:                  140.317ms [min=100.859ms, max=156.939ms, average=124.331ms, deviation=16.6756ms]
----------------------------------------------------------

----------------------------------------------------------
sample path: (VehicleDBWSystem) 
  order timepoint           sequence nr.                  node name     dropped samples
bp period
latency

Statistics:
  latency:                  398.515ms [min=348.34ms, max=643.546ms, average=466.383ms, deviation=76.1745ms]
hotpath
  hot path:                 FrontLidarDriver/RearLidarDriver -> ObjectCollisionEstimator
  hot path latency:         113.903ms [min=57.7122ms, max=151.291ms, average=109.413ms, deviation=35.4843ms]
  hot path drops:           0 [min=0, max=1, average=0.347826, deviation=0.486985]
  behavior planner period:  100.005ms [min=99.9979ms, max=100.013ms, average=100.005ms, deviation=0.0042914ms]
----------------------------------------------------------

----------------------------------------------------------
sample path: (IntersectionOutput) 
  order timepoint           sequence nr.                  node name     dropped samples
latency

Statistics:
  latency:                  101.064ms [min=100.859ms, max=156.939ms, average=123.604ms, deviation=16.9122ms]
----------------------------------------------------------

