----------------------------------------------------------
sample path: (IntersectionOutput) 
  order timepoint           sequence nr.                  node name     dropped samples
latency

Statistics:
  latency:                  30.3191ms [min=30.3191ms, max=30.3191ms, average=30.3191ms, deviation=-nanms]
----------------------------------------------------------

----------------------------------------------------------
sample path: (IntersectionOutput) 
  order timepoint           sequence nr.                  node name     dropped samples
latency

Statistics:
  latency:                  10.7555ms [min=10.7555ms, max=30.3191ms, average=20.5373ms, deviation=13.8335ms]
----------------------------------------------------------

----------------------------------------------------------
sample path: (IntersectionOutput) 
  order timepoint           sequence nr.                  node name     dropped samples
latency

Statistics:
  latency:                  49.0749ms [min=10.7555ms, max=49.0749ms, average=30.0498ms, deviation=19.1611ms]
----------------------------------------------------------

----------------------------------------------------------
sample path: (VehicleDBWSystem) 
  order timepoint           sequence nr.                  node name     dropped samples
latency

Statistics:
  latency:                  178.096ms [min=178.096ms, max=178.096ms, average=178.096ms, deviation=-nanms]
hotpath
  hot path:                 FrontLidarDriver/RearLidarDriver -> ObjectCollisionEstimator
  hot path latency:         71.2277ms [min=71.2277ms, max=71.2277ms, average=71.2277ms, deviation=-nanms]
  hot path drops:           0 [min=0, max=0, average=0, deviation=-nan]
  behavior planner period:  0ms [min=1.84467e+13ms, max=0ms, average=0ms, deviation=0ms]
----------------------------------------------------------

----------------------------------------------------------
sample path: (IntersectionOutput) 
  order timepoint           sequence nr.                  node name     dropped samples
latency

Statistics:
  latency:                  19.7811ms [min=10.7555ms, max=49.0749ms, average=27.4826ms, deviation=16.466ms]
----------------------------------------------------------

----------------------------------------------------------
sample path: (IntersectionOutput) 
  order timepoint           sequence nr.                  node name     dropped samples
latency

Statistics:
  latency:                  10.0843ms [min=10.0843ms, max=49.0749ms, average=24.003ms, deviation=16.2446ms]
----------------------------------------------------------

----------------------------------------------------------
sample path: (IntersectionOutput) 
  order timepoint           sequence nr.                  node name     dropped samples
latency

Statistics:
  latency:                  42.2212ms [min=10.0843ms, max=49.0749ms, average=27.0393ms, deviation=16.3226ms]
----------------------------------------------------------

----------------------------------------------------------
sample path: (VehicleDBWSystem) 
  order timepoint           sequence nr.                  node name     dropped samples
bp period
latency

Statistics:
  latency:                  174.482ms [min=174.482ms, max=178.096ms, average=176.289ms, deviation=2.55532ms]
hotpath
  hot path:                 FrontLidarDriver/RearLidarDriver -> ObjectCollisionEstimator
  hot path latency:         60.5583ms [min=60.5583ms, max=71.2277ms, average=65.893ms, deviation=7.5444ms]
  hot path drops:           0 [min=0, max=0, average=0, deviation=0]
  behavior planner period:  97.6559ms [min=97.6559ms, max=97.6559ms, average=97.6559ms, deviation=-nanms]
----------------------------------------------------------

----------------------------------------------------------
sample path: (IntersectionOutput) 
  order timepoint           sequence nr.                  node name     dropped samples
latency

Statistics:
  latency:                  13.482ms [min=10.0843ms, max=49.0749ms, average=25.1026ms, deviation=15.7569ms]
----------------------------------------------------------

----------------------------------------------------------
sample path: (IntersectionOutput) 
  order timepoint           sequence nr.                  node name     dropped samples
latency

Statistics:
  latency:                  10.1077ms [min=10.0843ms, max=49.0749ms, average=23.2282ms, deviation=15.5215ms]
----------------------------------------------------------

----------------------------------------------------------
sample path: (IntersectionOutput) 
  order timepoint           sequence nr.                  node name     dropped samples
latency

Statistics:
  latency:                  39.3481ms [min=10.0843ms, max=49.0749ms, average=25.0193ms, deviation=15.4814ms]
----------------------------------------------------------

----------------------------------------------------------
sample path: (VehicleDBWSystem) 
  order timepoint           sequence nr.                  node name     dropped samples
bp period
latency

Statistics:
  latency:                  251.483ms [min=174.482ms, max=251.483ms, average=201.354ms, deviation=43.4512ms]
hotpath
  hot path:                 FrontLidarDriver/RearLidarDriver -> ObjectCollisionEstimator
  hot path latency:         65.0635ms [min=60.5583ms, max=71.2277ms, average=65.6165ms, deviation=5.35615ms]
  hot path drops:           0 [min=0, max=0, average=0, deviation=0]
  behavior planner period:  114.172ms [min=97.6559ms, max=114.172ms, average=105.914ms, deviation=11.6784ms]
----------------------------------------------------------

----------------------------------------------------------
sample path: (IntersectionOutput) 
  order timepoint           sequence nr.                  node name     dropped samples
latency

Statistics:
  latency:                  19.8556ms [min=10.0843ms, max=49.0749ms, average=24.5029ms, deviation=14.6871ms]
----------------------------------------------------------

----------------------------------------------------------
sample path: (IntersectionOutput) 
  order timepoint           sequence nr.                  node name     dropped samples
latency

Statistics:
  latency:                  10.0157ms [min=10.0157ms, max=49.0749ms, average=23.1859ms, deviation=14.602ms]
----------------------------------------------------------

----------------------------------------------------------
sample path: (IntersectionOutput) 
  order timepoint           sequence nr.                  node name     dropped samples
latency

Statistics:
  latency:                  19.512ms [min=10.0157ms, max=49.0749ms, average=22.8798ms, deviation=13.9628ms]
----------------------------------------------------------

----------------------------------------------------------
sample path: (VehicleDBWSystem) 
  order timepoint           sequence nr.                  node name     dropped samples
bp period
latency

Statistics:
  latency:                  230.371ms [min=174.482ms, max=251.483ms, average=208.608ms, deviation=38.3298ms]
hotpath
  hot path:                 FrontLidarDriver/RearLidarDriver -> ObjectCollisionEstimator
  hot path latency:         66.785ms [min=60.5583ms, max=71.2277ms, average=65.9087ms, deviation=4.41214ms]
  hot path drops:           0 [min=0, max=0, average=0, deviation=0]
  behavior planner period:  92.8165ms [min=92.8165ms, max=114.172ms, average=101.548ms, deviation=11.1969ms]
----------------------------------------------------------

----------------------------------------------------------
sample path: (IntersectionOutput) 
  order timepoint           sequence nr.                  node name     dropped samples
latency

Statistics:
  latency:                  34.573ms [min=10.0157ms, max=49.0749ms, average=23.7792ms, deviation=13.7562ms]
----------------------------------------------------------

----------------------------------------------------------
sample path: (IntersectionOutput) 
  order timepoint           sequence nr.                  node name     dropped samples
latency

Statistics:
  latency:                  14.5394ms [min=10.0157ms, max=49.0749ms, average=23.1192ms, deviation=13.4452ms]
----------------------------------------------------------

----------------------------------------------------------
sample path: (IntersectionOutput) 
  order timepoint           sequence nr.                  node name     dropped samples
latency

Statistics:
  latency:                  10.2611ms [min=10.0157ms, max=49.0749ms, average=22.262ms, deviation=13.3747ms]
----------------------------------------------------------

----------------------------------------------------------
sample path: (IntersectionOutput) 
  order timepoint           sequence nr.                  node name     dropped samples
latency

Statistics:
  latency:                  14.3961ms [min=10.0157ms, max=49.0749ms, average=21.7704ms, deviation=13.07ms]
----------------------------------------------------------

----------------------------------------------------------
sample path: (VehicleDBWSystem) 
  order timepoint           sequence nr.                  node name     dropped samples
bp period
latency

Statistics:
  latency:                  180.74ms [min=174.482ms, max=251.483ms, average=203.034ms, deviation=35.4571ms]
hotpath
  hot path:                 FrontLidarDriver/RearLidarDriver -> ObjectCollisionEstimator
  hot path latency:         53.2251ms [min=53.2251ms, max=71.2277ms, average=63.3719ms, deviation=6.83921ms]
  hot path drops:           0 [min=0, max=0, average=0, deviation=0]
  behavior planner period:  94.5711ms [min=92.8165ms, max=114.172ms, average=99.8038ms, deviation=9.78522ms]
----------------------------------------------------------

----------------------------------------------------------
sample path: (IntersectionOutput) 
  order timepoint           sequence nr.                  node name     dropped samples
latency

Statistics:
  latency:                  43.8862ms [min=10.0157ms, max=49.0749ms, average=23.0713ms, deviation=13.7448ms]
----------------------------------------------------------

----------------------------------------------------------
sample path: (IntersectionOutput) 
  order timepoint           sequence nr.                  node name     dropped samples
latency

Statistics:
  latency:                  15.3931ms [min=10.0157ms, max=49.0749ms, average=22.6448ms, deviation=13.4567ms]
----------------------------------------------------------

----------------------------------------------------------
sample path: (IntersectionOutput) 
  order timepoint           sequence nr.                  node name     dropped samples
latency

Statistics:
  latency:                  13.6315ms [min=10.0157ms, max=49.0749ms, average=22.1704ms, deviation=13.24ms]
----------------------------------------------------------

----------------------------------------------------------
sample path: (IntersectionOutput) 
  order timepoint           sequence nr.                  node name     dropped samples
latency

Statistics:
  latency:                  13.8203ms [min=10.0157ms, max=49.0749ms, average=21.7529ms, deviation=13.0214ms]
----------------------------------------------------------

----------------------------------------------------------
sample path: (VehicleDBWSystem) 
  order timepoint           sequence nr.                  node name     dropped samples
bp period
latency

Statistics:
  latency:                  164.921ms [min=164.921ms, max=251.483ms, average=196.682ms, deviation=35.3253ms]
hotpath
  hot path:                 FrontLidarDriver/RearLidarDriver -> ObjectCollisionEstimator
  hot path latency:         50.1235ms [min=50.1235ms, max=71.2277ms, average=61.1639ms, deviation=8.16536ms]
  hot path drops:           0 [min=0, max=0, average=0, deviation=0]
  behavior planner period:  99.8576ms [min=92.8165ms, max=114.172ms, average=99.8145ms, deviation=8.47428ms]
----------------------------------------------------------

----------------------------------------------------------
sample path: (IntersectionOutput) 
  order timepoint           sequence nr.                  node name     dropped samples
latency

Statistics:
  latency:                  24.1218ms [min=10.0157ms, max=49.0749ms, average=21.8657ms, deviation=12.7022ms]
----------------------------------------------------------

----------------------------------------------------------
sample path: (IntersectionOutput) 
  order timepoint           sequence nr.                  node name     dropped samples
latency

Statistics:
  latency:                  10.0774ms [min=10.0157ms, max=49.0749ms, average=21.3299ms, deviation=12.6483ms]
----------------------------------------------------------

----------------------------------------------------------
sample path: (IntersectionOutput) 
  order timepoint           sequence nr.                  node name     dropped samples
latency

Statistics:
  latency:                  10.1341ms [min=10.0157ms, max=49.0749ms, average=20.8431ms, deviation=12.5761ms]
----------------------------------------------------------

----------------------------------------------------------
sample path: (IntersectionOutput) 
  order timepoint           sequence nr.                  node name     dropped samples
latency

Statistics:
  latency:                  19.3104ms [min=10.0157ms, max=49.0749ms, average=20.7792ms, deviation=12.3037ms]
----------------------------------------------------------

----------------------------------------------------------
sample path: (VehicleDBWSystem) 
  order timepoint           sequence nr.                  node name     dropped samples
bp period
latency

Statistics:
  latency:                  155.902ms [min=155.902ms, max=251.483ms, average=190.856ms, deviation=35.7418ms]
hotpath
  hot path:                 FrontLidarDriver/RearLidarDriver -> ObjectCollisionEstimator
  hot path latency:         50.7727ms [min=50.1235ms, max=71.2277ms, average=59.6794ms, deviation=8.42532ms]
  hot path drops:           0 [min=0, max=0, average=0, deviation=0]
  behavior planner period:  98.7447ms [min=92.8165ms, max=114.172ms, average=99.6362ms, deviation=7.5922ms]
----------------------------------------------------------

----------------------------------------------------------
sample path: (IntersectionOutput) 
  order timepoint           sequence nr.                  node name     dropped samples
latency

Statistics:
  latency:                  23.2387ms [min=10.0157ms, max=49.0749ms, average=20.8776ms, deviation=12.0546ms]
----------------------------------------------------------

----------------------------------------------------------
sample path: (IntersectionOutput) 
  order timepoint           sequence nr.                  node name     dropped samples
latency

Statistics:
  latency:                  10.2085ms [min=10.0157ms, max=49.0749ms, average=20.4673ms, deviation=11.995ms]
----------------------------------------------------------

----------------------------------------------------------
sample path: (IntersectionOutput) 
  order timepoint           sequence nr.                  node name     dropped samples
latency

Statistics:
  latency:                  10.0367ms [min=10.0157ms, max=49.0749ms, average=20.0809ms, deviation=11.9321ms]
----------------------------------------------------------

----------------------------------------------------------
sample path: (IntersectionOutput) 
  order timepoint           sequence nr.                  node name     dropped samples
latency

Statistics:
  latency:                  42.3898ms [min=10.0157ms, max=49.0749ms, average=20.8777ms, deviation=12.4449ms]
----------------------------------------------------------

----------------------------------------------------------
sample path: (VehicleDBWSystem) 
  order timepoint           sequence nr.                  node name     dropped samples
bp period
latency

Statistics:
  latency:                  178.797ms [min=155.902ms, max=251.483ms, average=189.349ms, deviation=33.364ms]
hotpath
  hot path:                 FrontLidarDriver/RearLidarDriver -> ObjectCollisionEstimator
  hot path latency:         58.6567ms [min=50.1235ms, max=71.2277ms, average=59.5516ms, deviation=7.80871ms]
  hot path drops:           0 [min=0, max=0, average=0, deviation=0]
  behavior planner period:  100.272ms [min=92.8165ms, max=114.172ms, average=99.727ms, deviation=6.93486ms]
----------------------------------------------------------

----------------------------------------------------------
sample path: (IntersectionOutput) 
  order timepoint           sequence nr.                  node name     dropped samples
latency

Statistics:
  latency:                  13.6681ms [min=10.0157ms, max=49.0749ms, average=20.6291ms, deviation=12.2938ms]
----------------------------------------------------------

----------------------------------------------------------
sample path: (IntersectionOutput) 
  order timepoint           sequence nr.                  node name     dropped samples
latency

Statistics:
  latency:                  10.1095ms [min=10.0157ms, max=49.0749ms, average=20.2784ms, deviation=12.2317ms]
----------------------------------------------------------

----------------------------------------------------------
sample path: (IntersectionOutput) 
  order timepoint           sequence nr.                  node name     dropped samples
latency

Statistics:
  latency:                  39.3799ms [min=10.0157ms, max=49.0749ms, average=20.8946ms, deviation=12.5059ms]
----------------------------------------------------------

----------------------------------------------------------
sample path: (VehicleDBWSystem) 
  order timepoint           sequence nr.                  node name     dropped samples
bp period
latency

Statistics:
  latency:                  237.871ms [min=155.902ms, max=251.483ms, average=194.74ms, deviation=35.1512ms]
hotpath
  hot path:                 FrontLidarDriver/RearLidarDriver -> ObjectCollisionEstimator
  hot path latency:         64.9258ms [min=50.1235ms, max=71.2277ms, average=60.1487ms, deviation=7.52084ms]
  hot path drops:           0 [min=0, max=0, average=0, deviation=0]
  behavior planner period:  113.816ms [min=92.8165ms, max=114.172ms, average=101.488ms, deviation=8.12607ms]
----------------------------------------------------------

----------------------------------------------------------
sample path: (IntersectionOutput) 
  order timepoint           sequence nr.                  node name     dropped samples
latency

Statistics:
  latency:                  19.64ms [min=10.0157ms, max=49.0749ms, average=20.8554ms, deviation=12.3045ms]
----------------------------------------------------------

----------------------------------------------------------
sample path: (IntersectionOutput) 
  order timepoint           sequence nr.                  node name     dropped samples
latency

Statistics:
  latency:                  9.93239ms [min=9.93239ms, max=49.0749ms, average=20.5244ms, deviation=12.2591ms]
----------------------------------------------------------

----------------------------------------------------------
sample path: (IntersectionOutput) 
  order timepoint           sequence nr.                  node name     dropped samples
latency

Statistics:
  latency:                  19.2341ms [min=9.93239ms, max=49.0749ms, average=20.4864ms, deviation=12.074ms]
----------------------------------------------------------

----------------------------------------------------------
sample path: (VehicleDBWSystem) 
  order timepoint           sequence nr.                  node name     dropped samples
bp period
latency

Statistics:
  latency:                  229.867ms [min=155.902ms, max=251.483ms, average=198.253ms, deviation=34.953ms]
hotpath
  hot path:                 FrontLidarDriver/RearLidarDriver -> ObjectCollisionEstimator
  hot path latency:         66.6364ms [min=50.1235ms, max=71.2277ms, average=60.7975ms, deviation=7.38156ms]
  hot path drops:           0 [min=0, max=0, average=0, deviation=0]
  behavior planner period:  92.7061ms [min=92.7061ms, max=114.172ms, average=100.512ms, deviation=8.14543ms]
----------------------------------------------------------

----------------------------------------------------------
sample path: (IntersectionOutput) 
  order timepoint           sequence nr.                  node name     dropped samples
latency

Statistics:
  latency:                  34.7779ms [min=9.93239ms, max=49.0749ms, average=20.8948ms, deviation=12.1379ms]
----------------------------------------------------------

----------------------------------------------------------
sample path: (IntersectionOutput) 
  order timepoint           sequence nr.                  node name     dropped samples
latency

Statistics:
  latency:                  14.172ms [min=9.93239ms, max=49.0749ms, average=20.708ms, deviation=12.0156ms]
----------------------------------------------------------

----------------------------------------------------------
sample path: (IntersectionOutput) 
  order timepoint           sequence nr.                  node name     dropped samples
latency

Statistics:
  latency:                  10.1175ms [min=9.93239ms, max=49.0749ms, average=20.4218ms, deviation=11.9748ms]
----------------------------------------------------------

----------------------------------------------------------
sample path: (IntersectionOutput) 
  order timepoint           sequence nr.                  node name     dropped samples
latency

Statistics:
  latency:                  14.0326ms [min=9.93239ms, max=49.0749ms, average=20.2537ms, deviation=11.8573ms]
----------------------------------------------------------

----------------------------------------------------------
sample path: (VehicleDBWSystem) 
  order timepoint           sequence nr.                  node name     dropped samples
bp period
latency

Statistics:
  latency:                  180.052ms [min=155.902ms, max=251.483ms, average=196.598ms, deviation=33.6103ms]
hotpath
  hot path:                 FrontLidarDriver/RearLidarDriver -> ObjectCollisionEstimator
  hot path latency:         53.1974ms [min=50.1235ms, max=71.2277ms, average=60.1066ms, deviation=7.36815ms]
  hot path drops:           0 [min=0, max=0, average=0, deviation=0]
  behavior planner period:  94.3322ms [min=92.7061ms, max=114.172ms, average=99.8943ms, deviation=7.92436ms]
----------------------------------------------------------

----------------------------------------------------------
sample path: (IntersectionOutput) 
  order timepoint           sequence nr.                  node name     dropped samples
latency

Statistics:
  latency:                  38.5686ms [min=9.93239ms, max=49.0749ms, average=20.7233ms, deviation=12.0622ms]
----------------------------------------------------------

----------------------------------------------------------
sample path: (IntersectionOutput) 
  order timepoint           sequence nr.                  node name     dropped samples
latency

Statistics:
  latency:                  14.9689ms [min=9.93239ms, max=49.0749ms, average=20.5794ms, deviation=11.9412ms]
----------------------------------------------------------

----------------------------------------------------------
sample path: (IntersectionOutput) 
  order timepoint           sequence nr.                  node name     dropped samples
latency

Statistics:
  latency:                  12.9008ms [min=9.93239ms, max=49.0749ms, average=20.3921ms, deviation=11.8518ms]
----------------------------------------------------------

----------------------------------------------------------
sample path: (IntersectionOutput) 
  order timepoint           sequence nr.                  node name     dropped samples
latency

Statistics:
  latency:                  13.5979ms [min=9.93239ms, max=49.0749ms, average=20.2304ms, deviation=11.7533ms]
----------------------------------------------------------

----------------------------------------------------------
sample path: (VehicleDBWSystem) 
  order timepoint           sequence nr.                  node name     dropped samples
bp period
latency

Statistics:
  latency:                  164.9ms [min=155.902ms, max=251.483ms, average=193.957ms, deviation=33.3271ms]
hotpath
  hot path:                 FrontLidarDriver/RearLidarDriver -> ObjectCollisionEstimator
  hot path latency:         49.7322ms [min=49.7322ms, max=71.2277ms, average=59.242ms, deviation=7.63696ms]
  hot path drops:           0 [min=0, max=0, average=0, deviation=0]
  behavior planner period:  99.9812ms [min=92.7061ms, max=114.172ms, average=99.9022ms, deviation=7.51776ms]
----------------------------------------------------------

----------------------------------------------------------
sample path: (IntersectionOutput) 
  order timepoint           sequence nr.                  node name     dropped samples
latency

Statistics:
  latency:                  23.9781ms [min=9.93239ms, max=49.0749ms, average=20.3175ms, deviation=11.6266ms]
----------------------------------------------------------

----------------------------------------------------------
sample path: (IntersectionOutput) 
  order timepoint           sequence nr.                  node name     dropped samples
latency

Statistics:
  latency:                  9.95199ms [min=9.93239ms, max=49.0749ms, average=20.0819ms, deviation=11.5963ms]
----------------------------------------------------------

----------------------------------------------------------
sample path: (IntersectionOutput) 
  order timepoint           sequence nr.                  node name     dropped samples
latency

Statistics:
  latency:                  10.0242ms [min=9.93239ms, max=49.0749ms, average=19.8584ms, deviation=11.5614ms]
----------------------------------------------------------

----------------------------------------------------------
sample path: (IntersectionOutput) 
  order timepoint           sequence nr.                  node name     dropped samples
latency

Statistics:
  latency:                  24.2066ms [min=9.93239ms, max=49.0749ms, average=19.953ms, deviation=11.4502ms]
----------------------------------------------------------

----------------------------------------------------------
sample path: (VehicleDBWSystem) 
  order timepoint           sequence nr.                  node name     dropped samples
bp period
latency

Statistics:
  latency:                  156.439ms [min=155.902ms, max=251.483ms, average=191.071ms, deviation=33.5621ms]
hotpath
  hot path:                 FrontLidarDriver/RearLidarDriver -> ObjectCollisionEstimator
  hot path latency:         51.2936ms [min=49.7322ms, max=71.2277ms, average=58.6306ms, deviation=7.63694ms]
  hot path drops:           0 [min=0, max=0, average=0, deviation=0]
  behavior planner period:  99.4993ms [min=92.7061ms, max=114.172ms, average=99.8686ms, deviation=7.16884ms]
----------------------------------------------------------

----------------------------------------------------------
sample path: (IntersectionOutput) 
  order timepoint           sequence nr.                  node name     dropped samples
latency

Statistics:
  latency:                  24.1817ms [min=9.93239ms, max=49.0749ms, average=20.0429ms, deviation=11.3419ms]
----------------------------------------------------------

----------------------------------------------------------
sample path: (IntersectionOutput) 
  order timepoint           sequence nr.                  node name     dropped samples
latency

Statistics:
  latency:                  10.1672ms [min=9.93239ms, max=49.0749ms, average=19.8372ms, deviation=11.3107ms]
----------------------------------------------------------

----------------------------------------------------------
sample path: (IntersectionOutput) 
  order timepoint           sequence nr.                  node name     dropped samples
latency

Statistics:
  latency:                  10.0068ms [min=9.93239ms, max=49.0749ms, average=19.6366ms, deviation=11.28ms]
----------------------------------------------------------

----------------------------------------------------------
sample path: (IntersectionOutput) 
  order timepoint           sequence nr.                  node name     dropped samples
latency

Statistics:
  latency:                  42.8327ms [min=9.93239ms, max=49.0749ms, average=20.1005ms, deviation=11.6363ms]
----------------------------------------------------------

----------------------------------------------------------
sample path: (VehicleDBWSystem) 
  order timepoint           sequence nr.                  node name     dropped samples
bp period
latency

Statistics:
  latency:                  178.124ms [min=155.902ms, max=251.483ms, average=190.146ms, deviation=32.4305ms]
hotpath
  hot path:                 FrontLidarDriver/RearLidarDriver -> ObjectCollisionEstimator
  hot path latency:         58.8812ms [min=49.7322ms, max=71.2277ms, average=58.6485ms, deviation=7.33764ms]
  hot path drops:           0 [min=0, max=0, average=0, deviation=0]
  behavior planner period:  99.4745ms [min=92.7061ms, max=114.172ms, average=99.8383ms, deviation=6.86451ms]
----------------------------------------------------------

----------------------------------------------------------
sample path: (IntersectionOutput) 
  order timepoint           sequence nr.                  node name     dropped samples
latency

Statistics:
  latency:                  14.0522ms [min=9.93239ms, max=49.0749ms, average=19.9819ms, deviation=11.5505ms]
----------------------------------------------------------

----------------------------------------------------------
sample path: (IntersectionOutput) 
  order timepoint           sequence nr.                  node name     dropped samples
latency

Statistics:
  latency:                  10.2017ms [min=9.93239ms, max=49.0749ms, average=19.7938ms, deviation=11.5168ms]
----------------------------------------------------------

----------------------------------------------------------
sample path: (IntersectionOutput) 
  order timepoint           sequence nr.                  node name     dropped samples
latency

Statistics:
  latency:                  39.4924ms [min=9.93239ms, max=49.0749ms, average=20.1655ms, deviation=11.7221ms]
----------------------------------------------------------

----------------------------------------------------------
sample path: (VehicleDBWSystem) 
  order timepoint           sequence nr.                  node name     dropped samples
bp period
latency

Statistics:
  latency:                  238.571ms [min=155.902ms, max=251.483ms, average=193.374ms, deviation=33.6593ms]
hotpath
  hot path:                 FrontLidarDriver/RearLidarDriver -> ObjectCollisionEstimator
  hot path latency:         64.3157ms [min=49.7322ms, max=71.2277ms, average=59.0263ms, deviation=7.22054ms]
  hot path drops:           0 [min=0, max=0, average=0, deviation=0]
  behavior planner period:  114.315ms [min=92.7061ms, max=114.315ms, average=100.872ms, deviation=7.64634ms]
----------------------------------------------------------

----------------------------------------------------------
sample path: (IntersectionOutput) 
  order timepoint           sequence nr.                  node name     dropped samples
latency

Statistics:
  latency:                  19.6682ms [min=9.93239ms, max=49.0749ms, average=20.1563ms, deviation=11.6112ms]
----------------------------------------------------------

----------------------------------------------------------
sample path: (IntersectionOutput) 
  order timepoint           sequence nr.                  node name     dropped samples
latency

Statistics:
  latency:                  10.0483ms [min=9.93239ms, max=49.0749ms, average=19.9725ms, deviation=11.5836ms]
----------------------------------------------------------

----------------------------------------------------------
sample path: (IntersectionOutput) 
  order timepoint           sequence nr.                  node name     dropped samples
latency

Statistics:
  latency:                  19.4335ms [min=9.93239ms, max=49.0749ms, average=19.9629ms, deviation=11.4781ms]
----------------------------------------------------------

----------------------------------------------------------
sample path: (VehicleDBWSystem) 
  order timepoint           sequence nr.                  node name     dropped samples
bp period
latency

Statistics:
  latency:                  230.506ms [min=155.902ms, max=251.483ms, average=195.695ms, deviation=33.817ms]
hotpath
  hot path:                 FrontLidarDriver/RearLidarDriver -> ObjectCollisionEstimator
  hot path latency:         67.0128ms [min=49.7322ms, max=71.2277ms, average=59.5255ms, deviation=7.25583ms]
  hot path drops:           0 [min=0, max=0, average=0, deviation=0]
  behavior planner period:  92.4187ms [min=92.4187ms, max=114.315ms, average=100.309ms, deviation=7.6847ms]
----------------------------------------------------------

----------------------------------------------------------
sample path: (IntersectionOutput) 
  order timepoint           sequence nr.                  node name     dropped samples
latency

Statistics:
  latency:                  34.387ms [min=9.93239ms, max=49.0749ms, average=20.2159ms, deviation=11.5344ms]
----------------------------------------------------------

----------------------------------------------------------
sample path: (IntersectionOutput) 
  order timepoint           sequence nr.                  node name     dropped samples
latency

Statistics:
  latency:                  15.133ms [min=9.93239ms, max=49.0749ms, average=20.1283ms, deviation=11.4523ms]
----------------------------------------------------------

----------------------------------------------------------
sample path: (IntersectionOutput) 
  order timepoint           sequence nr.                  node name     dropped samples
latency

Statistics:
  latency:                  10.2748ms [min=9.93239ms, max=49.0749ms, average=19.9613ms, deviation=11.4254ms]
----------------------------------------------------------

----------------------------------------------------------
sample path: (IntersectionOutput) 
  order timepoint           sequence nr.                  node name     dropped samples
latency

Statistics:
  latency:                  13.7569ms [min=9.93239ms, max=49.0749ms, average=19.8579ms, deviation=11.3564ms]
----------------------------------------------------------

----------------------------------------------------------
sample path: (VehicleDBWSystem) 
  order timepoint           sequence nr.                  node name     dropped samples
bp period
latency

Statistics:
  latency:                  179.928ms [min=155.902ms, max=251.483ms, average=194.768ms, deviation=32.9658ms]
hotpath
  hot path:                 FrontLidarDriver/RearLidarDriver -> ObjectCollisionEstimator
  hot path latency:         53.6341ms [min=49.7322ms, max=71.2277ms, average=59.1789ms, deviation=7.16926ms]
  hot path drops:           0 [min=0, max=0, average=0, deviation=0]
  behavior planner period:  94.4759ms [min=92.4187ms, max=114.315ms, average=99.9442ms, deviation=7.56598ms]
----------------------------------------------------------

----------------------------------------------------------
sample path: (IntersectionOutput) 
  order timepoint           sequence nr.                  node name     dropped samples
latency

Statistics:
  latency:                  38.637ms [min=9.93239ms, max=49.0749ms, average=20.1657ms, deviation=11.5152ms]
----------------------------------------------------------

----------------------------------------------------------
sample path: (IntersectionOutput) 
  order timepoint           sequence nr.                  node name     dropped samples
latency

Statistics:
  latency:                  14.6891ms [min=9.93239ms, max=49.0749ms, average=20.0774ms, deviation=11.4416ms]
----------------------------------------------------------

----------------------------------------------------------
sample path: (IntersectionOutput) 
  order timepoint           sequence nr.                  node name     dropped samples
latency

Statistics:
  latency:                  13.3495ms [min=9.93239ms, max=49.0749ms, average=19.9706ms, deviation=11.3806ms]
----------------------------------------------------------

----------------------------------------------------------
sample path: (IntersectionOutput) 
  order timepoint           sequence nr.                  node name     dropped samples
latency

Statistics:
  latency:                  10.8026ms [min=9.93239ms, max=49.0749ms, average=19.8274ms, deviation=11.3479ms]
----------------------------------------------------------

----------------------------------------------------------
sample path: (VehicleDBWSystem) 
  order timepoint           sequence nr.                  node name     dropped samples
bp period
latency

Statistics:
  latency:                  168.872ms [min=155.902ms, max=251.483ms, average=193.329ms, deviation=32.5587ms]
hotpath
  hot path:                 FrontLidarDriver/RearLidarDriver -> ObjectCollisionEstimator
  hot path latency:         49.7357ms [min=49.7322ms, max=71.2277ms, average=58.6543ms, deviation=7.30267ms]
  hot path drops:           0 [min=0, max=0, average=0, deviation=0]
  behavior planner period:  103.358ms [min=92.4187ms, max=114.315ms, average=100.145ms, deviation=7.37238ms]
----------------------------------------------------------

----------------------------------------------------------
sample path: (IntersectionOutput) 
  order timepoint           sequence nr.                  node name     dropped samples
latency

Statistics:
  latency:                  29.6884ms [min=9.93239ms, max=49.0749ms, average=19.9791ms, deviation=11.3251ms]
----------------------------------------------------------

----------------------------------------------------------
sample path: (IntersectionOutput) 
  order timepoint           sequence nr.                  node name     dropped samples
latency

Statistics:
  latency:                  10.721ms [min=9.93239ms, max=49.0749ms, average=19.8388ms, deviation=11.2953ms]
----------------------------------------------------------

----------------------------------------------------------
sample path: (IntersectionOutput) 
  order timepoint           sequence nr.                  node name     dropped samples
latency

Statistics:
  latency:                  17.4603ms [min=9.93239ms, max=49.0749ms, average=19.8033ms, deviation=11.2132ms]
----------------------------------------------------------

----------------------------------------------------------
sample path: (IntersectionOutput) 
  order timepoint           sequence nr.                  node name     dropped samples
latency

Statistics:
  latency:                  20.8218ms [min=9.93239ms, max=49.0749ms, average=19.8183ms, deviation=11.1299ms]
----------------------------------------------------------

----------------------------------------------------------
sample path: (VehicleDBWSystem) 
  order timepoint           sequence nr.                  node name     dropped samples
bp period
latency

Statistics:
  latency:                  155.344ms [min=155.344ms, max=251.483ms, average=191.33ms, deviation=32.8194ms]
hotpath
  hot path:                 FrontLidarDriver/RearLidarDriver -> ObjectCollisionEstimator
  hot path latency:         54.6034ms [min=49.7322ms, max=71.2277ms, average=58.4411ms, deviation=7.15751ms]
  hot path drops:           0 [min=0, max=0, average=0, deviation=0]
  behavior planner period:  99.0647ms [min=92.4187ms, max=114.315ms, average=100.085ms, deviation=7.15679ms]
----------------------------------------------------------

----------------------------------------------------------
sample path: (IntersectionOutput) 
  order timepoint           sequence nr.                  node name     dropped samples
latency

Statistics:
  latency:                  11.3138ms [min=9.93239ms, max=49.0749ms, average=19.695ms, deviation=11.0951ms]
----------------------------------------------------------

----------------------------------------------------------
sample path: (IntersectionOutput) 
  order timepoint           sequence nr.                  node name     dropped samples
latency

Statistics:
  latency:                  10.0274ms [min=9.93239ms, max=49.0749ms, average=19.5569ms, deviation=11.0748ms]
----------------------------------------------------------

----------------------------------------------------------
sample path: (IntersectionOutput) 
  order timepoint           sequence nr.                  node name     dropped samples
latency

Statistics:
  latency:                  42.523ms [min=9.93239ms, max=49.0749ms, average=19.8804ms, deviation=11.3282ms]
----------------------------------------------------------

----------------------------------------------------------
sample path: (VehicleDBWSystem) 
  order timepoint           sequence nr.                  node name     dropped samples
bp period
latency

Statistics:
  latency:                  180.641ms [min=155.344ms, max=251.483ms, average=190.795ms, deviation=32.0334ms]
hotpath
  hot path:                 FrontLidarDriver/RearLidarDriver -> ObjectCollisionEstimator
  hot path latency:         58.7176ms [min=49.7322ms, max=71.2277ms, average=58.4549ms, deviation=6.96688ms]
  hot path drops:           0 [min=0, max=0, average=0, deviation=0]
  behavior planner period:  96.431ms [min=92.4187ms, max=114.315ms, average=99.8927ms, deviation=7.00548ms]
----------------------------------------------------------

----------------------------------------------------------
sample path: (IntersectionOutput) 
  order timepoint           sequence nr.                  node name     dropped samples
latency

Statistics:
  latency:                  13.583ms [min=9.93239ms, max=49.0749ms, average=19.7929ms, deviation=11.2726ms]
----------------------------------------------------------

----------------------------------------------------------
sample path: (IntersectionOutput) 
  order timepoint           sequence nr.                  node name     dropped samples
latency

Statistics:
  latency:                  10.0219ms [min=9.93239ms, max=49.0749ms, average=19.6591ms, deviation=11.2523ms]
----------------------------------------------------------

----------------------------------------------------------
sample path: (IntersectionOutput) 
  order timepoint           sequence nr.                  node name     dropped samples
latency

Statistics:
  latency:                  38.9093ms [min=9.93239ms, max=49.0749ms, average=19.9192ms, deviation=11.3968ms]
----------------------------------------------------------

----------------------------------------------------------
sample path: (VehicleDBWSystem) 
  order timepoint           sequence nr.                  node name     dropped samples
bp period
latency

Statistics:
  latency:                  237.978ms [min=155.344ms, max=251.483ms, average=193.042ms, deviation=32.8761ms]
hotpath
  hot path:                 FrontLidarDriver/RearLidarDriver -> ObjectCollisionEstimator
  hot path latency:         64.3455ms [min=49.7322ms, max=71.2277ms, average=58.7354ms, deviation=6.91107ms]
  hot path drops:           0 [min=0, max=0, average=0, deviation=0]
  behavior planner period:  113.762ms [min=92.4187ms, max=114.315ms, average=100.586ms, deviation=7.49073ms]
----------------------------------------------------------

----------------------------------------------------------
sample path: (IntersectionOutput) 
  order timepoint           sequence nr.                  node name     dropped samples
latency

Statistics:
  latency:                  19.8356ms [min=9.93239ms, max=49.0749ms, average=19.9181ms, deviation=11.3196ms]
----------------------------------------------------------

----------------------------------------------------------
sample path: (IntersectionOutput) 
  order timepoint           sequence nr.                  node name     dropped samples
latency

Statistics:
  latency:                  10.0197ms [min=9.93239ms, max=49.0749ms, average=19.7878ms, deviation=11.301ms]
----------------------------------------------------------

----------------------------------------------------------
sample path: (IntersectionOutput) 
  order timepoint           sequence nr.                  node name     dropped samples
latency

Statistics:
  latency:                  19.3353ms [min=9.93239ms, max=49.0749ms, average=19.782ms, deviation=11.2266ms]
----------------------------------------------------------

----------------------------------------------------------
sample path: (VehicleDBWSystem) 
  order timepoint           sequence nr.                  node name     dropped samples
bp period
latency

Statistics:
  latency:                  239.92ms [min=155.344ms, max=251.483ms, average=195.173ms, deviation=33.6045ms]
hotpath
  hot path:                 FrontLidarDriver/RearLidarDriver -> ObjectCollisionEstimator
  hot path latency:         66.0804ms [min=49.7322ms, max=71.2277ms, average=59.0693ms, deviation=6.92392ms]
  hot path drops:           0 [min=0, max=0, average=0, deviation=0]
  behavior planner period:  92.9272ms [min=92.4187ms, max=114.315ms, average=100.221ms, deviation=7.48991ms]
----------------------------------------------------------

----------------------------------------------------------
sample path: (IntersectionOutput) 
  order timepoint           sequence nr.                  node name     dropped samples
latency

Statistics:
  latency:                  30.338ms [min=9.93239ms, max=49.0749ms, average=19.9173ms, deviation=11.2173ms]
----------------------------------------------------------

----------------------------------------------------------
sample path: (IntersectionOutput) 
  order timepoint           sequence nr.                  node name     dropped samples
latency

Statistics:
  latency:                  19.4864ms [min=9.93239ms, max=49.0749ms, average=19.9118ms, deviation=11.1452ms]
----------------------------------------------------------

----------------------------------------------------------
sample path: (IntersectionOutput) 
  order timepoint           sequence nr.                  node name     dropped samples
latency

Statistics:
  latency:                  20.2287ms [min=9.93239ms, max=49.0749ms, average=19.9158ms, deviation=11.0745ms]
----------------------------------------------------------

----------------------------------------------------------
sample path: (IntersectionOutput) 
  order timepoint           sequence nr.                  node name     dropped samples
latency

Statistics:
  latency:                  19.5588ms [min=9.93239ms, max=49.0749ms, average=19.9114ms, deviation=11.0052ms]
----------------------------------------------------------

----------------------------------------------------------
sample path: (VehicleDBWSystem) 
  order timepoint           sequence nr.                  node name     dropped samples
bp period
latency

Statistics:
  latency:                  165.756ms [min=155.344ms, max=251.483ms, average=193.894ms, deviation=33.3999ms]
hotpath
  hot path:                 FrontLidarDriver/RearLidarDriver -> ObjectCollisionEstimator
  hot path latency:         62.1904ms [min=49.7322ms, max=71.2277ms, average=59.205ms, deviation=6.79596ms]
  hot path drops:           0 [min=0, max=0, average=0, deviation=0]
  behavior planner period:  92.7453ms [min=92.4187ms, max=114.315ms, average=99.8816ms, deviation=7.48117ms]
----------------------------------------------------------

----------------------------------------------------------
sample path: (IntersectionOutput) 
  order timepoint           sequence nr.                  node name     dropped samples
latency

Statistics:
  latency:                  39.0296ms [min=9.93239ms, max=49.0749ms, average=20.1445ms, deviation=11.1389ms]
----------------------------------------------------------

----------------------------------------------------------
sample path: (IntersectionOutput) 
  order timepoint           sequence nr.                  node name     dropped samples
latency

Statistics:
  latency:                  18.1243ms [min=9.93239ms, max=49.0749ms, average=20.1202ms, deviation=11.073ms]
----------------------------------------------------------

----------------------------------------------------------
sample path: (IntersectionOutput) 
  order timepoint           sequence nr.                  node name     dropped samples
latency

Statistics:
  latency:                  11.4936ms [min=9.93239ms, max=49.0749ms, average=20.0175ms, deviation=11.0463ms]
----------------------------------------------------------

----------------------------------------------------------
sample path: (IntersectionOutput) 
  order timepoint           sequence nr.                  node name     dropped samples
latency

Statistics:
  latency:                  16.0544ms [min=9.93239ms, max=49.0749ms, average=19.9709ms, deviation=10.9888ms]
----------------------------------------------------------

----------------------------------------------------------
sample path: (VehicleDBWSystem) 
  order timepoint           sequence nr.                  node name     dropped samples
bp period
latency

Statistics:
  latency:                  160.729ms [min=155.344ms, max=251.483ms, average=192.512ms, deviation=33.3599ms]
hotpath
  hot path:                 FrontLidarDriver/RearLidarDriver -> ObjectCollisionEstimator
  hot path latency:         60.468ms [min=49.7322ms, max=71.2277ms, average=59.2576ms, deviation=6.65158ms]
  hot path drops:           0 [min=0, max=0, average=0, deviation=0]
  behavior planner period:  101.634ms [min=92.4187ms, max=114.315ms, average=99.9578ms, deviation=7.31829ms]
----------------------------------------------------------

----------------------------------------------------------
sample path: (IntersectionOutput) 
  order timepoint           sequence nr.                  node name     dropped samples
latency

Statistics:
  latency:                  33.1491ms [min=9.93239ms, max=49.0749ms, average=20.1241ms, deviation=11.016ms]
----------------------------------------------------------

----------------------------------------------------------
sample path: (IntersectionOutput) 
  order timepoint           sequence nr.                  node name     dropped samples
latency

Statistics:
  latency:                  16.0686ms [min=9.93239ms, max=49.0749ms, average=20.0775ms, deviation=10.9604ms]
----------------------------------------------------------

----------------------------------------------------------
sample path: (IntersectionOutput) 
  order timepoint           sequence nr.                  node name     dropped samples
latency

Statistics:
  latency:                  10.1993ms [min=9.93239ms, max=49.0749ms, average=19.9652ms, deviation=10.948ms]
----------------------------------------------------------

----------------------------------------------------------
sample path: (IntersectionOutput) 
  order timepoint           sequence nr.                  node name     dropped samples
latency

Statistics:
  latency:                  19.378ms [min=9.93239ms, max=49.0749ms, average=19.9586ms, deviation=10.8857ms]
----------------------------------------------------------

----------------------------------------------------------
sample path: (VehicleDBWSystem) 
  order timepoint           sequence nr.                  node name     dropped samples
bp period
latency

Statistics:
  latency:                  155.925ms [min=155.344ms, max=251.483ms, average=191.049ms, deviation=33.4672ms]
hotpath
  hot path:                 FrontLidarDriver/RearLidarDriver -> ObjectCollisionEstimator
  hot path latency:         50.9385ms [min=49.7322ms, max=71.2277ms, average=58.9249ms, deviation=6.72074ms]
  hot path drops:           0 [min=0, max=0, average=0, deviation=0]
  behavior planner period:  99.1392ms [min=92.4187ms, max=114.315ms, average=99.9237ms, deviation=7.15938ms]
----------------------------------------------------------

----------------------------------------------------------
sample path: (IntersectionOutput) 
  order timepoint           sequence nr.                  node name     dropped samples
latency

Statistics:
  latency:                  23.2935ms [min=9.93239ms, max=49.0749ms, average=19.9957ms, deviation=10.8301ms]
----------------------------------------------------------

----------------------------------------------------------
sample path: (IntersectionOutput) 
  order timepoint           sequence nr.                  node name     dropped samples
latency

Statistics:
  latency:                  10.0703ms [min=9.93239ms, max=49.0749ms, average=19.8866ms, deviation=10.8199ms]
----------------------------------------------------------

----------------------------------------------------------
sample path: (IntersectionOutput) 
  order timepoint           sequence nr.                  node name     dropped samples
latency

Statistics:
  latency:                  10.1375ms [min=9.93239ms, max=49.0749ms, average=19.7807ms, deviation=10.8082ms]
----------------------------------------------------------

----------------------------------------------------------
sample path: (IntersectionOutput) 
  order timepoint           sequence nr.                  node name     dropped samples
latency

Statistics:
  latency:                  42.7372ms [min=9.93239ms, max=49.0749ms, average=20.0275ms, deviation=11.0097ms]
----------------------------------------------------------

----------------------------------------------------------
sample path: (VehicleDBWSystem) 
  order timepoint           sequence nr.                  node name     dropped samples
bp period
latency

Statistics:
  latency:                  178.886ms [min=155.344ms, max=251.483ms, average=190.581ms, deviation=32.8777ms]
hotpath
  hot path:                 FrontLidarDriver/RearLidarDriver -> ObjectCollisionEstimator
  hot path latency:         58.6665ms [min=49.7322ms, max=71.2277ms, average=58.9149ms, deviation=6.58515ms]
  hot path drops:           0 [min=0, max=0, average=0, deviation=0]
  behavior planner period:  99.8855ms [min=92.4187ms, max=114.315ms, average=99.9222ms, deviation=7.00865ms]
----------------------------------------------------------

----------------------------------------------------------
sample path: (IntersectionOutput) 
  order timepoint           sequence nr.                  node name     dropped samples
latency

Statistics:
  latency:                  13.6542ms [min=9.93239ms, max=49.0749ms, average=19.9597ms, deviation=10.9701ms]
----------------------------------------------------------

----------------------------------------------------------
sample path: (IntersectionOutput) 
  order timepoint           sequence nr.                  node name     dropped samples
latency

Statistics:
  latency:                  10.1155ms [min=9.93239ms, max=49.0749ms, average=19.8561ms, deviation=10.9582ms]
----------------------------------------------------------

----------------------------------------------------------
sample path: (IntersectionOutput) 
  order timepoint           sequence nr.                  node name     dropped samples
latency

Statistics:
  latency:                  39.0527ms [min=9.93239ms, max=49.0749ms, average=20.056ms, deviation=11.0751ms]
----------------------------------------------------------

----------------------------------------------------------
sample path: (VehicleDBWSystem) 
  order timepoint           sequence nr.                  node name     dropped samples
bp period
latency

Statistics:
  latency:                  237.265ms [min=155.344ms, max=251.483ms, average=192.31ms, deviation=33.4677ms]
hotpath
  hot path:                 FrontLidarDriver/RearLidarDriver -> ObjectCollisionEstimator
  hot path latency:         65.0033ms [min=49.7322ms, max=71.2277ms, average=59.1404ms, deviation=6.56271ms]
  hot path drops:           0 [min=0, max=0, average=0, deviation=0]
  behavior planner period:  113.754ms [min=92.4187ms, max=114.315ms, average=100.454ms, deviation=7.3834ms]
----------------------------------------------------------

----------------------------------------------------------
sample path: (IntersectionOutput) 
  order timepoint           sequence nr.                  node name     dropped samples
latency

Statistics:
  latency:                  19.6945ms [min=9.93239ms, max=49.0749ms, average=20.0523ms, deviation=11.0173ms]
----------------------------------------------------------

----------------------------------------------------------
sample path: (IntersectionOutput) 
  order timepoint           sequence nr.                  node name     dropped samples
latency

Statistics:
  latency:                  10.0222ms [min=9.93239ms, max=49.0749ms, average=19.95ms, deviation=11.0071ms]
----------------------------------------------------------

----------------------------------------------------------
sample path: (IntersectionOutput) 
  order timepoint           sequence nr.                  node name     dropped samples
latency

Statistics:
  latency:                  24.7615ms [min=9.93239ms, max=49.0749ms, average=19.9986ms, deviation=10.9615ms]
----------------------------------------------------------

----------------------------------------------------------
sample path: (VehicleDBWSystem) 
  order timepoint           sequence nr.                  node name     dropped samples
bp period
latency

Statistics:
  latency:                  236.262ms [min=155.344ms, max=251.483ms, average=193.88ms, deviation=33.8762ms]
hotpath
  hot path:                 FrontLidarDriver/RearLidarDriver -> ObjectCollisionEstimator
  hot path latency:         66.1803ms [min=49.7322ms, max=71.2277ms, average=59.3918ms, deviation=6.57602ms]
  hot path drops:           0 [min=0, max=0, average=0, deviation=0]
  behavior planner period:  83.8039ms [min=83.8039ms, max=114.315ms, average=99.8375ms, deviation=7.91743ms]
----------------------------------------------------------

----------------------------------------------------------
sample path: (IntersectionOutput) 
  order timepoint           sequence nr.                  node name     dropped samples
latency

Statistics:
  latency:                  43.3393ms [min=9.93239ms, max=49.0749ms, average=20.232ms, deviation=11.153ms]
----------------------------------------------------------

----------------------------------------------------------
sample path: (IntersectionOutput) 
  order timepoint           sequence nr.                  node name     dropped samples
latency

Statistics:
  latency:                  19.9275ms [min=9.93239ms, max=49.0749ms, average=20.229ms, deviation=11.0971ms]
----------------------------------------------------------

----------------------------------------------------------
sample path: (IntersectionOutput) 
  order timepoint           sequence nr.                  node name     dropped samples
latency

Statistics:
  latency:                  10.2065ms [min=9.93239ms, max=49.0749ms, average=20.1307ms, deviation=11.0865ms]
----------------------------------------------------------

----------------------------------------------------------
sample path: (IntersectionOutput) 
  order timepoint           sequence nr.                  node name     dropped samples
latency

Statistics:
  latency:                  19.7381ms [min=9.93239ms, max=49.0749ms, average=20.1269ms, deviation=11.0321ms]
----------------------------------------------------------

----------------------------------------------------------
sample path: (VehicleDBWSystem) 
  order timepoint           sequence nr.                  node name     dropped samples
bp period
latency

Statistics:
  latency:                  176.007ms [min=155.344ms, max=251.483ms, average=193.263ms, deviation=33.4309ms]
hotpath
  hot path:                 FrontLidarDriver/RearLidarDriver -> ObjectCollisionEstimator
  hot path latency:         59.7181ms [min=49.7322ms, max=71.2277ms, average=59.4031ms, deviation=6.45781ms]
  hot path drops:           0 [min=0, max=0, average=0, deviation=0]
  behavior planner period:  103.269ms [min=83.8039ms, max=114.315ms, average=99.96ms, deviation=7.79645ms]
----------------------------------------------------------

----------------------------------------------------------
sample path: (IntersectionOutput) 
  order timepoint           sequence nr.                  node name     dropped samples
latency

Statistics:
  latency:                  38.7307ms [min=9.93239ms, max=49.0749ms, average=20.3058ms, deviation=11.129ms]
----------------------------------------------------------

----------------------------------------------------------
sample path: (IntersectionOutput) 
  order timepoint           sequence nr.                  node name     dropped samples
latency

Statistics:
  latency:                  10.725ms [min=9.93239ms, max=49.0749ms, average=20.2145ms, deviation=11.1147ms]
----------------------------------------------------------

----------------------------------------------------------
sample path: (IntersectionOutput) 
  order timepoint           sequence nr.                  node name     dropped samples
latency

Statistics:
  latency:                  13.2486ms [min=9.93239ms, max=49.0749ms, average=20.1488ms, deviation=11.0823ms]
----------------------------------------------------------

----------------------------------------------------------
sample path: (IntersectionOutput) 
  order timepoint           sequence nr.                  node name     dropped samples
latency

Statistics:
  latency:                  14.0437ms [min=9.93239ms, max=49.0749ms, average=20.0918ms, deviation=11.0457ms]
----------------------------------------------------------

----------------------------------------------------------
sample path: (VehicleDBWSystem) 
  order timepoint           sequence nr.                  node name     dropped samples
bp period
latency

Statistics:
  latency:                  164.573ms [min=155.344ms, max=251.483ms, average=192.307ms, deviation=33.2645ms]
hotpath
  hot path:                 FrontLidarDriver/RearLidarDriver -> ObjectCollisionEstimator
  hot path latency:         50.019ms [min=49.7322ms, max=71.2277ms, average=59.0903ms, deviation=6.57272ms]
  hot path drops:           0 [min=0, max=0, average=0, deviation=0]
  behavior planner period:  100.282ms [min=83.8039ms, max=114.315ms, average=99.9711ms, deviation=7.65619ms]
----------------------------------------------------------

----------------------------------------------------------
sample path: (IntersectionOutput) 
  order timepoint           sequence nr.                  node name     dropped samples
latency

Statistics:
  latency:                  29.6803ms [min=9.93239ms, max=49.0749ms, average=20.1805ms, deviation=11.0326ms]
----------------------------------------------------------

----------------------------------------------------------
sample path: (IntersectionOutput) 
  order timepoint           sequence nr.                  node name     dropped samples
latency

Statistics:
  latency:                  14.087ms [min=9.93239ms, max=49.0749ms, average=20.1246ms, deviation=10.9969ms]
----------------------------------------------------------

----------------------------------------------------------
sample path: (IntersectionOutput) 
  order timepoint           sequence nr.                  node name     dropped samples
latency

Statistics:
  latency:                  10.1676ms [min=9.93239ms, max=49.0749ms, average=20.0341ms, deviation=10.9875ms]
----------------------------------------------------------

----------------------------------------------------------
sample path: (IntersectionOutput) 
  order timepoint           sequence nr.                  node name     dropped samples
latency

Statistics:
  latency:                  19.5228ms [min=9.93239ms, max=49.0749ms, average=20.0295ms, deviation=10.9375ms]
----------------------------------------------------------

----------------------------------------------------------
sample path: (VehicleDBWSystem) 
  order timepoint           sequence nr.                  node name     dropped samples
bp period
latency

Statistics:
  latency:                  156.888ms [min=155.344ms, max=251.483ms, average=191.164ms, deviation=33.3183ms]
hotpath
  hot path:                 FrontLidarDriver/RearLidarDriver -> ObjectCollisionEstimator
  hot path latency:         51.233ms [min=49.7322ms, max=71.2277ms, average=58.8368ms, deviation=6.61454ms]
  hot path drops:           0 [min=0, max=0, average=0, deviation=0]
  behavior planner period:  99.273ms [min=83.8039ms, max=114.315ms, average=99.9478ms, deviation=7.52411ms]
----------------------------------------------------------

----------------------------------------------------------
sample path: (IntersectionOutput) 
  order timepoint           sequence nr.                  node name     dropped samples
latency

Statistics:
  latency:                  23.6349ms [min=9.93239ms, max=49.0749ms, average=20.0617ms, deviation=10.8935ms]
----------------------------------------------------------

----------------------------------------------------------
sample path: (IntersectionOutput) 
  order timepoint           sequence nr.                  node name     dropped samples
latency

Statistics:
  latency:                  18.7149ms [min=9.93239ms, max=49.0749ms, average=20.0498ms, deviation=10.8455ms]
----------------------------------------------------------

----------------------------------------------------------
sample path: (IntersectionOutput) 
  order timepoint           sequence nr.                  node name     dropped samples
latency

Statistics:
  latency:                  12.9404ms [min=9.93239ms, max=49.0749ms, average=19.9874ms, deviation=10.8179ms]
----------------------------------------------------------

----------------------------------------------------------
sample path: (IntersectionOutput) 
  order timepoint           sequence nr.                  node name     dropped samples
latency

Statistics:
  latency:                  49.4736ms [min=9.93239ms, max=49.4736ms, average=20.2438ms, deviation=11.1158ms]
----------------------------------------------------------

----------------------------------------------------------
sample path: (VehicleDBWSystem) 
  order timepoint           sequence nr.                  node name     dropped samples
bp period
latency

Statistics:
  latency:                  172.81ms [min=155.344ms, max=251.483ms, average=190.591ms, deviation=32.9367ms]
hotpath
  hot path:                 FrontLidarDriver/RearLidarDriver -> ObjectCollisionEstimator
  hot path latency:         68.9296ms [min=49.7322ms, max=71.2277ms, average=59.1522ms, deviation=6.74715ms]
  hot path drops:           0 [min=0, max=0, average=0, deviation=0]
  behavior planner period:  98.5333ms [min=83.8039ms, max=114.315ms, average=99.9022ms, deviation=7.40201ms]
----------------------------------------------------------

----------------------------------------------------------
sample path: (IntersectionOutput) 
  order timepoint           sequence nr.                  node name     dropped samples
latency

Statistics:
  latency:                  10.627ms [min=9.93239ms, max=49.4736ms, average=20.1609ms, deviation=11.1033ms]
----------------------------------------------------------

----------------------------------------------------------
sample path: (IntersectionOutput) 
  order timepoint           sequence nr.                  node name     dropped samples
latency

Statistics:
  latency:                  10.1645ms [min=9.93239ms, max=49.4736ms, average=20.0755ms, deviation=11.0939ms]
----------------------------------------------------------

----------------------------------------------------------
sample path: (IntersectionOutput) 
  order timepoint           sequence nr.                  node name     dropped samples
latency

Statistics:
  latency:                  39.6852ms [min=9.93239ms, max=49.4736ms, average=20.2417ms, deviation=11.1929ms]
----------------------------------------------------------

----------------------------------------------------------
sample path: (VehicleDBWSystem) 
  order timepoint           sequence nr.                  node name     dropped samples
bp period
latency

Statistics:
  latency:                  239.162ms [min=155.344ms, max=251.483ms, average=192.063ms, deviation=33.5025ms]
hotpath
  hot path:                 FrontLidarDriver/RearLidarDriver -> ObjectCollisionEstimator
  hot path latency:         70.3626ms [min=49.7322ms, max=71.2277ms, average=59.4919ms, deviation=6.92168ms]
  hot path drops:           0 [min=0, max=0, average=0, deviation=0]
  behavior planner period:  116.121ms [min=83.8039ms, max=116.121ms, average=100.409ms, deviation=7.82574ms]
----------------------------------------------------------

----------------------------------------------------------
sample path: (IntersectionOutput) 
  order timepoint           sequence nr.                  node name     dropped samples
latency

Statistics:
  latency:                  19.8785ms [min=9.93239ms, max=49.4736ms, average=20.2386ms, deviation=11.1454ms]
----------------------------------------------------------

----------------------------------------------------------
sample path: (IntersectionOutput) 
  order timepoint           sequence nr.                  node name     dropped samples
latency

Statistics:
  latency:                  10.0667ms [min=9.93239ms, max=49.4736ms, average=20.1538ms, deviation=11.1373ms]
----------------------------------------------------------

----------------------------------------------------------
sample path: (IntersectionOutput) 
  order timepoint           sequence nr.                  node name     dropped samples
latency

Statistics:
  latency:                  19.3895ms [min=9.93239ms, max=49.4736ms, average=20.1475ms, deviation=11.091ms]
----------------------------------------------------------

----------------------------------------------------------
sample path: (VehicleDBWSystem) 
  order timepoint           sequence nr.                  node name     dropped samples
bp period
latency

Statistics:
  latency:                  241.148ms [min=155.344ms, max=251.483ms, average=193.506ms, deviation=34.048ms]
hotpath
  hot path:                 FrontLidarDriver/RearLidarDriver -> ObjectCollisionEstimator
  hot path latency:         68.1683ms [min=49.7322ms, max=71.2277ms, average=59.7471ms, deviation=6.97653ms]
  hot path drops:           0 [min=0, max=0, average=0, deviation=0]
  behavior planner period:  91.6718ms [min=83.8039ms, max=116.121ms, average=100.144ms, deviation=7.85122ms]
----------------------------------------------------------

----------------------------------------------------------
sample path: (IntersectionOutput) 
  order timepoint           sequence nr.                  node name     dropped samples
latency

Statistics:
  latency:                  34.4425ms [min=9.93239ms, max=49.4736ms, average=20.2647ms, deviation=11.1206ms]
----------------------------------------------------------

----------------------------------------------------------
sample path: (IntersectionOutput) 
  order timepoint           sequence nr.                  node name     dropped samples
latency

Statistics:
  latency:                  14.9171ms [min=9.93239ms, max=49.4736ms, average=20.2212ms, deviation=11.0855ms]
----------------------------------------------------------

----------------------------------------------------------
sample path: (IntersectionOutput) 
  order timepoint           sequence nr.                  node name     dropped samples
latency

Statistics:
  latency:                  10.1126ms [min=9.93239ms, max=49.4736ms, average=20.1397ms, deviation=11.0776ms]
----------------------------------------------------------

----------------------------------------------------------
sample path: (IntersectionOutput) 
  order timepoint           sequence nr.                  node name     dropped samples
latency

Statistics:
  latency:                  13.8665ms [min=9.93239ms, max=49.4736ms, average=20.0895ms, deviation=11.0471ms]
----------------------------------------------------------

----------------------------------------------------------
sample path: (VehicleDBWSystem) 
  order timepoint           sequence nr.                  node name     dropped samples
bp period
latency

Statistics:
  latency:                  180.276ms [min=155.344ms, max=251.483ms, average=193.128ms, deviation=33.6181ms]
hotpath
  hot path:                 FrontLidarDriver/RearLidarDriver -> ObjectCollisionEstimator
  hot path latency:         53.6729ms [min=49.7322ms, max=71.2277ms, average=59.5736ms, deviation=6.94943ms]
  hot path drops:           0 [min=0, max=0, average=0, deviation=0]
  behavior planner period:  94.3366ms [min=83.8039ms, max=116.121ms, average=99.9735ms, deviation=7.79524ms]
----------------------------------------------------------

----------------------------------------------------------
sample path: (IntersectionOutput) 
  order timepoint           sequence nr.                  node name     dropped samples
latency

Statistics:
  latency:                  39.0305ms [min=9.93239ms, max=49.4736ms, average=20.2398ms, deviation=11.1314ms]
----------------------------------------------------------

----------------------------------------------------------
sample path: (IntersectionOutput) 
  order timepoint           sequence nr.                  node name     dropped samples
latency

Statistics:
  latency:                  14.7365ms [min=9.93239ms, max=49.4736ms, average=20.1965ms, deviation=11.0979ms]
----------------------------------------------------------

----------------------------------------------------------
sample path: (IntersectionOutput) 
  order timepoint           sequence nr.                  node name     dropped samples
latency

Statistics:
  latency:                  13.9014ms [min=9.93239ms, max=49.4736ms, average=20.1473ms, deviation=11.0681ms]
----------------------------------------------------------

----------------------------------------------------------
sample path: (IntersectionOutput) 
  order timepoint           sequence nr.                  node name     dropped samples
latency

Statistics:
  latency:                  13.7428ms [min=9.93239ms, max=49.4736ms, average=20.0977ms, deviation=11.0392ms]
----------------------------------------------------------

----------------------------------------------------------
sample path: (VehicleDBWSystem) 
  order timepoint           sequence nr.                  node name     dropped samples
bp period
latency

Statistics:
  latency:                  165.439ms [min=155.344ms, max=251.483ms, average=192.359ms, deviation=33.4541ms]
hotpath
  hot path:                 FrontLidarDriver/RearLidarDriver -> ObjectCollisionEstimator
  hot path latency:         50.1583ms [min=49.7322ms, max=71.2277ms, average=59.312ms, deviation=7.02689ms]
  hot path drops:           0 [min=0, max=0, average=0, deviation=0]
  behavior planner period:  99.9559ms [min=83.8039ms, max=116.121ms, average=99.973ms, deviation=7.67975ms]
----------------------------------------------------------

----------------------------------------------------------
sample path: (IntersectionOutput) 
  order timepoint           sequence nr.                  node name     dropped samples
latency

Statistics:
  latency:                  29.7659ms [min=9.93239ms, max=49.4736ms, average=20.172ms, deviation=11.029ms]
----------------------------------------------------------

----------------------------------------------------------
sample path: (IntersectionOutput) 
  order timepoint           sequence nr.                  node name     dropped samples
latency

Statistics:
  latency:                  13.9975ms [min=9.93239ms, max=49.4736ms, average=20.1249ms, deviation=10.9997ms]
----------------------------------------------------------

----------------------------------------------------------
sample path: (IntersectionOutput) 
  order timepoint           sequence nr.                  node name     dropped samples
latency

Statistics:
  latency:                  10.161ms [min=9.93239ms, max=49.4736ms, average=20.0494ms, deviation=10.9919ms]
----------------------------------------------------------

----------------------------------------------------------
sample path: (IntersectionOutput) 
  order timepoint           sequence nr.                  node name     dropped samples
latency

Statistics:
  latency:                  19.3006ms [min=9.93239ms, max=49.4736ms, average=20.0438ms, deviation=10.9504ms]
----------------------------------------------------------

----------------------------------------------------------
sample path: (VehicleDBWSystem) 
  order timepoint           sequence nr.                  node name     dropped samples
bp period
latency

Statistics:
  latency:                  155.713ms [min=155.344ms, max=251.483ms, average=191.369ms, deviation=33.5319ms]
hotpath
  hot path:                 FrontLidarDriver/RearLidarDriver -> ObjectCollisionEstimator
  hot path latency:         50.72ms [min=49.7322ms, max=71.2277ms, average=59.0798ms, deviation=7.07112ms]
  hot path drops:           0 [min=0, max=0, average=0, deviation=0]
  behavior planner period:  99.1873ms [min=83.8039ms, max=116.121ms, average=99.9511ms, deviation=7.57038ms]
----------------------------------------------------------

----------------------------------------------------------
sample path: (IntersectionOutput) 
  order timepoint           sequence nr.                  node name     dropped samples
latency

Statistics:
  latency:                  24.1213ms [min=9.93239ms, max=49.4736ms, average=20.0742ms, deviation=10.9149ms]
----------------------------------------------------------

----------------------------------------------------------
sample path: (IntersectionOutput) 
  order timepoint           sequence nr.                  node name     dropped samples
latency

Statistics:
  latency:                  10.1016ms [min=9.93239ms, max=49.4736ms, average=20.0004ms, deviation=10.9079ms]
----------------------------------------------------------

----------------------------------------------------------
sample path: (IntersectionOutput) 
  order timepoint           sequence nr.                  node name     dropped samples
latency

Statistics:
  latency:                  10.1068ms [min=9.93239ms, max=49.4736ms, average=19.9276ms, deviation=10.9005ms]
----------------------------------------------------------

----------------------------------------------------------
sample path: (IntersectionOutput) 
  order timepoint           sequence nr.                  node name     dropped samples
latency

Statistics:
  latency:                  42.2492ms [min=9.93239ms, max=49.4736ms, average=20.0905ms, deviation=11.0265ms]
----------------------------------------------------------

----------------------------------------------------------
sample path: (VehicleDBWSystem) 
  order timepoint           sequence nr.                  node name     dropped samples
bp period
latency

Statistics:
  latency:                  179.677ms [min=155.344ms, max=251.483ms, average=191.061ms, deviation=33.13ms]
hotpath
  hot path:                 FrontLidarDriver/RearLidarDriver -> ObjectCollisionEstimator
  hot path latency:         58.9111ms [min=49.7322ms, max=71.2277ms, average=59.0754ms, deviation=6.97496ms]
  hot path drops:           0 [min=0, max=0, average=0, deviation=0]
  behavior planner period:  100.022ms [min=83.8039ms, max=116.121ms, average=99.953ms, deviation=7.4645ms]
----------------------------------------------------------

----------------------------------------------------------
sample path: (IntersectionOutput) 
  order timepoint           sequence nr.                  node name     dropped samples
latency

Statistics:
  latency:                  13.005ms [min=9.93239ms, max=49.4736ms, average=20.0392ms, deviation=11.0027ms]
----------------------------------------------------------

----------------------------------------------------------
sample path: (IntersectionOutput) 
  order timepoint           sequence nr.                  node name     dropped samples
latency

Statistics:
  latency:                  10.1344ms [min=9.93239ms, max=49.4736ms, average=19.9679ms, deviation=10.9949ms]
----------------------------------------------------------

----------------------------------------------------------
sample path: (IntersectionOutput) 
  order timepoint           sequence nr.                  node name     dropped samples
latency

Statistics:
  latency:                  39.9602ms [min=9.93239ms, max=49.4736ms, average=20.1107ms, deviation=11.0848ms]
----------------------------------------------------------

----------------------------------------------------------
sample path: (VehicleDBWSystem) 
  order timepoint           sequence nr.                  node name     dropped samples
bp period
latency

Statistics:
  latency:                  238.557ms [min=155.344ms, max=251.483ms, average=192.279ms, deviation=33.5642ms]
hotpath
  hot path:                 FrontLidarDriver/RearLidarDriver -> ObjectCollisionEstimator
  hot path latency:         65.6868ms [min=49.7322ms, max=71.2277ms, average=59.2449ms, deviation=6.96352ms]
  hot path drops:           0 [min=0, max=0, average=0, deviation=0]
  behavior planner period:  114.129ms [min=83.8039ms, max=116.121ms, average=100.326ms, deviation=7.71371ms]
----------------------------------------------------------

----------------------------------------------------------
sample path: (IntersectionOutput) 
  order timepoint           sequence nr.                  node name     dropped samples
latency

Statistics:
  latency:                  19.9363ms [min=9.93239ms, max=49.4736ms, average=20.1095ms, deviation=11.0452ms]
----------------------------------------------------------

----------------------------------------------------------
sample path: (IntersectionOutput) 
  order timepoint           sequence nr.                  node name     dropped samples
latency

Statistics:
  latency:                  10.092ms [min=9.93239ms, max=49.4736ms, average=20.039ms, deviation=11.038ms]
----------------------------------------------------------

----------------------------------------------------------
sample path: (IntersectionOutput) 
  order timepoint           sequence nr.                  node name     dropped samples
latency

Statistics:
  latency:                  19.4853ms [min=9.93239ms, max=49.4736ms, average=20.0351ms, deviation=10.9992ms]
----------------------------------------------------------

----------------------------------------------------------
sample path: (VehicleDBWSystem) 
  order timepoint           sequence nr.                  node name     dropped samples
bp period
latency

Statistics:
  latency:                  229.929ms [min=155.344ms, max=251.483ms, average=193.22ms, deviation=33.6616ms]
hotpath
  hot path:                 FrontLidarDriver/RearLidarDriver -> ObjectCollisionEstimator
  hot path latency:         67.3717ms [min=49.7322ms, max=71.2277ms, average=59.4481ms, deviation=6.99274ms]
  hot path drops:           0 [min=0, max=0, average=0, deviation=0]
  behavior planner period:  92.3703ms [min=83.8039ms, max=116.121ms, average=100.122ms, deviation=7.71741ms]
----------------------------------------------------------

----------------------------------------------------------
sample path: (IntersectionOutput) 
  order timepoint           sequence nr.                  node name     dropped samples
latency

Statistics:
  latency:                  34.6778ms [min=9.93239ms, max=49.4736ms, average=20.1368ms, deviation=11.0284ms]
----------------------------------------------------------

----------------------------------------------------------
sample path: (IntersectionOutput) 
  order timepoint           sequence nr.                  node name     dropped samples
latency

Statistics:
  latency:                  14.3258ms [min=9.93239ms, max=49.4736ms, average=20.0967ms, deviation=11.0006ms]
----------------------------------------------------------

----------------------------------------------------------
sample path: (IntersectionOutput) 
  order timepoint           sequence nr.                  node name     dropped samples
latency

Statistics:
  latency:                  10.1857ms [min=9.93239ms, max=49.4736ms, average=20.0288ms, deviation=10.9932ms]
----------------------------------------------------------

----------------------------------------------------------
sample path: (IntersectionOutput) 
  order timepoint           sequence nr.                  node name     dropped samples
latency

Statistics:
  latency:                  14.2648ms [min=9.93239ms, max=49.4736ms, average=19.9896ms, deviation=10.9658ms]
----------------------------------------------------------

----------------------------------------------------------
sample path: (VehicleDBWSystem) 
  order timepoint           sequence nr.                  node name     dropped samples
bp period
latency

Statistics:
  latency:                  180.567ms [min=155.344ms, max=251.483ms, average=192.912ms, deviation=33.2969ms]
hotpath
  hot path:                 FrontLidarDriver/RearLidarDriver -> ObjectCollisionEstimator
  hot path latency:         53.4125ms [min=49.7322ms, max=71.2277ms, average=59.3009ms, deviation=6.96882ms]
  hot path drops:           0 [min=0, max=0, average=0, deviation=0]
  behavior planner period:  94.3917ms [min=83.8039ms, max=116.121ms, average=99.9788ms, deviation=7.67152ms]
----------------------------------------------------------

----------------------------------------------------------
sample path: (IntersectionOutput) 
  order timepoint           sequence nr.                  node name     dropped samples
latency

Statistics:
  latency:                  38.777ms [min=9.93239ms, max=49.4736ms, average=20.1165ms, deviation=11.037ms]
----------------------------------------------------------

----------------------------------------------------------
sample path: (IntersectionOutput) 
  order timepoint           sequence nr.                  node name     dropped samples
latency

Statistics:
  latency:                  15.3161ms [min=9.93239ms, max=49.4736ms, average=20.0843ms, deviation=11.0067ms]
----------------------------------------------------------

----------------------------------------------------------
sample path: (IntersectionOutput) 
  order timepoint           sequence nr.                  node name     dropped samples
latency

Statistics:
  latency:                  13.5137ms [min=9.93239ms, max=49.4736ms, average=20.0405ms, deviation=10.9828ms]
----------------------------------------------------------

----------------------------------------------------------
sample path: (IntersectionOutput) 
  order timepoint           sequence nr.                  node name     dropped samples
latency

Statistics:
  latency:                  13.697ms [min=9.93239ms, max=49.4736ms, average=19.9985ms, deviation=10.9583ms]
----------------------------------------------------------

----------------------------------------------------------
sample path: (VehicleDBWSystem) 
  order timepoint           sequence nr.                  node name     dropped samples
bp period
latency

Statistics:
  latency:                  165ms [min=155.344ms, max=251.483ms, average=192.247ms, deviation=33.1691ms]
hotpath
  hot path:                 FrontLidarDriver/RearLidarDriver -> ObjectCollisionEstimator
  hot path latency:         50.0409ms [min=49.7322ms, max=71.2277ms, average=59.0804ms, deviation=7.03004ms]
  hot path drops:           0 [min=0, max=0, average=0, deviation=0]
  behavior planner period:  99.9377ms [min=83.8039ms, max=116.121ms, average=99.9778ms, deviation=7.57502ms]
----------------------------------------------------------

----------------------------------------------------------
sample path: (IntersectionOutput) 
  order timepoint           sequence nr.                  node name     dropped samples
latency

Statistics:
  latency:                  30.0727ms [min=9.93239ms, max=49.4736ms, average=20.0648ms, deviation=10.9525ms]
----------------------------------------------------------

----------------------------------------------------------
sample path: (IntersectionOutput) 
  order timepoint           sequence nr.                  node name     dropped samples
latency

Statistics:
  latency:                  14.2284ms [min=9.93239ms, max=49.4736ms, average=20.0266ms, deviation=10.9266ms]
----------------------------------------------------------

----------------------------------------------------------
sample path: (IntersectionOutput) 
  order timepoint           sequence nr.                  node name     dropped samples
latency

Statistics:
  latency:                  10.1182ms [min=9.93239ms, max=49.4736ms, average=19.9623ms, deviation=10.9201ms]
----------------------------------------------------------

----------------------------------------------------------
sample path: (IntersectionOutput) 
  order timepoint           sequence nr.                  node name     dropped samples
latency

Statistics:
  latency:                  23.9745ms [min=9.93239ms, max=49.4736ms, average=19.9882ms, deviation=10.8893ms]
----------------------------------------------------------

----------------------------------------------------------
sample path: (VehicleDBWSystem) 
  order timepoint           sequence nr.                  node name     dropped samples
bp period
latency

Statistics:
  latency:                  156.559ms [min=155.344ms, max=251.483ms, average=191.417ms, deviation=33.2207ms]
hotpath
  hot path:                 FrontLidarDriver/RearLidarDriver -> ObjectCollisionEstimator
  hot path latency:         50.9875ms [min=49.7322ms, max=71.2277ms, average=58.8922ms, deviation=7.05464ms]
  hot path drops:           0 [min=0, max=0, average=0, deviation=0]
  behavior planner period:  100.5ms [min=83.8039ms, max=116.121ms, average=99.9903ms, deviation=7.48251ms]
----------------------------------------------------------

----------------------------------------------------------
sample path: (IntersectionOutput) 
  order timepoint           sequence nr.                  node name     dropped samples
latency

Statistics:
  latency:                  24.4095ms [min=9.93239ms, max=49.4736ms, average=20.0165ms, deviation=10.8599ms]
----------------------------------------------------------

----------------------------------------------------------
sample path: (IntersectionOutput) 
  order timepoint           sequence nr.                  node name     dropped samples
latency

Statistics:
  latency:                  19.6128ms [min=9.93239ms, max=49.4736ms, average=20.014ms, deviation=10.8251ms]
----------------------------------------------------------

----------------------------------------------------------
sample path: (IntersectionOutput) 
  order timepoint           sequence nr.                  node name     dropped samples
latency

Statistics:
  latency:                  10.051ms [min=9.93239ms, max=49.4736ms, average=19.9509ms, deviation=10.8196ms]
----------------------------------------------------------

----------------------------------------------------------
sample path: (IntersectionOutput) 
  order timepoint           sequence nr.                  node name     dropped samples
latency

Statistics:
  latency:                  48.5033ms [min=9.93239ms, max=49.4736ms, average=20.1305ms, deviation=11.0205ms]
----------------------------------------------------------

----------------------------------------------------------
sample path: (VehicleDBWSystem) 
  order timepoint           sequence nr.                  node name     dropped samples
bp period
latency

Statistics:
  latency:                  178.559ms [min=155.344ms, max=251.483ms, average=191.125ms, deviation=32.8893ms]
hotpath
  hot path:                 FrontLidarDriver/RearLidarDriver -> ObjectCollisionEstimator
  hot path latency:         69.1584ms [min=49.7322ms, max=71.2277ms, average=59.1255ms, deviation=7.14184ms]
  hot path drops:           0 [min=0, max=0, average=0, deviation=0]
  behavior planner period:  104.181ms [min=83.8039ms, max=116.121ms, average=100.088ms, deviation=7.42046ms]
----------------------------------------------------------

----------------------------------------------------------
sample path: (IntersectionOutput) 
  order timepoint           sequence nr.                  node name     dropped samples
latency

Statistics:
  latency:                  14.5499ms [min=9.93239ms, max=49.4736ms, average=20.0956ms, deviation=10.9946ms]
----------------------------------------------------------

----------------------------------------------------------
sample path: (IntersectionOutput) 
  order timepoint           sequence nr.                  node name     dropped samples
latency

Statistics:
  latency:                  10.1853ms [min=9.93239ms, max=49.4736ms, average=20.034ms, deviation=10.988ms]
----------------------------------------------------------

----------------------------------------------------------
sample path: (IntersectionOutput) 
  order timepoint           sequence nr.                  node name     dropped samples
latency

Statistics:
  latency:                  38.9243ms [min=9.93239ms, max=49.4736ms, average=20.1506ms, deviation=11.0539ms]
----------------------------------------------------------

----------------------------------------------------------
sample path: (VehicleDBWSystem) 
  order timepoint           sequence nr.                  node name     dropped samples
bp period
latency

Statistics:
  latency:                  237.161ms [min=155.344ms, max=251.483ms, average=192.148ms, deviation=33.2298ms]
hotpath
  hot path:                 FrontLidarDriver/RearLidarDriver -> ObjectCollisionEstimator
  hot path latency:         63.9031ms [min=49.7322ms, max=71.2277ms, average=59.2317ms, deviation=7.09605ms]
  hot path drops:           0 [min=0, max=0, average=0, deviation=0]
  behavior planner period:  108.092ms [min=83.8039ms, max=116.121ms, average=100.27ms, deviation=7.43229ms]
----------------------------------------------------------

----------------------------------------------------------
sample path: (IntersectionOutput) 
  order timepoint           sequence nr.                  node name     dropped samples
latency

Statistics:
  latency:                  19.9211ms [min=9.93239ms, max=49.4736ms, average=20.1492ms, deviation=11.0198ms]
----------------------------------------------------------

----------------------------------------------------------
sample path: (IntersectionOutput) 
  order timepoint           sequence nr.                  node name     dropped samples
latency

Statistics:
  latency:                  9.98899ms [min=9.93239ms, max=49.4736ms, average=20.0873ms, deviation=11.0145ms]
----------------------------------------------------------

----------------------------------------------------------
sample path: (IntersectionOutput) 
  order timepoint           sequence nr.                  node name     dropped samples
latency

Statistics:
  latency:                  19.4664ms [min=9.93239ms, max=49.4736ms, average=20.0835ms, deviation=10.981ms]
----------------------------------------------------------

