----------------------------------------------------------
sample path: (VehicleDBWSystem) 
  order timepoint           sequence nr.                  node name     dropped samples
latency

Statistics:
  latency:                  584.705ms [min=584.705ms, max=584.705ms, average=584.705ms, deviation=-nanms]
hotpath
  hot path:                 FrontLidarDriver/RearLidarDriver -> ObjectCollisionEstimator
  hot path latency:         204.711ms [min=204.711ms, max=204.711ms, average=204.711ms, deviation=-nanms]
  hot path drops:           0 [min=0, max=0, average=0, deviation=-nan]
  behavior planner period:  0ms [min=1.84467e+13ms, max=0ms, average=0ms, deviation=0ms]
----------------------------------------------------------

----------------------------------------------------------
sample path: (IntersectionOutput) 
  order timepoint           sequence nr.                  node name     dropped samples
latency

Statistics:
  latency:                  120.654ms [min=120.654ms, max=120.654ms, average=120.654ms, deviation=-nanms]
----------------------------------------------------------

----------------------------------------------------------
sample path: (IntersectionOutput) 
  order timepoint           sequence nr.                  node name     dropped samples
latency

Statistics:
  latency:                  138.867ms [min=120.654ms, max=138.867ms, average=129.76ms, deviation=12.8787ms]
----------------------------------------------------------

----------------------------------------------------------
sample path: (VehicleDBWSystem) 
  order timepoint           sequence nr.                  node name     dropped samples
bp period
latency

Statistics:
  latency:                  621.884ms [min=584.705ms, max=621.884ms, average=603.295ms, deviation=26.2893ms]
hotpath
  hot path:                 FrontLidarDriver/RearLidarDriver -> ObjectCollisionEstimator
  hot path latency:         297.045ms [min=204.711ms, max=297.045ms, average=250.878ms, deviation=65.29ms]
  hot path drops:           0 [min=0, max=0, average=0, deviation=0]
  behavior planner period:  195.023ms [min=195.023ms, max=195.023ms, average=195.023ms, deviation=-nanms]
----------------------------------------------------------

----------------------------------------------------------
sample path: (IntersectionOutput) 
  order timepoint           sequence nr.                  node name     dropped samples
latency

Statistics:
  latency:                  93.0011ms [min=93.0011ms, max=138.867ms, average=117.507ms, deviation=23.0942ms]
----------------------------------------------------------

----------------------------------------------------------
sample path: (VehicleDBWSystem) 
  order timepoint           sequence nr.                  node name     dropped samples
bp period
latency

Statistics:
  latency:                  565.94ms [min=565.94ms, max=621.884ms, average=590.843ms, deviation=28.4727ms]
hotpath
  hot path:                 FrontLidarDriver/RearLidarDriver -> ObjectCollisionEstimator
  hot path latency:         278.46ms [min=204.711ms, max=297.045ms, average=260.072ms, deviation=48.8362ms]
  hot path drops:           0 [min=0, max=0, average=0, deviation=0]
  behavior planner period:  120.703ms [min=120.703ms, max=195.023ms, average=157.863ms, deviation=52.5518ms]
----------------------------------------------------------

----------------------------------------------------------
sample path: (IntersectionOutput) 
  order timepoint           sequence nr.                  node name     dropped samples
latency

Statistics:
  latency:                  138.962ms [min=93.0011ms, max=138.962ms, average=122.871ms, deviation=21.6943ms]
----------------------------------------------------------

----------------------------------------------------------
sample path: (IntersectionOutput) 
  order timepoint           sequence nr.                  node name     dropped samples
latency

Statistics:
  latency:                  111.533ms [min=93.0011ms, max=138.962ms, average=120.603ms, deviation=19.46ms]
----------------------------------------------------------

----------------------------------------------------------
sample path: (VehicleDBWSystem) 
  order timepoint           sequence nr.                  node name     dropped samples
bp period
latency

Statistics:
  latency:                  538.333ms [min=538.333ms, max=621.884ms, average=577.715ms, deviation=35.0683ms]
hotpath
  hot path:                 FrontLidarDriver/RearLidarDriver -> ObjectCollisionEstimator
  hot path latency:         269.294ms [min=204.711ms, max=297.045ms, average=262.378ms, deviation=40.1404ms]
  hot path drops:           0 [min=0, max=0, average=0, deviation=0]
  behavior planner period:  148.268ms [min=120.703ms, max=195.023ms, average=154.665ms, deviation=37.5704ms]
----------------------------------------------------------

----------------------------------------------------------
sample path: (IntersectionOutput) 
  order timepoint           sequence nr.                  node name     dropped samples
latency

Statistics:
  latency:                  74.5145ms [min=74.5145ms, max=138.962ms, average=112.922ms, deviation=25.6317ms]
----------------------------------------------------------

----------------------------------------------------------
sample path: (IntersectionOutput) 
  order timepoint           sequence nr.                  node name     dropped samples
latency

Statistics:
  latency:                  129.908ms [min=74.5145ms, max=138.962ms, average=115.348ms, deviation=24.2633ms]
----------------------------------------------------------

----------------------------------------------------------
sample path: (VehicleDBWSystem) 
  order timepoint           sequence nr.                  node name     dropped samples
bp period
latency

Statistics:
  latency:                  612.963ms [min=538.333ms, max=621.884ms, average=584.765ms, deviation=34.2173ms]
hotpath
  hot path:                 FrontLidarDriver/RearLidarDriver -> ObjectCollisionEstimator
  hot path latency:         231.995ms [min=204.711ms, max=297.045ms, average=256.301ms, deviation=37.3237ms]
  hot path drops:           1 [min=0, max=1, average=0.2, deviation=0.447214]
  behavior planner period:  158.111ms [min=120.703ms, max=195.023ms, average=155.527ms, deviation=30.7244ms]
----------------------------------------------------------

----------------------------------------------------------
sample path: (IntersectionOutput) 
  order timepoint           sequence nr.                  node name     dropped samples
latency

Statistics:
  latency:                  120.928ms [min=74.5145ms, max=138.962ms, average=116.046ms, deviation=22.5499ms]
----------------------------------------------------------

----------------------------------------------------------
sample path: (VehicleDBWSystem) 
  order timepoint           sequence nr.                  node name     dropped samples
bp period
latency

Statistics:
  latency:                  492.289ms [min=492.289ms, max=621.884ms, average=569.352ms, deviation=48.6ms]
hotpath
  hot path:                 FrontLidarDriver/RearLidarDriver -> ObjectCollisionEstimator
  hot path latency:         251.056ms [min=204.711ms, max=297.045ms, average=255.427ms, deviation=33.452ms]
  hot path drops:           1 [min=0, max=1, average=0.333333, deviation=0.516398]
  behavior planner period:  106.846ms [min=106.846ms, max=195.023ms, average=145.791ms, deviation=34.3794ms]
----------------------------------------------------------

----------------------------------------------------------
sample path: (IntersectionOutput) 
  order timepoint           sequence nr.                  node name     dropped samples
latency

Statistics:
  latency:                  129.885ms [min=74.5145ms, max=138.962ms, average=117.584ms, deviation=21.592ms]
----------------------------------------------------------

----------------------------------------------------------
sample path: (IntersectionOutput) 
  order timepoint           sequence nr.                  node name     dropped samples
latency

Statistics:
  latency:                  139.046ms [min=74.5145ms, max=139.046ms, average=119.73ms, deviation=21.4587ms]
----------------------------------------------------------

----------------------------------------------------------
sample path: (VehicleDBWSystem) 
  order timepoint           sequence nr.                  node name     dropped samples
bp period
latency

Statistics:
  latency:                  510.781ms [min=492.289ms, max=621.884ms, average=560.985ms, deviation=49.5821ms]
  behavior planner period:  130.019ms [min=106.846ms, max=195.023ms, average=143.162ms, deviation=31.4168ms]
----------------------------------------------------------

----------------------------------------------------------
sample path: (IntersectionOutput) 
  order timepoint           sequence nr.                  node name     dropped samples
latency

Statistics:
  latency:                  102.249ms [min=74.5145ms, max=139.046ms, average=118.141ms, deviation=21.0287ms]
----------------------------------------------------------

----------------------------------------------------------
sample path: (IntersectionOutput) 
  order timepoint           sequence nr.                  node name     dropped samples
latency

Statistics:
  latency:                  129.752ms [min=74.5145ms, max=139.046ms, average=119.108ms, deviation=20.3283ms]
----------------------------------------------------------

----------------------------------------------------------
sample path: (VehicleDBWSystem) 
  order timepoint           sequence nr.                  node name     dropped samples
bp period
latency

Statistics:
  latency:                  584.961ms [min=492.289ms, max=621.884ms, average=563.982ms, deviation=46.6802ms]
hotpath
  hot path:                 FrontLidarDriver/RearLidarDriver -> ObjectCollisionEstimator
  hot path latency:         278.779ms [min=204.711ms, max=297.045ms, average=258.763ms, deviation=31.7873ms]
  hot path drops:           0 [min=0, max=1, average=0.285714, deviation=0.48795]
  behavior planner period:  176.499ms [min=106.846ms, max=195.023ms, average=147.924ms, deviation=31.3253ms]
----------------------------------------------------------

----------------------------------------------------------
sample path: (IntersectionOutput) 
  order timepoint           sequence nr.                  node name     dropped samples
latency

Statistics:
  latency:                  120.879ms [min=74.5145ms, max=139.046ms, average=119.244ms, deviation=19.4691ms]
----------------------------------------------------------

----------------------------------------------------------
sample path: (VehicleDBWSystem) 
  order timepoint           sequence nr.                  node name     dropped samples
bp period
latency

Statistics:
  latency:                  491.965ms [min=491.965ms, max=621.884ms, average=555.98ms, deviation=49.8291ms]
  behavior planner period:  139.109ms [min=106.846ms, max=195.023ms, average=146.822ms, deviation=29.1686ms]
----------------------------------------------------------

----------------------------------------------------------
sample path: (IntersectionOutput) 
  order timepoint           sequence nr.                  node name     dropped samples
latency

Statistics:
  latency:                  111.298ms [min=74.5145ms, max=139.046ms, average=118.677ms, deviation=18.8255ms]
----------------------------------------------------------

----------------------------------------------------------
sample path: (IntersectionOutput) 
  order timepoint           sequence nr.                  node name     dropped samples
latency

Statistics:
  latency:                  138.918ms [min=74.5145ms, max=139.046ms, average=120.026ms, deviation=18.8786ms]
----------------------------------------------------------

----------------------------------------------------------
sample path: (VehicleDBWSystem) 
  order timepoint           sequence nr.                  node name     dropped samples
bp period
latency

Statistics:
  latency:                  668.524ms [min=491.965ms, max=668.524ms, average=567.234ms, deviation=58.9378ms]
hotpath
  hot path:                 FrontLidarDriver/RearLidarDriver -> ObjectCollisionEstimator
  hot path latency:         269.274ms [min=204.711ms, max=297.045ms, average=260.077ms, deviation=29.663ms]
  hot path drops:           0 [min=0, max=1, average=0.25, deviation=0.46291]
  behavior planner period:  185.807ms [min=106.846ms, max=195.023ms, average=151.154ms, deviation=30.2212ms]
----------------------------------------------------------

----------------------------------------------------------
sample path: (IntersectionOutput) 
  order timepoint           sequence nr.                  node name     dropped samples
latency

Statistics:
  latency:                  102.435ms [min=74.5145ms, max=139.046ms, average=118.927ms, deviation=18.7611ms]
----------------------------------------------------------

----------------------------------------------------------
sample path: (IntersectionOutput) 
  order timepoint           sequence nr.                  node name     dropped samples
latency

Statistics:
  latency:                  129.661ms [min=74.5145ms, max=139.046ms, average=119.558ms, deviation=18.351ms]
----------------------------------------------------------

----------------------------------------------------------
sample path: (VehicleDBWSystem) 
  order timepoint           sequence nr.                  node name     dropped samples
bp period
latency

Statistics:
  latency:                  566.339ms [min=491.965ms, max=668.524ms, average=567.153ms, deviation=55.914ms]
hotpath
  hot path:                 FrontLidarDriver/RearLidarDriver -> ObjectCollisionEstimator
  hot path latency:         260.098ms [min=204.711ms, max=297.045ms, average=260.079ms, deviation=27.7472ms]
  hot path drops:           0 [min=0, max=1, average=0.222222, deviation=0.440959]
  behavior planner period:  176.641ms [min=106.846ms, max=195.023ms, average=153.703ms, deviation=29.6108ms]
----------------------------------------------------------

----------------------------------------------------------
sample path: (IntersectionOutput) 
  order timepoint           sequence nr.                  node name     dropped samples
latency

Statistics:
  latency:                  120.83ms [min=74.5145ms, max=139.046ms, average=119.629ms, deviation=17.8056ms]
----------------------------------------------------------

----------------------------------------------------------
sample path: (VehicleDBWSystem) 
  order timepoint           sequence nr.                  node name     dropped samples
bp period
latency

Statistics:
  latency:                  501.301ms [min=491.965ms, max=668.524ms, average=561.665ms, deviation=56.5997ms]
  behavior planner period:  139.054ms [min=106.846ms, max=195.023ms, average=152.371ms, deviation=28.4364ms]
----------------------------------------------------------

----------------------------------------------------------
sample path: (IntersectionOutput) 
  order timepoint           sequence nr.                  node name     dropped samples
latency

Statistics:
  latency:                  120.593ms [min=74.5145ms, max=139.046ms, average=119.68ms, deviation=17.3053ms]
----------------------------------------------------------

----------------------------------------------------------
sample path: (IntersectionOutput) 
  order timepoint           sequence nr.                  node name     dropped samples
latency

Statistics:
  latency:                  139.089ms [min=74.5145ms, max=139.089ms, average=120.65ms, deviation=17.3939ms]
----------------------------------------------------------

----------------------------------------------------------
sample path: (VehicleDBWSystem) 
  order timepoint           sequence nr.                  node name     dropped samples
bp period
latency

Statistics:
  latency:                  677.924ms [min=491.965ms, max=677.924ms, average=570.608ms, deviation=63.0577ms]
hotpath
  hot path:                 FrontLidarDriver/RearLidarDriver -> ObjectCollisionEstimator
  hot path latency:         269.342ms [min=204.711ms, max=297.045ms, average=261.005ms, deviation=26.3238ms]
  hot path drops:           0 [min=0, max=1, average=0.2, deviation=0.421637]
  behavior planner period:  195.03ms [min=106.846ms, max=195.03ms, average=155.926ms, deviation=29.7786ms]
----------------------------------------------------------

----------------------------------------------------------
sample path: (IntersectionOutput) 
  order timepoint           sequence nr.                  node name     dropped samples
latency

Statistics:
  latency:                  93.0552ms [min=74.5145ms, max=139.089ms, average=119.336ms, deviation=17.9912ms]
----------------------------------------------------------

----------------------------------------------------------
sample path: (VehicleDBWSystem) 
  order timepoint           sequence nr.                  node name     dropped samples
bp period
latency

Statistics:
  latency:                  566.426ms [min=491.965ms, max=677.924ms, average=570.31ms, deviation=60.5942ms]
hotpath
  hot path:                 FrontLidarDriver/RearLidarDriver -> ObjectCollisionEstimator
  hot path latency:         278.664ms [min=204.711ms, max=297.045ms, average=262.611ms, deviation=25.5343ms]
  hot path drops:           0 [min=0, max=1, average=0.181818, deviation=0.40452]
  behavior planner period:  120.833ms [min=106.846ms, max=195.03ms, average=153.227ms, deviation=30.1264ms]
----------------------------------------------------------

----------------------------------------------------------
sample path: (IntersectionOutput) 
  order timepoint           sequence nr.                  node name     dropped samples
latency

Statistics:
  latency:                  139.108ms [min=74.5145ms, max=139.108ms, average=120.235ms, deviation=18.0565ms]
----------------------------------------------------------

----------------------------------------------------------
sample path: (IntersectionOutput) 
  order timepoint           sequence nr.                  node name     dropped samples
latency

Statistics:
  latency:                  111.439ms [min=74.5145ms, max=139.108ms, average=119.852ms, deviation=17.7365ms]
----------------------------------------------------------

----------------------------------------------------------
sample path: (VehicleDBWSystem) 
  order timepoint           sequence nr.                  node name     dropped samples
bp period
latency

Statistics:
  latency:                  594.395ms [min=491.965ms, max=677.924ms, average=571.915ms, deviation=58.7203ms]
hotpath
  hot path:                 FrontLidarDriver/RearLidarDriver -> ObjectCollisionEstimator
  hot path latency:         269.657ms [min=204.711ms, max=297.045ms, average=263.198ms, deviation=24.4308ms]
  hot path drops:           0 [min=0, max=1, average=0.166667, deviation=0.389249]
  behavior planner period:  148.41ms [min=106.846ms, max=195.03ms, average=152.883ms, deviation=28.9731ms]
----------------------------------------------------------

----------------------------------------------------------
sample path: (IntersectionOutput) 
  order timepoint           sequence nr.                  node name     dropped samples
latency

Statistics:
  latency:                  83.7639ms [min=74.5145ms, max=139.108ms, average=118.349ms, deviation=18.846ms]
----------------------------------------------------------

----------------------------------------------------------
sample path: (IntersectionOutput) 
  order timepoint           sequence nr.                  node name     dropped samples
latency

Statistics:
  latency:                  129.636ms [min=74.5145ms, max=139.108ms, average=118.8ms, deviation=18.5868ms]
----------------------------------------------------------

----------------------------------------------------------
sample path: (VehicleDBWSystem) 
  order timepoint           sequence nr.                  node name     dropped samples
bp period
latency

Statistics:
  latency:                  501.052ms [min=491.965ms, max=677.924ms, average=567.486ms, deviation=59.4311ms]
hotpath
  hot path:                 FrontLidarDriver/RearLidarDriver -> ObjectCollisionEstimator
  hot path latency:         232.048ms [min=204.711ms, max=297.045ms, average=260.802ms, deviation=24.9352ms]
  hot path drops:           3 [min=0, max=3, average=0.384615, deviation=0.869718]
  behavior planner period:  167.254ms [min=106.846ms, max=195.03ms, average=153.841ms, deviation=28.1647ms]
----------------------------------------------------------

----------------------------------------------------------
sample path: (IntersectionOutput) 
  order timepoint           sequence nr.                  node name     dropped samples
latency

Statistics:
  latency:                  129.899ms [min=74.5145ms, max=139.108ms, average=119.227ms, deviation=18.3409ms]
----------------------------------------------------------

----------------------------------------------------------
sample path: (VehicleDBWSystem) 
  order timepoint           sequence nr.                  node name     dropped samples
bp period
latency

Statistics:
  latency:                  473.376ms [min=473.376ms, max=677.924ms, average=561.95ms, deviation=61.9054ms]
  behavior planner period:  129.763ms [min=106.846ms, max=195.03ms, average=152.336ms, deviation=27.8675ms]
----------------------------------------------------------

----------------------------------------------------------
sample path: (IntersectionOutput) 
  order timepoint           sequence nr.                  node name     dropped samples
latency

Statistics:
  latency:                  111.4ms [min=74.5145ms, max=139.108ms, average=118.937ms, deviation=18.0477ms]
----------------------------------------------------------

----------------------------------------------------------
sample path: (IntersectionOutput) 
  order timepoint           sequence nr.                  node name     dropped samples
latency

Statistics:
  latency:                  157.302ms [min=74.5145ms, max=157.302ms, average=120.307ms, deviation=19.1369ms]
----------------------------------------------------------

----------------------------------------------------------
sample path: (VehicleDBWSystem) 
  order timepoint           sequence nr.                  node name     dropped samples
bp period
latency

Statistics:
  latency:                  686.654ms [min=473.376ms, max=686.654ms, average=568.878ms, deviation=66.864ms]
hotpath
  hot path:                 FrontLidarDriver/RearLidarDriver -> ObjectCollisionEstimator
  hot path latency:         250.727ms [min=204.711ms, max=297.045ms, average=260.082ms, deviation=24.1078ms]
  hot path drops:           0 [min=0, max=3, average=0.357143, deviation=0.841897]
  behavior planner period:  185.833ms [min=106.846ms, max=195.03ms, average=154.306ms, deviation=28.1792ms]
----------------------------------------------------------

----------------------------------------------------------
sample path: (IntersectionOutput) 
  order timepoint           sequence nr.                  node name     dropped samples
latency

Statistics:
  latency:                  120.574ms [min=74.5145ms, max=157.302ms, average=120.317ms, deviation=18.7922ms]
----------------------------------------------------------

----------------------------------------------------------
sample path: (VehicleDBWSystem) 
  order timepoint           sequence nr.                  node name     dropped samples
bp period
latency

Statistics:
  latency:                  640.388ms [min=473.376ms, max=686.654ms, average=572.642ms, deviation=67.0191ms]
hotpath
  hot path:                 FrontLidarDriver/RearLidarDriver -> ObjectCollisionEstimator
  hot path latency:         296.887ms [min=204.711ms, max=297.045ms, average=262.536ms, deviation=25.0994ms]
  hot path drops:           0 [min=0, max=3, average=0.333333, deviation=0.816497]
  behavior planner period:  157.451ms [min=106.846ms, max=195.03ms, average=154.481ms, deviation=27.3479ms]
----------------------------------------------------------

----------------------------------------------------------
sample path: (IntersectionOutput) 
  order timepoint           sequence nr.                  node name     dropped samples
latency

Statistics:
  latency:                  102.342ms [min=74.5145ms, max=157.302ms, average=119.717ms, deviation=18.7547ms]
----------------------------------------------------------

----------------------------------------------------------
sample path: (VehicleDBWSystem) 
  order timepoint           sequence nr.                  node name     dropped samples
bp period
latency

Statistics:
  latency:                  631.344ms [min=473.376ms, max=686.654ms, average=575.577ms, deviation=66.5391ms]
hotpath
  hot path:                 FrontLidarDriver/RearLidarDriver -> ObjectCollisionEstimator
  hot path latency:         287.785ms [min=204.711ms, max=297.045ms, average=264.114ms, deviation=25.0564ms]
  hot path drops:           0 [min=0, max=3, average=0.3125, deviation=0.7932]
  behavior planner period:  129.916ms [min=106.846ms, max=195.03ms, average=153.188ms, deviation=27.1683ms]
----------------------------------------------------------

----------------------------------------------------------
sample path: (IntersectionOutput) 
  order timepoint           sequence nr.                  node name     dropped samples
latency

Statistics:
  latency:                  130.169ms [min=74.5145ms, max=157.302ms, average=120.055ms, deviation=18.5347ms]
----------------------------------------------------------

----------------------------------------------------------
sample path: (VehicleDBWSystem) 
  order timepoint           sequence nr.                  node name     dropped samples
bp period
latency

Statistics:
  latency:                  585.62ms [min=473.376ms, max=686.654ms, average=576.055ms, deviation=64.8913ms]
hotpath
  hot path:                 FrontLidarDriver/RearLidarDriver -> ObjectCollisionEstimator
  hot path latency:         213.522ms [min=204.711ms, max=297.045ms, average=261.138ms, deviation=27.1873ms]
  hot path drops:           2 [min=0, max=3, average=0.411765, deviation=0.87026]
  behavior planner period:  102.52ms [min=102.52ms, max=195.03ms, average=150.655ms, deviation=28.7686ms]
----------------------------------------------------------

----------------------------------------------------------
sample path: (IntersectionOutput) 
  order timepoint           sequence nr.                  node name     dropped samples
latency

Statistics:
  latency:                  121.679ms [min=74.5145ms, max=157.302ms, average=120.105ms, deviation=18.2356ms]
----------------------------------------------------------

----------------------------------------------------------
sample path: (VehicleDBWSystem) 
  order timepoint           sequence nr.                  node name     dropped samples
bp period
latency

Statistics:
  latency:                  539.367ms [min=473.376ms, max=686.654ms, average=574.388ms, deviation=63.8087ms]
  behavior planner period:  139.827ms [min=102.52ms, max=195.03ms, average=150.139ms, deviation=28.1395ms]
----------------------------------------------------------

----------------------------------------------------------
sample path: (IntersectionOutput) 
  order timepoint           sequence nr.                  node name     dropped samples
latency

Statistics:
  latency:                  111.09ms [min=74.5145ms, max=157.302ms, average=119.832ms, deviation=18.0169ms]
----------------------------------------------------------

----------------------------------------------------------
sample path: (IntersectionOutput) 
  order timepoint           sequence nr.                  node name     dropped samples
latency

Statistics:
  latency:                  166.314ms [min=74.5145ms, max=166.314ms, average=121.199ms, deviation=19.4504ms]
----------------------------------------------------------

----------------------------------------------------------
sample path: (VehicleDBWSystem) 
  order timepoint           sequence nr.                  node name     dropped samples
bp period
latency

Statistics:
  latency:                  510.767ms [min=473.376ms, max=686.654ms, average=571.622ms, deviation=63.7374ms]
hotpath
  hot path:                 FrontLidarDriver/RearLidarDriver -> ObjectCollisionEstimator
  hot path latency:         297.71ms [min=204.711ms, max=297.71ms, average=263.17ms, deviation=27.7484ms]
  hot path drops:           0 [min=0, max=3, average=0.388889, deviation=0.849837]
  behavior planner period:  129.876ms [min=102.52ms, max=195.03ms, average=149.218ms, deviation=27.7991ms]
----------------------------------------------------------

----------------------------------------------------------
sample path: (IntersectionOutput) 
  order timepoint           sequence nr.                  node name     dropped samples
latency

Statistics:
  latency:                  111.287ms [min=74.5145ms, max=166.314ms, average=120.916ms, deviation=19.2353ms]
----------------------------------------------------------

----------------------------------------------------------
sample path: (VehicleDBWSystem) 
  order timepoint           sequence nr.                  node name     dropped samples
bp period
latency

Statistics:
  latency:                  538.074ms [min=473.376ms, max=686.654ms, average=570.224ms, deviation=62.7115ms]
hotpath
  hot path:                 FrontLidarDriver/RearLidarDriver -> ObjectCollisionEstimator
  hot path latency:         278.505ms [min=204.711ms, max=297.71ms, average=263.977ms, deviation=27.1952ms]
  hot path drops:           0 [min=0, max=3, average=0.368421, deviation=0.830698]
  behavior planner period:  129.799ms [min=102.52ms, max=195.03ms, average=148.374ms, deviation=27.4601ms]
----------------------------------------------------------

----------------------------------------------------------
sample path: (IntersectionOutput) 
  order timepoint           sequence nr.                  node name     dropped samples
latency

Statistics:
  latency:                  83.577ms [min=74.5145ms, max=166.314ms, average=119.879ms, deviation=19.9538ms]
----------------------------------------------------------

----------------------------------------------------------
sample path: (IntersectionOutput) 
  order timepoint           sequence nr.                  node name     dropped samples
latency

Statistics:
  latency:                  120.304ms [min=74.5145ms, max=166.314ms, average=119.89ms, deviation=19.6748ms]
----------------------------------------------------------

----------------------------------------------------------
sample path: (VehicleDBWSystem) 
  order timepoint           sequence nr.                  node name     dropped samples
bp period
latency

Statistics:
  latency:                  556.008ms [min=473.376ms, max=686.654ms, average=569.655ms, deviation=61.4569ms]
hotpath
  hot path:                 FrontLidarDriver/RearLidarDriver -> ObjectCollisionEstimator
  hot path latency:         204.109ms [min=204.109ms, max=297.71ms, average=260.983ms, deviation=29.6624ms]
  hot path drops:           1 [min=0, max=3, average=0.4, deviation=0.820783]
  behavior planner period:  157.819ms [min=102.52ms, max=195.03ms, average=148.767ms, deviation=26.9256ms]
----------------------------------------------------------

----------------------------------------------------------
sample path: (IntersectionOutput) 
  order timepoint           sequence nr.                  node name     dropped samples
latency

Statistics:
  latency:                  138.846ms [min=74.5145ms, max=166.314ms, average=120.389ms, deviation=19.6492ms]
----------------------------------------------------------

----------------------------------------------------------
sample path: (VehicleDBWSystem) 
  order timepoint           sequence nr.                  node name     dropped samples
bp period
latency

Statistics:
  latency:                  555.38ms [min=473.376ms, max=686.654ms, average=569.106ms, deviation=60.2802ms]
  behavior planner period:  120.482ms [min=102.52ms, max=195.03ms, average=147.636ms, deviation=26.959ms]
----------------------------------------------------------

----------------------------------------------------------
sample path: (IntersectionOutput) 
  order timepoint           sequence nr.                  node name     dropped samples
latency

Statistics:
  latency:                  169.308ms [min=74.5145ms, max=169.308ms, average=121.644ms, deviation=20.9115ms]
----------------------------------------------------------

