----------------------------------------------------------
sample path: (VehicleDBWSystem) 
  order timepoint           sequence nr.                  node name     dropped samples
latency

Statistics:
  latency:                  594.49ms [min=594.49ms, max=594.49ms, average=594.49ms, deviation=-nanms]
hotpath
  hot path:                 FrontLidarDriver/RearLidarDriver -> ObjectCollisionEstimator
  hot path latency:         196.16ms [min=196.16ms, max=196.16ms, average=196.16ms, deviation=-nanms]
  hot path drops:           0 [min=0, max=0, average=0, deviation=-nan]
  behavior planner period:  0ms [min=1.84467e+13ms, max=0ms, average=0ms, deviation=0ms]
----------------------------------------------------------

----------------------------------------------------------
sample path: (IntersectionOutput) 
  order timepoint           sequence nr.                  node name     dropped samples
latency

Statistics:
  latency:                  132.747ms [min=132.747ms, max=132.747ms, average=132.747ms, deviation=-nanms]
----------------------------------------------------------

----------------------------------------------------------
sample path: (VehicleDBWSystem) 
  order timepoint           sequence nr.                  node name     dropped samples
bp period
latency

Statistics:
  latency:                  574.144ms [min=574.144ms, max=594.49ms, average=584.317ms, deviation=14.3866ms]
hotpath
  hot path:                 FrontLidarDriver/RearLidarDriver -> ObjectCollisionEstimator
  hot path latency:         276.029ms [min=196.16ms, max=276.029ms, average=236.094ms, deviation=56.4755ms]
  hot path drops:           0 [min=0, max=0, average=0, deviation=0]
  behavior planner period:  147.504ms [min=147.504ms, max=147.504ms, average=147.504ms, deviation=-nanms]
----------------------------------------------------------

----------------------------------------------------------
sample path: (IntersectionOutput) 
  order timepoint           sequence nr.                  node name     dropped samples
latency

Statistics:
  latency:                  115.465ms [min=115.465ms, max=132.747ms, average=124.106ms, deviation=12.2205ms]
----------------------------------------------------------

----------------------------------------------------------
sample path: (VehicleDBWSystem) 
  order timepoint           sequence nr.                  node name     dropped samples
bp period
latency

Statistics:
  latency:                  594.046ms [min=574.144ms, max=594.49ms, average=587.56ms, deviation=11.6206ms]
hotpath
  hot path:                 FrontLidarDriver/RearLidarDriver -> ObjectCollisionEstimator
  hot path latency:         300.28ms [min=196.16ms, max=300.28ms, average=257.49ms, deviation=54.4793ms]
  hot path drops:           0 [min=0, max=0, average=0, deviation=0]
  behavior planner period:  132.829ms [min=132.829ms, max=147.504ms, average=140.167ms, deviation=10.3767ms]
----------------------------------------------------------

----------------------------------------------------------
sample path: (IntersectionOutput) 
  order timepoint           sequence nr.                  node name     dropped samples
latency

Statistics:
  latency:                  161.246ms [min=115.465ms, max=161.246ms, average=136.486ms, deviation=23.1183ms]
----------------------------------------------------------

----------------------------------------------------------
sample path: (VehicleDBWSystem) 
  order timepoint           sequence nr.                  node name     dropped samples
bp period
latency

Statistics:
  latency:                  615.869ms [min=574.144ms, max=615.869ms, average=594.637ms, deviation=17.0402ms]
hotpath
  hot path:                 FrontLidarDriver/RearLidarDriver -> ObjectCollisionEstimator
  hot path latency:         202.292ms [min=196.16ms, max=300.28ms, average=243.69ms, deviation=52.3483ms]
  hot path drops:           1 [min=0, max=1, average=0.25, deviation=0.5]
  behavior planner period:  115.566ms [min=115.566ms, max=147.504ms, average=131.967ms, deviation=15.9865ms]
----------------------------------------------------------

----------------------------------------------------------
sample path: (IntersectionOutput) 
  order timepoint           sequence nr.                  node name     dropped samples
latency

Statistics:
  latency:                  139.741ms [min=115.465ms, max=161.246ms, average=137.3ms, deviation=18.9461ms]
----------------------------------------------------------

----------------------------------------------------------
sample path: (VehicleDBWSystem) 
  order timepoint           sequence nr.                  node name     dropped samples
bp period
latency

Statistics:
  latency:                  496.931ms [min=496.931ms, max=615.869ms, average=575.096ms, deviation=46.1203ms]
  behavior planner period:  161.388ms [min=115.566ms, max=161.388ms, average=139.322ms, deviation=19.6669ms]
----------------------------------------------------------

----------------------------------------------------------
sample path: (IntersectionOutput) 
  order timepoint           sequence nr.                  node name     dropped samples
latency

Statistics:
  latency:                  109.329ms [min=109.329ms, max=161.246ms, average=131.705ms, deviation=20.6322ms]
----------------------------------------------------------

----------------------------------------------------------
sample path: (IntersectionOutput) 
  order timepoint           sequence nr.                  node name     dropped samples
latency

Statistics:
  latency:                  120.803ms [min=109.329ms, max=161.246ms, average=129.888ms, deviation=18.9832ms]
----------------------------------------------------------

----------------------------------------------------------
sample path: (VehicleDBWSystem) 
  order timepoint           sequence nr.                  node name     dropped samples
bp period
latency

Statistics:
  latency:                  654.714ms [min=496.931ms, max=654.714ms, average=588.366ms, deviation=52.5182ms]
hotpath
  hot path:                 FrontLidarDriver/RearLidarDriver -> ObjectCollisionEstimator
  hot path latency:         269.206ms [min=196.16ms, max=300.28ms, average=248.793ms, deviation=46.749ms]
  hot path drops:           0 [min=0, max=1, average=0.2, deviation=0.447214]
  behavior planner period:  168.09ms [min=115.566ms, max=168.09ms, average=145.076ms, deviation=21.3451ms]
----------------------------------------------------------

----------------------------------------------------------
sample path: (IntersectionOutput) 
  order timepoint           sequence nr.                  node name     dropped samples
latency

Statistics:
  latency:                  107.203ms [min=107.203ms, max=161.246ms, average=126.648ms, deviation=19.3343ms]
----------------------------------------------------------

----------------------------------------------------------
sample path: (VehicleDBWSystem) 
  order timepoint           sequence nr.                  node name     dropped samples
bp period
latency

Statistics:
  latency:                  616.948ms [min=496.931ms, max=654.714ms, average=592.449ms, deviation=49.1444ms]
hotpath
  hot path:                 FrontLidarDriver/RearLidarDriver -> ObjectCollisionEstimator
  hot path latency:         231.896ms [min=196.16ms, max=300.28ms, average=245.977ms, deviation=42.3787ms]
  hot path drops:           2 [min=0, max=2, average=0.5, deviation=0.83666]
  behavior planner period:  157.892ms [min=115.566ms, max=168.09ms, average=147.212ms, deviation=19.7957ms]
----------------------------------------------------------

----------------------------------------------------------
sample path: (IntersectionOutput) 
  order timepoint           sequence nr.                  node name     dropped samples
latency

Statistics:
  latency:                  130.9ms [min=107.203ms, max=161.246ms, average=127.179ms, deviation=17.9632ms]
----------------------------------------------------------

----------------------------------------------------------
sample path: (VehicleDBWSystem) 
  order timepoint           sequence nr.                  node name     dropped samples
bp period
latency

Statistics:
  latency:                  507.88ms [min=496.931ms, max=654.714ms, average=581.878ms, deviation=54.4439ms]
hotpath
  hot path:                 FrontLidarDriver/RearLidarDriver -> ObjectCollisionEstimator
  hot path latency:         69.1209ms [min=69.1209ms, max=300.28ms, average=220.712ms, deviation=77.233ms]
  hot path drops:           0 [min=0, max=2, average=0.428571, deviation=0.786796]
  behavior planner period:  100.599ms [min=100.599ms, max=168.09ms, average=140.553ms, deviation=25.2379ms]
----------------------------------------------------------

----------------------------------------------------------
sample path: (IntersectionOutput) 
  order timepoint           sequence nr.                  node name     dropped samples
latency

Statistics:
  latency:                  157.624ms [min=107.203ms, max=161.246ms, average=130.562ms, deviation=19.6298ms]
----------------------------------------------------------

----------------------------------------------------------
sample path: (IntersectionOutput) 
  order timepoint           sequence nr.                  node name     dropped samples
latency

Statistics:
  latency:                  143.53ms [min=107.203ms, max=161.246ms, average=131.859ms, deviation=18.956ms]
----------------------------------------------------------

----------------------------------------------------------
sample path: (VehicleDBWSystem) 
  order timepoint           sequence nr.                  node name     dropped samples
bp period
latency

Statistics:
  latency:                  640.254ms [min=496.931ms, max=654.714ms, average=588.364ms, deviation=54.5185ms]
hotpath
  hot path:                 FrontLidarDriver/RearLidarDriver -> ObjectCollisionEstimator
  hot path latency:         280.97ms [min=69.1209ms, max=300.28ms, average=228.244ms, deviation=74.6102ms]
  hot path drops:           0 [min=0, max=2, average=0.375, deviation=0.744024]
  behavior planner period:  157.704ms [min=100.599ms, max=168.09ms, average=142.697ms, deviation=24.1397ms]
----------------------------------------------------------

----------------------------------------------------------
sample path: (IntersectionOutput) 
  order timepoint           sequence nr.                  node name     dropped samples
latency

Statistics:
  latency:                  109.662ms [min=107.203ms, max=161.246ms, average=129.841ms, deviation=19.1883ms]
----------------------------------------------------------

----------------------------------------------------------
sample path: (IntersectionOutput) 
  order timepoint           sequence nr.                  node name     dropped samples
latency

Statistics:
  latency:                  172.43ms [min=107.203ms, max=172.43ms, average=133.39ms, deviation=22.0425ms]
----------------------------------------------------------

----------------------------------------------------------
sample path: (VehicleDBWSystem) 
  order timepoint           sequence nr.                  node name     dropped samples
bp period
latency

Statistics:
  latency:                  619.874ms [min=496.931ms, max=654.714ms, average=591.515ms, deviation=52.3575ms]
hotpath
  hot path:                 FrontLidarDriver/RearLidarDriver -> ObjectCollisionEstimator
  hot path latency:         302.238ms [min=69.1209ms, max=302.238ms, average=236.466ms, deviation=74.0215ms]
  hot path drops:           0 [min=0, max=2, average=0.333333, deviation=0.707107]
  behavior planner period:  122.703ms [min=100.599ms, max=168.09ms, average=140.475ms, deviation=23.5436ms]
----------------------------------------------------------

----------------------------------------------------------
sample path: (IntersectionOutput) 
  order timepoint           sequence nr.                  node name     dropped samples
latency

Statistics:
  latency:                  147.045ms [min=107.203ms, max=172.43ms, average=134.44ms, deviation=21.4412ms]
----------------------------------------------------------

----------------------------------------------------------
sample path: (IntersectionOutput) 
  order timepoint           sequence nr.                  node name     dropped samples
latency

Statistics:
  latency:                  125.107ms [min=107.203ms, max=172.43ms, average=133.774ms, deviation=20.7505ms]
----------------------------------------------------------

----------------------------------------------------------
sample path: (VehicleDBWSystem) 
  order timepoint           sequence nr.                  node name     dropped samples
bp period
latency

Statistics:
  latency:                  604.134ms [min=496.931ms, max=654.714ms, average=592.662ms, deviation=49.8162ms]
hotpath
  hot path:                 FrontLidarDriver/RearLidarDriver -> ObjectCollisionEstimator
  hot path latency:         288.389ms [min=69.1209ms, max=302.238ms, average=241.658ms, deviation=71.6937ms]
  hot path drops:           0 [min=0, max=2, average=0.3, deviation=0.674949]
  behavior planner period:  147.131ms [min=100.599ms, max=168.09ms, average=141.141ms, deviation=22.2967ms]
----------------------------------------------------------

----------------------------------------------------------
sample path: (IntersectionOutput) 
  order timepoint           sequence nr.                  node name     dropped samples
latency

Statistics:
  latency:                  130.807ms [min=107.203ms, max=172.43ms, average=133.576ms, deviation=20.0104ms]
----------------------------------------------------------

----------------------------------------------------------
sample path: (IntersectionOutput) 
  order timepoint           sequence nr.                  node name     dropped samples
latency

Statistics:
  latency:                  156.779ms [min=107.203ms, max=172.43ms, average=135.026ms, deviation=20.1834ms]
----------------------------------------------------------

----------------------------------------------------------
sample path: (VehicleDBWSystem) 
  order timepoint           sequence nr.                  node name     dropped samples
bp period
latency

Statistics:
  latency:                  674.758ms [min=496.931ms, max=674.758ms, average=599.504ms, deviation=53.0819ms]
hotpath
  hot path:                 FrontLidarDriver/RearLidarDriver -> ObjectCollisionEstimator
  hot path latency:         300.433ms [min=69.1209ms, max=302.238ms, average=247.001ms, deviation=70.2854ms]
  hot path drops:           0 [min=0, max=2, average=0.272727, deviation=0.64667]
  behavior planner period:  211.708ms [min=100.599ms, max=211.708ms, average=147.556ms, deviation=30.0022ms]
----------------------------------------------------------

----------------------------------------------------------
sample path: (IntersectionOutput) 
  order timepoint           sequence nr.                  node name     dropped samples
latency

Statistics:
  latency:                  128.863ms [min=107.203ms, max=172.43ms, average=134.663ms, deviation=19.5996ms]
----------------------------------------------------------

----------------------------------------------------------
sample path: (VehicleDBWSystem) 
  order timepoint           sequence nr.                  node name     dropped samples
bp period
latency

Statistics:
  latency:                  644.208ms [min=496.931ms, max=674.758ms, average=602.942ms, deviation=52.3127ms]
hotpath
  hot path:                 FrontLidarDriver/RearLidarDriver -> ObjectCollisionEstimator
  hot path latency:         333.572ms [min=69.1209ms, max=333.572ms, average=254.215ms, deviation=71.5226ms]
  hot path drops:           0 [min=0, max=2, average=0.25, deviation=0.621582]
  behavior planner period:  208.473ms [min=100.599ms, max=211.708ms, average=152.632ms, deviation=33.5789ms]
----------------------------------------------------------

----------------------------------------------------------
sample path: (IntersectionOutput) 
  order timepoint           sequence nr.                  node name     dropped samples
latency

Statistics:
  latency:                  146.832ms [min=107.203ms, max=172.43ms, average=135.34ms, deviation=19.2295ms]
----------------------------------------------------------

----------------------------------------------------------
sample path: (VehicleDBWSystem) 
  order timepoint           sequence nr.                  node name     dropped samples
bp period
latency

Statistics:
  latency:                  627.179ms [min=496.931ms, max=674.758ms, average=604.674ms, deviation=50.6761ms]
hotpath
  hot path:                 FrontLidarDriver/RearLidarDriver -> ObjectCollisionEstimator
  hot path latency:         329.463ms [min=69.1209ms, max=333.572ms, average=260.004ms, deviation=71.5873ms]
  hot path drops:           0 [min=0, max=2, average=0.230769, deviation=0.599145]
  behavior planner period:  132.122ms [min=100.599ms, max=211.708ms, average=151.055ms, deviation=32.6487ms]
----------------------------------------------------------

----------------------------------------------------------
sample path: (IntersectionOutput) 
  order timepoint           sequence nr.                  node name     dropped samples
latency

Statistics:
  latency:                  124.87ms [min=107.203ms, max=172.43ms, average=134.789ms, deviation=18.8414ms]
----------------------------------------------------------

----------------------------------------------------------
sample path: (VehicleDBWSystem) 
  order timepoint           sequence nr.                  node name     dropped samples
bp period
latency

Statistics:
  latency:                  614.97ms [min=496.931ms, max=674.758ms, average=605.36ms, deviation=48.905ms]
hotpath
  hot path:                 FrontLidarDriver/RearLidarDriver -> ObjectCollisionEstimator
  hot path latency:         316.165ms [min=69.1209ms, max=333.572ms, average=264.015ms, deviation=70.3976ms]
  hot path drops:           0 [min=0, max=2, average=0.214286, deviation=0.578934]
  behavior planner period:  136.01ms [min=100.599ms, max=211.708ms, average=149.98ms, deviation=31.6245ms]
----------------------------------------------------------

----------------------------------------------------------
sample path: (IntersectionOutput) 
  order timepoint           sequence nr.                  node name     dropped samples
latency

Statistics:
  latency:                  128.318ms [min=107.203ms, max=172.43ms, average=134.465ms, deviation=18.3959ms]
----------------------------------------------------------

----------------------------------------------------------
sample path: (IntersectionOutput) 
  order timepoint           sequence nr.                  node name     dropped samples
latency

Statistics:
  latency:                  150.804ms [min=107.203ms, max=172.43ms, average=135.243ms, deviation=18.2811ms]
----------------------------------------------------------

----------------------------------------------------------
sample path: (VehicleDBWSystem) 
  order timepoint           sequence nr.                  node name     dropped samples
bp period
latency

Statistics:
  latency:                  665.134ms [min=496.931ms, max=674.758ms, average=609.096ms, deviation=49.5536ms]
hotpath
  hot path:                 FrontLidarDriver/RearLidarDriver -> ObjectCollisionEstimator
  hot path latency:         312.591ms [min=69.1209ms, max=333.572ms, average=267.254ms, deviation=68.9866ms]
  hot path drops:           0 [min=0, max=2, average=0.2, deviation=0.560612]
  behavior planner period:  209.504ms [min=100.599ms, max=211.708ms, average=153.948ms, deviation=34.1303ms]
----------------------------------------------------------

----------------------------------------------------------
sample path: (IntersectionOutput) 
  order timepoint           sequence nr.                  node name     dropped samples
latency

Statistics:
  latency:                  105.347ms [min=105.347ms, max=172.43ms, average=133.884ms, deviation=18.945ms]
----------------------------------------------------------

----------------------------------------------------------
sample path: (VehicleDBWSystem) 
  order timepoint           sequence nr.                  node name     dropped samples
bp period
latency

Statistics:
  latency:                  559.816ms [min=496.931ms, max=674.758ms, average=606.197ms, deviation=49.4463ms]
hotpath
  hot path:                 FrontLidarDriver/RearLidarDriver -> ObjectCollisionEstimator
  hot path latency:         312.777ms [min=69.1209ms, max=333.572ms, average=270.099ms, deviation=67.6121ms]
  hot path drops:           0 [min=0, max=2, average=0.1875, deviation=0.543906]
  behavior planner period:  187.594ms [min=100.599ms, max=211.708ms, average=156.051ms, deviation=34.029ms]
----------------------------------------------------------

----------------------------------------------------------
sample path: (IntersectionOutput) 
  order timepoint           sequence nr.                  node name     dropped samples
latency

Statistics:
  latency:                  94.0819ms [min=94.0819ms, max=172.43ms, average=132.154ms, deviation=20.2849ms]
----------------------------------------------------------

----------------------------------------------------------
sample path: (IntersectionOutput) 
  order timepoint           sequence nr.                  node name     dropped samples
latency

Statistics:
  latency:                  132.406ms [min=94.0819ms, max=172.43ms, average=132.164ms, deviation=19.8391ms]
----------------------------------------------------------

----------------------------------------------------------
sample path: (VehicleDBWSystem) 
  order timepoint           sequence nr.                  node name     dropped samples
bp period
latency

Statistics:
  latency:                  619.658ms [min=496.931ms, max=674.758ms, average=606.945ms, deviation=48.0748ms]
hotpath
  hot path:                 FrontLidarDriver/RearLidarDriver -> ObjectCollisionEstimator
  hot path latency:         282.627ms [min=69.1209ms, max=333.572ms, average=270.836ms, deviation=65.5356ms]
  hot path drops:           0 [min=0, max=2, average=0.176471, deviation=0.528594]
  behavior planner period:  162.885ms [min=100.599ms, max=211.708ms, average=156.453ms, deviation=32.9901ms]
----------------------------------------------------------

----------------------------------------------------------
sample path: (IntersectionOutput) 
  order timepoint           sequence nr.                  node name     dropped samples
latency

Statistics:
  latency:                  173.197ms [min=94.0819ms, max=173.197ms, average=133.805ms, deviation=21.0841ms]
----------------------------------------------------------

----------------------------------------------------------
sample path: (VehicleDBWSystem) 
  order timepoint           sequence nr.                  node name     dropped samples
bp period
latency

Statistics:
  latency:                  559.855ms [min=496.931ms, max=674.758ms, average=604.466ms, deviation=47.9531ms]
hotpath
  hot path:                 FrontLidarDriver/RearLidarDriver -> ObjectCollisionEstimator
  hot path latency:         68.6117ms [min=68.6117ms, max=333.572ms, average=259.601ms, deviation=79.4619ms]
  hot path drops:           0 [min=0, max=2, average=0.166667, deviation=0.514496]
  behavior planner period:  108.763ms [min=100.599ms, max=211.708ms, average=153.804ms, deviation=33.9217ms]
----------------------------------------------------------

----------------------------------------------------------
sample path: (IntersectionOutput) 
  order timepoint           sequence nr.                  node name     dropped samples
latency

Statistics:
  latency:                  142.814ms [min=94.0819ms, max=173.197ms, average=134.152ms, deviation=20.7335ms]
----------------------------------------------------------

----------------------------------------------------------
sample path: (IntersectionOutput) 
  order timepoint           sequence nr.                  node name     dropped samples
latency

Statistics:
  latency:                  161.38ms [min=94.0819ms, max=173.197ms, average=135.16ms, deviation=20.9952ms]
----------------------------------------------------------

----------------------------------------------------------
sample path: (VehicleDBWSystem) 
  order timepoint           sequence nr.                  node name     dropped samples
bp period
latency

Statistics:
  latency:                  719.758ms [min=496.931ms, max=719.758ms, average=610.231ms, deviation=53.3205ms]
hotpath
  hot path:                 FrontLidarDriver/RearLidarDriver -> ObjectCollisionEstimator
  hot path latency:         269.176ms [min=68.6117ms, max=333.572ms, average=260.105ms, deviation=77.2543ms]
  hot path drops:           0 [min=0, max=2, average=0.157895, deviation=0.50146]
  behavior planner period:  142.902ms [min=100.599ms, max=211.708ms, average=153.23ms, deviation=33.0607ms]
----------------------------------------------------------

----------------------------------------------------------
sample path: (IntersectionOutput) 
  order timepoint           sequence nr.                  node name     dropped samples
latency

Statistics:
  latency:                  122.564ms [min=94.0819ms, max=173.197ms, average=134.711ms, deviation=20.7398ms]
----------------------------------------------------------

----------------------------------------------------------
sample path: (VehicleDBWSystem) 
  order timepoint           sequence nr.                  node name     dropped samples
bp period
latency

Statistics:
  latency:                  662.881ms [min=496.931ms, max=719.758ms, average=612.738ms, deviation=53.2253ms]
hotpath
  hot path:                 FrontLidarDriver/RearLidarDriver -> ObjectCollisionEstimator
  hot path latency:         344.828ms [min=68.6117ms, max=344.828ms, average=264.341ms, deviation=77.5436ms]
  hot path drops:           0 [min=0, max=2, average=0.15, deviation=0.48936]
  behavior planner period:  196.612ms [min=100.599ms, max=211.708ms, average=155.399ms, deviation=33.6093ms]
----------------------------------------------------------

----------------------------------------------------------
sample path: (IntersectionOutput) 
  order timepoint           sequence nr.                  node name     dropped samples
latency

Statistics:
  latency:                  150.968ms [min=94.0819ms, max=173.197ms, average=135.271ms, deviation=20.5887ms]
----------------------------------------------------------

----------------------------------------------------------
sample path: (VehicleDBWSystem) 
  order timepoint           sequence nr.                  node name     dropped samples
bp period
latency

Statistics:
  latency:                  641.583ms [min=496.931ms, max=719.758ms, average=614.049ms, deviation=52.3053ms]
hotpath
  hot path:                 FrontLidarDriver/RearLidarDriver -> ObjectCollisionEstimator
  hot path latency:         304.283ms [min=68.6117ms, max=344.828ms, average=266.243ms, deviation=76.0811ms]
  hot path drops:           0 [min=0, max=2, average=0.142857, deviation=0.478091]
  behavior planner period:  151.136ms [min=100.599ms, max=211.708ms, average=155.196ms, deviation=32.7715ms]
----------------------------------------------------------

----------------------------------------------------------
sample path: (IntersectionOutput) 
  order timepoint           sequence nr.                  node name     dropped samples
latency

Statistics:
  latency:                  151.954ms [min=94.0819ms, max=173.197ms, average=135.827ms, deviation=20.4586ms]
----------------------------------------------------------

----------------------------------------------------------
sample path: (VehicleDBWSystem) 
  order timepoint           sequence nr.                  node name     dropped samples
bp period
latency

Statistics:
  latency:                  644.746ms [min=496.931ms, max=719.758ms, average=615.384ms, deviation=51.502ms]
hotpath
  hot path:                 FrontLidarDriver/RearLidarDriver -> ObjectCollisionEstimator
  hot path latency:         330.998ms [min=68.6117ms, max=344.828ms, average=269.187ms, deviation=75.5201ms]
  hot path drops:           0 [min=0, max=2, average=0.136364, deviation=0.467563]
  behavior planner period:  161.191ms [min=100.599ms, max=211.708ms, average=155.469ms, deviation=32.0072ms]
----------------------------------------------------------

----------------------------------------------------------
sample path: (IntersectionOutput) 
  order timepoint           sequence nr.                  node name     dropped samples
latency

Statistics:
  latency:                  127.475ms [min=94.0819ms, max=173.197ms, average=135.558ms, deviation=20.1706ms]
----------------------------------------------------------

----------------------------------------------------------
sample path: (VehicleDBWSystem) 
  order timepoint           sequence nr.                  node name     dropped samples
bp period
latency

Statistics:
  latency:                  648.187ms [min=496.931ms, max=719.758ms, average=616.751ms, deviation=50.8131ms]
hotpath
  hot path:                 FrontLidarDriver/RearLidarDriver -> ObjectCollisionEstimator
  hot path latency:         355.691ms [min=68.6117ms, max=355.691ms, average=272.948ms, deviation=75.9566ms]
  hot path drops:           0 [min=0, max=2, average=0.130435, deviation=0.457697]
  behavior planner period:  139.492ms [min=100.599ms, max=211.708ms, average=154.774ms, deviation=31.4483ms]
----------------------------------------------------------

----------------------------------------------------------
sample path: (IntersectionOutput) 
  order timepoint           sequence nr.                  node name     dropped samples
latency

Statistics:
  latency:                  130.177ms [min=94.0819ms, max=173.197ms, average=135.39ms, deviation=19.8654ms]
----------------------------------------------------------

----------------------------------------------------------
sample path: (VehicleDBWSystem) 
  order timepoint           sequence nr.                  node name     dropped samples
bp period
latency

Statistics:
  latency:                  612.568ms [min=496.931ms, max=719.758ms, average=616.583ms, deviation=49.7503ms]
hotpath
  hot path:                 FrontLidarDriver/RearLidarDriver -> ObjectCollisionEstimator
  hot path latency:         232.592ms [min=68.6117ms, max=355.691ms, average=271.266ms, deviation=74.7423ms]
  hot path drops:           1 [min=0, max=2, average=0.166667, deviation=0.481543]
  behavior planner period:  136.211ms [min=100.599ms, max=211.708ms, average=154ms, deviation=30.9895ms]
----------------------------------------------------------

----------------------------------------------------------
sample path: (IntersectionOutput) 
  order timepoint           sequence nr.                  node name     dropped samples
latency

Statistics:
  latency:                  115.509ms [min=94.0819ms, max=173.197ms, average=134.787ms, deviation=19.8564ms]
----------------------------------------------------------

----------------------------------------------------------
sample path: (IntersectionOutput) 
  order timepoint           sequence nr.                  node name     dropped samples
latency

Statistics:
  latency:                  139.068ms [min=94.0819ms, max=173.197ms, average=134.913ms, deviation=19.567ms]
----------------------------------------------------------

----------------------------------------------------------
sample path: (VehicleDBWSystem) 
  order timepoint           sequence nr.                  node name     dropped samples
bp period
latency

Statistics:
  latency:                  677.128ms [min=496.931ms, max=719.758ms, average=618.912ms, deviation=50.1704ms]
hotpath
  hot path:                 FrontLidarDriver/RearLidarDriver -> ObjectCollisionEstimator
  hot path latency:         293.55ms [min=68.6117ms, max=355.691ms, average=272.158ms, deviation=73.3042ms]
  hot path drops:           0 [min=0, max=2, average=0.16, deviation=0.472582]
  behavior planner period:  175.86ms [min=100.599ms, max=211.708ms, average=154.875ms, deviation=30.6504ms]
----------------------------------------------------------

