FrontLidarDriver
RearLidarDriver
PointCloudMap
Visualizer
Lanelet2Map
EuclideanClusterSettings
PointsTransformerFront
PointsTransformerRear
VoxelGridDownsampler
PointCloudMapLoader
RayGroundFilter
ObjectCollisionEstimator
MPCController
ParkingPlanner
LanePlanner
PointCloudFusion
NDTLocalizer
VehicleInterface
Lanelet2GlobalPlanner
Lanelet2MapLoader
BehaviorPlanner
EuclideanClusterDetector
VehicleDBWSystem
IntersectionOutput
EuclideanClusterDetector
ObjectCollisionEstimator
PointCloudFusion
RayGroundFilter
----------------------------------------------------------
sample path: (IntersectionOutput) 
  order timepoint           sequence nr.                  node name     dropped samples
latency

Statistics:
  latency:                  27.5816ms [min=27.5816ms, max=27.5816ms, average=27.5816ms, deviation=-nanms]
----------------------------------------------------------

----------------------------------------------------------
sample path: (IntersectionOutput) 
  order timepoint           sequence nr.                  node name     dropped samples
latency

Statistics:
  latency:                  27.4625ms [min=27.4625ms, max=27.5816ms, average=27.5221ms, deviation=0.0842171ms]
----------------------------------------------------------

----------------------------------------------------------
sample path: (IntersectionOutput) 
  order timepoint           sequence nr.                  node name     dropped samples
latency

Statistics:
  latency:                  63.8235ms [min=27.4625ms, max=63.8235ms, average=39.6225ms, deviation=20.9587ms]
----------------------------------------------------------

----------------------------------------------------------
sample path: (VehicleDBWSystem) 
  order timepoint           sequence nr.                  node name     dropped samples
latency

Statistics:
  latency:                  167.497ms [min=167.497ms, max=167.497ms, average=167.497ms, deviation=-nanms]
hotpath
  hot path:                 FrontLidarDriver/RearLidarDriver -> ObjectCollisionEstimator
  hot path latency:         61.7365ms [min=61.7365ms, max=61.7365ms, average=61.7365ms, deviation=-nanms]
  hot path drops:           0 [min=0, max=0, average=0, deviation=-nan]
  behavior planner period:  0ms [min=1.84467e+13ms, max=0ms, average=0ms, deviation=0ms]
----------------------------------------------------------

----------------------------------------------------------
sample path: (IntersectionOutput) 
  order timepoint           sequence nr.                  node name     dropped samples
latency

Statistics:
  latency:                  27.3323ms [min=27.3323ms, max=63.8235ms, average=36.55ms, deviation=18.1826ms]
----------------------------------------------------------

----------------------------------------------------------
sample path: (IntersectionOutput) 
  order timepoint           sequence nr.                  node name     dropped samples
latency

Statistics:
  latency:                  17.264ms [min=17.264ms, max=63.8235ms, average=32.6928ms, deviation=17.954ms]
----------------------------------------------------------

----------------------------------------------------------
sample path: (IntersectionOutput) 
  order timepoint           sequence nr.                  node name     dropped samples
latency

Statistics:
  latency:                  17.1513ms [min=17.1513ms, max=63.8235ms, average=30.1025ms, deviation=17.2665ms]
----------------------------------------------------------

----------------------------------------------------------
sample path: (IntersectionOutput) 
  order timepoint           sequence nr.                  node name     dropped samples
latency

Statistics:
  latency:                  63.4317ms [min=17.1513ms, max=63.8235ms, average=34.8638ms, deviation=20.1776ms]
----------------------------------------------------------

----------------------------------------------------------
sample path: (IntersectionOutput) 
  order timepoint           sequence nr.                  node name     dropped samples
latency

Statistics:
  latency:                  45.5177ms [min=17.1513ms, max=63.8235ms, average=36.1956ms, deviation=19.0568ms]
----------------------------------------------------------

----------------------------------------------------------
sample path: (VehicleDBWSystem) 
  order timepoint           sequence nr.                  node name     dropped samples
bp period
latency

Statistics:
  latency:                  247.287ms [min=167.497ms, max=247.287ms, average=207.392ms, deviation=56.4205ms]
hotpath
  hot path:                 FrontLidarDriver/RearLidarDriver -> ObjectCollisionEstimator
  hot path latency:         45.4125ms [min=45.4125ms, max=61.7365ms, average=53.5745ms, deviation=11.5428ms]
  hot path drops:           0 [min=0, max=0, average=0, deviation=0]
  behavior planner period:  100.001ms [min=100.001ms, max=100.001ms, average=100.001ms, deviation=-nanms]
----------------------------------------------------------

----------------------------------------------------------
sample path: (IntersectionOutput) 
  order timepoint           sequence nr.                  node name     dropped samples
latency

Statistics:
  latency:                  18.557ms [min=17.1513ms, max=63.8235ms, average=34.2357ms, deviation=18.7706ms]
----------------------------------------------------------

----------------------------------------------------------
sample path: (IntersectionOutput) 
  order timepoint           sequence nr.                  node name     dropped samples
latency

Statistics:
  latency:                  9.10137ms [min=9.10137ms, max=63.8235ms, average=31.7223ms, deviation=19.4ms]
----------------------------------------------------------

----------------------------------------------------------
sample path: (IntersectionOutput) 
  order timepoint           sequence nr.                  node name     dropped samples
latency

Statistics:
  latency:                  68.8814ms [min=9.10137ms, max=68.8814ms, average=35.1004ms, deviation=21.5465ms]
----------------------------------------------------------

----------------------------------------------------------
sample path: (IntersectionOutput) 
  order timepoint           sequence nr.                  node name     dropped samples
latency

Statistics:
  latency:                  45.2146ms [min=9.10137ms, max=68.8814ms, average=35.9433ms, deviation=20.7502ms]
----------------------------------------------------------

----------------------------------------------------------
sample path: (VehicleDBWSystem) 
  order timepoint           sequence nr.                  node name     dropped samples
bp period
latency

Statistics:
  latency:                  257.411ms [min=167.497ms, max=257.411ms, average=224.065ms, deviation=49.2503ms]
hotpath
  hot path:                 FrontLidarDriver/RearLidarDriver -> ObjectCollisionEstimator
  hot path latency:         55.9584ms [min=45.4125ms, max=61.7365ms, average=54.3691ms, deviation=8.2772ms]
  hot path drops:           0 [min=0, max=0, average=0, deviation=0]
  behavior planner period:  100.016ms [min=100.001ms, max=100.016ms, average=100.009ms, deviation=0.0106073ms]
----------------------------------------------------------

----------------------------------------------------------
sample path: (IntersectionOutput) 
  order timepoint           sequence nr.                  node name     dropped samples
latency

Statistics:
  latency:                  36.4063ms [min=9.10137ms, max=68.8814ms, average=35.9789ms, deviation=19.8672ms]
----------------------------------------------------------

----------------------------------------------------------
sample path: (IntersectionOutput) 
  order timepoint           sequence nr.                  node name     dropped samples
latency

Statistics:
  latency:                  18.314ms [min=9.10137ms, max=68.8814ms, average=34.7171ms, deviation=19.663ms]
----------------------------------------------------------

----------------------------------------------------------
sample path: (IntersectionOutput) 
  order timepoint           sequence nr.                  node name     dropped samples
latency

Statistics:
  latency:                  39.2485ms [min=9.10137ms, max=68.8814ms, average=35.0192ms, deviation=18.9838ms]
----------------------------------------------------------

----------------------------------------------------------
sample path: (VehicleDBWSystem) 
  order timepoint           sequence nr.                  node name     dropped samples
bp period
latency

Statistics:
  latency:                  213.914ms [min=167.497ms, max=257.411ms, average=221.527ms, deviation=40.5317ms]
hotpath
  hot path:                 FrontLidarDriver/RearLidarDriver -> ObjectCollisionEstimator
  hot path latency:         52.3406ms [min=45.4125ms, max=61.7365ms, average=53.862ms, deviation=6.83399ms]
  hot path drops:           0 [min=0, max=0, average=0, deviation=0]
  behavior planner period:  100.005ms [min=100.001ms, max=100.016ms, average=100.007ms, deviation=0.00779869ms]
----------------------------------------------------------

----------------------------------------------------------
sample path: (IntersectionOutput) 
  order timepoint           sequence nr.                  node name     dropped samples
latency

Statistics:
  latency:                  56.08ms [min=9.10137ms, max=68.8814ms, average=36.3355ms, deviation=19.0809ms]
----------------------------------------------------------

----------------------------------------------------------
sample path: (IntersectionOutput) 
  order timepoint           sequence nr.                  node name     dropped samples
latency

Statistics:
  latency:                  27.7667ms [min=9.10137ms, max=68.8814ms, average=35.8315ms, deviation=18.5916ms]
----------------------------------------------------------

----------------------------------------------------------
sample path: (IntersectionOutput) 
  order timepoint           sequence nr.                  node name     dropped samples
latency

Statistics:
  latency:                  36.6082ms [min=9.10137ms, max=68.8814ms, average=35.8746ms, deviation=18.0374ms]
----------------------------------------------------------

----------------------------------------------------------
sample path: (IntersectionOutput) 
  order timepoint           sequence nr.                  node name     dropped samples
latency

Statistics:
  latency:                  19.0876ms [min=9.10137ms, max=68.8814ms, average=34.9911ms, deviation=17.9473ms]
----------------------------------------------------------

----------------------------------------------------------
sample path: (VehicleDBWSystem) 
  order timepoint           sequence nr.                  node name     dropped samples
bp period
latency

Statistics:
  latency:                  164.484ms [min=164.484ms, max=257.411ms, average=210.119ms, deviation=43.3924ms]
hotpath
  hot path:                 FrontLidarDriver/RearLidarDriver -> ObjectCollisionEstimator
  hot path latency:         57.9645ms [min=45.4125ms, max=61.7365ms, average=54.6825ms, deviation=6.19627ms]
  hot path drops:           0 [min=0, max=0, average=0, deviation=0]
  behavior planner period:  99.9941ms [min=99.9941ms, max=100.016ms, average=100.004ms, deviation=0.00919485ms]
----------------------------------------------------------

----------------------------------------------------------
sample path: (IntersectionOutput) 
  order timepoint           sequence nr.                  node name     dropped samples
latency

Statistics:
  latency:                  36.4337ms [min=9.10137ms, max=68.8814ms, average=35.0632ms, deviation=17.4716ms]
----------------------------------------------------------

----------------------------------------------------------
sample path: (IntersectionOutput) 
  order timepoint           sequence nr.                  node name     dropped samples
latency

Statistics:
  latency:                  18.2205ms [min=9.10137ms, max=68.8814ms, average=34.2612ms, deviation=17.4213ms]
----------------------------------------------------------

----------------------------------------------------------
sample path: (IntersectionOutput) 
  order timepoint           sequence nr.                  node name     dropped samples
latency

Statistics:
  latency:                  17.1353ms [min=9.10137ms, max=68.8814ms, average=33.4827ms, deviation=17.3891ms]
----------------------------------------------------------

----------------------------------------------------------
sample path: (VehicleDBWSystem) 
  order timepoint           sequence nr.                  node name     dropped samples
bp period
latency

Statistics:
  latency:                  155.475ms [min=155.475ms, max=257.411ms, average=201.011ms, deviation=44.7658ms]
hotpath
  hot path:                 FrontLidarDriver/RearLidarDriver -> ObjectCollisionEstimator
  hot path latency:         51.0474ms [min=45.4125ms, max=61.7365ms, average=54.0767ms, deviation=5.73736ms]
  hot path drops:           0 [min=0, max=0, average=0, deviation=0]
  behavior planner period:  100ms [min=99.9941ms, max=100.016ms, average=100.003ms, deviation=0.00816634ms]
----------------------------------------------------------

----------------------------------------------------------
sample path: (IntersectionOutput) 
  order timepoint           sequence nr.                  node name     dropped samples
latency

Statistics:
  latency:                  38.2284ms [min=9.10137ms, max=68.8814ms, average=33.6891ms, deviation=17.0181ms]
----------------------------------------------------------

----------------------------------------------------------
sample path: (IntersectionOutput) 
  order timepoint           sequence nr.                  node name     dropped samples
latency

Statistics:
  latency:                  39.0896ms [min=9.10137ms, max=68.8814ms, average=33.9141ms, deviation=16.6805ms]
----------------------------------------------------------

----------------------------------------------------------
sample path: (IntersectionOutput) 
  order timepoint           sequence nr.                  node name     dropped samples
latency

Statistics:
  latency:                  27.6178ms [min=9.10137ms, max=68.8814ms, average=33.6622ms, deviation=16.3778ms]
----------------------------------------------------------

----------------------------------------------------------
sample path: (IntersectionOutput) 
  order timepoint           sequence nr.                  node name     dropped samples
latency

Statistics:
  latency:                  45.2693ms [min=9.10137ms, max=68.8814ms, average=34.1087ms, deviation=16.2075ms]
----------------------------------------------------------

----------------------------------------------------------
sample path: (VehicleDBWSystem) 
  order timepoint           sequence nr.                  node name     dropped samples
bp period
latency

Statistics:
  latency:                  158.064ms [min=155.475ms, max=257.411ms, average=194.876ms, deviation=43.9713ms]
hotpath
  hot path:                 FrontLidarDriver/RearLidarDriver -> ObjectCollisionEstimator
  hot path latency:         60.2229ms [min=45.4125ms, max=61.7365ms, average=54.9547ms, deviation=5.72954ms]
  hot path drops:           0 [min=0, max=0, average=0, deviation=0]
  behavior planner period:  99.9814ms [min=99.9814ms, max=100.016ms, average=99.9996ms, deviation=0.0115263ms]
----------------------------------------------------------

----------------------------------------------------------
sample path: (IntersectionOutput) 
  order timepoint           sequence nr.                  node name     dropped samples
latency

Statistics:
  latency:                  27.287ms [min=9.10137ms, max=68.8814ms, average=33.856ms, deviation=15.9469ms]
----------------------------------------------------------

----------------------------------------------------------
sample path: (IntersectionOutput) 
  order timepoint           sequence nr.                  node name     dropped samples
latency

Statistics:
  latency:                  18.676ms [min=9.10137ms, max=68.8814ms, average=33.3139ms, deviation=15.9096ms]
----------------------------------------------------------

----------------------------------------------------------
sample path: (IntersectionOutput) 
  order timepoint           sequence nr.                  node name     dropped samples
latency

Statistics:
  latency:                  18.2905ms [min=9.10137ms, max=68.8814ms, average=32.7958ms, deviation=15.87ms]
----------------------------------------------------------

----------------------------------------------------------
sample path: (IntersectionOutput) 
  order timepoint           sequence nr.                  node name     dropped samples
latency

Statistics:
  latency:                  63.2485ms [min=9.10137ms, max=68.8814ms, average=33.8109ms, deviation=16.5555ms]
----------------------------------------------------------

----------------------------------------------------------
sample path: (IntersectionOutput) 
  order timepoint           sequence nr.                  node name     dropped samples
latency

Statistics:
  latency:                  45.2786ms [min=9.10137ms, max=68.8814ms, average=34.1808ms, deviation=16.407ms]
----------------------------------------------------------

----------------------------------------------------------
sample path: (VehicleDBWSystem) 
  order timepoint           sequence nr.                  node name     dropped samples
bp period
latency

Statistics:
  latency:                  263.865ms [min=155.475ms, max=263.865ms, average=203.5ms, deviation=47.4573ms]
hotpath
  hot path:                 FrontLidarDriver/RearLidarDriver -> ObjectCollisionEstimator
  hot path latency:         54.7117ms [min=45.4125ms, max=61.7365ms, average=54.9243ms, deviation=5.30522ms]
  hot path drops:           0 [min=0, max=0, average=0, deviation=0]
  behavior planner period:  100ms [min=99.9814ms, max=100.016ms, average=99.9996ms, deviation=0.0105231ms]
----------------------------------------------------------

----------------------------------------------------------
sample path: (IntersectionOutput) 
  order timepoint           sequence nr.                  node name     dropped samples
latency

Statistics:
  latency:                  18.3055ms [min=9.10137ms, max=68.8814ms, average=33.6847ms, deviation=16.3824ms]
----------------------------------------------------------

----------------------------------------------------------
sample path: (IntersectionOutput) 
  order timepoint           sequence nr.                  node name     dropped samples
latency

Statistics:
  latency:                  9.15577ms [min=9.10137ms, max=68.8814ms, average=32.9414ms, deviation=16.6802ms]
----------------------------------------------------------

----------------------------------------------------------
sample path: (IntersectionOutput) 
  order timepoint           sequence nr.                  node name     dropped samples
latency

Statistics:
  latency:                  69.0175ms [min=9.10137ms, max=69.0175ms, average=34.0025ms, deviation=17.5521ms]
----------------------------------------------------------

----------------------------------------------------------
sample path: (IntersectionOutput) 
  order timepoint           sequence nr.                  node name     dropped samples
latency

Statistics:
  latency:                  45.2914ms [min=9.10137ms, max=69.0175ms, average=34.325ms, deviation=17.397ms]
----------------------------------------------------------

----------------------------------------------------------
sample path: (VehicleDBWSystem) 
  order timepoint           sequence nr.                  node name     dropped samples
bp period
latency

Statistics:
  latency:                  257.908ms [min=155.475ms, max=263.865ms, average=209.545ms, deviation=47.954ms]
hotpath
  hot path:                 FrontLidarDriver/RearLidarDriver -> ObjectCollisionEstimator
  hot path latency:         56.0902ms [min=45.4125ms, max=61.7365ms, average=55.0539ms, deviation=4.97777ms]
  hot path drops:           0 [min=0, max=0, average=0, deviation=0]
  behavior planner period:  100.018ms [min=99.9814ms, max=100.018ms, average=100.002ms, deviation=0.0117826ms]
----------------------------------------------------------

----------------------------------------------------------
sample path: (IntersectionOutput) 
  order timepoint           sequence nr.                  node name     dropped samples
latency

Statistics:
  latency:                  36.5207ms [min=9.10137ms, max=69.0175ms, average=34.386ms, deviation=17.1506ms]
----------------------------------------------------------

----------------------------------------------------------
sample path: (IntersectionOutput) 
  order timepoint           sequence nr.                  node name     dropped samples
latency

Statistics:
  latency:                  18.4129ms [min=9.10137ms, max=69.0175ms, average=33.9543ms, deviation=17.1134ms]
----------------------------------------------------------

----------------------------------------------------------
sample path: (IntersectionOutput) 
  order timepoint           sequence nr.                  node name     dropped samples
latency

Statistics:
  latency:                  43.4916ms [min=9.10137ms, max=69.0175ms, average=34.2053ms, deviation=16.9513ms]
----------------------------------------------------------

----------------------------------------------------------
sample path: (VehicleDBWSystem) 
  order timepoint           sequence nr.                  node name     dropped samples
bp period
latency

Statistics:
  latency:                  218.48ms [min=155.475ms, max=263.865ms, average=210.438ms, deviation=45.2997ms]
hotpath
  hot path:                 FrontLidarDriver/RearLidarDriver -> ObjectCollisionEstimator
  hot path latency:         52.5531ms [min=45.4125ms, max=61.7365ms, average=54.8038ms, deviation=4.75925ms]
  hot path drops:           0 [min=0, max=0, average=0, deviation=0]
  behavior planner period:  100.006ms [min=99.9814ms, max=100.018ms, average=100.002ms, deviation=0.011098ms]
----------------------------------------------------------

----------------------------------------------------------
sample path: (IntersectionOutput) 
  order timepoint           sequence nr.                  node name     dropped samples
latency

Statistics:
  latency:                  60.8443ms [min=9.10137ms, max=69.0175ms, average=34.8884ms, deviation=17.2621ms]
----------------------------------------------------------

----------------------------------------------------------
sample path: (IntersectionOutput) 
  order timepoint           sequence nr.                  node name     dropped samples
latency

Statistics:
  latency:                  27.8469ms [min=9.10137ms, max=69.0175ms, average=34.7123ms, deviation=17.0757ms]
----------------------------------------------------------

----------------------------------------------------------
sample path: (IntersectionOutput) 
  order timepoint           sequence nr.                  node name     dropped samples
latency

Statistics:
  latency:                  40.102ms [min=9.10137ms, max=69.0175ms, average=34.8438ms, deviation=16.8819ms]
----------------------------------------------------------

----------------------------------------------------------
sample path: (VehicleDBWSystem) 
  order timepoint           sequence nr.                  node name     dropped samples
bp period
latency

Statistics:
  latency:                  155.27ms [min=155.27ms, max=263.865ms, average=205.423ms, deviation=46.0819ms]
hotpath
  hot path:                 FrontLidarDriver/RearLidarDriver -> ObjectCollisionEstimator
  hot path latency:         59.8982ms [min=45.4125ms, max=61.7365ms, average=55.2669ms, deviation=4.76915ms]
  hot path drops:           0 [min=0, max=0, average=0, deviation=0]
  behavior planner period:  99.9924ms [min=99.9814ms, max=100.018ms, average=100.001ms, deviation=0.0109338ms]
----------------------------------------------------------

----------------------------------------------------------
sample path: (IntersectionOutput) 
  order timepoint           sequence nr.                  node name     dropped samples
latency

Statistics:
  latency:                  37.9273ms [min=9.10137ms, max=69.0175ms, average=34.9172ms, deviation=16.6815ms]
----------------------------------------------------------

----------------------------------------------------------
sample path: (IntersectionOutput) 
  order timepoint           sequence nr.                  node name     dropped samples
latency

Statistics:
  latency:                  36.6315ms [min=9.10137ms, max=69.0175ms, average=34.9571ms, deviation=16.4838ms]
----------------------------------------------------------

----------------------------------------------------------
sample path: (IntersectionOutput) 
  order timepoint           sequence nr.                  node name     dropped samples
latency

Statistics:
  latency:                  36.4487ms [min=9.10137ms, max=69.0175ms, average=34.991ms, deviation=16.2926ms]
----------------------------------------------------------

----------------------------------------------------------
sample path: (IntersectionOutput) 
  order timepoint           sequence nr.                  node name     dropped samples
latency

Statistics:
  latency:                  17.2547ms [min=9.10137ms, max=69.0175ms, average=34.5968ms, deviation=16.3219ms]
----------------------------------------------------------

----------------------------------------------------------
sample path: (VehicleDBWSystem) 
  order timepoint           sequence nr.                  node name     dropped samples
bp period
latency

Statistics:
  latency:                  155.614ms [min=155.27ms, max=263.865ms, average=201.272ms, deviation=46.2303ms]
hotpath
  hot path:                 FrontLidarDriver/RearLidarDriver -> ObjectCollisionEstimator
  hot path latency:         57.4173ms [min=45.4125ms, max=61.7365ms, average=55.4461ms, deviation=4.58938ms]
  hot path drops:           0 [min=0, max=0, average=0, deviation=0]
  behavior planner period:  100.003ms [min=99.9814ms, max=100.018ms, average=100.002ms, deviation=0.0103865ms]
----------------------------------------------------------

----------------------------------------------------------
sample path: (IntersectionOutput) 
  order timepoint           sequence nr.                  node name     dropped samples
latency

Statistics:
  latency:                  38.3747ms [min=9.10137ms, max=69.0175ms, average=34.6789ms, deviation=16.1492ms]
----------------------------------------------------------

----------------------------------------------------------
sample path: (IntersectionOutput) 
  order timepoint           sequence nr.                  node name     dropped samples
latency

Statistics:
  latency:                  38.7246ms [min=9.10137ms, max=69.0175ms, average=34.765ms, deviation=15.9836ms]
----------------------------------------------------------

----------------------------------------------------------
sample path: (IntersectionOutput) 
  order timepoint           sequence nr.                  node name     dropped samples
latency

Statistics:
  latency:                  27.6979ms [min=9.10137ms, max=69.0175ms, average=34.6178ms, deviation=15.8455ms]
----------------------------------------------------------

----------------------------------------------------------
sample path: (IntersectionOutput) 
  order timepoint           sequence nr.                  node name     dropped samples
latency

Statistics:
  latency:                  45.5756ms [min=9.10137ms, max=69.0175ms, average=34.8414ms, deviation=15.7575ms]
----------------------------------------------------------

----------------------------------------------------------
sample path: (VehicleDBWSystem) 
  order timepoint           sequence nr.                  node name     dropped samples
bp period
latency

Statistics:
  latency:                  158.32ms [min=155.27ms, max=263.865ms, average=197.968ms, deviation=45.8372ms]
hotpath
  hot path:                 FrontLidarDriver/RearLidarDriver -> ObjectCollisionEstimator
  hot path latency:         60.3629ms [min=45.4125ms, max=61.7365ms, average=55.8243ms, deviation=4.60074ms]
  hot path drops:           0 [min=0, max=0, average=0, deviation=0]
  behavior planner period:  100.003ms [min=99.9814ms, max=100.018ms, average=100.002ms, deviation=0.00991688ms]
----------------------------------------------------------

----------------------------------------------------------
sample path: (IntersectionOutput) 
  order timepoint           sequence nr.                  node name     dropped samples
latency

Statistics:
  latency:                  27.5373ms [min=9.10137ms, max=69.0175ms, average=34.6953ms, deviation=15.6301ms]
----------------------------------------------------------

----------------------------------------------------------
sample path: (IntersectionOutput) 
  order timepoint           sequence nr.                  node name     dropped samples
latency

Statistics:
  latency:                  17.8759ms [min=9.10137ms, max=69.0175ms, average=34.3655ms, deviation=15.6512ms]
----------------------------------------------------------

----------------------------------------------------------
sample path: (IntersectionOutput) 
  order timepoint           sequence nr.                  node name     dropped samples
latency

Statistics:
  latency:                  17.689ms [min=9.10137ms, max=69.0175ms, average=34.0448ms, deviation=15.6686ms]
----------------------------------------------------------

----------------------------------------------------------
sample path: (IntersectionOutput) 
  order timepoint           sequence nr.                  node name     dropped samples
latency

Statistics:
  latency:                  63.4252ms [min=9.10137ms, max=69.0175ms, average=34.5992ms, deviation=16.0334ms]
----------------------------------------------------------

----------------------------------------------------------
sample path: (IntersectionOutput) 
  order timepoint           sequence nr.                  node name     dropped samples
latency

Statistics:
  latency:                  45.3257ms [min=9.10137ms, max=69.0175ms, average=34.7978ms, deviation=15.9484ms]
----------------------------------------------------------

----------------------------------------------------------
sample path: (VehicleDBWSystem) 
  order timepoint           sequence nr.                  node name     dropped samples
bp period
latency

Statistics:
  latency:                  264.551ms [min=155.27ms, max=264.551ms, average=202.724ms, deviation=47.4983ms]
hotpath
  hot path:                 FrontLidarDriver/RearLidarDriver -> ObjectCollisionEstimator
  hot path latency:         54.91ms [min=45.4125ms, max=61.7365ms, average=55.759ms, deviation=4.42699ms]
  hot path drops:           0 [min=0, max=0, average=0, deviation=0]
  behavior planner period:  99.9832ms [min=99.9814ms, max=100.018ms, average=100ms, deviation=0.010798ms]
----------------------------------------------------------

----------------------------------------------------------
sample path: (IntersectionOutput) 
  order timepoint           sequence nr.                  node name     dropped samples
latency

Statistics:
  latency:                  18.3533ms [min=9.10137ms, max=69.0175ms, average=34.4988ms, deviation=15.9549ms]
----------------------------------------------------------

----------------------------------------------------------
sample path: (IntersectionOutput) 
  order timepoint           sequence nr.                  node name     dropped samples
latency

Statistics:
  latency:                  9.12847ms [min=9.10137ms, max=69.0175ms, average=34.0458ms, deviation=16.1686ms]
----------------------------------------------------------

----------------------------------------------------------
sample path: (IntersectionOutput) 
  order timepoint           sequence nr.                  node name     dropped samples
latency

Statistics:
  latency:                  69.5945ms [min=9.10137ms, max=69.5945ms, average=34.6695ms, deviation=16.701ms]
----------------------------------------------------------

----------------------------------------------------------
sample path: (IntersectionOutput) 
  order timepoint           sequence nr.                  node name     dropped samples
latency

Statistics:
  latency:                  45.402ms [min=9.10137ms, max=69.5945ms, average=34.8545ms, deviation=16.6138ms]
----------------------------------------------------------

----------------------------------------------------------
sample path: (VehicleDBWSystem) 
  order timepoint           sequence nr.                  node name     dropped samples
bp period
latency

Statistics:
  latency:                  258.512ms [min=155.27ms, max=264.551ms, average=206.443ms, deviation=47.9836ms]
hotpath
  hot path:                 FrontLidarDriver/RearLidarDriver -> ObjectCollisionEstimator
  hot path latency:         56.5458ms [min=45.4125ms, max=61.7365ms, average=55.8115ms, deviation=4.27079ms]
  hot path drops:           0 [min=0, max=0, average=0, deviation=0]
  behavior planner period:  100.022ms [min=99.9814ms, max=100.022ms, average=100.002ms, deviation=0.0119492ms]
----------------------------------------------------------

----------------------------------------------------------
sample path: (IntersectionOutput) 
  order timepoint           sequence nr.                  node name     dropped samples
latency

Statistics:
  latency:                  36.6911ms [min=9.10137ms, max=69.5945ms, average=34.8856ms, deviation=16.4717ms]
----------------------------------------------------------

----------------------------------------------------------
sample path: (IntersectionOutput) 
  order timepoint           sequence nr.                  node name     dropped samples
latency

Statistics:
  latency:                  18.5344ms [min=9.10137ms, max=69.5945ms, average=34.6131ms, deviation=16.4673ms]
----------------------------------------------------------

----------------------------------------------------------
sample path: (IntersectionOutput) 
  order timepoint           sequence nr.                  node name     dropped samples
latency

Statistics:
  latency:                  38.0778ms [min=9.10137ms, max=69.5945ms, average=34.6699ms, deviation=16.3356ms]
----------------------------------------------------------

----------------------------------------------------------
sample path: (IntersectionOutput) 
  order timepoint           sequence nr.                  node name     dropped samples
latency

Statistics:
  latency:                  37.8165ms [min=9.10137ms, max=69.5945ms, average=34.7207ms, deviation=16.206ms]
----------------------------------------------------------

----------------------------------------------------------
sample path: (VehicleDBWSystem) 
  order timepoint           sequence nr.                  node name     dropped samples
bp period
latency

Statistics:
  latency:                  213.603ms [min=155.27ms, max=264.551ms, average=206.891ms, deviation=46.3911ms]
hotpath
  hot path:                 FrontLidarDriver/RearLidarDriver -> ObjectCollisionEstimator
  hot path latency:         52.7521ms [min=45.4125ms, max=61.7365ms, average=55.6203ms, deviation=4.19627ms]
  hot path drops:           0 [min=0, max=0, average=0, deviation=0]
  behavior planner period:  100.002ms [min=99.9814ms, max=100.022ms, average=100.002ms, deviation=0.0115146ms]
----------------------------------------------------------

----------------------------------------------------------
sample path: (IntersectionOutput) 
  order timepoint           sequence nr.                  node name     dropped samples
latency

Statistics:
  latency:                  36.5642ms [min=9.10137ms, max=69.5945ms, average=34.7499ms, deviation=16.0765ms]
----------------------------------------------------------

----------------------------------------------------------
sample path: (IntersectionOutput) 
  order timepoint           sequence nr.                  node name     dropped samples
latency

Statistics:
  latency:                  36.7376ms [min=9.10137ms, max=69.5945ms, average=34.781ms, deviation=15.9503ms]
----------------------------------------------------------

----------------------------------------------------------
sample path: (IntersectionOutput) 
  order timepoint           sequence nr.                  node name     dropped samples
latency

Statistics:
  latency:                  19.2961ms [min=9.10137ms, max=69.5945ms, average=34.5428ms, deviation=15.9413ms]
----------------------------------------------------------

----------------------------------------------------------
sample path: (VehicleDBWSystem) 
  order timepoint           sequence nr.                  node name     dropped samples
bp period
latency

Statistics:
  latency:                  155.383ms [min=155.27ms, max=264.551ms, average=203.861ms, deviation=46.6228ms]
hotpath
  hot path:                 FrontLidarDriver/RearLidarDriver -> ObjectCollisionEstimator
  hot path latency:         59.2538ms [min=45.4125ms, max=61.7365ms, average=55.834ms, deviation=4.1575ms]
  hot path drops:           0 [min=0, max=0, average=0, deviation=0]
  behavior planner period:  99.9918ms [min=99.9814ms, max=100.022ms, average=100.001ms, deviation=0.0114079ms]
----------------------------------------------------------

----------------------------------------------------------
sample path: (IntersectionOutput) 
  order timepoint           sequence nr.                  node name     dropped samples
latency

Statistics:
  latency:                  37.2379ms [min=9.10137ms, max=69.5945ms, average=34.5836ms, deviation=15.8217ms]
----------------------------------------------------------

----------------------------------------------------------
sample path: (IntersectionOutput) 
  order timepoint           sequence nr.                  node name     dropped samples
latency

Statistics:
  latency:                  19.0324ms [min=9.10137ms, max=69.5945ms, average=34.3515ms, deviation=15.8159ms]
----------------------------------------------------------

----------------------------------------------------------
sample path: (IntersectionOutput) 
  order timepoint           sequence nr.                  node name     dropped samples
latency

Statistics:
  latency:                  25.5667ms [min=9.10137ms, max=69.5945ms, average=34.2223ms, deviation=15.7336ms]
----------------------------------------------------------

----------------------------------------------------------
sample path: (IntersectionOutput) 
  order timepoint           sequence nr.                  node name     dropped samples
latency

Statistics:
  latency:                  28.7618ms [min=9.10137ms, max=69.5945ms, average=34.1432ms, deviation=15.6313ms]
----------------------------------------------------------

----------------------------------------------------------
sample path: (VehicleDBWSystem) 
  order timepoint           sequence nr.                  node name     dropped samples
bp period
latency

Statistics:
  latency:                  155.225ms [min=155.225ms, max=264.551ms, average=201.159ms, deviation=46.6609ms]
hotpath
  hot path:                 FrontLidarDriver/RearLidarDriver -> ObjectCollisionEstimator
  hot path latency:         51.3035ms [min=45.4125ms, max=61.7365ms, average=55.5823ms, deviation=4.17233ms]
  hot path drops:           0 [min=0, max=0, average=0, deviation=0]
  behavior planner period:  99.9904ms [min=99.9814ms, max=100.022ms, average=100.001ms, deviation=0.0113566ms]
----------------------------------------------------------

----------------------------------------------------------
sample path: (IntersectionOutput) 
  order timepoint           sequence nr.                  node name     dropped samples
latency

Statistics:
  latency:                  18.8928ms [min=9.10137ms, max=69.5945ms, average=33.9253ms, deviation=15.6243ms]
----------------------------------------------------------

----------------------------------------------------------
sample path: (IntersectionOutput) 
  order timepoint           sequence nr.                  node name     dropped samples
latency

Statistics:
  latency:                  18.1858ms [min=9.10137ms, max=69.5945ms, average=33.7036ms, deviation=15.6243ms]
----------------------------------------------------------

----------------------------------------------------------
sample path: (IntersectionOutput) 
  order timepoint           sequence nr.                  node name     dropped samples
latency

Statistics:
  latency:                  54.6272ms [min=9.10137ms, max=69.5945ms, average=33.9942ms, deviation=15.7087ms]
----------------------------------------------------------

----------------------------------------------------------
sample path: (VehicleDBWSystem) 
  order timepoint           sequence nr.                  node name     dropped samples
bp period
latency

Statistics:
  latency:                  157.989ms [min=155.225ms, max=264.551ms, average=198.887ms, deviation=46.4152ms]
hotpath
  hot path:                 FrontLidarDriver/RearLidarDriver -> ObjectCollisionEstimator
  hot path latency:         61.8652ms [min=45.4125ms, max=61.8652ms, average=55.913ms, deviation=4.30335ms]
  hot path drops:           0 [min=0, max=0, average=0, deviation=0]
  behavior planner period:  99.9954ms [min=99.9814ms, max=100.022ms, average=100ms, deviation=0.0110865ms]
----------------------------------------------------------

----------------------------------------------------------
sample path: (IntersectionOutput) 
  order timepoint           sequence nr.                  node name     dropped samples
latency

Statistics:
  latency:                  27.4698ms [min=9.10137ms, max=69.5945ms, average=33.9048ms, deviation=15.6179ms]
----------------------------------------------------------

----------------------------------------------------------
sample path: (IntersectionOutput) 
  order timepoint           sequence nr.                  node name     dropped samples
latency

Statistics:
  latency:                  26.6231ms [min=9.10137ms, max=69.5945ms, average=33.8064ms, deviation=15.5336ms]
----------------------------------------------------------

----------------------------------------------------------
sample path: (IntersectionOutput) 
  order timepoint           sequence nr.                  node name     dropped samples
latency

Statistics:
  latency:                  17.0165ms [min=9.10137ms, max=69.5945ms, average=33.5826ms, deviation=15.5496ms]
----------------------------------------------------------

----------------------------------------------------------
sample path: (IntersectionOutput) 
  order timepoint           sequence nr.                  node name     dropped samples
latency

Statistics:
  latency:                  63.3739ms [min=9.10137ms, max=69.5945ms, average=33.9746ms, deviation=15.8191ms]
----------------------------------------------------------

----------------------------------------------------------
sample path: (IntersectionOutput) 
  order timepoint           sequence nr.                  node name     dropped samples
latency

Statistics:
  latency:                  45.2622ms [min=9.10137ms, max=69.5945ms, average=34.1212ms, deviation=15.7673ms]
----------------------------------------------------------

----------------------------------------------------------
sample path: (VehicleDBWSystem) 
  order timepoint           sequence nr.                  node name     dropped samples
bp period
latency

Statistics:
  latency:                  264.533ms [min=155.225ms, max=264.551ms, average=202.169ms, deviation=47.5022ms]
hotpath
  hot path:                 FrontLidarDriver/RearLidarDriver -> ObjectCollisionEstimator
  hot path latency:         54.2796ms [min=45.4125ms, max=61.8652ms, average=55.8313ms, deviation=4.20446ms]
  hot path drops:           0 [min=0, max=0, average=0, deviation=0]
  behavior planner period:  99.9941ms [min=99.9814ms, max=100.022ms, average=100ms, deviation=0.0108692ms]
----------------------------------------------------------

----------------------------------------------------------
sample path: (IntersectionOutput) 
  order timepoint           sequence nr.                  node name     dropped samples
latency

Statistics:
  latency:                  18.2627ms [min=9.10137ms, max=69.5945ms, average=33.9178ms, deviation=15.7671ms]
----------------------------------------------------------

----------------------------------------------------------
sample path: (IntersectionOutput) 
  order timepoint           sequence nr.                  node name     dropped samples
latency

Statistics:
  latency:                  9.11237ms [min=9.10137ms, max=69.5945ms, average=33.6039ms, deviation=15.9124ms]
----------------------------------------------------------

----------------------------------------------------------
sample path: (IntersectionOutput) 
  order timepoint           sequence nr.                  node name     dropped samples
latency

Statistics:
  latency:                  61.3106ms [min=9.10137ms, max=69.5945ms, average=33.9502ms, deviation=16.1119ms]
----------------------------------------------------------

----------------------------------------------------------
sample path: (IntersectionOutput) 
  order timepoint           sequence nr.                  node name     dropped samples
latency

Statistics:
  latency:                  63.369ms [min=9.10137ms, max=69.5945ms, average=34.3134ms, deviation=16.3412ms]
----------------------------------------------------------

----------------------------------------------------------
sample path: (VehicleDBWSystem) 
  order timepoint           sequence nr.                  node name     dropped samples
bp period
latency

Statistics:
  latency:                  268.484ms [min=155.225ms, max=268.484ms, average=205.327ms, deviation=48.5082ms]
hotpath
  hot path:                 FrontLidarDriver/RearLidarDriver -> ObjectCollisionEstimator
  hot path latency:         56.5072ms [min=45.4125ms, max=61.8652ms, average=55.8635ms, deviation=4.10066ms]
  hot path drops:           0 [min=0, max=0, average=0, deviation=0]
  behavior planner period:  100.022ms [min=99.9814ms, max=100.022ms, average=100.001ms, deviation=0.011684ms]
----------------------------------------------------------

----------------------------------------------------------
sample path: (IntersectionOutput) 
  order timepoint           sequence nr.                  node name     dropped samples
latency

Statistics:
  latency:                  45.4014ms [min=9.10137ms, max=69.5945ms, average=34.4486ms, deviation=16.2861ms]
----------------------------------------------------------

----------------------------------------------------------
sample path: (IntersectionOutput) 
  order timepoint           sequence nr.                  node name     dropped samples
latency

Statistics:
  latency:                  18.3581ms [min=9.10137ms, max=69.5945ms, average=34.2547ms, deviation=16.2826ms]
----------------------------------------------------------

----------------------------------------------------------
sample path: (IntersectionOutput) 
  order timepoint           sequence nr.                  node name     dropped samples
latency

Statistics:
  latency:                  37.6545ms [min=9.10137ms, max=69.5945ms, average=34.2952ms, deviation=16.1884ms]
----------------------------------------------------------

----------------------------------------------------------
sample path: (VehicleDBWSystem) 
  order timepoint           sequence nr.                  node name     dropped samples
bp period
latency

Statistics:
  latency:                  213.195ms [min=155.225ms, max=268.484ms, average=205.685ms, deviation=47.3689ms]
hotpath
  hot path:                 FrontLidarDriver/RearLidarDriver -> ObjectCollisionEstimator
  hot path latency:         52.3778ms [min=45.4125ms, max=61.8652ms, average=55.7051ms, deviation=4.07025ms]
  hot path drops:           0 [min=0, max=0, average=0, deviation=0]
  behavior planner period:  99.9975ms [min=99.9814ms, max=100.022ms, average=100.001ms, deviation=0.0114157ms]
----------------------------------------------------------

----------------------------------------------------------
sample path: (IntersectionOutput) 
  order timepoint           sequence nr.                  node name     dropped samples
latency

Statistics:
  latency:                  55.9001ms [min=9.10137ms, max=69.5945ms, average=34.5494ms, deviation=16.2615ms]
----------------------------------------------------------

----------------------------------------------------------
sample path: (IntersectionOutput) 
  order timepoint           sequence nr.                  node name     dropped samples
latency

Statistics:
  latency:                  27.4663ms [min=9.10137ms, max=69.5945ms, average=34.467ms, deviation=16.1836ms]
----------------------------------------------------------

----------------------------------------------------------
sample path: (IntersectionOutput) 
  order timepoint           sequence nr.                  node name     dropped samples
latency

Statistics:
  latency:                  36.3119ms [min=9.10137ms, max=69.5945ms, average=34.4882ms, deviation=16.0905ms]
----------------------------------------------------------

----------------------------------------------------------
sample path: (IntersectionOutput) 
  order timepoint           sequence nr.                  node name     dropped samples
latency

Statistics:
  latency:                  18.9509ms [min=9.10137ms, max=69.5945ms, average=34.3117ms, deviation=16.0832ms]
----------------------------------------------------------

----------------------------------------------------------
sample path: (VehicleDBWSystem) 
  order timepoint           sequence nr.                  node name     dropped samples
bp period
latency

Statistics:
  latency:                  155.39ms [min=155.225ms, max=268.484ms, average=203.498ms, deviation=47.4531ms]
hotpath
  hot path:                 FrontLidarDriver/RearLidarDriver -> ObjectCollisionEstimator
  hot path latency:         59.4456ms [min=45.4125ms, max=61.8652ms, average=55.8677ms, deviation=4.05244ms]
  hot path drops:           0 [min=0, max=0, average=0, deviation=0]
  behavior planner period:  99.9919ms [min=99.9814ms, max=100.022ms, average=100ms, deviation=0.0113067ms]
----------------------------------------------------------

----------------------------------------------------------
sample path: (IntersectionOutput) 
  order timepoint           sequence nr.                  node name     dropped samples
latency

Statistics:
  latency:                  36.4743ms [min=9.10137ms, max=69.5945ms, average=34.336ms, deviation=15.9932ms]
----------------------------------------------------------

----------------------------------------------------------
sample path: (IntersectionOutput) 
  order timepoint           sequence nr.                  node name     dropped samples
latency

Statistics:
  latency:                  18.2538ms [min=9.10137ms, max=69.5945ms, average=34.1573ms, deviation=15.9932ms]
----------------------------------------------------------

----------------------------------------------------------
sample path: (IntersectionOutput) 
  order timepoint           sequence nr.                  node name     dropped samples
latency

Statistics:
  latency:                  28.7289ms [min=9.10137ms, max=69.5945ms, average=34.0976ms, deviation=15.9143ms]
----------------------------------------------------------

----------------------------------------------------------
sample path: (VehicleDBWSystem) 
  order timepoint           sequence nr.                  node name     dropped samples
bp period
latency

Statistics:
  latency:                  155.227ms [min=155.225ms, max=268.484ms, average=201.487ms, deviation=47.4445ms]
hotpath
  hot path:                 FrontLidarDriver/RearLidarDriver -> ObjectCollisionEstimator
  hot path latency:         50.9399ms [min=45.4125ms, max=61.8652ms, average=55.6624ms, deviation=4.08902ms]
  hot path drops:           0 [min=0, max=0, average=0, deviation=0]
  behavior planner period:  100ms [min=99.9814ms, max=100.022ms, average=100ms, deviation=0.011047ms]
----------------------------------------------------------

----------------------------------------------------------
sample path: (IntersectionOutput) 
  order timepoint           sequence nr.                  node name     dropped samples
latency

Statistics:
  latency:                  18.2535ms [min=9.10137ms, max=69.5945ms, average=33.9254ms, deviation=15.9126ms]
----------------------------------------------------------

----------------------------------------------------------
sample path: (IntersectionOutput) 
  order timepoint           sequence nr.                  node name     dropped samples
latency

Statistics:
  latency:                  18.1776ms [min=9.10137ms, max=69.5945ms, average=33.7561ms, deviation=15.9099ms]
----------------------------------------------------------

----------------------------------------------------------
sample path: (IntersectionOutput) 
  order timepoint           sequence nr.                  node name     dropped samples
latency

Statistics:
  latency:                  54.6362ms [min=9.10137ms, max=69.5945ms, average=33.9782ms, deviation=15.97ms]
----------------------------------------------------------

----------------------------------------------------------
sample path: (VehicleDBWSystem) 
  order timepoint           sequence nr.                  node name     dropped samples
bp period
latency

Statistics:
  latency:                  157.963ms [min=155.225ms, max=268.484ms, average=199.746ms, deviation=47.2542ms]
hotpath
  hot path:                 FrontLidarDriver/RearLidarDriver -> ObjectCollisionEstimator
  hot path latency:         61.2139ms [min=45.4125ms, max=61.8652ms, average=55.8844ms, deviation=4.15405ms]
  hot path drops:           0 [min=0, max=0, average=0, deviation=0]
  behavior planner period:  99.9919ms [min=99.9814ms, max=100.022ms, average=100ms, deviation=0.0109468ms]
----------------------------------------------------------

----------------------------------------------------------
sample path: (IntersectionOutput) 
  order timepoint           sequence nr.                  node name     dropped samples
latency

Statistics:
  latency:                  27.4544ms [min=9.10137ms, max=69.5945ms, average=33.9095ms, deviation=15.8989ms]
----------------------------------------------------------

----------------------------------------------------------
sample path: (IntersectionOutput) 
  order timepoint           sequence nr.                  node name     dropped samples
latency

Statistics:
  latency:                  26.6521ms [min=9.10137ms, max=69.5945ms, average=33.8339ms, deviation=15.8324ms]
----------------------------------------------------------

----------------------------------------------------------
sample path: (IntersectionOutput) 
  order timepoint           sequence nr.                  node name     dropped samples
latency

Statistics:
  latency:                  17.0417ms [min=9.10137ms, max=69.5945ms, average=33.6608ms, deviation=15.8417ms]
----------------------------------------------------------

----------------------------------------------------------
sample path: (IntersectionOutput) 
  order timepoint           sequence nr.                  node name     dropped samples
latency

Statistics:
  latency:                  75.9198ms [min=9.10137ms, max=75.9198ms, average=34.092ms, deviation=16.3277ms]
----------------------------------------------------------

----------------------------------------------------------
sample path: (IntersectionOutput) 
  order timepoint           sequence nr.                  node name     dropped samples
latency

Statistics:
  latency:                  45.3271ms [min=9.10137ms, max=75.9198ms, average=34.2055ms, deviation=16.2834ms]
----------------------------------------------------------

----------------------------------------------------------
sample path: (VehicleDBWSystem) 
  order timepoint           sequence nr.                  node name     dropped samples
bp period
latency

Statistics:
  latency:                  268.144ms [min=155.225ms, max=268.484ms, average=202.376ms, deviation=48.2035ms]
hotpath
  hot path:                 FrontLidarDriver/RearLidarDriver -> ObjectCollisionEstimator
  hot path latency:         54.2233ms [min=45.4125ms, max=61.8652ms, average=55.8205ms, deviation=4.08314ms]
  hot path drops:           0 [min=0, max=0, average=0, deviation=0]
  behavior planner period:  100.006ms [min=99.9814ms, max=100.022ms, average=100ms, deviation=0.0107862ms]
----------------------------------------------------------

----------------------------------------------------------
sample path: (IntersectionOutput) 
  order timepoint           sequence nr.                  node name     dropped samples
latency

Statistics:
  latency:                  9.30897ms [min=9.10137ms, max=75.9198ms, average=33.9566ms, deviation=16.3912ms]
----------------------------------------------------------

----------------------------------------------------------
sample path: (IntersectionOutput) 
  order timepoint           sequence nr.                  node name     dropped samples
latency

Statistics:
  latency:                  69.5972ms [min=9.10137ms, max=75.9198ms, average=34.3094ms, deviation=16.6901ms]
----------------------------------------------------------

----------------------------------------------------------
sample path: (IntersectionOutput) 
  order timepoint           sequence nr.                  node name     dropped samples
latency

Statistics:
  latency:                  46.0892ms [min=9.10137ms, max=75.9198ms, average=34.4249ms, deviation=16.6482ms]
----------------------------------------------------------

----------------------------------------------------------
sample path: (VehicleDBWSystem) 
  order timepoint           sequence nr.                  node name     dropped samples
bp period
latency

Statistics:
  latency:                  268.803ms [min=155.225ms, max=268.803ms, average=204.837ms, deviation=48.9657ms]
hotpath
  hot path:                 FrontLidarDriver/RearLidarDriver -> ObjectCollisionEstimator
  hot path latency:         56.534ms [min=45.4125ms, max=61.8652ms, average=55.847ms, deviation=4.0062ms]
  hot path drops:           0 [min=0, max=0, average=0, deviation=0]
  behavior planner period:  100.01ms [min=99.9814ms, max=100.022ms, average=100.001ms, deviation=0.0107446ms]
----------------------------------------------------------

----------------------------------------------------------
sample path: (IntersectionOutput) 
  order timepoint           sequence nr.                  node name     dropped samples
latency

Statistics:
  latency:                  37.3509ms [min=9.10137ms, max=75.9198ms, average=34.4533ms, deviation=16.5689ms]
----------------------------------------------------------

----------------------------------------------------------
sample path: (IntersectionOutput) 
  order timepoint           sequence nr.                  node name     dropped samples
latency

Statistics:
  latency:                  18.408ms [min=9.10137ms, max=75.9198ms, average=34.299ms, deviation=16.5632ms]
----------------------------------------------------------

----------------------------------------------------------
sample path: (IntersectionOutput) 
  order timepoint           sequence nr.                  node name     dropped samples
latency

Statistics:
  latency:                  37.3258ms [min=9.10137ms, max=75.9198ms, average=34.3279ms, deviation=16.486ms]
----------------------------------------------------------

----------------------------------------------------------
sample path: (VehicleDBWSystem) 
  order timepoint           sequence nr.                  node name     dropped samples
bp period
latency

Statistics:
  latency:                  237.04ms [min=155.225ms, max=268.803ms, average=205.987ms, deviation=48.4342ms]
hotpath
  hot path:                 FrontLidarDriver/RearLidarDriver -> ObjectCollisionEstimator
  hot path latency:         52.7213ms [min=45.4125ms, max=61.8652ms, average=55.7353ms, deviation=3.97544ms]
  hot path drops:           0 [min=0, max=0, average=0, deviation=0]
  behavior planner period:  100.004ms [min=99.9814ms, max=100.022ms, average=100.001ms, deviation=0.0105508ms]
----------------------------------------------------------

----------------------------------------------------------
sample path: (IntersectionOutput) 
  order timepoint           sequence nr.                  node name     dropped samples
latency

Statistics:
  latency:                  56.0371ms [min=9.10137ms, max=75.9198ms, average=34.5327ms, deviation=16.5422ms]
----------------------------------------------------------

----------------------------------------------------------
sample path: (IntersectionOutput) 
  order timepoint           sequence nr.                  node name     dropped samples
latency

Statistics:
  latency:                  27.5772ms [min=9.10137ms, max=75.9198ms, average=34.4677ms, deviation=16.4777ms]
----------------------------------------------------------

----------------------------------------------------------
sample path: (IntersectionOutput) 
  order timepoint           sequence nr.                  node name     dropped samples
latency

Statistics:
  latency:                  36.4144ms [min=9.10137ms, max=75.9198ms, average=34.4857ms, deviation=16.4016ms]
----------------------------------------------------------

----------------------------------------------------------
sample path: (IntersectionOutput) 
  order timepoint           sequence nr.                  node name     dropped samples
latency

Statistics:
  latency:                  19.9535ms [min=9.10137ms, max=75.9198ms, average=34.3524ms, deviation=16.3848ms]
----------------------------------------------------------

----------------------------------------------------------
sample path: (VehicleDBWSystem) 
  order timepoint           sequence nr.                  node name     dropped samples
bp period
latency

Statistics:
  latency:                  164.933ms [min=155.225ms, max=268.803ms, average=204.571ms, deviation=48.1686ms]
hotpath
  hot path:                 FrontLidarDriver/RearLidarDriver -> ObjectCollisionEstimator
  hot path latency:         59.8213ms [min=45.4125ms, max=61.8652ms, average=55.8762ms, deviation=3.97686ms]
  hot path drops:           0 [min=0, max=0, average=0, deviation=0]
  behavior planner period:  99.9872ms [min=99.9814ms, max=100.022ms, average=100ms, deviation=0.0106725ms]
----------------------------------------------------------

----------------------------------------------------------
sample path: (IntersectionOutput) 
  order timepoint           sequence nr.                  node name     dropped samples
latency

Statistics:
  latency:                  36.5362ms [min=9.10137ms, max=75.9198ms, average=34.3722ms, deviation=16.3108ms]
----------------------------------------------------------

----------------------------------------------------------
sample path: (IntersectionOutput) 
  order timepoint           sequence nr.                  node name     dropped samples
latency

Statistics:
  latency:                  18.3013ms [min=9.10137ms, max=75.9198ms, average=34.2274ms, deviation=16.3079ms]
----------------------------------------------------------

----------------------------------------------------------
sample path: (IntersectionOutput) 
  order timepoint           sequence nr.                  node name     dropped samples
latency

Statistics:
  latency:                  24.4721ms [min=9.10137ms, max=75.9198ms, average=34.1403ms, deviation=16.2605ms]
----------------------------------------------------------

----------------------------------------------------------
sample path: (IntersectionOutput) 
  order timepoint           sequence nr.                  node name     dropped samples
latency

Statistics:
  latency:                  28.8625ms [min=9.10137ms, max=75.9198ms, average=34.0936ms, deviation=16.1953ms]
----------------------------------------------------------

----------------------------------------------------------
sample path: (VehicleDBWSystem) 
  order timepoint           sequence nr.                  node name     dropped samples
bp period
latency

Statistics:
  latency:                  155.205ms [min=155.205ms, max=268.803ms, average=202.926ms, deviation=48.1813ms]
hotpath
  hot path:                 FrontLidarDriver/RearLidarDriver -> ObjectCollisionEstimator
  hot path latency:         51.1198ms [min=45.4125ms, max=61.8652ms, average=55.7177ms, deviation=4.00302ms]
  hot path drops:           0 [min=0, max=0, average=0, deviation=0]
  behavior planner period:  100.003ms [min=99.9814ms, max=100.022ms, average=100ms, deviation=0.0104929ms]
----------------------------------------------------------

----------------------------------------------------------
sample path: (IntersectionOutput) 
  order timepoint           sequence nr.                  node name     dropped samples
latency

Statistics:
  latency:                  18.9162ms [min=9.10137ms, max=75.9198ms, average=33.9605ms, deviation=16.186ms]
----------------------------------------------------------

----------------------------------------------------------
sample path: (IntersectionOutput) 
  order timepoint           sequence nr.                  node name     dropped samples
latency

Statistics:
  latency:                  18.1808ms [min=9.10137ms, max=75.9198ms, average=33.8233ms, deviation=16.1819ms]
----------------------------------------------------------

----------------------------------------------------------
sample path: (IntersectionOutput) 
  order timepoint           sequence nr.                  node name     dropped samples
latency

Statistics:
  latency:                  55.0932ms [min=9.10137ms, max=75.9198ms, average=34.0066ms, deviation=16.232ms]
----------------------------------------------------------

----------------------------------------------------------
sample path: (VehicleDBWSystem) 
  order timepoint           sequence nr.                  node name     dropped samples
bp period
latency

Statistics:
  latency:                  158.418ms [min=155.205ms, max=268.803ms, average=201.49ms, deviation=48.0412ms]
hotpath
  hot path:                 FrontLidarDriver/RearLidarDriver -> ObjectCollisionEstimator
  hot path latency:         61.8482ms [min=45.4125ms, max=61.8652ms, average=55.9154ms, deviation=4.08685ms]
  hot path drops:           0 [min=0, max=0, average=0, deviation=0]
  behavior planner period:  99.9861ms [min=99.9814ms, max=100.022ms, average=100ms, deviation=0.0106408ms]
----------------------------------------------------------

----------------------------------------------------------
sample path: (IntersectionOutput) 
  order timepoint           sequence nr.                  node name     dropped samples
latency

Statistics:
  latency:                  27.705ms [min=9.10137ms, max=75.9198ms, average=33.9528ms, deviation=16.1724ms]
----------------------------------------------------------

----------------------------------------------------------
sample path: (IntersectionOutput) 
  order timepoint           sequence nr.                  node name     dropped samples
latency

Statistics:
  latency:                  26.1163ms [min=9.10137ms, max=75.9198ms, average=33.8864ms, deviation=16.1193ms]
----------------------------------------------------------

----------------------------------------------------------
sample path: (IntersectionOutput) 
  order timepoint           sequence nr.                  node name     dropped samples
latency

Statistics:
  latency:                  16.954ms [min=9.10137ms, max=75.9198ms, average=33.7441ms, deviation=16.1257ms]
----------------------------------------------------------

----------------------------------------------------------
sample path: (IntersectionOutput) 
  order timepoint           sequence nr.                  node name     dropped samples
latency

Statistics:
  latency:                  74.2929ms [min=9.10137ms, max=75.9198ms, average=34.082ms, deviation=16.4789ms]
----------------------------------------------------------

----------------------------------------------------------
sample path: (IntersectionOutput) 
  order timepoint           sequence nr.                  node name     dropped samples
latency

Statistics:
  latency:                  45.3153ms [min=9.10137ms, max=75.9198ms, average=34.1748ms, deviation=16.4419ms]
----------------------------------------------------------

----------------------------------------------------------
sample path: (VehicleDBWSystem) 
  order timepoint           sequence nr.                  node name     dropped samples
bp period
latency

Statistics:
  latency:                  266.724ms [min=155.205ms, max=268.803ms, average=203.528ms, deviation=48.6466ms]
hotpath
  hot path:                 FrontLidarDriver/RearLidarDriver -> ObjectCollisionEstimator
  hot path latency:         54.172ms [min=45.4125ms, max=61.8652ms, average=55.861ms, deviation=4.03219ms]
  hot path drops:           0 [min=0, max=0, average=0, deviation=0]
  behavior planner period:  100.007ms [min=99.9814ms, max=100.022ms, average=100ms, deviation=0.0105476ms]
----------------------------------------------------------

----------------------------------------------------------
sample path: (IntersectionOutput) 
  order timepoint           sequence nr.                  node name     dropped samples
latency

Statistics:
  latency:                  9.32087ms [min=9.10137ms, max=75.9198ms, average=33.9711ms, deviation=16.5277ms]
----------------------------------------------------------

----------------------------------------------------------
sample path: (IntersectionOutput) 
  order timepoint           sequence nr.                  node name     dropped samples
latency

Statistics:
  latency:                  69.5611ms [min=9.10137ms, max=75.9198ms, average=34.2605ms, deviation=16.7697ms]
----------------------------------------------------------

----------------------------------------------------------
sample path: (IntersectionOutput) 
  order timepoint           sequence nr.                  node name     dropped samples
latency

Statistics:
  latency:                  45.5431ms [min=9.10137ms, max=75.9198ms, average=34.3515ms, deviation=16.7321ms]
----------------------------------------------------------

----------------------------------------------------------
sample path: (VehicleDBWSystem) 
  order timepoint           sequence nr.                  node name     dropped samples
bp period
latency

Statistics:
  latency:                  267.745ms [min=155.205ms, max=268.803ms, average=205.474ms, deviation=49.1681ms]
hotpath
  hot path:                 FrontLidarDriver/RearLidarDriver -> ObjectCollisionEstimator
  hot path latency:         57.2054ms [min=45.4125ms, max=61.8652ms, average=55.9017ms, deviation=3.97558ms]
  hot path drops:           0 [min=0, max=0, average=0, deviation=0]
  behavior planner period:  100.017ms [min=99.9814ms, max=100.022ms, average=100.001ms, deviation=0.0107702ms]
----------------------------------------------------------

----------------------------------------------------------
sample path: (IntersectionOutput) 
  order timepoint           sequence nr.                  node name     dropped samples
latency

Statistics:
  latency:                  36.4524ms [min=9.10137ms, max=75.9198ms, average=34.3683ms, deviation=16.6656ms]
----------------------------------------------------------

----------------------------------------------------------
sample path: (IntersectionOutput) 
  order timepoint           sequence nr.                  node name     dropped samples
latency

Statistics:
  latency:                  18.3255ms [min=9.10137ms, max=75.9198ms, average=34.2409ms, deviation=16.6602ms]
----------------------------------------------------------

----------------------------------------------------------
sample path: (IntersectionOutput) 
  order timepoint           sequence nr.                  node name     dropped samples
latency

Statistics:
  latency:                  38.1939ms [min=9.10137ms, max=75.9198ms, average=34.2721ms, deviation=16.5976ms]
----------------------------------------------------------

----------------------------------------------------------
sample path: (IntersectionOutput) 
  order timepoint           sequence nr.                  node name     dropped samples
latency

Statistics:
  latency:                  37.7012ms [min=9.10137ms, max=75.9198ms, average=34.2989ms, deviation=16.5349ms]
----------------------------------------------------------

----------------------------------------------------------
sample path: (VehicleDBWSystem) 
  order timepoint           sequence nr.                  node name     dropped samples
bp period
latency

Statistics:
  latency:                  238.37ms [min=155.205ms, max=268.803ms, average=206.442ms, deviation=48.745ms]
hotpath
  hot path:                 FrontLidarDriver/RearLidarDriver -> ObjectCollisionEstimator
  hot path latency:         52.87ms [min=45.4125ms, max=61.8652ms, average=55.8125ms, deviation=3.94926ms]
  hot path drops:           0 [min=0, max=0, average=0, deviation=0]
  behavior planner period:  99.9891ms [min=99.9814ms, max=100.022ms, average=100ms, deviation=0.0107938ms]
----------------------------------------------------------

----------------------------------------------------------
sample path: (IntersectionOutput) 
  order timepoint           sequence nr.                  node name     dropped samples
latency

Statistics:
  latency:                  36.5537ms [min=9.10137ms, max=75.9198ms, average=34.3163ms, deviation=16.4714ms]
----------------------------------------------------------

----------------------------------------------------------
sample path: (IntersectionOutput) 
  order timepoint           sequence nr.                  node name     dropped samples
latency

Statistics:
  latency:                  36.4322ms [min=9.10137ms, max=75.9198ms, average=34.3326ms, deviation=16.4085ms]
----------------------------------------------------------

----------------------------------------------------------
sample path: (IntersectionOutput) 
  order timepoint           sequence nr.                  node name     dropped samples
latency

Statistics:
  latency:                  17.3372ms [min=9.10137ms, max=75.9198ms, average=34.2029ms, deviation=16.4126ms]
----------------------------------------------------------

----------------------------------------------------------
sample path: (VehicleDBWSystem) 
  order timepoint           sequence nr.                  node name     dropped samples
bp period
latency

Statistics:
  latency:                  155.515ms [min=155.205ms, max=268.803ms, average=204.987ms, deviation=48.7882ms]
hotpath
  hot path:                 FrontLidarDriver/RearLidarDriver -> ObjectCollisionEstimator
  hot path latency:         58.9604ms [min=45.4125ms, max=61.8652ms, average=55.9025ms, deviation=3.92696ms]
  hot path drops:           0 [min=0, max=0, average=0, deviation=0]
  behavior planner period:  99.9962ms [min=99.9814ms, max=100.022ms, average=100ms, deviation=0.0106537ms]
----------------------------------------------------------

----------------------------------------------------------
sample path: (IntersectionOutput) 
  order timepoint           sequence nr.                  node name     dropped samples
latency

Statistics:
  latency:                  38.2327ms [min=9.10137ms, max=75.9198ms, average=34.2334ms, deviation=16.3536ms]
----------------------------------------------------------

----------------------------------------------------------
sample path: (IntersectionOutput) 
  order timepoint           sequence nr.                  node name     dropped samples
latency

Statistics:
  latency:                  36.4119ms [min=9.10137ms, max=75.9198ms, average=34.2498ms, deviation=16.2926ms]
----------------------------------------------------------

----------------------------------------------------------
sample path: (IntersectionOutput) 
  order timepoint           sequence nr.                  node name     dropped samples
latency

Statistics:
  latency:                  36.2144ms [min=9.10137ms, max=75.9198ms, average=34.2644ms, deviation=16.2321ms]
----------------------------------------------------------

----------------------------------------------------------
sample path: (IntersectionOutput) 
  order timepoint           sequence nr.                  node name     dropped samples
latency

Statistics:
  latency:                  17.0982ms [min=9.10137ms, max=75.9198ms, average=34.1373ms, deviation=16.2388ms]
----------------------------------------------------------

----------------------------------------------------------
sample path: (VehicleDBWSystem) 
  order timepoint           sequence nr.                  node name     dropped samples
bp period
latency

Statistics:
  latency:                  155.231ms [min=155.205ms, max=268.803ms, average=203.605ms, deviation=48.796ms]
hotpath
  hot path:                 FrontLidarDriver/RearLidarDriver -> ObjectCollisionEstimator
  hot path latency:         59.837ms [min=45.4125ms, max=61.8652ms, average=56.0118ms, deviation=3.92561ms]
  hot path drops:           0 [min=0, max=0, average=0, deviation=0]
  behavior planner period:  99.9988ms [min=99.9814ms, max=100.022ms, average=100ms, deviation=0.010499ms]
----------------------------------------------------------

----------------------------------------------------------
sample path: (IntersectionOutput) 
  order timepoint           sequence nr.                  node name     dropped samples
latency

Statistics:
  latency:                  37.9584ms [min=9.10137ms, max=75.9198ms, average=34.1654ms, deviation=16.1819ms]
----------------------------------------------------------

----------------------------------------------------------
sample path: (IntersectionOutput) 
  order timepoint           sequence nr.                  node name     dropped samples
latency

Statistics:
  latency:                  38.6372ms [min=9.10137ms, max=75.9198ms, average=34.198ms, deviation=16.1268ms]
----------------------------------------------------------

----------------------------------------------------------
sample path: (IntersectionOutput) 
  order timepoint           sequence nr.                  node name     dropped samples
latency

Statistics:
  latency:                  27.2623ms [min=9.10137ms, max=75.9198ms, average=34.1478ms, deviation=16.0787ms]
----------------------------------------------------------

----------------------------------------------------------
sample path: (IntersectionOutput) 
  order timepoint           sequence nr.                  node name     dropped samples
latency

Statistics:
  latency:                  45.2155ms [min=9.10137ms, max=75.9198ms, average=34.2274ms, deviation=16.0478ms]
----------------------------------------------------------

----------------------------------------------------------
sample path: (VehicleDBWSystem) 
  order timepoint           sequence nr.                  node name     dropped samples
bp period
latency

Statistics:
  latency:                  157.614ms [min=155.205ms, max=268.803ms, average=202.362ms, deviation=48.7039ms]
hotpath
  hot path:                 FrontLidarDriver/RearLidarDriver -> ObjectCollisionEstimator
  hot path latency:         59.8318ms [min=45.4125ms, max=61.8652ms, average=56.115ms, deviation=3.92132ms]
  hot path drops:           0 [min=0, max=0, average=0, deviation=0]
  behavior planner period:  99.9907ms [min=99.9814ms, max=100.022ms, average=99.9999ms, deviation=0.0104699ms]
----------------------------------------------------------

----------------------------------------------------------
sample path: (IntersectionOutput) 
  order timepoint           sequence nr.                  node name     dropped samples
latency

Statistics:
  latency:                  27.5698ms [min=9.10137ms, max=75.9198ms, average=34.1798ms, deviation=15.9999ms]
----------------------------------------------------------

----------------------------------------------------------
sample path: (IntersectionOutput) 
  order timepoint           sequence nr.                  node name     dropped samples
latency

Statistics:
  latency:                  17.7012ms [min=9.10137ms, max=75.9198ms, average=34.063ms, deviation=16.0029ms]
----------------------------------------------------------

----------------------------------------------------------
sample path: (IntersectionOutput) 
  order timepoint           sequence nr.                  node name     dropped samples
latency

Statistics:
  latency:                  16.9401ms [min=9.10137ms, max=75.9198ms, average=33.9424ms, deviation=16.0107ms]
----------------------------------------------------------

----------------------------------------------------------
sample path: (IntersectionOutput) 
  order timepoint           sequence nr.                  node name     dropped samples
latency

Statistics:
  latency:                  72.6608ms [min=9.10137ms, max=75.9198ms, average=34.2131ms, deviation=16.2794ms]
----------------------------------------------------------

----------------------------------------------------------
sample path: (IntersectionOutput) 
  order timepoint           sequence nr.                  node name     dropped samples
latency

Statistics:
  latency:                  45.4183ms [min=9.10137ms, max=75.9198ms, average=34.291ms, deviation=16.2492ms]
----------------------------------------------------------

----------------------------------------------------------
sample path: (VehicleDBWSystem) 
  order timepoint           sequence nr.                  node name     dropped samples
bp period
latency

Statistics:
  latency:                  264.008ms [min=155.205ms, max=268.803ms, average=203.984ms, deviation=49.0711ms]
hotpath
  hot path:                 FrontLidarDriver/RearLidarDriver -> ObjectCollisionEstimator
  hot path latency:         54.0432ms [min=45.4125ms, max=61.8652ms, average=56.0605ms, deviation=3.88254ms]
  hot path drops:           0 [min=0, max=0, average=0, deviation=0]
  behavior planner period:  100.012ms [min=99.9814ms, max=100.022ms, average=100ms, deviation=0.0105166ms]
----------------------------------------------------------

----------------------------------------------------------
sample path: (IntersectionOutput) 
  order timepoint           sequence nr.                  node name     dropped samples
latency

Statistics:
  latency:                  9.23447ms [min=9.10137ms, max=75.9198ms, average=34.1181ms, deviation=16.3259ms]
----------------------------------------------------------

----------------------------------------------------------
sample path: (IntersectionOutput) 
  order timepoint           sequence nr.                  node name     dropped samples
latency

Statistics:
  latency:                  69.7672ms [min=9.10137ms, max=75.9198ms, average=34.3623ms, deviation=16.5348ms]
----------------------------------------------------------

----------------------------------------------------------
sample path: (IntersectionOutput) 
  order timepoint           sequence nr.                  node name     dropped samples
latency

Statistics:
  latency:                  45.3683ms [min=9.10137ms, max=75.9198ms, average=34.4372ms, deviation=16.5031ms]
----------------------------------------------------------

----------------------------------------------------------
sample path: (VehicleDBWSystem) 
  order timepoint           sequence nr.                  node name     dropped samples
bp period
latency

Statistics:
  latency:                  259.334ms [min=155.205ms, max=268.803ms, average=205.403ms, deviation=49.2256ms]
hotpath
  hot path:                 FrontLidarDriver/RearLidarDriver -> ObjectCollisionEstimator
  hot path latency:         55.6068ms [min=45.4125ms, max=61.8652ms, average=56.0488ms, deviation=3.8318ms]
  hot path drops:           0 [min=0, max=0, average=0, deviation=0]
  behavior planner period:  100.004ms [min=99.9814ms, max=100.022ms, average=100ms, deviation=0.0103871ms]
----------------------------------------------------------

----------------------------------------------------------
sample path: (IntersectionOutput) 
  order timepoint           sequence nr.                  node name     dropped samples
latency

Statistics:
  latency:                  36.3827ms [min=9.10137ms, max=75.9198ms, average=34.4503ms, deviation=16.4476ms]
----------------------------------------------------------

----------------------------------------------------------
sample path: (IntersectionOutput) 
  order timepoint           sequence nr.                  node name     dropped samples
latency

Statistics:
  latency:                  18.3333ms [min=9.10137ms, max=75.9198ms, average=34.3422ms, deviation=16.4451ms]
----------------------------------------------------------

----------------------------------------------------------
sample path: (IntersectionOutput) 
  order timepoint           sequence nr.                  node name     dropped samples
latency

Statistics:
  latency:                  38.1461ms [min=9.10137ms, max=75.9198ms, average=34.3675ms, deviation=16.3927ms]
----------------------------------------------------------

----------------------------------------------------------
sample path: (IntersectionOutput) 
  order timepoint           sequence nr.                  node name     dropped samples
latency

Statistics:
  latency:                  37.6295ms [min=9.10137ms, max=75.9198ms, average=34.3891ms, deviation=16.3402ms]
----------------------------------------------------------

----------------------------------------------------------
sample path: (VehicleDBWSystem) 
  order timepoint           sequence nr.                  node name     dropped samples
bp period
latency

Statistics:
  latency:                  241.065ms [min=155.205ms, max=268.803ms, average=206.295ms, deviation=48.9165ms]
hotpath
  hot path:                 FrontLidarDriver/RearLidarDriver -> ObjectCollisionEstimator
  hot path latency:         52.4569ms [min=45.4125ms, max=61.8652ms, average=55.959ms, deviation=3.82476ms]
  hot path drops:           0 [min=0, max=0, average=0, deviation=0]
  behavior planner period:  100.001ms [min=99.9814ms, max=100.022ms, average=100ms, deviation=0.0102503ms]
----------------------------------------------------------

----------------------------------------------------------
sample path: (IntersectionOutput) 
  order timepoint           sequence nr.                  node name     dropped samples
latency

Statistics:
  latency:                  36.3366ms [min=9.10137ms, max=75.9198ms, average=34.4019ms, deviation=16.2867ms]
----------------------------------------------------------

----------------------------------------------------------
sample path: (IntersectionOutput) 
  order timepoint           sequence nr.                  node name     dropped samples
latency

Statistics:
  latency:                  36.7798ms [min=9.10137ms, max=75.9198ms, average=34.4175ms, deviation=16.2342ms]
----------------------------------------------------------

----------------------------------------------------------
sample path: (IntersectionOutput) 
  order timepoint           sequence nr.                  node name     dropped samples
latency

Statistics:
  latency:                  9.98367ms [min=9.10137ms, max=75.9198ms, average=34.2588ms, deviation=16.3004ms]
----------------------------------------------------------

----------------------------------------------------------
sample path: (VehicleDBWSystem) 
  order timepoint           sequence nr.                  node name     dropped samples
bp period
latency

Statistics:
  latency:                  155.293ms [min=155.205ms, max=268.803ms, average=205.051ms, deviation=48.9535ms]
hotpath
  hot path:                 FrontLidarDriver/RearLidarDriver -> ObjectCollisionEstimator
  hot path latency:         58.7808ms [min=45.4125ms, max=61.8652ms, average=56.0279ms, deviation=3.80227ms]
  hot path drops:           0 [min=0, max=0, average=0, deviation=0]
  behavior planner period:  99.995ms [min=99.9814ms, max=100.022ms, average=100ms, deviation=0.0101544ms]
----------------------------------------------------------

----------------------------------------------------------
sample path: (IntersectionOutput) 
  order timepoint           sequence nr.                  node name     dropped samples
latency

Statistics:
  latency:                  27.6724ms [min=9.10137ms, max=75.9198ms, average=34.2163ms, deviation=16.256ms]
----------------------------------------------------------

----------------------------------------------------------
sample path: (IntersectionOutput) 
  order timepoint           sequence nr.                  node name     dropped samples
latency

Statistics:
  latency:                  18.2301ms [min=9.10137ms, max=75.9198ms, average=34.1139ms, deviation=16.254ms]
----------------------------------------------------------

----------------------------------------------------------
sample path: (IntersectionOutput) 
  order timepoint           sequence nr.                  node name     dropped samples
latency

Statistics:
  latency:                  44.8243ms [min=9.10137ms, max=75.9198ms, average=34.1821ms, deviation=16.2243ms]
----------------------------------------------------------

----------------------------------------------------------
sample path: (IntersectionOutput) 
  order timepoint           sequence nr.                  node name     dropped samples
latency

Statistics:
  latency:                  28.751ms [min=9.10137ms, max=75.9198ms, average=34.1477ms, deviation=16.1783ms]
----------------------------------------------------------

----------------------------------------------------------
sample path: (VehicleDBWSystem) 
  order timepoint           sequence nr.                  node name     dropped samples
bp period
latency

Statistics:
  latency:                  155.201ms [min=155.201ms, max=268.803ms, average=203.864ms, deviation=48.9608ms]
hotpath
  hot path:                 FrontLidarDriver/RearLidarDriver -> ObjectCollisionEstimator
  hot path latency:         50.8931ms [min=45.4125ms, max=61.8652ms, average=55.9056ms, deviation=3.83828ms]
  hot path drops:           0 [min=0, max=0, average=0, deviation=0]
  behavior planner period:  99.9994ms [min=99.9814ms, max=100.022ms, average=100ms, deviation=0.0100277ms]
----------------------------------------------------------

----------------------------------------------------------
sample path: (IntersectionOutput) 
  order timepoint           sequence nr.                  node name     dropped samples
latency

Statistics:
  latency:                  18.263ms [min=9.10137ms, max=75.9198ms, average=34.0478ms, deviation=16.1762ms]
----------------------------------------------------------

----------------------------------------------------------
sample path: (IntersectionOutput) 
  order timepoint           sequence nr.                  node name     dropped samples
latency

Statistics:
  latency:                  18.088ms [min=9.10137ms, max=75.9198ms, average=33.948ms, deviation=16.1745ms]
----------------------------------------------------------

----------------------------------------------------------
sample path: (IntersectionOutput) 
  order timepoint           sequence nr.                  node name     dropped samples
latency

Statistics:
  latency:                  45.098ms [min=9.10137ms, max=75.9198ms, average=34.0173ms, deviation=16.1478ms]
----------------------------------------------------------

----------------------------------------------------------
sample path: (VehicleDBWSystem) 
  order timepoint           sequence nr.                  node name     dropped samples
bp period
latency

Statistics:
  latency:                  157.052ms [min=155.201ms, max=268.803ms, average=202.775ms, deviation=48.8983ms]
hotpath
  hot path:                 FrontLidarDriver/RearLidarDriver -> ObjectCollisionEstimator
  hot path latency:         61.1918ms [min=45.4125ms, max=61.8652ms, average=56.0286ms, deviation=3.87705ms]
  hot path drops:           0 [min=0, max=0, average=0, deviation=0]
  behavior planner period:  99.9849ms [min=99.9814ms, max=100.022ms, average=99.9999ms, deviation=0.0101847ms]
----------------------------------------------------------

----------------------------------------------------------
sample path: (IntersectionOutput) 
  order timepoint           sequence nr.                  node name     dropped samples
latency

Statistics:
  latency:                  27.2145ms [min=9.10137ms, max=75.9198ms, average=33.9753ms, deviation=16.1065ms]
----------------------------------------------------------

----------------------------------------------------------
sample path: (IntersectionOutput) 
  order timepoint           sequence nr.                  node name     dropped samples
latency

Statistics:
  latency:                  17.8975ms [min=9.10137ms, max=75.9198ms, average=33.8767ms, deviation=16.106ms]
----------------------------------------------------------

----------------------------------------------------------
sample path: (IntersectionOutput) 
  order timepoint           sequence nr.                  node name     dropped samples
latency

Statistics:
  latency:                  16.405ms [min=9.10137ms, max=75.9198ms, average=33.7701ms, deviation=16.1144ms]
----------------------------------------------------------

----------------------------------------------------------
sample path: (IntersectionOutput) 
  order timepoint           sequence nr.                  node name     dropped samples
latency

Statistics:
  latency:                  63.113ms [min=9.10137ms, max=75.9198ms, average=33.948ms, deviation=16.2267ms]
----------------------------------------------------------

----------------------------------------------------------
sample path: (IntersectionOutput) 
  order timepoint           sequence nr.                  node name     dropped samples
latency

Statistics:
  latency:                  45.0745ms [min=9.10137ms, max=75.9198ms, average=34.015ms, deviation=16.2005ms]
----------------------------------------------------------

----------------------------------------------------------
sample path: (VehicleDBWSystem) 
  order timepoint           sequence nr.                  node name     dropped samples
bp period
latency

Statistics:
  latency:                  264.425ms [min=155.201ms, max=268.803ms, average=204.176ms, deviation=49.212ms]
hotpath
  hot path:                 FrontLidarDriver/RearLidarDriver -> ObjectCollisionEstimator
  hot path latency:         53.7239ms [min=45.4125ms, max=61.8652ms, average=55.9762ms, deviation=3.84742ms]
  hot path drops:           0 [min=0, max=0, average=0, deviation=0]
  behavior planner period:  100.002ms [min=99.9814ms, max=100.022ms, average=99.9999ms, deviation=0.0100669ms]
----------------------------------------------------------

----------------------------------------------------------
sample path: (IntersectionOutput) 
  order timepoint           sequence nr.                  node name     dropped samples
latency

Statistics:
  latency:                  18.2126ms [min=9.10137ms, max=75.9198ms, average=33.9204ms, deviation=16.1979ms]
----------------------------------------------------------

----------------------------------------------------------
sample path: (IntersectionOutput) 
  order timepoint           sequence nr.                  node name     dropped samples
latency

Statistics:
  latency:                  9.07197ms [min=9.07197ms, max=75.9198ms, average=33.7725ms, deviation=16.2627ms]
----------------------------------------------------------

----------------------------------------------------------
sample path: (IntersectionOutput) 
  order timepoint           sequence nr.                  node name     dropped samples
latency

Statistics:
  latency:                  69.7135ms [min=9.07197ms, max=75.9198ms, average=33.9851ms, deviation=16.4483ms]
----------------------------------------------------------

----------------------------------------------------------
sample path: (IntersectionOutput) 
  order timepoint           sequence nr.                  node name     dropped samples
latency

Statistics:
  latency:                  45.6199ms [min=9.07197ms, max=75.9198ms, average=34.0536ms, deviation=16.4238ms]
----------------------------------------------------------

----------------------------------------------------------
sample path: (VehicleDBWSystem) 
  order timepoint           sequence nr.                  node name     dropped samples
bp period
latency

Statistics:
  latency:                  259.862ms [min=155.201ms, max=268.803ms, average=205.414ms, deviation=49.3527ms]
hotpath
  hot path:                 FrontLidarDriver/RearLidarDriver -> ObjectCollisionEstimator
  hot path latency:         56.5688ms [min=45.4125ms, max=61.8652ms, average=55.9893ms, deviation=3.80447ms]
  hot path drops:           0 [min=0, max=0, average=0, deviation=0]
  behavior planner period:  100.028ms [min=99.9814ms, max=100.028ms, average=100.001ms, deviation=0.0107929ms]
----------------------------------------------------------

----------------------------------------------------------
sample path: (IntersectionOutput) 
  order timepoint           sequence nr.                  node name     dropped samples
latency

Statistics:
  latency:                  36.784ms [min=9.07197ms, max=75.9198ms, average=34.0695ms, deviation=16.3767ms]
----------------------------------------------------------

----------------------------------------------------------
sample path: (IntersectionOutput) 
  order timepoint           sequence nr.                  node name     dropped samples
latency

Statistics:
  latency:                  18.3686ms [min=9.07197ms, max=75.9198ms, average=33.9783ms, deviation=16.3726ms]
----------------------------------------------------------

----------------------------------------------------------
sample path: (IntersectionOutput) 
  order timepoint           sequence nr.                  node name     dropped samples
latency

Statistics:
  latency:                  37.8318ms [min=9.07197ms, max=75.9198ms, average=34.0005ms, deviation=16.3276ms]
----------------------------------------------------------

