----------------------------------------------------------
sample path: (VehicleDBWSystem) 
  order timepoint           sequence nr.                  node name     dropped samples
latency

Statistics:
  latency:                  640.017ms [min=640.017ms, max=640.017ms, average=640.017ms, deviation=-nanms]
  behavior planner period:  0ms [min=1.84467e+13ms, max=0ms, average=0ms, deviation=0ms]
----------------------------------------------------------

----------------------------------------------------------
sample path: (IntersectionOutput) 
  order timepoint           sequence nr.                  node name     dropped samples
latency

Statistics:
  latency:                  148.459ms [min=148.459ms, max=148.459ms, average=148.459ms, deviation=-nanms]
----------------------------------------------------------

----------------------------------------------------------
sample path: (IntersectionOutput) 
  order timepoint           sequence nr.                  node name     dropped samples
latency

Statistics:
  latency:                  166.478ms [min=148.459ms, max=166.478ms, average=157.469ms, deviation=12.7416ms]
----------------------------------------------------------

----------------------------------------------------------
sample path: (VehicleDBWSystem) 
  order timepoint           sequence nr.                  node name     dropped samples
bp period
latency

Statistics:
  latency:                  621.344ms [min=621.344ms, max=640.017ms, average=630.68ms, deviation=13.2041ms]
  behavior planner period:  111.445ms [min=111.445ms, max=111.445ms, average=111.445ms, deviation=-nanms]
----------------------------------------------------------

----------------------------------------------------------
sample path: (IntersectionOutput) 
  order timepoint           sequence nr.                  node name     dropped samples
latency

Statistics:
  latency:                  157.414ms [min=148.459ms, max=166.478ms, average=157.451ms, deviation=9.00972ms]
----------------------------------------------------------

----------------------------------------------------------
sample path: (VehicleDBWSystem) 
  order timepoint           sequence nr.                  node name     dropped samples
bp period
latency

Statistics:
  latency:                  566.13ms [min=566.13ms, max=640.017ms, average=609.164ms, deviation=38.4197ms]
  behavior planner period:  83.3983ms [min=83.3983ms, max=111.445ms, average=97.4215ms, deviation=19.8318ms]
----------------------------------------------------------

----------------------------------------------------------
sample path: (IntersectionOutput) 
  order timepoint           sequence nr.                  node name     dropped samples
latency

Statistics:
  latency:                  129.883ms [min=129.883ms, max=166.478ms, average=150.559ms, deviation=15.624ms]
----------------------------------------------------------

----------------------------------------------------------
sample path: (VehicleDBWSystem) 
  order timepoint           sequence nr.                  node name     dropped samples
bp period
latency

Statistics:
  latency:                  733.066ms [min=566.13ms, max=733.066ms, average=640.139ms, deviation=69.4408ms]
hotpath
  hot path:                 FrontLidarDriver/RearLidarDriver -> ObjectCollisionEstimator
  hot path latency:         417.562ms [min=417.562ms, max=417.562ms, average=417.562ms, deviation=-nanms]
  hot path drops:           0 [min=0, max=0, average=0, deviation=-nan]
  behavior planner period:  102.238ms [min=83.3983ms, max=111.445ms, average=99.0271ms, deviation=14.2963ms]
----------------------------------------------------------

----------------------------------------------------------
sample path: (IntersectionOutput) 
  order timepoint           sequence nr.                  node name     dropped samples
latency

Statistics:
  latency:                  139.038ms [min=129.883ms, max=166.478ms, average=148.255ms, deviation=14.4784ms]
----------------------------------------------------------

----------------------------------------------------------
sample path: (VehicleDBWSystem) 
  order timepoint           sequence nr.                  node name     dropped samples
bp period
latency

Statistics:
  latency:                  677.119ms [min=566.13ms, max=733.066ms, average=647.535ms, deviation=62.37ms]
  behavior planner period:  83.413ms [min=83.3983ms, max=111.445ms, average=95.1236ms, deviation=14.043ms]
----------------------------------------------------------

----------------------------------------------------------
sample path: (IntersectionOutput) 
  order timepoint           sequence nr.                  node name     dropped samples
latency

Statistics:
  latency:                  166.632ms [min=129.883ms, max=166.632ms, average=151.317ms, deviation=14.9662ms]
----------------------------------------------------------

----------------------------------------------------------
sample path: (VehicleDBWSystem) 
  order timepoint           sequence nr.                  node name     dropped samples
bp period
latency

Statistics:
  latency:                  741.996ms [min=566.13ms, max=741.996ms, average=663.279ms, deviation=67.817ms]
hotpath
  hot path:                 FrontLidarDriver/RearLidarDriver -> ObjectCollisionEstimator
  hot path latency:         399.053ms [min=399.053ms, max=417.562ms, average=408.308ms, deviation=13.0879ms]
  hot path drops:           0 [min=0, max=0, average=0, deviation=0]
  behavior planner period:  106.787ms [min=83.3983ms, max=111.445ms, average=97.4563ms, deviation=13.2331ms]
----------------------------------------------------------

----------------------------------------------------------
sample path: (IntersectionOutput) 
  order timepoint           sequence nr.                  node name     dropped samples
latency

Statistics:
  latency:                  148.004ms [min=129.883ms, max=166.632ms, average=150.844ms, deviation=13.7195ms]
----------------------------------------------------------

----------------------------------------------------------
sample path: (VehicleDBWSystem) 
  order timepoint           sequence nr.                  node name     dropped samples
bp period
latency

Statistics:
  latency:                  872.091ms [min=566.13ms, max=872.091ms, average=693.109ms, deviation=100.307ms]
  behavior planner period:  92.6757ms [min=83.3983ms, max=111.445ms, average=96.6596ms, deviation=11.9958ms]
----------------------------------------------------------

----------------------------------------------------------
sample path: (IntersectionOutput) 
  order timepoint           sequence nr.                  node name     dropped samples
latency

Statistics:
  latency:                  148.192ms [min=129.883ms, max=166.632ms, average=150.513ms, deviation=12.7364ms]
----------------------------------------------------------

----------------------------------------------------------
sample path: (VehicleDBWSystem) 
  order timepoint           sequence nr.                  node name     dropped samples
bp period
latency

Statistics:
  latency:                  816.022ms [min=566.13ms, max=872.091ms, average=708.473ms, deviation=102.531ms]
hotpath
  hot path:                 FrontLidarDriver/RearLidarDriver -> ObjectCollisionEstimator
  hot path latency:         408.005ms [min=399.053ms, max=417.562ms, average=408.207ms, deviation=9.25618ms]
  hot path drops:           0 [min=0, max=0, average=0, deviation=0]
  behavior planner period:  102.039ms [min=83.3983ms, max=111.445ms, average=97.4281ms, deviation=11.1378ms]
----------------------------------------------------------

----------------------------------------------------------
sample path: (IntersectionOutput) 
  order timepoint           sequence nr.                  node name     dropped samples
latency

Statistics:
  latency:                  139.025ms [min=129.883ms, max=166.632ms, average=149.236ms, deviation=12.514ms]
----------------------------------------------------------

----------------------------------------------------------
sample path: (VehicleDBWSystem) 
  order timepoint           sequence nr.                  node name     dropped samples
bp period
latency

Statistics:
  latency:                  676.731ms [min=566.13ms, max=872.091ms, average=704.946ms, deviation=96.4911ms]
  behavior planner period:  92.6689ms [min=83.3983ms, max=111.445ms, average=96.8332ms, deviation=10.448ms]
----------------------------------------------------------

----------------------------------------------------------
sample path: (IntersectionOutput) 
  order timepoint           sequence nr.                  node name     dropped samples
latency

Statistics:
  latency:                  157.313ms [min=129.883ms, max=166.632ms, average=150.044ms, deviation=12.0716ms]
----------------------------------------------------------

----------------------------------------------------------
sample path: (VehicleDBWSystem) 
  order timepoint           sequence nr.                  node name     dropped samples
bp period
latency

Statistics:
  latency:                  741.425ms [min=566.13ms, max=872.091ms, average=708.594ms, deviation=91.7012ms]
hotpath
  hot path:                 FrontLidarDriver/RearLidarDriver -> ObjectCollisionEstimator
  hot path latency:         407.881ms [min=399.053ms, max=417.562ms, average=408.125ms, deviation=7.5594ms]
  hot path drops:           0 [min=0, max=0, average=0, deviation=0]
  behavior planner period:  102.143ms [min=83.3983ms, max=111.445ms, average=97.4232ms, deviation=9.93221ms]
----------------------------------------------------------

----------------------------------------------------------
sample path: (IntersectionOutput) 
  order timepoint           sequence nr.                  node name     dropped samples
latency

Statistics:
  latency:                  147.912ms [min=129.883ms, max=166.632ms, average=149.85ms, deviation=11.4702ms]
----------------------------------------------------------

----------------------------------------------------------
sample path: (VehicleDBWSystem) 
  order timepoint           sequence nr.                  node name     dropped samples
bp period
latency

Statistics:
  latency:                  992.052ms [min=566.13ms, max=992.052ms, average=734.363ms, deviation=121.953ms]
  behavior planner period:  92.5992ms [min=83.3983ms, max=111.445ms, average=96.9408ms, deviation=9.48762ms]
----------------------------------------------------------

----------------------------------------------------------
sample path: (IntersectionOutput) 
  order timepoint           sequence nr.                  node name     dropped samples
latency

Statistics:
  latency:                  166.883ms [min=129.883ms, max=166.883ms, average=151.27ms, deviation=11.9908ms]
----------------------------------------------------------

----------------------------------------------------------
sample path: (VehicleDBWSystem) 
  order timepoint           sequence nr.                  node name     dropped samples
bp period
latency

Statistics:
  latency:                  843.765ms [min=566.13ms, max=992.052ms, average=743.48ms, deviation=120.49ms]
hotpath
  hot path:                 FrontLidarDriver/RearLidarDriver -> ObjectCollisionEstimator
  hot path latency:         398.614ms [min=398.614ms, max=417.562ms, average=406.223ms, deviation=7.80709ms]
  hot path drops:           0 [min=0, max=0, average=0, deviation=0]
  behavior planner period:  106.679ms [min=83.3983ms, max=111.445ms, average=97.8261ms, deviation=9.46754ms]
----------------------------------------------------------

----------------------------------------------------------
sample path: (IntersectionOutput) 
  order timepoint           sequence nr.                  node name     dropped samples
latency

Statistics:
  latency:                  148.238ms [min=129.883ms, max=166.883ms, average=151.036ms, deviation=11.5111ms]
----------------------------------------------------------

----------------------------------------------------------
sample path: (VehicleDBWSystem) 
  order timepoint           sequence nr.                  node name     dropped samples
bp period
latency

Statistics:
  latency:                  676.817ms [min=566.13ms, max=992.052ms, average=738.352ms, deviation=116.833ms]
  behavior planner period:  101.994ms [min=83.3983ms, max=111.445ms, average=98.1734ms, deviation=9.10679ms]
----------------------------------------------------------

----------------------------------------------------------
sample path: (IntersectionOutput) 
  order timepoint           sequence nr.                  node name     dropped samples
latency

Statistics:
  latency:                  138.866ms [min=129.883ms, max=166.883ms, average=150.167ms, deviation=11.5279ms]
----------------------------------------------------------

----------------------------------------------------------
sample path: (VehicleDBWSystem) 
  order timepoint           sequence nr.                  node name     dropped samples
bp period
latency

Statistics:
  latency:                  741.761ms [min=566.13ms, max=992.052ms, average=738.596ms, deviation=112.253ms]
hotpath
  hot path:                 FrontLidarDriver/RearLidarDriver -> ObjectCollisionEstimator
  hot path latency:         417.322ms [min=398.614ms, max=417.562ms, average=408.073ms, deviation=8.32405ms]
  hot path drops:           0 [min=0, max=0, average=0, deviation=0]
  behavior planner period:  102.117ms [min=83.3983ms, max=111.445ms, average=98.4768ms, deviation=8.7874ms]
----------------------------------------------------------

----------------------------------------------------------
sample path: (IntersectionOutput) 
  order timepoint           sequence nr.                  node name     dropped samples
latency

Statistics:
  latency:                  138.903ms [min=129.883ms, max=166.883ms, average=149.416ms, deviation=11.483ms]
----------------------------------------------------------

----------------------------------------------------------
sample path: (VehicleDBWSystem) 
  order timepoint           sequence nr.                  node name     dropped samples
bp period
latency

Statistics:
  latency:                  286.903ms [min=286.903ms, max=992.052ms, average=708.483ms, deviation=159.067ms]
  behavior planner period:  83.4264ms [min=83.3983ms, max=111.445ms, average=97.4017ms, deviation=9.35191ms]
----------------------------------------------------------

----------------------------------------------------------
sample path: (IntersectionOutput) 
  order timepoint           sequence nr.                  node name     dropped samples
latency

Statistics:
  latency:                  157.14ms [min=129.883ms, max=166.883ms, average=149.899ms, deviation=11.2604ms]
----------------------------------------------------------

----------------------------------------------------------
sample path: (VehicleDBWSystem) 
  order timepoint           sequence nr.                  node name     dropped samples
bp period
latency

Statistics:
  latency:                  722.92ms [min=286.903ms, max=992.052ms, average=709.385ms, deviation=153.716ms]
hotpath
  hot path:                 FrontLidarDriver/RearLidarDriver -> ObjectCollisionEstimator
  hot path latency:         398.693ms [min=398.614ms, max=417.562ms, average=406.733ms, deviation=8.38506ms]
  hot path drops:           0 [min=0, max=0, average=0, deviation=0]
  behavior planner period:  102.01ms [min=83.3983ms, max=111.445ms, average=97.709ms, deviation=9.08995ms]
----------------------------------------------------------

----------------------------------------------------------
sample path: (IntersectionOutput) 
  order timepoint           sequence nr.                  node name     dropped samples
latency

Statistics:
  latency:                  148.056ms [min=129.883ms, max=166.883ms, average=149.79ms, deviation=10.912ms]
----------------------------------------------------------

----------------------------------------------------------
sample path: (VehicleDBWSystem) 
  order timepoint           sequence nr.                  node name     dropped samples
bp period
latency

Statistics:
  latency:                  657.881ms [min=286.903ms, max=992.052ms, average=706.355ms, deviation=149.358ms]
  behavior planner period:  92.5057ms [min=83.3983ms, max=111.445ms, average=97.3838ms, deviation=8.87754ms]
----------------------------------------------------------

----------------------------------------------------------
sample path: (IntersectionOutput) 
  order timepoint           sequence nr.                  node name     dropped samples
latency

Statistics:
  latency:                  148.09ms [min=129.883ms, max=166.883ms, average=149.696ms, deviation=10.5938ms]
----------------------------------------------------------

----------------------------------------------------------
sample path: (VehicleDBWSystem) 
  order timepoint           sequence nr.                  node name     dropped samples
bp period
latency

Statistics:
  latency:                  722.807ms [min=286.903ms, max=992.052ms, average=707.269ms, deviation=144.951ms]
hotpath
  hot path:                 FrontLidarDriver/RearLidarDriver -> ObjectCollisionEstimator
  hot path latency:         398.359ms [min=398.359ms, max=417.562ms, average=405.686ms, deviation=8.30844ms]
  hot path drops:           0 [min=0, max=0, average=0, deviation=0]
  behavior planner period:  106.642ms [min=83.3983ms, max=111.445ms, average=97.9284ms, deviation=8.8841ms]
----------------------------------------------------------

----------------------------------------------------------
sample path: (IntersectionOutput) 
  order timepoint           sequence nr.                  node name     dropped samples
latency

Statistics:
  latency:                  138.899ms [min=129.883ms, max=166.883ms, average=149.128ms, deviation=10.5891ms]
----------------------------------------------------------

----------------------------------------------------------
sample path: (IntersectionOutput) 
  order timepoint           sequence nr.                  node name     dropped samples
latency

Statistics:
  latency:                  157.063ms [min=129.883ms, max=166.883ms, average=149.525ms, deviation=10.4583ms]
----------------------------------------------------------

----------------------------------------------------------
sample path: (VehicleDBWSystem) 
  order timepoint           sequence nr.                  node name     dropped samples
bp period
latency

Statistics:
  latency:                  704.382ms [min=286.903ms, max=992.052ms, average=707.117ms, deviation=140.868ms]
  behavior planner period:  111.32ms [min=83.3983ms, max=111.445ms, average=98.6724ms, deviation=9.17865ms]
----------------------------------------------------------

----------------------------------------------------------
sample path: (IntersectionOutput) 
  order timepoint           sequence nr.                  node name     dropped samples
latency

Statistics:
  latency:                  138.743ms [min=129.883ms, max=166.883ms, average=149.011ms, deviation=10.4615ms]
----------------------------------------------------------

----------------------------------------------------------
sample path: (VehicleDBWSystem) 
  order timepoint           sequence nr.                  node name     dropped samples
bp period
latency

Statistics:
  latency:                  769.263ms [min=286.903ms, max=992.052ms, average=710.225ms, deviation=137.814ms]
hotpath
  hot path:                 FrontLidarDriver/RearLidarDriver -> ObjectCollisionEstimator
  hot path latency:         407.812ms [min=398.359ms, max=417.562ms, average=405.922ms, deviation=7.80407ms]
  hot path drops:           0 [min=0, max=0, average=0, deviation=0]
  behavior planner period:  74.0616ms [min=74.0616ms, max=111.445ms, average=97.3771ms, deviation=10.5568ms]
----------------------------------------------------------

----------------------------------------------------------
sample path: (IntersectionOutput) 
  order timepoint           sequence nr.                  node name     dropped samples
latency

Statistics:
  latency:                  129.543ms [min=129.543ms, max=166.883ms, average=148.126ms, deviation=11.0208ms]
----------------------------------------------------------

----------------------------------------------------------
sample path: (VehicleDBWSystem) 
  order timepoint           sequence nr.                  node name     dropped samples
bp period
latency

Statistics:
  latency:                  611.615ms [min=286.903ms, max=992.052ms, average=705.529ms, deviation=136.037ms]
  behavior planner period:  111.151ms [min=74.0616ms, max=111.445ms, average=98.0657ms, deviation=10.7269ms]
----------------------------------------------------------

----------------------------------------------------------
sample path: (IntersectionOutput) 
  order timepoint           sequence nr.                  node name     dropped samples
latency

Statistics:
  latency:                  111.238ms [min=111.238ms, max=166.883ms, average=146.522ms, deviation=13.2326ms]
----------------------------------------------------------

----------------------------------------------------------
sample path: (VehicleDBWSystem) 
  order timepoint           sequence nr.                  node name     dropped samples
bp period
latency

Statistics:
  latency:                  593.218ms [min=286.903ms, max=992.052ms, average=700.424ms, deviation=134.9ms]
hotpath
  hot path:                 FrontLidarDriver/RearLidarDriver -> ObjectCollisionEstimator
  hot path latency:         296.655ms [min=296.655ms, max=417.562ms, average=394.996ms, deviation=35.3282ms]
  hot path drops:           2 [min=0, max=2, average=0.2, deviation=0.632456]
  behavior planner period:  97.4032ms [min=74.0616ms, max=111.445ms, average=98.0342ms, deviation=10.4563ms]
----------------------------------------------------------

----------------------------------------------------------
sample path: (IntersectionOutput) 
  order timepoint           sequence nr.                  node name     dropped samples
latency

Statistics:
  latency:                  120.524ms [min=111.238ms, max=166.883ms, average=145.439ms, deviation=13.9875ms]
----------------------------------------------------------

----------------------------------------------------------
sample path: (IntersectionOutput) 
  order timepoint           sequence nr.                  node name     dropped samples
latency

Statistics:
  latency:                  157.177ms [min=111.238ms, max=166.883ms, average=145.909ms, deviation=13.8928ms]
----------------------------------------------------------

----------------------------------------------------------
sample path: (VehicleDBWSystem) 
  order timepoint           sequence nr.                  node name     dropped samples
bp period
latency

Statistics:
  latency:                  741.72ms [min=286.903ms, max=992.052ms, average=702.219ms, deviation=132.08ms]
hotpath
  hot path:                 FrontLidarDriver/RearLidarDriver -> ObjectCollisionEstimator
  hot path latency:         287.531ms [min=287.531ms, max=417.562ms, average=385.226ms, deviation=46.6172ms]
  hot path drops:           1 [min=0, max=2, average=0.272727, deviation=0.64667]
  behavior planner period:  92.8672ms [min=74.0616ms, max=111.445ms, average=97.7993ms, deviation=10.2636ms]
----------------------------------------------------------

----------------------------------------------------------
sample path: (IntersectionOutput) 
  order timepoint           sequence nr.                  node name     dropped samples
latency

Statistics:
  latency:                  148.31ms [min=111.238ms, max=166.883ms, average=146.001ms, deviation=13.6203ms]
----------------------------------------------------------

----------------------------------------------------------
sample path: (VehicleDBWSystem) 
  order timepoint           sequence nr.                  node name     dropped samples
bp period
latency

Statistics:
  latency:                  296.636ms [min=286.903ms, max=992.052ms, average=685.32ms, deviation=153.43ms]
  behavior planner period:  92.5047ms [min=74.0616ms, max=111.445ms, average=97.5691ms, deviation=10.0882ms]
----------------------------------------------------------

----------------------------------------------------------
sample path: (IntersectionOutput) 
  order timepoint           sequence nr.                  node name     dropped samples
latency

Statistics:
  latency:                  148.238ms [min=111.238ms, max=166.883ms, average=146.084ms, deviation=13.3627ms]
----------------------------------------------------------

----------------------------------------------------------
sample path: (VehicleDBWSystem) 
  order timepoint           sequence nr.                  node name     dropped samples
bp period
latency

Statistics:
  latency:                  732.678ms [min=286.903ms, max=992.052ms, average=687.214ms, deviation=150.498ms]
hotpath
  hot path:                 FrontLidarDriver/RearLidarDriver -> ObjectCollisionEstimator
  hot path latency:         389.446ms [min=287.531ms, max=417.562ms, average=385.578ms, deviation=44.4644ms]
  hot path drops:           0 [min=0, max=2, average=0.25, deviation=0.621582]
  behavior planner period:  116.001ms [min=74.0616ms, max=116.001ms, average=98.3371ms, deviation=10.5595ms]
----------------------------------------------------------

----------------------------------------------------------
sample path: (IntersectionOutput) 
  order timepoint           sequence nr.                  node name     dropped samples
latency

Statistics:
  latency:                  139.036ms [min=111.238ms, max=166.883ms, average=145.832ms, deviation=13.1804ms]
----------------------------------------------------------

----------------------------------------------------------
sample path: (VehicleDBWSystem) 
  order timepoint           sequence nr.                  node name     dropped samples
bp period
latency

Statistics:
  latency:                  862.875ms [min=286.903ms, max=992.052ms, average=693.971ms, deviation=151.428ms]
  behavior planner period:  92.7235ms [min=74.0616ms, max=116.001ms, average=98.1126ms, deviation=10.3979ms]
----------------------------------------------------------

----------------------------------------------------------
sample path: (IntersectionOutput) 
  order timepoint           sequence nr.                  node name     dropped samples
latency

Statistics:
  latency:                  120.511ms [min=111.238ms, max=166.883ms, average=144.959ms, deviation=13.7705ms]
----------------------------------------------------------

