FrontLidarDriver
RearLidarDriver
PointCloudMap
Visualizer
Lanelet2Map
EuclideanClusterSettings
PointsTransformerFront
PointsTransformerRear
VoxelGridDownsampler
PointCloudMapLoader
RayGroundFilter
ObjectCollisionEstimator
MPCController
ParkingPlanner
LanePlanner
PointCloudFusion
NDTLocalizer
VehicleInterface
Lanelet2GlobalPlanner
Lanelet2MapLoader
BehaviorPlanner
EuclideanClusterDetector
VehicleDBWSystem
IntersectionOutput
EuclideanClusterDetector
ObjectCollisionEstimator
PointCloudFusion
RayGroundFilter
----------------------------------------------------------
sample path: (IntersectionOutput) 
  order timepoint           sequence nr.                  node name     dropped samples
latency

Statistics:
  latency:                  44.2466ms [min=44.2466ms, max=44.2466ms, average=44.2466ms, deviation=-nanms]
----------------------------------------------------------

----------------------------------------------------------
sample path: (IntersectionOutput) 
  order timepoint           sequence nr.                  node name     dropped samples
latency

Statistics:
  latency:                  66.5332ms [min=44.2466ms, max=66.5332ms, average=55.3899ms, deviation=15.759ms]
----------------------------------------------------------

----------------------------------------------------------
sample path: (VehicleDBWSystem) 
  order timepoint           sequence nr.                  node name     dropped samples
latency

Statistics:
  latency:                  237.408ms [min=237.408ms, max=237.408ms, average=237.408ms, deviation=-nanms]
hotpath
  hot path:                 FrontLidarDriver/RearLidarDriver -> ObjectCollisionEstimator
  hot path latency:         90.6547ms [min=90.6547ms, max=90.6547ms, average=90.6547ms, deviation=-nanms]
  hot path drops:           0 [min=0, max=0, average=0, deviation=-nan]
  behavior planner period:  0ms [min=1.84467e+13ms, max=0ms, average=0ms, deviation=0ms]
----------------------------------------------------------

----------------------------------------------------------
sample path: (IntersectionOutput) 
  order timepoint           sequence nr.                  node name     dropped samples
latency

Statistics:
  latency:                  44.1959ms [min=44.1959ms, max=66.5332ms, average=51.6586ms, deviation=12.8818ms]
----------------------------------------------------------

----------------------------------------------------------
sample path: (IntersectionOutput) 
  order timepoint           sequence nr.                  node name     dropped samples
latency

Statistics:
  latency:                  77.1476ms [min=44.1959ms, max=77.1476ms, average=58.0308ms, deviation=16.5242ms]
----------------------------------------------------------

----------------------------------------------------------
sample path: (IntersectionOutput) 
  order timepoint           sequence nr.                  node name     dropped samples
latency

Statistics:
  latency:                  43.9019ms [min=43.9019ms, max=77.1476ms, average=55.205ms, deviation=15.6433ms]
----------------------------------------------------------

----------------------------------------------------------
sample path: (VehicleDBWSystem) 
  order timepoint           sequence nr.                  node name     dropped samples
bp period
latency

Statistics:
  latency:                  237.12ms [min=237.12ms, max=237.408ms, average=237.264ms, deviation=0.203512ms]
hotpath
  hot path:                 FrontLidarDriver/RearLidarDriver -> ObjectCollisionEstimator
  hot path latency:         79.5929ms [min=79.5929ms, max=90.6547ms, average=85.1238ms, deviation=7.82189ms]
  hot path drops:           0 [min=0, max=0, average=0, deviation=0]
  behavior planner period:  100.543ms [min=100.543ms, max=100.543ms, average=100.543ms, deviation=-nanms]
----------------------------------------------------------

----------------------------------------------------------
sample path: (IntersectionOutput) 
  order timepoint           sequence nr.                  node name     dropped samples
latency

Statistics:
  latency:                  33.0203ms [min=33.0203ms, max=77.1476ms, average=51.5076ms, deviation=16.6673ms]
----------------------------------------------------------

----------------------------------------------------------
sample path: (IntersectionOutput) 
  order timepoint           sequence nr.                  node name     dropped samples
latency

Statistics:
  latency:                  66.766ms [min=33.0203ms, max=77.1476ms, average=53.6873ms, deviation=16.2714ms]
----------------------------------------------------------

----------------------------------------------------------
sample path: (IntersectionOutput) 
  order timepoint           sequence nr.                  node name     dropped samples
latency

Statistics:
  latency:                  56.9644ms [min=33.0203ms, max=77.1476ms, average=54.097ms, deviation=15.1089ms]
----------------------------------------------------------

----------------------------------------------------------
sample path: (VehicleDBWSystem) 
  order timepoint           sequence nr.                  node name     dropped samples
bp period
latency

Statistics:
  latency:                  245.346ms [min=237.12ms, max=245.346ms, average=239.958ms, deviation=4.66866ms]
hotpath
  hot path:                 FrontLidarDriver/RearLidarDriver -> ObjectCollisionEstimator
  hot path latency:         71.5133ms [min=71.5133ms, max=90.6547ms, average=80.5869ms, deviation=9.60936ms]
  hot path drops:           0 [min=0, max=0, average=0, deviation=0]
  behavior planner period:  99.4484ms [min=99.4484ms, max=100.543ms, average=99.9957ms, deviation=0.774029ms]
----------------------------------------------------------

----------------------------------------------------------
sample path: (IntersectionOutput) 
  order timepoint           sequence nr.                  node name     dropped samples
latency

Statistics:
  latency:                  34.478ms [min=33.0203ms, max=77.1476ms, average=51.9171ms, deviation=15.5727ms]
----------------------------------------------------------

----------------------------------------------------------
sample path: (IntersectionOutput) 
  order timepoint           sequence nr.                  node name     dropped samples
latency

Statistics:
  latency:                  67.4784ms [min=33.0203ms, max=77.1476ms, average=53.4732ms, deviation=15.4848ms]
----------------------------------------------------------

----------------------------------------------------------
sample path: (IntersectionOutput) 
  order timepoint           sequence nr.                  node name     dropped samples
latency

Statistics:
  latency:                  44.605ms [min=33.0203ms, max=77.1476ms, average=52.667ms, deviation=14.9316ms]
----------------------------------------------------------

----------------------------------------------------------
sample path: (VehicleDBWSystem) 
  order timepoint           sequence nr.                  node name     dropped samples
bp period
latency

Statistics:
  latency:                  301.417ms [min=237.12ms, max=301.417ms, average=255.323ms, deviation=30.9651ms]
hotpath
  hot path:                 FrontLidarDriver/RearLidarDriver -> ObjectCollisionEstimator
  hot path latency:         74.4378ms [min=71.5133ms, max=90.6547ms, average=79.0496ms, deviation=8.42692ms]
  hot path drops:           0 [min=0, max=0, average=0, deviation=0]
  behavior planner period:  100.015ms [min=99.4484ms, max=100.543ms, average=100.002ms, deviation=0.54743ms]
----------------------------------------------------------

----------------------------------------------------------
sample path: (IntersectionOutput) 
  order timepoint           sequence nr.                  node name     dropped samples
latency

Statistics:
  latency:                  77.3686ms [min=33.0203ms, max=77.3686ms, average=54.7255ms, deviation=15.9226ms]
----------------------------------------------------------

----------------------------------------------------------
sample path: (IntersectionOutput) 
  order timepoint           sequence nr.                  node name     dropped samples
latency

Statistics:
  latency:                  78.1038ms [min=33.0203ms, max=78.1038ms, average=56.5238ms, deviation=16.5664ms]
----------------------------------------------------------

----------------------------------------------------------
sample path: (IntersectionOutput) 
  order timepoint           sequence nr.                  node name     dropped samples
latency

Statistics:
  latency:                  79.5523ms [min=33.0203ms, max=79.5523ms, average=58.1687ms, deviation=17.065ms]
----------------------------------------------------------

----------------------------------------------------------
sample path: (VehicleDBWSystem) 
  order timepoint           sequence nr.                  node name     dropped samples
bp period
latency

Statistics:
  latency:                  293.058ms [min=237.12ms, max=301.417ms, average=262.87ms, deviation=31.6847ms]
hotpath
  hot path:                 FrontLidarDriver/RearLidarDriver -> ObjectCollisionEstimator
  hot path latency:         74.5203ms [min=71.5133ms, max=90.6547ms, average=78.1438ms, deviation=7.57382ms]
  hot path drops:           0 [min=0, max=0, average=0, deviation=0]
  behavior planner period:  99.992ms [min=99.4484ms, max=100.543ms, average=99.9995ms, deviation=0.447003ms]
----------------------------------------------------------

----------------------------------------------------------
sample path: (IntersectionOutput) 
  order timepoint           sequence nr.                  node name     dropped samples
latency

Statistics:
  latency:                  79.5636ms [min=33.0203ms, max=79.5636ms, average=59.595ms, deviation=17.3473ms]
----------------------------------------------------------

----------------------------------------------------------
sample path: (IntersectionOutput) 
  order timepoint           sequence nr.                  node name     dropped samples
latency

Statistics:
  latency:                  45.555ms [min=33.0203ms, max=79.5636ms, average=58.7175ms, deviation=17.1227ms]
----------------------------------------------------------

----------------------------------------------------------
sample path: (IntersectionOutput) 
  order timepoint           sequence nr.                  node name     dropped samples
latency

Statistics:
  latency:                  74.5761ms [min=33.0203ms, max=79.5636ms, average=59.6504ms, deviation=17.0193ms]
----------------------------------------------------------

----------------------------------------------------------
sample path: (VehicleDBWSystem) 
  order timepoint           sequence nr.                  node name     dropped samples
bp period
latency

Statistics:
  latency:                  249.798ms [min=237.12ms, max=301.417ms, average=260.691ms, deviation=28.8377ms]
hotpath
  hot path:                 FrontLidarDriver/RearLidarDriver -> ObjectCollisionEstimator
  hot path latency:         84.7963ms [min=71.5133ms, max=90.6547ms, average=79.2525ms, deviation=7.29837ms]
  hot path drops:           0 [min=0, max=0, average=0, deviation=0]
  behavior planner period:  100.006ms [min=99.4484ms, max=100.543ms, average=100.001ms, deviation=0.387125ms]
----------------------------------------------------------

----------------------------------------------------------
sample path: (IntersectionOutput) 
  order timepoint           sequence nr.                  node name     dropped samples
latency

Statistics:
  latency:                  47.2124ms [min=33.0203ms, max=79.5636ms, average=58.9594ms, deviation=16.7694ms]
----------------------------------------------------------

----------------------------------------------------------
sample path: (IntersectionOutput) 
  order timepoint           sequence nr.                  node name     dropped samples
latency

Statistics:
  latency:                  79.0936ms [min=33.0203ms, max=79.5636ms, average=60.0191ms, deviation=16.9389ms]
----------------------------------------------------------

----------------------------------------------------------
sample path: (VehicleDBWSystem) 
  order timepoint           sequence nr.                  node name     dropped samples
bp period
latency

Statistics:
  latency:                  253.158ms [min=237.12ms, max=301.417ms, average=259.615ms, deviation=26.4786ms]
hotpath
  hot path:                 FrontLidarDriver/RearLidarDriver -> ObjectCollisionEstimator
  hot path latency:         89.3735ms [min=71.5133ms, max=90.6547ms, average=80.6984ms, deviation=7.68258ms]
  hot path drops:           0 [min=0, max=0, average=0, deviation=0]
  behavior planner period:  100.003ms [min=99.4484ms, max=100.543ms, average=100.001ms, deviation=0.346256ms]
----------------------------------------------------------

----------------------------------------------------------
sample path: (IntersectionOutput) 
  order timepoint           sequence nr.                  node name     dropped samples
latency

Statistics:
  latency:                  53.8724ms [min=33.0203ms, max=79.5636ms, average=59.7117ms, deviation=16.5443ms]
----------------------------------------------------------

----------------------------------------------------------
sample path: (IntersectionOutput) 
  order timepoint           sequence nr.                  node name     dropped samples
latency

Statistics:
  latency:                  57.4099ms [min=33.0203ms, max=79.5636ms, average=59.6021ms, deviation=16.1332ms]
----------------------------------------------------------

----------------------------------------------------------
sample path: (IntersectionOutput) 
  order timepoint           sequence nr.                  node name     dropped samples
latency

Statistics:
  latency:                  83.5615ms [min=33.0203ms, max=83.5615ms, average=60.6912ms, deviation=16.5523ms]
----------------------------------------------------------

----------------------------------------------------------
sample path: (VehicleDBWSystem) 
  order timepoint           sequence nr.                  node name     dropped samples
bp period
latency

Statistics:
  latency:                  274.501ms [min=237.12ms, max=301.417ms, average=261.476ms, deviation=25.073ms]
hotpath
  hot path:                 FrontLidarDriver/RearLidarDriver -> ObjectCollisionEstimator
  hot path latency:         82.398ms [min=71.5133ms, max=90.6547ms, average=80.9108ms, deviation=7.13802ms]
  hot path drops:           0 [min=0, max=0, average=0, deviation=0]
  behavior planner period:  100.236ms [min=99.4484ms, max=100.543ms, average=100.035ms, deviation=0.328336ms]
----------------------------------------------------------

----------------------------------------------------------
sample path: (IntersectionOutput) 
  order timepoint           sequence nr.                  node name     dropped samples
latency

Statistics:
  latency:                  42.2431ms [min=33.0203ms, max=83.5615ms, average=59.8891ms, deviation=16.6229ms]
----------------------------------------------------------

----------------------------------------------------------
sample path: (IntersectionOutput) 
  order timepoint           sequence nr.                  node name     dropped samples
latency

Statistics:
  latency:                  69.701ms [min=33.0203ms, max=83.5615ms, average=60.2979ms, deviation=16.3805ms]
----------------------------------------------------------

----------------------------------------------------------
sample path: (VehicleDBWSystem) 
  order timepoint           sequence nr.                  node name     dropped samples
bp period
latency

Statistics:
  latency:                  335.43ms [min=237.12ms, max=335.43ms, average=269.693ms, deviation=34.0259ms]
hotpath
  hot path:                 FrontLidarDriver/RearLidarDriver -> ObjectCollisionEstimator
  hot path latency:         122.062ms [min=71.5133ms, max=122.062ms, average=85.4832ms, deviation=15.2559ms]
  hot path drops:           0 [min=0, max=0, average=0, deviation=0]
  behavior planner period:  99.7742ms [min=99.4484ms, max=100.543ms, average=100.002ms, deviation=0.31762ms]
----------------------------------------------------------

----------------------------------------------------------
sample path: (IntersectionOutput) 
  order timepoint           sequence nr.                  node name     dropped samples
latency

Statistics:
  latency:                  122.07ms [min=33.0203ms, max=122.07ms, average=62.7688ms, deviation=20.2429ms]
----------------------------------------------------------

----------------------------------------------------------
sample path: (IntersectionOutput) 
  order timepoint           sequence nr.                  node name     dropped samples
latency

Statistics:
  latency:                  93.1907ms [min=33.0203ms, max=122.07ms, average=63.9389ms, deviation=20.7118ms]
----------------------------------------------------------

----------------------------------------------------------
sample path: (IntersectionOutput) 
  order timepoint           sequence nr.                  node name     dropped samples
latency

Statistics:
  latency:                  83.2497ms [min=33.0203ms, max=122.07ms, average=64.6541ms, deviation=20.6468ms]
----------------------------------------------------------

----------------------------------------------------------
sample path: (VehicleDBWSystem) 
  order timepoint           sequence nr.                  node name     dropped samples
bp period
latency

Statistics:
  latency:                  280.695ms [min=237.12ms, max=335.43ms, average=270.793ms, deviation=32.268ms]
hotpath
  hot path:                 FrontLidarDriver/RearLidarDriver -> ObjectCollisionEstimator
  hot path latency:         128.268ms [min=71.5133ms, max=128.268ms, average=89.7617ms, deviation=19.7469ms]
  hot path drops:           0 [min=0, max=0, average=0, deviation=0]
  behavior planner period:  100.005ms [min=99.4484ms, max=100.543ms, average=100.002ms, deviation=0.297108ms]
----------------------------------------------------------

----------------------------------------------------------
sample path: (IntersectionOutput) 
  order timepoint           sequence nr.                  node name     dropped samples
latency

Statistics:
  latency:                  84.1754ms [min=33.0203ms, max=122.07ms, average=65.3513ms, deviation=20.594ms]
----------------------------------------------------------

----------------------------------------------------------
sample path: (IntersectionOutput) 
  order timepoint           sequence nr.                  node name     dropped samples
latency

Statistics:
  latency:                  93.5966ms [min=33.0203ms, max=122.07ms, average=66.3253ms, deviation=20.892ms]
----------------------------------------------------------

----------------------------------------------------------
sample path: (VehicleDBWSystem) 
  order timepoint           sequence nr.                  node name     dropped samples
bp period
latency

Statistics:
  latency:                  290.843ms [min=237.12ms, max=335.43ms, average=272.616ms, deviation=31.2034ms]
hotpath
  hot path:                 FrontLidarDriver/RearLidarDriver -> ObjectCollisionEstimator
  hot path latency:         120.44ms [min=71.5133ms, max=128.268ms, average=92.5507ms, deviation=20.8928ms]
  hot path drops:           0 [min=0, max=0, average=0, deviation=0]
  behavior planner period:  99.9998ms [min=99.4484ms, max=100.543ms, average=100.002ms, deviation=0.280117ms]
----------------------------------------------------------

----------------------------------------------------------
sample path: (IntersectionOutput) 
  order timepoint           sequence nr.                  node name     dropped samples
latency

Statistics:
  latency:                  84.8173ms [min=33.0203ms, max=122.07ms, average=66.9417ms, deviation=20.8044ms]
----------------------------------------------------------

----------------------------------------------------------
sample path: (IntersectionOutput) 
  order timepoint           sequence nr.                  node name     dropped samples
latency

Statistics:
  latency:                  88.5484ms [min=33.0203ms, max=122.07ms, average=67.6387ms, deviation=20.8196ms]
----------------------------------------------------------

----------------------------------------------------------
sample path: (IntersectionOutput) 
  order timepoint           sequence nr.                  node name     dropped samples
latency

Statistics:
  latency:                  119.976ms [min=33.0203ms, max=122.07ms, average=69.2742ms, deviation=22.4738ms]
----------------------------------------------------------

----------------------------------------------------------
sample path: (VehicleDBWSystem) 
  order timepoint           sequence nr.                  node name     dropped samples
bp period
latency

Statistics:
  latency:                  306.239ms [min=237.12ms, max=335.43ms, average=275.418ms, deviation=31.2946ms]
hotpath
  hot path:                 FrontLidarDriver/RearLidarDriver -> ObjectCollisionEstimator
  hot path latency:         91.8389ms [min=71.5133ms, max=128.268ms, average=92.4914ms, deviation=19.9215ms]
  hot path drops:           0 [min=0, max=0, average=0, deviation=0]
  behavior planner period:  100.018ms [min=99.4484ms, max=100.543ms, average=100.004ms, deviation=0.265788ms]
----------------------------------------------------------

----------------------------------------------------------
sample path: (IntersectionOutput) 
  order timepoint           sequence nr.                  node name     dropped samples
latency

Statistics:
  latency:                  79.0305ms [min=33.0203ms, max=122.07ms, average=69.5699ms, deviation=22.185ms]
----------------------------------------------------------

----------------------------------------------------------
sample path: (IntersectionOutput) 
  order timepoint           sequence nr.                  node name     dropped samples
latency

Statistics:
  latency:                  58.6816ms [min=33.0203ms, max=122.07ms, average=69.2496ms, deviation=21.9259ms]
----------------------------------------------------------

----------------------------------------------------------
sample path: (VehicleDBWSystem) 
  order timepoint           sequence nr.                  node name     dropped samples
bp period
latency

Statistics:
  latency:                  327.729ms [min=237.12ms, max=335.43ms, average=279.442ms, deviation=33.2902ms]
hotpath
  hot path:                 FrontLidarDriver/RearLidarDriver -> ObjectCollisionEstimator
  hot path latency:         94.1285ms [min=71.5133ms, max=128.268ms, average=92.6173ms, deviation=19.0788ms]
  hot path drops:           0 [min=0, max=0, average=0, deviation=0]
  behavior planner period:  99.9914ms [min=99.4484ms, max=100.543ms, average=100.003ms, deviation=0.253443ms]
----------------------------------------------------------

----------------------------------------------------------
sample path: (IntersectionOutput) 
  order timepoint           sequence nr.                  node name     dropped samples
latency

Statistics:
  latency:                  124.223ms [min=33.0203ms, max=124.223ms, average=70.8203ms, deviation=23.5149ms]
----------------------------------------------------------

----------------------------------------------------------
sample path: (IntersectionOutput) 
  order timepoint           sequence nr.                  node name     dropped samples
latency

Statistics:
  latency:                  124.355ms [min=33.0203ms, max=124.355ms, average=72.3073ms, deviation=24.8347ms]
----------------------------------------------------------

----------------------------------------------------------
sample path: (VehicleDBWSystem) 
  order timepoint           sequence nr.                  node name     dropped samples
bp period
latency

Statistics:
  latency:                  324.317ms [min=237.12ms, max=335.43ms, average=282.647ms, deviation=34.1589ms]
hotpath
  hot path:                 FrontLidarDriver/RearLidarDriver -> ObjectCollisionEstimator
  hot path latency:         73.9907ms [min=71.5133ms, max=128.268ms, average=91.2869ms, deviation=18.9943ms]
  hot path drops:           0 [min=0, max=0, average=0, deviation=0]
  behavior planner period:  100.003ms [min=99.4484ms, max=100.543ms, average=100.003ms, deviation=0.242653ms]
----------------------------------------------------------

----------------------------------------------------------
sample path: (IntersectionOutput) 
  order timepoint           sequence nr.                  node name     dropped samples
latency

Statistics:
  latency:                  129.549ms [min=33.0203ms, max=129.549ms, average=73.8544ms, deviation=26.2333ms]
----------------------------------------------------------

----------------------------------------------------------
sample path: (IntersectionOutput) 
  order timepoint           sequence nr.                  node name     dropped samples
latency

Statistics:
  latency:                  120.98ms [min=33.0203ms, max=129.549ms, average=75.0946ms, deviation=26.982ms]
----------------------------------------------------------

----------------------------------------------------------
sample path: (IntersectionOutput) 
  order timepoint           sequence nr.                  node name     dropped samples
latency

Statistics:
  latency:                  143.432ms [min=33.0203ms, max=143.432ms, average=76.8468ms, deviation=28.7856ms]
----------------------------------------------------------

----------------------------------------------------------
sample path: (VehicleDBWSystem) 
  order timepoint           sequence nr.                  node name     dropped samples
bp period
latency

Statistics:
  latency:                  371.467ms [min=237.12ms, max=371.467ms, average=288.568ms, deviation=40.1175ms]
hotpath
  hot path:                 FrontLidarDriver/RearLidarDriver -> ObjectCollisionEstimator
  hot path latency:         82.1893ms [min=71.5133ms, max=128.268ms, average=90.6803ms, deviation=18.4535ms]
  hot path drops:           0 [min=0, max=0, average=0, deviation=0]
  behavior planner period:  100.02ms [min=99.4484ms, max=100.543ms, average=100.004ms, deviation=0.23318ms]
----------------------------------------------------------

----------------------------------------------------------
sample path: (IntersectionOutput) 
  order timepoint           sequence nr.                  node name     dropped samples
latency

Statistics:
  latency:                  124.656ms [min=33.0203ms, max=143.432ms, average=78.042ms, deviation=29.4025ms]
----------------------------------------------------------

----------------------------------------------------------
sample path: (IntersectionOutput) 
  order timepoint           sequence nr.                  node name     dropped samples
latency

Statistics:
  latency:                  144.557ms [min=33.0203ms, max=144.557ms, average=79.6643ms, deviation=30.8351ms]
----------------------------------------------------------

----------------------------------------------------------
sample path: (VehicleDBWSystem) 
  order timepoint           sequence nr.                  node name     dropped samples
bp period
latency

Statistics:
  latency:                  389.983ms [min=237.12ms, max=389.983ms, average=294.907ms, deviation=46.3134ms]
hotpath
  hot path:                 FrontLidarDriver/RearLidarDriver -> ObjectCollisionEstimator
  hot path latency:         69.3526ms [min=69.3526ms, max=128.268ms, average=89.3474ms, deviation=18.608ms]
  hot path drops:           0 [min=0, max=0, average=0, deviation=0]
  behavior planner period:  100.005ms [min=99.4484ms, max=100.543ms, average=100.004ms, deviation=0.224699ms]
----------------------------------------------------------

----------------------------------------------------------
sample path: (IntersectionOutput) 
  order timepoint           sequence nr.                  node name     dropped samples
latency

Statistics:
  latency:                  121.871ms [min=33.0203ms, max=144.557ms, average=80.6693ms, deviation=31.1453ms]
----------------------------------------------------------

----------------------------------------------------------
sample path: (IntersectionOutput) 
  order timepoint           sequence nr.                  node name     dropped samples
latency

Statistics:
  latency:                  134.409ms [min=33.0203ms, max=144.557ms, average=81.919ms, deviation=31.8449ms]
----------------------------------------------------------

----------------------------------------------------------
sample path: (VehicleDBWSystem) 
  order timepoint           sequence nr.                  node name     dropped samples
bp period
latency

Statistics:
  latency:                  316.829ms [min=237.12ms, max=389.983ms, average=296.196ms, deviation=45.1569ms]
hotpath
  hot path:                 FrontLidarDriver/RearLidarDriver -> ObjectCollisionEstimator
  hot path latency:         79.9645ms [min=69.3526ms, max=128.268ms, average=88.7954ms, deviation=18.1603ms]
  hot path drops:           0 [min=0, max=0, average=0, deviation=0]
  behavior planner period:  100.006ms [min=99.4484ms, max=100.543ms, average=100.004ms, deviation=0.21708ms]
----------------------------------------------------------

----------------------------------------------------------
sample path: (IntersectionOutput) 
  order timepoint           sequence nr.                  node name     dropped samples
latency

Statistics:
  latency:                  123.161ms [min=33.0203ms, max=144.557ms, average=82.8563ms, deviation=32.0807ms]
----------------------------------------------------------

----------------------------------------------------------
sample path: (IntersectionOutput) 
  order timepoint           sequence nr.                  node name     dropped samples
latency

Statistics:
  latency:                  124.102ms [min=33.0203ms, max=144.557ms, average=83.7729ms, deviation=32.3045ms]
----------------------------------------------------------

----------------------------------------------------------
sample path: (VehicleDBWSystem) 
  order timepoint           sequence nr.                  node name     dropped samples
bp period
latency

Statistics:
  latency:                  307.808ms [min=237.12ms, max=389.983ms, average=296.842ms, deviation=43.894ms]
hotpath
  hot path:                 FrontLidarDriver/RearLidarDriver -> ObjectCollisionEstimator
  hot path latency:         74.6764ms [min=69.3526ms, max=128.268ms, average=88.011ms, deviation=17.9296ms]
  hot path drops:           0 [min=0, max=0, average=0, deviation=0]
  behavior planner period:  99.984ms [min=99.4484ms, max=100.543ms, average=100.003ms, deviation=0.210244ms]
----------------------------------------------------------

----------------------------------------------------------
sample path: (IntersectionOutput) 
  order timepoint           sequence nr.                  node name     dropped samples
latency

Statistics:
  latency:                  123.768ms [min=33.0203ms, max=144.557ms, average=84.6424ms, deviation=32.4833ms]
----------------------------------------------------------

----------------------------------------------------------
sample path: (IntersectionOutput) 
  order timepoint           sequence nr.                  node name     dropped samples
latency

Statistics:
  latency:                  112.914ms [min=33.0203ms, max=144.557ms, average=85.2439ms, deviation=32.3919ms]
----------------------------------------------------------

----------------------------------------------------------
sample path: (IntersectionOutput) 
  order timepoint           sequence nr.                  node name     dropped samples
latency

Statistics:
  latency:                  121.428ms [min=33.0203ms, max=144.557ms, average=85.9977ms, deviation=32.4682ms]
----------------------------------------------------------

----------------------------------------------------------
sample path: (VehicleDBWSystem) 
  order timepoint           sequence nr.                  node name     dropped samples
bp period
latency

Statistics:
  latency:                  372.008ms [min=237.12ms, max=389.983ms, average=300.798ms, deviation=46.011ms]
hotpath
  hot path:                 FrontLidarDriver/RearLidarDriver -> ObjectCollisionEstimator
  hot path latency:         69.4048ms [min=69.3526ms, max=128.268ms, average=87.0318ms, deviation=17.9397ms]
  hot path drops:           0 [min=0, max=0, average=0, deviation=0]
  behavior planner period:  100.014ms [min=99.4484ms, max=100.543ms, average=100.004ms, deviation=0.203982ms]
----------------------------------------------------------

----------------------------------------------------------
sample path: (IntersectionOutput) 
  order timepoint           sequence nr.                  node name     dropped samples
latency

Statistics:
  latency:                  113.549ms [min=33.0203ms, max=144.557ms, average=86.56ms, deviation=32.3684ms]
----------------------------------------------------------

----------------------------------------------------------
sample path: (IntersectionOutput) 
  order timepoint           sequence nr.                  node name     dropped samples
latency

Statistics:
  latency:                  113.568ms [min=33.0203ms, max=144.557ms, average=87.1002ms, deviation=32.2633ms]
----------------------------------------------------------

----------------------------------------------------------
sample path: (IntersectionOutput) 
  order timepoint           sequence nr.                  node name     dropped samples
latency

Statistics:
  latency:                  126.033ms [min=33.0203ms, max=144.557ms, average=87.8636ms, deviation=32.401ms]
----------------------------------------------------------

----------------------------------------------------------
sample path: (VehicleDBWSystem) 
  order timepoint           sequence nr.                  node name     dropped samples
bp period
latency

Statistics:
  latency:                  416.288ms [min=237.12ms, max=416.288ms, average=306.572ms, deviation=51.6962ms]
hotpath
  hot path:                 FrontLidarDriver/RearLidarDriver -> ObjectCollisionEstimator
  hot path latency:         77.6278ms [min=69.3526ms, max=128.268ms, average=86.5616ms, deviation=17.5874ms]
  hot path drops:           0 [min=0, max=0, average=0, deviation=0]
  behavior planner period:  100.021ms [min=99.4484ms, max=100.543ms, average=100.004ms, deviation=0.198274ms]
----------------------------------------------------------

----------------------------------------------------------
sample path: (IntersectionOutput) 
  order timepoint           sequence nr.                  node name     dropped samples
latency

Statistics:
  latency:                  121.715ms [min=33.0203ms, max=144.557ms, average=88.5146ms, deviation=32.4234ms]
----------------------------------------------------------

----------------------------------------------------------
sample path: (IntersectionOutput) 
  order timepoint           sequence nr.                  node name     dropped samples
latency

Statistics:
  latency:                  128.513ms [min=33.0203ms, max=144.557ms, average=89.2693ms, deviation=32.5768ms]
----------------------------------------------------------

----------------------------------------------------------
sample path: (VehicleDBWSystem) 
  order timepoint           sequence nr.                  node name     dropped samples
bp period
latency

Statistics:
  latency:                  393.166ms [min=237.12ms, max=416.288ms, average=310.696ms, deviation=53.8139ms]
hotpath
  hot path:                 FrontLidarDriver/RearLidarDriver -> ObjectCollisionEstimator
  hot path latency:         75.3356ms [min=69.3526ms, max=128.268ms, average=86.027ms, deviation=17.3162ms]
  hot path drops:           0 [min=0, max=0, average=0, deviation=0]
  behavior planner period:  100.118ms [min=99.4484ms, max=100.543ms, average=100.01ms, deviation=0.194661ms]
----------------------------------------------------------

----------------------------------------------------------
sample path: (IntersectionOutput) 
  order timepoint           sequence nr.                  node name     dropped samples
latency

Statistics:
  latency:                  111.243ms [min=33.0203ms, max=144.557ms, average=89.6762ms, deviation=32.4063ms]
----------------------------------------------------------

----------------------------------------------------------
sample path: (IntersectionOutput) 
  order timepoint           sequence nr.                  node name     dropped samples
latency

Statistics:
  latency:                  110.906ms [min=33.0203ms, max=144.557ms, average=90.0622ms, deviation=32.2322ms]
----------------------------------------------------------

----------------------------------------------------------
sample path: (IntersectionOutput) 
  order timepoint           sequence nr.                  node name     dropped samples
latency

Statistics:
  latency:                  126.554ms [min=33.0203ms, max=144.557ms, average=90.7138ms, deviation=32.308ms]
----------------------------------------------------------

----------------------------------------------------------
sample path: (VehicleDBWSystem) 
  order timepoint           sequence nr.                  node name     dropped samples
bp period
latency

Statistics:
  latency:                  401.992ms [min=237.12ms, max=416.288ms, average=314.846ms, deviation=56.008ms]
hotpath
  hot path:                 FrontLidarDriver/RearLidarDriver -> ObjectCollisionEstimator
  hot path latency:         75.0765ms [min=69.3526ms, max=128.268ms, average=85.5292ms, deviation=17.0594ms]
  hot path drops:           0 [min=0, max=0, average=0, deviation=0]
  behavior planner period:  99.8637ms [min=99.4484ms, max=100.543ms, average=100.003ms, deviation=0.192405ms]
----------------------------------------------------------

----------------------------------------------------------
sample path: (IntersectionOutput) 
  order timepoint           sequence nr.                  node name     dropped samples
latency

Statistics:
  latency:                  121.688ms [min=33.0203ms, max=144.557ms, average=91.2572ms, deviation=32.28ms]
----------------------------------------------------------

----------------------------------------------------------
sample path: (IntersectionOutput) 
  order timepoint           sequence nr.                  node name     dropped samples
latency

Statistics:
  latency:                  134.043ms [min=33.0203ms, max=144.557ms, average=91.9949ms, deviation=32.485ms]
----------------------------------------------------------

----------------------------------------------------------
sample path: (VehicleDBWSystem) 
  order timepoint           sequence nr.                  node name     dropped samples
bp period
latency

Statistics:
  latency:                  321.937ms [min=237.12ms, max=416.288ms, average=315.154ms, deviation=54.7403ms]
hotpath
  hot path:                 FrontLidarDriver/RearLidarDriver -> ObjectCollisionEstimator
  hot path latency:         75.129ms [min=69.3526ms, max=128.268ms, average=85.0771ms, deviation=16.8077ms]
  hot path drops:           0 [min=0, max=0, average=0, deviation=0]
  behavior planner period:  100.004ms [min=99.4484ms, max=100.543ms, average=100.003ms, deviation=0.187768ms]
----------------------------------------------------------

----------------------------------------------------------
sample path: (IntersectionOutput) 
  order timepoint           sequence nr.                  node name     dropped samples
latency

Statistics:
  latency:                  122.247ms [min=33.0203ms, max=144.557ms, average=92.5077ms, deviation=32.4437ms]
----------------------------------------------------------

----------------------------------------------------------
sample path: (IntersectionOutput) 
  order timepoint           sequence nr.                  node name     dropped samples
latency

Statistics:
  latency:                  121.615ms [min=33.0203ms, max=144.557ms, average=92.9928ms, deviation=32.3863ms]
----------------------------------------------------------

----------------------------------------------------------
sample path: (VehicleDBWSystem) 
  order timepoint           sequence nr.                  node name     dropped samples
bp period
latency

Statistics:
  latency:                  338.833ms [min=237.12ms, max=416.288ms, average=316.14ms, deviation=53.7548ms]
hotpath
  hot path:                 FrontLidarDriver/RearLidarDriver -> ObjectCollisionEstimator
  hot path latency:         63.2567ms [min=63.2567ms, max=128.268ms, average=84.1679ms, deviation=17.031ms]
  hot path drops:           0 [min=0, max=0, average=0, deviation=0]
  behavior planner period:  100.006ms [min=99.4484ms, max=100.543ms, average=100.003ms, deviation=0.183451ms]
----------------------------------------------------------

----------------------------------------------------------
sample path: (IntersectionOutput) 
  order timepoint           sequence nr.                  node name     dropped samples
latency

Statistics:
  latency:                  122.7ms [min=33.0203ms, max=144.557ms, average=93.4798ms, deviation=32.3398ms]
----------------------------------------------------------

----------------------------------------------------------
sample path: (IntersectionOutput) 
  order timepoint           sequence nr.                  node name     dropped samples
latency

Statistics:
  latency:                  111.854ms [min=33.0203ms, max=144.557ms, average=93.7762ms, deviation=32.1584ms]
----------------------------------------------------------

----------------------------------------------------------
sample path: (IntersectionOutput) 
  order timepoint           sequence nr.                  node name     dropped samples
latency

Statistics:
  latency:                  120.983ms [min=33.0203ms, max=144.557ms, average=94.208ms, deviation=32.0816ms]
----------------------------------------------------------

----------------------------------------------------------
sample path: (VehicleDBWSystem) 
  order timepoint           sequence nr.                  node name     dropped samples
bp period
latency

Statistics:
  latency:                  369.733ms [min=237.12ms, max=416.288ms, average=318.284ms, deviation=53.7035ms]
hotpath
  hot path:                 FrontLidarDriver/RearLidarDriver -> ObjectCollisionEstimator
  hot path latency:         73.8669ms [min=63.2567ms, max=128.268ms, average=83.7558ms, deviation=16.7992ms]
  hot path drops:           0 [min=0, max=0, average=0, deviation=0]
  behavior planner period:  100.003ms [min=99.4484ms, max=100.543ms, average=100.003ms, deviation=0.179419ms]
----------------------------------------------------------

----------------------------------------------------------
sample path: (IntersectionOutput) 
  order timepoint           sequence nr.                  node name     dropped samples
latency

Statistics:
  latency:                  112.692ms [min=33.0203ms, max=144.557ms, average=94.4968ms, deviation=31.9097ms]
----------------------------------------------------------

----------------------------------------------------------
sample path: (IntersectionOutput) 
  order timepoint           sequence nr.                  node name     dropped samples
latency

Statistics:
  latency:                  70.9556ms [min=33.0203ms, max=144.557ms, average=94.1346ms, deviation=31.7938ms]
----------------------------------------------------------

----------------------------------------------------------
sample path: (VehicleDBWSystem) 
  order timepoint           sequence nr.                  node name     dropped samples
bp period
latency

Statistics:
  latency:                  414.124ms [min=237.12ms, max=416.288ms, average=321.97ms, deviation=55.8747ms]
hotpath
  hot path:                 FrontLidarDriver/RearLidarDriver -> ObjectCollisionEstimator
  hot path latency:         63.0288ms [min=63.0288ms, max=128.268ms, average=82.9586ms, deviation=16.9543ms]
  hot path drops:           0 [min=0, max=0, average=0, deviation=0]
  behavior planner period:  100.043ms [min=99.4484ms, max=100.543ms, average=100.005ms, deviation=0.17582ms]
----------------------------------------------------------

----------------------------------------------------------
sample path: (IntersectionOutput) 
  order timepoint           sequence nr.                  node name     dropped samples
latency

Statistics:
  latency:                  122.002ms [min=33.0203ms, max=144.557ms, average=94.5569ms, deviation=31.7342ms]
----------------------------------------------------------

----------------------------------------------------------
sample path: (IntersectionOutput) 
  order timepoint           sequence nr.                  node name     dropped samples
latency

Statistics:
  latency:                  144.511ms [min=33.0203ms, max=144.557ms, average=95.3024ms, deviation=32.0788ms]
----------------------------------------------------------

----------------------------------------------------------
sample path: (VehicleDBWSystem) 
  order timepoint           sequence nr.                  node name     dropped samples
bp period
latency

Statistics:
  latency:                  372.544ms [min=237.12ms, max=416.288ms, average=323.843ms, deviation=55.6474ms]
hotpath
  hot path:                 FrontLidarDriver/RearLidarDriver -> ObjectCollisionEstimator
  hot path latency:         63.2046ms [min=63.0288ms, max=128.268ms, average=82.227ms, deviation=17.0542ms]
  hot path drops:           0 [min=0, max=0, average=0, deviation=0]
  behavior planner period:  99.9636ms [min=99.4484ms, max=100.543ms, average=100.003ms, deviation=0.172458ms]
----------------------------------------------------------

----------------------------------------------------------
sample path: (IntersectionOutput) 
  order timepoint           sequence nr.                  node name     dropped samples
latency

Statistics:
  latency:                  124.573ms [min=33.0203ms, max=144.557ms, average=95.7329ms, deviation=32.0358ms]
----------------------------------------------------------

----------------------------------------------------------
sample path: (IntersectionOutput) 
  order timepoint           sequence nr.                  node name     dropped samples
latency

Statistics:
  latency:                  132.065ms [min=33.0203ms, max=144.557ms, average=96.2594ms, deviation=32.0987ms]
----------------------------------------------------------

----------------------------------------------------------
sample path: (VehicleDBWSystem) 
  order timepoint           sequence nr.                  node name     dropped samples
bp period
latency

Statistics:
  latency:                  382.495ms [min=237.12ms, max=416.288ms, average=325.938ms, deviation=55.7208ms]
hotpath
  hot path:                 FrontLidarDriver/RearLidarDriver -> ObjectCollisionEstimator
  hot path latency:         74.2213ms [min=63.0288ms, max=128.268ms, average=81.9411ms, deviation=16.8036ms]
  hot path drops:           0 [min=0, max=0, average=0, deviation=0]
  behavior planner period:  100.002ms [min=99.4484ms, max=100.543ms, average=100.003ms, deviation=0.169109ms]
----------------------------------------------------------

----------------------------------------------------------
sample path: (IntersectionOutput) 
  order timepoint           sequence nr.                  node name     dropped samples
latency

Statistics:
  latency:                  125.183ms [min=33.0203ms, max=144.557ms, average=96.6726ms, deviation=32.0522ms]
----------------------------------------------------------

----------------------------------------------------------
sample path: (IntersectionOutput) 
  order timepoint           sequence nr.                  node name     dropped samples
latency

Statistics:
  latency:                  122.186ms [min=33.0203ms, max=144.557ms, average=97.032ms, deviation=31.9662ms]
----------------------------------------------------------

----------------------------------------------------------
sample path: (IntersectionOutput) 
  order timepoint           sequence nr.                  node name     dropped samples
latency

Statistics:
  latency:                  138.611ms [min=33.0203ms, max=144.557ms, average=97.6095ms, deviation=32.1163ms]
----------------------------------------------------------

----------------------------------------------------------
sample path: (VehicleDBWSystem) 
  order timepoint           sequence nr.                  node name     dropped samples
bp period
latency

Statistics:
  latency:                  351.8ms [min=237.12ms, max=416.288ms, average=326.83ms, deviation=54.9271ms]
hotpath
  hot path:                 FrontLidarDriver/RearLidarDriver -> ObjectCollisionEstimator
  hot path latency:         75.9249ms [min=63.0288ms, max=128.268ms, average=81.7336ms, deviation=16.5386ms]
  hot path drops:           0 [min=0, max=0, average=0, deviation=0]
  behavior planner period:  100.004ms [min=99.4484ms, max=100.543ms, average=100.003ms, deviation=0.165948ms]
----------------------------------------------------------

----------------------------------------------------------
sample path: (IntersectionOutput) 
  order timepoint           sequence nr.                  node name     dropped samples
latency

Statistics:
  latency:                  134.767ms [min=33.0203ms, max=144.557ms, average=98.1185ms, deviation=32.1877ms]
----------------------------------------------------------

----------------------------------------------------------
sample path: (IntersectionOutput) 
  order timepoint           sequence nr.                  node name     dropped samples
latency

Statistics:
  latency:                  169.088ms [min=33.0203ms, max=169.088ms, average=99.0775ms, deviation=33.0139ms]
----------------------------------------------------------

----------------------------------------------------------
sample path: (VehicleDBWSystem) 
  order timepoint           sequence nr.                  node name     dropped samples
bp period
latency

Statistics:
  latency:                  341.903ms [min=237.12ms, max=416.288ms, average=327.332ms, deviation=54.0418ms]
hotpath
  hot path:                 FrontLidarDriver/RearLidarDriver -> ObjectCollisionEstimator
  hot path latency:         68.8004ms [min=63.0288ms, max=128.268ms, average=81.3025ms, deviation=16.4216ms]
  hot path drops:           0 [min=0, max=0, average=0, deviation=0]
  behavior planner period:  100.009ms [min=99.4484ms, max=100.543ms, average=100.004ms, deviation=0.162961ms]
----------------------------------------------------------

----------------------------------------------------------
sample path: (IntersectionOutput) 
  order timepoint           sequence nr.                  node name     dropped samples
latency

Statistics:
  latency:                  123.557ms [min=33.0203ms, max=169.088ms, average=99.4039ms, deviation=32.9116ms]
----------------------------------------------------------

----------------------------------------------------------
sample path: (IntersectionOutput) 
  order timepoint           sequence nr.                  node name     dropped samples
latency

Statistics:
  latency:                  135.714ms [min=33.0203ms, max=169.088ms, average=99.8817ms, deviation=32.9557ms]
----------------------------------------------------------

----------------------------------------------------------
sample path: (VehicleDBWSystem) 
  order timepoint           sequence nr.                  node name     dropped samples
bp period
latency

Statistics:
  latency:                  417.965ms [min=237.12ms, max=417.965ms, average=330.256ms, deviation=55.5711ms]
hotpath
  hot path:                 FrontLidarDriver/RearLidarDriver -> ObjectCollisionEstimator
  hot path latency:         78.5347ms [min=63.0288ms, max=128.268ms, average=81.2133ms, deviation=16.1532ms]
  hot path drops:           0 [min=0, max=0, average=0, deviation=0]
  behavior planner period:  100.064ms [min=99.4484ms, max=100.543ms, average=100.006ms, deviation=0.160506ms]
----------------------------------------------------------

----------------------------------------------------------
sample path: (IntersectionOutput) 
  order timepoint           sequence nr.                  node name     dropped samples
latency

Statistics:
  latency:                  126.3ms [min=33.0203ms, max=169.088ms, average=100.225ms, deviation=32.8764ms]
----------------------------------------------------------

----------------------------------------------------------
sample path: (IntersectionOutput) 
  order timepoint           sequence nr.                  node name     dropped samples
latency

Statistics:
  latency:                  157.994ms [min=33.0203ms, max=169.088ms, average=100.965ms, deviation=33.3107ms]
----------------------------------------------------------

----------------------------------------------------------
sample path: (VehicleDBWSystem) 
  order timepoint           sequence nr.                  node name     dropped samples
bp period
latency

Statistics:
  latency:                  416.01ms [min=237.12ms, max=417.965ms, average=332.936ms, deviation=56.7304ms]
hotpath
  hot path:                 FrontLidarDriver/RearLidarDriver -> ObjectCollisionEstimator
  hot path latency:         79.5882ms [min=63.0288ms, max=128.268ms, average=81.1625ms, deviation=15.8932ms]
  hot path drops:           0 [min=0, max=0, average=0, deviation=0]
  behavior planner period:  100.033ms [min=99.4484ms, max=100.543ms, average=100.006ms, deviation=0.157886ms]
----------------------------------------------------------

----------------------------------------------------------
sample path: (IntersectionOutput) 
  order timepoint           sequence nr.                  node name     dropped samples
latency

Statistics:
  latency:                  144.922ms [min=33.0203ms, max=169.088ms, average=101.522ms, deviation=33.4639ms]
----------------------------------------------------------

----------------------------------------------------------
sample path: (IntersectionOutput) 
  order timepoint           sequence nr.                  node name     dropped samples
latency

Statistics:
  latency:                  145.07ms [min=33.0203ms, max=169.088ms, average=102.066ms, deviation=33.606ms]
----------------------------------------------------------

----------------------------------------------------------
sample path: (VehicleDBWSystem) 
  order timepoint           sequence nr.                  node name     dropped samples
bp period
latency

Statistics:
  latency:                  416.396ms [min=237.12ms, max=417.965ms, average=335.465ms, deviation=57.6961ms]
hotpath
  hot path:                 FrontLidarDriver/RearLidarDriver -> ObjectCollisionEstimator
  hot path latency:         75.3892ms [min=63.0288ms, max=128.268ms, average=80.9875ms, deviation=15.6751ms]
  hot path drops:           0 [min=0, max=0, average=0, deviation=0]
  behavior planner period:  99.9079ms [min=99.4484ms, max=100.543ms, average=100.003ms, deviation=0.156291ms]
----------------------------------------------------------

----------------------------------------------------------
sample path: (IntersectionOutput) 
  order timepoint           sequence nr.                  node name     dropped samples
latency

Statistics:
  latency:                  134.531ms [min=33.0203ms, max=169.088ms, average=102.467ms, deviation=33.5896ms]
----------------------------------------------------------

----------------------------------------------------------
sample path: (IntersectionOutput) 
  order timepoint           sequence nr.                  node name     dropped samples
latency

Statistics:
  latency:                  157.332ms [min=33.0203ms, max=169.088ms, average=103.136ms, deviation=33.927ms]
----------------------------------------------------------

----------------------------------------------------------
sample path: (VehicleDBWSystem) 
  order timepoint           sequence nr.                  node name     dropped samples
bp period
latency

Statistics:
  latency:                  346.176ms [min=237.12ms, max=417.965ms, average=335.78ms, deviation=56.8449ms]
hotpath
  hot path:                 FrontLidarDriver/RearLidarDriver -> ObjectCollisionEstimator
  hot path latency:         53.8761ms [min=53.8761ms, max=128.268ms, average=80.1901ms, deviation=16.1208ms]
  hot path drops:           0 [min=0, max=0, average=0, deviation=0]
  behavior planner period:  100.006ms [min=99.4484ms, max=100.543ms, average=100.003ms, deviation=0.15383ms]
----------------------------------------------------------

----------------------------------------------------------
sample path: (IntersectionOutput) 
  order timepoint           sequence nr.                  node name     dropped samples
latency

Statistics:
  latency:                  143.604ms [min=33.0203ms, max=169.088ms, average=103.624ms, deviation=34.0108ms]
----------------------------------------------------------

----------------------------------------------------------
sample path: (IntersectionOutput) 
  order timepoint           sequence nr.                  node name     dropped samples
latency

Statistics:
  latency:                  143.731ms [min=33.0203ms, max=169.088ms, average=104.101ms, deviation=34.0874ms]
----------------------------------------------------------

----------------------------------------------------------
sample path: (VehicleDBWSystem) 
  order timepoint           sequence nr.                  node name     dropped samples
bp period
latency

Statistics:
  latency:                  324.395ms [min=237.12ms, max=417.965ms, average=335.455ms, deviation=56.0358ms]
hotpath
  hot path:                 FrontLidarDriver/RearLidarDriver -> ObjectCollisionEstimator
  hot path latency:         79.8449ms [min=53.8761ms, max=128.268ms, average=80.1803ms, deviation=15.8821ms]
  hot path drops:           0 [min=0, max=0, average=0, deviation=0]
  behavior planner period:  100.011ms [min=99.4484ms, max=100.543ms, average=100.004ms, deviation=0.151488ms]
----------------------------------------------------------

----------------------------------------------------------
sample path: (IntersectionOutput) 
  order timepoint           sequence nr.                  node name     dropped samples
latency

Statistics:
  latency:                  133.414ms [min=33.0203ms, max=169.088ms, average=104.446ms, deviation=34.0327ms]
----------------------------------------------------------

----------------------------------------------------------
sample path: (IntersectionOutput) 
  order timepoint           sequence nr.                  node name     dropped samples
latency

Statistics:
  latency:                  122.544ms [min=33.0203ms, max=169.088ms, average=104.656ms, deviation=33.8882ms]
----------------------------------------------------------

----------------------------------------------------------
sample path: (IntersectionOutput) 
  order timepoint           sequence nr.                  node name     dropped samples
latency

Statistics:
  latency:                  144.755ms [min=33.0203ms, max=169.088ms, average=105.117ms, deviation=33.9637ms]
----------------------------------------------------------

----------------------------------------------------------
sample path: (VehicleDBWSystem) 
  order timepoint           sequence nr.                  node name     dropped samples
bp period
latency

Statistics:
  latency:                  412.655ms [min=237.12ms, max=417.965ms, average=337.599ms, deviation=56.7084ms]
hotpath
  hot path:                 FrontLidarDriver/RearLidarDriver -> ObjectCollisionEstimator
  hot path latency:         70.0419ms [min=53.8761ms, max=128.268ms, average=79.8986ms, deviation=15.7445ms]
  hot path drops:           0 [min=0, max=0, average=0, deviation=0]
  behavior planner period:  100.028ms [min=99.4484ms, max=100.543ms, average=100.004ms, deviation=0.149299ms]
----------------------------------------------------------

----------------------------------------------------------
sample path: (IntersectionOutput) 
  order timepoint           sequence nr.                  node name     dropped samples
latency

Statistics:
  latency:                  121.613ms [min=33.0203ms, max=169.088ms, average=105.305ms, deviation=33.8137ms]
----------------------------------------------------------

----------------------------------------------------------
sample path: (IntersectionOutput) 
  order timepoint           sequence nr.                  node name     dropped samples
latency

Statistics:
  latency:                  148.384ms [min=33.0203ms, max=169.088ms, average=105.789ms, deviation=33.9297ms]
----------------------------------------------------------

----------------------------------------------------------
sample path: (VehicleDBWSystem) 
  order timepoint           sequence nr.                  node name     dropped samples
bp period
latency

Statistics:
  latency:                  419.592ms [min=237.12ms, max=419.592ms, average=339.815ms, deviation=57.5171ms]
hotpath
  hot path:                 FrontLidarDriver/RearLidarDriver -> ObjectCollisionEstimator
  hot path latency:         67.2538ms [min=53.8761ms, max=128.268ms, average=79.5569ms, deviation=15.6629ms]
  hot path drops:           0 [min=0, max=0, average=0, deviation=0]
  behavior planner period:  99.9701ms [min=99.4484ms, max=100.543ms, average=100.003ms, deviation=0.147261ms]
----------------------------------------------------------

----------------------------------------------------------
sample path: (IntersectionOutput) 
  order timepoint           sequence nr.                  node name     dropped samples
latency

Statistics:
  latency:                  130.686ms [min=33.0203ms, max=169.088ms, average=106.065ms, deviation=33.8405ms]
----------------------------------------------------------

----------------------------------------------------------
sample path: (IntersectionOutput) 
  order timepoint           sequence nr.                  node name     dropped samples
latency

Statistics:
  latency:                  164.441ms [min=33.0203ms, max=169.088ms, average=106.707ms, deviation=34.2038ms]
----------------------------------------------------------

----------------------------------------------------------
sample path: (VehicleDBWSystem) 
  order timepoint           sequence nr.                  node name     dropped samples
bp period
latency

Statistics:
  latency:                  415.26ms [min=237.12ms, max=419.592ms, average=341.8ms, deviation=58.0395ms]
hotpath
  hot path:                 FrontLidarDriver/RearLidarDriver -> ObjectCollisionEstimator
  hot path latency:         66.1457ms [min=53.8761ms, max=128.268ms, average=79.204ms, deviation=15.6022ms]
  hot path drops:           0 [min=0, max=0, average=0, deviation=0]
  behavior planner period:  100.91ms [min=99.4484ms, max=100.91ms, average=100.028ms, deviation=0.208093ms]
----------------------------------------------------------

----------------------------------------------------------
sample path: (IntersectionOutput) 
  order timepoint           sequence nr.                  node name     dropped samples
latency

Statistics:
  latency:                  144.018ms [min=33.0203ms, max=169.088ms, average=107.112ms, deviation=34.2371ms]
----------------------------------------------------------

----------------------------------------------------------
sample path: (IntersectionOutput) 
  order timepoint           sequence nr.                  node name     dropped samples
latency

Statistics:
  latency:                  171.942ms [min=33.0203ms, max=171.942ms, average=107.81ms, deviation=34.7078ms]
----------------------------------------------------------

----------------------------------------------------------
sample path: (VehicleDBWSystem) 
  order timepoint           sequence nr.                  node name     dropped samples
bp period
latency

Statistics:
  latency:                  424.676ms [min=237.12ms, max=424.676ms, average=343.925ms, deviation=58.7882ms]
hotpath
  hot path:                 FrontLidarDriver/RearLidarDriver -> ObjectCollisionEstimator
  hot path latency:         74.6667ms [min=53.8761ms, max=128.268ms, average=79.0876ms, deviation=15.4127ms]
  hot path drops:           0 [min=0, max=0, average=0, deviation=0]
  behavior planner period:  99.1211ms [min=99.1211ms, max=100.91ms, average=100.004ms, deviation=0.252527ms]
----------------------------------------------------------

----------------------------------------------------------
sample path: (IntersectionOutput) 
  order timepoint           sequence nr.                  node name     dropped samples
latency

Statistics:
  latency:                  138.293ms [min=33.0203ms, max=171.942ms, average=108.134ms, deviation=34.6636ms]
----------------------------------------------------------

----------------------------------------------------------
sample path: (IntersectionOutput) 
  order timepoint           sequence nr.                  node name     dropped samples
latency

Statistics:
  latency:                  164.56ms [min=33.0203ms, max=171.942ms, average=108.728ms, deviation=34.9613ms]
----------------------------------------------------------

----------------------------------------------------------
sample path: (VehicleDBWSystem) 
  order timepoint           sequence nr.                  node name     dropped samples
bp period
latency

Statistics:
  latency:                  360.148ms [min=237.12ms, max=424.676ms, average=344.331ms, deviation=58.0863ms]
hotpath
  hot path:                 FrontLidarDriver/RearLidarDriver -> ObjectCollisionEstimator
  hot path latency:         63.0857ms [min=53.8761ms, max=128.268ms, average=78.6876ms, deviation=15.4227ms]
  hot path drops:           0 [min=0, max=0, average=0, deviation=0]
  behavior planner period:  99.9821ms [min=99.1211ms, max=100.91ms, average=100.003ms, deviation=0.249207ms]
----------------------------------------------------------

----------------------------------------------------------
sample path: (IntersectionOutput) 
  order timepoint           sequence nr.                  node name     dropped samples
latency

Statistics:
  latency:                  132.936ms [min=33.0203ms, max=171.942ms, average=108.98ms, deviation=34.8645ms]
----------------------------------------------------------

----------------------------------------------------------
sample path: (IntersectionOutput) 
  order timepoint           sequence nr.                  node name     dropped samples
latency

Statistics:
  latency:                  165.148ms [min=33.0203ms, max=171.942ms, average=109.559ms, deviation=35.1482ms]
----------------------------------------------------------

----------------------------------------------------------
sample path: (VehicleDBWSystem) 
  order timepoint           sequence nr.                  node name     dropped samples
bp period
latency

Statistics:
  latency:                  359.754ms [min=237.12ms, max=424.676ms, average=344.707ms, deviation=57.4062ms]
hotpath
  hot path:                 FrontLidarDriver/RearLidarDriver -> ObjectCollisionEstimator
  hot path latency:         80.0629ms [min=53.8761ms, max=128.268ms, average=78.7211ms, deviation=15.2302ms]
  hot path drops:           0 [min=0, max=0, average=0, deviation=0]
  behavior planner period:  100.011ms [min=99.1211ms, max=100.91ms, average=100.004ms, deviation=0.245994ms]
----------------------------------------------------------

----------------------------------------------------------
sample path: (IntersectionOutput) 
  order timepoint           sequence nr.                  node name     dropped samples
latency

Statistics:
  latency:                  144.553ms [min=33.0203ms, max=171.942ms, average=109.916ms, deviation=35.1448ms]
----------------------------------------------------------

----------------------------------------------------------
sample path: (IntersectionOutput) 
  order timepoint           sequence nr.                  node name     dropped samples
latency

Statistics:
  latency:                  155.175ms [min=33.0203ms, max=171.942ms, average=110.373ms, deviation=35.2596ms]
----------------------------------------------------------

----------------------------------------------------------
sample path: (VehicleDBWSystem) 
  order timepoint           sequence nr.                  node name     dropped samples
bp period
latency

Statistics:
  latency:                  361.019ms [min=237.12ms, max=424.676ms, average=345.096ms, deviation=56.7576ms]
hotpath
  hot path:                 FrontLidarDriver/RearLidarDriver -> ObjectCollisionEstimator
  hot path latency:         74.8024ms [min=53.8761ms, max=128.268ms, average=78.6278ms, deviation=15.0555ms]
  hot path drops:           0 [min=0, max=0, average=0, deviation=0]
  behavior planner period:  99.9941ms [min=99.1211ms, max=100.91ms, average=100.003ms, deviation=0.242904ms]
----------------------------------------------------------

----------------------------------------------------------
sample path: (IntersectionOutput) 
  order timepoint           sequence nr.                  node name     dropped samples
latency

Statistics:
  latency:                  146.073ms [min=33.0203ms, max=171.942ms, average=110.73ms, deviation=35.2623ms]
----------------------------------------------------------

----------------------------------------------------------
sample path: (IntersectionOutput) 
  order timepoint           sequence nr.                  node name     dropped samples
latency

Statistics:
  latency:                  157.917ms [min=33.0203ms, max=171.942ms, average=111.197ms, deviation=35.3983ms]
----------------------------------------------------------

----------------------------------------------------------
sample path: (VehicleDBWSystem) 
  order timepoint           sequence nr.                  node name     dropped samples
bp period
latency

Statistics:
  latency:                  444.682ms [min=237.12ms, max=444.682ms, average=347.412ms, deviation=58.0979ms]
hotpath
  hot path:                 FrontLidarDriver/RearLidarDriver -> ObjectCollisionEstimator
  hot path latency:         64.8801ms [min=53.8761ms, max=128.268ms, average=78.3081ms, deviation=15.0222ms]
  hot path drops:           0 [min=0, max=0, average=0, deviation=0]
  behavior planner period:  100.009ms [min=99.1211ms, max=100.91ms, average=100.004ms, deviation=0.239925ms]
----------------------------------------------------------

----------------------------------------------------------
sample path: (IntersectionOutput) 
  order timepoint           sequence nr.                  node name     dropped samples
latency

Statistics:
  latency:                  156.521ms [min=33.0203ms, max=171.942ms, average=111.642ms, deviation=35.5074ms]
----------------------------------------------------------

----------------------------------------------------------
sample path: (IntersectionOutput) 
  order timepoint           sequence nr.                  node name     dropped samples
latency

Statistics:
  latency:                  162.344ms [min=33.0203ms, max=171.942ms, average=112.134ms, deviation=35.6843ms]
----------------------------------------------------------

----------------------------------------------------------
sample path: (VehicleDBWSystem) 
  order timepoint           sequence nr.                  node name     dropped samples
bp period
latency

Statistics:
  latency:                  400.34ms [min=237.12ms, max=444.682ms, average=348.614ms, deviation=57.9701ms]
hotpath
  hot path:                 FrontLidarDriver/RearLidarDriver -> ObjectCollisionEstimator
  hot path latency:         64.5169ms [min=53.8761ms, max=128.268ms, average=77.9947ms, deviation=14.9914ms]
  hot path drops:           0 [min=0, max=0, average=0, deviation=0]
  behavior planner period:  100.004ms [min=99.1211ms, max=100.91ms, average=100.004ms, deviation=0.237052ms]
----------------------------------------------------------

----------------------------------------------------------
sample path: (IntersectionOutput) 
  order timepoint           sequence nr.                  node name     dropped samples
latency

Statistics:
  latency:                  142.726ms [min=33.0203ms, max=171.942ms, average=112.428ms, deviation=35.6371ms]
----------------------------------------------------------

----------------------------------------------------------
sample path: (IntersectionOutput) 
  order timepoint           sequence nr.                  node name     dropped samples
latency

Statistics:
  latency:                  166.827ms [min=33.0203ms, max=171.942ms, average=112.946ms, deviation=35.8605ms]
----------------------------------------------------------

