----------------------------------------------------------
sample path: (VehicleDBWSystem) 
  order timepoint           sequence nr.                  node name     dropped samples
latency

Statistics:
  latency:                  555.46ms [min=555.46ms, max=555.46ms, average=555.46ms, deviation=-nanms]
  behavior planner period:  0ms [min=1.84467e+13ms, max=0ms, average=0ms, deviation=0ms]
----------------------------------------------------------

----------------------------------------------------------
sample path: (IntersectionOutput) 
  order timepoint           sequence nr.                  node name     dropped samples
latency

Statistics:
  latency:                  256.22ms [min=256.22ms, max=256.22ms, average=256.22ms, deviation=-nanms]
----------------------------------------------------------

----------------------------------------------------------
sample path: (VehicleDBWSystem) 
  order timepoint           sequence nr.                  node name     dropped samples
bp period
latency

Statistics:
  latency:                  572.016ms [min=555.46ms, max=572.016ms, average=563.738ms, deviation=11.7067ms]
hotpath
  hot path:                 FrontLidarDriver/RearLidarDriver -> ObjectCollisionEstimator
  hot path latency:         217.589ms [min=217.589ms, max=217.589ms, average=217.589ms, deviation=-nanms]
  hot path drops:           0 [min=0, max=0, average=0, deviation=-nan]
  behavior planner period:  140.128ms [min=140.128ms, max=140.128ms, average=140.128ms, deviation=-nanms]
----------------------------------------------------------

----------------------------------------------------------
sample path: (IntersectionOutput) 
  order timepoint           sequence nr.                  node name     dropped samples
latency

Statistics:
  latency:                  171.547ms [min=171.547ms, max=256.22ms, average=213.884ms, deviation=59.8731ms]
----------------------------------------------------------

----------------------------------------------------------
sample path: (IntersectionOutput) 
  order timepoint           sequence nr.                  node name     dropped samples
latency

Statistics:
  latency:                  146.815ms [min=146.815ms, max=256.22ms, average=191.528ms, deviation=57.3741ms]
----------------------------------------------------------

----------------------------------------------------------
sample path: (VehicleDBWSystem) 
  order timepoint           sequence nr.                  node name     dropped samples
bp period
latency

Statistics:
  latency:                  542.256ms [min=542.256ms, max=572.016ms, average=556.578ms, deviation=14.9116ms]
  behavior planner period:  101.154ms [min=101.154ms, max=140.128ms, average=120.641ms, deviation=27.5582ms]
----------------------------------------------------------

----------------------------------------------------------
sample path: (IntersectionOutput) 
  order timepoint           sequence nr.                  node name     dropped samples
latency

Statistics:
  latency:                  139.621ms [min=139.621ms, max=256.22ms, average=178.551ms, deviation=53.5547ms]
----------------------------------------------------------

----------------------------------------------------------
sample path: (VehicleDBWSystem) 
  order timepoint           sequence nr.                  node name     dropped samples
bp period
latency

Statistics:
  latency:                  803.697ms [min=542.256ms, max=803.697ms, average=618.358ms, deviation=124.158ms]
hotpath
  hot path:                 FrontLidarDriver/RearLidarDriver -> ObjectCollisionEstimator
  hot path latency:         214.557ms [min=214.557ms, max=217.589ms, average=216.073ms, deviation=2.14423ms]
  hot path drops:           2 [min=0, max=2, average=1, deviation=1.41421]
  behavior planner period:  146.874ms [min=101.154ms, max=146.874ms, average=129.385ms, deviation=24.6804ms]
----------------------------------------------------------

----------------------------------------------------------
sample path: (IntersectionOutput) 
  order timepoint           sequence nr.                  node name     dropped samples
latency

Statistics:
  latency:                  174.817ms [min=139.621ms, max=256.22ms, average=177.804ms, deviation=46.4098ms]
----------------------------------------------------------

----------------------------------------------------------
sample path: (IntersectionOutput) 
  order timepoint           sequence nr.                  node name     dropped samples
latency

Statistics:
  latency:                  188.036ms [min=139.621ms, max=256.22ms, average=179.509ms, deviation=41.7198ms]
----------------------------------------------------------

----------------------------------------------------------
sample path: (VehicleDBWSystem) 
  order timepoint           sequence nr.                  node name     dropped samples
bp period
latency

Statistics:
  latency:                  846.054ms [min=542.256ms, max=846.054ms, average=663.897ms, deviation=148.09ms]
hotpath
  hot path:                 FrontLidarDriver/RearLidarDriver -> ObjectCollisionEstimator
  hot path latency:         370.48ms [min=214.557ms, max=370.48ms, average=267.542ms, deviation=89.1594ms]
  hot path drops:           0 [min=0, max=2, average=0.666667, deviation=1.1547]
  behavior planner period:  202.716ms [min=101.154ms, max=202.716ms, average=147.718ms, deviation=41.8382ms]
----------------------------------------------------------

----------------------------------------------------------
sample path: (IntersectionOutput) 
  order timepoint           sequence nr.                  node name     dropped samples
latency

Statistics:
  latency:                  159.402ms [min=139.621ms, max=256.22ms, average=176.637ms, deviation=38.8357ms]
----------------------------------------------------------

----------------------------------------------------------
sample path: (VehicleDBWSystem) 
  order timepoint           sequence nr.                  node name     dropped samples
bp period
latency

Statistics:
  latency:                  833.754ms [min=542.256ms, max=846.054ms, average=692.206ms, deviation=149.509ms]
hotpath
  hot path:                 FrontLidarDriver/RearLidarDriver -> ObjectCollisionEstimator
  hot path latency:         363.522ms [min=214.557ms, max=370.48ms, average=291.537ms, deviation=87.1931ms]
  hot path drops:           0 [min=0, max=2, average=0.5, deviation=1]
  behavior planner period:  200.606ms [min=101.154ms, max=202.716ms, average=158.296ms, deviation=43.2695ms]
----------------------------------------------------------

----------------------------------------------------------
sample path: (IntersectionOutput) 
  order timepoint           sequence nr.                  node name     dropped samples
latency

Statistics:
  latency:                  145.024ms [min=139.621ms, max=256.22ms, average=172.685ms, deviation=37.652ms]
----------------------------------------------------------

----------------------------------------------------------
sample path: (VehicleDBWSystem) 
  order timepoint           sequence nr.                  node name     dropped samples
bp period
latency

Statistics:
  latency:                  848.129ms [min=542.256ms, max=848.129ms, average=714.481ms, deviation=148.663ms]
hotpath
  hot path:                 FrontLidarDriver/RearLidarDriver -> ObjectCollisionEstimator
  hot path latency:         393.202ms [min=214.557ms, max=393.202ms, average=311.87ms, deviation=88.1427ms]
  hot path drops:           0 [min=0, max=2, average=0.4, deviation=0.894427]
  behavior planner period:  178.117ms [min=101.154ms, max=202.716ms, average=161.599ms, deviation=39.5383ms]
----------------------------------------------------------

----------------------------------------------------------
sample path: (IntersectionOutput) 
  order timepoint           sequence nr.                  node name     dropped samples
latency

Statistics:
  latency:                  155.395ms [min=139.621ms, max=256.22ms, average=170.764ms, deviation=35.6887ms]
----------------------------------------------------------

----------------------------------------------------------
sample path: (VehicleDBWSystem) 
  order timepoint           sequence nr.                  node name     dropped samples
bp period
latency

Statistics:
  latency:                  868.902ms [min=542.256ms, max=868.902ms, average=733.784ms, deviation=148.068ms]
hotpath
  hot path:                 FrontLidarDriver/RearLidarDriver -> ObjectCollisionEstimator
  hot path latency:         288.282ms [min=214.557ms, max=393.202ms, average=307.939ms, deviation=79.4232ms]
  hot path drops:           2 [min=0, max=2, average=0.666667, deviation=1.0328]
  behavior planner period:  225.978ms [min=101.154ms, max=225.978ms, average=170.796ms, deviation=43.5296ms]
----------------------------------------------------------

----------------------------------------------------------
sample path: (IntersectionOutput) 
  order timepoint           sequence nr.                  node name     dropped samples
latency

Statistics:
  latency:                  190.796ms [min=139.621ms, max=256.22ms, average=172.767ms, deviation=34.2388ms]
----------------------------------------------------------

----------------------------------------------------------
sample path: (VehicleDBWSystem) 
  order timepoint           sequence nr.                  node name     dropped samples
bp period
latency

Statistics:
  latency:                  720.078ms [min=542.256ms, max=868.902ms, average=732.261ms, deviation=138.58ms]
hotpath
  hot path:                 FrontLidarDriver/RearLidarDriver -> ObjectCollisionEstimator
  hot path latency:         367.959ms [min=214.557ms, max=393.202ms, average=316.513ms, deviation=75.9694ms]
  hot path drops:           0 [min=0, max=2, average=0.571429, deviation=0.9759]
  behavior planner period:  155.458ms [min=101.154ms, max=225.978ms, average=168.879ms, deviation=40.6638ms]
----------------------------------------------------------

----------------------------------------------------------
sample path: (IntersectionOutput) 
  order timepoint           sequence nr.                  node name     dropped samples
latency

Statistics:
  latency:                  171.676ms [min=139.621ms, max=256.22ms, average=172.668ms, deviation=32.4834ms]
----------------------------------------------------------

----------------------------------------------------------
sample path: (IntersectionOutput) 
  order timepoint           sequence nr.                  node name     dropped samples
latency

Statistics:
  latency:                  149.574ms [min=139.621ms, max=256.22ms, average=170.744ms, deviation=31.6811ms]
----------------------------------------------------------

----------------------------------------------------------
sample path: (VehicleDBWSystem) 
  order timepoint           sequence nr.                  node name     dropped samples
bp period
latency

Statistics:
  latency:                  700.969ms [min=542.256ms, max=868.902ms, average=729.132ms, deviation=131.029ms]
hotpath
  hot path:                 FrontLidarDriver/RearLidarDriver -> ObjectCollisionEstimator
  hot path latency:         330.884ms [min=214.557ms, max=393.202ms, average=318.309ms, deviation=70.5173ms]
  hot path drops:           0 [min=0, max=2, average=0.5, deviation=0.92582]
  behavior planner period:  108.853ms [min=101.154ms, max=225.978ms, average=162.209ms, deviation=42.9791ms]
----------------------------------------------------------

----------------------------------------------------------
sample path: (IntersectionOutput) 
  order timepoint           sequence nr.                  node name     dropped samples
latency

Statistics:
  latency:                  173.348ms [min=139.621ms, max=256.22ms, average=170.944ms, deviation=30.341ms]
----------------------------------------------------------

----------------------------------------------------------
sample path: (VehicleDBWSystem) 
  order timepoint           sequence nr.                  node name     dropped samples
bp period
latency

Statistics:
  latency:                  699.458ms [min=542.256ms, max=868.902ms, average=726.434ms, deviation=124.627ms]
hotpath
  hot path:                 FrontLidarDriver/RearLidarDriver -> ObjectCollisionEstimator
  hot path latency:         210.257ms [min=210.257ms, max=393.202ms, average=306.304ms, deviation=75.1555ms]
  hot path drops:           1 [min=0, max=2, average=0.555556, deviation=0.881917]
  behavior planner period:  81.9947ms [min=81.9947ms, max=225.978ms, average=154.188ms, deviation=47.8058ms]
----------------------------------------------------------

----------------------------------------------------------
sample path: (VehicleDBWSystem) 
  order timepoint           sequence nr.                  node name     dropped samples
bp period
latency

Statistics:
  latency:                  967.227ms [min=542.256ms, max=967.227ms, average=746.5ms, deviation=137.665ms]
hotpath
  hot path:                 FrontLidarDriver/RearLidarDriver -> ObjectCollisionEstimator
  hot path latency:         210.257ms [min=210.257ms, max=393.202ms, average=296.699ms, deviation=77.0925ms]
  hot path drops:           1 [min=0, max=2, average=0.6, deviation=0.843274]
  behavior planner period:  149.608ms [min=81.9947ms, max=225.978ms, average=153.772ms, deviation=45.3736ms]
----------------------------------------------------------

----------------------------------------------------------
sample path: (IntersectionOutput) 
  order timepoint           sequence nr.                  node name     dropped samples
latency

Statistics:
  latency:                  297.965ms [min=139.621ms, max=297.965ms, average=180.017ms, deviation=44.7461ms]
----------------------------------------------------------

----------------------------------------------------------
sample path: (IntersectionOutput) 
  order timepoint           sequence nr.                  node name     dropped samples
latency

Statistics:
  latency:                  299.361ms [min=139.621ms, max=299.361ms, average=187.973ms, deviation=52.9974ms]
----------------------------------------------------------

----------------------------------------------------------
sample path: (VehicleDBWSystem) 
  order timepoint           sequence nr.                  node name     dropped samples
bp period
latency

Statistics:
  latency:                  922.193ms [min=542.256ms, max=967.227ms, average=760.015ms, deviation=140.523ms]
hotpath
  hot path:                 FrontLidarDriver/RearLidarDriver -> ObjectCollisionEstimator
  hot path latency:         362.975ms [min=210.257ms, max=393.202ms, average=302.724ms, deviation=75.8172ms]
  hot path drops:           0 [min=0, max=2, average=0.545455, deviation=0.8202]
  behavior planner period:  203.662ms [min=81.9947ms, max=225.978ms, average=157.929ms, deviation=45.5963ms]
----------------------------------------------------------

----------------------------------------------------------
sample path: (IntersectionOutput) 
  order timepoint           sequence nr.                  node name     dropped samples
latency

Statistics:
  latency:                  198.718ms [min=139.621ms, max=299.361ms, average=188.645ms, deviation=51.2708ms]
----------------------------------------------------------

----------------------------------------------------------
sample path: (VehicleDBWSystem) 
  order timepoint           sequence nr.                  node name     dropped samples
bp period
latency

Statistics:
  latency:                  729.796ms [min=542.256ms, max=967.227ms, average=757.856ms, deviation=135.252ms]
hotpath
  hot path:                 FrontLidarDriver/RearLidarDriver -> ObjectCollisionEstimator
  hot path latency:         371.22ms [min=210.257ms, max=393.202ms, average=308.432ms, deviation=74.9444ms]
  hot path drops:           0 [min=0, max=2, average=0.5, deviation=0.797724]
  behavior planner period:  133.893ms [min=81.9947ms, max=225.978ms, average=156.08ms, deviation=44.1612ms]
----------------------------------------------------------

----------------------------------------------------------
sample path: (IntersectionOutput) 
  order timepoint           sequence nr.                  node name     dropped samples
latency

Statistics:
  latency:                  191.112ms [min=139.621ms, max=299.361ms, average=188.79ms, deviation=49.6463ms]
----------------------------------------------------------

----------------------------------------------------------
sample path: (VehicleDBWSystem) 
  order timepoint           sequence nr.                  node name     dropped samples
bp period
latency

Statistics:
  latency:                  911.263ms [min=542.256ms, max=967.227ms, average=768.083ms, deviation=136.218ms]
hotpath
  hot path:                 FrontLidarDriver/RearLidarDriver -> ObjectCollisionEstimator
  hot path latency:         371.22ms [min=210.257ms, max=393.202ms, average=313.262ms, deviation=73.8367ms]
  hot path drops:           0 [min=0, max=2, average=0.461538, deviation=0.77625]
  behavior planner period:  129.597ms [min=81.9947ms, max=225.978ms, average=154.189ms, deviation=43.015ms]
----------------------------------------------------------

----------------------------------------------------------
sample path: (IntersectionOutput) 
  order timepoint           sequence nr.                  node name     dropped samples
latency

Statistics:
  latency:                  181.455ms [min=139.621ms, max=299.361ms, average=188.382ms, deviation=48.195ms]
----------------------------------------------------------

----------------------------------------------------------
sample path: (IntersectionOutput) 
  order timepoint           sequence nr.                  node name     dropped samples
latency

Statistics:
  latency:                  182.42ms [min=139.621ms, max=299.361ms, average=188.068ms, deviation=46.8571ms]
----------------------------------------------------------

----------------------------------------------------------
sample path: (IntersectionOutput) 
  order timepoint           sequence nr.                  node name     dropped samples
latency

Statistics:
  latency:                  145.889ms [min=139.621ms, max=299.361ms, average=185.959ms, deviation=46.5724ms]
----------------------------------------------------------

----------------------------------------------------------
sample path: (VehicleDBWSystem) 
  order timepoint           sequence nr.                  node name     dropped samples
bp period
latency

Statistics:
  latency:                  990.291ms [min=542.256ms, max=990.291ms, average=781.971ms, deviation=142.843ms]
hotpath
  hot path:                 FrontLidarDriver/RearLidarDriver -> ObjectCollisionEstimator
  hot path latency:         426.4ms [min=210.257ms, max=426.4ms, average=321.343ms, deviation=77.1155ms]
  hot path drops:           0 [min=0, max=2, average=0.428571, deviation=0.755929]
  behavior planner period:  188.838ms [min=81.9947ms, max=225.978ms, average=156.499ms, deviation=42.4048ms]
----------------------------------------------------------

----------------------------------------------------------
sample path: (VehicleDBWSystem) 
  order timepoint           sequence nr.                  node name     dropped samples
bp period
latency

Statistics:
  latency:                  883.298ms [min=542.256ms, max=990.291ms, average=787.932ms, deviation=140.474ms]
hotpath
  hot path:                 FrontLidarDriver/RearLidarDriver -> ObjectCollisionEstimator
  hot path latency:         590.191ms [min=210.257ms, max=590.191ms, average=339.266ms, deviation=101.689ms]
  hot path drops:           2 [min=0, max=2, average=0.533333, deviation=0.833809]
  behavior planner period:  127.002ms [min=81.9947ms, max=225.978ms, average=154.655ms, deviation=41.6253ms]
----------------------------------------------------------

----------------------------------------------------------
sample path: (IntersectionOutput) 
  order timepoint           sequence nr.                  node name     dropped samples
latency

Statistics:
  latency:                  237.442ms [min=139.621ms, max=299.361ms, average=188.411ms, deviation=46.7627ms]
----------------------------------------------------------

----------------------------------------------------------
sample path: (IntersectionOutput) 
  order timepoint           sequence nr.                  node name     dropped samples
latency

Statistics:
  latency:                  181.341ms [min=139.621ms, max=299.361ms, average=188.09ms, deviation=45.6606ms]
----------------------------------------------------------

----------------------------------------------------------
sample path: (VehicleDBWSystem) 
  order timepoint           sequence nr.                  node name     dropped samples
bp period
latency

Statistics:
  latency:                  765.195ms [min=542.256ms, max=990.291ms, average=786.669ms, deviation=136.385ms]
hotpath
  hot path:                 FrontLidarDriver/RearLidarDriver -> ObjectCollisionEstimator
  hot path latency:         271.75ms [min=210.257ms, max=590.191ms, average=335.047ms, deviation=99.6804ms]
  hot path drops:           0 [min=0, max=2, average=0.5, deviation=0.816497]
  behavior planner period:  150.084ms [min=81.9947ms, max=225.978ms, average=154.386ms, deviation=40.3188ms]
----------------------------------------------------------

----------------------------------------------------------
sample path: (IntersectionOutput) 
  order timepoint           sequence nr.                  node name     dropped samples
latency

Statistics:
  latency:                  200.268ms [min=139.621ms, max=299.361ms, average=188.619ms, deviation=44.683ms]
----------------------------------------------------------

----------------------------------------------------------
sample path: (IntersectionOutput) 
  order timepoint           sequence nr.                  node name     dropped samples
latency

Statistics:
  latency:                  134.065ms [min=134.065ms, max=299.361ms, average=186.346ms, deviation=45.0973ms]
----------------------------------------------------------

----------------------------------------------------------
sample path: (VehicleDBWSystem) 
  order timepoint           sequence nr.                  node name     dropped samples
bp period
latency

Statistics:
  latency:                  740.165ms [min=542.256ms, max=990.291ms, average=784.221ms, deviation=132.971ms]
hotpath
  hot path:                 FrontLidarDriver/RearLidarDriver -> ObjectCollisionEstimator
  hot path latency:         345.268ms [min=210.257ms, max=590.191ms, average=335.648ms, deviation=96.5469ms]
  hot path drops:           0 [min=0, max=2, average=0.470588, deviation=0.799816]
  behavior planner period:  160.878ms [min=81.9947ms, max=225.978ms, average=154.747ms, deviation=39.1449ms]
----------------------------------------------------------

----------------------------------------------------------
sample path: (IntersectionOutput) 
  order timepoint           sequence nr.                  node name     dropped samples
latency

Statistics:
  latency:                  168.359ms [min=134.065ms, max=299.361ms, average=185.627ms, deviation=44.2941ms]
----------------------------------------------------------

----------------------------------------------------------
sample path: (VehicleDBWSystem) 
  order timepoint           sequence nr.                  node name     dropped samples
bp period
latency

Statistics:
  latency:                  740.488ms [min=542.256ms, max=990.291ms, average=782.034ms, deviation=129.794ms]
hotpath
  hot path:                 FrontLidarDriver/RearLidarDriver -> ObjectCollisionEstimator
  hot path latency:         275.611ms [min=210.257ms, max=590.191ms, average=332.313ms, deviation=94.7272ms]
  hot path drops:           0 [min=0, max=2, average=0.444444, deviation=0.783823]
  behavior planner period:  127.994ms [min=81.9947ms, max=225.978ms, average=153.339ms, deviation=38.5339ms]
----------------------------------------------------------

----------------------------------------------------------
sample path: (IntersectionOutput) 
  order timepoint           sequence nr.                  node name     dropped samples
latency

Statistics:
  latency:                  197.073ms [min=134.065ms, max=299.361ms, average=186.067ms, deviation=43.4572ms]
----------------------------------------------------------

----------------------------------------------------------
sample path: (IntersectionOutput) 
  order timepoint           sequence nr.                  node name     dropped samples
latency

Statistics:
  latency:                  205.735ms [min=134.065ms, max=299.361ms, average=186.795ms, deviation=42.7811ms]
----------------------------------------------------------

----------------------------------------------------------
sample path: (VehicleDBWSystem) 
  order timepoint           sequence nr.                  node name     dropped samples
bp period
latency

Statistics:
  latency:                  658.807ms [min=542.256ms, max=990.291ms, average=776.166ms, deviation=129.333ms]
hotpath
  hot path:                 FrontLidarDriver/RearLidarDriver -> ObjectCollisionEstimator
  hot path latency:         308.821ms [min=210.257ms, max=590.191ms, average=331.076ms, deviation=92.2159ms]
  hot path drops:           0 [min=0, max=2, average=0.421053, deviation=0.768533]
  behavior planner period:  177.959ms [min=81.9947ms, max=225.978ms, average=154.57ms, deviation=37.908ms]
----------------------------------------------------------

----------------------------------------------------------
sample path: (IntersectionOutput) 
  order timepoint           sequence nr.                  node name     dropped samples
latency

Statistics:
  latency:                  126.201ms [min=126.201ms, max=299.361ms, average=184.631ms, deviation=43.5151ms]
----------------------------------------------------------

----------------------------------------------------------
sample path: (VehicleDBWSystem) 
  order timepoint           sequence nr.                  node name     dropped samples
bp period
latency

Statistics:
  latency:                  856.242ms [min=542.256ms, max=990.291ms, average=779.806ms, deviation=127.366ms]
hotpath
  hot path:                 FrontLidarDriver/RearLidarDriver -> ObjectCollisionEstimator
  hot path latency:         308.821ms [min=210.257ms, max=590.191ms, average=329.963ms, deviation=89.8942ms]
  hot path drops:           0 [min=0, max=2, average=0.4, deviation=0.753937]
  behavior planner period:  125.598ms [min=81.9947ms, max=225.978ms, average=153.19ms, deviation=37.4851ms]
----------------------------------------------------------

----------------------------------------------------------
sample path: (IntersectionOutput) 
  order timepoint           sequence nr.                  node name     dropped samples
latency

Statistics:
  latency:                  197.39ms [min=126.201ms, max=299.361ms, average=185.071ms, deviation=42.7966ms]
----------------------------------------------------------

----------------------------------------------------------
sample path: (IntersectionOutput) 
  order timepoint           sequence nr.                  node name     dropped samples
latency

Statistics:
  latency:                  186.076ms [min=126.201ms, max=299.361ms, average=185.105ms, deviation=42.0527ms]
----------------------------------------------------------

----------------------------------------------------------
sample path: (VehicleDBWSystem) 
  order timepoint           sequence nr.                  node name     dropped samples
bp period
latency

Statistics:
  latency:                  873.028ms [min=542.256ms, max=990.291ms, average=783.859ms, deviation=125.947ms]
hotpath
  hot path:                 FrontLidarDriver/RearLidarDriver -> ObjectCollisionEstimator
  hot path latency:         240.799ms [min=210.257ms, max=590.191ms, average=325.717ms, deviation=89.7525ms]
  hot path drops:           0 [min=0, max=2, average=0.380952, deviation=0.740013]
  behavior planner period:  197.779ms [min=81.9947ms, max=225.978ms, average=155.217ms, deviation=37.7968ms]
----------------------------------------------------------

----------------------------------------------------------
sample path: (IntersectionOutput) 
  order timepoint           sequence nr.                  node name     dropped samples
latency

Statistics:
  latency:                  174.34ms [min=126.201ms, max=299.361ms, average=184.757ms, deviation=41.3911ms]
----------------------------------------------------------

----------------------------------------------------------
sample path: (IntersectionOutput) 
  order timepoint           sequence nr.                  node name     dropped samples
latency

Statistics:
  latency:                  181.725ms [min=126.201ms, max=299.361ms, average=184.663ms, deviation=40.7215ms]
----------------------------------------------------------

----------------------------------------------------------
sample path: (VehicleDBWSystem) 
  order timepoint           sequence nr.                  node name     dropped samples
bp period
latency

Statistics:
  latency:                  755.072ms [min=542.256ms, max=990.291ms, average=782.66ms, deviation=123.318ms]
hotpath
  hot path:                 FrontLidarDriver/RearLidarDriver -> ObjectCollisionEstimator
  hot path latency:         263.719ms [min=210.257ms, max=590.191ms, average=322.899ms, deviation=88.5812ms]
  hot path drops:           0 [min=0, max=2, average=0.363636, deviation=0.726731]
  behavior planner period:  197.421ms [min=81.9947ms, max=225.978ms, average=157.052ms, deviation=37.9618ms]
----------------------------------------------------------

----------------------------------------------------------
sample path: (IntersectionOutput) 
  order timepoint           sequence nr.                  node name     dropped samples
latency

Statistics:
  latency:                  185.533ms [min=126.201ms, max=299.361ms, average=184.689ms, deviation=40.0805ms]
----------------------------------------------------------

----------------------------------------------------------
sample path: (IntersectionOutput) 
  order timepoint           sequence nr.                  node name     dropped samples
latency

Statistics:
  latency:                  202.058ms [min=126.201ms, max=299.361ms, average=185.2ms, deviation=39.5808ms]
----------------------------------------------------------

----------------------------------------------------------
sample path: (VehicleDBWSystem) 
  order timepoint           sequence nr.                  node name     dropped samples
bp period
latency

Statistics:
  latency:                  737.361ms [min=542.256ms, max=990.291ms, average=780.848ms, deviation=121.061ms]
hotpath
  hot path:                 FrontLidarDriver/RearLidarDriver -> ObjectCollisionEstimator
  hot path latency:         324.365ms [min=210.257ms, max=590.191ms, average=322.963ms, deviation=86.5451ms]
  hot path drops:           0 [min=0, max=2, average=0.347826, deviation=0.71406]
  behavior planner period:  174.422ms [min=81.9947ms, max=225.978ms, average=157.776ms, deviation=37.2963ms]
----------------------------------------------------------

----------------------------------------------------------
sample path: (IntersectionOutput) 
  order timepoint           sequence nr.                  node name     dropped samples
latency

Statistics:
  latency:                  125.233ms [min=125.233ms, max=299.361ms, average=183.487ms, deviation=40.2902ms]
----------------------------------------------------------

