----------------------------------------------------------
sample path: (VehicleDBWSystem) 
  order timepoint           sequence nr.                  node name     dropped samples
latency

Statistics:
  latency:                  272.712ms [min=272.712ms, max=272.712ms, average=272.712ms, deviation=-nanms]
hotpath
  hot path:                 FrontLidarDriver/RearLidarDriver -> ObjectCollisionEstimator
  hot path latency:         127.649ms [min=127.649ms, max=127.649ms, average=127.649ms, deviation=-nanms]
  hot path drops:           0 [min=0, max=0, average=0, deviation=-nan]
  behavior planner period:  0ms [min=1.84467e+13ms, max=0ms, average=0ms, deviation=0ms]
----------------------------------------------------------

----------------------------------------------------------
sample path: (IntersectionOutput) 
  order timepoint           sequence nr.                  node name     dropped samples
latency

Statistics:
  latency:                  59.3813ms [min=59.3813ms, max=59.3813ms, average=59.3813ms, deviation=-nanms]
----------------------------------------------------------

----------------------------------------------------------
sample path: (IntersectionOutput) 
  order timepoint           sequence nr.                  node name     dropped samples
latency

Statistics:
  latency:                  40.3377ms [min=40.3377ms, max=59.3813ms, average=49.8595ms, deviation=13.4659ms]
----------------------------------------------------------

----------------------------------------------------------
sample path: (VehicleDBWSystem) 
  order timepoint           sequence nr.                  node name     dropped samples
bp period
latency

Statistics:
  latency:                  259.175ms [min=259.175ms, max=272.712ms, average=265.943ms, deviation=9.57184ms]
hotpath
  hot path:                 FrontLidarDriver/RearLidarDriver -> ObjectCollisionEstimator
  hot path latency:         116.071ms [min=116.071ms, max=127.649ms, average=121.86ms, deviation=8.18632ms]
  hot path drops:           0 [min=0, max=0, average=0, deviation=0]
  behavior planner period:  96.6106ms [min=96.6106ms, max=96.6106ms, average=96.6106ms, deviation=-nanms]
----------------------------------------------------------

----------------------------------------------------------
sample path: (IntersectionOutput) 
  order timepoint           sequence nr.                  node name     dropped samples
latency

Statistics:
  latency:                  69.4232ms [min=40.3377ms, max=69.4232ms, average=56.3807ms, deviation=14.7731ms]
----------------------------------------------------------

----------------------------------------------------------
sample path: (IntersectionOutput) 
  order timepoint           sequence nr.                  node name     dropped samples
latency

Statistics:
  latency:                  26.2043ms [min=26.2043ms, max=69.4232ms, average=48.8366ms, deviation=19.3171ms]
----------------------------------------------------------

----------------------------------------------------------
sample path: (IntersectionOutput) 
  order timepoint           sequence nr.                  node name     dropped samples
latency

Statistics:
  latency:                  48.8227ms [min=26.2043ms, max=69.4232ms, average=48.8339ms, deviation=16.7291ms]
----------------------------------------------------------

----------------------------------------------------------
sample path: (VehicleDBWSystem) 
  order timepoint           sequence nr.                  node name     dropped samples
bp period
latency

Statistics:
  latency:                  286.555ms [min=259.175ms, max=286.555ms, average=272.814ms, deviation=13.6901ms]
hotpath
  hot path:                 FrontLidarDriver/RearLidarDriver -> ObjectCollisionEstimator
  hot path latency:         135.573ms [min=116.071ms, max=135.573ms, average=126.431ms, deviation=9.8075ms]
  hot path drops:           0 [min=0, max=0, average=0, deviation=0]
  behavior planner period:  96.9584ms [min=96.6106ms, max=96.9584ms, average=96.7845ms, deviation=0.245934ms]
----------------------------------------------------------

----------------------------------------------------------
sample path: (IntersectionOutput) 
  order timepoint           sequence nr.                  node name     dropped samples
latency

Statistics:
  latency:                  32.3581ms [min=26.2043ms, max=69.4232ms, average=46.0879ms, deviation=16.4053ms]
----------------------------------------------------------

----------------------------------------------------------
sample path: (IntersectionOutput) 
  order timepoint           sequence nr.                  node name     dropped samples
latency

Statistics:
  latency:                  83.1804ms [min=26.2043ms, max=83.1804ms, average=51.3868ms, deviation=20.5141ms]
----------------------------------------------------------

----------------------------------------------------------
sample path: (VehicleDBWSystem) 
  order timepoint           sequence nr.                  node name     dropped samples
bp period
latency

Statistics:
  latency:                  295.909ms [min=259.175ms, max=295.909ms, average=278.588ms, deviation=16.0715ms]
hotpath
  hot path:                 FrontLidarDriver/RearLidarDriver -> ObjectCollisionEstimator
  hot path latency:         104.03ms [min=104.03ms, max=135.573ms, average=120.831ms, deviation=13.7687ms]
  hot path drops:           0 [min=0, max=0, average=0, deviation=0]
  behavior planner period:  104.526ms [min=96.6106ms, max=104.526ms, average=99.3651ms, deviation=4.47321ms]
----------------------------------------------------------

----------------------------------------------------------
sample path: (IntersectionOutput) 
  order timepoint           sequence nr.                  node name     dropped samples
latency

Statistics:
  latency:                  38.139ms [min=26.2043ms, max=83.1804ms, average=49.7308ms, deviation=19.5614ms]
----------------------------------------------------------

----------------------------------------------------------
sample path: (VehicleDBWSystem) 
  order timepoint           sequence nr.                  node name     dropped samples
bp period
latency

Statistics:
  latency:                  301.127ms [min=259.175ms, max=301.127ms, average=283.096ms, deviation=17.1851ms]
hotpath
  hot path:                 FrontLidarDriver/RearLidarDriver -> ObjectCollisionEstimator
  hot path latency:         95.0728ms [min=95.0728ms, max=135.573ms, average=115.679ms, deviation=16.5794ms]
  hot path drops:           0 [min=0, max=0, average=0, deviation=0]
  behavior planner period:  98.018ms [min=96.6106ms, max=104.526ms, average=99.0283ms, deviation=3.71395ms]
----------------------------------------------------------

----------------------------------------------------------
sample path: (IntersectionOutput) 
  order timepoint           sequence nr.                  node name     dropped samples
latency

Statistics:
  latency:                  76.0496ms [min=26.2043ms, max=83.1804ms, average=52.6552ms, deviation=20.2924ms]
----------------------------------------------------------

----------------------------------------------------------
sample path: (IntersectionOutput) 
  order timepoint           sequence nr.                  node name     dropped samples
latency

Statistics:
  latency:                  59.1758ms [min=26.2043ms, max=83.1804ms, average=53.3072ms, deviation=19.2426ms]
----------------------------------------------------------

----------------------------------------------------------
sample path: (VehicleDBWSystem) 
  order timepoint           sequence nr.                  node name     dropped samples
bp period
latency

Statistics:
  latency:                  303.216ms [min=259.175ms, max=303.216ms, average=286.449ms, deviation=17.4279ms]
hotpath
  hot path:                 FrontLidarDriver/RearLidarDriver -> ObjectCollisionEstimator
  hot path latency:         100.691ms [min=95.0728ms, max=135.573ms, average=113.181ms, deviation=16.0418ms]
  hot path drops:           0 [min=0, max=0, average=0, deviation=0]
  behavior planner period:  102.141ms [min=96.6106ms, max=104.526ms, average=99.6508ms, deviation=3.50463ms]
----------------------------------------------------------

----------------------------------------------------------
sample path: (IntersectionOutput) 
  order timepoint           sequence nr.                  node name     dropped samples
latency

Statistics:
  latency:                  70.6352ms [min=26.2043ms, max=83.1804ms, average=54.8825ms, deviation=18.9881ms]
----------------------------------------------------------

----------------------------------------------------------
sample path: (IntersectionOutput) 
  order timepoint           sequence nr.                  node name     dropped samples
latency

Statistics:
  latency:                  52.0376ms [min=26.2043ms, max=83.1804ms, average=54.6454ms, deviation=18.123ms]
----------------------------------------------------------

----------------------------------------------------------
sample path: (VehicleDBWSystem) 
  order timepoint           sequence nr.                  node name     dropped samples
bp period
latency

Statistics:
  latency:                  274.594ms [min=259.175ms, max=303.216ms, average=284.756ms, deviation=16.5284ms]
hotpath
  hot path:                 FrontLidarDriver/RearLidarDriver -> ObjectCollisionEstimator
  hot path latency:         129.525ms [min=95.0728ms, max=135.573ms, average=115.516ms, deviation=15.8937ms]
  hot path drops:           0 [min=0, max=0, average=0, deviation=0]
  behavior planner period:  105.651ms [min=96.6106ms, max=105.651ms, average=100.651ms, deviation=3.97824ms]
----------------------------------------------------------

----------------------------------------------------------
sample path: (IntersectionOutput) 
  order timepoint           sequence nr.                  node name     dropped samples
latency

Statistics:
  latency:                  47.5865ms [min=26.2043ms, max=83.1804ms, average=54.1024ms, deviation=17.4616ms]
----------------------------------------------------------

----------------------------------------------------------
sample path: (IntersectionOutput) 
  order timepoint           sequence nr.                  node name     dropped samples
latency

Statistics:
  latency:                  81.2011ms [min=26.2043ms, max=83.1804ms, average=56.038ms, deviation=18.2731ms]
----------------------------------------------------------

----------------------------------------------------------
sample path: (VehicleDBWSystem) 
  order timepoint           sequence nr.                  node name     dropped samples
bp period
latency

Statistics:
  latency:                  293.893ms [min=259.175ms, max=303.216ms, average=285.898ms, deviation=15.6396ms]
hotpath
  hot path:                 FrontLidarDriver/RearLidarDriver -> ObjectCollisionEstimator
  hot path latency:         128.859ms [min=95.0728ms, max=135.573ms, average=117.184ms, deviation=15.4524ms]
  hot path drops:           0 [min=0, max=0, average=0, deviation=0]
  behavior planner period:  104.671ms [min=96.6106ms, max=105.651ms, average=101.225ms, deviation=3.93668ms]
----------------------------------------------------------

----------------------------------------------------------
sample path: (IntersectionOutput) 
  order timepoint           sequence nr.                  node name     dropped samples
latency

Statistics:
  latency:                  42.7455ms [min=26.2043ms, max=83.1804ms, average=55.1519ms, deviation=17.9397ms]
----------------------------------------------------------

----------------------------------------------------------
sample path: (IntersectionOutput) 
  order timepoint           sequence nr.                  node name     dropped samples
latency

Statistics:
  latency:                  56.9248ms [min=26.2043ms, max=83.1804ms, average=55.2627ms, deviation=17.3371ms]
----------------------------------------------------------

----------------------------------------------------------
sample path: (VehicleDBWSystem) 
  order timepoint           sequence nr.                  node name     dropped samples
bp period
latency

Statistics:
  latency:                  287.36ms [min=259.175ms, max=303.216ms, average=286.06ms, deviation=14.6376ms]
hotpath
  hot path:                 FrontLidarDriver/RearLidarDriver -> ObjectCollisionEstimator
  hot path latency:         111.585ms [min=95.0728ms, max=135.573ms, average=116.562ms, deviation=14.5744ms]
  hot path drops:           0 [min=0, max=0, average=0, deviation=0]
  behavior planner period:  90.0209ms [min=90.0209ms, max=105.651ms, average=99.8246ms, deviation=5.38288ms]
----------------------------------------------------------

----------------------------------------------------------
sample path: (IntersectionOutput) 
  order timepoint           sequence nr.                  node name     dropped samples
latency

Statistics:
  latency:                  58.1213ms [min=26.2043ms, max=83.1804ms, average=55.4308ms, deviation=16.8009ms]
----------------------------------------------------------

----------------------------------------------------------
sample path: (IntersectionOutput) 
  order timepoint           sequence nr.                  node name     dropped samples
latency

Statistics:
  latency:                  82.4935ms [min=26.2043ms, max=83.1804ms, average=56.9343ms, deviation=17.503ms]
----------------------------------------------------------

----------------------------------------------------------
sample path: (VehicleDBWSystem) 
  order timepoint           sequence nr.                  node name     dropped samples
bp period
latency

Statistics:
  latency:                  297.51ms [min=259.175ms, max=303.216ms, average=287.205ms, deviation=14.2676ms]
hotpath
  hot path:                 FrontLidarDriver/RearLidarDriver -> ObjectCollisionEstimator
  hot path latency:         112.944ms [min=95.0728ms, max=135.573ms, average=116.2ms, deviation=13.7885ms]
  hot path drops:           0 [min=0, max=0, average=0, deviation=0]
  behavior planner period:  98.3551ms [min=90.0209ms, max=105.651ms, average=99.6613ms, deviation=5.05899ms]
----------------------------------------------------------

----------------------------------------------------------
sample path: (IntersectionOutput) 
  order timepoint           sequence nr.                  node name     dropped samples
latency

Statistics:
  latency:                  41.5024ms [min=26.2043ms, max=83.1804ms, average=56.1221ms, deviation=17.3744ms]
----------------------------------------------------------

----------------------------------------------------------
sample path: (VehicleDBWSystem) 
  order timepoint           sequence nr.                  node name     dropped samples
bp period
latency

Statistics:
  latency:                  285.011ms [min=259.175ms, max=303.216ms, average=287.006ms, deviation=13.5515ms]
hotpath
  hot path:                 FrontLidarDriver/RearLidarDriver -> ObjectCollisionEstimator
  hot path latency:         99.8836ms [min=95.0728ms, max=135.573ms, average=114.717ms, deviation=13.9754ms]
  hot path drops:           0 [min=0, max=0, average=0, deviation=0]
  behavior planner period:  100.398ms [min=90.0209ms, max=105.651ms, average=99.735ms, deviation=4.77534ms]
----------------------------------------------------------

----------------------------------------------------------
sample path: (IntersectionOutput) 
  order timepoint           sequence nr.                  node name     dropped samples
latency

Statistics:
  latency:                  69.0195ms [min=26.2043ms, max=83.1804ms, average=56.767ms, deviation=17.1551ms]
----------------------------------------------------------

----------------------------------------------------------
sample path: (IntersectionOutput) 
  order timepoint           sequence nr.                  node name     dropped samples
latency

Statistics:
  latency:                  57.08ms [min=26.2043ms, max=83.1804ms, average=56.7819ms, deviation=16.7209ms]
----------------------------------------------------------

----------------------------------------------------------
sample path: (VehicleDBWSystem) 
  order timepoint           sequence nr.                  node name     dropped samples
bp period
latency

Statistics:
  latency:                  289.524ms [min=259.175ms, max=303.216ms, average=287.216ms, deviation=12.9413ms]
hotpath
  hot path:                 FrontLidarDriver/RearLidarDriver -> ObjectCollisionEstimator
  hot path latency:         103.859ms [min=95.0728ms, max=135.573ms, average=113.812ms, deviation=13.6886ms]
  hot path drops:           0 [min=0, max=0, average=0, deviation=0]
  behavior planner period:  96.232ms [min=90.0209ms, max=105.651ms, average=99.4165ms, deviation=4.65178ms]
----------------------------------------------------------

----------------------------------------------------------
sample path: (IntersectionOutput) 
  order timepoint           sequence nr.                  node name     dropped samples
latency

Statistics:
  latency:                  60.5619ms [min=26.2043ms, max=83.1804ms, average=56.9537ms, deviation=16.3378ms]
----------------------------------------------------------

----------------------------------------------------------
sample path: (IntersectionOutput) 
  order timepoint           sequence nr.                  node name     dropped samples
latency

Statistics:
  latency:                  49.2107ms [min=26.2043ms, max=83.1804ms, average=56.6171ms, deviation=16.0436ms]
----------------------------------------------------------

----------------------------------------------------------
sample path: (IntersectionOutput) 
  order timepoint           sequence nr.                  node name     dropped samples
latency

Statistics:
  latency:                  56.8998ms [min=26.2043ms, max=83.1804ms, average=56.6288ms, deviation=15.6911ms]
----------------------------------------------------------

----------------------------------------------------------
sample path: (VehicleDBWSystem) 
  order timepoint           sequence nr.                  node name     dropped samples
bp period
latency

Statistics:
  latency:                  284.309ms [min=259.175ms, max=303.216ms, average=286.992ms, deviation=12.4166ms]
hotpath
  hot path:                 FrontLidarDriver/RearLidarDriver -> ObjectCollisionEstimator
  hot path latency:         118.926ms [min=95.0728ms, max=135.573ms, average=114.205ms, deviation=13.1824ms]
  hot path drops:           0 [min=0, max=0, average=0, deviation=0]
  behavior planner period:  104.954ms [min=90.0209ms, max=105.651ms, average=99.878ms, deviation=4.71455ms]
----------------------------------------------------------

----------------------------------------------------------
sample path: (IntersectionOutput) 
  order timepoint           sequence nr.                  node name     dropped samples
latency

Statistics:
  latency:                  34.9615ms [min=26.2043ms, max=83.1804ms, average=55.7622ms, deviation=15.9603ms]
----------------------------------------------------------

----------------------------------------------------------
sample path: (VehicleDBWSystem) 
  order timepoint           sequence nr.                  node name     dropped samples
bp period
latency

Statistics:
  latency:                  280.949ms [min=259.175ms, max=303.216ms, average=286.56ms, deviation=12.0383ms]
hotpath
  hot path:                 FrontLidarDriver/RearLidarDriver -> ObjectCollisionEstimator
  hot path latency:         130.4ms [min=95.0728ms, max=135.573ms, average=115.362ms, deviation=13.3844ms]
  hot path drops:           0 [min=0, max=0, average=0, deviation=0]
  behavior planner period:  95.0734ms [min=90.0209ms, max=105.651ms, average=99.5084ms, deviation=4.70642ms]
----------------------------------------------------------

----------------------------------------------------------
sample path: (IntersectionOutput) 
  order timepoint           sequence nr.                  node name     dropped samples
latency

Statistics:
  latency:                  69.3191ms [min=26.2043ms, max=83.1804ms, average=56.2836ms, deviation=15.8622ms]
----------------------------------------------------------

----------------------------------------------------------
sample path: (IntersectionOutput) 
  order timepoint           sequence nr.                  node name     dropped samples
latency

Statistics:
  latency:                  46.1093ms [min=26.2043ms, max=83.1804ms, average=55.9067ms, deviation=15.6769ms]
----------------------------------------------------------

----------------------------------------------------------
sample path: (IntersectionOutput) 
  order timepoint           sequence nr.                  node name     dropped samples
latency

Statistics:
  latency:                  69.5034ms [min=26.2043ms, max=83.1804ms, average=56.3923ms, deviation=15.597ms]
----------------------------------------------------------

----------------------------------------------------------
sample path: (VehicleDBWSystem) 
  order timepoint           sequence nr.                  node name     dropped samples
bp period
latency

Statistics:
  latency:                  292.242ms [min=259.175ms, max=303.216ms, average=286.939ms, deviation=11.6928ms]
hotpath
  hot path:                 FrontLidarDriver/RearLidarDriver -> ObjectCollisionEstimator
  hot path latency:         115.408ms [min=95.0728ms, max=135.573ms, average=115.365ms, deviation=12.8975ms]
  hot path drops:           0 [min=0, max=0, average=0, deviation=0]
  behavior planner period:  104.211ms [min=90.0209ms, max=105.651ms, average=99.8443ms, deviation=4.69318ms]
----------------------------------------------------------

----------------------------------------------------------
sample path: (IntersectionOutput) 
  order timepoint           sequence nr.                  node name     dropped samples
latency

Statistics:
  latency:                  47.4557ms [min=26.2043ms, max=83.1804ms, average=56.0842ms, deviation=15.4056ms]
----------------------------------------------------------

----------------------------------------------------------
sample path: (IntersectionOutput) 
  order timepoint           sequence nr.                  node name     dropped samples
latency

Statistics:
  latency:                  70.0574ms [min=26.2043ms, max=83.1804ms, average=56.55ms, deviation=15.3511ms]
----------------------------------------------------------

----------------------------------------------------------
sample path: (IntersectionOutput) 
  order timepoint           sequence nr.                  node name     dropped samples
latency

Statistics:
  latency:                  48.1096ms [min=26.2043ms, max=83.1804ms, average=56.2777ms, deviation=15.169ms]
----------------------------------------------------------

----------------------------------------------------------
sample path: (VehicleDBWSystem) 
  order timepoint           sequence nr.                  node name     dropped samples
bp period
latency

Statistics:
  latency:                  304.12ms [min=259.175ms, max=304.12ms, average=288.013ms, deviation=12.0853ms]
hotpath
  hot path:                 FrontLidarDriver/RearLidarDriver -> ObjectCollisionEstimator
  hot path latency:         115.139ms [min=95.0728ms, max=135.573ms, average=115.351ms, deviation=12.4603ms]
  hot path drops:           0 [min=0, max=0, average=0, deviation=0]
  behavior planner period:  105.104ms [min=90.0209ms, max=105.651ms, average=100.195ms, deviation=4.72195ms]
----------------------------------------------------------

----------------------------------------------------------
sample path: (IntersectionOutput) 
  order timepoint           sequence nr.                  node name     dropped samples
latency

Statistics:
  latency:                  71.1197ms [min=26.2043ms, max=83.1804ms, average=56.7415ms, deviation=15.1513ms]
----------------------------------------------------------

----------------------------------------------------------
sample path: (VehicleDBWSystem) 
  order timepoint           sequence nr.                  node name     dropped samples
bp period
latency

Statistics:
  latency:                  291.438ms [min=259.175ms, max=304.12ms, average=288.214ms, deviation=11.731ms]
hotpath
  hot path:                 FrontLidarDriver/RearLidarDriver -> ObjectCollisionEstimator
  hot path latency:         93.7956ms [min=93.7956ms, max=135.573ms, average=114.083ms, deviation=13.1486ms]
  hot path drops:           0 [min=0, max=0, average=0, deviation=0]
  behavior planner period:  94.7163ms [min=90.0209ms, max=105.651ms, average=99.8525ms, deviation=4.76301ms]
----------------------------------------------------------

----------------------------------------------------------
sample path: (IntersectionOutput) 
  order timepoint           sequence nr.                  node name     dropped samples
latency

Statistics:
  latency:                  44.8898ms [min=26.2043ms, max=83.1804ms, average=56.3824ms, deviation=15.0547ms]
----------------------------------------------------------

----------------------------------------------------------
sample path: (IntersectionOutput) 
  order timepoint           sequence nr.                  node name     dropped samples
latency

Statistics:
  latency:                  48.2937ms [min=26.2043ms, max=83.1804ms, average=56.1445ms, deviation=14.8896ms]
----------------------------------------------------------

----------------------------------------------------------
sample path: (VehicleDBWSystem) 
  order timepoint           sequence nr.                  node name     dropped samples
bp period
latency

Statistics:
  latency:                  307.85ms [min=259.175ms, max=307.85ms, average=289.305ms, deviation=12.2858ms]
hotpath
  hot path:                 FrontLidarDriver/RearLidarDriver -> ObjectCollisionEstimator
  hot path latency:         116.831ms [min=93.7956ms, max=135.573ms, average=114.236ms, deviation=12.7725ms]
  hot path drops:           0 [min=0, max=0, average=0, deviation=0]
  behavior planner period:  103.904ms [min=90.0209ms, max=105.651ms, average=100.091ms, deviation=4.71527ms]
----------------------------------------------------------

----------------------------------------------------------
sample path: (IntersectionOutput) 
  order timepoint           sequence nr.                  node name     dropped samples
latency

Statistics:
  latency:                  61.902ms [min=26.2043ms, max=83.1804ms, average=56.309ms, deviation=14.7012ms]
----------------------------------------------------------

----------------------------------------------------------
sample path: (VehicleDBWSystem) 
  order timepoint           sequence nr.                  node name     dropped samples
bp period
latency

Statistics:
  latency:                  284.075ms [min=259.175ms, max=307.85ms, average=289.03ms, deviation=11.9998ms]
hotpath
  hot path:                 FrontLidarDriver/RearLidarDriver -> ObjectCollisionEstimator
  hot path latency:         154.616ms [min=93.7956ms, max=154.616ms, average=116.361ms, deviation=15.4885ms]
  hot path drops:           0 [min=0, max=0, average=0, deviation=0]
  behavior planner period:  98.6075ms [min=90.0209ms, max=105.651ms, average=100.008ms, deviation=4.58783ms]
----------------------------------------------------------

----------------------------------------------------------
sample path: (IntersectionOutput) 
  order timepoint           sequence nr.                  node name     dropped samples
latency

Statistics:
  latency:                  94.1798ms [min=26.2043ms, max=94.1798ms, average=57.3609ms, deviation=15.8047ms]
----------------------------------------------------------

----------------------------------------------------------
sample path: (IntersectionOutput) 
  order timepoint           sequence nr.                  node name     dropped samples
latency

Statistics:
  latency:                  48.3555ms [min=26.2043ms, max=94.1798ms, average=57.1175ms, deviation=15.6539ms]
----------------------------------------------------------

----------------------------------------------------------
sample path: (VehicleDBWSystem) 
  order timepoint           sequence nr.                  node name     dropped samples
bp period
latency

Statistics:
  latency:                  279.838ms [min=259.175ms, max=307.85ms, average=288.57ms, deviation=11.8592ms]
hotpath
  hot path:                 FrontLidarDriver/RearLidarDriver -> ObjectCollisionEstimator
  hot path latency:         121.455ms [min=93.7956ms, max=154.616ms, average=116.616ms, deviation=15.1184ms]
  hot path drops:           0 [min=0, max=0, average=0, deviation=0]
  behavior planner period:  93.9902ms [min=90.0209ms, max=105.651ms, average=99.6916ms, deviation=4.66744ms]
----------------------------------------------------------

----------------------------------------------------------
sample path: (IntersectionOutput) 
  order timepoint           sequence nr.                  node name     dropped samples
latency

Statistics:
  latency:                  63.0437ms [min=26.2043ms, max=94.1798ms, average=57.2735ms, deviation=15.4708ms]
----------------------------------------------------------

----------------------------------------------------------
sample path: (IntersectionOutput) 
  order timepoint           sequence nr.                  node name     dropped samples
latency

Statistics:
  latency:                  38.8649ms [min=26.2043ms, max=94.1798ms, average=56.8015ms, deviation=15.5478ms]
----------------------------------------------------------

----------------------------------------------------------
sample path: (VehicleDBWSystem) 
  order timepoint           sequence nr.                  node name     dropped samples
bp period
latency

Statistics:
  latency:                  274.122ms [min=259.175ms, max=307.85ms, average=287.882ms, deviation=11.9812ms]
hotpath
  hot path:                 FrontLidarDriver/RearLidarDriver -> ObjectCollisionEstimator
  hot path latency:         118.467ms [min=93.7956ms, max=154.616ms, average=116.704ms, deviation=14.7411ms]
  hot path drops:           0 [min=0, max=0, average=0, deviation=0]
  behavior planner period:  102.847ms [min=90.0209ms, max=105.651ms, average=99.8494ms, deviation=4.59742ms]
----------------------------------------------------------

----------------------------------------------------------
sample path: (IntersectionOutput) 
  order timepoint           sequence nr.                  node name     dropped samples
latency

Statistics:
  latency:                  57.1076ms [min=26.2043ms, max=94.1798ms, average=56.8091ms, deviation=15.3473ms]
----------------------------------------------------------

----------------------------------------------------------
sample path: (IntersectionOutput) 
  order timepoint           sequence nr.                  node name     dropped samples
latency

Statistics:
  latency:                  48.6038ms [min=26.2043ms, max=94.1798ms, average=56.609ms, deviation=15.2083ms]
----------------------------------------------------------

----------------------------------------------------------
sample path: (VehicleDBWSystem) 
  order timepoint           sequence nr.                  node name     dropped samples
bp period
latency

Statistics:
  latency:                  275.918ms [min=259.175ms, max=307.85ms, average=287.338ms, deviation=11.9675ms]
hotpath
  hot path:                 FrontLidarDriver/RearLidarDriver -> ObjectCollisionEstimator
  hot path latency:         124.968ms [min=93.7956ms, max=154.616ms, average=117.079ms, deviation=14.4934ms]
  hot path drops:           0 [min=0, max=0, average=0, deviation=0]
  behavior planner period:  102.597ms [min=90.0209ms, max=105.651ms, average=99.9802ms, deviation=4.52093ms]
----------------------------------------------------------

----------------------------------------------------------
sample path: (IntersectionOutput) 
  order timepoint           sequence nr.                  node name     dropped samples
latency

Statistics:
  latency:                  56.9421ms [min=26.2043ms, max=94.1798ms, average=56.6169ms, deviation=15.0218ms]
----------------------------------------------------------

----------------------------------------------------------
sample path: (IntersectionOutput) 
  order timepoint           sequence nr.                  node name     dropped samples
latency

Statistics:
  latency:                  46.2792ms [min=26.2043ms, max=94.1798ms, average=56.3765ms, deviation=14.9254ms]
----------------------------------------------------------

----------------------------------------------------------
sample path: (IntersectionOutput) 
  order timepoint           sequence nr.                  node name     dropped samples
latency

Statistics:
  latency:                  57.8673ms [min=26.2043ms, max=94.1798ms, average=56.4104ms, deviation=14.7525ms]
----------------------------------------------------------

----------------------------------------------------------
sample path: (VehicleDBWSystem) 
  order timepoint           sequence nr.                  node name     dropped samples
bp period
latency

Statistics:
  latency:                  299.429ms [min=259.175ms, max=307.85ms, average=287.864ms, deviation=11.961ms]
hotpath
  hot path:                 FrontLidarDriver/RearLidarDriver -> ObjectCollisionEstimator
  hot path latency:         126.566ms [min=93.7956ms, max=154.616ms, average=117.492ms, deviation=14.2976ms]
  hot path drops:           0 [min=0, max=0, average=0, deviation=0]
  behavior planner period:  104.486ms [min=90.0209ms, max=105.651ms, average=100.185ms, deviation=4.51534ms]
----------------------------------------------------------

----------------------------------------------------------
sample path: (IntersectionOutput) 
  order timepoint           sequence nr.                  node name     dropped samples
latency

Statistics:
  latency:                  44.6443ms [min=26.2043ms, max=94.1798ms, average=56.1489ms, deviation=14.689ms]
----------------------------------------------------------

----------------------------------------------------------
sample path: (VehicleDBWSystem) 
  order timepoint           sequence nr.                  node name     dropped samples
bp period
latency

Statistics:
  latency:                  281.007ms [min=259.175ms, max=307.85ms, average=287.578ms, deviation=11.7815ms]
hotpath
  hot path:                 FrontLidarDriver/RearLidarDriver -> ObjectCollisionEstimator
  hot path latency:         116.652ms [min=93.7956ms, max=154.616ms, average=117.457ms, deviation=13.9844ms]
  hot path drops:           0 [min=0, max=0, average=0, deviation=0]
  behavior planner period:  92.5373ms [min=90.0209ms, max=105.651ms, average=99.8525ms, deviation=4.69089ms]
----------------------------------------------------------

----------------------------------------------------------
sample path: (IntersectionOutput) 
  order timepoint           sequence nr.                  node name     dropped samples
latency

Statistics:
  latency:                  36.5256ms [min=26.2043ms, max=94.1798ms, average=55.7223ms, deviation=14.8102ms]
----------------------------------------------------------

----------------------------------------------------------
sample path: (IntersectionOutput) 
  order timepoint           sequence nr.                  node name     dropped samples
latency

Statistics:
  latency:                  59.6653ms [min=26.2043ms, max=94.1798ms, average=55.8062ms, deviation=14.6597ms]
----------------------------------------------------------

----------------------------------------------------------
sample path: (VehicleDBWSystem) 
  order timepoint           sequence nr.                  node name     dropped samples
bp period
latency

Statistics:
  latency:                  277.893ms [min=259.175ms, max=307.85ms, average=287.191ms, deviation=11.695ms]
hotpath
  hot path:                 FrontLidarDriver/RearLidarDriver -> ObjectCollisionEstimator
  hot path latency:         137.893ms [min=93.7956ms, max=154.616ms, average=118.274ms, deviation=14.2871ms]
  hot path drops:           0 [min=0, max=0, average=0, deviation=0]
  behavior planner period:  104.132ms [min=90.0209ms, max=105.651ms, average=100.031ms, deviation=4.6702ms]
----------------------------------------------------------

----------------------------------------------------------
sample path: (IntersectionOutput) 
  order timepoint           sequence nr.                  node name     dropped samples
latency

Statistics:
  latency:                  35.9243ms [min=26.2043ms, max=94.1798ms, average=55.392ms, deviation=14.7841ms]
----------------------------------------------------------

----------------------------------------------------------
sample path: (IntersectionOutput) 
  order timepoint           sequence nr.                  node name     dropped samples
latency

Statistics:
  latency:                  57.9482ms [min=26.2043ms, max=94.1798ms, average=55.4442ms, deviation=14.6338ms]
----------------------------------------------------------

----------------------------------------------------------
sample path: (VehicleDBWSystem) 
  order timepoint           sequence nr.                  node name     dropped samples
bp period
latency

Statistics:
  latency:                  256.878ms [min=256.878ms, max=307.85ms, average=286.025ms, deviation=12.9091ms]
hotpath
  hot path:                 FrontLidarDriver/RearLidarDriver -> ObjectCollisionEstimator
  hot path latency:         93.4494ms [min=93.4494ms, max=154.616ms, average=117.32ms, deviation=14.8209ms]
  hot path drops:           0 [min=0, max=0, average=0, deviation=0]
  behavior planner period:  94.4237ms [min=90.0209ms, max=105.651ms, average=99.8065ms, deviation=4.7074ms]
----------------------------------------------------------

----------------------------------------------------------
sample path: (IntersectionOutput) 
  order timepoint           sequence nr.                  node name     dropped samples
latency

Statistics:
  latency:                  65.1547ms [min=26.2043ms, max=94.1798ms, average=55.6384ms, deviation=14.5487ms]
----------------------------------------------------------

----------------------------------------------------------
sample path: (IntersectionOutput) 
  order timepoint           sequence nr.                  node name     dropped samples
latency

Statistics:
  latency:                  31.0526ms [min=26.2043ms, max=94.1798ms, average=55.1563ms, deviation=14.8082ms]
----------------------------------------------------------

----------------------------------------------------------
sample path: (IntersectionOutput) 
  order timepoint           sequence nr.                  node name     dropped samples
latency

Statistics:
  latency:                  53.8268ms [min=26.2043ms, max=94.1798ms, average=55.1308ms, deviation=14.6635ms]
----------------------------------------------------------

----------------------------------------------------------
sample path: (VehicleDBWSystem) 
  order timepoint           sequence nr.                  node name     dropped samples
bp period
latency

Statistics:
  latency:                  284.207ms [min=256.878ms, max=307.85ms, average=285.958ms, deviation=12.6632ms]
hotpath
  hot path:                 FrontLidarDriver/RearLidarDriver -> ObjectCollisionEstimator
  hot path latency:         106.247ms [min=93.4494ms, max=154.616ms, average=116.909ms, deviation=14.6885ms]
  hot path drops:           0 [min=0, max=0, average=0, deviation=0]
  behavior planner period:  101.031ms [min=90.0209ms, max=105.651ms, average=99.8536ms, deviation=4.61854ms]
----------------------------------------------------------

----------------------------------------------------------
sample path: (IntersectionOutput) 
  order timepoint           sequence nr.                  node name     dropped samples
latency

Statistics:
  latency:                  29.4572ms [min=26.2043ms, max=94.1798ms, average=54.6464ms, deviation=14.9438ms]
----------------------------------------------------------

----------------------------------------------------------
sample path: (IntersectionOutput) 
  order timepoint           sequence nr.                  node name     dropped samples
latency

Statistics:
  latency:                  87.809ms [min=26.2043ms, max=94.1798ms, average=55.2605ms, deviation=15.4748ms]
----------------------------------------------------------

----------------------------------------------------------
sample path: (VehicleDBWSystem) 
  order timepoint           sequence nr.                  node name     dropped samples
bp period
latency

Statistics:
  latency:                  301.054ms [min=256.878ms, max=307.85ms, average=286.497ms, deviation=12.7498ms]
hotpath
  hot path:                 FrontLidarDriver/RearLidarDriver -> ObjectCollisionEstimator
  hot path latency:         94.354ms [min=93.4494ms, max=154.616ms, average=116.104ms, deviation=15.031ms]
  hot path drops:           0 [min=0, max=0, average=0, deviation=0]
  behavior planner period:  100.583ms [min=90.0209ms, max=105.651ms, average=99.8806ms, deviation=4.53103ms]
----------------------------------------------------------

----------------------------------------------------------
sample path: (IntersectionOutput) 
  order timepoint           sequence nr.                  node name     dropped samples
latency

Statistics:
  latency:                  46.3413ms [min=26.2043ms, max=94.1798ms, average=55.0983ms, deviation=15.378ms]
----------------------------------------------------------

----------------------------------------------------------
sample path: (VehicleDBWSystem) 
  order timepoint           sequence nr.                  node name     dropped samples
bp period
latency

Statistics:
  latency:                  294.939ms [min=256.878ms, max=307.85ms, average=286.788ms, deviation=12.6178ms]
hotpath
  hot path:                 FrontLidarDriver/RearLidarDriver -> ObjectCollisionEstimator
  hot path latency:         96.3827ms [min=93.4494ms, max=154.616ms, average=115.424ms, deviation=15.2077ms]
  hot path drops:           0 [min=0, max=0, average=0, deviation=0]
  behavior planner period:  99.6304ms [min=90.0209ms, max=105.651ms, average=99.8717ms, deviation=4.44658ms]
----------------------------------------------------------

----------------------------------------------------------
sample path: (IntersectionOutput) 
  order timepoint           sequence nr.                  node name     dropped samples
latency

Statistics:
  latency:                  60.0015ms [min=26.2043ms, max=94.1798ms, average=55.1859ms, deviation=15.2516ms]
----------------------------------------------------------

----------------------------------------------------------
sample path: (IntersectionOutput) 
  order timepoint           sequence nr.                  node name     dropped samples
latency

Statistics:
  latency:                  66.8186ms [min=26.2043ms, max=94.1798ms, average=55.3899ms, deviation=15.1932ms]
----------------------------------------------------------

----------------------------------------------------------
sample path: (VehicleDBWSystem) 
  order timepoint           sequence nr.                  node name     dropped samples
bp period
latency

Statistics:
  latency:                  309.005ms [min=256.878ms, max=309.005ms, average=287.529ms, deviation=13.045ms]
hotpath
  hot path:                 FrontLidarDriver/RearLidarDriver -> ObjectCollisionEstimator
  hot path latency:         125.346ms [min=93.4494ms, max=154.616ms, average=115.755ms, deviation=15.0526ms]
  hot path drops:           0 [min=0, max=0, average=0, deviation=0]
  behavior planner period:  106.754ms [min=90.0209ms, max=106.754ms, average=100.109ms, deviation=4.54966ms]
----------------------------------------------------------

----------------------------------------------------------
sample path: (IntersectionOutput) 
  order timepoint           sequence nr.                  node name     dropped samples
latency

Statistics:
  latency:                  45.302ms [min=26.2043ms, max=94.1798ms, average=55.216ms, deviation=15.1175ms]
----------------------------------------------------------

----------------------------------------------------------
sample path: (IntersectionOutput) 
  order timepoint           sequence nr.                  node name     dropped samples
latency

Statistics:
  latency:                  57.858ms [min=26.2043ms, max=94.1798ms, average=55.2608ms, deviation=14.9905ms]
----------------------------------------------------------

----------------------------------------------------------
sample path: (VehicleDBWSystem) 
  order timepoint           sequence nr.                  node name     dropped samples
bp period
latency

Statistics:
  latency:                  260.862ms [min=256.878ms, max=309.005ms, average=286.668ms, deviation=13.6908ms]
hotpath
  hot path:                 FrontLidarDriver/RearLidarDriver -> ObjectCollisionEstimator
  hot path latency:         131.77ms [min=93.4494ms, max=154.616ms, average=116.271ms, deviation=15.0765ms]
  hot path drops:           0 [min=0, max=0, average=0, deviation=0]
  behavior planner period:  96.3936ms [min=90.0209ms, max=106.754ms, average=99.9852ms, deviation=4.5217ms]
----------------------------------------------------------

----------------------------------------------------------
sample path: (IntersectionOutput) 
  order timepoint           sequence nr.                  node name     dropped samples
latency

Statistics:
  latency:                  37.0302ms [min=26.2043ms, max=94.1798ms, average=54.957ms, deviation=15.0481ms]
----------------------------------------------------------

----------------------------------------------------------
sample path: (IntersectionOutput) 
  order timepoint           sequence nr.                  node name     dropped samples
latency

Statistics:
  latency:                  59.5597ms [min=26.2043ms, max=94.1798ms, average=55.0324ms, deviation=14.9338ms]
----------------------------------------------------------

----------------------------------------------------------
sample path: (VehicleDBWSystem) 
  order timepoint           sequence nr.                  node name     dropped samples
bp period
latency

Statistics:
  latency:                  283.62ms [min=256.878ms, max=309.005ms, average=286.573ms, deviation=13.479ms]
hotpath
  hot path:                 FrontLidarDriver/RearLidarDriver -> ObjectCollisionEstimator
  hot path latency:         104.943ms [min=93.4494ms, max=154.616ms, average=115.917ms, deviation=14.9659ms]
  hot path drops:           0 [min=0, max=0, average=0, deviation=0]
  behavior planner period:  102.818ms [min=90.0209ms, max=106.754ms, average=100.077ms, deviation=4.47473ms]
----------------------------------------------------------

----------------------------------------------------------
sample path: (IntersectionOutput) 
  order timepoint           sequence nr.                  node name     dropped samples
latency

Statistics:
  latency:                  37.8481ms [min=26.2043ms, max=94.1798ms, average=54.7552ms, deviation=14.9708ms]
----------------------------------------------------------

----------------------------------------------------------
sample path: (IntersectionOutput) 
  order timepoint           sequence nr.                  node name     dropped samples
latency

Statistics:
  latency:                  69.9117ms [min=26.2043ms, max=94.1798ms, average=54.9958ms, deviation=14.9719ms]
----------------------------------------------------------

----------------------------------------------------------
sample path: (VehicleDBWSystem) 
  order timepoint           sequence nr.                  node name     dropped samples
bp period
latency

Statistics:
  latency:                  272.959ms [min=256.878ms, max=309.005ms, average=286.161ms, deviation=13.4767ms]
hotpath
  hot path:                 FrontLidarDriver/RearLidarDriver -> ObjectCollisionEstimator
  hot path latency:         141.576ms [min=93.4494ms, max=154.616ms, average=116.695ms, deviation=15.3925ms]
  hot path drops:           0 [min=0, max=0, average=0, deviation=0]
  behavior planner period:  96.2116ms [min=90.0209ms, max=106.754ms, average=99.9558ms, deviation=4.45467ms]
----------------------------------------------------------

----------------------------------------------------------
sample path: (IntersectionOutput) 
  order timepoint           sequence nr.                  node name     dropped samples
latency

Statistics:
  latency:                  46.9753ms [min=26.2043ms, max=94.1798ms, average=54.8705ms, deviation=14.8864ms]
----------------------------------------------------------

----------------------------------------------------------
sample path: (IntersectionOutput) 
  order timepoint           sequence nr.                  node name     dropped samples
latency

Statistics:
  latency:                  46.0289ms [min=26.2043ms, max=94.1798ms, average=54.7345ms, deviation=14.8103ms]
----------------------------------------------------------

----------------------------------------------------------
sample path: (VehicleDBWSystem) 
  order timepoint           sequence nr.                  node name     dropped samples
bp period
latency

Statistics:
  latency:                  281.549ms [min=256.878ms, max=309.005ms, average=286.025ms, deviation=13.2945ms]
hotpath
  hot path:                 FrontLidarDriver/RearLidarDriver -> ObjectCollisionEstimator
  hot path latency:         99.9003ms [min=93.4494ms, max=154.616ms, average=116.201ms, deviation=15.4287ms]
  hot path drops:           0 [min=0, max=0, average=0, deviation=0]
  behavior planner period:  97.1999ms [min=90.0209ms, max=106.754ms, average=99.8723ms, deviation=4.41068ms]
----------------------------------------------------------

----------------------------------------------------------
sample path: (IntersectionOutput) 
  order timepoint           sequence nr.                  node name     dropped samples
latency

Statistics:
  latency:                  47.6782ms [min=26.2043ms, max=94.1798ms, average=54.6276ms, deviation=14.7216ms]
----------------------------------------------------------

----------------------------------------------------------
sample path: (IntersectionOutput) 
  order timepoint           sequence nr.                  node name     dropped samples
latency

Statistics:
  latency:                  49.3293ms [min=26.2043ms, max=94.1798ms, average=54.5485ms, deviation=14.6239ms]
----------------------------------------------------------

----------------------------------------------------------
sample path: (VehicleDBWSystem) 
  order timepoint           sequence nr.                  node name     dropped samples
bp period
latency

Statistics:
  latency:                  309.182ms [min=256.878ms, max=309.182ms, average=286.687ms, deviation=13.6699ms]
hotpath
  hot path:                 FrontLidarDriver/RearLidarDriver -> ObjectCollisionEstimator
  hot path latency:         134.09ms [min=93.4494ms, max=154.616ms, average=116.712ms, deviation=15.498ms]
  hot path drops:           0 [min=0, max=0, average=0, deviation=0]
  behavior planner period:  100.129ms [min=90.0209ms, max=106.754ms, average=99.8798ms, deviation=4.34356ms]
----------------------------------------------------------

----------------------------------------------------------
sample path: (IntersectionOutput) 
  order timepoint           sequence nr.                  node name     dropped samples
latency

Statistics:
  latency:                  56.8208ms [min=26.2043ms, max=94.1798ms, average=54.5819ms, deviation=14.517ms]
----------------------------------------------------------

----------------------------------------------------------
sample path: (IntersectionOutput) 
  order timepoint           sequence nr.                  node name     dropped samples
latency

Statistics:
  latency:                  45.7585ms [min=26.2043ms, max=94.1798ms, average=54.454ms, deviation=14.449ms]
----------------------------------------------------------

----------------------------------------------------------
sample path: (VehicleDBWSystem) 
  order timepoint           sequence nr.                  node name     dropped samples
bp period
latency

Statistics:
  latency:                  260.919ms [min=256.878ms, max=309.182ms, average=285.971ms, deviation=14.1411ms]
hotpath
  hot path:                 FrontLidarDriver/RearLidarDriver -> ObjectCollisionEstimator
  hot path latency:         134.898ms [min=93.4494ms, max=154.616ms, average=117.217ms, deviation=15.5728ms]
  hot path drops:           0 [min=0, max=0, average=0, deviation=0]
  behavior planner period:  103.328ms [min=90.0209ms, max=106.754ms, average=99.9783ms, deviation=4.31872ms]
----------------------------------------------------------

----------------------------------------------------------
sample path: (IntersectionOutput) 
  order timepoint           sequence nr.                  node name     dropped samples
latency

Statistics:
  latency:                  46.5571ms [min=26.2043ms, max=94.1798ms, average=54.3412ms, deviation=14.3749ms]
----------------------------------------------------------

----------------------------------------------------------
sample path: (IntersectionOutput) 
  order timepoint           sequence nr.                  node name     dropped samples
latency

Statistics:
  latency:                  50.6729ms [min=26.2043ms, max=94.1798ms, average=54.2896ms, deviation=14.2785ms]
----------------------------------------------------------

----------------------------------------------------------
sample path: (VehicleDBWSystem) 
  order timepoint           sequence nr.                  node name     dropped samples
bp period
latency

Statistics:
  latency:                  279.087ms [min=256.878ms, max=309.182ms, average=285.785ms, deviation=13.9892ms]
hotpath
  hot path:                 FrontLidarDriver/RearLidarDriver -> ObjectCollisionEstimator
  hot path latency:         102.533ms [min=93.4494ms, max=154.616ms, average=116.82ms, deviation=15.5436ms]
  hot path drops:           0 [min=0, max=0, average=0, deviation=0]
  behavior planner period:  105.304ms [min=90.0209ms, max=106.754ms, average=100.126ms, deviation=4.34814ms]
----------------------------------------------------------

----------------------------------------------------------
sample path: (IntersectionOutput) 
  order timepoint           sequence nr.                  node name     dropped samples
latency

Statistics:
  latency:                  46.5271ms [min=26.2043ms, max=94.1798ms, average=54.1817ms, deviation=14.2071ms]
----------------------------------------------------------

----------------------------------------------------------
sample path: (IntersectionOutput) 
  order timepoint           sequence nr.                  node name     dropped samples
latency

Statistics:
  latency:                  86.5818ms [min=26.2043ms, max=94.1798ms, average=54.6256ms, deviation=14.6088ms]
----------------------------------------------------------

----------------------------------------------------------
sample path: (VehicleDBWSystem) 
  order timepoint           sequence nr.                  node name     dropped samples
bp period
latency

Statistics:
  latency:                  295.106ms [min=256.878ms, max=309.182ms, average=286.03ms, deviation=13.8814ms]
hotpath
  hot path:                 FrontLidarDriver/RearLidarDriver -> ObjectCollisionEstimator
  hot path latency:         124.324ms [min=93.4494ms, max=154.616ms, average=117.018ms, deviation=15.3803ms]
  hot path drops:           0 [min=0, max=0, average=0, deviation=0]
  behavior planner period:  105.829ms [min=90.0209ms, max=106.754ms, average=100.28ms, deviation=4.38863ms]
----------------------------------------------------------

----------------------------------------------------------
sample path: (IntersectionOutput) 
  order timepoint           sequence nr.                  node name     dropped samples
latency

Statistics:
  latency:                  46.7201ms [min=26.2043ms, max=94.1798ms, average=54.5187ms, deviation=14.5375ms]
----------------------------------------------------------

----------------------------------------------------------
sample path: (VehicleDBWSystem) 
  order timepoint           sequence nr.                  node name     dropped samples
bp period
latency

Statistics:
  latency:                  264.031ms [min=256.878ms, max=309.182ms, average=285.466ms, deviation=14.1433ms]
hotpath
  hot path:                 FrontLidarDriver/RearLidarDriver -> ObjectCollisionEstimator
  hot path latency:         111.022ms [min=93.4494ms, max=154.616ms, average=116.864ms, deviation=15.207ms]
  hot path drops:           0 [min=0, max=0, average=0, deviation=0]
  behavior planner period:  84.2189ms [min=84.2189ms, max=106.754ms, average=99.8577ms, deviation=5.05255ms]
----------------------------------------------------------

----------------------------------------------------------
sample path: (IntersectionOutput) 
  order timepoint           sequence nr.                  node name     dropped samples
latency

Statistics:
  latency:                  66.2114ms [min=26.2043ms, max=94.1798ms, average=54.6746ms, deviation=14.5019ms]
----------------------------------------------------------

----------------------------------------------------------
sample path: (IntersectionOutput) 
  order timepoint           sequence nr.                  node name     dropped samples
latency

Statistics:
  latency:                  31.8512ms [min=26.2043ms, max=94.1798ms, average=54.3743ms, deviation=14.6409ms]
----------------------------------------------------------

----------------------------------------------------------
sample path: (IntersectionOutput) 
  order timepoint           sequence nr.                  node name     dropped samples
latency

Statistics:
  latency:                  72.5151ms [min=26.2043ms, max=94.1798ms, average=54.6099ms, deviation=14.6904ms]
----------------------------------------------------------

----------------------------------------------------------
sample path: (VehicleDBWSystem) 
  order timepoint           sequence nr.                  node name     dropped samples
bp period
latency

Statistics:
  latency:                  306.398ms [min=256.878ms, max=309.182ms, average=285.989ms, deviation=14.3477ms]
hotpath
  hot path:                 FrontLidarDriver/RearLidarDriver -> ObjectCollisionEstimator
  hot path latency:         130.569ms [min=93.4494ms, max=154.616ms, average=117.207ms, deviation=15.1663ms]
  hot path drops:           0 [min=0, max=0, average=0, deviation=0]
  behavior planner period:  106.236ms [min=84.2189ms, max=106.754ms, average=100.021ms, deviation=5.08917ms]
----------------------------------------------------------

----------------------------------------------------------
sample path: (IntersectionOutput) 
  order timepoint           sequence nr.                  node name     dropped samples
latency

Statistics:
  latency:                  68.083ms [min=26.2043ms, max=94.1798ms, average=54.7827ms, deviation=14.6743ms]
----------------------------------------------------------

----------------------------------------------------------
sample path: (VehicleDBWSystem) 
  order timepoint           sequence nr.                  node name     dropped samples
bp period
latency

Statistics:
  latency:                  283.728ms [min=256.878ms, max=309.182ms, average=285.934ms, deviation=14.1716ms]
hotpath
  hot path:                 FrontLidarDriver/RearLidarDriver -> ObjectCollisionEstimator
  hot path latency:         117.657ms [min=93.4494ms, max=154.616ms, average=117.218ms, deviation=14.9757ms]
  hot path drops:           0 [min=0, max=0, average=0, deviation=0]
  behavior planner period:  93.3681ms [min=84.2189ms, max=106.754ms, average=99.8549ms, deviation=5.13246ms]
----------------------------------------------------------

----------------------------------------------------------
sample path: (IntersectionOutput) 
  order timepoint           sequence nr.                  node name     dropped samples
latency

Statistics:
  latency:                  64.0452ms [min=26.2043ms, max=94.1798ms, average=54.8999ms, deviation=14.6171ms]
----------------------------------------------------------

----------------------------------------------------------
sample path: (IntersectionOutput) 
  order timepoint           sequence nr.                  node name     dropped samples
latency

Statistics:
  latency:                  64.4926ms [min=26.2043ms, max=94.1798ms, average=55.0198ms, deviation=14.5638ms]
----------------------------------------------------------

----------------------------------------------------------
sample path: (VehicleDBWSystem) 
  order timepoint           sequence nr.                  node name     dropped samples
bp period
latency

Statistics:
  latency:                  261.549ms [min=256.878ms, max=309.182ms, average=285.354ms, deviation=14.4947ms]
hotpath
  hot path:                 FrontLidarDriver/RearLidarDriver -> ObjectCollisionEstimator
  hot path latency:         128.964ms [min=93.4494ms, max=154.616ms, average=117.497ms, deviation=14.9026ms]
  hot path drops:           0 [min=0, max=0, average=0, deviation=0]
  behavior planner period:  105.365ms [min=84.2189ms, max=106.754ms, average=99.9893ms, deviation=5.14044ms]
----------------------------------------------------------

----------------------------------------------------------
sample path: (IntersectionOutput) 
  order timepoint           sequence nr.                  node name     dropped samples
latency

Statistics:
  latency:                  51.8784ms [min=26.2043ms, max=94.1798ms, average=54.981ms, deviation=14.4767ms]
----------------------------------------------------------

----------------------------------------------------------
sample path: (IntersectionOutput) 
  order timepoint           sequence nr.                  node name     dropped samples
latency

Statistics:
  latency:                  41.6813ms [min=26.2043ms, max=94.1798ms, average=54.8188ms, deviation=14.4618ms]
----------------------------------------------------------

----------------------------------------------------------
sample path: (VehicleDBWSystem) 
  order timepoint           sequence nr.                  node name     dropped samples
bp period
latency

Statistics:
  latency:                  273.418ms [min=256.878ms, max=309.182ms, average=285.076ms, deviation=14.4363ms]
hotpath
  hot path:                 FrontLidarDriver/RearLidarDriver -> ObjectCollisionEstimator
  hot path latency:         128.509ms [min=93.4494ms, max=154.616ms, average=117.753ms, deviation=14.8196ms]
  hot path drops:           0 [min=0, max=0, average=0, deviation=0]
  behavior planner period:  104.909ms [min=84.2189ms, max=106.754ms, average=100.106ms, deviation=5.13379ms]
----------------------------------------------------------

----------------------------------------------------------
sample path: (IntersectionOutput) 
  order timepoint           sequence nr.                  node name     dropped samples
latency

Statistics:
  latency:                  63.3806ms [min=26.2043ms, max=94.1798ms, average=54.922ms, deviation=14.4041ms]
----------------------------------------------------------

----------------------------------------------------------
sample path: (IntersectionOutput) 
  order timepoint           sequence nr.                  node name     dropped samples
latency

Statistics:
  latency:                  47.9091ms [min=26.2043ms, max=94.1798ms, average=54.8385ms, deviation=14.3375ms]
----------------------------------------------------------

----------------------------------------------------------
sample path: (IntersectionOutput) 
  order timepoint           sequence nr.                  node name     dropped samples
latency

Statistics:
  latency:                  82.8779ms [min=26.2043ms, max=94.1798ms, average=55.1684ms, deviation=14.5728ms]
----------------------------------------------------------

----------------------------------------------------------
sample path: (VehicleDBWSystem) 
  order timepoint           sequence nr.                  node name     dropped samples
bp period
latency

Statistics:
  latency:                  291.819ms [min=256.878ms, max=309.182ms, average=285.229ms, deviation=14.3036ms]
hotpath
  hot path:                 FrontLidarDriver/RearLidarDriver -> ObjectCollisionEstimator
  hot path latency:         116.366ms [min=93.4494ms, max=154.616ms, average=117.722ms, deviation=14.6477ms]
  hot path drops:           0 [min=0, max=0, average=0, deviation=0]
  behavior planner period:  103.926ms [min=84.2189ms, max=106.754ms, average=100.195ms, deviation=5.10564ms]
----------------------------------------------------------

----------------------------------------------------------
sample path: (IntersectionOutput) 
  order timepoint           sequence nr.                  node name     dropped samples
latency

Statistics:
  latency:                  42.7249ms [min=26.2043ms, max=94.1798ms, average=55.0237ms, deviation=14.5488ms]
----------------------------------------------------------

----------------------------------------------------------
sample path: (IntersectionOutput) 
  order timepoint           sequence nr.                  node name     dropped samples
latency

Statistics:
  latency:                  58.5045ms [min=26.2043ms, max=94.1798ms, average=55.0637ms, deviation=14.4688ms]
----------------------------------------------------------

----------------------------------------------------------
sample path: (VehicleDBWSystem) 
  order timepoint           sequence nr.                  node name     dropped samples
bp period
latency

Statistics:
  latency:                  285.47ms [min=256.878ms, max=309.182ms, average=285.235ms, deviation=14.1401ms]
hotpath
  hot path:                 FrontLidarDriver/RearLidarDriver -> ObjectCollisionEstimator
  hot path latency:         110.8ms [min=93.4494ms, max=154.616ms, average=117.568ms, deviation=14.517ms]
  hot path drops:           0 [min=0, max=0, average=0, deviation=0]
  behavior planner period:  88.997ms [min=84.2189ms, max=106.754ms, average=99.9408ms, deviation=5.32084ms]
----------------------------------------------------------

----------------------------------------------------------
sample path: (IntersectionOutput) 
  order timepoint           sequence nr.                  node name     dropped samples
latency

Statistics:
  latency:                  57.4867ms [min=26.2043ms, max=94.1798ms, average=55.0912ms, deviation=14.3877ms]
----------------------------------------------------------

