----------------------------------------------------------
sample path: (IntersectionOutput) 
  order timepoint           sequence nr.                  node name     dropped samples
latency

Statistics:
  latency:                  171.732ms [min=171.732ms, max=171.732ms, average=171.732ms, deviation=-nanms]
----------------------------------------------------------

----------------------------------------------------------
sample path: (VehicleDBWSystem) 
  order timepoint           sequence nr.                  node name     dropped samples
latency

Statistics:
  latency:                  746.064ms [min=746.064ms, max=746.064ms, average=746.064ms, deviation=-nanms]
hotpath
  hot path:                 FrontLidarDriver/RearLidarDriver -> ObjectCollisionEstimator
  hot path latency:         297.167ms [min=297.167ms, max=297.167ms, average=297.167ms, deviation=-nanms]
  hot path drops:           0 [min=0, max=0, average=0, deviation=-nan]
  behavior planner period:  0ms [min=1.84467e+13ms, max=0ms, average=0ms, deviation=0ms]
----------------------------------------------------------

----------------------------------------------------------
sample path: (IntersectionOutput) 
  order timepoint           sequence nr.                  node name     dropped samples
latency

Statistics:
  latency:                  172.119ms [min=171.732ms, max=172.119ms, average=171.926ms, deviation=0.274005ms]
----------------------------------------------------------

----------------------------------------------------------
sample path: (VehicleDBWSystem) 
  order timepoint           sequence nr.                  node name     dropped samples
bp period
latency

Statistics:
  latency:                  793.736ms [min=746.064ms, max=793.736ms, average=769.9ms, deviation=33.7092ms]
hotpath
  hot path:                 FrontLidarDriver/RearLidarDriver -> ObjectCollisionEstimator
  hot path latency:         353.921ms [min=297.167ms, max=353.921ms, average=325.544ms, deviation=40.1312ms]
  hot path drops:           0 [min=0, max=0, average=0, deviation=0]
  behavior planner period:  86.1207ms [min=86.1207ms, max=86.1207ms, average=86.1207ms, deviation=-nanms]
----------------------------------------------------------

----------------------------------------------------------
sample path: (IntersectionOutput) 
  order timepoint           sequence nr.                  node name     dropped samples
latency

Statistics:
  latency:                  162.294ms [min=162.294ms, max=172.119ms, average=168.715ms, deviation=5.56402ms]
----------------------------------------------------------

----------------------------------------------------------
sample path: (VehicleDBWSystem) 
  order timepoint           sequence nr.                  node name     dropped samples
bp period
latency

Statistics:
  latency:                  831.925ms [min=746.064ms, max=831.925ms, average=790.575ms, deviation=43.018ms]
hotpath
  hot path:                 FrontLidarDriver/RearLidarDriver -> ObjectCollisionEstimator
  hot path latency:         507.222ms [min=297.167ms, max=507.222ms, average=386.103ms, deviation=108.663ms]
  hot path drops:           1 [min=0, max=1, average=0.333333, deviation=0.57735]
  behavior planner period:  114.879ms [min=86.1207ms, max=114.879ms, average=100.5ms, deviation=20.3349ms]
----------------------------------------------------------

----------------------------------------------------------
sample path: (IntersectionOutput) 
  order timepoint           sequence nr.                  node name     dropped samples
latency

Statistics:
  latency:                  171.751ms [min=162.294ms, max=172.119ms, average=169.474ms, deviation=4.78984ms]
----------------------------------------------------------

----------------------------------------------------------
sample path: (VehicleDBWSystem) 
  order timepoint           sequence nr.                  node name     dropped samples
bp period
latency

Statistics:
  latency:                  851.273ms [min=746.064ms, max=851.273ms, average=805.749ms, deviation=46.4193ms]
hotpath
  hot path:                 FrontLidarDriver/RearLidarDriver -> ObjectCollisionEstimator
  hot path latency:         402.374ms [min=297.167ms, max=507.222ms, average=390.171ms, deviation=89.0952ms]
  hot path drops:           0 [min=0, max=1, average=0.25, deviation=0.5]
  behavior planner period:  110.171ms [min=86.1207ms, max=114.879ms, average=103.723ms, deviation=15.4251ms]
----------------------------------------------------------

----------------------------------------------------------
sample path: (IntersectionOutput) 
  order timepoint           sequence nr.                  node name     dropped samples
latency

Statistics:
  latency:                  171.747ms [min=162.294ms, max=172.119ms, average=169.929ms, deviation=4.27082ms]
----------------------------------------------------------

----------------------------------------------------------
sample path: (VehicleDBWSystem) 
  order timepoint           sequence nr.                  node name     dropped samples
bp period
latency

Statistics:
  latency:                  793.683ms [min=746.064ms, max=851.273ms, average=803.336ms, deviation=40.5608ms]
hotpath
  hot path:                 FrontLidarDriver/RearLidarDriver -> ObjectCollisionEstimator
  hot path latency:         344.826ms [min=297.167ms, max=507.222ms, average=381.102ms, deviation=79.779ms]
  hot path drops:           2 [min=0, max=2, average=0.6, deviation=0.894427]
  behavior planner period:  86.0877ms [min=86.0877ms, max=114.879ms, average=99.3145ms, deviation=15.3745ms]
----------------------------------------------------------

----------------------------------------------------------
sample path: (IntersectionOutput) 
  order timepoint           sequence nr.                  node name     dropped samples
latency

Statistics:
  latency:                  171.758ms [min=162.294ms, max=172.119ms, average=170.234ms, deviation=3.89226ms]
----------------------------------------------------------

----------------------------------------------------------
sample path: (VehicleDBWSystem) 
  order timepoint           sequence nr.                  node name     dropped samples
bp period
latency

Statistics:
  latency:                  783.687ms [min=746.064ms, max=851.273ms, average=800.061ms, deviation=37.1549ms]
hotpath
  hot path:                 FrontLidarDriver/RearLidarDriver -> ObjectCollisionEstimator
  hot path latency:         344.441ms [min=297.167ms, max=507.222ms, average=374.992ms, deviation=72.9092ms]
  hot path drops:           2 [min=0, max=2, average=0.833333, deviation=0.983192]
  behavior planner period:  86.0716ms [min=86.0716ms, max=114.879ms, average=96.6659ms, deviation=14.5725ms]
----------------------------------------------------------

----------------------------------------------------------
sample path: (IntersectionOutput) 
  order timepoint           sequence nr.                  node name     dropped samples
latency

Statistics:
  latency:                  162.228ms [min=162.228ms, max=172.119ms, average=169.09ms, deviation=4.6669ms]
----------------------------------------------------------

----------------------------------------------------------
sample path: (VehicleDBWSystem) 
  order timepoint           sequence nr.                  node name     dropped samples
bp period
latency

Statistics:
  latency:                  850.867ms [min=746.064ms, max=851.273ms, average=807.319ms, deviation=38.9763ms]
hotpath
  hot path:                 FrontLidarDriver/RearLidarDriver -> ObjectCollisionEstimator
  hot path latency:         574.147ms [min=297.167ms, max=574.147ms, average=403.443ms, deviation=100.478ms]
  hot path drops:           0 [min=0, max=2, average=0.714286, deviation=0.95119]
  behavior planner period:  114.593ms [min=86.0716ms, max=114.879ms, average=99.6539ms, deviation=14.9483ms]
----------------------------------------------------------

----------------------------------------------------------
sample path: (IntersectionOutput) 
  order timepoint           sequence nr.                  node name     dropped samples
latency

Statistics:
  latency:                  171.709ms [min=162.228ms, max=172.119ms, average=169.417ms, deviation=4.41882ms]
----------------------------------------------------------

----------------------------------------------------------
sample path: (VehicleDBWSystem) 
  order timepoint           sequence nr.                  node name     dropped samples
bp period
latency

Statistics:
  latency:                  793.253ms [min=746.064ms, max=851.273ms, average=805.561ms, deviation=36.4261ms]
hotpath
  hot path:                 FrontLidarDriver/RearLidarDriver -> ObjectCollisionEstimator
  hot path latency:         344.37ms [min=297.167ms, max=574.147ms, average=396.059ms, deviation=95.3405ms]
  hot path drops:           2 [min=0, max=2, average=0.875, deviation=0.991031]
  behavior planner period:  110.12ms [min=86.0716ms, max=114.879ms, average=101.149ms, deviation=14.2076ms]
----------------------------------------------------------

----------------------------------------------------------
sample path: (IntersectionOutput) 
  order timepoint           sequence nr.                  node name     dropped samples
latency

Statistics:
  latency:                  171.784ms [min=162.228ms, max=172.119ms, average=169.68ms, deviation=4.20805ms]
----------------------------------------------------------

----------------------------------------------------------
sample path: (VehicleDBWSystem) 
  order timepoint           sequence nr.                  node name     dropped samples
bp period
latency

Statistics:
  latency:                  783.752ms [min=746.064ms, max=851.273ms, average=803.138ms, deviation=34.8404ms]
hotpath
  hot path:                 FrontLidarDriver/RearLidarDriver -> ObjectCollisionEstimator
  hot path latency:         344.436ms [min=297.167ms, max=574.147ms, average=390.323ms, deviation=90.8278ms]
  hot path drops:           2 [min=0, max=2, average=1, deviation=1]
  behavior planner period:  86.0754ms [min=86.0716ms, max=114.879ms, average=99.2648ms, deviation=14.1923ms]
----------------------------------------------------------

----------------------------------------------------------
sample path: (IntersectionOutput) 
  order timepoint           sequence nr.                  node name     dropped samples
latency

Statistics:
  latency:                  162.208ms [min=162.208ms, max=172.119ms, average=168.933ms, deviation=4.61775ms]
----------------------------------------------------------

----------------------------------------------------------
sample path: (VehicleDBWSystem) 
  order timepoint           sequence nr.                  node name     dropped samples
bp period
latency

Statistics:
  latency:                  831.791ms [min=746.064ms, max=851.273ms, average=806.003ms, deviation=34.0746ms]
hotpath
  hot path:                 FrontLidarDriver/RearLidarDriver -> ObjectCollisionEstimator
  hot path latency:         564.664ms [min=297.167ms, max=574.147ms, average=407.757ms, deviation=101.846ms]
  hot path drops:           0 [min=0, max=2, average=0.9, deviation=0.994429]
  behavior planner period:  114.584ms [min=86.0716ms, max=114.879ms, average=100.967ms, deviation=14.2239ms]
----------------------------------------------------------

----------------------------------------------------------
sample path: (IntersectionOutput) 
  order timepoint           sequence nr.                  node name     dropped samples
latency

Statistics:
  latency:                  162.187ms [min=162.187ms, max=172.119ms, average=168.32ms, deviation=4.83ms]
----------------------------------------------------------

----------------------------------------------------------
sample path: (VehicleDBWSystem) 
  order timepoint           sequence nr.                  node name     dropped samples
bp period
latency

Statistics:
  latency:                  774.053ms [min=746.064ms, max=851.273ms, average=803.099ms, deviation=33.7308ms]
hotpath
  hot path:                 FrontLidarDriver/RearLidarDriver -> ObjectCollisionEstimator
  hot path latency:         344.43ms [min=297.167ms, max=574.147ms, average=402ms, deviation=98.4879ms]
  hot path drops:           2 [min=0, max=2, average=1, deviation=1]
  behavior planner period:  110.099ms [min=86.0716ms, max=114.879ms, average=101.88ms, deviation=13.7178ms]
----------------------------------------------------------

----------------------------------------------------------
sample path: (IntersectionOutput) 
  order timepoint           sequence nr.                  node name     dropped samples
latency

Statistics:
  latency:                  152.613ms [min=152.613ms, max=172.119ms, average=167.011ms, deviation=6.46274ms]
----------------------------------------------------------

----------------------------------------------------------
sample path: (VehicleDBWSystem) 
  order timepoint           sequence nr.                  node name     dropped samples
bp period
latency

Statistics:
  latency:                  735.907ms [min=735.907ms, max=851.273ms, average=797.499ms, deviation=37.5574ms]
hotpath
  hot path:                 FrontLidarDriver/RearLidarDriver -> ObjectCollisionEstimator
  hot path latency:         344.388ms [min=297.167ms, max=574.147ms, average=397.199ms, deviation=95.3659ms]
  hot path drops:           2 [min=0, max=2, average=1.08333, deviation=0.996205]
  behavior planner period:  81.281ms [min=81.281ms, max=114.879ms, average=100.007ms, deviation=14.42ms]
----------------------------------------------------------

----------------------------------------------------------
sample path: (IntersectionOutput) 
  order timepoint           sequence nr.                  node name     dropped samples
latency

Statistics:
  latency:                  152.703ms [min=152.613ms, max=172.119ms, average=165.91ms, deviation=7.35072ms]
----------------------------------------------------------

----------------------------------------------------------
sample path: (VehicleDBWSystem) 
  order timepoint           sequence nr.                  node name     dropped samples
bp period
latency

Statistics:
  latency:                  889.154ms [min=735.907ms, max=889.154ms, average=804.55ms, deviation=44.0365ms]
hotpath
  hot path:                 FrontLidarDriver/RearLidarDriver -> ObjectCollisionEstimator
  hot path latency:         650.373ms [min=297.167ms, max=650.373ms, average=416.674ms, deviation=115.184ms]
  hot path drops:           2 [min=0, max=2, average=1.15385, deviation=0.987096]
  behavior planner period:  104.967ms [min=81.281ms, max=114.879ms, average=100.421ms, deviation=13.8233ms]
----------------------------------------------------------

----------------------------------------------------------
sample path: (IntersectionOutput) 
  order timepoint           sequence nr.                  node name     dropped samples
latency

Statistics:
  latency:                  133.782ms [min=133.782ms, max=172.119ms, average=163.615ms, deviation=11.1179ms]
----------------------------------------------------------

----------------------------------------------------------
sample path: (VehicleDBWSystem) 
  order timepoint           sequence nr.                  node name     dropped samples
bp period
latency

Statistics:
  latency:                  755.48ms [min=735.907ms, max=889.154ms, average=801.045ms, deviation=44.2948ms]
hotpath
  hot path:                 FrontLidarDriver/RearLidarDriver -> ObjectCollisionEstimator
  hot path latency:         315.613ms [min=297.167ms, max=650.373ms, average=409.455ms, deviation=113.913ms]
  hot path drops:           1 [min=0, max=2, average=1.14286, deviation=0.949262]
  behavior planner period:  100.557ms [min=81.281ms, max=114.879ms, average=100.431ms, deviation=13.2348ms]
----------------------------------------------------------

----------------------------------------------------------
sample path: (IntersectionOutput) 
  order timepoint           sequence nr.                  node name     dropped samples
latency

Statistics:
  latency:                  144.388ms [min=133.782ms, max=172.119ms, average=162.334ms, deviation=11.8077ms]
----------------------------------------------------------

----------------------------------------------------------
sample path: (VehicleDBWSystem) 
  order timepoint           sequence nr.                  node name     dropped samples
bp period
latency

Statistics:
  latency:                  729.378ms [min=729.378ms, max=889.154ms, average=796.267ms, deviation=46.5219ms]
  behavior planner period:  114.817ms [min=81.281ms, max=114.879ms, average=101.459ms, deviation=13.2841ms]
----------------------------------------------------------

----------------------------------------------------------
sample path: (IntersectionOutput) 
  order timepoint           sequence nr.                  node name     dropped samples
latency

Statistics:
  latency:                  144.401ms [min=133.782ms, max=172.119ms, average=161.213ms, deviation=12.2567ms]
----------------------------------------------------------

----------------------------------------------------------
sample path: (IntersectionOutput) 
  order timepoint           sequence nr.                  node name     dropped samples
latency

Statistics:
  latency:                  142.967ms [min=133.782ms, max=172.119ms, average=160.139ms, deviation=12.6658ms]
----------------------------------------------------------

----------------------------------------------------------
sample path: (VehicleDBWSystem) 
  order timepoint           sequence nr.                  node name     dropped samples
bp period
latency

Statistics:
  latency:                  643.273ms [min=643.273ms, max=889.154ms, average=786.705ms, deviation=59.0165ms]
hotpath
  hot path:                 FrontLidarDriver/RearLidarDriver -> ObjectCollisionEstimator
  hot path latency:         279.064ms [min=279.064ms, max=650.373ms, average=400.762ms, deviation=114.817ms]
  hot path drops:           2 [min=0, max=2, average=1.2, deviation=0.941124]
  behavior planner period:  97.0584ms [min=81.281ms, max=114.879ms, average=101.165ms, deviation=12.8512ms]
----------------------------------------------------------

----------------------------------------------------------
sample path: (IntersectionOutput) 
  order timepoint           sequence nr.                  node name     dropped samples
latency

Statistics:
  latency:                  124.516ms [min=124.516ms, max=172.119ms, average=158.16ms, deviation=14.8824ms]
----------------------------------------------------------

----------------------------------------------------------
sample path: (VehicleDBWSystem) 
  order timepoint           sequence nr.                  node name     dropped samples
bp period
latency

Statistics:
  latency:                  691.632ms [min=643.273ms, max=889.154ms, average=781.112ms, deviation=61.6195ms]
hotpath
  hot path:                 FrontLidarDriver/RearLidarDriver -> ObjectCollisionEstimator
  hot path latency:         481.07ms [min=279.064ms, max=650.373ms, average=405.782ms, deviation=112.726ms]
  hot path drops:           0 [min=0, max=2, average=1.125, deviation=0.957427]
  behavior planner period:  76.3892ms [min=76.3892ms, max=114.879ms, average=99.6169ms, deviation=13.8748ms]
----------------------------------------------------------

----------------------------------------------------------
sample path: (IntersectionOutput) 
  order timepoint           sequence nr.                  node name     dropped samples
latency

Statistics:
  latency:                  133.743ms [min=124.516ms, max=172.119ms, average=156.875ms, deviation=15.51ms]
----------------------------------------------------------

----------------------------------------------------------
sample path: (VehicleDBWSystem) 
  order timepoint           sequence nr.                  node name     dropped samples
bp period
latency

Statistics:
  latency:                  613.959ms [min=613.959ms, max=889.154ms, average=771.826ms, deviation=71.595ms]
hotpath
  hot path:                 FrontLidarDriver/RearLidarDriver -> ObjectCollisionEstimator
  hot path latency:         288.206ms [min=279.064ms, max=650.373ms, average=398.865ms, deviation=112.81ms]
  hot path drops:           2 [min=0, max=2, average=1.17647, deviation=0.951006]
  behavior planner period:  95.9695ms [min=76.3892ms, max=114.879ms, average=99.4024ms, deviation=13.4633ms]
----------------------------------------------------------

----------------------------------------------------------
sample path: (IntersectionOutput) 
  order timepoint           sequence nr.                  node name     dropped samples
latency

Statistics:
  latency:                  143.256ms [min=124.516ms, max=172.119ms, average=156.194ms, deviation=15.4005ms]
----------------------------------------------------------

----------------------------------------------------------
sample path: (VehicleDBWSystem) 
  order timepoint           sequence nr.                  node name     dropped samples
bp period
latency

Statistics:
  latency:                  603.312ms [min=603.312ms, max=889.154ms, average=762.957ms, deviation=79.5968ms]
hotpath
  hot path:                 FrontLidarDriver/RearLidarDriver -> ObjectCollisionEstimator
  hot path latency:         278.114ms [min=278.114ms, max=650.373ms, average=392.157ms, deviation=113.082ms]
  hot path drops:           2 [min=0, max=2, average=1.22222, deviation=0.942809]
  behavior planner period:  100.647ms [min=76.3892ms, max=114.879ms, average=99.4715ms, deviation=13.0646ms]
----------------------------------------------------------

----------------------------------------------------------
sample path: (IntersectionOutput) 
  order timepoint           sequence nr.                  node name     dropped samples
latency

Statistics:
  latency:                  133.625ms [min=124.516ms, max=172.119ms, average=155.12ms, deviation=15.7978ms]
----------------------------------------------------------

----------------------------------------------------------
sample path: (IntersectionOutput) 
  order timepoint           sequence nr.                  node name     dropped samples
latency

Statistics:
  latency:                  161.872ms [min=124.516ms, max=172.119ms, average=155.427ms, deviation=15.4842ms]
----------------------------------------------------------

----------------------------------------------------------
sample path: (VehicleDBWSystem) 
  order timepoint           sequence nr.                  node name     dropped samples
bp period
latency

Statistics:
  latency:                  678.596ms [min=603.312ms, max=889.154ms, average=758.739ms, deviation=79.7373ms]
hotpath
  hot path:                 FrontLidarDriver/RearLidarDriver -> ObjectCollisionEstimator
  hot path latency:         277.93ms [min=277.93ms, max=650.373ms, average=386.145ms, deviation=112.977ms]
  hot path drops:           2 [min=0, max=2, average=1.26316, deviation=0.933459]
  behavior planner period:  105.264ms [min=76.3892ms, max=114.879ms, average=99.7764ms, deviation=12.7659ms]
----------------------------------------------------------

----------------------------------------------------------
sample path: (IntersectionOutput) 
  order timepoint           sequence nr.                  node name     dropped samples
latency

Statistics:
  latency:                  162.263ms [min=124.516ms, max=172.119ms, average=155.724ms, deviation=15.1952ms]
----------------------------------------------------------

----------------------------------------------------------
sample path: (VehicleDBWSystem) 
  order timepoint           sequence nr.                  node name     dropped samples
bp period
latency

Statistics:
  latency:                  764.797ms [min=603.312ms, max=889.154ms, average=759.027ms, deviation=77.7295ms]
hotpath
  hot path:                 FrontLidarDriver/RearLidarDriver -> ObjectCollisionEstimator
  hot path latency:         488.045ms [min=277.93ms, max=650.373ms, average=391.24ms, deviation=112.3ms]
  hot path drops:           0 [min=0, max=2, average=1.2, deviation=0.951453]
  behavior planner period:  104.795ms [min=76.3892ms, max=114.879ms, average=100.027ms, deviation=12.476ms]
----------------------------------------------------------

----------------------------------------------------------
sample path: (IntersectionOutput) 
  order timepoint           sequence nr.                  node name     dropped samples
latency

Statistics:
  latency:                  171.693ms [min=124.516ms, max=172.119ms, average=156.389ms, deviation=15.2145ms]
----------------------------------------------------------

----------------------------------------------------------
sample path: (VehicleDBWSystem) 
  order timepoint           sequence nr.                  node name     dropped samples
bp period
latency

Statistics:
  latency:                  821.695ms [min=603.312ms, max=889.154ms, average=761.876ms, deviation=77.0239ms]
hotpath
  hot path:                 FrontLidarDriver/RearLidarDriver -> ObjectCollisionEstimator
  hot path latency:         372.85ms [min=277.93ms, max=650.373ms, average=390.364ms, deviation=109.53ms]
  hot path drops:           0 [min=0, max=2, average=1.14286, deviation=0.963624]
  behavior planner period:  110.074ms [min=76.3892ms, max=114.879ms, average=100.506ms, deviation=12.3561ms]
----------------------------------------------------------

----------------------------------------------------------
sample path: (IntersectionOutput) 
  order timepoint           sequence nr.                  node name     dropped samples
latency

Statistics:
  latency:                  171.721ms [min=124.516ms, max=172.119ms, average=157.002ms, deviation=15.2066ms]
----------------------------------------------------------

----------------------------------------------------------
sample path: (VehicleDBWSystem) 
  order timepoint           sequence nr.                  node name     dropped samples
bp period
latency

Statistics:
  latency:                  773.714ms [min=603.312ms, max=889.154ms, average=762.39ms, deviation=75.2935ms]
hotpath
  hot path:                 FrontLidarDriver/RearLidarDriver -> ObjectCollisionEstimator
  hot path latency:         334.56ms [min=277.93ms, max=650.373ms, average=387.828ms, deviation=107.55ms]
  hot path drops:           2 [min=0, max=2, average=1.18182, deviation=0.957992]
  behavior planner period:  86.0601ms [min=76.3892ms, max=114.879ms, average=99.8491ms, deviation=12.4455ms]
----------------------------------------------------------

----------------------------------------------------------
sample path: (IntersectionOutput) 
  order timepoint           sequence nr.                  node name     dropped samples
latency

Statistics:
  latency:                  162.104ms [min=124.516ms, max=172.119ms, average=157.199ms, deviation=14.9329ms]
----------------------------------------------------------

----------------------------------------------------------
sample path: (VehicleDBWSystem) 
  order timepoint           sequence nr.                  node name     dropped samples
bp period
latency

Statistics:
  latency:                  831.499ms [min=603.312ms, max=889.154ms, average=765.27ms, deviation=74.9775ms]
hotpath
  hot path:                 FrontLidarDriver/RearLidarDriver -> ObjectCollisionEstimator
  hot path latency:         564.492ms [min=277.93ms, max=650.373ms, average=395.509ms, deviation=111.347ms]
  hot path drops:           0 [min=0, max=2, average=1.13043, deviation=0.967863]
  behavior planner period:  114.569ms [min=76.3892ms, max=114.879ms, average=100.489ms, deviation=12.5407ms]
----------------------------------------------------------

