----------------------------------------------------------
sample path: (IntersectionOutput) 
  order timepoint           sequence nr.                  node name     dropped samples
latency

Statistics:
  latency:                  44.4529ms [min=44.4529ms, max=44.4529ms, average=44.4529ms, deviation=-nanms]
----------------------------------------------------------

----------------------------------------------------------
sample path: (IntersectionOutput) 
  order timepoint           sequence nr.                  node name     dropped samples
latency

Statistics:
  latency:                  36.569ms [min=36.569ms, max=44.4529ms, average=40.511ms, deviation=5.57476ms]
----------------------------------------------------------

----------------------------------------------------------
sample path: (VehicleDBWSystem) 
  order timepoint           sequence nr.                  node name     dropped samples
latency

Statistics:
  latency:                  206.316ms [min=206.316ms, max=206.316ms, average=206.316ms, deviation=-nanms]
hotpath
  hot path:                 FrontLidarDriver/RearLidarDriver -> ObjectCollisionEstimator
  hot path latency:         42.4709ms [min=42.4709ms, max=42.4709ms, average=42.4709ms, deviation=-nanms]
  hot path drops:           0 [min=0, max=0, average=0, deviation=-nan]
  behavior planner period:  0ms [min=1.84467e+13ms, max=0ms, average=0ms, deviation=0ms]
----------------------------------------------------------

----------------------------------------------------------
sample path: (IntersectionOutput) 
  order timepoint           sequence nr.                  node name     dropped samples
latency

Statistics:
  latency:                  25.4817ms [min=25.4817ms, max=44.4529ms, average=35.5012ms, deviation=9.53055ms]
----------------------------------------------------------

----------------------------------------------------------
sample path: (IntersectionOutput) 
  order timepoint           sequence nr.                  node name     dropped samples
latency

Statistics:
  latency:                  31.9064ms [min=25.4817ms, max=44.4529ms, average=34.6025ms, deviation=7.98654ms]
----------------------------------------------------------

----------------------------------------------------------
sample path: (IntersectionOutput) 
  order timepoint           sequence nr.                  node name     dropped samples
latency

Statistics:
  latency:                  66.403ms [min=25.4817ms, max=66.403ms, average=40.9626ms, deviation=15.8143ms]
----------------------------------------------------------

----------------------------------------------------------
sample path: (VehicleDBWSystem) 
  order timepoint           sequence nr.                  node name     dropped samples
bp period
latency

Statistics:
  latency:                  214.964ms [min=206.316ms, max=214.964ms, average=210.64ms, deviation=6.11493ms]
hotpath
  hot path:                 FrontLidarDriver/RearLidarDriver -> ObjectCollisionEstimator
  hot path latency:         76.0754ms [min=42.4709ms, max=76.0754ms, average=59.2732ms, deviation=23.762ms]
  hot path drops:           0 [min=0, max=0, average=0, deviation=0]
  behavior planner period:  99.9988ms [min=99.9988ms, max=99.9988ms, average=99.9988ms, deviation=-nanms]
----------------------------------------------------------

----------------------------------------------------------
sample path: (IntersectionOutput) 
  order timepoint           sequence nr.                  node name     dropped samples
latency

Statistics:
  latency:                  26.1019ms [min=25.4817ms, max=66.403ms, average=38.4858ms, deviation=15.3909ms]
----------------------------------------------------------

----------------------------------------------------------
sample path: (IntersectionOutput) 
  order timepoint           sequence nr.                  node name     dropped samples
latency

Statistics:
  latency:                  53.6081ms [min=25.4817ms, max=66.403ms, average=40.6462ms, deviation=15.1681ms]
----------------------------------------------------------

----------------------------------------------------------
sample path: (IntersectionOutput) 
  order timepoint           sequence nr.                  node name     dropped samples
latency

Statistics:
  latency:                  39.4073ms [min=25.4817ms, max=66.403ms, average=40.4913ms, deviation=14.0497ms]
----------------------------------------------------------

----------------------------------------------------------
sample path: (VehicleDBWSystem) 
  order timepoint           sequence nr.                  node name     dropped samples
bp period
latency

Statistics:
  latency:                  216.632ms [min=206.316ms, max=216.632ms, average=212.637ms, deviation=5.53739ms]
hotpath
  hot path:                 FrontLidarDriver/RearLidarDriver -> ObjectCollisionEstimator
  hot path latency:         79.4157ms [min=42.4709ms, max=79.4157ms, average=65.9873ms, deviation=20.4342ms]
  hot path drops:           0 [min=0, max=0, average=0, deviation=0]
  behavior planner period:  99.999ms [min=99.9988ms, max=99.999ms, average=99.9989ms, deviation=0.000140714ms]
----------------------------------------------------------

----------------------------------------------------------
sample path: (IntersectionOutput) 
  order timepoint           sequence nr.                  node name     dropped samples
latency

Statistics:
  latency:                  16.2656ms [min=16.2656ms, max=66.403ms, average=37.7996ms, deviation=15.425ms]
----------------------------------------------------------

----------------------------------------------------------
sample path: (IntersectionOutput) 
  order timepoint           sequence nr.                  node name     dropped samples
latency

Statistics:
  latency:                  77.0789ms [min=16.2656ms, max=77.0789ms, average=41.7275ms, deviation=19.1254ms]
----------------------------------------------------------

----------------------------------------------------------
sample path: (VehicleDBWSystem) 
  order timepoint           sequence nr.                  node name     dropped samples
bp period
latency

Statistics:
  latency:                  229.076ms [min=206.316ms, max=229.076ms, average=216.747ms, deviation=9.38067ms]
hotpath
  hot path:                 FrontLidarDriver/RearLidarDriver -> ObjectCollisionEstimator
  hot path latency:         58.2042ms [min=42.4709ms, max=79.4157ms, average=64.0415ms, deviation=17.1323ms]
  hot path drops:           0 [min=0, max=0, average=0, deviation=0]
  behavior planner period:  100.007ms [min=99.9988ms, max=100.007ms, average=100.001ms, deviation=0.00444642ms]
----------------------------------------------------------

----------------------------------------------------------
sample path: (IntersectionOutput) 
  order timepoint           sequence nr.                  node name     dropped samples
latency

Statistics:
  latency:                  8.07891ms [min=8.07891ms, max=77.0789ms, average=38.6685ms, deviation=20.7878ms]
----------------------------------------------------------

----------------------------------------------------------
sample path: (VehicleDBWSystem) 
  order timepoint           sequence nr.                  node name     dropped samples
bp period
latency

Statistics:
  latency:                  276.354ms [min=206.316ms, max=276.354ms, average=228.668ms, deviation=27.8676ms]
hotpath
  hot path:                 FrontLidarDriver/RearLidarDriver -> ObjectCollisionEstimator
  hot path latency:         67.4387ms [min=42.4709ms, max=79.4157ms, average=64.721ms, deviation=14.9146ms]
  hot path drops:           0 [min=0, max=0, average=0, deviation=0]
  behavior planner period:  100.007ms [min=99.9988ms, max=100.007ms, average=100.003ms, deviation=0.00462603ms]
----------------------------------------------------------

----------------------------------------------------------
sample path: (IntersectionOutput) 
  order timepoint           sequence nr.                  node name     dropped samples
latency

Statistics:
  latency:                  42.084ms [min=8.07891ms, max=77.0789ms, average=38.9532ms, deviation=19.8449ms]
----------------------------------------------------------

----------------------------------------------------------
sample path: (IntersectionOutput) 
  order timepoint           sequence nr.                  node name     dropped samples
latency

Statistics:
  latency:                  15.8836ms [min=8.07891ms, max=77.0789ms, average=37.1786ms, deviation=20.0484ms]
----------------------------------------------------------

----------------------------------------------------------
sample path: (IntersectionOutput) 
  order timepoint           sequence nr.                  node name     dropped samples
latency

Statistics:
  latency:                  50.9385ms [min=8.07891ms, max=77.0789ms, average=38.1614ms, deviation=19.6098ms]
----------------------------------------------------------

----------------------------------------------------------
sample path: (VehicleDBWSystem) 
  order timepoint           sequence nr.                  node name     dropped samples
bp period
latency

Statistics:
  latency:                  270.17ms [min=206.316ms, max=276.354ms, average=235.585ms, deviation=30.1388ms]
hotpath
  hot path:                 FrontLidarDriver/RearLidarDriver -> ObjectCollisionEstimator
  hot path latency:         66.2783ms [min=42.4709ms, max=79.4157ms, average=64.9805ms, deviation=13.3552ms]
  hot path drops:           0 [min=0, max=0, average=0, deviation=0]
  behavior planner period:  99.9998ms [min=99.9988ms, max=100.007ms, average=100.002ms, deviation=0.00423942ms]
----------------------------------------------------------

----------------------------------------------------------
sample path: (IntersectionOutput) 
  order timepoint           sequence nr.                  node name     dropped samples
latency

Statistics:
  latency:                  26.3086ms [min=8.07891ms, max=77.0789ms, average=37.3712ms, deviation=19.1427ms]
----------------------------------------------------------

----------------------------------------------------------
sample path: (IntersectionOutput) 
  order timepoint           sequence nr.                  node name     dropped samples
latency

Statistics:
  latency:                  60.2828ms [min=8.07891ms, max=77.0789ms, average=38.8032ms, deviation=19.3603ms]
----------------------------------------------------------

----------------------------------------------------------
sample path: (VehicleDBWSystem) 
  order timepoint           sequence nr.                  node name     dropped samples
bp period
latency

Statistics:
  latency:                  198.145ms [min=198.145ms, max=276.354ms, average=230.237ms, deviation=30.9388ms]
hotpath
  hot path:                 FrontLidarDriver/RearLidarDriver -> ObjectCollisionEstimator
  hot path latency:         38.5399ms [min=38.5399ms, max=79.4157ms, average=61.2033ms, deviation=15.7641ms]
  hot path drops:           0 [min=0, max=0, average=0, deviation=0]
  behavior planner period:  99.9908ms [min=99.9908ms, max=100.007ms, average=100ms, deviation=0.00602835ms]
----------------------------------------------------------

----------------------------------------------------------
sample path: (IntersectionOutput) 
  order timepoint           sequence nr.                  node name     dropped samples
latency

Statistics:
  latency:                  25.286ms [min=8.07891ms, max=77.0789ms, average=38.0081ms, deviation=19.0301ms]
----------------------------------------------------------

----------------------------------------------------------
sample path: (IntersectionOutput) 
  order timepoint           sequence nr.                  node name     dropped samples
latency

Statistics:
  latency:                  31.8982ms [min=8.07891ms, max=77.0789ms, average=37.6686ms, deviation=18.518ms]
----------------------------------------------------------

----------------------------------------------------------
sample path: (IntersectionOutput) 
  order timepoint           sequence nr.                  node name     dropped samples
latency

Statistics:
  latency:                  62.6007ms [min=8.07891ms, max=77.0789ms, average=38.9809ms, deviation=18.8834ms]
----------------------------------------------------------

----------------------------------------------------------
sample path: (IntersectionOutput) 
  order timepoint           sequence nr.                  node name     dropped samples
latency

Statistics:
  latency:                  24.7192ms [min=8.07891ms, max=77.0789ms, average=38.2678ms, deviation=18.6543ms]
----------------------------------------------------------

----------------------------------------------------------
sample path: (VehicleDBWSystem) 
  order timepoint           sequence nr.                  node name     dropped samples
bp period
latency

Statistics:
  latency:                  217.599ms [min=198.145ms, max=276.354ms, average=228.657ms, deviation=28.9901ms]
hotpath
  hot path:                 FrontLidarDriver/RearLidarDriver -> ObjectCollisionEstimator
  hot path latency:         63.1986ms [min=38.5399ms, max=79.4157ms, average=61.4527ms, deviation=14.6117ms]
  hot path drops:           0 [min=0, max=0, average=0, deviation=0]
  behavior planner period:  100.009ms [min=99.9908ms, max=100.009ms, average=100.002ms, deviation=0.00639771ms]
----------------------------------------------------------

----------------------------------------------------------
sample path: (IntersectionOutput) 
  order timepoint           sequence nr.                  node name     dropped samples
latency

Statistics:
  latency:                  31.8838ms [min=8.07891ms, max=77.0789ms, average=37.9638ms, deviation=18.2353ms]
----------------------------------------------------------

----------------------------------------------------------
sample path: (IntersectionOutput) 
  order timepoint           sequence nr.                  node name     dropped samples
latency

Statistics:
  latency:                  62.9875ms [min=8.07891ms, max=77.0789ms, average=39.1012ms, deviation=18.5783ms]
----------------------------------------------------------

----------------------------------------------------------
sample path: (VehicleDBWSystem) 
  order timepoint           sequence nr.                  node name     dropped samples
bp period
latency

Statistics:
  latency:                  214.734ms [min=198.145ms, max=276.354ms, average=227.11ms, deviation=27.5121ms]
hotpath
  hot path:                 FrontLidarDriver/RearLidarDriver -> ObjectCollisionEstimator
  hot path latency:         64.5733ms [min=38.5399ms, max=79.4157ms, average=61.7994ms, deviation=13.7075ms]
  hot path drops:           0 [min=0, max=0, average=0, deviation=0]
  behavior planner period:  99.9962ms [min=99.9908ms, max=100.009ms, average=100.001ms, deviation=0.00622326ms]
----------------------------------------------------------

----------------------------------------------------------
sample path: (IntersectionOutput) 
  order timepoint           sequence nr.                  node name     dropped samples
latency

Statistics:
  latency:                  33.9552ms [min=8.07891ms, max=77.0789ms, average=38.8775ms, deviation=18.1828ms]
----------------------------------------------------------

----------------------------------------------------------
sample path: (IntersectionOutput) 
  order timepoint           sequence nr.                  node name     dropped samples
latency

Statistics:
  latency:                  35.2916ms [min=8.07891ms, max=77.0789ms, average=38.7281ms, deviation=17.7982ms]
----------------------------------------------------------

----------------------------------------------------------
sample path: (VehicleDBWSystem) 
  order timepoint           sequence nr.                  node name     dropped samples
bp period
latency

Statistics:
  latency:                  269.084ms [min=198.145ms, max=276.354ms, average=231.307ms, deviation=29.1375ms]
hotpath
  hot path:                 FrontLidarDriver/RearLidarDriver -> ObjectCollisionEstimator
  hot path latency:         68.113ms [min=38.5399ms, max=79.4157ms, average=62.4308ms, deviation=13.0769ms]
  hot path drops:           0 [min=0, max=0, average=0, deviation=0]
  behavior planner period:  100.009ms [min=99.9908ms, max=100.009ms, average=100.002ms, deviation=0.00645619ms]
----------------------------------------------------------

----------------------------------------------------------
sample path: (IntersectionOutput) 
  order timepoint           sequence nr.                  node name     dropped samples
latency

Statistics:
  latency:                  41.9257ms [min=8.07891ms, max=77.0789ms, average=38.856ms, deviation=17.4352ms]
----------------------------------------------------------

----------------------------------------------------------
sample path: (IntersectionOutput) 
  order timepoint           sequence nr.                  node name     dropped samples
latency

Statistics:
  latency:                  15.7653ms [min=8.07891ms, max=77.0789ms, average=37.9679ms, deviation=17.673ms]
----------------------------------------------------------

----------------------------------------------------------
sample path: (IntersectionOutput) 
  order timepoint           sequence nr.                  node name     dropped samples
latency

Statistics:
  latency:                  42.3978ms [min=8.07891ms, max=77.0789ms, average=38.1319ms, deviation=17.3507ms]
----------------------------------------------------------

----------------------------------------------------------
sample path: (VehicleDBWSystem) 
  order timepoint           sequence nr.                  node name     dropped samples
bp period
latency

Statistics:
  latency:                  274.542ms [min=198.145ms, max=276.354ms, average=235.238ms, deviation=30.5618ms]
hotpath
  hot path:                 FrontLidarDriver/RearLidarDriver -> ObjectCollisionEstimator
  hot path latency:         66.0412ms [min=38.5399ms, max=79.4157ms, average=62.759ms, deviation=12.4535ms]
  hot path drops:           0 [min=0, max=0, average=0, deviation=0]
  behavior planner period:  100ms [min=99.9908ms, max=100.009ms, average=100.002ms, deviation=0.00610944ms]
----------------------------------------------------------

----------------------------------------------------------
sample path: (IntersectionOutput) 
  order timepoint           sequence nr.                  node name     dropped samples
latency

Statistics:
  latency:                  49.908ms [min=8.07891ms, max=77.0789ms, average=38.5525ms, deviation=17.1712ms]
----------------------------------------------------------

----------------------------------------------------------
sample path: (IntersectionOutput) 
  order timepoint           sequence nr.                  node name     dropped samples
latency

Statistics:
  latency:                  43.0572ms [min=8.07891ms, max=77.0789ms, average=38.7078ms, deviation=16.8825ms]
----------------------------------------------------------

----------------------------------------------------------
sample path: (VehicleDBWSystem) 
  order timepoint           sequence nr.                  node name     dropped samples
bp period
latency

Statistics:
  latency:                  212.998ms [min=198.145ms, max=276.354ms, average=233.384ms, deviation=29.8384ms]
hotpath
  hot path:                 FrontLidarDriver/RearLidarDriver -> ObjectCollisionEstimator
  hot path latency:         52.2741ms [min=38.5399ms, max=79.4157ms, average=61.8853ms, deviation=12.2536ms]
  hot path drops:           0 [min=0, max=0, average=0, deviation=0]
  behavior planner period:  99.9947ms [min=99.9908ms, max=100.009ms, average=100.001ms, deviation=0.00616716ms]
----------------------------------------------------------

----------------------------------------------------------
sample path: (IntersectionOutput) 
  order timepoint           sequence nr.                  node name     dropped samples
latency

Statistics:
  latency:                  42.0699ms [min=8.07891ms, max=77.0789ms, average=38.8199ms, deviation=16.6003ms]
----------------------------------------------------------

----------------------------------------------------------
sample path: (IntersectionOutput) 
  order timepoint           sequence nr.                  node name     dropped samples
latency

Statistics:
  latency:                  35.2433ms [min=8.07891ms, max=77.0789ms, average=38.7045ms, deviation=16.3339ms]
----------------------------------------------------------

----------------------------------------------------------
sample path: (VehicleDBWSystem) 
  order timepoint           sequence nr.                  node name     dropped samples
bp period
latency

Statistics:
  latency:                  209.809ms [min=198.145ms, max=276.354ms, average=231.571ms, deviation=29.3068ms]
hotpath
  hot path:                 FrontLidarDriver/RearLidarDriver -> ObjectCollisionEstimator
  hot path latency:         47.2522ms [min=38.5399ms, max=79.4157ms, average=60.7597ms, deviation=12.4141ms]
  hot path drops:           0 [min=0, max=0, average=0, deviation=0]
  behavior planner period:  100.002ms [min=99.9908ms, max=100.009ms, average=100.001ms, deviation=0.00589296ms]
----------------------------------------------------------

----------------------------------------------------------
sample path: (IntersectionOutput) 
  order timepoint           sequence nr.                  node name     dropped samples
latency

Statistics:
  latency:                  24.8433ms [min=8.07891ms, max=77.0789ms, average=38.2714ms, deviation=16.254ms]
----------------------------------------------------------

----------------------------------------------------------
sample path: (IntersectionOutput) 
  order timepoint           sequence nr.                  node name     dropped samples
latency

Statistics:
  latency:                  57.2255ms [min=8.07891ms, max=77.0789ms, average=38.8457ms, deviation=16.3348ms]
----------------------------------------------------------

----------------------------------------------------------
sample path: (IntersectionOutput) 
  order timepoint           sequence nr.                  node name     dropped samples
latency

Statistics:
  latency:                  39.851ms [min=8.07891ms, max=77.0789ms, average=38.8753ms, deviation=16.0863ms]
----------------------------------------------------------

----------------------------------------------------------
sample path: (VehicleDBWSystem) 
  order timepoint           sequence nr.                  node name     dropped samples
bp period
latency

Statistics:
  latency:                  223.184ms [min=198.145ms, max=276.354ms, average=230.972ms, deviation=28.2461ms]
hotpath
  hot path:                 FrontLidarDriver/RearLidarDriver -> ObjectCollisionEstimator
  hot path latency:         72.3376ms [min=38.5399ms, max=79.4157ms, average=61.5867ms, deviation=12.322ms]
  hot path drops:           0 [min=0, max=0, average=0, deviation=0]
  behavior planner period:  100.007ms [min=99.9908ms, max=100.009ms, average=100.002ms, deviation=0.00584704ms]
----------------------------------------------------------

----------------------------------------------------------
sample path: (IntersectionOutput) 
  order timepoint           sequence nr.                  node name     dropped samples
latency

Statistics:
  latency:                  23.8756ms [min=8.07891ms, max=77.0789ms, average=38.4467ms, deviation=16.0495ms]
----------------------------------------------------------

----------------------------------------------------------
sample path: (VehicleDBWSystem) 
  order timepoint           sequence nr.                  node name     dropped samples
bp period
latency

Statistics:
  latency:                  225.363ms [min=198.145ms, max=276.354ms, average=230.598ms, deviation=27.2572ms]
hotpath
  hot path:                 FrontLidarDriver/RearLidarDriver -> ObjectCollisionEstimator
  hot path latency:         53.2696ms [min=38.5399ms, max=79.4157ms, average=61.0322ms, deviation=12.0664ms]
  hot path drops:           0 [min=0, max=0, average=0, deviation=0]
  behavior planner period:  100.001ms [min=99.9908ms, max=100.009ms, average=100.001ms, deviation=0.00562164ms]
----------------------------------------------------------

----------------------------------------------------------
sample path: (IntersectionOutput) 
  order timepoint           sequence nr.                  node name     dropped samples
latency

Statistics:
  latency:                  33.7318ms [min=8.07891ms, max=77.0789ms, average=38.3158ms, deviation=15.8381ms]
----------------------------------------------------------

----------------------------------------------------------
sample path: (IntersectionOutput) 
  order timepoint           sequence nr.                  node name     dropped samples
latency

Statistics:
  latency:                  35.4331ms [min=8.07891ms, max=77.0789ms, average=38.2379ms, deviation=15.6237ms]
----------------------------------------------------------

----------------------------------------------------------
sample path: (VehicleDBWSystem) 
  order timepoint           sequence nr.                  node name     dropped samples
bp period
latency

Statistics:
  latency:                  279.548ms [min=198.145ms, max=279.548ms, average=233.657ms, deviation=29.0375ms]
hotpath
  hot path:                 FrontLidarDriver/RearLidarDriver -> ObjectCollisionEstimator
  hot path latency:         66.1151ms [min=38.5399ms, max=79.4157ms, average=61.3499ms, deviation=11.7263ms]
  hot path drops:           0 [min=0, max=0, average=0, deviation=0]
  behavior planner period:  100.013ms [min=99.9908ms, max=100.013ms, average=100.002ms, deviation=0.00613631ms]
----------------------------------------------------------

----------------------------------------------------------
sample path: (IntersectionOutput) 
  order timepoint           sequence nr.                  node name     dropped samples
latency

Statistics:
  latency:                  40.723ms [min=8.07891ms, max=77.0789ms, average=38.3033ms, deviation=15.4164ms]
----------------------------------------------------------

----------------------------------------------------------
sample path: (IntersectionOutput) 
  order timepoint           sequence nr.                  node name     dropped samples
latency

Statistics:
  latency:                  7.97581ms [min=7.97581ms, max=77.0789ms, average=37.5256ms, deviation=15.9686ms]
----------------------------------------------------------

----------------------------------------------------------
sample path: (VehicleDBWSystem) 
  order timepoint           sequence nr.                  node name     dropped samples
bp period
latency

Statistics:
  latency:                  287.694ms [min=198.145ms, max=287.694ms, average=236.836ms, deviation=31.02ms]
hotpath
  hot path:                 FrontLidarDriver/RearLidarDriver -> ObjectCollisionEstimator
  hot path latency:         61.8625ms [min=38.5399ms, max=79.4157ms, average=61.38ms, deviation=11.3546ms]
  hot path drops:           0 [min=0, max=0, average=0, deviation=0]
  behavior planner period:  99.9954ms [min=99.9908ms, max=100.013ms, average=100.002ms, deviation=0.00617267ms]
----------------------------------------------------------

----------------------------------------------------------
sample path: (IntersectionOutput) 
  order timepoint           sequence nr.                  node name     dropped samples
latency

Statistics:
  latency:                  42.3635ms [min=7.97581ms, max=77.0789ms, average=37.6466ms, deviation=15.7811ms]
----------------------------------------------------------

----------------------------------------------------------
sample path: (IntersectionOutput) 
  order timepoint           sequence nr.                  node name     dropped samples
latency

Statistics:
  latency:                  15.8738ms [min=7.97581ms, max=77.0789ms, average=37.1155ms, deviation=15.9492ms]
----------------------------------------------------------

----------------------------------------------------------
sample path: (IntersectionOutput) 
  order timepoint           sequence nr.                  node name     dropped samples
latency

Statistics:
  latency:                  51.2553ms [min=7.97581ms, max=77.0789ms, average=37.4522ms, deviation=15.9039ms]
----------------------------------------------------------

----------------------------------------------------------
sample path: (VehicleDBWSystem) 
  order timepoint           sequence nr.                  node name     dropped samples
bp period
latency

Statistics:
  latency:                  277.304ms [min=198.145ms, max=287.694ms, average=239.084ms, deviation=31.5693ms]
hotpath
  hot path:                 FrontLidarDriver/RearLidarDriver -> ObjectCollisionEstimator
  hot path latency:         65.5357ms [min=38.5399ms, max=79.4157ms, average=61.6109ms, deviation=11.059ms]
  hot path drops:           0 [min=0, max=0, average=0, deviation=0]
  behavior planner period:  99.9952ms [min=99.9908ms, max=100.013ms, average=100.001ms, deviation=0.00619049ms]
----------------------------------------------------------

----------------------------------------------------------
sample path: (IntersectionOutput) 
  order timepoint           sequence nr.                  node name     dropped samples
latency

Statistics:
  latency:                  27.0152ms [min=7.97581ms, max=77.0789ms, average=37.2095ms, deviation=15.7938ms]
----------------------------------------------------------

----------------------------------------------------------
sample path: (IntersectionOutput) 
  order timepoint           sequence nr.                  node name     dropped samples
latency

Statistics:
  latency:                  62.9912ms [min=7.97581ms, max=77.0789ms, average=37.7954ms, deviation=16.0857ms]
----------------------------------------------------------

----------------------------------------------------------
sample path: (VehicleDBWSystem) 
  order timepoint           sequence nr.                  node name     dropped samples
bp period
latency

Statistics:
  latency:                  201.711ms [min=198.145ms, max=287.694ms, average=237.117ms, deviation=31.8554ms]
hotpath
  hot path:                 FrontLidarDriver/RearLidarDriver -> ObjectCollisionEstimator
  hot path latency:         37.9465ms [min=37.9465ms, max=79.4157ms, average=60.3654ms, deviation=12.0408ms]
  hot path drops:           0 [min=0, max=0, average=0, deviation=0]
  behavior planner period:  99.9968ms [min=99.9908ms, max=100.013ms, average=100.001ms, deviation=0.00610524ms]
----------------------------------------------------------

----------------------------------------------------------
sample path: (IntersectionOutput) 
  order timepoint           sequence nr.                  node name     dropped samples
latency

Statistics:
  latency:                  24.9143ms [min=7.97581ms, max=77.0789ms, average=37.5092ms, deviation=16.0174ms]
----------------------------------------------------------

----------------------------------------------------------
sample path: (IntersectionOutput) 
  order timepoint           sequence nr.                  node name     dropped samples
latency

Statistics:
  latency:                  31.8975ms [min=7.97581ms, max=77.0789ms, average=37.3872ms, deviation=15.86ms]
----------------------------------------------------------

----------------------------------------------------------
sample path: (IntersectionOutput) 
  order timepoint           sequence nr.                  node name     dropped samples
latency

Statistics:
  latency:                  68.9104ms [min=7.97581ms, max=77.0789ms, average=38.0579ms, deviation=16.3467ms]
----------------------------------------------------------

----------------------------------------------------------
sample path: (VehicleDBWSystem) 
  order timepoint           sequence nr.                  node name     dropped samples
bp period
latency

Statistics:
  latency:                  292.849ms [min=198.145ms, max=292.849ms, average=239.904ms, deviation=33.4165ms]
hotpath
  hot path:                 FrontLidarDriver/RearLidarDriver -> ObjectCollisionEstimator
  hot path latency:         64.7025ms [min=37.9465ms, max=79.4157ms, average=60.5823ms, deviation=11.7597ms]
  hot path drops:           0 [min=0, max=0, average=0, deviation=0]
  behavior planner period:  100.004ms [min=99.9908ms, max=100.013ms, average=100.001ms, deviation=0.0059609ms]
----------------------------------------------------------

----------------------------------------------------------
sample path: (IntersectionOutput) 
  order timepoint           sequence nr.                  node name     dropped samples
latency

Statistics:
  latency:                  25.3175ms [min=7.97581ms, max=77.0789ms, average=37.7925ms, deviation=16.2761ms]
----------------------------------------------------------

----------------------------------------------------------
sample path: (IntersectionOutput) 
  order timepoint           sequence nr.                  node name     dropped samples
latency

Statistics:
  latency:                  56.3963ms [min=7.97581ms, max=77.0789ms, average=38.1721ms, deviation=16.3235ms]
----------------------------------------------------------

----------------------------------------------------------
sample path: (IntersectionOutput) 
  order timepoint           sequence nr.                  node name     dropped samples
latency

Statistics:
  latency:                  40.9935ms [min=7.97581ms, max=77.0789ms, average=38.2286ms, deviation=16.161ms]
----------------------------------------------------------

----------------------------------------------------------
sample path: (VehicleDBWSystem) 
  order timepoint           sequence nr.                  node name     dropped samples
bp period
latency

Statistics:
  latency:                  217.942ms [min=198.145ms, max=292.849ms, average=238.858ms, deviation=32.9211ms]
hotpath
  hot path:                 FrontLidarDriver/RearLidarDriver -> ObjectCollisionEstimator
  hot path latency:         76.8355ms [min=37.9465ms, max=79.4157ms, average=61.3562ms, deviation=11.9982ms]
  hot path drops:           0 [min=0, max=0, average=0, deviation=0]
  behavior planner period:  99.9986ms [min=99.9908ms, max=100.013ms, average=100.001ms, deviation=0.00583398ms]
----------------------------------------------------------

----------------------------------------------------------
sample path: (IntersectionOutput) 
  order timepoint           sequence nr.                  node name     dropped samples
latency

Statistics:
  latency:                  15.965ms [min=7.97581ms, max=77.0789ms, average=37.792ms, deviation=16.2995ms]
----------------------------------------------------------

----------------------------------------------------------
sample path: (VehicleDBWSystem) 
  order timepoint           sequence nr.                  node name     dropped samples
bp period
latency

Statistics:
  latency:                  287.445ms [min=198.145ms, max=292.849ms, average=241.066ms, deviation=33.7564ms]
hotpath
  hot path:                 FrontLidarDriver/RearLidarDriver -> ObjectCollisionEstimator
  hot path latency:         61.6429ms [min=37.9465ms, max=79.4157ms, average=61.3693ms, deviation=11.7092ms]
  hot path drops:           0 [min=0, max=0, average=0, deviation=0]
  behavior planner period:  100.011ms [min=99.9908ms, max=100.013ms, average=100.002ms, deviation=0.00609097ms]
----------------------------------------------------------

----------------------------------------------------------
sample path: (IntersectionOutput) 
  order timepoint           sequence nr.                  node name     dropped samples
latency

Statistics:
  latency:                  40.4986ms [min=7.97581ms, max=77.0789ms, average=37.8441ms, deviation=16.1432ms]
----------------------------------------------------------

----------------------------------------------------------
sample path: (IntersectionOutput) 
  order timepoint           sequence nr.                  node name     dropped samples
latency

Statistics:
  latency:                  7.94141ms [min=7.94141ms, max=77.0789ms, average=37.2799ms, deviation=16.5065ms]
----------------------------------------------------------

----------------------------------------------------------
sample path: (VehicleDBWSystem) 
  order timepoint           sequence nr.                  node name     dropped samples
bp period
latency

Statistics:
  latency:                  280.675ms [min=198.145ms, max=292.849ms, average=242.789ms, deviation=33.9987ms]
hotpath
  hot path:                 FrontLidarDriver/RearLidarDriver -> ObjectCollisionEstimator
  hot path latency:         60.2498ms [min=37.9465ms, max=79.4157ms, average=61.3206ms, deviation=11.4424ms]
  hot path drops:           0 [min=0, max=0, average=0, deviation=0]
  behavior planner period:  99.9916ms [min=99.9908ms, max=100.013ms, average=100.001ms, deviation=0.00632007ms]
----------------------------------------------------------

----------------------------------------------------------
sample path: (IntersectionOutput) 
  order timepoint           sequence nr.                  node name     dropped samples
latency

Statistics:
  latency:                  40.1606ms [min=7.94141ms, max=77.0789ms, average=37.3332ms, deviation=16.3547ms]
----------------------------------------------------------

----------------------------------------------------------
sample path: (IntersectionOutput) 
  order timepoint           sequence nr.                  node name     dropped samples
latency

Statistics:
  latency:                  8.00931ms [min=7.94141ms, max=77.0789ms, average=36.8001ms, deviation=16.678ms]
----------------------------------------------------------

----------------------------------------------------------
sample path: (IntersectionOutput) 
  order timepoint           sequence nr.                  node name     dropped samples
latency

Statistics:
  latency:                  46.4912ms [min=7.94141ms, max=77.0789ms, average=36.9731ms, deviation=16.5764ms]
----------------------------------------------------------

----------------------------------------------------------
sample path: (VehicleDBWSystem) 
  order timepoint           sequence nr.                  node name     dropped samples
bp period
latency

Statistics:
  latency:                  270.412ms [min=198.145ms, max=292.849ms, average=243.939ms, deviation=33.726ms]
hotpath
  hot path:                 FrontLidarDriver/RearLidarDriver -> ObjectCollisionEstimator
  hot path latency:         65.1523ms [min=37.9465ms, max=79.4157ms, average=61.4802ms, deviation=11.2181ms]
  hot path drops:           0 [min=0, max=0, average=0, deviation=0]
  behavior planner period:  100.007ms [min=99.9908ms, max=100.013ms, average=100.001ms, deviation=0.00630381ms]
----------------------------------------------------------

----------------------------------------------------------
sample path: (IntersectionOutput) 
  order timepoint           sequence nr.                  node name     dropped samples
latency

Statistics:
  latency:                  39.927ms [min=7.94141ms, max=77.0789ms, average=37.0249ms, deviation=16.4324ms]
----------------------------------------------------------

----------------------------------------------------------
sample path: (IntersectionOutput) 
  order timepoint           sequence nr.                  node name     dropped samples
latency

Statistics:
  latency:                  39.6562ms [min=7.94141ms, max=77.0789ms, average=37.0703ms, deviation=16.2913ms]
----------------------------------------------------------

----------------------------------------------------------
sample path: (IntersectionOutput) 
  order timepoint           sequence nr.                  node name     dropped samples
latency

Statistics:
  latency:                  43.2992ms [min=7.94141ms, max=77.0789ms, average=37.1759ms, deviation=16.1706ms]
----------------------------------------------------------

----------------------------------------------------------
sample path: (VehicleDBWSystem) 
  order timepoint           sequence nr.                  node name     dropped samples
bp period
latency

Statistics:
  latency:                  212.81ms [min=198.145ms, max=292.849ms, average=242.694ms, deviation=33.5978ms]
hotpath
  hot path:                 FrontLidarDriver/RearLidarDriver -> ObjectCollisionEstimator
  hot path latency:         36.7903ms [min=36.7903ms, max=79.4157ms, average=60.4926ms, deviation=12.041ms]
  hot path drops:           0 [min=0, max=0, average=0, deviation=0]
  behavior planner period:  99.9948ms [min=99.9908ms, max=100.013ms, average=100.001ms, deviation=0.00631418ms]
----------------------------------------------------------

----------------------------------------------------------
sample path: (IntersectionOutput) 
  order timepoint           sequence nr.                  node name     dropped samples
latency

Statistics:
  latency:                  41.277ms [min=7.94141ms, max=77.0789ms, average=37.2442ms, deviation=16.0417ms]
----------------------------------------------------------

----------------------------------------------------------
sample path: (IntersectionOutput) 
  order timepoint           sequence nr.                  node name     dropped samples
latency

Statistics:
  latency:                  35.0743ms [min=7.94141ms, max=77.0789ms, average=37.2087ms, deviation=15.9099ms]
----------------------------------------------------------

----------------------------------------------------------
sample path: (VehicleDBWSystem) 
  order timepoint           sequence nr.                  node name     dropped samples
bp period
latency

Statistics:
  latency:                  197.592ms [min=197.592ms, max=292.849ms, average=240.96ms, deviation=34.0867ms]
hotpath
  hot path:                 FrontLidarDriver/RearLidarDriver -> ObjectCollisionEstimator
  hot path latency:         47.1048ms [min=36.7903ms, max=79.4157ms, average=59.9777ms, deviation=12.0864ms]
  hot path drops:           0 [min=0, max=0, average=0, deviation=0]
  behavior planner period:  100.004ms [min=99.9908ms, max=100.013ms, average=100.001ms, deviation=0.0062103ms]
----------------------------------------------------------

----------------------------------------------------------
sample path: (IntersectionOutput) 
  order timepoint           sequence nr.                  node name     dropped samples
latency

Statistics:
  latency:                  16.9497ms [min=7.94141ms, max=77.0789ms, average=36.8819ms, deviation=15.9873ms]
----------------------------------------------------------

----------------------------------------------------------
sample path: (IntersectionOutput) 
  order timepoint           sequence nr.                  node name     dropped samples
latency

Statistics:
  latency:                  23.7713ms [min=7.94141ms, max=77.0789ms, average=36.6738ms, deviation=15.9436ms]
----------------------------------------------------------

----------------------------------------------------------
sample path: (IntersectionOutput) 
  order timepoint           sequence nr.                  node name     dropped samples
latency

Statistics:
  latency:                  55.1433ms [min=7.94141ms, max=77.0789ms, average=36.9624ms, deviation=15.9842ms]
----------------------------------------------------------

----------------------------------------------------------
sample path: (IntersectionOutput) 
  order timepoint           sequence nr.                  node name     dropped samples
latency

Statistics:
  latency:                  40.7925ms [min=7.94141ms, max=77.0789ms, average=37.0213ms, deviation=15.866ms]
----------------------------------------------------------

----------------------------------------------------------
sample path: (VehicleDBWSystem) 
  order timepoint           sequence nr.                  node name     dropped samples
bp period
latency

Statistics:
  latency:                  217.716ms [min=197.592ms, max=292.849ms, average=240.099ms, deviation=33.7227ms]
hotpath
  hot path:                 FrontLidarDriver/RearLidarDriver -> ObjectCollisionEstimator
  hot path latency:         71.9328ms [min=36.7903ms, max=79.4157ms, average=60.4205ms, deviation=12.0729ms]
  hot path drops:           0 [min=0, max=0, average=0, deviation=0]
  behavior planner period:  99.9985ms [min=99.9908ms, max=100.013ms, average=100.001ms, deviation=0.00610991ms]
----------------------------------------------------------

----------------------------------------------------------
sample path: (IntersectionOutput) 
  order timepoint           sequence nr.                  node name     dropped samples
latency

Statistics:
  latency:                  15.8381ms [min=7.94141ms, max=77.0789ms, average=36.7004ms, deviation=15.9579ms]
----------------------------------------------------------

----------------------------------------------------------
sample path: (IntersectionOutput) 
  order timepoint           sequence nr.                  node name     dropped samples
latency

Statistics:
  latency:                  47.335ms [min=7.94141ms, max=77.0789ms, average=36.8591ms, deviation=15.8898ms]
----------------------------------------------------------

----------------------------------------------------------
sample path: (VehicleDBWSystem) 
  order timepoint           sequence nr.                  node name     dropped samples
bp period
latency

Statistics:
  latency:                  291.167ms [min=197.592ms, max=292.849ms, average=241.923ms, deviation=34.4709ms]
hotpath
  hot path:                 FrontLidarDriver/RearLidarDriver -> ObjectCollisionEstimator
  hot path latency:         56.0978ms [min=36.7903ms, max=79.4157ms, average=60.2661ms, deviation=11.8754ms]
  hot path drops:           0 [min=0, max=0, average=0, deviation=0]
  behavior planner period:  100.01ms [min=99.9908ms, max=100.013ms, average=100.001ms, deviation=0.00622025ms]
----------------------------------------------------------

----------------------------------------------------------
sample path: (IntersectionOutput) 
  order timepoint           sequence nr.                  node name     dropped samples
latency

Statistics:
  latency:                  8.02351ms [min=7.94141ms, max=77.0789ms, average=36.435ms, deviation=16.1538ms]
----------------------------------------------------------

----------------------------------------------------------
sample path: (VehicleDBWSystem) 
  order timepoint           sequence nr.                  node name     dropped samples
bp period
latency

Statistics:
  latency:                  279.922ms [min=197.592ms, max=292.849ms, average=243.233ms, deviation=34.5774ms]
hotpath
  hot path:                 FrontLidarDriver/RearLidarDriver -> ObjectCollisionEstimator
  hot path latency:         52.2387ms [min=36.7903ms, max=79.4157ms, average=59.9893ms, deviation=11.7563ms]
  hot path drops:           0 [min=0, max=0, average=0, deviation=0]
  behavior planner period:  99.9963ms [min=99.9908ms, max=100.013ms, average=100.001ms, deviation=0.00618359ms]
----------------------------------------------------------

----------------------------------------------------------
sample path: (IntersectionOutput) 
  order timepoint           sequence nr.                  node name     dropped samples
latency

Statistics:
  latency:                  40.3344ms [min=7.94141ms, max=77.0789ms, average=36.4915ms, deviation=16.0414ms]
----------------------------------------------------------

----------------------------------------------------------
sample path: (IntersectionOutput) 
  order timepoint           sequence nr.                  node name     dropped samples
latency

Statistics:
  latency:                  7.92601ms [min=7.92601ms, max=77.0789ms, average=36.0835ms, deviation=16.2866ms]
----------------------------------------------------------

----------------------------------------------------------
sample path: (IntersectionOutput) 
  order timepoint           sequence nr.                  node name     dropped samples
latency

Statistics:
  latency:                  45.4581ms [min=7.92601ms, max=77.0789ms, average=36.2155ms, deviation=16.2081ms]
----------------------------------------------------------

----------------------------------------------------------
sample path: (VehicleDBWSystem) 
  order timepoint           sequence nr.                  node name     dropped samples
bp period
latency

Statistics:
  latency:                  269.824ms [min=197.592ms, max=292.849ms, average=244.119ms, deviation=34.3212ms]
hotpath
  hot path:                 FrontLidarDriver/RearLidarDriver -> ObjectCollisionEstimator
  hot path latency:         65.0323ms [min=36.7903ms, max=79.4157ms, average=60.1574ms, deviation=11.5885ms]
  hot path drops:           0 [min=0, max=0, average=0, deviation=0]
  behavior planner period:  99.9999ms [min=99.9908ms, max=100.013ms, average=100.001ms, deviation=0.0060781ms]
----------------------------------------------------------

----------------------------------------------------------
sample path: (IntersectionOutput) 
  order timepoint           sequence nr.                  node name     dropped samples
latency

Statistics:
  latency:                  39.0014ms [min=7.92601ms, max=77.0789ms, average=36.2542ms, deviation=16.0969ms]
----------------------------------------------------------

----------------------------------------------------------
sample path: (IntersectionOutput) 
  order timepoint           sequence nr.                  node name     dropped samples
latency

Statistics:
  latency:                  39.0743ms [min=7.92601ms, max=77.0789ms, average=36.2928ms, deviation=15.9881ms]
----------------------------------------------------------

----------------------------------------------------------
sample path: (IntersectionOutput) 
  order timepoint           sequence nr.                  node name     dropped samples
latency

Statistics:
  latency:                  42.5827ms [min=7.92601ms, max=77.0789ms, average=36.3778ms, deviation=15.8951ms]
----------------------------------------------------------

----------------------------------------------------------
sample path: (VehicleDBWSystem) 
  order timepoint           sequence nr.                  node name     dropped samples
bp period
latency

Statistics:
  latency:                  210.597ms [min=197.592ms, max=292.849ms, average=243.038ms, deviation=34.2772ms]
hotpath
  hot path:                 FrontLidarDriver/RearLidarDriver -> ObjectCollisionEstimator
  hot path latency:         38.0173ms [min=36.7903ms, max=79.4157ms, average=59.4432ms, deviation=12.0676ms]
  hot path drops:           0 [min=0, max=0, average=0, deviation=0]
  behavior planner period:  99.9988ms [min=99.9908ms, max=100.013ms, average=100.001ms, deviation=0.00598975ms]
----------------------------------------------------------

----------------------------------------------------------
sample path: (IntersectionOutput) 
  order timepoint           sequence nr.                  node name     dropped samples
latency

Statistics:
  latency:                  42.3436ms [min=7.92601ms, max=77.0789ms, average=36.4574ms, deviation=15.8023ms]
----------------------------------------------------------

----------------------------------------------------------
sample path: (IntersectionOutput) 
  order timepoint           sequence nr.                  node name     dropped samples
latency

Statistics:
  latency:                  35.1908ms [min=7.92601ms, max=77.0789ms, average=36.4407ms, deviation=15.6973ms]
----------------------------------------------------------

----------------------------------------------------------
sample path: (VehicleDBWSystem) 
  order timepoint           sequence nr.                  node name     dropped samples
bp period
latency

Statistics:
  latency:                  197.491ms [min=197.491ms, max=292.849ms, average=241.615ms, deviation=34.6678ms]
hotpath
  hot path:                 FrontLidarDriver/RearLidarDriver -> ObjectCollisionEstimator
  hot path latency:         52.0848ms [min=36.7903ms, max=79.4157ms, average=59.2133ms, deviation=11.9425ms]
  hot path drops:           0 [min=0, max=0, average=0, deviation=0]
  behavior planner period:  100.008ms [min=99.9908ms, max=100.013ms, average=100.001ms, deviation=0.00601755ms]
----------------------------------------------------------

----------------------------------------------------------
sample path: (IntersectionOutput) 
  order timepoint           sequence nr.                  node name     dropped samples
latency

Statistics:
  latency:                  16.8753ms [min=7.92601ms, max=77.0789ms, average=36.1866ms, deviation=15.7523ms]
----------------------------------------------------------

----------------------------------------------------------
sample path: (IntersectionOutput) 
  order timepoint           sequence nr.                  node name     dropped samples
latency

Statistics:
  latency:                  23.8929ms [min=7.92601ms, max=77.0789ms, average=36.029ms, deviation=15.7115ms]
----------------------------------------------------------

----------------------------------------------------------
sample path: (IntersectionOutput) 
  order timepoint           sequence nr.                  node name     dropped samples
latency

Statistics:
  latency:                  51.7134ms [min=7.92601ms, max=77.0789ms, average=36.2275ms, deviation=15.7098ms]
----------------------------------------------------------

----------------------------------------------------------
sample path: (IntersectionOutput) 
  order timepoint           sequence nr.                  node name     dropped samples
latency

Statistics:
  latency:                  42.0675ms [min=7.92601ms, max=77.0789ms, average=36.3005ms, deviation=15.6237ms]
----------------------------------------------------------

----------------------------------------------------------
sample path: (VehicleDBWSystem) 
  order timepoint           sequence nr.                  node name     dropped samples
bp period
latency

Statistics:
  latency:                  215.298ms [min=197.491ms, max=292.849ms, average=240.817ms, deviation=34.4279ms]
hotpath
  hot path:                 FrontLidarDriver/RearLidarDriver -> ObjectCollisionEstimator
  hot path latency:         69.6019ms [min=36.7903ms, max=79.4157ms, average=59.5281ms, deviation=11.8927ms]
  hot path drops:           0 [min=0, max=0, average=0, deviation=0]
  behavior planner period:  99.9957ms [min=99.9908ms, max=100.013ms, average=100.001ms, deviation=0.00600588ms]
----------------------------------------------------------

----------------------------------------------------------
sample path: (IntersectionOutput) 
  order timepoint           sequence nr.                  node name     dropped samples
latency

Statistics:
  latency:                  15.7356ms [min=7.92601ms, max=77.0789ms, average=36.0466ms, deviation=15.693ms]
----------------------------------------------------------

----------------------------------------------------------
sample path: (VehicleDBWSystem) 
  order timepoint           sequence nr.                  node name     dropped samples
bp period
latency

Statistics:
  latency:                  208.335ms [min=197.491ms, max=292.849ms, average=239.862ms, deviation=34.3569ms]
hotpath
  hot path:                 FrontLidarDriver/RearLidarDriver -> ObjectCollisionEstimator
  hot path latency:         56.091ms [min=36.7903ms, max=79.4157ms, average=59.427ms, deviation=11.7259ms]
  hot path drops:           0 [min=0, max=0, average=0, deviation=0]
  behavior planner period:  100.006ms [min=99.9908ms, max=100.013ms, average=100.001ms, deviation=0.00595945ms]
----------------------------------------------------------

----------------------------------------------------------
sample path: (IntersectionOutput) 
  order timepoint           sequence nr.                  node name     dropped samples
latency

Statistics:
  latency:                  33.1574ms [min=7.92601ms, max=77.0789ms, average=36.0114ms, deviation=15.5991ms]
----------------------------------------------------------

----------------------------------------------------------
sample path: (IntersectionOutput) 
  order timepoint           sequence nr.                  node name     dropped samples
latency

Statistics:
  latency:                  8.21781ms [min=7.92601ms, max=77.0789ms, average=35.6765ms, deviation=15.801ms]
----------------------------------------------------------

----------------------------------------------------------
sample path: (IntersectionOutput) 
  order timepoint           sequence nr.                  node name     dropped samples
latency

Statistics:
  latency:                  8.02831ms [min=7.92601ms, max=77.0789ms, average=35.3474ms, deviation=15.9926ms]
----------------------------------------------------------

----------------------------------------------------------
sample path: (VehicleDBWSystem) 
  order timepoint           sequence nr.                  node name     dropped samples
bp period
latency

Statistics:
  latency:                  279.823ms [min=197.491ms, max=292.849ms, average=241.004ms, deviation=34.5153ms]
hotpath
  hot path:                 FrontLidarDriver/RearLidarDriver -> ObjectCollisionEstimator
  hot path latency:         63.2045ms [min=36.7903ms, max=79.4157ms, average=59.5349ms, deviation=11.5698ms]
  hot path drops:           0 [min=0, max=0, average=0, deviation=0]
  behavior planner period:  100ms [min=99.9908ms, max=100.013ms, average=100.001ms, deviation=0.005872ms]
----------------------------------------------------------

----------------------------------------------------------
sample path: (IntersectionOutput) 
  order timepoint           sequence nr.                  node name     dropped samples
latency

Statistics:
  latency:                  40.3123ms [min=7.92601ms, max=77.0789ms, average=35.4058ms, deviation=15.9063ms]
----------------------------------------------------------

----------------------------------------------------------
sample path: (IntersectionOutput) 
  order timepoint           sequence nr.                  node name     dropped samples
latency

Statistics:
  latency:                  15.9603ms [min=7.92601ms, max=77.0789ms, average=35.1797ms, deviation=15.9509ms]
----------------------------------------------------------

----------------------------------------------------------
sample path: (IntersectionOutput) 
  order timepoint           sequence nr.                  node name     dropped samples
latency

Statistics:
  latency:                  43.6517ms [min=7.92601ms, max=77.0789ms, average=35.2771ms, deviation=15.8838ms]
----------------------------------------------------------

----------------------------------------------------------
sample path: (VehicleDBWSystem) 
  order timepoint           sequence nr.                  node name     dropped samples
bp period
latency

Statistics:
  latency:                  261.396ms [min=197.491ms, max=292.849ms, average=241.57ms, deviation=34.188ms]
hotpath
  hot path:                 FrontLidarDriver/RearLidarDriver -> ObjectCollisionEstimator
  hot path latency:         71.1279ms [min=36.7903ms, max=79.4157ms, average=59.8569ms, deviation=11.5659ms]
  hot path drops:           0 [min=0, max=0, average=0, deviation=0]
  behavior planner period:  100.004ms [min=99.9908ms, max=100.013ms, average=100.001ms, deviation=0.00580101ms]
----------------------------------------------------------

----------------------------------------------------------
sample path: (IntersectionOutput) 
  order timepoint           sequence nr.                  node name     dropped samples
latency

Statistics:
  latency:                  39.5033ms [min=7.92601ms, max=77.0789ms, average=35.3251ms, deviation=15.7987ms]
----------------------------------------------------------

----------------------------------------------------------
sample path: (IntersectionOutput) 
  order timepoint           sequence nr.                  node name     dropped samples
latency

Statistics:
  latency:                  43.8022ms [min=7.92601ms, max=77.0789ms, average=35.4204ms, deviation=15.7344ms]
----------------------------------------------------------

----------------------------------------------------------
sample path: (IntersectionOutput) 
  order timepoint           sequence nr.                  node name     dropped samples
latency

Statistics:
  latency:                  43.2529ms [min=7.92601ms, max=77.0789ms, average=35.5074ms, deviation=15.6675ms]
----------------------------------------------------------

----------------------------------------------------------
sample path: (VehicleDBWSystem) 
  order timepoint           sequence nr.                  node name     dropped samples
bp period
latency

Statistics:
  latency:                  213.546ms [min=197.491ms, max=292.849ms, average=240.813ms, deviation=34.0232ms]
hotpath
  hot path:                 FrontLidarDriver/RearLidarDriver -> ObjectCollisionEstimator
  hot path latency:         35.9799ms [min=35.9799ms, max=79.4157ms, average=59.2116ms, deviation=12.0608ms]
  hot path drops:           0 [min=0, max=0, average=0, deviation=0]
  behavior planner period:  99.9983ms [min=99.9908ms, max=100.013ms, average=100.001ms, deviation=0.00574122ms]
----------------------------------------------------------

----------------------------------------------------------
sample path: (IntersectionOutput) 
  order timepoint           sequence nr.                  node name     dropped samples
latency

Statistics:
  latency:                  41.5687ms [min=7.92601ms, max=77.0789ms, average=35.574ms, deviation=15.5932ms]
----------------------------------------------------------

----------------------------------------------------------
sample path: (IntersectionOutput) 
  order timepoint           sequence nr.                  node name     dropped samples
latency

Statistics:
  latency:                  35.1436ms [min=7.92601ms, max=77.0789ms, average=35.5693ms, deviation=15.5073ms]
----------------------------------------------------------

----------------------------------------------------------
sample path: (VehicleDBWSystem) 
  order timepoint           sequence nr.                  node name     dropped samples
bp period
latency

Statistics:
  latency:                  211.305ms [min=197.491ms, max=292.849ms, average=240.036ms, deviation=33.8999ms]
hotpath
  hot path:                 FrontLidarDriver/RearLidarDriver -> ObjectCollisionEstimator
  hot path latency:         52.5868ms [min=35.9799ms, max=79.4157ms, average=59.0373ms, deviation=11.9451ms]
  hot path drops:           0 [min=0, max=0, average=0, deviation=0]
  behavior planner period:  100.002ms [min=99.9908ms, max=100.013ms, average=100.001ms, deviation=0.00566269ms]
----------------------------------------------------------

----------------------------------------------------------
sample path: (IntersectionOutput) 
  order timepoint           sequence nr.                  node name     dropped samples
latency

Statistics:
  latency:                  26.661ms [min=7.92601ms, max=77.0789ms, average=35.4735ms, deviation=15.4504ms]
----------------------------------------------------------

----------------------------------------------------------
sample path: (IntersectionOutput) 
  order timepoint           sequence nr.                  node name     dropped samples
latency

Statistics:
  latency:                  53.0742ms [min=7.92601ms, max=77.0789ms, average=35.6608ms, deviation=15.474ms]
----------------------------------------------------------

----------------------------------------------------------
sample path: (IntersectionOutput) 
  order timepoint           sequence nr.                  node name     dropped samples
latency

Statistics:
  latency:                  39.7297ms [min=7.92601ms, max=77.0789ms, average=35.7036ms, deviation=15.3971ms]
----------------------------------------------------------

----------------------------------------------------------
sample path: (VehicleDBWSystem) 
  order timepoint           sequence nr.                  node name     dropped samples
bp period
latency

Statistics:
  latency:                  212.524ms [min=197.491ms, max=292.849ms, average=239.331ms, deviation=33.7397ms]
hotpath
  hot path:                 FrontLidarDriver/RearLidarDriver -> ObjectCollisionEstimator
  hot path latency:         72.7246ms [min=35.9799ms, max=79.4157ms, average=59.3882ms, deviation=11.9889ms]
  hot path drops:           0 [min=0, max=0, average=0, deviation=0]
  behavior planner period:  99.9982ms [min=99.9908ms, max=100.013ms, average=100.001ms, deviation=0.00560914ms]
----------------------------------------------------------

----------------------------------------------------------
sample path: (IntersectionOutput) 
  order timepoint           sequence nr.                  node name     dropped samples
latency

Statistics:
  latency:                  23.9889ms [min=7.92601ms, max=77.0789ms, average=35.5816ms, deviation=15.3625ms]
----------------------------------------------------------

----------------------------------------------------------
sample path: (IntersectionOutput) 
  order timepoint           sequence nr.                  node name     dropped samples
latency

Statistics:
  latency:                  56.0049ms [min=7.92601ms, max=77.0789ms, average=35.7921ms, deviation=15.4223ms]
----------------------------------------------------------

----------------------------------------------------------
sample path: (IntersectionOutput) 
  order timepoint           sequence nr.                  node name     dropped samples
latency

Statistics:
  latency:                  50.0126ms [min=7.92601ms, max=77.0789ms, average=35.9372ms, deviation=15.4097ms]
----------------------------------------------------------

----------------------------------------------------------
sample path: (VehicleDBWSystem) 
  order timepoint           sequence nr.                  node name     dropped samples
bp period
latency

Statistics:
  latency:                  242.009ms [min=197.491ms, max=292.849ms, average=239.398ms, deviation=33.3071ms]
hotpath
  hot path:                 FrontLidarDriver/RearLidarDriver -> ObjectCollisionEstimator
  hot path latency:         52.3542ms [min=35.9799ms, max=79.4157ms, average=59.2124ms, deviation=11.8864ms]
  hot path drops:           0 [min=0, max=0, average=0, deviation=0]
  behavior planner period:  100.002ms [min=99.9908ms, max=100.013ms, average=100.001ms, deviation=0.0055364ms]
----------------------------------------------------------

----------------------------------------------------------
sample path: (IntersectionOutput) 
  order timepoint           sequence nr.                  node name     dropped samples
latency

Statistics:
  latency:                  15.8913ms [min=7.92601ms, max=77.0789ms, average=35.7347ms, deviation=15.4627ms]
----------------------------------------------------------

----------------------------------------------------------
sample path: (IntersectionOutput) 
  order timepoint           sequence nr.                  node name     dropped samples
latency

Statistics:
  latency:                  41.7212ms [min=7.92601ms, max=77.0789ms, average=35.7946ms, deviation=15.396ms]
----------------------------------------------------------

----------------------------------------------------------
sample path: (VehicleDBWSystem) 
  order timepoint           sequence nr.                  node name     dropped samples
bp period
latency

Statistics:
  latency:                  285.211ms [min=197.491ms, max=292.849ms, average=240.515ms, deviation=33.6574ms]
hotpath
  hot path:                 FrontLidarDriver/RearLidarDriver -> ObjectCollisionEstimator
  hot path latency:         55.6263ms [min=35.9799ms, max=79.4157ms, average=59.1249ms, deviation=11.7502ms]
  hot path drops:           0 [min=0, max=0, average=0, deviation=0]
  behavior planner period:  100.005ms [min=99.9908ms, max=100.013ms, average=100.001ms, deviation=0.00550517ms]
----------------------------------------------------------

----------------------------------------------------------
sample path: (IntersectionOutput) 
  order timepoint           sequence nr.                  node name     dropped samples
latency

Statistics:
  latency:                  51.1306ms [min=7.92601ms, max=77.0789ms, average=35.9464ms, deviation=15.3947ms]
----------------------------------------------------------

----------------------------------------------------------
sample path: (IntersectionOutput) 
  order timepoint           sequence nr.                  node name     dropped samples
latency

Statistics:
  latency:                  42.8663ms [min=7.92601ms, max=77.0789ms, average=36.0143ms, deviation=15.3336ms]
----------------------------------------------------------

----------------------------------------------------------
sample path: (VehicleDBWSystem) 
  order timepoint           sequence nr.                  node name     dropped samples
bp period
latency

Statistics:
  latency:                  213.004ms [min=197.491ms, max=292.849ms, average=239.86ms, deviation=33.5143ms]
hotpath
  hot path:                 FrontLidarDriver/RearLidarDriver -> ObjectCollisionEstimator
  hot path latency:         52.2758ms [min=35.9799ms, max=79.4157ms, average=58.9618ms, deviation=11.6541ms]
  hot path drops:           0 [min=0, max=0, average=0, deviation=0]
  behavior planner period:  99.9978ms [min=99.9908ms, max=100.013ms, average=100.001ms, deviation=0.00546501ms]
----------------------------------------------------------

----------------------------------------------------------
sample path: (IntersectionOutput) 
  order timepoint           sequence nr.                  node name     dropped samples
latency

Statistics:
  latency:                  41.3134ms [min=7.92601ms, max=77.0789ms, average=36.0657ms, deviation=15.2672ms]
----------------------------------------------------------

----------------------------------------------------------
sample path: (IntersectionOutput) 
  order timepoint           sequence nr.                  node name     dropped samples
latency

Statistics:
  latency:                  34.924ms [min=7.92601ms, max=77.0789ms, average=36.0548ms, deviation=15.1933ms]
----------------------------------------------------------

----------------------------------------------------------
sample path: (VehicleDBWSystem) 
  order timepoint           sequence nr.                  node name     dropped samples
bp period
latency

Statistics:
  latency:                  205.401ms [min=197.491ms, max=292.849ms, average=239.059ms, deviation=33.5273ms]
hotpath
  hot path:                 FrontLidarDriver/RearLidarDriver -> ObjectCollisionEstimator
  hot path latency:         47.993ms [min=35.9799ms, max=79.4157ms, average=58.7067ms, deviation=11.6354ms]
  hot path drops:           0 [min=0, max=0, average=0, deviation=0]
  behavior planner period:  100.002ms [min=99.9908ms, max=100.013ms, average=100.001ms, deviation=0.00539898ms]
----------------------------------------------------------

----------------------------------------------------------
sample path: (IntersectionOutput) 
  order timepoint           sequence nr.                  node name     dropped samples
latency

Statistics:
  latency:                  24.7359ms [min=7.92601ms, max=77.0789ms, average=35.947ms, deviation=15.1604ms]
----------------------------------------------------------

----------------------------------------------------------
sample path: (IntersectionOutput) 
  order timepoint           sequence nr.                  node name     dropped samples
latency

Statistics:
  latency:                  31.7476ms [min=7.92601ms, max=77.0789ms, average=35.9073ms, deviation=15.0935ms]
----------------------------------------------------------

----------------------------------------------------------
sample path: (IntersectionOutput) 
  order timepoint           sequence nr.                  node name     dropped samples
latency

Statistics:
  latency:                  67.3235ms [min=7.92601ms, max=77.0789ms, average=36.2009ms, deviation=15.3261ms]
----------------------------------------------------------

----------------------------------------------------------
sample path: (VehicleDBWSystem) 
  order timepoint           sequence nr.                  node name     dropped samples
bp period
latency

Statistics:
  latency:                  214.159ms [min=197.491ms, max=292.849ms, average=238.493ms, deviation=33.3471ms]
hotpath
  hot path:                 FrontLidarDriver/RearLidarDriver -> ObjectCollisionEstimator
  hot path latency:         71.5444ms [min=35.9799ms, max=79.4157ms, average=58.9985ms, deviation=11.661ms]
  hot path drops:           0 [min=0, max=0, average=0, deviation=0]
  behavior planner period:  100.012ms [min=99.9908ms, max=100.013ms, average=100.002ms, deviation=0.00558132ms]
----------------------------------------------------------

----------------------------------------------------------
sample path: (IntersectionOutput) 
  order timepoint           sequence nr.                  node name     dropped samples
latency

Statistics:
  latency:                  25.3822ms [min=7.92601ms, max=77.0789ms, average=36.1008ms, deviation=15.2898ms]
----------------------------------------------------------

----------------------------------------------------------
sample path: (IntersectionOutput) 
  order timepoint           sequence nr.                  node name     dropped samples
latency

Statistics:
  latency:                  54.3168ms [min=7.92601ms, max=77.0789ms, average=36.2679ms, deviation=15.3185ms]
----------------------------------------------------------

----------------------------------------------------------
sample path: (IntersectionOutput) 
  order timepoint           sequence nr.                  node name     dropped samples
latency

Statistics:
  latency:                  41.6689ms [min=7.92601ms, max=77.0789ms, average=36.317ms, deviation=15.2568ms]
----------------------------------------------------------

----------------------------------------------------------
sample path: (VehicleDBWSystem) 
  order timepoint           sequence nr.                  node name     dropped samples
bp period
latency

Statistics:
  latency:                  226.219ms [min=197.491ms, max=292.849ms, average=238.22ms, deviation=33.0167ms]
hotpath
  hot path:                 FrontLidarDriver/RearLidarDriver -> ObjectCollisionEstimator
  hot path latency:         82.441ms [min=35.9799ms, max=82.441ms, average=59.5195ms, deviation=12.0458ms]
  hot path drops:           0 [min=0, max=0, average=0, deviation=0]
  behavior planner period:  99.9952ms [min=99.9908ms, max=100.013ms, average=100.001ms, deviation=0.00559937ms]
----------------------------------------------------------

----------------------------------------------------------
sample path: (IntersectionOutput) 
  order timepoint           sequence nr.                  node name     dropped samples
latency

Statistics:
  latency:                  34.9947ms [min=7.92601ms, max=77.0789ms, average=36.3051ms, deviation=15.1878ms]
----------------------------------------------------------

----------------------------------------------------------
sample path: (VehicleDBWSystem) 
  order timepoint           sequence nr.                  node name     dropped samples
bp period
latency

Statistics:
  latency:                  284.965ms [min=197.491ms, max=292.849ms, average=239.236ms, deviation=33.3674ms]
hotpath
  hot path:                 FrontLidarDriver/RearLidarDriver -> ObjectCollisionEstimator
  hot path latency:         57.4558ms [min=35.9799ms, max=82.441ms, average=59.4746ms, deviation=11.9151ms]
  hot path drops:           0 [min=0, max=0, average=0, deviation=0]
  behavior planner period:  100.002ms [min=99.9908ms, max=100.013ms, average=100.001ms, deviation=0.00553601ms]
----------------------------------------------------------

----------------------------------------------------------
sample path: (IntersectionOutput) 
  order timepoint           sequence nr.                  node name     dropped samples
latency

Statistics:
  latency:                  41.6514ms [min=7.92601ms, max=77.0789ms, average=36.3528ms, deviation=15.1277ms]
----------------------------------------------------------

----------------------------------------------------------
sample path: (IntersectionOutput) 
  order timepoint           sequence nr.                  node name     dropped samples
latency

Statistics:
  latency:                  7.97811ms [min=7.92601ms, max=77.0789ms, average=36.1017ms, deviation=15.2947ms]
----------------------------------------------------------

