----------------------------------------------------------
sample path: (VehicleDBWSystem) 
  order timepoint           sequence nr.                  node name     dropped samples
latency

Statistics:
  latency:                  639.142ms [min=639.142ms, max=639.142ms, average=639.142ms, deviation=-nanms]
  behavior planner period:  0ms [min=1.84467e+13ms, max=0ms, average=0ms, deviation=0ms]
----------------------------------------------------------

----------------------------------------------------------
sample path: (IntersectionOutput) 
  order timepoint           sequence nr.                  node name     dropped samples
latency

Statistics:
  latency:                  148.264ms [min=148.264ms, max=148.264ms, average=148.264ms, deviation=-nanms]
----------------------------------------------------------

----------------------------------------------------------
sample path: (IntersectionOutput) 
  order timepoint           sequence nr.                  node name     dropped samples
latency

Statistics:
  latency:                  166.572ms [min=148.264ms, max=166.572ms, average=157.418ms, deviation=12.9456ms]
----------------------------------------------------------

----------------------------------------------------------
sample path: (VehicleDBWSystem) 
  order timepoint           sequence nr.                  node name     dropped samples
bp period
latency

Statistics:
  latency:                  621.118ms [min=621.118ms, max=639.142ms, average=630.13ms, deviation=12.7452ms]
  behavior planner period:  111.317ms [min=111.317ms, max=111.317ms, average=111.317ms, deviation=-nanms]
----------------------------------------------------------

----------------------------------------------------------
sample path: (IntersectionOutput) 
  order timepoint           sequence nr.                  node name     dropped samples
latency

Statistics:
  latency:                  157.185ms [min=148.264ms, max=166.572ms, average=157.34ms, deviation=9.15493ms]
----------------------------------------------------------

----------------------------------------------------------
sample path: (VehicleDBWSystem) 
  order timepoint           sequence nr.                  node name     dropped samples
bp period
latency

Statistics:
  latency:                  565.528ms [min=565.528ms, max=639.142ms, average=608.596ms, deviation=38.3711ms]
  behavior planner period:  83.419ms [min=83.419ms, max=111.317ms, average=97.3678ms, deviation=19.7265ms]
----------------------------------------------------------

----------------------------------------------------------
sample path: (IntersectionOutput) 
  order timepoint           sequence nr.                  node name     dropped samples
latency

Statistics:
  latency:                  129.564ms [min=129.564ms, max=166.572ms, average=150.396ms, deviation=15.772ms]
----------------------------------------------------------

----------------------------------------------------------
sample path: (VehicleDBWSystem) 
  order timepoint           sequence nr.                  node name     dropped samples
bp period
latency

Statistics:
  latency:                  731.99ms [min=565.528ms, max=731.99ms, average=639.445ms, deviation=69.1957ms]
hotpath
  hot path:                 FrontLidarDriver/RearLidarDriver -> ObjectCollisionEstimator
  hot path latency:         417.222ms [min=417.222ms, max=417.222ms, average=417.222ms, deviation=-nanms]
  hot path drops:           0 [min=0, max=0, average=0, deviation=-nan]
  behavior planner period:  101.989ms [min=83.419ms, max=111.317ms, average=98.9081ms, deviation=14.2016ms]
----------------------------------------------------------

----------------------------------------------------------
sample path: (IntersectionOutput) 
  order timepoint           sequence nr.                  node name     dropped samples
latency

Statistics:
  latency:                  138.874ms [min=129.564ms, max=166.572ms, average=148.092ms, deviation=14.5985ms]
----------------------------------------------------------

----------------------------------------------------------
sample path: (VehicleDBWSystem) 
  order timepoint           sequence nr.                  node name     dropped samples
bp period
latency

Statistics:
  latency:                  677.615ms [min=565.528ms, max=731.99ms, average=647.079ms, deviation=62.3092ms]
  behavior planner period:  83.2333ms [min=83.2333ms, max=111.317ms, average=94.9894ms, deviation=13.9958ms]
----------------------------------------------------------

----------------------------------------------------------
sample path: (IntersectionOutput) 
  order timepoint           sequence nr.                  node name     dropped samples
latency

Statistics:
  latency:                  168.019ms [min=129.564ms, max=168.019ms, average=151.413ms, deviation=15.3844ms]
----------------------------------------------------------

----------------------------------------------------------
sample path: (VehicleDBWSystem) 
  order timepoint           sequence nr.                  node name     dropped samples
bp period
latency

Statistics:
  latency:                  742.934ms [min=565.528ms, max=742.934ms, average=663.055ms, deviation=68.098ms]
hotpath
  hot path:                 FrontLidarDriver/RearLidarDriver -> ObjectCollisionEstimator
  hot path latency:         398.195ms [min=398.195ms, max=417.222ms, average=407.709ms, deviation=13.4547ms]
  hot path drops:           0 [min=0, max=0, average=0, deviation=0]
  behavior planner period:  106.781ms [min=83.2333ms, max=111.317ms, average=97.3477ms, deviation=13.2181ms]
----------------------------------------------------------

----------------------------------------------------------
sample path: (IntersectionOutput) 
  order timepoint           sequence nr.                  node name     dropped samples
latency

Statistics:
  latency:                  148.355ms [min=129.564ms, max=168.019ms, average=150.976ms, deviation=14.0914ms]
----------------------------------------------------------

----------------------------------------------------------
sample path: (VehicleDBWSystem) 
  order timepoint           sequence nr.                  node name     dropped samples
bp period
latency

Statistics:
  latency:                  872.973ms [min=565.528ms, max=872.973ms, average=693.043ms, deviation=100.795ms]
  behavior planner period:  93.9686ms [min=83.2333ms, max=111.317ms, average=96.7845ms, deviation=11.9029ms]
----------------------------------------------------------

----------------------------------------------------------
sample path: (IntersectionOutput) 
  order timepoint           sequence nr.                  node name     dropped samples
latency

Statistics:
  latency:                  148.101ms [min=129.564ms, max=168.019ms, average=150.617ms, deviation=13.0857ms]
----------------------------------------------------------

----------------------------------------------------------
sample path: (VehicleDBWSystem) 
  order timepoint           sequence nr.                  node name     dropped samples
bp period
latency

Statistics:
  latency:                  817.339ms [min=565.528ms, max=872.973ms, average=708.58ms, deviation=103.147ms]
hotpath
  hot path:                 FrontLidarDriver/RearLidarDriver -> ObjectCollisionEstimator
  hot path latency:         409.591ms [min=398.195ms, max=417.222ms, average=408.336ms, deviation=9.57578ms]
  hot path drops:           0 [min=0, max=0, average=0, deviation=0]
  behavior planner period:  102.212ms [min=83.2333ms, max=111.317ms, average=97.5599ms, deviation=11.0577ms]
----------------------------------------------------------

----------------------------------------------------------
sample path: (IntersectionOutput) 
  order timepoint           sequence nr.                  node name     dropped samples
latency

Statistics:
  latency:                  148.15ms [min=129.564ms, max=168.019ms, average=150.343ms, deviation=12.2681ms]
----------------------------------------------------------

----------------------------------------------------------
sample path: (VehicleDBWSystem) 
  order timepoint           sequence nr.                  node name     dropped samples
bp period
latency

Statistics:
  latency:                  678.056ms [min=565.528ms, max=872.973ms, average=705.188ms, deviation=97.0205ms]
  behavior planner period:  92.6188ms [min=83.2333ms, max=111.317ms, average=96.9423ms, deviation=10.3855ms]
----------------------------------------------------------

----------------------------------------------------------
sample path: (IntersectionOutput) 
  order timepoint           sequence nr.                  node name     dropped samples
latency

Statistics:
  latency:                  157.152ms [min=129.564ms, max=168.019ms, average=151.024ms, deviation=11.7652ms]
----------------------------------------------------------

----------------------------------------------------------
sample path: (VehicleDBWSystem) 
  order timepoint           sequence nr.                  node name     dropped samples
bp period
latency

Statistics:
  latency:                  741.45ms [min=565.528ms, max=872.973ms, average=708.815ms, deviation=92.1878ms]
hotpath
  hot path:                 FrontLidarDriver/RearLidarDriver -> ObjectCollisionEstimator
  hot path latency:         408.135ms [min=398.195ms, max=417.222ms, average=408.286ms, deviation=7.81924ms]
  hot path drops:           0 [min=0, max=0, average=0, deviation=0]
  behavior planner period:  111.229ms [min=83.2333ms, max=111.317ms, average=98.5297ms, deviation=10.8192ms]
----------------------------------------------------------

----------------------------------------------------------
sample path: (IntersectionOutput) 
  order timepoint           sequence nr.                  node name     dropped samples
latency

Statistics:
  latency:                  147.906ms [min=129.564ms, max=168.019ms, average=150.74ms, deviation=11.201ms]
----------------------------------------------------------

----------------------------------------------------------
sample path: (VehicleDBWSystem) 
  order timepoint           sequence nr.                  node name     dropped samples
bp period
latency

Statistics:
  latency:                  983.508ms [min=565.528ms, max=983.508ms, average=733.787ms, deviation=120.451ms]
  behavior planner period:  83.3605ms [min=83.2333ms, max=111.317ms, average=97.0128ms, deviation=11.2721ms]
----------------------------------------------------------

----------------------------------------------------------
sample path: (IntersectionOutput) 
  order timepoint           sequence nr.                  node name     dropped samples
latency

Statistics:
  latency:                  147.896ms [min=129.564ms, max=168.019ms, average=150.503ms, deviation=10.7112ms]
----------------------------------------------------------

----------------------------------------------------------
sample path: (VehicleDBWSystem) 
  order timepoint           sequence nr.                  node name     dropped samples
bp period
latency

Statistics:
  latency:                  740.6ms [min=565.528ms, max=983.508ms, average=734.355ms, deviation=114.862ms]
hotpath
  hot path:                 FrontLidarDriver/RearLidarDriver -> ObjectCollisionEstimator
  hot path latency:         416.715ms [min=398.195ms, max=417.222ms, average=409.972ms, deviation=7.75029ms]
  hot path drops:           0 [min=0, max=0, average=0, deviation=0]
  behavior planner period:  111.055ms [min=83.2333ms, max=111.317ms, average=98.2893ms, deviation=11.5013ms]
----------------------------------------------------------

----------------------------------------------------------
sample path: (IntersectionOutput) 
  order timepoint           sequence nr.                  node name     dropped samples
latency

Statistics:
  latency:                  147.841ms [min=129.564ms, max=168.019ms, average=150.298ms, deviation=10.2818ms]
----------------------------------------------------------

----------------------------------------------------------
sample path: (VehicleDBWSystem) 
  order timepoint           sequence nr.                  node name     dropped samples
bp period
latency

Statistics:
  latency:                  657.008ms [min=565.528ms, max=983.508ms, average=728.405ms, deviation=112.045ms]
  behavior planner period:  74.1184ms [min=74.1184ms, max=111.317ms, average=96.2751ms, deviation=12.9977ms]
----------------------------------------------------------

----------------------------------------------------------
sample path: (IntersectionOutput) 
  order timepoint           sequence nr.                  node name     dropped samples
latency

Statistics:
  latency:                  147.896ms [min=129.564ms, max=168.019ms, average=150.127ms, deviation=9.89924ms]
----------------------------------------------------------

----------------------------------------------------------
sample path: (VehicleDBWSystem) 
  order timepoint           sequence nr.                  node name     dropped samples
bp period
latency

Statistics:
  latency:                  731.077ms [min=565.528ms, max=983.508ms, average=728.596ms, deviation=107.652ms]
hotpath
  hot path:                 FrontLidarDriver/RearLidarDriver -> ObjectCollisionEstimator
  hot path latency:         397.95ms [min=397.95ms, max=417.222ms, average=407.968ms, deviation=8.49363ms]
  hot path drops:           0 [min=0, max=0, average=0, deviation=0]
  behavior planner period:  106.407ms [min=74.1184ms, max=111.317ms, average=97.0545ms, deviation=12.7577ms]
----------------------------------------------------------

----------------------------------------------------------
sample path: (IntersectionOutput) 
  order timepoint           sequence nr.                  node name     dropped samples
latency

Statistics:
  latency:                  148.013ms [min=129.564ms, max=168.019ms, average=149.986ms, deviation=9.55475ms]
----------------------------------------------------------

----------------------------------------------------------
sample path: (VehicleDBWSystem) 
  order timepoint           sequence nr.                  node name     dropped samples
bp period
latency

Statistics:
  latency:                  879.294ms [min=565.528ms, max=983.508ms, average=738.642ms, deviation=110.793ms]
  behavior planner period:  83.3523ms [min=74.1184ms, max=111.317ms, average=96.0758ms, deviation=12.7926ms]
----------------------------------------------------------

----------------------------------------------------------
sample path: (IntersectionOutput) 
  order timepoint           sequence nr.                  node name     dropped samples
latency

Statistics:
  latency:                  147.982ms [min=129.564ms, max=168.019ms, average=149.861ms, deviation=9.24435ms]
----------------------------------------------------------

----------------------------------------------------------
sample path: (VehicleDBWSystem) 
  order timepoint           sequence nr.                  node name     dropped samples
bp period
latency

Statistics:
  latency:                  721.861ms [min=565.528ms, max=983.508ms, average=737.593ms, deviation=107.118ms]
hotpath
  hot path:                 FrontLidarDriver/RearLidarDriver -> ObjectCollisionEstimator
  hot path latency:         407.154ms [min=397.95ms, max=417.222ms, average=407.852ms, deviation=7.75968ms]
  hot path drops:           0 [min=0, max=0, average=0, deviation=0]
  behavior planner period:  111.116ms [min=74.1184ms, max=111.317ms, average=97.0784ms, deviation=12.9244ms]
----------------------------------------------------------

----------------------------------------------------------
sample path: (IntersectionOutput) 
  order timepoint           sequence nr.                  node name     dropped samples
latency

Statistics:
  latency:                  138.618ms [min=129.564ms, max=168.019ms, average=149.199ms, deviation=9.35691ms]
----------------------------------------------------------

----------------------------------------------------------
sample path: (IntersectionOutput) 
  order timepoint           sequence nr.                  node name     dropped samples
latency

Statistics:
  latency:                  147.871ms [min=129.564ms, max=168.019ms, average=149.125ms, deviation=9.08293ms]
----------------------------------------------------------

----------------------------------------------------------
sample path: (VehicleDBWSystem) 
  order timepoint           sequence nr.                  node name     dropped samples
bp period
latency

Statistics:
  latency:                  703.755ms [min=565.528ms, max=983.508ms, average=735.603ms, deviation=104.041ms]
  behavior planner period:  106.521ms [min=74.1184ms, max=111.317ms, average=97.6686ms, deviation=12.7073ms]
----------------------------------------------------------

----------------------------------------------------------
sample path: (IntersectionOutput) 
  order timepoint           sequence nr.                  node name     dropped samples
latency

Statistics:
  latency:                  129.447ms [min=129.447ms, max=168.019ms, average=148.09ms, deviation=9.91446ms]
----------------------------------------------------------

----------------------------------------------------------
sample path: (VehicleDBWSystem) 
  order timepoint           sequence nr.                  node name     dropped samples
bp period
latency

Statistics:
  latency:                  768.707ms [min=565.528ms, max=983.508ms, average=737.442ms, deviation=101.236ms]
hotpath
  hot path:                 FrontLidarDriver/RearLidarDriver -> ObjectCollisionEstimator
  hot path latency:         398.024ms [min=397.95ms, max=417.222ms, average=406.623ms, deviation=7.98017ms]
  hot path drops:           0 [min=0, max=0, average=0, deviation=0]
  behavior planner period:  64.8491ms [min=64.8491ms, max=111.317ms, average=95.738ms, deviation=14.6542ms]
----------------------------------------------------------

----------------------------------------------------------
sample path: (IntersectionOutput) 
  order timepoint           sequence nr.                  node name     dropped samples
latency

Statistics:
  latency:                  139.087ms [min=129.447ms, max=168.019ms, average=147.64ms, deviation=9.85775ms]
----------------------------------------------------------

----------------------------------------------------------
sample path: (VehicleDBWSystem) 
  order timepoint           sequence nr.                  node name     dropped samples
bp period
latency

Statistics:
  latency:                  676.391ms [min=565.528ms, max=983.508ms, average=734.229ms, deviation=99.3756ms]
  behavior planner period:  106.509ms [min=64.8491ms, max=111.317ms, average=96.3364ms, deviation=14.4415ms]
----------------------------------------------------------

----------------------------------------------------------
sample path: (IntersectionOutput) 
  order timepoint           sequence nr.                  node name     dropped samples
latency

Statistics:
  latency:                  120.326ms [min=120.326ms, max=168.019ms, average=146.339ms, deviation=11.3067ms]
----------------------------------------------------------

----------------------------------------------------------
sample path: (VehicleDBWSystem) 
  order timepoint           sequence nr.                  node name     dropped samples
bp period
latency

Statistics:
  latency:                  750.426ms [min=565.528ms, max=983.508ms, average=735.039ms, deviation=96.7929ms]
hotpath
  hot path:                 FrontLidarDriver/RearLidarDriver -> ObjectCollisionEstimator
  hot path latency:         379.623ms [min=379.623ms, max=417.222ms, average=403.623ms, deviation=11.693ms]
  hot path drops:           0 [min=0, max=0, average=0, deviation=0]
  behavior planner period:  83.6111ms [min=64.8491ms, max=111.317ms, average=95.6667ms, deviation=14.3351ms]
----------------------------------------------------------

----------------------------------------------------------
sample path: (IntersectionOutput) 
  order timepoint           sequence nr.                  node name     dropped samples
latency

Statistics:
  latency:                  129.632ms [min=120.326ms, max=168.019ms, average=145.58ms, deviation=11.5949ms]
----------------------------------------------------------

----------------------------------------------------------
sample path: (VehicleDBWSystem) 
  order timepoint           sequence nr.                  node name     dropped samples
bp period
latency

Statistics:
  latency:                  713.496ms [min=565.528ms, max=983.508ms, average=734.013ms, deviation=94.4591ms]
hotpath
  hot path:                 FrontLidarDriver/RearLidarDriver -> ObjectCollisionEstimator
  hot path latency:         305.986ms [min=305.986ms, max=417.222ms, average=393.86ms, deviation=32.7846ms]
  hot path drops:           2 [min=0, max=2, average=0.2, deviation=0.632456]
  behavior planner period:  120.608ms [min=64.8491ms, max=120.608ms, average=96.9137ms, deviation=15.026ms]
----------------------------------------------------------

----------------------------------------------------------
sample path: (IntersectionOutput) 
  order timepoint           sequence nr.                  node name     dropped samples
latency

Statistics:
  latency:                  157.506ms [min=120.326ms, max=168.019ms, average=146.098ms, deviation=11.598ms]
----------------------------------------------------------

----------------------------------------------------------
sample path: (VehicleDBWSystem) 
  order timepoint           sequence nr.                  node name     dropped samples
bp period
latency

Statistics:
  latency:                  658.127ms [min=565.528ms, max=983.508ms, average=730.563ms, deviation=93.5917ms]
hotpath
  hot path:                 FrontLidarDriver/RearLidarDriver -> ObjectCollisionEstimator
  hot path latency:         306.064ms [min=305.986ms, max=417.222ms, average=385.878ms, deviation=40.8421ms]
  hot path drops:           2 [min=0, max=2, average=0.363636, deviation=0.80904]
  behavior planner period:  101.987ms [min=64.8491ms, max=120.608ms, average=97.1553ms, deviation=14.6874ms]
----------------------------------------------------------

----------------------------------------------------------
sample path: (IntersectionOutput) 
  order timepoint           sequence nr.                  node name     dropped samples
latency

Statistics:
  latency:                  147.953ms [min=120.326ms, max=168.019ms, average=146.175ms, deviation=11.3494ms]
----------------------------------------------------------

----------------------------------------------------------
sample path: (VehicleDBWSystem) 
  order timepoint           sequence nr.                  node name     dropped samples
bp period
latency

Statistics:
  latency:                  731.908ms [min=565.528ms, max=983.508ms, average=730.622ms, deviation=91.4403ms]
  behavior planner period:  111.214ms [min=64.8491ms, max=120.608ms, average=97.7943ms, deviation=14.6434ms]
----------------------------------------------------------

----------------------------------------------------------
sample path: (IntersectionOutput) 
  order timepoint           sequence nr.                  node name     dropped samples
latency

Statistics:
  latency:                  147.842ms [min=120.326ms, max=168.019ms, average=146.242ms, deviation=11.1155ms]
----------------------------------------------------------

----------------------------------------------------------
sample path: (VehicleDBWSystem) 
  order timepoint           sequence nr.                  node name     dropped samples
bp period
latency

Statistics:
  latency:                  768.612ms [min=565.528ms, max=983.508ms, average=732.205ms, deviation=89.7659ms]
hotpath
  hot path:                 FrontLidarDriver/RearLidarDriver -> ObjectCollisionEstimator
  hot path latency:         407.889ms [min=305.986ms, max=417.222ms, average=387.712ms, deviation=39.4564ms]
  hot path drops:           0 [min=0, max=2, average=0.333333, deviation=0.778499]
  behavior planner period:  106.57ms [min=64.8491ms, max=120.608ms, average=98.1759ms, deviation=14.4233ms]
----------------------------------------------------------

----------------------------------------------------------
sample path: (IntersectionOutput) 
  order timepoint           sequence nr.                  node name     dropped samples
latency

Statistics:
  latency:                  138.8ms [min=120.326ms, max=168.019ms, average=145.956ms, deviation=10.9882ms]
----------------------------------------------------------

----------------------------------------------------------
sample path: (VehicleDBWSystem) 
  order timepoint           sequence nr.                  node name     dropped samples
bp period
latency

Statistics:
  latency:                  694.471ms [min=565.528ms, max=983.508ms, average=730.695ms, deviation=88.1994ms]
hotpath
  hot path:                 FrontLidarDriver/RearLidarDriver -> ObjectCollisionEstimator
  hot path latency:         370.511ms [min=305.986ms, max=417.222ms, average=386.389ms, deviation=38.0767ms]
  hot path drops:           2 [min=0, max=2, average=0.461538, deviation=0.877058]
  behavior planner period:  78.6361ms [min=64.8491ms, max=120.608ms, average=97.3617ms, deviation=14.6593ms]
----------------------------------------------------------

----------------------------------------------------------
sample path: (IntersectionOutput) 
  order timepoint           sequence nr.                  node name     dropped samples
latency

Statistics:
  latency:                  138.756ms [min=120.326ms, max=168.019ms, average=145.689ms, deviation=10.8636ms]
----------------------------------------------------------

----------------------------------------------------------
sample path: (VehicleDBWSystem) 
  order timepoint           sequence nr.                  node name     dropped samples
bp period
latency

Statistics:
  latency:                  851.843ms [min=565.528ms, max=983.508ms, average=735.355ms, deviation=89.624ms]
  behavior planner period:  101.778ms [min=64.8491ms, max=120.608ms, average=97.5384ms, deviation=14.3778ms]
----------------------------------------------------------

----------------------------------------------------------
sample path: (IntersectionOutput) 
  order timepoint           sequence nr.                  node name     dropped samples
latency

Statistics:
  latency:                  129.472ms [min=120.326ms, max=168.019ms, average=145.11ms, deviation=11.0923ms]
----------------------------------------------------------

----------------------------------------------------------
sample path: (VehicleDBWSystem) 
  order timepoint           sequence nr.                  node name     dropped samples
bp period
latency

Statistics:
  latency:                  722.263ms [min=565.528ms, max=983.508ms, average=734.87ms, deviation=87.9196ms]
hotpath
  hot path:                 FrontLidarDriver/RearLidarDriver -> ObjectCollisionEstimator
  hot path latency:         398.185ms [min=305.986ms, max=417.222ms, average=387.232ms, deviation=36.7185ms]
  hot path drops:           0 [min=0, max=2, average=0.428571, deviation=0.851631]
  behavior planner period:  97.3599ms [min=64.8491ms, max=120.608ms, average=97.5315ms, deviation=14.0873ms]
----------------------------------------------------------

