----------------------------------------------------------
sample path: (VehicleDBWSystem) 
  order timepoint           sequence nr.                  node name     dropped samples
latency

Statistics:
  latency:                  815.412ms [min=815.412ms, max=815.412ms, average=815.412ms, deviation=-nanms]
  behavior planner period:  0ms [min=1.84467e+13ms, max=0ms, average=0ms, deviation=0ms]
----------------------------------------------------------

----------------------------------------------------------
sample path: (IntersectionOutput) 
  order timepoint           sequence nr.                  node name     dropped samples
latency

Statistics:
  latency:                  200.997ms [min=200.997ms, max=200.997ms, average=200.997ms, deviation=-nanms]
----------------------------------------------------------

----------------------------------------------------------
sample path: (VehicleDBWSystem) 
  order timepoint           sequence nr.                  node name     dropped samples
bp period
latency

Statistics:
  latency:                  759.344ms [min=759.344ms, max=815.412ms, average=787.378ms, deviation=39.6461ms]
  behavior planner period:  100.487ms [min=100.487ms, max=100.487ms, average=100.487ms, deviation=-nanms]
----------------------------------------------------------

----------------------------------------------------------
sample path: (IntersectionOutput) 
  order timepoint           sequence nr.                  node name     dropped samples
latency

Statistics:
  latency:                  200.587ms [min=200.587ms, max=200.997ms, average=200.792ms, deviation=0.289514ms]
----------------------------------------------------------

----------------------------------------------------------
sample path: (VehicleDBWSystem) 
  order timepoint           sequence nr.                  node name     dropped samples
bp period
latency

Statistics:
  latency:                  782.084ms [min=759.344ms, max=815.412ms, average=785.613ms, deviation=28.2001ms]
  behavior planner period:  100.852ms [min=100.487ms, max=100.852ms, average=100.67ms, deviation=0.258292ms]
----------------------------------------------------------

----------------------------------------------------------
sample path: (IntersectionOutput) 
  order timepoint           sequence nr.                  node name     dropped samples
latency

Statistics:
  latency:                  200.866ms [min=200.587ms, max=200.997ms, average=200.817ms, deviation=0.209093ms]
----------------------------------------------------------

----------------------------------------------------------
sample path: (VehicleDBWSystem) 
  order timepoint           sequence nr.                  node name     dropped samples
bp period
latency

Statistics:
  latency:                  794.003ms [min=759.344ms, max=815.412ms, average=787.711ms, deviation=23.4043ms]
  behavior planner period:  100.64ms [min=100.487ms, max=100.852ms, average=100.66ms, deviation=0.183437ms]
----------------------------------------------------------

----------------------------------------------------------
sample path: (IntersectionOutput) 
  order timepoint           sequence nr.                  node name     dropped samples
latency

Statistics:
  latency:                  189.491ms [min=189.491ms, max=200.997ms, average=197.985ms, deviation=5.66544ms]
----------------------------------------------------------

----------------------------------------------------------
sample path: (VehicleDBWSystem) 
  order timepoint           sequence nr.                  node name     dropped samples
bp period
latency

Statistics:
  latency:                  771.81ms [min=759.344ms, max=815.412ms, average=784.53ms, deviation=21.4799ms]
  behavior planner period:  100.766ms [min=100.487ms, max=100.852ms, average=100.686ms, deviation=0.158858ms]
----------------------------------------------------------

----------------------------------------------------------
sample path: (IntersectionOutput) 
  order timepoint           sequence nr.                  node name     dropped samples
latency

Statistics:
  latency:                  178.183ms [min=178.183ms, max=200.997ms, average=194.025ms, deviation=10.1243ms]
----------------------------------------------------------

----------------------------------------------------------
sample path: (VehicleDBWSystem) 
  order timepoint           sequence nr.                  node name     dropped samples
bp period
latency

Statistics:
  latency:                  1083.89ms [min=759.344ms, max=1083.89ms, average=834.424ms, deviation=123.713ms]
hotpath
  hot path:                 FrontLidarDriver/RearLidarDriver -> ObjectCollisionEstimator
  hot path latency:         458.48ms [min=458.48ms, max=458.48ms, average=458.48ms, deviation=-nanms]
  hot path drops:           2 [min=2, max=2, average=2, deviation=-nan]
  behavior planner period:  190.161ms [min=100.487ms, max=190.161ms, average=118.581ms, deviation=40.0148ms]
----------------------------------------------------------

----------------------------------------------------------
sample path: (IntersectionOutput) 
  order timepoint           sequence nr.                  node name     dropped samples
latency

Statistics:
  latency:                  200.307ms [min=178.183ms, max=200.997ms, average=195.072ms, deviation=9.41165ms]
----------------------------------------------------------

----------------------------------------------------------
sample path: (VehicleDBWSystem) 
  order timepoint           sequence nr.                  node name     dropped samples
bp period
latency

Statistics:
  latency:                  882.383ms [min=759.344ms, max=1083.89ms, average=841.275ms, deviation=114.38ms]
hotpath
  hot path:                 FrontLidarDriver/RearLidarDriver -> ObjectCollisionEstimator
  hot path latency:         424.734ms [min=424.734ms, max=458.48ms, average=441.607ms, deviation=23.8626ms]
  hot path drops:           2 [min=2, max=2, average=2, deviation=0]
  behavior planner period:  128.583ms [min=100.487ms, max=190.161ms, average=120.248ms, deviation=36.0225ms]
----------------------------------------------------------

----------------------------------------------------------
sample path: (IntersectionOutput) 
  order timepoint           sequence nr.                  node name     dropped samples
latency

Statistics:
  latency:                  200.72ms [min=178.183ms, max=200.997ms, average=195.879ms, deviation=8.85287ms]
----------------------------------------------------------

----------------------------------------------------------
sample path: (VehicleDBWSystem) 
  order timepoint           sequence nr.                  node name     dropped samples
bp period
latency

Statistics:
  latency:                  893.138ms [min=759.344ms, max=1083.89ms, average=847.758ms, deviation=107.471ms]
hotpath
  hot path:                 FrontLidarDriver/RearLidarDriver -> ObjectCollisionEstimator
  hot path latency:         435.214ms [min=424.734ms, max=458.48ms, average=439.476ms, deviation=17.2725ms]
  hot path drops:           2 [min=2, max=2, average=2, deviation=0]
  behavior planner period:  100.532ms [min=100.487ms, max=190.161ms, average=117.432ms, deviation=33.7177ms]
----------------------------------------------------------

----------------------------------------------------------
sample path: (IntersectionOutput) 
  order timepoint           sequence nr.                  node name     dropped samples
latency

Statistics:
  latency:                  200.496ms [min=178.183ms, max=200.997ms, average=196.456ms, deviation=8.35715ms]
----------------------------------------------------------

----------------------------------------------------------
sample path: (VehicleDBWSystem) 
  order timepoint           sequence nr.                  node name     dropped samples
bp period
latency

Statistics:
  latency:                  915.413ms [min=759.344ms, max=1083.89ms, average=855.275ms, deviation=103.028ms]
hotpath
  hot path:                 FrontLidarDriver/RearLidarDriver -> ObjectCollisionEstimator
  hot path latency:         457.299ms [min=424.734ms, max=458.48ms, average=443.932ms, deviation=16.6825ms]
  hot path drops:           2 [min=2, max=2, average=2, deviation=0]
  behavior planner period:  100.641ms [min=100.487ms, max=190.161ms, average=115.333ms, deviation=31.7759ms]
----------------------------------------------------------

----------------------------------------------------------
sample path: (IntersectionOutput) 
  order timepoint           sequence nr.                  node name     dropped samples
latency

Statistics:
  latency:                  200.838ms [min=178.183ms, max=200.997ms, average=196.943ms, deviation=7.95272ms]
----------------------------------------------------------

----------------------------------------------------------
sample path: (VehicleDBWSystem) 
  order timepoint           sequence nr.                  node name     dropped samples
bp period
latency

Statistics:
  latency:                  1005.23ms [min=759.344ms, max=1083.89ms, average=870.27ms, deviation=108.092ms]
hotpath
  hot path:                 FrontLidarDriver/RearLidarDriver -> ObjectCollisionEstimator
  hot path latency:         547.302ms [min=424.734ms, max=547.302ms, average=464.606ms, deviation=48.4335ms]
  hot path drops:           0 [min=0, max=2, average=1.6, deviation=0.894427]
  behavior planner period:  100.62ms [min=100.487ms, max=190.161ms, average=113.698ms, deviation=30.1256ms]
----------------------------------------------------------

----------------------------------------------------------
sample path: (IntersectionOutput) 
  order timepoint           sequence nr.                  node name     dropped samples
latency

Statistics:
  latency:                  200.445ms [min=178.183ms, max=200.997ms, average=197.293ms, deviation=7.57924ms]
----------------------------------------------------------

----------------------------------------------------------
sample path: (VehicleDBWSystem) 
  order timepoint           sequence nr.                  node name     dropped samples
bp period
latency

Statistics:
  latency:                  1005.21ms [min=759.344ms, max=1083.89ms, average=882.537ms, deviation=110.321ms]
hotpath
  hot path:                 FrontLidarDriver/RearLidarDriver -> ObjectCollisionEstimator
  hot path latency:         547.649ms [min=424.734ms, max=547.649ms, average=478.446ms, deviation=55.0091ms]
  hot path drops:           0 [min=0, max=2, average=1.33333, deviation=1.0328]
  behavior planner period:  100.664ms [min=100.487ms, max=190.161ms, average=112.395ms, deviation=28.7002ms]
----------------------------------------------------------

----------------------------------------------------------
sample path: (IntersectionOutput) 
  order timepoint           sequence nr.                  node name     dropped samples
latency

Statistics:
  latency:                  200.295ms [min=178.183ms, max=200.997ms, average=197.566ms, deviation=7.24706ms]
----------------------------------------------------------

----------------------------------------------------------
sample path: (VehicleDBWSystem) 
  order timepoint           sequence nr.                  node name     dropped samples
bp period
latency

Statistics:
  latency:                  1004.97ms [min=759.344ms, max=1083.89ms, average=892.74ms, deviation=110.967ms]
hotpath
  hot path:                 FrontLidarDriver/RearLidarDriver -> ObjectCollisionEstimator
  hot path latency:         469.097ms [min=424.734ms, max=547.649ms, average=477.111ms, deviation=50.3404ms]
  hot path drops:           1 [min=0, max=2, average=1.28571, deviation=0.95119]
  behavior planner period:  100.519ms [min=100.487ms, max=190.161ms, average=111.315ms, deviation=27.4618ms]
----------------------------------------------------------

----------------------------------------------------------
sample path: (IntersectionOutput) 
  order timepoint           sequence nr.                  node name     dropped samples
latency

Statistics:
  latency:                  200.512ms [min=178.183ms, max=200.997ms, average=197.811ms, deviation=6.96194ms]
----------------------------------------------------------

----------------------------------------------------------
sample path: (VehicleDBWSystem) 
  order timepoint           sequence nr.                  node name     dropped samples
bp period
latency

Statistics:
  latency:                  1004.97ms [min=759.344ms, max=1083.89ms, average=901.373ms, deviation=110.708ms]
hotpath
  hot path:                 FrontLidarDriver/RearLidarDriver -> ObjectCollisionEstimator
  hot path latency:         468.812ms [min=424.734ms, max=547.649ms, average=476.073ms, deviation=46.6984ms]
  hot path drops:           1 [min=0, max=2, average=1.25, deviation=0.886405]
  behavior planner period:  100.443ms [min=100.443ms, max=190.161ms, average=110.409ms, deviation=26.3712ms]
----------------------------------------------------------

----------------------------------------------------------
sample path: (IntersectionOutput) 
  order timepoint           sequence nr.                  node name     dropped samples
latency

Statistics:
  latency:                  200.485ms [min=178.183ms, max=200.997ms, average=198.017ms, deviation=6.70665ms]
----------------------------------------------------------

----------------------------------------------------------
sample path: (VehicleDBWSystem) 
  order timepoint           sequence nr.                  node name     dropped samples
bp period
latency

Statistics:
  latency:                  1004.52ms [min=759.344ms, max=1083.89ms, average=908.741ms, deviation=109.879ms]
hotpath
  hot path:                 FrontLidarDriver/RearLidarDriver -> ObjectCollisionEstimator
  hot path latency:         468.55ms [min=424.734ms, max=547.649ms, average=475.237ms, deviation=43.7543ms]
  hot path drops:           1 [min=0, max=2, average=1.22222, deviation=0.833333]
  behavior planner period:  100.674ms [min=100.443ms, max=190.161ms, average=109.66ms, deviation=25.3925ms]
----------------------------------------------------------

----------------------------------------------------------
sample path: (IntersectionOutput) 
  order timepoint           sequence nr.                  node name     dropped samples
latency

Statistics:
  latency:                  200.367ms [min=178.183ms, max=200.997ms, average=198.185ms, deviation=6.47408ms]
----------------------------------------------------------

----------------------------------------------------------
sample path: (VehicleDBWSystem) 
  order timepoint           sequence nr.                  node name     dropped samples
bp period
latency

Statistics:
  latency:                  1003.71ms [min=759.344ms, max=1083.89ms, average=915.072ms, deviation=108.685ms]
hotpath
  hot path:                 FrontLidarDriver/RearLidarDriver -> ObjectCollisionEstimator
  hot path latency:         468.976ms [min=424.734ms, max=547.649ms, average=474.611ms, deviation=41.2994ms]
  hot path drops:           1 [min=0, max=2, average=1.2, deviation=0.788811]
  behavior planner period:  100.543ms [min=100.443ms, max=190.161ms, average=109.009ms, deviation=24.5177ms]
----------------------------------------------------------

----------------------------------------------------------
sample path: (IntersectionOutput) 
  order timepoint           sequence nr.                  node name     dropped samples
latency

Statistics:
  latency:                  199.618ms [min=178.183ms, max=200.997ms, average=198.28ms, deviation=6.24954ms]
----------------------------------------------------------

----------------------------------------------------------
sample path: (VehicleDBWSystem) 
  order timepoint           sequence nr.                  node name     dropped samples
bp period
latency

Statistics:
  latency:                  925.549ms [min=759.344ms, max=1083.89ms, average=915.727ms, deviation=105.032ms]
hotpath
  hot path:                 FrontLidarDriver/RearLidarDriver -> ObjectCollisionEstimator
  hot path latency:         468.989ms [min=424.734ms, max=547.649ms, average=474.1ms, deviation=39.2167ms]
  hot path drops:           2 [min=0, max=2, average=1.27273, deviation=0.786245]
  behavior planner period:  100.016ms [min=100.016ms, max=190.161ms, average=108.409ms, deviation=23.7397ms]
----------------------------------------------------------

----------------------------------------------------------
sample path: (IntersectionOutput) 
  order timepoint           sequence nr.                  node name     dropped samples
latency

Statistics:
  latency:                  200.45ms [min=178.183ms, max=200.997ms, average=198.416ms, deviation=6.06193ms]
----------------------------------------------------------

----------------------------------------------------------
sample path: (VehicleDBWSystem) 
  order timepoint           sequence nr.                  node name     dropped samples
bp period
latency

Statistics:
  latency:                  925.598ms [min=759.344ms, max=1083.89ms, average=916.308ms, deviation=101.725ms]
hotpath
  hot path:                 FrontLidarDriver/RearLidarDriver -> ObjectCollisionEstimator
  hot path latency:         467.669ms [min=424.734ms, max=547.649ms, average=473.564ms, deviation=37.4377ms]
  hot path drops:           2 [min=0, max=2, average=1.33333, deviation=0.778499]
  behavior planner period:  100.494ms [min=100.016ms, max=190.161ms, average=107.915ms, deviation=23.0199ms]
----------------------------------------------------------

----------------------------------------------------------
sample path: (IntersectionOutput) 
  order timepoint           sequence nr.                  node name     dropped samples
latency

Statistics:
  latency:                  200.779ms [min=178.183ms, max=200.997ms, average=198.555ms, deviation=5.89735ms]
----------------------------------------------------------

----------------------------------------------------------
sample path: (VehicleDBWSystem) 
  order timepoint           sequence nr.                  node name     dropped samples
bp period
latency

Statistics:
  latency:                  925.492ms [min=759.344ms, max=1083.89ms, average=916.818ms, deviation=98.7117ms]
hotpath
  hot path:                 FrontLidarDriver/RearLidarDriver -> ObjectCollisionEstimator
  hot path latency:         467.558ms [min=424.734ms, max=547.649ms, average=473.102ms, deviation=35.8826ms]
  hot path drops:           2 [min=0, max=2, average=1.38462, deviation=0.767948]
  behavior planner period:  100.581ms [min=100.016ms, max=190.161ms, average=107.483ms, deviation=22.3598ms]
----------------------------------------------------------

----------------------------------------------------------
sample path: (IntersectionOutput) 
  order timepoint           sequence nr.                  node name     dropped samples
latency

Statistics:
  latency:                  200.373ms [min=178.183ms, max=200.997ms, average=198.656ms, deviation=5.7373ms]
----------------------------------------------------------

----------------------------------------------------------
sample path: (VehicleDBWSystem) 
  order timepoint           sequence nr.                  node name     dropped samples
bp period
latency

Statistics:
  latency:                  926.086ms [min=759.344ms, max=1083.89ms, average=917.306ms, deviation=95.9541ms]
hotpath
  hot path:                 FrontLidarDriver/RearLidarDriver -> ObjectCollisionEstimator
  hot path latency:         468.964ms [min=424.734ms, max=547.649ms, average=472.807ms, deviation=34.4926ms]
  hot path drops:           2 [min=0, max=2, average=1.42857, deviation=0.755929]
  behavior planner period:  100.665ms [min=100.016ms, max=190.161ms, average=107.104ms, deviation=21.7516ms]
----------------------------------------------------------

----------------------------------------------------------
sample path: (IntersectionOutput) 
  order timepoint           sequence nr.                  node name     dropped samples
latency

Statistics:
  latency:                  199.993ms [min=178.183ms, max=200.997ms, average=198.726ms, deviation=5.58409ms]
----------------------------------------------------------

