FrontLidarDriver
RearLidarDriver
PointCloudMap
Visualizer
Lanelet2Map
EuclideanClusterSettings
PointsTransformerFront
PointsTransformerRear
VoxelGridDownsampler
PointCloudMapLoader
RayGroundFilter
ObjectCollisionEstimator
MPCController
ParkingPlanner
LanePlanner
PointCloudFusion
NDTLocalizer
VehicleInterface
Lanelet2GlobalPlanner
Lanelet2MapLoader
BehaviorPlanner
EuclideanClusterDetector
VehicleDBWSystem
IntersectionOutput
EuclideanClusterDetector
ObjectCollisionEstimator
PointCloudFusion
RayGroundFilter
----------------------------------------------------------
sample path: (IntersectionOutput) 
  order timepoint           sequence nr.                  node name     dropped samples
latency

Statistics:
  latency:                  60.8678ms [min=60.8678ms, max=60.8678ms, average=60.8678ms, deviation=-nanms]
----------------------------------------------------------

----------------------------------------------------------
sample path: (IntersectionOutput) 
  order timepoint           sequence nr.                  node name     dropped samples
latency

Statistics:
  latency:                  89.2736ms [min=60.8678ms, max=89.2736ms, average=75.0707ms, deviation=20.086ms]
----------------------------------------------------------

----------------------------------------------------------
sample path: (IntersectionOutput) 
  order timepoint           sequence nr.                  node name     dropped samples
latency

Statistics:
  latency:                  86.8705ms [min=60.8678ms, max=89.2736ms, average=79.004ms, deviation=15.7523ms]
----------------------------------------------------------

----------------------------------------------------------
sample path: (VehicleDBWSystem) 
  order timepoint           sequence nr.                  node name     dropped samples
latency

Statistics:
  latency:                  312.707ms [min=312.707ms, max=312.707ms, average=312.707ms, deviation=-nanms]
hotpath
  hot path:                 FrontLidarDriver/RearLidarDriver -> ObjectCollisionEstimator
  hot path latency:         146.41ms [min=146.41ms, max=146.41ms, average=146.41ms, deviation=-nanms]
  hot path drops:           0 [min=0, max=0, average=0, deviation=-nan]
  behavior planner period:  0ms [min=1.84467e+13ms, max=0ms, average=0ms, deviation=0ms]
----------------------------------------------------------

----------------------------------------------------------
sample path: (IntersectionOutput) 
  order timepoint           sequence nr.                  node name     dropped samples
latency

Statistics:
  latency:                  65.3468ms [min=60.8678ms, max=89.2736ms, average=75.5897ms, deviation=14.562ms]
----------------------------------------------------------

----------------------------------------------------------
sample path: (IntersectionOutput) 
  order timepoint           sequence nr.                  node name     dropped samples
latency

Statistics:
  latency:                  67.5201ms [min=60.8678ms, max=89.2736ms, average=73.9758ms, deviation=13.1173ms]
----------------------------------------------------------

----------------------------------------------------------
sample path: (IntersectionOutput) 
  order timepoint           sequence nr.                  node name     dropped samples
latency

Statistics:
  latency:                  101.123ms [min=60.8678ms, max=101.123ms, average=78.5002ms, deviation=16.1393ms]
----------------------------------------------------------

----------------------------------------------------------
sample path: (VehicleDBWSystem) 
  order timepoint           sequence nr.                  node name     dropped samples
bp period
latency

Statistics:
  latency:                  354.222ms [min=312.707ms, max=354.222ms, average=333.464ms, deviation=29.3556ms]
  behavior planner period:  100.007ms [min=100.007ms, max=100.007ms, average=100.007ms, deviation=-nanms]
----------------------------------------------------------

----------------------------------------------------------
sample path: (IntersectionOutput) 
  order timepoint           sequence nr.                  node name     dropped samples
latency

Statistics:
  latency:                  101.082ms [min=60.8678ms, max=101.123ms, average=81.7263ms, deviation=17.0269ms]
----------------------------------------------------------

----------------------------------------------------------
sample path: (IntersectionOutput) 
  order timepoint           sequence nr.                  node name     dropped samples
latency

Statistics:
  latency:                  84.5936ms [min=60.8678ms, max=101.123ms, average=82.0847ms, deviation=15.7964ms]
----------------------------------------------------------

----------------------------------------------------------
sample path: (VehicleDBWSystem) 
  order timepoint           sequence nr.                  node name     dropped samples
bp period
latency

Statistics:
  latency:                  470.712ms [min=312.707ms, max=470.712ms, average=379.214ms, deviation=81.9137ms]
hotpath
  hot path:                 FrontLidarDriver/RearLidarDriver -> ObjectCollisionEstimator
  hot path latency:         178.308ms [min=146.41ms, max=178.308ms, average=162.359ms, deviation=22.5558ms]
  hot path drops:           0 [min=0, max=0, average=0, deviation=0]
  behavior planner period:  100.002ms [min=100.002ms, max=100.007ms, average=100.004ms, deviation=0.00311198ms]
----------------------------------------------------------

----------------------------------------------------------
sample path: (IntersectionOutput) 
  order timepoint           sequence nr.                  node name     dropped samples
latency

Statistics:
  latency:                  116.694ms [min=60.8678ms, max=116.694ms, average=85.9302ms, deviation=18.7464ms]
----------------------------------------------------------

----------------------------------------------------------
sample path: (IntersectionOutput) 
  order timepoint           sequence nr.                  node name     dropped samples
latency

Statistics:
  latency:                  121.012ms [min=60.8678ms, max=121.012ms, average=89.4384ms, deviation=20.8675ms]
----------------------------------------------------------

----------------------------------------------------------
sample path: (VehicleDBWSystem) 
  order timepoint           sequence nr.                  node name     dropped samples
bp period
latency

Statistics:
  latency:                  471.535ms [min=312.707ms, max=471.535ms, average=402.294ms, deviation=81.2652ms]
hotpath
  hot path:                 FrontLidarDriver/RearLidarDriver -> ObjectCollisionEstimator
  hot path latency:         186.417ms [min=146.41ms, max=186.417ms, average=170.378ms, deviation=21.1497ms]
  hot path drops:           0 [min=0, max=0, average=0, deviation=0]
  behavior planner period:  100.004ms [min=100.002ms, max=100.007ms, average=100.004ms, deviation=0.0022005ms]
----------------------------------------------------------

----------------------------------------------------------
sample path: (IntersectionOutput) 
  order timepoint           sequence nr.                  node name     dropped samples
latency

Statistics:
  latency:                  88.8875ms [min=60.8678ms, max=121.012ms, average=89.3883ms, deviation=19.7974ms]
----------------------------------------------------------

----------------------------------------------------------
sample path: (IntersectionOutput) 
  order timepoint           sequence nr.                  node name     dropped samples
latency

Statistics:
  latency:                  102.639ms [min=60.8678ms, max=121.012ms, average=90.4925ms, deviation=19.2597ms]
----------------------------------------------------------

----------------------------------------------------------
sample path: (VehicleDBWSystem) 
  order timepoint           sequence nr.                  node name     dropped samples
bp period
latency

Statistics:
  latency:                  374.063ms [min=312.707ms, max=471.535ms, average=396.648ms, deviation=71.5012ms]
hotpath
  hot path:                 FrontLidarDriver/RearLidarDriver -> ObjectCollisionEstimator
  hot path latency:         161.313ms [min=146.41ms, max=186.417ms, average=168.112ms, deviation=17.8536ms]
  hot path drops:           0 [min=0, max=0, average=0, deviation=0]
  behavior planner period:  100.007ms [min=100.002ms, max=100.007ms, average=100.005ms, deviation=0.00213313ms]
----------------------------------------------------------

----------------------------------------------------------
sample path: (IntersectionOutput) 
  order timepoint           sequence nr.                  node name     dropped samples
latency

Statistics:
  latency:                  114.607ms [min=60.8678ms, max=121.012ms, average=92.3475ms, deviation=19.6152ms]
----------------------------------------------------------

----------------------------------------------------------
sample path: (IntersectionOutput) 
  order timepoint           sequence nr.                  node name     dropped samples
latency

Statistics:
  latency:                  112.662ms [min=60.8678ms, max=121.012ms, average=93.7985ms, deviation=19.6122ms]
----------------------------------------------------------

----------------------------------------------------------
sample path: (VehicleDBWSystem) 
  order timepoint           sequence nr.                  node name     dropped samples
bp period
latency

Statistics:
  latency:                  503.741ms [min=312.707ms, max=503.741ms, average=414.497ms, deviation=77.4689ms]
hotpath
  hot path:                 FrontLidarDriver/RearLidarDriver -> ObjectCollisionEstimator
  hot path latency:         153.43ms [min=146.41ms, max=186.417ms, average=165.176ms, deviation=16.798ms]
  hot path drops:           0 [min=0, max=0, average=0, deviation=0]
  behavior planner period:  100.002ms [min=100.002ms, max=100.007ms, average=100.004ms, deviation=0.00233005ms]
----------------------------------------------------------

----------------------------------------------------------
sample path: (IntersectionOutput) 
  order timepoint           sequence nr.                  node name     dropped samples
latency

Statistics:
  latency:                  147.964ms [min=60.8678ms, max=147.964ms, average=97.4096ms, deviation=23.5108ms]
----------------------------------------------------------

----------------------------------------------------------
sample path: (IntersectionOutput) 
  order timepoint           sequence nr.                  node name     dropped samples
latency

Statistics:
  latency:                  156.215ms [min=60.8678ms, max=156.215ms, average=101.085ms, deviation=27.0562ms]
----------------------------------------------------------

----------------------------------------------------------
sample path: (VehicleDBWSystem) 
  order timepoint           sequence nr.                  node name     dropped samples
bp period
latency

Statistics:
  latency:                  399.43ms [min=312.707ms, max=503.741ms, average=412.344ms, deviation=70.948ms]
hotpath
  hot path:                 FrontLidarDriver/RearLidarDriver -> ObjectCollisionEstimator
  hot path latency:         134.273ms [min=134.273ms, max=186.417ms, average=160.025ms, deviation=19.6189ms]
  hot path drops:           0 [min=0, max=0, average=0, deviation=0]
  behavior planner period:  100.005ms [min=100.002ms, max=100.007ms, average=100.004ms, deviation=0.00209655ms]
----------------------------------------------------------

----------------------------------------------------------
sample path: (IntersectionOutput) 
  order timepoint           sequence nr.                  node name     dropped samples
latency

Statistics:
  latency:                  137.608ms [min=60.8678ms, max=156.215ms, average=103.233ms, deviation=27.6541ms]
----------------------------------------------------------

----------------------------------------------------------
sample path: (IntersectionOutput) 
  order timepoint           sequence nr.                  node name     dropped samples
latency

Statistics:
  latency:                  112.722ms [min=60.8678ms, max=156.215ms, average=103.76ms, deviation=26.9215ms]
----------------------------------------------------------

----------------------------------------------------------
sample path: (VehicleDBWSystem) 
  order timepoint           sequence nr.                  node name     dropped samples
bp period
latency

Statistics:
  latency:                  373.411ms [min=312.707ms, max=503.741ms, average=407.478ms, deviation=67.1119ms]
hotpath
  hot path:                 FrontLidarDriver/RearLidarDriver -> ObjectCollisionEstimator
  hot path latency:         95.0925ms [min=95.0925ms, max=186.417ms, average=150.749ms, deviation=30.3821ms]
  hot path drops:           0 [min=0, max=0, average=0, deviation=0]
  behavior planner period:  100.007ms [min=100.002ms, max=100.007ms, average=100.005ms, deviation=0.00218108ms]
----------------------------------------------------------

----------------------------------------------------------
sample path: (IntersectionOutput) 
  order timepoint           sequence nr.                  node name     dropped samples
latency

Statistics:
  latency:                  88.6677ms [min=60.8678ms, max=156.215ms, average=102.966ms, deviation=26.3911ms]
----------------------------------------------------------

----------------------------------------------------------
sample path: (IntersectionOutput) 
  order timepoint           sequence nr.                  node name     dropped samples
latency

Statistics:
  latency:                  105.011ms [min=60.8678ms, max=156.215ms, average=103.068ms, deviation=25.6913ms]
----------------------------------------------------------

----------------------------------------------------------
sample path: (VehicleDBWSystem) 
  order timepoint           sequence nr.                  node name     dropped samples
bp period
latency

Statistics:
  latency:                  348.432ms [min=312.707ms, max=503.741ms, average=400.917ms, deviation=65.7904ms]
hotpath
  hot path:                 FrontLidarDriver/RearLidarDriver -> ObjectCollisionEstimator
  hot path latency:         79.3857ms [min=79.3857ms, max=186.417ms, average=141.829ms, deviation=37.7862ms]
  hot path drops:           0 [min=0, max=0, average=0, deviation=0]
  behavior planner period:  100.002ms [min=100.002ms, max=100.007ms, average=100.005ms, deviation=0.00223793ms]
----------------------------------------------------------

----------------------------------------------------------
sample path: (IntersectionOutput) 
  order timepoint           sequence nr.                  node name     dropped samples
latency

Statistics:
  latency:                  88.9036ms [min=60.8678ms, max=156.215ms, average=102.394ms, deviation=25.2308ms]
----------------------------------------------------------

----------------------------------------------------------
sample path: (IntersectionOutput) 
  order timepoint           sequence nr.                  node name     dropped samples
latency

Statistics:
  latency:                  85.0467ms [min=60.8678ms, max=156.215ms, average=101.605ms, deviation=24.899ms]
----------------------------------------------------------

----------------------------------------------------------
sample path: (VehicleDBWSystem) 
  order timepoint           sequence nr.                  node name     dropped samples
bp period
latency

Statistics:
  latency:                  391.79ms [min=312.707ms, max=503.741ms, average=400.004ms, deviation=62.0949ms]
hotpath
  hot path:                 FrontLidarDriver/RearLidarDriver -> ObjectCollisionEstimator
  hot path latency:         82.098ms [min=79.3857ms, max=186.417ms, average=135.192ms, deviation=40.5677ms]
  hot path drops:           0 [min=0, max=0, average=0, deviation=0]
  behavior planner period:  100.005ms [min=100.002ms, max=100.007ms, average=100.005ms, deviation=0.00210681ms]
----------------------------------------------------------

----------------------------------------------------------
sample path: (IntersectionOutput) 
  order timepoint           sequence nr.                  node name     dropped samples
latency

Statistics:
  latency:                  126.27ms [min=60.8678ms, max=156.215ms, average=102.678ms, deviation=24.8642ms]
----------------------------------------------------------

----------------------------------------------------------
sample path: (IntersectionOutput) 
  order timepoint           sequence nr.                  node name     dropped samples
latency

Statistics:
  latency:                  118.142ms [min=60.8678ms, max=156.215ms, average=103.322ms, deviation=24.5217ms]
----------------------------------------------------------

----------------------------------------------------------
sample path: (VehicleDBWSystem) 
  order timepoint           sequence nr.                  node name     dropped samples
bp period
latency

Statistics:
  latency:                  431.397ms [min=312.707ms, max=503.741ms, average=402.858ms, deviation=59.664ms]
hotpath
  hot path:                 FrontLidarDriver/RearLidarDriver -> ObjectCollisionEstimator
  hot path latency:         82.0057ms [min=79.3857ms, max=186.417ms, average=129.873ms, deviation=41.7822ms]
  hot path drops:           0 [min=0, max=0, average=0, deviation=0]
  behavior planner period:  100.003ms [min=100.002ms, max=100.007ms, average=100.004ms, deviation=0.00202031ms]
----------------------------------------------------------

----------------------------------------------------------
sample path: (IntersectionOutput) 
  order timepoint           sequence nr.                  node name     dropped samples
latency

Statistics:
  latency:                  128.597ms [min=60.8678ms, max=156.215ms, average=104.333ms, deviation=24.5318ms]
----------------------------------------------------------

----------------------------------------------------------
sample path: (IntersectionOutput) 
  order timepoint           sequence nr.                  node name     dropped samples
latency

Statistics:
  latency:                  153.046ms [min=60.8678ms, max=156.215ms, average=106.207ms, deviation=25.8652ms]
----------------------------------------------------------

----------------------------------------------------------
sample path: (VehicleDBWSystem) 
  order timepoint           sequence nr.                  node name     dropped samples
bp period
latency

Statistics:
  latency:                  368.24ms [min=312.707ms, max=503.741ms, average=399.973ms, deviation=57.7585ms]
hotpath
  hot path:                 FrontLidarDriver/RearLidarDriver -> ObjectCollisionEstimator
  hot path latency:         87.2777ms [min=79.3857ms, max=186.417ms, average=126.001ms, deviation=41.6668ms]
  hot path drops:           0 [min=0, max=0, average=0, deviation=0]
  behavior planner period:  100.007ms [min=100.002ms, max=100.007ms, average=100.005ms, deviation=0.00207649ms]
----------------------------------------------------------

----------------------------------------------------------
sample path: (IntersectionOutput) 
  order timepoint           sequence nr.                  node name     dropped samples
latency

Statistics:
  latency:                  114.203ms [min=60.8678ms, max=156.215ms, average=106.503ms, deviation=25.4095ms]
----------------------------------------------------------

----------------------------------------------------------
sample path: (IntersectionOutput) 
  order timepoint           sequence nr.                  node name     dropped samples
latency

Statistics:
  latency:                  77.8999ms [min=60.8678ms, max=156.215ms, average=105.481ms, deviation=25.5137ms]
----------------------------------------------------------

----------------------------------------------------------
sample path: (IntersectionOutput) 
  order timepoint           sequence nr.                  node name     dropped samples
latency

Statistics:
  latency:                  130.254ms [min=60.8678ms, max=156.215ms, average=106.336ms, deviation=25.4728ms]
----------------------------------------------------------

----------------------------------------------------------
sample path: (VehicleDBWSystem) 
  order timepoint           sequence nr.                  node name     dropped samples
bp period
latency

Statistics:
  latency:                  523.447ms [min=312.707ms, max=523.447ms, average=409.471ms, deviation=65.0445ms]
hotpath
  hot path:                 FrontLidarDriver/RearLidarDriver -> ObjectCollisionEstimator
  hot path latency:         71.3133ms [min=71.3133ms, max=186.417ms, average=121.444ms, deviation=42.7495ms]
  hot path drops:           0 [min=0, max=0, average=0, deviation=0]
  behavior planner period:  100ms [min=100ms, max=100.007ms, average=100.004ms, deviation=0.00235088ms]
----------------------------------------------------------

----------------------------------------------------------
sample path: (IntersectionOutput) 
  order timepoint           sequence nr.                  node name     dropped samples
latency

Statistics:
  latency:                  126.978ms [min=60.8678ms, max=156.215ms, average=107.024ms, deviation=25.3119ms]
----------------------------------------------------------

----------------------------------------------------------
sample path: (IntersectionOutput) 
  order timepoint           sequence nr.                  node name     dropped samples
latency

Statistics:
  latency:                  102.999ms [min=60.8678ms, max=156.215ms, average=106.894ms, deviation=24.897ms]
----------------------------------------------------------

----------------------------------------------------------
sample path: (VehicleDBWSystem) 
  order timepoint           sequence nr.                  node name     dropped samples
bp period
latency

Statistics:
  latency:                  405.341ms [min=312.707ms, max=523.447ms, average=409.176ms, deviation=62.5025ms]
  behavior planner period:  100.006ms [min=100ms, max=100.007ms, average=100.004ms, deviation=0.0022743ms]
----------------------------------------------------------

----------------------------------------------------------
sample path: (IntersectionOutput) 
  order timepoint           sequence nr.                  node name     dropped samples
latency

Statistics:
  latency:                  132.865ms [min=60.8678ms, max=156.215ms, average=107.705ms, deviation=24.9187ms]
----------------------------------------------------------

----------------------------------------------------------
sample path: (IntersectionOutput) 
  order timepoint           sequence nr.                  node name     dropped samples
latency

Statistics:
  latency:                  132.344ms [min=60.8678ms, max=156.215ms, average=108.452ms, deviation=24.8985ms]
----------------------------------------------------------

----------------------------------------------------------
sample path: (VehicleDBWSystem) 
  order timepoint           sequence nr.                  node name     dropped samples
bp period
latency

Statistics:
  latency:                  437.182ms [min=312.707ms, max=523.447ms, average=411.043ms, deviation=60.6614ms]
  behavior planner period:  100.007ms [min=100ms, max=100.007ms, average=100.005ms, deviation=0.00229164ms]
----------------------------------------------------------

----------------------------------------------------------
sample path: (IntersectionOutput) 
  order timepoint           sequence nr.                  node name     dropped samples
latency

Statistics:
  latency:                  132.003ms [min=60.8678ms, max=156.215ms, average=109.145ms, deviation=24.8488ms]
----------------------------------------------------------

----------------------------------------------------------
sample path: (IntersectionOutput) 
  order timepoint           sequence nr.                  node name     dropped samples
latency

Statistics:
  latency:                  121.075ms [min=60.8678ms, max=156.215ms, average=109.486ms, deviation=24.5635ms]
----------------------------------------------------------

----------------------------------------------------------
sample path: (IntersectionOutput) 
  order timepoint           sequence nr.                  node name     dropped samples
latency

Statistics:
  latency:                  106.65ms [min=60.8678ms, max=156.215ms, average=109.407ms, deviation=24.2147ms]
----------------------------------------------------------

----------------------------------------------------------
sample path: (VehicleDBWSystem) 
  order timepoint           sequence nr.                  node name     dropped samples
bp period
latency

Statistics:
  latency:                  366.476ms [min=312.707ms, max=523.447ms, average=408.258ms, deviation=59.6542ms]
hotpath
  hot path:                 FrontLidarDriver/RearLidarDriver -> ObjectCollisionEstimator
  hot path latency:         71.3173ms [min=71.3133ms, max=186.417ms, average=117.588ms, deviation=43.2263ms]
  hot path drops:           0 [min=0, max=0, average=0, deviation=0]
  behavior planner period:  100.002ms [min=100ms, max=100.007ms, average=100.004ms, deviation=0.00228675ms]
----------------------------------------------------------

----------------------------------------------------------
sample path: (IntersectionOutput) 
  order timepoint           sequence nr.                  node name     dropped samples
latency

Statistics:
  latency:                  130.274ms [min=60.8678ms, max=156.215ms, average=109.971ms, deviation=24.1212ms]
----------------------------------------------------------

----------------------------------------------------------
sample path: (IntersectionOutput) 
  order timepoint           sequence nr.                  node name     dropped samples
latency

Statistics:
  latency:                  113.949ms [min=60.8678ms, max=156.215ms, average=110.075ms, deviation=23.8018ms]
----------------------------------------------------------

----------------------------------------------------------
sample path: (IntersectionOutput) 
  order timepoint           sequence nr.                  node name     dropped samples
latency

Statistics:
  latency:                  126.348ms [min=60.8678ms, max=156.215ms, average=110.493ms, deviation=23.6306ms]
----------------------------------------------------------

----------------------------------------------------------
sample path: (VehicleDBWSystem) 
  order timepoint           sequence nr.                  node name     dropped samples
bp period
latency

Statistics:
  latency:                  401.664ms [min=312.707ms, max=523.447ms, average=407.87ms, deviation=57.7821ms]
  behavior planner period:  100.006ms [min=100ms, max=100.007ms, average=100.005ms, deviation=0.00225727ms]
----------------------------------------------------------

----------------------------------------------------------
sample path: (IntersectionOutput) 
  order timepoint           sequence nr.                  node name     dropped samples
latency

Statistics:
  latency:                  114.441ms [min=60.8678ms, max=156.215ms, average=110.591ms, deviation=23.334ms]
----------------------------------------------------------

----------------------------------------------------------
sample path: (IntersectionOutput) 
  order timepoint           sequence nr.                  node name     dropped samples
latency

Statistics:
  latency:                  92.4336ms [min=60.8678ms, max=156.215ms, average=110.149ms, deviation=23.2143ms]
----------------------------------------------------------

----------------------------------------------------------
sample path: (VehicleDBWSystem) 
  order timepoint           sequence nr.                  node name     dropped samples
bp period
latency

Statistics:
  latency:                  445.4ms [min=312.707ms, max=523.447ms, average=409.955ms, deviation=56.7505ms]
hotpath
  hot path:                 FrontLidarDriver/RearLidarDriver -> ObjectCollisionEstimator
  hot path latency:         81.7933ms [min=71.3133ms, max=186.417ms, average=115.031ms, deviation=42.618ms]
  hot path drops:           0 [min=0, max=0, average=0, deviation=0]
  behavior planner period:  100.004ms [min=100ms, max=100.007ms, average=100.005ms, deviation=0.00218984ms]
----------------------------------------------------------

----------------------------------------------------------
sample path: (IntersectionOutput) 
  order timepoint           sequence nr.                  node name     dropped samples
latency

Statistics:
  latency:                  128.088ms [min=60.8678ms, max=156.215ms, average=110.576ms, deviation=23.096ms]
----------------------------------------------------------

----------------------------------------------------------
sample path: (IntersectionOutput) 
  order timepoint           sequence nr.                  node name     dropped samples
latency

Statistics:
  latency:                  124.955ms [min=60.8678ms, max=156.215ms, average=110.91ms, deviation=22.9245ms]
----------------------------------------------------------

----------------------------------------------------------
sample path: (VehicleDBWSystem) 
  order timepoint           sequence nr.                  node name     dropped samples
bp period
latency

Statistics:
  latency:                  395.518ms [min=312.707ms, max=523.447ms, average=409.195ms, deviation=55.251ms]
hotpath
  hot path:                 FrontLidarDriver/RearLidarDriver -> ObjectCollisionEstimator
  hot path latency:         71.5637ms [min=71.3133ms, max=186.417ms, average=112.133ms, deviation=42.5737ms]
  hot path drops:           0 [min=0, max=0, average=0, deviation=0]
  behavior planner period:  100.004ms [min=100ms, max=100.007ms, average=100.004ms, deviation=0.00213828ms]
----------------------------------------------------------

----------------------------------------------------------
sample path: (IntersectionOutput) 
  order timepoint           sequence nr.                  node name     dropped samples
latency

Statistics:
  latency:                  129.144ms [min=60.8678ms, max=156.215ms, average=111.324ms, deviation=22.8225ms]
----------------------------------------------------------

----------------------------------------------------------
sample path: (IntersectionOutput) 
  order timepoint           sequence nr.                  node name     dropped samples
latency

Statistics:
  latency:                  122.364ms [min=60.8678ms, max=156.215ms, average=111.57ms, deviation=22.6216ms]
----------------------------------------------------------

----------------------------------------------------------
sample path: (IntersectionOutput) 
  order timepoint           sequence nr.                  node name     dropped samples
latency

Statistics:
  latency:                  112.785ms [min=60.8678ms, max=156.215ms, average=111.596ms, deviation=22.3696ms]
----------------------------------------------------------

----------------------------------------------------------
sample path: (VehicleDBWSystem) 
  order timepoint           sequence nr.                  node name     dropped samples
bp period
latency

Statistics:
  latency:                  459.116ms [min=312.707ms, max=523.447ms, average=411.691ms, deviation=54.9237ms]
hotpath
  hot path:                 FrontLidarDriver/RearLidarDriver -> ObjectCollisionEstimator
  hot path latency:         69.9111ms [min=69.9111ms, max=186.417ms, average=109.494ms, deviation=42.463ms]
  hot path drops:           0 [min=0, max=0, average=0, deviation=0]
  behavior planner period:  100.005ms [min=100ms, max=100.007ms, average=100.005ms, deviation=0.00207869ms]
----------------------------------------------------------

----------------------------------------------------------
sample path: (IntersectionOutput) 
  order timepoint           sequence nr.                  node name     dropped samples
latency

Statistics:
  latency:                  143.86ms [min=60.8678ms, max=156.215ms, average=112.283ms, deviation=22.62ms]
----------------------------------------------------------

----------------------------------------------------------
sample path: (IntersectionOutput) 
  order timepoint           sequence nr.                  node name     dropped samples
latency

Statistics:
  latency:                  131.118ms [min=60.8678ms, max=156.215ms, average=112.675ms, deviation=22.5426ms]
----------------------------------------------------------

----------------------------------------------------------
sample path: (VehicleDBWSystem) 
  order timepoint           sequence nr.                  node name     dropped samples
bp period
latency

Statistics:
  latency:                  370.922ms [min=312.707ms, max=523.447ms, average=409.75ms, deviation=54.2672ms]
  behavior planner period:  100.006ms [min=100ms, max=100.007ms, average=100.005ms, deviation=0.00204786ms]
----------------------------------------------------------

----------------------------------------------------------
sample path: (IntersectionOutput) 
  order timepoint           sequence nr.                  node name     dropped samples
latency

Statistics:
  latency:                  123.937ms [min=60.8678ms, max=156.215ms, average=112.905ms, deviation=22.3645ms]
----------------------------------------------------------

----------------------------------------------------------
sample path: (IntersectionOutput) 
  order timepoint           sequence nr.                  node name     dropped samples
latency

Statistics:
  latency:                  99.383ms [min=60.8678ms, max=156.215ms, average=112.634ms, deviation=22.2176ms]
----------------------------------------------------------

----------------------------------------------------------
sample path: (IntersectionOutput) 
  order timepoint           sequence nr.                  node name     dropped samples
latency

Statistics:
  latency:                  88.8214ms [min=60.8678ms, max=156.215ms, average=112.168ms, deviation=22.2456ms]
----------------------------------------------------------

----------------------------------------------------------
sample path: (VehicleDBWSystem) 
  order timepoint           sequence nr.                  node name     dropped samples
bp period
latency

Statistics:
  latency:                  385.899ms [min=312.707ms, max=523.447ms, average=408.666ms, deviation=53.2029ms]
hotpath
  hot path:                 FrontLidarDriver/RearLidarDriver -> ObjectCollisionEstimator
  hot path latency:         75.2301ms [min=69.9111ms, max=186.417ms, average=107.479ms, deviation=41.9461ms]
  hot path drops:           0 [min=0, max=0, average=0, deviation=0]
  behavior planner period:  100.005ms [min=100ms, max=100.007ms, average=100.005ms, deviation=0.0020045ms]
----------------------------------------------------------

----------------------------------------------------------
sample path: (IntersectionOutput) 
  order timepoint           sequence nr.                  node name     dropped samples
latency

Statistics:
  latency:                  125.051ms [min=60.8678ms, max=156.215ms, average=112.415ms, deviation=22.0988ms]
----------------------------------------------------------

----------------------------------------------------------
sample path: (IntersectionOutput) 
  order timepoint           sequence nr.                  node name     dropped samples
latency

Statistics:
  latency:                  128.604ms [min=60.8678ms, max=156.215ms, average=112.721ms, deviation=21.998ms]
----------------------------------------------------------

----------------------------------------------------------
sample path: (VehicleDBWSystem) 
  order timepoint           sequence nr.                  node name     dropped samples
bp period
latency

Statistics:
  latency:                  393.823ms [min=312.707ms, max=523.447ms, average=408.02ms, deviation=52.0718ms]
hotpath
  hot path:                 FrontLidarDriver/RearLidarDriver -> ObjectCollisionEstimator
  hot path latency:         71.9701ms [min=69.9111ms, max=186.417ms, average=105.506ms, deviation=41.5454ms]
  hot path drops:           0 [min=0, max=0, average=0, deviation=0]
  behavior planner period:  100.005ms [min=100ms, max=100.007ms, average=100.005ms, deviation=0.00195632ms]
----------------------------------------------------------

----------------------------------------------------------
sample path: (IntersectionOutput) 
  order timepoint           sequence nr.                  node name     dropped samples
latency

Statistics:
  latency:                  133.362ms [min=60.8678ms, max=156.215ms, average=113.103ms, deviation=21.9697ms]
----------------------------------------------------------

----------------------------------------------------------
sample path: (IntersectionOutput) 
  order timepoint           sequence nr.                  node name     dropped samples
latency

Statistics:
  latency:                  130.697ms [min=60.8678ms, max=156.215ms, average=113.423ms, deviation=21.8943ms]
----------------------------------------------------------

----------------------------------------------------------
sample path: (IntersectionOutput) 
  order timepoint           sequence nr.                  node name     dropped samples
latency

Statistics:
  latency:                  156.634ms [min=60.8678ms, max=156.634ms, average=114.194ms, deviation=22.4496ms]
----------------------------------------------------------

----------------------------------------------------------
sample path: (VehicleDBWSystem) 
  order timepoint           sequence nr.                  node name     dropped samples
bp period
latency

Statistics:
  latency:                  378.825ms [min=312.707ms, max=523.447ms, average=406.804ms, deviation=51.2747ms]
hotpath
  hot path:                 FrontLidarDriver/RearLidarDriver -> ObjectCollisionEstimator
  hot path latency:         71.296ms [min=69.9111ms, max=186.417ms, average=103.706ms, deviation=41.1306ms]
  hot path drops:           0 [min=0, max=0, average=0, deviation=0]
  behavior planner period:  100.004ms [min=100ms, max=100.007ms, average=100.005ms, deviation=0.00192158ms]
----------------------------------------------------------

----------------------------------------------------------
sample path: (IntersectionOutput) 
  order timepoint           sequence nr.                  node name     dropped samples
latency

Statistics:
  latency:                  132.513ms [min=60.8678ms, max=156.634ms, average=114.516ms, deviation=22.3802ms]
----------------------------------------------------------

----------------------------------------------------------
sample path: (IntersectionOutput) 
  order timepoint           sequence nr.                  node name     dropped samples
latency

Statistics:
  latency:                  84.0228ms [min=60.8678ms, max=156.634ms, average=113.99ms, deviation=22.5415ms]
----------------------------------------------------------

----------------------------------------------------------
sample path: (IntersectionOutput) 
  order timepoint           sequence nr.                  node name     dropped samples
latency

Statistics:
  latency:                  128.98ms [min=60.8678ms, max=156.634ms, average=114.244ms, deviation=22.4314ms]
----------------------------------------------------------

----------------------------------------------------------
sample path: (VehicleDBWSystem) 
  order timepoint           sequence nr.                  node name     dropped samples
bp period
latency

Statistics:
  latency:                  419.108ms [min=312.707ms, max=523.447ms, average=407.296ms, deviation=50.2554ms]
hotpath
  hot path:                 FrontLidarDriver/RearLidarDriver -> ObjectCollisionEstimator
  hot path latency:         69.8783ms [min=69.8783ms, max=186.417ms, average=102.014ms, deviation=40.7419ms]
  hot path drops:           0 [min=0, max=0, average=0, deviation=0]
  behavior planner period:  100.007ms [min=100ms, max=100.007ms, average=100.005ms, deviation=0.00196087ms]
----------------------------------------------------------

----------------------------------------------------------
sample path: (IntersectionOutput) 
  order timepoint           sequence nr.                  node name     dropped samples
latency

Statistics:
  latency:                  123.018ms [min=60.8678ms, max=156.634ms, average=114.39ms, deviation=22.2693ms]
----------------------------------------------------------

----------------------------------------------------------
sample path: (IntersectionOutput) 
  order timepoint           sequence nr.                  node name     dropped samples
latency

Statistics:
  latency:                  82.9848ms [min=60.8678ms, max=156.634ms, average=113.876ms, deviation=22.446ms]
----------------------------------------------------------

----------------------------------------------------------
sample path: (VehicleDBWSystem) 
  order timepoint           sequence nr.                  node name     dropped samples
bp period
latency

Statistics:
  latency:                  393.505ms [min=312.707ms, max=523.447ms, average=406.766ms, deviation=49.3142ms]
  behavior planner period:  100.004ms [min=100ms, max=100.007ms, average=100.005ms, deviation=0.0019243ms]
----------------------------------------------------------

----------------------------------------------------------
sample path: (IntersectionOutput) 
  order timepoint           sequence nr.                  node name     dropped samples
latency

Statistics:
  latency:                  111.395ms [min=60.8678ms, max=156.634ms, average=113.836ms, deviation=22.2635ms]
----------------------------------------------------------

----------------------------------------------------------
sample path: (IntersectionOutput) 
  order timepoint           sequence nr.                  node name     dropped samples
latency

Statistics:
  latency:                  121.041ms [min=60.8678ms, max=156.634ms, average=113.95ms, deviation=22.1019ms]
----------------------------------------------------------

----------------------------------------------------------
sample path: (VehicleDBWSystem) 
  order timepoint           sequence nr.                  node name     dropped samples
bp period
latency

Statistics:
  latency:                  384.405ms [min=312.707ms, max=523.447ms, average=405.938ms, deviation=48.5477ms]
hotpath
  hot path:                 FrontLidarDriver/RearLidarDriver -> ObjectCollisionEstimator
  hot path latency:         58.5867ms [min=58.5867ms, max=186.417ms, average=99.9462ms, deviation=40.8254ms]
  hot path drops:           0 [min=0, max=0, average=0, deviation=0]
  behavior planner period:  100.008ms [min=100ms, max=100.008ms, average=100.005ms, deviation=0.00197531ms]
----------------------------------------------------------

----------------------------------------------------------
sample path: (IntersectionOutput) 
  order timepoint           sequence nr.                  node name     dropped samples
latency

Statistics:
  latency:                  133.193ms [min=60.8678ms, max=156.634ms, average=114.251ms, deviation=22.0573ms]
----------------------------------------------------------

----------------------------------------------------------
sample path: (IntersectionOutput) 
  order timepoint           sequence nr.                  node name     dropped samples
latency

Statistics:
  latency:                  139.398ms [min=60.8678ms, max=156.634ms, average=114.638ms, deviation=22.1055ms]
----------------------------------------------------------

----------------------------------------------------------
sample path: (IntersectionOutput) 
  order timepoint           sequence nr.                  node name     dropped samples
latency

Statistics:
  latency:                  159.162ms [min=60.8678ms, max=159.162ms, average=115.312ms, deviation=22.6091ms]
----------------------------------------------------------

----------------------------------------------------------
sample path: (VehicleDBWSystem) 
  order timepoint           sequence nr.                  node name     dropped samples
bp period
latency

Statistics:
  latency:                  474.854ms [min=312.707ms, max=523.447ms, average=408.399ms, deviation=49.3884ms]
hotpath
  hot path:                 FrontLidarDriver/RearLidarDriver -> ObjectCollisionEstimator
  hot path latency:         71.8485ms [min=58.5867ms, max=186.417ms, average=98.669ms, deviation=40.2894ms]
  hot path drops:           0 [min=0, max=0, average=0, deviation=0]
  behavior planner period:  100.001ms [min=100ms, max=100.008ms, average=100.005ms, deviation=0.00208873ms]
----------------------------------------------------------

----------------------------------------------------------
sample path: (IntersectionOutput) 
  order timepoint           sequence nr.                  node name     dropped samples
latency

Statistics:
  latency:                  215.166ms [min=60.8678ms, max=215.166ms, average=116.802ms, deviation=25.5391ms]
----------------------------------------------------------

----------------------------------------------------------
sample path: (IntersectionOutput) 
  order timepoint           sequence nr.                  node name     dropped samples
latency

Statistics:
  latency:                  265.631ms [min=60.8678ms, max=265.631ms, average=118.991ms, deviation=31.1166ms]
----------------------------------------------------------

----------------------------------------------------------
sample path: (IntersectionOutput) 
  order timepoint           sequence nr.                  node name     dropped samples
latency

Statistics:
  latency:                  279.919ms [min=60.8678ms, max=279.919ms, average=121.323ms, deviation=36.4601ms]
----------------------------------------------------------

----------------------------------------------------------
sample path: (VehicleDBWSystem) 
  order timepoint           sequence nr.                  node name     dropped samples
bp period
latency

Statistics:
  latency:                  674.906ms [min=312.707ms, max=674.906ms, average=417.589ms, deviation=69.2911ms]
  behavior planner period:  100.06ms [min=100ms, max=100.06ms, average=100.007ms, deviation=0.0106852ms]
----------------------------------------------------------

----------------------------------------------------------
sample path: (IntersectionOutput) 
  order timepoint           sequence nr.                  node name     dropped samples
latency

Statistics:
  latency:                  187.925ms [min=60.8678ms, max=279.919ms, average=122.275ms, deviation=37.0599ms]
----------------------------------------------------------

----------------------------------------------------------
sample path: (IntersectionOutput) 
  order timepoint           sequence nr.                  node name     dropped samples
latency

Statistics:
  latency:                  101.724ms [min=60.8678ms, max=279.919ms, average=121.985ms, deviation=36.875ms]
----------------------------------------------------------

----------------------------------------------------------
sample path: (VehicleDBWSystem) 
  order timepoint           sequence nr.                  node name     dropped samples
bp period
latency

Statistics:
  latency:                  638.583ms [min=312.707ms, max=674.906ms, average=424.955ms, deviation=79.1432ms]
hotpath
  hot path:                 FrontLidarDriver/RearLidarDriver -> ObjectCollisionEstimator
  hot path latency:         226.16ms [min=58.5867ms, max=226.16ms, average=104.212ms, deviation=47.4989ms]
  hot path drops:           0 [min=0, max=0, average=0, deviation=0]
  behavior planner period:  99.9264ms [min=99.9264ms, max=100.06ms, average=100.004ms, deviation=0.018225ms]
----------------------------------------------------------

----------------------------------------------------------
sample path: (IntersectionOutput) 
  order timepoint           sequence nr.                  node name     dropped samples
latency

Statistics:
  latency:                  115.043ms [min=60.8678ms, max=279.919ms, average=121.889ms, deviation=36.6235ms]
----------------------------------------------------------

----------------------------------------------------------
sample path: (IntersectionOutput) 
  order timepoint           sequence nr.                  node name     dropped samples
latency

Statistics:
  latency:                  120.812ms [min=60.8678ms, max=279.919ms, average=121.874ms, deviation=36.3685ms]
----------------------------------------------------------

----------------------------------------------------------
sample path: (VehicleDBWSystem) 
  order timepoint           sequence nr.                  node name     dropped samples
bp period
latency

Statistics:
  latency:                  466.424ms [min=312.707ms, max=674.906ms, average=426.293ms, deviation=78.1686ms]
hotpath
  hot path:                 FrontLidarDriver/RearLidarDriver -> ObjectCollisionEstimator
  hot path latency:         179.056ms [min=58.5867ms, max=226.16ms, average=107.331ms, deviation=48.9025ms]
  hot path drops:           0 [min=0, max=0, average=0, deviation=0]
  behavior planner period:  99.9967ms [min=99.9264ms, max=100.06ms, average=100.004ms, deviation=0.0179552ms]
----------------------------------------------------------

----------------------------------------------------------
sample path: (IntersectionOutput) 
  order timepoint           sequence nr.                  node name     dropped samples
latency

Statistics:
  latency:                  104.473ms [min=60.8678ms, max=279.919ms, average=121.639ms, deviation=36.1752ms]
----------------------------------------------------------

----------------------------------------------------------
sample path: (IntersectionOutput) 
  order timepoint           sequence nr.                  node name     dropped samples
latency

Statistics:
  latency:                  106.612ms [min=60.8678ms, max=279.919ms, average=121.439ms, deviation=35.9718ms]
----------------------------------------------------------

----------------------------------------------------------
sample path: (VehicleDBWSystem) 
  order timepoint           sequence nr.                  node name     dropped samples
bp period
latency

Statistics:
  latency:                  371.223ms [min=312.707ms, max=674.906ms, average=424.572ms, deviation=77.5113ms]
hotpath
  hot path:                 FrontLidarDriver/RearLidarDriver -> ObjectCollisionEstimator
  hot path latency:         158.854ms [min=58.5867ms, max=226.16ms, average=109.392ms, deviation=48.9694ms]
  hot path drops:           0 [min=0, max=0, average=0, deviation=0]
  behavior planner period:  100.005ms [min=99.9264ms, max=100.06ms, average=100.004ms, deviation=0.0176561ms]
----------------------------------------------------------

