----------------------------------------------------------
sample path: (VehicleDBWSystem) 
  order timepoint           sequence nr.                  node name     dropped samples
latency

Statistics:
  latency:                  292.721ms [min=292.721ms, max=292.721ms, average=292.721ms, deviation=-nanms]
hotpath
  hot path:                 FrontLidarDriver/RearLidarDriver -> ObjectCollisionEstimator
  hot path latency:         83.535ms [min=83.535ms, max=83.535ms, average=83.535ms, deviation=-nanms]
  hot path drops:           0 [min=0, max=0, average=0, deviation=-nan]
  behavior planner period:  0ms [min=1.84467e+13ms, max=0ms, average=0ms, deviation=0ms]
----------------------------------------------------------

----------------------------------------------------------
sample path: (IntersectionOutput) 
  order timepoint           sequence nr.                  node name     dropped samples
latency

Statistics:
  latency:                  65.5878ms [min=65.5878ms, max=65.5878ms, average=65.5878ms, deviation=-nanms]
----------------------------------------------------------

----------------------------------------------------------
sample path: (VehicleDBWSystem) 
  order timepoint           sequence nr.                  node name     dropped samples
bp period
latency

Statistics:
  latency:                  320.765ms [min=292.721ms, max=320.765ms, average=306.743ms, deviation=19.8301ms]
hotpath
  hot path:                 FrontLidarDriver/RearLidarDriver -> ObjectCollisionEstimator
  hot path latency:         86.2897ms [min=83.535ms, max=86.2897ms, average=84.9124ms, deviation=1.94789ms]
  hot path drops:           0 [min=0, max=0, average=0, deviation=0]
  behavior planner period:  100.001ms [min=100.001ms, max=100.001ms, average=100.001ms, deviation=-nanms]
----------------------------------------------------------

----------------------------------------------------------
sample path: (IntersectionOutput) 
  order timepoint           sequence nr.                  node name     dropped samples
latency

Statistics:
  latency:                  102.665ms [min=65.5878ms, max=102.665ms, average=84.1263ms, deviation=26.2175ms]
----------------------------------------------------------

----------------------------------------------------------
sample path: (VehicleDBWSystem) 
  order timepoint           sequence nr.                  node name     dropped samples
bp period
latency

Statistics:
  latency:                  332.616ms [min=292.721ms, max=332.616ms, average=315.367ms, deviation=20.4877ms]
  behavior planner period:  100.004ms [min=100.001ms, max=100.004ms, average=100.003ms, deviation=0.00169776ms]
----------------------------------------------------------

----------------------------------------------------------
sample path: (IntersectionOutput) 
  order timepoint           sequence nr.                  node name     dropped samples
latency

Statistics:
  latency:                  84.298ms [min=65.5878ms, max=102.665ms, average=84.1836ms, deviation=18.5389ms]
----------------------------------------------------------

----------------------------------------------------------
sample path: (IntersectionOutput) 
  order timepoint           sequence nr.                  node name     dropped samples
latency

Statistics:
  latency:                  83.9514ms [min=65.5878ms, max=102.665ms, average=84.1255ms, deviation=15.1374ms]
----------------------------------------------------------

----------------------------------------------------------
sample path: (VehicleDBWSystem) 
  order timepoint           sequence nr.                  node name     dropped samples
bp period
latency

Statistics:
  latency:                  402.114ms [min=292.721ms, max=402.114ms, average=337.054ms, deviation=46.4874ms]
hotpath
  hot path:                 FrontLidarDriver/RearLidarDriver -> ObjectCollisionEstimator
  hot path latency:         135.138ms [min=83.535ms, max=135.138ms, average=101.654ms, deviation=29.0306ms]
  hot path drops:           0 [min=0, max=0, average=0, deviation=0]
  behavior planner period:  100.005ms [min=100.001ms, max=100.005ms, average=100.003ms, deviation=0.00178991ms]
----------------------------------------------------------

----------------------------------------------------------
sample path: (IntersectionOutput) 
  order timepoint           sequence nr.                  node name     dropped samples
latency

Statistics:
  latency:                  74.5847ms [min=65.5878ms, max=102.665ms, average=82.2173ms, deviation=13.7862ms]
----------------------------------------------------------

----------------------------------------------------------
sample path: (VehicleDBWSystem) 
  order timepoint           sequence nr.                  node name     dropped samples
bp period
latency

Statistics:
  latency:                  299.647ms [min=292.721ms, max=402.114ms, average=329.573ms, deviation=43.5966ms]
hotpath
  hot path:                 FrontLidarDriver/RearLidarDriver -> ObjectCollisionEstimator
  hot path latency:         76.4998ms [min=76.4998ms, max=135.138ms, average=95.3657ms, deviation=26.8335ms]
  hot path drops:           0 [min=0, max=0, average=0, deviation=0]
  behavior planner period:  99.9967ms [min=99.9967ms, max=100.005ms, average=100.002ms, deviation=0.00363933ms]
----------------------------------------------------------

----------------------------------------------------------
sample path: (IntersectionOutput) 
  order timepoint           sequence nr.                  node name     dropped samples
latency

Statistics:
  latency:                  75.8908ms [min=65.5878ms, max=102.665ms, average=81.1629ms, deviation=12.5984ms]
----------------------------------------------------------

----------------------------------------------------------
sample path: (VehicleDBWSystem) 
  order timepoint           sequence nr.                  node name     dropped samples
bp period
latency

Statistics:
  latency:                  369.244ms [min=292.721ms, max=402.114ms, average=336.184ms, deviation=42.2236ms]
  behavior planner period:  100.001ms [min=99.9967ms, max=100.005ms, average=100.002ms, deviation=0.00317197ms]
----------------------------------------------------------

----------------------------------------------------------
sample path: (IntersectionOutput) 
  order timepoint           sequence nr.                  node name     dropped samples
latency

Statistics:
  latency:                  74.645ms [min=65.5878ms, max=102.665ms, average=80.2318ms, deviation=11.7616ms]
----------------------------------------------------------

----------------------------------------------------------
sample path: (VehicleDBWSystem) 
  order timepoint           sequence nr.                  node name     dropped samples
bp period
latency

Statistics:
  latency:                  362.656ms [min=292.721ms, max=402.114ms, average=339.966ms, deviation=39.8221ms]
hotpath
  hot path:                 FrontLidarDriver/RearLidarDriver -> ObjectCollisionEstimator
  hot path latency:         116.132ms [min=76.4998ms, max=135.138ms, average=99.519ms, deviation=25.0256ms]
  hot path drops:           0 [min=0, max=0, average=0, deviation=0]
  behavior planner period:  100.008ms [min=99.9967ms, max=100.008ms, average=100.003ms, deviation=0.00379106ms]
----------------------------------------------------------

----------------------------------------------------------
sample path: (IntersectionOutput) 
  order timepoint           sequence nr.                  node name     dropped samples
latency

Statistics:
  latency:                  93.3346ms [min=65.5878ms, max=102.665ms, average=81.8696ms, deviation=11.8336ms]
----------------------------------------------------------

----------------------------------------------------------
sample path: (VehicleDBWSystem) 
  order timepoint           sequence nr.                  node name     dropped samples
bp period
latency

Statistics:
  latency:                  392.162ms [min=292.721ms, max=402.114ms, average=346.491ms, deviation=41.2287ms]
hotpath
  hot path:                 FrontLidarDriver/RearLidarDriver -> ObjectCollisionEstimator
  hot path latency:         112.935ms [min=76.4998ms, max=135.138ms, average=101.755ms, deviation=23.0439ms]
  hot path drops:           0 [min=0, max=0, average=0, deviation=0]
  behavior planner period:  99.9942ms [min=99.9942ms, max=100.008ms, average=100.001ms, deviation=0.00468783ms]
----------------------------------------------------------

----------------------------------------------------------
sample path: (IntersectionOutput) 
  order timepoint           sequence nr.                  node name     dropped samples
latency

Statistics:
  latency:                  93.3317ms [min=65.5878ms, max=102.665ms, average=83.1432ms, deviation=11.7101ms]
----------------------------------------------------------

----------------------------------------------------------
sample path: (VehicleDBWSystem) 
  order timepoint           sequence nr.                  node name     dropped samples
bp period
latency

Statistics:
  latency:                  345.427ms [min=292.721ms, max=402.114ms, average=346.372ms, deviation=38.5675ms]
hotpath
  hot path:                 FrontLidarDriver/RearLidarDriver -> ObjectCollisionEstimator
  hot path latency:         78.2164ms [min=76.4998ms, max=135.138ms, average=98.3923ms, deviation=22.8401ms]
  hot path drops:           0 [min=0, max=0, average=0, deviation=0]
  behavior planner period:  100.003ms [min=99.9942ms, max=100.008ms, average=100.002ms, deviation=0.00438357ms]
----------------------------------------------------------

----------------------------------------------------------
sample path: (IntersectionOutput) 
  order timepoint           sequence nr.                  node name     dropped samples
latency

Statistics:
  latency:                  93.252ms [min=65.5878ms, max=102.665ms, average=84.1541ms, deviation=11.4939ms]
----------------------------------------------------------

----------------------------------------------------------
sample path: (VehicleDBWSystem) 
  order timepoint           sequence nr.                  node name     dropped samples
bp period
latency

Statistics:
  latency:                  361.364ms [min=292.721ms, max=402.114ms, average=347.872ms, deviation=36.6695ms]
  behavior planner period:  100ms [min=99.9942ms, max=100.008ms, average=100.001ms, deviation=0.00412974ms]
----------------------------------------------------------

----------------------------------------------------------
sample path: (IntersectionOutput) 
  order timepoint           sequence nr.                  node name     dropped samples
latency

Statistics:
  latency:                  111.835ms [min=65.5878ms, max=111.835ms, average=86.6705ms, deviation=13.7315ms]
----------------------------------------------------------

----------------------------------------------------------
sample path: (VehicleDBWSystem) 
  order timepoint           sequence nr.                  node name     dropped samples
bp period
latency

Statistics:
  latency:                  373.355ms [min=292.721ms, max=402.114ms, average=350.188ms, deviation=35.6262ms]
hotpath
  hot path:                 FrontLidarDriver/RearLidarDriver -> ObjectCollisionEstimator
  hot path latency:         135.559ms [min=76.4998ms, max=135.559ms, average=103.038ms, deviation=24.8961ms]
  hot path drops:           0 [min=0, max=0, average=0, deviation=0]
  behavior planner period:  100.001ms [min=99.9942ms, max=100.008ms, average=100.001ms, deviation=0.00389831ms]
----------------------------------------------------------

----------------------------------------------------------
sample path: (IntersectionOutput) 
  order timepoint           sequence nr.                  node name     dropped samples
latency

Statistics:
  latency:                  93.3464ms [min=65.5878ms, max=111.835ms, average=87.2268ms, deviation=13.2335ms]
----------------------------------------------------------

----------------------------------------------------------
sample path: (VehicleDBWSystem) 
  order timepoint           sequence nr.                  node name     dropped samples
bp period
latency

Statistics:
  latency:                  345.234ms [min=292.721ms, max=402.114ms, average=349.775ms, deviation=33.9983ms]
hotpath
  hot path:                 FrontLidarDriver/RearLidarDriver -> ObjectCollisionEstimator
  hot path latency:         86.2047ms [min=76.4998ms, max=135.559ms, average=101.168ms, deviation=23.9546ms]
  hot path drops:           0 [min=0, max=0, average=0, deviation=0]
  behavior planner period:  100ms [min=99.9942ms, max=100.008ms, average=100.001ms, deviation=0.0037174ms]
----------------------------------------------------------

----------------------------------------------------------
sample path: (IntersectionOutput) 
  order timepoint           sequence nr.                  node name     dropped samples
latency

Statistics:
  latency:                  93.2922ms [min=65.5878ms, max=111.835ms, average=87.6934ms, deviation=12.7813ms]
----------------------------------------------------------

----------------------------------------------------------
sample path: (VehicleDBWSystem) 
  order timepoint           sequence nr.                  node name     dropped samples
bp period
latency

Statistics:
  latency:                  487.903ms [min=292.721ms, max=487.903ms, average=360.401ms, deviation=50.2711ms]
  behavior planner period:  100.004ms [min=99.9942ms, max=100.008ms, average=100.001ms, deviation=0.00362094ms]
----------------------------------------------------------

----------------------------------------------------------
sample path: (IntersectionOutput) 
  order timepoint           sequence nr.                  node name     dropped samples
latency

Statistics:
  latency:                  102.505ms [min=65.5878ms, max=111.835ms, average=88.7513ms, deviation=12.9022ms]
----------------------------------------------------------

----------------------------------------------------------
sample path: (VehicleDBWSystem) 
  order timepoint           sequence nr.                  node name     dropped samples
bp period
latency

Statistics:
  latency:                  447.914ms [min=292.721ms, max=487.903ms, average=366.652ms, deviation=53.6641ms]
hotpath
  hot path:                 FrontLidarDriver/RearLidarDriver -> ObjectCollisionEstimator
  hot path latency:         89.0129ms [min=76.4998ms, max=135.559ms, average=99.9523ms, deviation=22.9094ms]
  hot path drops:           0 [min=0, max=0, average=0, deviation=0]
  behavior planner period:  100.001ms [min=99.9942ms, max=100.008ms, average=100.001ms, deviation=0.00346747ms]
----------------------------------------------------------

----------------------------------------------------------
sample path: (IntersectionOutput) 
  order timepoint           sequence nr.                  node name     dropped samples
latency

Statistics:
  latency:                  102.612ms [min=65.5878ms, max=111.835ms, average=89.6754ms, deviation=12.9377ms]
----------------------------------------------------------

----------------------------------------------------------
sample path: (VehicleDBWSystem) 
  order timepoint           sequence nr.                  node name     dropped samples
bp period
latency

Statistics:
  latency:                  401.208ms [min=292.721ms, max=487.903ms, average=368.955ms, deviation=52.4762ms]
hotpath
  hot path:                 FrontLidarDriver/RearLidarDriver -> ObjectCollisionEstimator
  hot path latency:         91.6332ms [min=76.4998ms, max=135.559ms, average=99.196ms, deviation=21.878ms]
  hot path drops:           0 [min=0, max=0, average=0, deviation=0]
  behavior planner period:  100.003ms [min=99.9942ms, max=100.008ms, average=100.002ms, deviation=0.00337281ms]
----------------------------------------------------------

----------------------------------------------------------
sample path: (IntersectionOutput) 
  order timepoint           sequence nr.                  node name     dropped samples
latency

Statistics:
  latency:                  85.0896ms [min=65.5878ms, max=111.835ms, average=89.3888ms, deviation=12.5514ms]
----------------------------------------------------------

----------------------------------------------------------
sample path: (VehicleDBWSystem) 
  order timepoint           sequence nr.                  node name     dropped samples
bp period
latency

Statistics:
  latency:                  382.764ms [min=292.721ms, max=487.903ms, average=369.818ms, deviation=50.8142ms]
hotpath
  hot path:                 FrontLidarDriver/RearLidarDriver -> ObjectCollisionEstimator
  hot path latency:         141.033ms [min=76.4998ms, max=141.033ms, average=102.682ms, deviation=24.1039ms]
  hot path drops:           0 [min=0, max=0, average=0, deviation=0]
  behavior planner period:  99.9987ms [min=99.9942ms, max=100.008ms, average=100.001ms, deviation=0.00333353ms]
----------------------------------------------------------

----------------------------------------------------------
sample path: (IntersectionOutput) 
  order timepoint           sequence nr.                  node name     dropped samples
latency

Statistics:
  latency:                  76.0995ms [min=65.5878ms, max=111.835ms, average=88.607ms, deviation=12.573ms]
----------------------------------------------------------

----------------------------------------------------------
sample path: (VehicleDBWSystem) 
  order timepoint           sequence nr.                  node name     dropped samples
bp period
latency

Statistics:
  latency:                  389.812ms [min=292.721ms, max=487.903ms, average=370.995ms, deviation=49.439ms]
hotpath
  hot path:                 FrontLidarDriver/RearLidarDriver -> ObjectCollisionEstimator
  hot path latency:         114.444ms [min=76.4998ms, max=141.033ms, average=103.587ms, deviation=23.3071ms]
  hot path drops:           0 [min=0, max=0, average=0, deviation=0]
  behavior planner period:  100.003ms [min=99.9942ms, max=100.008ms, average=100.002ms, deviation=0.0032599ms]
----------------------------------------------------------

----------------------------------------------------------
sample path: (IntersectionOutput) 
  order timepoint           sequence nr.                  node name     dropped samples
latency

Statistics:
  latency:                  102.802ms [min=65.5878ms, max=111.835ms, average=89.3957ms, deviation=12.6482ms]
----------------------------------------------------------

----------------------------------------------------------
sample path: (VehicleDBWSystem) 
  order timepoint           sequence nr.                  node name     dropped samples
bp period
latency

Statistics:
  latency:                  302.125ms [min=292.721ms, max=487.903ms, average=367.168ms, deviation=50.6353ms]
hotpath
  hot path:                 FrontLidarDriver/RearLidarDriver -> ObjectCollisionEstimator
  hot path latency:         113.309ms [min=76.4998ms, max=141.033ms, average=104.282ms, deviation=22.543ms]
  hot path drops:           0 [min=0, max=0, average=0, deviation=0]
  behavior planner period:  100.002ms [min=99.9942ms, max=100.008ms, average=100.002ms, deviation=0.00316154ms]
----------------------------------------------------------

----------------------------------------------------------
sample path: (IntersectionOutput) 
  order timepoint           sequence nr.                  node name     dropped samples
latency

Statistics:
  latency:                  102.811ms [min=65.5878ms, max=111.835ms, average=90.1018ms, deviation=12.6713ms]
----------------------------------------------------------

----------------------------------------------------------
sample path: (IntersectionOutput) 
  order timepoint           sequence nr.                  node name     dropped samples
latency

Statistics:
  latency:                  121.045ms [min=65.5878ms, max=121.045ms, average=91.6489ms, deviation=14.1416ms]
----------------------------------------------------------

----------------------------------------------------------
sample path: (VehicleDBWSystem) 
  order timepoint           sequence nr.                  node name     dropped samples
bp period
latency

Statistics:
  latency:                  326.889ms [min=292.721ms, max=487.903ms, average=365.048ms, deviation=50.0688ms]
hotpath
  hot path:                 FrontLidarDriver/RearLidarDriver -> ObjectCollisionEstimator
  hot path latency:         136.59ms [min=76.4998ms, max=141.033ms, average=106.436ms, deviation=23.2696ms]
  hot path drops:           0 [min=0, max=0, average=0, deviation=0]
  behavior planner period:  99.9996ms [min=99.9942ms, max=100.008ms, average=100.001ms, deviation=0.00310135ms]
----------------------------------------------------------

----------------------------------------------------------
sample path: (IntersectionOutput) 
  order timepoint           sequence nr.                  node name     dropped samples
latency

Statistics:
  latency:                  102.6ms [min=65.5878ms, max=121.045ms, average=92.1704ms, deviation=13.9891ms]
----------------------------------------------------------

----------------------------------------------------------
sample path: (VehicleDBWSystem) 
  order timepoint           sequence nr.                  node name     dropped samples
bp period
latency

Statistics:
  latency:                  364.112ms [min=292.721ms, max=487.903ms, average=365.002ms, deviation=48.7338ms]
hotpath
  hot path:                 FrontLidarDriver/RearLidarDriver -> ObjectCollisionEstimator
  hot path latency:         116.31ms [min=76.4998ms, max=141.033ms, average=107.053ms, deviation=22.6157ms]
  hot path drops:           0 [min=0, max=0, average=0, deviation=0]
  behavior planner period:  100.004ms [min=99.9942ms, max=100.008ms, average=100.002ms, deviation=0.0030751ms]
----------------------------------------------------------

----------------------------------------------------------
sample path: (IntersectionOutput) 
  order timepoint           sequence nr.                  node name     dropped samples
latency

Statistics:
  latency:                  93.3742ms [min=65.5878ms, max=121.045ms, average=92.2251ms, deviation=13.6544ms]
----------------------------------------------------------

----------------------------------------------------------
sample path: (VehicleDBWSystem) 
  order timepoint           sequence nr.                  node name     dropped samples
bp period
latency

Statistics:
  latency:                  341.1ms [min=292.721ms, max=487.903ms, average=363.863ms, deviation=47.7854ms]
hotpath
  hot path:                 FrontLidarDriver/RearLidarDriver -> ObjectCollisionEstimator
  hot path latency:         134.889ms [min=76.4998ms, max=141.033ms, average=108.69ms, deviation=22.9148ms]
  hot path drops:           0 [min=0, max=0, average=0, deviation=0]
  behavior planner period:  99.9967ms [min=99.9942ms, max=100.008ms, average=100.001ms, deviation=0.00318583ms]
----------------------------------------------------------

----------------------------------------------------------
sample path: (IntersectionOutput) 
  order timepoint           sequence nr.                  node name     dropped samples
latency

Statistics:
  latency:                  93.3819ms [min=65.5878ms, max=121.045ms, average=92.2754ms, deviation=13.3426ms]
----------------------------------------------------------

----------------------------------------------------------
sample path: (IntersectionOutput) 
  order timepoint           sequence nr.                  node name     dropped samples
latency

Statistics:
  latency:                  83.9346ms [min=65.5878ms, max=121.045ms, average=91.9279ms, deviation=13.16ms]
----------------------------------------------------------

----------------------------------------------------------
sample path: (VehicleDBWSystem) 
  order timepoint           sequence nr.                  node name     dropped samples
bp period
latency

Statistics:
  latency:                  457.76ms [min=292.721ms, max=487.903ms, average=368.131ms, deviation=50.749ms]
hotpath
  hot path:                 FrontLidarDriver/RearLidarDriver -> ObjectCollisionEstimator
  hot path latency:         135.363ms [min=76.4998ms, max=141.033ms, average=110.172ms, deviation=23.1025ms]
  hot path drops:           0 [min=0, max=0, average=0, deviation=0]
  behavior planner period:  100.011ms [min=99.9942ms, max=100.011ms, average=100.002ms, deviation=0.0037657ms]
----------------------------------------------------------

----------------------------------------------------------
sample path: (IntersectionOutput) 
  order timepoint           sequence nr.                  node name     dropped samples
latency

Statistics:
  latency:                  102.708ms [min=65.5878ms, max=121.045ms, average=92.359ms, deviation=13.062ms]
----------------------------------------------------------

----------------------------------------------------------
sample path: (VehicleDBWSystem) 
  order timepoint           sequence nr.                  node name     dropped samples
bp period
latency

Statistics:
  latency:                  457.806ms [min=292.721ms, max=487.903ms, average=372.03ms, deviation=52.9908ms]
hotpath
  hot path:                 FrontLidarDriver/RearLidarDriver -> ObjectCollisionEstimator
  hot path latency:         84.7404ms [min=76.4998ms, max=141.033ms, average=108.833ms, deviation=23.1973ms]
  hot path drops:           0 [min=0, max=0, average=0, deviation=0]
  behavior planner period:  99.9914ms [min=99.9914ms, max=100.011ms, average=100.001ms, deviation=0.00429219ms]
----------------------------------------------------------

----------------------------------------------------------
sample path: (IntersectionOutput) 
  order timepoint           sequence nr.                  node name     dropped samples
latency

Statistics:
  latency:                  130.534ms [min=65.5878ms, max=130.534ms, average=93.8273ms, deviation=14.8271ms]
----------------------------------------------------------

----------------------------------------------------------
sample path: (VehicleDBWSystem) 
  order timepoint           sequence nr.                  node name     dropped samples
bp period
latency

Statistics:
  latency:                  316.417ms [min=292.721ms, max=487.903ms, average=369.713ms, deviation=53.0547ms]
hotpath
  hot path:                 FrontLidarDriver/RearLidarDriver -> ObjectCollisionEstimator
  hot path latency:         143.682ms [min=76.4998ms, max=143.682ms, average=110.576ms, deviation=23.8854ms]
  hot path drops:           0 [min=0, max=0, average=0, deviation=0]
  behavior planner period:  100.002ms [min=99.9914ms, max=100.011ms, average=100.001ms, deviation=0.00419891ms]
----------------------------------------------------------

----------------------------------------------------------
sample path: (IntersectionOutput) 
  order timepoint           sequence nr.                  node name     dropped samples
latency

Statistics:
  latency:                  84.0492ms [min=65.5878ms, max=130.534ms, average=93.4652ms, deviation=14.6604ms]
----------------------------------------------------------

----------------------------------------------------------
sample path: (VehicleDBWSystem) 
  order timepoint           sequence nr.                  node name     dropped samples
bp period
latency

Statistics:
  latency:                  354.908ms [min=292.721ms, max=487.903ms, average=369.121ms, deviation=52.022ms]
hotpath
  hot path:                 FrontLidarDriver/RearLidarDriver -> ObjectCollisionEstimator
  hot path latency:         134.504ms [min=76.4998ms, max=143.682ms, average=111.715ms, deviation=23.859ms]
  hot path drops:           0 [min=0, max=0, average=0, deviation=0]
  behavior planner period:  99.9994ms [min=99.9914ms, max=100.011ms, average=100.001ms, deviation=0.00412631ms]
----------------------------------------------------------

----------------------------------------------------------
sample path: (IntersectionOutput) 
  order timepoint           sequence nr.                  node name     dropped samples
latency

Statistics:
  latency:                  93.2861ms [min=65.5878ms, max=130.534ms, average=93.4588ms, deviation=14.3864ms]
----------------------------------------------------------

----------------------------------------------------------
sample path: (VehicleDBWSystem) 
  order timepoint           sequence nr.                  node name     dropped samples
bp period
latency

Statistics:
  latency:                  317.447ms [min=292.721ms, max=487.903ms, average=367.133ms, deviation=51.9686ms]
hotpath
  hot path:                 FrontLidarDriver/RearLidarDriver -> ObjectCollisionEstimator
  hot path latency:         67.8144ms [min=67.8144ms, max=143.682ms, average=109.72ms, deviation=25.0948ms]
  hot path drops:           0 [min=0, max=0, average=0, deviation=0]
  behavior planner period:  100.002ms [min=99.9914ms, max=100.011ms, average=100.001ms, deviation=0.00404446ms]
----------------------------------------------------------

----------------------------------------------------------
sample path: (IntersectionOutput) 
  order timepoint           sequence nr.                  node name     dropped samples
latency

Statistics:
  latency:                  93.3235ms [min=65.5878ms, max=130.534ms, average=93.4541ms, deviation=14.1272ms]
----------------------------------------------------------

----------------------------------------------------------
sample path: (IntersectionOutput) 
  order timepoint           sequence nr.                  node name     dropped samples
latency

Statistics:
  latency:                  83.88ms [min=65.5878ms, max=130.534ms, average=93.135ms, deviation=13.9911ms]
----------------------------------------------------------

----------------------------------------------------------
sample path: (VehicleDBWSystem) 
  order timepoint           sequence nr.                  node name     dropped samples
bp period
latency

Statistics:
  latency:                  457.381ms [min=292.721ms, max=487.903ms, average=370.476ms, deviation=53.8378ms]
  behavior planner period:  100.004ms [min=99.9914ms, max=100.011ms, average=100.001ms, deviation=0.00398989ms]
----------------------------------------------------------

----------------------------------------------------------
sample path: (IntersectionOutput) 
  order timepoint           sequence nr.                  node name     dropped samples
latency

Statistics:
  latency:                  102.544ms [min=65.5878ms, max=130.534ms, average=93.4385ms, deviation=13.8594ms]
----------------------------------------------------------

----------------------------------------------------------
sample path: (VehicleDBWSystem) 
  order timepoint           sequence nr.                  node name     dropped samples
bp period
latency

Statistics:
  latency:                  457.256ms [min=292.721ms, max=487.903ms, average=373.575ms, deviation=55.3183ms]
hotpath
  hot path:                 FrontLidarDriver/RearLidarDriver -> ObjectCollisionEstimator
  hot path latency:         110.021ms [min=67.8144ms, max=143.682ms, average=109.733ms, deviation=24.5179ms]
  hot path drops:           0 [min=0, max=0, average=0, deviation=0]
  behavior planner period:  100.005ms [min=99.9914ms, max=100.011ms, average=100.002ms, deviation=0.00397591ms]
----------------------------------------------------------

----------------------------------------------------------
sample path: (IntersectionOutput) 
  order timepoint           sequence nr.                  node name     dropped samples
latency

Statistics:
  latency:                  102.565ms [min=65.5878ms, max=130.534ms, average=93.7237ms, deviation=13.7291ms]
----------------------------------------------------------

----------------------------------------------------------
sample path: (VehicleDBWSystem) 
  order timepoint           sequence nr.                  node name     dropped samples
bp period
latency

Statistics:
  latency:                  270.702ms [min=270.702ms, max=487.903ms, average=370.028ms, deviation=57.5826ms]
hotpath
  hot path:                 FrontLidarDriver/RearLidarDriver -> ObjectCollisionEstimator
  hot path latency:         50.6525ms [min=50.6525ms, max=143.682ms, average=107.271ms, deviation=26.8408ms]
  hot path drops:           1 [min=0, max=1, average=0.0416667, deviation=0.204124]
  behavior planner period:  99.9996ms [min=99.9914ms, max=100.011ms, average=100.002ms, deviation=0.00391911ms]
----------------------------------------------------------

----------------------------------------------------------
sample path: (IntersectionOutput) 
  order timepoint           sequence nr.                  node name     dropped samples
latency

Statistics:
  latency:                  93.2559ms [min=65.5878ms, max=130.534ms, average=93.7095ms, deviation=13.5131ms]
----------------------------------------------------------

----------------------------------------------------------
sample path: (IntersectionOutput) 
  order timepoint           sequence nr.                  node name     dropped samples
latency

Statistics:
  latency:                  102.441ms [min=65.5878ms, max=130.534ms, average=93.9663ms, deviation=13.3908ms]
----------------------------------------------------------

----------------------------------------------------------
sample path: (VehicleDBWSystem) 
  order timepoint           sequence nr.                  node name     dropped samples
bp period
latency

Statistics:
  latency:                  370.996ms [min=270.702ms, max=487.903ms, average=370.06ms, deviation=56.5814ms]
  behavior planner period:  99.9989ms [min=99.9914ms, max=100.011ms, average=100.001ms, deviation=0.00387839ms]
----------------------------------------------------------

----------------------------------------------------------
sample path: (IntersectionOutput) 
  order timepoint           sequence nr.                  node name     dropped samples
latency

Statistics:
  latency:                  121.129ms [min=65.5878ms, max=130.534ms, average=94.7424ms, deviation=13.9685ms]
----------------------------------------------------------

----------------------------------------------------------
sample path: (VehicleDBWSystem) 
  order timepoint           sequence nr.                  node name     dropped samples
bp period
latency

Statistics:
  latency:                  283.018ms [min=270.702ms, max=487.903ms, average=367.252ms, deviation=57.7853ms]
hotpath
  hot path:                 FrontLidarDriver/RearLidarDriver -> ObjectCollisionEstimator
  hot path latency:         93.1725ms [min=50.6525ms, max=143.682ms, average=106.707ms, deviation=26.4266ms]
  hot path drops:           0 [min=0, max=1, average=0.04, deviation=0.2]
  behavior planner period:  100.001ms [min=99.9914ms, max=100.011ms, average=100.001ms, deviation=0.00381182ms]
----------------------------------------------------------

----------------------------------------------------------
sample path: (IntersectionOutput) 
  order timepoint           sequence nr.                  node name     dropped samples
latency

Statistics:
  latency:                  111.929ms [min=65.5878ms, max=130.534ms, average=95.2198ms, deviation=14.0623ms]
----------------------------------------------------------

----------------------------------------------------------
sample path: (VehicleDBWSystem) 
  order timepoint           sequence nr.                  node name     dropped samples
bp period
latency

Statistics:
  latency:                  379.205ms [min=270.702ms, max=487.903ms, average=367.626ms, deviation=56.8848ms]
hotpath
  hot path:                 FrontLidarDriver/RearLidarDriver -> ObjectCollisionEstimator
  hot path latency:         95.9215ms [min=50.6525ms, max=143.682ms, average=106.292ms, deviation=25.9789ms]
  hot path drops:           0 [min=0, max=1, average=0.0384615, deviation=0.196116]
  behavior planner period:  100.002ms [min=99.9914ms, max=100.011ms, average=100.001ms, deviation=0.00374938ms]
----------------------------------------------------------

----------------------------------------------------------
sample path: (IntersectionOutput) 
  order timepoint           sequence nr.                  node name     dropped samples
latency

Statistics:
  latency:                  102.806ms [min=65.5878ms, max=130.534ms, average=95.4248ms, deviation=13.9216ms]
----------------------------------------------------------

----------------------------------------------------------
sample path: (VehicleDBWSystem) 
  order timepoint           sequence nr.                  node name     dropped samples
bp period
latency

Statistics:
  latency:                  382.012ms [min=270.702ms, max=487.903ms, average=368.062ms, deviation=56.0449ms]
hotpath
  hot path:                 FrontLidarDriver/RearLidarDriver -> ObjectCollisionEstimator
  hot path latency:         135.403ms [min=50.6525ms, max=143.682ms, average=107.371ms, deviation=26.0832ms]
  hot path drops:           0 [min=0, max=1, average=0.037037, deviation=0.19245]
  behavior planner period:  100.003ms [min=99.9914ms, max=100.011ms, average=100.001ms, deviation=0.00369788ms]
----------------------------------------------------------

----------------------------------------------------------
sample path: (IntersectionOutput) 
  order timepoint           sequence nr.                  node name     dropped samples
latency

Statistics:
  latency:                  93.4175ms [min=65.5878ms, max=130.534ms, average=95.372ms, deviation=13.7361ms]
----------------------------------------------------------

----------------------------------------------------------
sample path: (VehicleDBWSystem) 
  order timepoint           sequence nr.                  node name     dropped samples
bp period
latency

Statistics:
  latency:                  392.367ms [min=270.702ms, max=487.903ms, average=368.777ms, deviation=55.3464ms]
hotpath
  hot path:                 FrontLidarDriver/RearLidarDriver -> ObjectCollisionEstimator
  hot path latency:         134.448ms [min=50.6525ms, max=143.682ms, average=108.338ms, deviation=26.1021ms]
  hot path drops:           0 [min=0, max=1, average=0.0357143, deviation=0.188982]
  behavior planner period:  100.003ms [min=99.9914ms, max=100.011ms, average=100.002ms, deviation=0.00364837ms]
----------------------------------------------------------

----------------------------------------------------------
sample path: (IntersectionOutput) 
  order timepoint           sequence nr.                  node name     dropped samples
latency

Statistics:
  latency:                  93.2382ms [min=65.5878ms, max=130.534ms, average=95.3173ms, deviation=13.5584ms]
----------------------------------------------------------

----------------------------------------------------------
sample path: (VehicleDBWSystem) 
  order timepoint           sequence nr.                  node name     dropped samples
bp period
latency

Statistics:
  latency:                  378.086ms [min=270.702ms, max=487.903ms, average=369.043ms, deviation=54.5491ms]
hotpath
  hot path:                 FrontLidarDriver/RearLidarDriver -> ObjectCollisionEstimator
  hot path latency:         94.851ms [min=50.6525ms, max=143.682ms, average=107.873ms, deviation=25.7538ms]
  hot path drops:           0 [min=0, max=1, average=0.0344828, deviation=0.185695]
  behavior planner period:  100.001ms [min=99.9914ms, max=100.011ms, average=100.001ms, deviation=0.00359367ms]
----------------------------------------------------------

----------------------------------------------------------
sample path: (IntersectionOutput) 
  order timepoint           sequence nr.                  node name     dropped samples
latency

Statistics:
  latency:                  102.644ms [min=65.5878ms, max=130.534ms, average=95.5004ms, deviation=13.4335ms]
----------------------------------------------------------

----------------------------------------------------------
sample path: (VehicleDBWSystem) 
  order timepoint           sequence nr.                  node name     dropped samples
bp period
latency

Statistics:
  latency:                  390.049ms [min=270.702ms, max=487.903ms, average=369.626ms, deviation=53.8781ms]
hotpath
  hot path:                 FrontLidarDriver/RearLidarDriver -> ObjectCollisionEstimator
  hot path latency:         134.973ms [min=50.6525ms, max=143.682ms, average=108.776ms, deviation=25.785ms]
  hot path drops:           0 [min=0, max=1, average=0.0333333, deviation=0.182574]
  behavior planner period:  100.002ms [min=99.9914ms, max=100.011ms, average=100.002ms, deviation=0.00354084ms]
----------------------------------------------------------

----------------------------------------------------------
sample path: (IntersectionOutput) 
  order timepoint           sequence nr.                  node name     dropped samples
latency

Statistics:
  latency:                  102.453ms [min=65.5878ms, max=130.534ms, average=95.67ms, deviation=13.3089ms]
----------------------------------------------------------

----------------------------------------------------------
sample path: (VehicleDBWSystem) 
  order timepoint           sequence nr.                  node name     dropped samples
bp period
latency

Statistics:
  latency:                  354.715ms [min=270.702ms, max=487.903ms, average=369.223ms, deviation=53.181ms]
hotpath
  hot path:                 FrontLidarDriver/RearLidarDriver -> ObjectCollisionEstimator
  hot path latency:         111.152ms [min=50.6525ms, max=143.682ms, average=108.853ms, deviation=25.3552ms]
  hot path drops:           0 [min=0, max=1, average=0.0322581, deviation=0.179605]
  behavior planner period:  99.9992ms [min=99.9914ms, max=100.011ms, average=100.001ms, deviation=0.00351069ms]
----------------------------------------------------------

----------------------------------------------------------
sample path: (IntersectionOutput) 
  order timepoint           sequence nr.                  node name     dropped samples
latency

Statistics:
  latency:                  103.018ms [min=65.5878ms, max=130.534ms, average=95.845ms, deviation=13.1944ms]
----------------------------------------------------------

----------------------------------------------------------
sample path: (IntersectionOutput) 
  order timepoint           sequence nr.                  node name     dropped samples
latency

Statistics:
  latency:                  121.19ms [min=65.5878ms, max=130.534ms, average=96.4344ms, deviation=13.5973ms]
----------------------------------------------------------

----------------------------------------------------------
sample path: (VehicleDBWSystem) 
  order timepoint           sequence nr.                  node name     dropped samples
bp period
latency

Statistics:
  latency:                  327.01ms [min=270.702ms, max=487.903ms, average=368.112ms, deviation=52.9025ms]
hotpath
  hot path:                 FrontLidarDriver/RearLidarDriver -> ObjectCollisionEstimator
  hot path latency:         136.653ms [min=50.6525ms, max=143.682ms, average=109.721ms, deviation=25.4225ms]
  hot path drops:           0 [min=0, max=1, average=0.03125, deviation=0.176777]
  behavior planner period:  100.002ms [min=99.9914ms, max=100.011ms, average=100.001ms, deviation=0.00346188ms]
----------------------------------------------------------

----------------------------------------------------------
sample path: (IntersectionOutput) 
  order timepoint           sequence nr.                  node name     dropped samples
latency

Statistics:
  latency:                  103.056ms [min=65.5878ms, max=130.534ms, average=96.5849ms, deviation=13.4753ms]
----------------------------------------------------------

