----------------------------------------------------------
sample path: (VehicleDBWSystem) 
  order timepoint           sequence nr.                  node name     dropped samples
latency

Statistics:
  latency:                  302.117ms [min=302.117ms, max=302.117ms, average=302.117ms, deviation=-nanms]
hotpath
  hot path:                 FrontLidarDriver/RearLidarDriver -> ObjectCollisionEstimator
  hot path latency:         73.0605ms [min=73.0605ms, max=73.0605ms, average=73.0605ms, deviation=-nanms]
  hot path drops:           0 [min=0, max=0, average=0, deviation=-nan]
  behavior planner period:  0ms [min=1.84467e+13ms, max=0ms, average=0ms, deviation=0ms]
----------------------------------------------------------

----------------------------------------------------------
sample path: (IntersectionOutput) 
  order timepoint           sequence nr.                  node name     dropped samples
latency

Statistics:
  latency:                  57.1811ms [min=57.1811ms, max=57.1811ms, average=57.1811ms, deviation=-nanms]
----------------------------------------------------------

----------------------------------------------------------
sample path: (VehicleDBWSystem) 
  order timepoint           sequence nr.                  node name     dropped samples
bp period
latency

Statistics:
  latency:                  291.74ms [min=291.74ms, max=302.117ms, average=296.928ms, deviation=7.33707ms]
hotpath
  hot path:                 FrontLidarDriver/RearLidarDriver -> ObjectCollisionEstimator
  hot path latency:         77.0421ms [min=73.0605ms, max=77.0421ms, average=75.0513ms, deviation=2.81544ms]
  hot path drops:           0 [min=0, max=0, average=0, deviation=0]
  behavior planner period:  99.9997ms [min=99.9997ms, max=99.9997ms, average=99.9997ms, deviation=-nanms]
----------------------------------------------------------

----------------------------------------------------------
sample path: (IntersectionOutput) 
  order timepoint           sequence nr.                  node name     dropped samples
latency

Statistics:
  latency:                  104.358ms [min=57.1811ms, max=104.358ms, average=80.7696ms, deviation=33.3592ms]
----------------------------------------------------------

----------------------------------------------------------
sample path: (IntersectionOutput) 
  order timepoint           sequence nr.                  node name     dropped samples
latency

Statistics:
  latency:                  65.6263ms [min=57.1811ms, max=104.358ms, average=75.7219ms, deviation=25.1566ms]
----------------------------------------------------------

----------------------------------------------------------
sample path: (VehicleDBWSystem) 
  order timepoint           sequence nr.                  node name     dropped samples
bp period
latency

Statistics:
  latency:                  426.237ms [min=291.74ms, max=426.237ms, average=340.031ms, deviation=74.8366ms]
  behavior planner period:  100.015ms [min=99.9997ms, max=100.015ms, average=100.007ms, deviation=0.0108894ms]
----------------------------------------------------------

----------------------------------------------------------
sample path: (IntersectionOutput) 
  order timepoint           sequence nr.                  node name     dropped samples
latency

Statistics:
  latency:                  75.7066ms [min=57.1811ms, max=104.358ms, average=75.718ms, deviation=20.5403ms]
----------------------------------------------------------

----------------------------------------------------------
sample path: (VehicleDBWSystem) 
  order timepoint           sequence nr.                  node name     dropped samples
bp period
latency

Statistics:
  latency:                  367.641ms [min=291.74ms, max=426.237ms, average=346.934ms, deviation=62.6439ms]
hotpath
  hot path:                 FrontLidarDriver/RearLidarDriver -> ObjectCollisionEstimator
  hot path latency:         90.5504ms [min=73.0605ms, max=90.5504ms, average=80.2177ms, deviation=9.1672ms]
  hot path drops:           0 [min=0, max=0, average=0, deviation=0]
  behavior planner period:  99.9994ms [min=99.9994ms, max=100.015ms, average=100.005ms, deviation=0.00897935ms]
----------------------------------------------------------

----------------------------------------------------------
sample path: (IntersectionOutput) 
  order timepoint           sequence nr.                  node name     dropped samples
latency

Statistics:
  latency:                  94.2289ms [min=57.1811ms, max=104.358ms, average=79.4202ms, deviation=19.6204ms]
----------------------------------------------------------

----------------------------------------------------------
sample path: (VehicleDBWSystem) 
  order timepoint           sequence nr.                  node name     dropped samples
bp period
latency

Statistics:
  latency:                  332.255ms [min=291.74ms, max=426.237ms, average=343.998ms, deviation=54.6469ms]
hotpath
  hot path:                 FrontLidarDriver/RearLidarDriver -> ObjectCollisionEstimator
  hot path latency:         79.8857ms [min=73.0605ms, max=90.5504ms, average=80.1347ms, deviation=7.48683ms]
  hot path drops:           0 [min=0, max=0, average=0, deviation=0]
  behavior planner period:  99.9879ms [min=99.9879ms, max=100.015ms, average=100ms, deviation=0.011162ms]
----------------------------------------------------------

----------------------------------------------------------
sample path: (IntersectionOutput) 
  order timepoint           sequence nr.                  node name     dropped samples
latency

Statistics:
  latency:                  75.378ms [min=57.1811ms, max=104.358ms, average=78.7465ms, deviation=17.6264ms]
----------------------------------------------------------

----------------------------------------------------------
sample path: (VehicleDBWSystem) 
  order timepoint           sequence nr.                  node name     dropped samples
bp period
latency

Statistics:
  latency:                  347.23ms [min=291.74ms, max=426.237ms, average=344.537ms, deviation=48.8955ms]
  behavior planner period:  99.9985ms [min=99.9879ms, max=100.015ms, average=100ms, deviation=0.00970888ms]
----------------------------------------------------------

----------------------------------------------------------
sample path: (IntersectionOutput) 
  order timepoint           sequence nr.                  node name     dropped samples
latency

Statistics:
  latency:                  103.878ms [min=57.1811ms, max=104.358ms, average=82.3367ms, deviation=18.6851ms]
----------------------------------------------------------

----------------------------------------------------------
sample path: (VehicleDBWSystem) 
  order timepoint           sequence nr.                  node name     dropped samples
bp period
latency

Statistics:
  latency:                  332.101ms [min=291.74ms, max=426.237ms, average=342.76ms, deviation=44.882ms]
hotpath
  hot path:                 FrontLidarDriver/RearLidarDriver -> ObjectCollisionEstimator
  hot path latency:         113.453ms [min=73.0605ms, max=113.453ms, average=86.7983ms, deviation=16.2499ms]
  hot path drops:           0 [min=0, max=0, average=0, deviation=0]
  behavior planner period:  100.008ms [min=99.9879ms, max=100.015ms, average=100.001ms, deviation=0.00933352ms]
----------------------------------------------------------

----------------------------------------------------------
sample path: (IntersectionOutput) 
  order timepoint           sequence nr.                  node name     dropped samples
latency

Statistics:
  latency:                  84.6988ms [min=57.1811ms, max=104.358ms, average=82.6319ms, deviation=17.3192ms]
----------------------------------------------------------

----------------------------------------------------------
sample path: (IntersectionOutput) 
  order timepoint           sequence nr.                  node name     dropped samples
latency

Statistics:
  latency:                  93.9316ms [min=57.1811ms, max=104.358ms, average=83.8874ms, deviation=16.6327ms]
----------------------------------------------------------

----------------------------------------------------------
sample path: (VehicleDBWSystem) 
  order timepoint           sequence nr.                  node name     dropped samples
bp period
latency

Statistics:
  latency:                  443.256ms [min=291.74ms, max=443.256ms, average=355.322ms, deviation=54.6721ms]
hotpath
  hot path:                 FrontLidarDriver/RearLidarDriver -> ObjectCollisionEstimator
  hot path latency:         131.505ms [min=73.0605ms, max=131.505ms, average=94.2495ms, deviation=23.3317ms]
  hot path drops:           0 [min=0, max=0, average=0, deviation=0]
  behavior planner period:  99.998ms [min=99.9879ms, max=100.015ms, average=100.001ms, deviation=0.00862334ms]
----------------------------------------------------------

----------------------------------------------------------
sample path: (IntersectionOutput) 
  order timepoint           sequence nr.                  node name     dropped samples
latency

Statistics:
  latency:                  103.434ms [min=57.1811ms, max=104.358ms, average=85.8421ms, deviation=16.8557ms]
----------------------------------------------------------

----------------------------------------------------------
sample path: (VehicleDBWSystem) 
  order timepoint           sequence nr.                  node name     dropped samples
bp period
latency

Statistics:
  latency:                  349.005ms [min=291.74ms, max=443.256ms, average=354.62ms, deviation=51.1844ms]
hotpath
  hot path:                 FrontLidarDriver/RearLidarDriver -> ObjectCollisionEstimator
  hot path latency:         85.7532ms [min=73.0605ms, max=131.505ms, average=93.0357ms, deviation=21.5395ms]
  hot path drops:           0 [min=0, max=0, average=0, deviation=0]
  behavior planner period:  99.9979ms [min=99.9879ms, max=100.015ms, average=100.001ms, deviation=0.00805922ms]
----------------------------------------------------------

----------------------------------------------------------
sample path: (IntersectionOutput) 
  order timepoint           sequence nr.                  node name     dropped samples
latency

Statistics:
  latency:                  103.346ms [min=57.1811ms, max=104.358ms, average=87.4334ms, deviation=16.8391ms]
----------------------------------------------------------

----------------------------------------------------------
sample path: (VehicleDBWSystem) 
  order timepoint           sequence nr.                  node name     dropped samples
bp period
latency

Statistics:
  latency:                  362.187ms [min=291.74ms, max=443.256ms, average=355.377ms, deviation=48.3164ms]
  behavior planner period:  100.006ms [min=99.9879ms, max=100.015ms, average=100.001ms, deviation=0.00774106ms]
----------------------------------------------------------

----------------------------------------------------------
sample path: (IntersectionOutput) 
  order timepoint           sequence nr.                  node name     dropped samples
latency

Statistics:
  latency:                  103.47ms [min=57.1811ms, max=104.358ms, average=88.7698ms, deviation=16.7096ms]
----------------------------------------------------------

----------------------------------------------------------
sample path: (VehicleDBWSystem) 
  order timepoint           sequence nr.                  node name     dropped samples
bp period
latency

Statistics:
  latency:                  375.099ms [min=291.74ms, max=443.256ms, average=357.17ms, deviation=46.2211ms]
hotpath
  hot path:                 FrontLidarDriver/RearLidarDriver -> ObjectCollisionEstimator
  hot path latency:         89.4338ms [min=73.0605ms, max=131.505ms, average=92.5855ms, deviation=19.9823ms]
  hot path drops:           0 [min=0, max=0, average=0, deviation=0]
  behavior planner period:  99.9973ms [min=99.9879ms, max=100.015ms, average=100.001ms, deviation=0.00740245ms]
----------------------------------------------------------

----------------------------------------------------------
sample path: (IntersectionOutput) 
  order timepoint           sequence nr.                  node name     dropped samples
latency

Statistics:
  latency:                  84.5701ms [min=57.1811ms, max=104.358ms, average=88.4467ms, deviation=16.0406ms]
----------------------------------------------------------

----------------------------------------------------------
sample path: (VehicleDBWSystem) 
  order timepoint           sequence nr.                  node name     dropped samples
bp period
latency

Statistics:
  latency:                  338.811ms [min=291.74ms, max=443.256ms, average=355.64ms, deviation=44.3876ms]
hotpath
  hot path:                 FrontLidarDriver/RearLidarDriver -> ObjectCollisionEstimator
  hot path latency:         87.363ms [min=73.0605ms, max=131.505ms, average=92.0052ms, deviation=18.7727ms]
  hot path drops:           0 [min=0, max=0, average=0, deviation=0]
  behavior planner period:  100.005ms [min=99.9879ms, max=100.015ms, average=100.001ms, deviation=0.00714568ms]
----------------------------------------------------------

----------------------------------------------------------
sample path: (IntersectionOutput) 
  order timepoint           sequence nr.                  node name     dropped samples
latency

Statistics:
  latency:                  103.327ms [min=57.1811ms, max=104.358ms, average=89.5096ms, deviation=15.9162ms]
----------------------------------------------------------

----------------------------------------------------------
sample path: (VehicleDBWSystem) 
  order timepoint           sequence nr.                  node name     dropped samples
bp period
latency

Statistics:
  latency:                  451.846ms [min=291.74ms, max=451.846ms, average=363.04ms, deviation=50.18ms]
hotpath
  hot path:                 FrontLidarDriver/RearLidarDriver -> ObjectCollisionEstimator
  hot path latency:         81.7388ms [min=73.0605ms, max=131.505ms, average=90.9786ms, deviation=17.9943ms]
  hot path drops:           0 [min=0, max=0, average=0, deviation=0]
  behavior planner period:  99.9946ms [min=99.9879ms, max=100.015ms, average=100.001ms, deviation=0.00707593ms]
----------------------------------------------------------

----------------------------------------------------------
sample path: (IntersectionOutput) 
  order timepoint           sequence nr.                  node name     dropped samples
latency

Statistics:
  latency:                  112.898ms [min=57.1811ms, max=112.898ms, average=91.0689ms, deviation=16.4833ms]
----------------------------------------------------------

----------------------------------------------------------
sample path: (VehicleDBWSystem) 
  order timepoint           sequence nr.                  node name     dropped samples
bp period
latency

Statistics:
  latency:                  301.326ms [min=291.74ms, max=451.846ms, average=358.632ms, deviation=50.9547ms]
hotpath
  hot path:                 FrontLidarDriver/RearLidarDriver -> ObjectCollisionEstimator
  hot path latency:         41.8705ms [min=41.8705ms, max=131.505ms, average=86.5142ms, deviation=22.5976ms]
  hot path drops:           1 [min=0, max=1, average=0.0909091, deviation=0.301511]
  behavior planner period:  100.002ms [min=99.9879ms, max=100.015ms, average=100.001ms, deviation=0.00679172ms]
----------------------------------------------------------

----------------------------------------------------------
sample path: (IntersectionOutput) 
  order timepoint           sequence nr.                  node name     dropped samples
latency

Statistics:
  latency:                  103.484ms [min=57.1811ms, max=112.898ms, average=91.8448ms, deviation=16.224ms]
----------------------------------------------------------

----------------------------------------------------------
sample path: (VehicleDBWSystem) 
  order timepoint           sequence nr.                  node name     dropped samples
bp period
latency

Statistics:
  latency:                  358.342ms [min=291.74ms, max=451.846ms, average=358.613ms, deviation=49.1012ms]
  behavior planner period:  99.9988ms [min=99.9879ms, max=100.015ms, average=100.001ms, deviation=0.00654713ms]
----------------------------------------------------------

----------------------------------------------------------
sample path: (IntersectionOutput) 
  order timepoint           sequence nr.                  node name     dropped samples
latency

Statistics:
  latency:                  94.3328ms [min=57.1811ms, max=112.898ms, average=91.9912ms, deviation=15.7204ms]
----------------------------------------------------------

----------------------------------------------------------
sample path: (VehicleDBWSystem) 
  order timepoint           sequence nr.                  node name     dropped samples
bp period
latency

Statistics:
  latency:                  341.041ms [min=291.74ms, max=451.846ms, average=357.515ms, deviation=47.6393ms]
hotpath
  hot path:                 FrontLidarDriver/RearLidarDriver -> ObjectCollisionEstimator
  hot path latency:         130.971ms [min=41.8705ms, max=131.505ms, average=90.2189ms, deviation=25.0785ms]
  hot path drops:           0 [min=0, max=1, average=0.0833333, deviation=0.288675]
  behavior planner period:  99.9989ms [min=99.9879ms, max=100.015ms, average=100.001ms, deviation=0.00632528ms]
----------------------------------------------------------

----------------------------------------------------------
sample path: (IntersectionOutput) 
  order timepoint           sequence nr.                  node name     dropped samples
latency

Statistics:
  latency:                  94.3912ms [min=57.1811ms, max=112.898ms, average=92.1245ms, deviation=15.2616ms]
----------------------------------------------------------

----------------------------------------------------------
sample path: (IntersectionOutput) 
  order timepoint           sequence nr.                  node name     dropped samples
latency

Statistics:
  latency:                  84.5734ms [min=57.1811ms, max=112.898ms, average=91.7271ms, deviation=14.9324ms]
----------------------------------------------------------

----------------------------------------------------------
sample path: (VehicleDBWSystem) 
  order timepoint           sequence nr.                  node name     dropped samples
bp period
latency

Statistics:
  latency:                  462.381ms [min=291.74ms, max=462.381ms, average=363.683ms, deviation=52.6739ms]
hotpath
  hot path:                 FrontLidarDriver/RearLidarDriver -> ObjectCollisionEstimator
  hot path latency:         114.767ms [min=41.8705ms, max=131.505ms, average=92.1072ms, deviation=24.9575ms]
  hot path drops:           0 [min=0, max=1, average=0.0769231, deviation=0.27735]
  behavior planner period:  100.006ms [min=99.9879ms, max=100.015ms, average=100.001ms, deviation=0.00626141ms]
----------------------------------------------------------

----------------------------------------------------------
sample path: (IntersectionOutput) 
  order timepoint           sequence nr.                  node name     dropped samples
latency

Statistics:
  latency:                  121.846ms [min=57.1811ms, max=121.846ms, average=93.233ms, deviation=16.0186ms]
----------------------------------------------------------

----------------------------------------------------------
sample path: (VehicleDBWSystem) 
  order timepoint           sequence nr.                  node name     dropped samples
bp period
latency

Statistics:
  latency:                  338.867ms [min=291.74ms, max=462.381ms, average=362.305ms, deviation=51.4349ms]
hotpath
  hot path:                 FrontLidarDriver/RearLidarDriver -> ObjectCollisionEstimator
  hot path latency:         85.344ms [min=41.8705ms, max=131.505ms, average=91.6242ms, deviation=24.0464ms]
  hot path drops:           0 [min=0, max=1, average=0.0714286, deviation=0.267261]
  behavior planner period:  99.9982ms [min=99.9879ms, max=100.015ms, average=100.001ms, deviation=0.00609723ms]
----------------------------------------------------------

----------------------------------------------------------
sample path: (IntersectionOutput) 
  order timepoint           sequence nr.                  node name     dropped samples
latency

Statistics:
  latency:                  103.32ms [min=57.1811ms, max=121.846ms, average=93.7134ms, deviation=15.7675ms]
----------------------------------------------------------

----------------------------------------------------------
sample path: (VehicleDBWSystem) 
  order timepoint           sequence nr.                  node name     dropped samples
bp period
latency

Statistics:
  latency:                  357.59ms [min=291.74ms, max=462.381ms, average=362.056ms, deviation=49.9974ms]
hotpath
  hot path:                 FrontLidarDriver/RearLidarDriver -> ObjectCollisionEstimator
  hot path latency:         115.486ms [min=41.8705ms, max=131.505ms, average=93.2149ms, deviation=23.9768ms]
  hot path drops:           0 [min=0, max=1, average=0.0666667, deviation=0.258199]
  behavior planner period:  100.001ms [min=99.9879ms, max=100.015ms, average=100.001ms, deviation=0.00591521ms]
----------------------------------------------------------

----------------------------------------------------------
sample path: (IntersectionOutput) 
  order timepoint           sequence nr.                  node name     dropped samples
latency

Statistics:
  latency:                  94.1074ms [min=57.1811ms, max=121.846ms, average=93.7313ms, deviation=15.3877ms]
----------------------------------------------------------

----------------------------------------------------------
sample path: (VehicleDBWSystem) 
  order timepoint           sequence nr.                  node name     dropped samples
bp period
latency

Statistics:
  latency:                  349.182ms [min=291.74ms, max=462.381ms, average=361.413ms, deviation=48.749ms]
hotpath
  hot path:                 FrontLidarDriver/RearLidarDriver -> ObjectCollisionEstimator
  hot path latency:         136.029ms [min=41.8705ms, max=136.029ms, average=95.8908ms, deviation=25.5172ms]
  hot path drops:           0 [min=0, max=1, average=0.0625, deviation=0.25]
  behavior planner period:  100.001ms [min=99.9879ms, max=100.015ms, average=100.001ms, deviation=0.0057487ms]
----------------------------------------------------------

----------------------------------------------------------
sample path: (IntersectionOutput) 
  order timepoint           sequence nr.                  node name     dropped samples
latency

Statistics:
  latency:                  103.124ms [min=57.1811ms, max=121.846ms, average=94.1397ms, deviation=15.1609ms]
----------------------------------------------------------

----------------------------------------------------------
sample path: (VehicleDBWSystem) 
  order timepoint           sequence nr.                  node name     dropped samples
bp period
latency

Statistics:
  latency:                  404.835ms [min=291.74ms, max=462.381ms, average=363.48ms, deviation=48.4502ms]
hotpath
  hot path:                 FrontLidarDriver/RearLidarDriver -> ObjectCollisionEstimator
  hot path latency:         111.704ms [min=41.8705ms, max=136.029ms, average=96.821ms, deviation=25.0028ms]
  hot path drops:           0 [min=0, max=1, average=0.0588235, deviation=0.242536]
  behavior planner period:  100.002ms [min=99.9879ms, max=100.015ms, average=100.001ms, deviation=0.00560638ms]
----------------------------------------------------------

----------------------------------------------------------
sample path: (IntersectionOutput) 
  order timepoint           sequence nr.                  node name     dropped samples
latency

Statistics:
  latency:                  84.6858ms [min=57.1811ms, max=121.846ms, average=93.7457ms, deviation=14.9527ms]
----------------------------------------------------------

----------------------------------------------------------
sample path: (IntersectionOutput) 
  order timepoint           sequence nr.                  node name     dropped samples
latency

Statistics:
  latency:                  112.724ms [min=57.1811ms, max=121.846ms, average=94.5049ms, deviation=15.122ms]
----------------------------------------------------------

----------------------------------------------------------
sample path: (VehicleDBWSystem) 
  order timepoint           sequence nr.                  node name     dropped samples
bp period
latency

Statistics:
  latency:                  367.127ms [min=291.74ms, max=462.381ms, average=363.646ms, deviation=47.289ms]
hotpath
  hot path:                 FrontLidarDriver/RearLidarDriver -> ObjectCollisionEstimator
  hot path latency:         93.4455ms [min=41.8705ms, max=136.029ms, average=96.6335ms, deviation=24.2693ms]
  hot path drops:           0 [min=0, max=1, average=0.0555556, deviation=0.235702]
  behavior planner period:  100.002ms [min=99.9879ms, max=100.015ms, average=100.001ms, deviation=0.00547477ms]
----------------------------------------------------------

----------------------------------------------------------
sample path: (IntersectionOutput) 
  order timepoint           sequence nr.                  node name     dropped samples
latency

Statistics:
  latency:                  112.632ms [min=57.1811ms, max=121.846ms, average=95.2021ms, deviation=15.237ms]
----------------------------------------------------------

----------------------------------------------------------
sample path: (VehicleDBWSystem) 
  order timepoint           sequence nr.                  node name     dropped samples
bp period
latency

Statistics:
  latency:                  404.587ms [min=291.74ms, max=462.381ms, average=365.426ms, deviation=46.9838ms]
hotpath
  hot path:                 FrontLidarDriver/RearLidarDriver -> ObjectCollisionEstimator
  hot path latency:         115.981ms [min=41.8705ms, max=136.029ms, average=97.6517ms, deviation=23.9995ms]
  hot path drops:           0 [min=0, max=1, average=0.0526316, deviation=0.229416]
  behavior planner period:  99.9986ms [min=99.9879ms, max=100.015ms, average=100.001ms, deviation=0.00536493ms]
----------------------------------------------------------

----------------------------------------------------------
sample path: (IntersectionOutput) 
  order timepoint           sequence nr.                  node name     dropped samples
latency

Statistics:
  latency:                  103.368ms [min=57.1811ms, max=121.846ms, average=95.5045ms, deviation=15.0236ms]
----------------------------------------------------------

----------------------------------------------------------
sample path: (VehicleDBWSystem) 
  order timepoint           sequence nr.                  node name     dropped samples
bp period
latency

Statistics:
  latency:                  367.326ms [min=291.74ms, max=462.381ms, average=365.505ms, deviation=45.9527ms]
hotpath
  hot path:                 FrontLidarDriver/RearLidarDriver -> ObjectCollisionEstimator
  hot path latency:         136.298ms [min=41.8705ms, max=136.298ms, average=99.584ms, deviation=24.9066ms]
  hot path drops:           0 [min=0, max=1, average=0.05, deviation=0.223607]
  behavior planner period:  100.001ms [min=99.9879ms, max=100.015ms, average=100.001ms, deviation=0.00524201ms]
----------------------------------------------------------

----------------------------------------------------------
sample path: (IntersectionOutput) 
  order timepoint           sequence nr.                  node name     dropped samples
latency

Statistics:
  latency:                  94.2274ms [min=57.1811ms, max=121.846ms, average=95.4589ms, deviation=14.7447ms]
----------------------------------------------------------

----------------------------------------------------------
sample path: (VehicleDBWSystem) 
  order timepoint           sequence nr.                  node name     dropped samples
bp period
latency

Statistics:
  latency:                  461.878ms [min=291.74ms, max=462.381ms, average=369.36ms, deviation=48.9405ms]
hotpath
  hot path:                 FrontLidarDriver/RearLidarDriver -> ObjectCollisionEstimator
  hot path latency:         79.4862ms [min=41.8705ms, max=136.298ms, average=98.627ms, deviation=24.6689ms]
  hot path drops:           0 [min=0, max=1, average=0.047619, deviation=0.218218]
  behavior planner period:  100.005ms [min=99.9879ms, max=100.015ms, average=100.001ms, deviation=0.00520166ms]
----------------------------------------------------------

----------------------------------------------------------
sample path: (IntersectionOutput) 
  order timepoint           sequence nr.                  node name     dropped samples
latency

Statistics:
  latency:                  103.814ms [min=57.1811ms, max=121.846ms, average=95.747ms, deviation=14.5619ms]
----------------------------------------------------------

----------------------------------------------------------
sample path: (VehicleDBWSystem) 
  order timepoint           sequence nr.                  node name     dropped samples
bp period
latency

Statistics:
  latency:                  461.49ms [min=291.74ms, max=462.381ms, average=372.904ms, deviation=51.2428ms]
hotpath
  hot path:                 FrontLidarDriver/RearLidarDriver -> ObjectCollisionEstimator
  hot path latency:         83.2432ms [min=41.8705ms, max=136.298ms, average=97.9277ms, deviation=24.2968ms]
  hot path drops:           0 [min=0, max=1, average=0.0454545, deviation=0.213201]
  behavior planner period:  99.9955ms [min=99.9879ms, max=100.015ms, average=100.001ms, deviation=0.00520839ms]
----------------------------------------------------------

----------------------------------------------------------
sample path: (IntersectionOutput) 
  order timepoint           sequence nr.                  node name     dropped samples
latency

Statistics:
  latency:                  111.294ms [min=57.1811ms, max=121.846ms, average=96.2652ms, deviation=14.5874ms]
----------------------------------------------------------

----------------------------------------------------------
sample path: (VehicleDBWSystem) 
  order timepoint           sequence nr.                  node name     dropped samples
bp period
latency

Statistics:
  latency:                  469.813ms [min=291.74ms, max=469.813ms, average=376.493ms, deviation=53.5972ms]
  behavior planner period:  100.008ms [min=99.9879ms, max=100.015ms, average=100.001ms, deviation=0.00529217ms]
----------------------------------------------------------

----------------------------------------------------------
sample path: (IntersectionOutput) 
  order timepoint           sequence nr.                  node name     dropped samples
latency

Statistics:
  latency:                  127.642ms [min=57.1811ms, max=127.642ms, average=97.2774ms, deviation=15.4097ms]
----------------------------------------------------------

----------------------------------------------------------
sample path: (VehicleDBWSystem) 
  order timepoint           sequence nr.                  node name     dropped samples
bp period
latency

Statistics:
  latency:                  344.732ms [min=291.74ms, max=469.813ms, average=375.359ms, deviation=52.9367ms]
hotpath
  hot path:                 FrontLidarDriver/RearLidarDriver -> ObjectCollisionEstimator
  hot path latency:         47.3939ms [min=41.8705ms, max=136.298ms, average=95.7306ms, deviation=25.9717ms]
  hot path drops:           1 [min=0, max=1, average=0.0869565, deviation=0.288104]
  behavior planner period:  99.9957ms [min=99.9879ms, max=100.015ms, average=100.001ms, deviation=0.00528786ms]
----------------------------------------------------------

----------------------------------------------------------
sample path: (IntersectionOutput) 
  order timepoint           sequence nr.                  node name     dropped samples
latency

Statistics:
  latency:                  114.742ms [min=57.1811ms, max=127.642ms, average=97.8232ms, deviation=15.4703ms]
----------------------------------------------------------

----------------------------------------------------------
sample path: (IntersectionOutput) 
  order timepoint           sequence nr.                  node name     dropped samples
latency

Statistics:
  latency:                  93.8541ms [min=57.1811ms, max=127.642ms, average=97.7029ms, deviation=15.2423ms]
----------------------------------------------------------

----------------------------------------------------------
sample path: (VehicleDBWSystem) 
  order timepoint           sequence nr.                  node name     dropped samples
bp period
latency

Statistics:
  latency:                  355.73ms [min=291.74ms, max=469.813ms, average=374.682ms, deviation=52.1104ms]
  behavior planner period:  100.012ms [min=99.9879ms, max=100.015ms, average=100.001ms, deviation=0.00563808ms]
----------------------------------------------------------

----------------------------------------------------------
sample path: (IntersectionOutput) 
  order timepoint           sequence nr.                  node name     dropped samples
latency

Statistics:
  latency:                  84.5149ms [min=57.1811ms, max=127.642ms, average=97.315ms, deviation=15.179ms]
----------------------------------------------------------

----------------------------------------------------------
sample path: (VehicleDBWSystem) 
  order timepoint           sequence nr.                  node name     dropped samples
bp period
latency

Statistics:
  latency:                  449.846ms [min=291.74ms, max=469.813ms, average=377.187ms, deviation=53.0111ms]
hotpath
  hot path:                 FrontLidarDriver/RearLidarDriver -> ObjectCollisionEstimator
  hot path latency:         94.1552ms [min=41.8705ms, max=136.298ms, average=95.665ms, deviation=25.4029ms]
  hot path drops:           0 [min=0, max=1, average=0.0833333, deviation=0.28233]
  behavior planner period:  99.9953ms [min=99.9879ms, max=100.015ms, average=100.001ms, deviation=0.00564561ms]
----------------------------------------------------------

----------------------------------------------------------
sample path: (IntersectionOutput) 
  order timepoint           sequence nr.                  node name     dropped samples
latency

Statistics:
  latency:                  82.9351ms [min=57.1811ms, max=127.642ms, average=96.9041ms, deviation=15.1504ms]
----------------------------------------------------------

----------------------------------------------------------
sample path: (VehicleDBWSystem) 
  order timepoint           sequence nr.                  node name     dropped samples
bp period
latency

Statistics:
  latency:                  340.455ms [min=291.74ms, max=469.813ms, average=376.002ms, deviation=52.536ms]
hotpath
  hot path:                 FrontLidarDriver/RearLidarDriver -> ObjectCollisionEstimator
  hot path latency:         82.6044ms [min=41.8705ms, max=136.298ms, average=95.1426ms, deviation=25.0048ms]
  hot path drops:           0 [min=0, max=1, average=0.08, deviation=0.276887]
  behavior planner period:  99.996ms [min=99.9879ms, max=100.015ms, average=100.001ms, deviation=0.00562333ms]
----------------------------------------------------------

----------------------------------------------------------
sample path: (IntersectionOutput) 
  order timepoint           sequence nr.                  node name     dropped samples
latency

Statistics:
  latency:                  94.0578ms [min=57.1811ms, max=127.642ms, average=96.8251ms, deviation=14.9399ms]
----------------------------------------------------------

----------------------------------------------------------
sample path: (VehicleDBWSystem) 
  order timepoint           sequence nr.                  node name     dropped samples
bp period
latency

Statistics:
  latency:                  358.707ms [min=291.74ms, max=469.813ms, average=375.462ms, deviation=51.7721ms]
  behavior planner period:  100.009ms [min=99.9879ms, max=100.015ms, average=100.001ms, deviation=0.00573689ms]
----------------------------------------------------------

----------------------------------------------------------
sample path: (IntersectionOutput) 
  order timepoint           sequence nr.                  node name     dropped samples
latency

Statistics:
  latency:                  83.091ms [min=57.1811ms, max=127.642ms, average=96.4539ms, deviation=14.903ms]
----------------------------------------------------------

----------------------------------------------------------
sample path: (VehicleDBWSystem) 
  order timepoint           sequence nr.                  node name     dropped samples
bp period
latency

Statistics:
  latency:                  404.98ms [min=291.74ms, max=469.813ms, average=376.356ms, deviation=51.2151ms]
hotpath
  hot path:                 FrontLidarDriver/RearLidarDriver -> ObjectCollisionEstimator
  hot path latency:         130.289ms [min=41.8705ms, max=136.298ms, average=96.4944ms, deviation=25.4508ms]
  hot path drops:           0 [min=0, max=1, average=0.0769231, deviation=0.271746]
  behavior planner period:  99.9904ms [min=99.9879ms, max=100.015ms, average=100.001ms, deviation=0.00595499ms]
----------------------------------------------------------

----------------------------------------------------------
sample path: (IntersectionOutput) 
  order timepoint           sequence nr.                  node name     dropped samples
latency

Statistics:
  latency:                  75.4291ms [min=57.1811ms, max=127.642ms, average=95.9006ms, deviation=15.0907ms]
----------------------------------------------------------

----------------------------------------------------------
sample path: (VehicleDBWSystem) 
  order timepoint           sequence nr.                  node name     dropped samples
bp period
latency

Statistics:
  latency:                  328.415ms [min=291.74ms, max=469.813ms, average=374.946ms, deviation=51.099ms]
hotpath
  hot path:                 FrontLidarDriver/RearLidarDriver -> ObjectCollisionEstimator
  hot path latency:         131.881ms [min=41.8705ms, max=136.298ms, average=97.805ms, deviation=25.8691ms]
  hot path drops:           0 [min=0, max=1, average=0.0740741, deviation=0.26688]
  behavior planner period:  100.002ms [min=99.9879ms, max=100.015ms, average=100.001ms, deviation=0.00586854ms]
----------------------------------------------------------

----------------------------------------------------------
sample path: (IntersectionOutput) 
  order timepoint           sequence nr.                  node name     dropped samples
latency

Statistics:
  latency:                  103.351ms [min=57.1811ms, max=127.642ms, average=96.0916ms, deviation=14.9385ms]
----------------------------------------------------------

----------------------------------------------------------
sample path: (VehicleDBWSystem) 
  order timepoint           sequence nr.                  node name     dropped samples
bp period
latency

Statistics:
  latency:                  377.054ms [min=291.74ms, max=469.813ms, average=375.007ms, deviation=50.3432ms]
hotpath
  hot path:                 FrontLidarDriver/RearLidarDriver -> ObjectCollisionEstimator
  hot path latency:         132.221ms [min=41.8705ms, max=136.298ms, average=99.0341ms, deviation=26.2055ms]
  hot path drops:           0 [min=0, max=1, average=0.0714286, deviation=0.262265]
  behavior planner period:  100.002ms [min=99.9879ms, max=100.015ms, average=100.001ms, deviation=0.00578221ms]
----------------------------------------------------------

----------------------------------------------------------
sample path: (IntersectionOutput) 
  order timepoint           sequence nr.                  node name     dropped samples
latency

Statistics:
  latency:                  103.348ms [min=57.1811ms, max=127.642ms, average=96.273ms, deviation=14.7903ms]
----------------------------------------------------------

----------------------------------------------------------
sample path: (VehicleDBWSystem) 
  order timepoint           sequence nr.                  node name     dropped samples
bp period
latency

Statistics:
  latency:                  364.003ms [min=291.74ms, max=469.813ms, average=374.701ms, deviation=49.6526ms]
hotpath
  hot path:                 FrontLidarDriver/RearLidarDriver -> ObjectCollisionEstimator
  hot path latency:         115.876ms [min=41.8705ms, max=136.298ms, average=99.6149ms, deviation=25.9226ms]
  hot path drops:           0 [min=0, max=1, average=0.0689655, deviation=0.257881]
  behavior planner period:  100ms [min=99.9879ms, max=100.015ms, average=100.001ms, deviation=0.00569694ms]
----------------------------------------------------------

----------------------------------------------------------
sample path: (IntersectionOutput) 
  order timepoint           sequence nr.                  node name     dropped samples
latency

Statistics:
  latency:                  84.4901ms [min=57.1811ms, max=127.642ms, average=95.9856ms, deviation=14.7198ms]
----------------------------------------------------------

----------------------------------------------------------
sample path: (VehicleDBWSystem) 
  order timepoint           sequence nr.                  node name     dropped samples
bp period
latency

Statistics:
  latency:                  358.12ms [min=291.74ms, max=469.813ms, average=374.253ms, deviation=49.034ms]
hotpath
  hot path:                 FrontLidarDriver/RearLidarDriver -> ObjectCollisionEstimator
  hot path latency:         131.085ms [min=41.8705ms, max=136.298ms, average=100.664ms, deviation=26.1117ms]
  hot path drops:           0 [min=0, max=1, average=0.0666667, deviation=0.253708]
  behavior planner period:  99.9997ms [min=99.9879ms, max=100.015ms, average=100.001ms, deviation=0.00561846ms]
----------------------------------------------------------

----------------------------------------------------------
sample path: (IntersectionOutput) 
  order timepoint           sequence nr.                  node name     dropped samples
latency

Statistics:
  latency:                  83.2523ms [min=57.1811ms, max=127.642ms, average=95.6825ms, deviation=14.6713ms]
----------------------------------------------------------

----------------------------------------------------------
sample path: (VehicleDBWSystem) 
  order timepoint           sequence nr.                  node name     dropped samples
bp period
latency

Statistics:
  latency:                  442.786ms [min=291.74ms, max=469.813ms, average=376.056ms, deviation=49.6281ms]
hotpath
  hot path:                 FrontLidarDriver/RearLidarDriver -> ObjectCollisionEstimator
  hot path latency:         42.1418ms [min=41.8705ms, max=136.298ms, average=98.7761ms, deviation=27.7412ms]
  hot path drops:           1 [min=0, max=1, average=0.0967742, deviation=0.300537]
  behavior planner period:  99.9996ms [min=99.9879ms, max=100.015ms, average=100.001ms, deviation=0.00554371ms]
----------------------------------------------------------

----------------------------------------------------------
sample path: (IntersectionOutput) 
  order timepoint           sequence nr.                  node name     dropped samples
latency

Statistics:
  latency:                  94.0048ms [min=57.1811ms, max=127.642ms, average=95.6435ms, deviation=14.4979ms]
----------------------------------------------------------

----------------------------------------------------------
sample path: (VehicleDBWSystem) 
  order timepoint           sequence nr.                  node name     dropped samples
bp period
latency

Statistics:
  latency:                  433.034ms [min=291.74ms, max=469.813ms, average=377.517ms, deviation=49.8134ms]
  behavior planner period:  100.007ms [min=99.9879ms, max=100.015ms, average=100.001ms, deviation=0.00556534ms]
----------------------------------------------------------

----------------------------------------------------------
sample path: (IntersectionOutput) 
  order timepoint           sequence nr.                  node name     dropped samples
latency

Statistics:
  latency:                  93.9395ms [min=57.1811ms, max=127.642ms, average=95.6047ms, deviation=14.3306ms]
----------------------------------------------------------

----------------------------------------------------------
sample path: (VehicleDBWSystem) 
  order timepoint           sequence nr.                  node name     dropped samples
bp period
latency

Statistics:
  latency:                  367.158ms [min=291.74ms, max=469.813ms, average=377.258ms, deviation=49.1979ms]
hotpath
  hot path:                 FrontLidarDriver/RearLidarDriver -> ObjectCollisionEstimator
  hot path latency:         133.033ms [min=41.8705ms, max=136.298ms, average=99.8466ms, deviation=27.9539ms]
  hot path drops:           0 [min=0, max=1, average=0.09375, deviation=0.296145]
  behavior planner period:  100.007ms [min=99.9879ms, max=100.015ms, average=100.001ms, deviation=0.00557814ms]
----------------------------------------------------------

----------------------------------------------------------
sample path: (IntersectionOutput) 
  order timepoint           sequence nr.                  node name     dropped samples
latency

Statistics:
  latency:                  93.5516ms [min=57.1811ms, max=127.642ms, average=95.5591ms, deviation=14.1701ms]
----------------------------------------------------------

----------------------------------------------------------
sample path: (VehicleDBWSystem) 
  order timepoint           sequence nr.                  node name     dropped samples
bp period
latency

Statistics:
  latency:                  376.362ms [min=291.74ms, max=469.813ms, average=377.236ms, deviation=48.5793ms]
hotpath
  hot path:                 FrontLidarDriver/RearLidarDriver -> ObjectCollisionEstimator
  hot path latency:         130.504ms [min=41.8705ms, max=136.298ms, average=100.776ms, deviation=28.0265ms]
  hot path drops:           0 [min=0, max=1, average=0.0909091, deviation=0.291937]
  behavior planner period:  99.9981ms [min=99.9879ms, max=100.015ms, average=100.001ms, deviation=0.00552717ms]
----------------------------------------------------------

