----------------------------------------------------------
sample path: (VehicleDBWSystem) 
  order timepoint           sequence nr.                  node name     dropped samples
latency

Statistics:
  latency:                  492.43ms [min=492.43ms, max=492.43ms, average=492.43ms, deviation=-nanms]
  behavior planner period:  0ms [min=1.84467e+13ms, max=0ms, average=0ms, deviation=0ms]
----------------------------------------------------------

----------------------------------------------------------
sample path: (IntersectionOutput) 
  order timepoint           sequence nr.                  node name     dropped samples
latency

Statistics:
  latency:                  150.165ms [min=150.165ms, max=150.165ms, average=150.165ms, deviation=-nanms]
----------------------------------------------------------

----------------------------------------------------------
sample path: (VehicleDBWSystem) 
  order timepoint           sequence nr.                  node name     dropped samples
bp period
latency

Statistics:
  latency:                  626.464ms [min=492.43ms, max=626.464ms, average=559.447ms, deviation=94.7758ms]
hotpath
  hot path:                 FrontLidarDriver/RearLidarDriver -> ObjectCollisionEstimator
  hot path latency:         246.149ms [min=246.149ms, max=246.149ms, average=246.149ms, deviation=-nanms]
  hot path drops:           0 [min=0, max=0, average=0, deviation=-nan]
  behavior planner period:  151.407ms [min=151.407ms, max=151.407ms, average=151.407ms, deviation=-nanms]
----------------------------------------------------------

----------------------------------------------------------
sample path: (IntersectionOutput) 
  order timepoint           sequence nr.                  node name     dropped samples
latency

Statistics:
  latency:                  133.929ms [min=133.929ms, max=150.165ms, average=142.047ms, deviation=11.4806ms]
----------------------------------------------------------

----------------------------------------------------------
sample path: (IntersectionOutput) 
  order timepoint           sequence nr.                  node name     dropped samples
latency

Statistics:
  latency:                  156.759ms [min=133.929ms, max=156.759ms, average=146.951ms, deviation=11.7492ms]
----------------------------------------------------------

----------------------------------------------------------
sample path: (VehicleDBWSystem) 
  order timepoint           sequence nr.                  node name     dropped samples
bp period
latency

Statistics:
  latency:                  801.878ms [min=492.43ms, max=801.878ms, average=640.257ms, deviation=155.184ms]
hotpath
  hot path:                 FrontLidarDriver/RearLidarDriver -> ObjectCollisionEstimator
  hot path latency:         290.411ms [min=246.149ms, max=290.411ms, average=268.28ms, deviation=31.2984ms]
  hot path drops:           0 [min=0, max=0, average=0, deviation=0]
  behavior planner period:  186.329ms [min=151.407ms, max=186.329ms, average=168.868ms, deviation=24.6938ms]
----------------------------------------------------------

----------------------------------------------------------
sample path: (IntersectionOutput) 
  order timepoint           sequence nr.                  node name     dropped samples
latency

Statistics:
  latency:                  179.023ms [min=133.929ms, max=179.023ms, average=154.969ms, deviation=18.6865ms]
----------------------------------------------------------

----------------------------------------------------------
sample path: (VehicleDBWSystem) 
  order timepoint           sequence nr.                  node name     dropped samples
bp period
latency

Statistics:
  latency:                  733.438ms [min=492.43ms, max=801.878ms, average=663.553ms, deviation=135.002ms]
hotpath
  hot path:                 FrontLidarDriver/RearLidarDriver -> ObjectCollisionEstimator
  hot path latency:         336.167ms [min=246.149ms, max=336.167ms, average=290.909ms, deviation=45.011ms]
  hot path drops:           1 [min=0, max=1, average=0.333333, deviation=0.57735]
  behavior planner period:  156.837ms [min=151.407ms, max=186.329ms, average=164.858ms, deviation=18.7919ms]
----------------------------------------------------------

----------------------------------------------------------
sample path: (IntersectionOutput) 
  order timepoint           sequence nr.                  node name     dropped samples
latency

Statistics:
  latency:                  176.57ms [min=133.929ms, max=179.023ms, average=159.289ms, deviation=18.8469ms]
----------------------------------------------------------

----------------------------------------------------------
sample path: (VehicleDBWSystem) 
  order timepoint           sequence nr.                  node name     dropped samples
bp period
latency

Statistics:
  latency:                  751.15ms [min=492.43ms, max=801.878ms, average=681.072ms, deviation=123.304ms]
hotpath
  hot path:                 FrontLidarDriver/RearLidarDriver -> ObjectCollisionEstimator
  hot path latency:         343.561ms [min=246.149ms, max=343.561ms, average=304.072ms, deviation=45.2075ms]
  hot path drops:           0 [min=0, max=1, average=0.25, deviation=0.5]
  behavior planner period:  179.104ms [min=151.407ms, max=186.329ms, average=168.419ms, deviation=16.9164ms]
----------------------------------------------------------

----------------------------------------------------------
sample path: (IntersectionOutput) 
  order timepoint           sequence nr.                  node name     dropped samples
latency

Statistics:
  latency:                  167.903ms [min=133.929ms, max=179.023ms, average=160.725ms, deviation=17.2201ms]
----------------------------------------------------------

----------------------------------------------------------
sample path: (VehicleDBWSystem) 
  order timepoint           sequence nr.                  node name     dropped samples
bp period
latency

Statistics:
  latency:                  784.139ms [min=492.43ms, max=801.878ms, average=698.25ms, deviation=118.04ms]
hotpath
  hot path:                 FrontLidarDriver/RearLidarDriver -> ObjectCollisionEstimator
  hot path latency:         397.552ms [min=246.149ms, max=397.552ms, average=322.768ms, deviation=57.2755ms]
  hot path drops:           0 [min=0, max=1, average=0.2, deviation=0.447214]
  behavior planner period:  176.857ms [min=151.407ms, max=186.329ms, average=170.107ms, deviation=15.1282ms]
----------------------------------------------------------

----------------------------------------------------------
sample path: (IntersectionOutput) 
  order timepoint           sequence nr.                  node name     dropped samples
latency

Statistics:
  latency:                  167.011ms [min=133.929ms, max=179.023ms, average=161.623ms, deviation=15.8982ms]
----------------------------------------------------------

----------------------------------------------------------
sample path: (VehicleDBWSystem) 
  order timepoint           sequence nr.                  node name     dropped samples
bp period
latency

Statistics:
  latency:                  772.172ms [min=492.43ms, max=801.878ms, average=708.81ms, deviation=111.319ms]
hotpath
  hot path:                 FrontLidarDriver/RearLidarDriver -> ObjectCollisionEstimator
  hot path latency:         408.007ms [min=246.149ms, max=408.007ms, average=336.974ms, deviation=61.9301ms]
  hot path drops:           0 [min=0, max=1, average=0.166667, deviation=0.408248]
  behavior planner period:  167.181ms [min=151.407ms, max=186.329ms, average=169.619ms, deviation=13.5837ms]
----------------------------------------------------------

----------------------------------------------------------
sample path: (IntersectionOutput) 
  order timepoint           sequence nr.                  node name     dropped samples
latency

Statistics:
  latency:                  144.733ms [min=133.929ms, max=179.023ms, average=159.512ms, deviation=15.8841ms]
----------------------------------------------------------

----------------------------------------------------------
sample path: (VehicleDBWSystem) 
  order timepoint           sequence nr.                  node name     dropped samples
bp period
latency

Statistics:
  latency:                  739.677ms [min=492.43ms, max=801.878ms, average=712.668ms, deviation=103.637ms]
hotpath
  hot path:                 FrontLidarDriver/RearLidarDriver -> ObjectCollisionEstimator
  hot path latency:         396.127ms [min=246.149ms, max=408.007ms, average=345.425ms, deviation=60.7946ms]
  hot path drops:           0 [min=0, max=1, average=0.142857, deviation=0.377964]
  behavior planner period:  156.03ms [min=151.407ms, max=186.329ms, average=167.678ms, deviation=13.4219ms]
----------------------------------------------------------

----------------------------------------------------------
sample path: (IntersectionOutput) 
  order timepoint           sequence nr.                  node name     dropped samples
latency

Statistics:
  latency:                  146.583ms [min=133.929ms, max=179.023ms, average=158.075ms, deviation=15.4706ms]
----------------------------------------------------------

----------------------------------------------------------
sample path: (VehicleDBWSystem) 
  order timepoint           sequence nr.                  node name     dropped samples
bp period
latency

Statistics:
  latency:                  702.665ms [min=492.43ms, max=801.878ms, average=711.557ms, deviation=97.0011ms]
hotpath
  hot path:                 FrontLidarDriver/RearLidarDriver -> ObjectCollisionEstimator
  hot path latency:         385.059ms [min=246.149ms, max=408.007ms, average=350.379ms, deviation=58.003ms]
  hot path drops:           0 [min=0, max=1, average=0.125, deviation=0.353553]
  behavior planner period:  165.826ms [min=151.407ms, max=186.329ms, average=167.446ms, deviation=12.4435ms]
----------------------------------------------------------

----------------------------------------------------------
sample path: (IntersectionOutput) 
  order timepoint           sequence nr.                  node name     dropped samples
latency

Statistics:
  latency:                  139.822ms [min=133.929ms, max=179.023ms, average=156.25ms, deviation=15.6864ms]
----------------------------------------------------------

----------------------------------------------------------
sample path: (IntersectionOutput) 
  order timepoint           sequence nr.                  node name     dropped samples
latency

Statistics:
  latency:                  127.682ms [min=127.682ms, max=179.023ms, average=153.653ms, deviation=17.1945ms]
----------------------------------------------------------

----------------------------------------------------------
sample path: (VehicleDBWSystem) 
  order timepoint           sequence nr.                  node name     dropped samples
bp period
latency

Statistics:
  latency:                  789.766ms [min=492.43ms, max=801.878ms, average=719.378ms, deviation=94.7387ms]
hotpath
  hot path:                 FrontLidarDriver/RearLidarDriver -> ObjectCollisionEstimator
  hot path latency:         363.592ms [min=246.149ms, max=408.007ms, average=351.847ms, deviation=54.4353ms]
  hot path drops:           0 [min=0, max=1, average=0.111111, deviation=0.333333]
  behavior planner period:  213.867ms [min=151.407ms, max=213.867ms, average=172.604ms, deviation=19.3626ms]
----------------------------------------------------------

----------------------------------------------------------
sample path: (IntersectionOutput) 
  order timepoint           sequence nr.                  node name     dropped samples
latency

Statistics:
  latency:                  180.05ms [min=127.682ms, max=180.05ms, average=155.853ms, deviation=18.0787ms]
----------------------------------------------------------

----------------------------------------------------------
sample path: (VehicleDBWSystem) 
  order timepoint           sequence nr.                  node name     dropped samples
bp period
latency

Statistics:
  latency:                  793.268ms [min=492.43ms, max=801.878ms, average=726.095ms, deviation=92.5971ms]
hotpath
  hot path:                 FrontLidarDriver/RearLidarDriver -> ObjectCollisionEstimator
  hot path latency:         321.573ms [min=246.149ms, max=408.007ms, average=348.82ms, deviation=52.2074ms]
  hot path drops:           0 [min=0, max=1, average=0.1, deviation=0.316228]
  behavior planner period:  127.779ms [min=127.779ms, max=213.867ms, average=168.122ms, deviation=23.1125ms]
----------------------------------------------------------

----------------------------------------------------------
sample path: (IntersectionOutput) 
  order timepoint           sequence nr.                  node name     dropped samples
latency

Statistics:
  latency:                  198.698ms [min=127.682ms, max=198.698ms, average=159.148ms, deviation=20.9955ms]
----------------------------------------------------------

----------------------------------------------------------
sample path: (VehicleDBWSystem) 
  order timepoint           sequence nr.                  node name     dropped samples
bp period
latency

Statistics:
  latency:                  803.09ms [min=492.43ms, max=803.09ms, average=732.511ms, deviation=91.0426ms]
hotpath
  hot path:                 FrontLidarDriver/RearLidarDriver -> ObjectCollisionEstimator
  hot path latency:         322.808ms [min=246.149ms, max=408.007ms, average=346.455ms, deviation=50.1454ms]
  hot path drops:           0 [min=0, max=1, average=0.0909091, deviation=0.301511]
  behavior planner period:  180.146ms [min=127.779ms, max=213.867ms, average=169.215ms, deviation=22.2242ms]
----------------------------------------------------------

----------------------------------------------------------
sample path: (IntersectionOutput) 
  order timepoint           sequence nr.                  node name     dropped samples
latency

Statistics:
  latency:                  165.671ms [min=127.682ms, max=198.698ms, average=159.614ms, deviation=20.247ms]
----------------------------------------------------------

----------------------------------------------------------
sample path: (VehicleDBWSystem) 
  order timepoint           sequence nr.                  node name     dropped samples
bp period
latency

Statistics:
  latency:                  815.325ms [min=492.43ms, max=815.325ms, average=738.882ms, deviation=90.142ms]
hotpath
  hot path:                 FrontLidarDriver/RearLidarDriver -> ObjectCollisionEstimator
  hot path latency:         361.763ms [min=246.149ms, max=408.007ms, average=347.731ms, deviation=48.0155ms]
  hot path drops:           0 [min=0, max=1, average=0.0833333, deviation=0.288675]
  behavior planner period:  198.761ms [min=127.779ms, max=213.867ms, average=171.677ms, deviation=22.842ms]
----------------------------------------------------------

----------------------------------------------------------
sample path: (IntersectionOutput) 
  order timepoint           sequence nr.                  node name     dropped samples
latency

Statistics:
  latency:                  165.189ms [min=127.682ms, max=198.698ms, average=159.986ms, deviation=19.5636ms]
----------------------------------------------------------

----------------------------------------------------------
sample path: (VehicleDBWSystem) 
  order timepoint           sequence nr.                  node name     dropped samples
bp period
latency

Statistics:
  latency:                  760.391ms [min=492.43ms, max=815.325ms, average=740.418ms, deviation=86.7962ms]
hotpath
  hot path:                 FrontLidarDriver/RearLidarDriver -> ObjectCollisionEstimator
  hot path latency:         409.614ms [min=246.149ms, max=409.614ms, average=352.491ms, deviation=49.0708ms]
  hot path drops:           0 [min=0, max=1, average=0.0769231, deviation=0.27735]
  behavior planner period:  165.736ms [min=127.779ms, max=213.867ms, average=171.22ms, deviation=21.9316ms]
----------------------------------------------------------

----------------------------------------------------------
sample path: (IntersectionOutput) 
  order timepoint           sequence nr.                  node name     dropped samples
latency

Statistics:
  latency:                  166.421ms [min=127.682ms, max=198.698ms, average=160.388ms, deviation=18.9685ms]
----------------------------------------------------------

----------------------------------------------------------
sample path: (VehicleDBWSystem) 
  order timepoint           sequence nr.                  node name     dropped samples
bp period
latency

Statistics:
  latency:                  750.095ms [min=492.43ms, max=815.325ms, average=741.063ms, deviation=83.6762ms]
hotpath
  hot path:                 FrontLidarDriver/RearLidarDriver -> ObjectCollisionEstimator
  hot path latency:         269.041ms [min=246.149ms, max=409.614ms, average=346.53ms, deviation=52.155ms]
  hot path drops:           2 [min=0, max=2, average=0.214286, deviation=0.578934]
  behavior planner period:  215.846ms [min=127.779ms, max=215.846ms, average=174.408ms, deviation=24.2125ms]
----------------------------------------------------------

----------------------------------------------------------
sample path: (IntersectionOutput) 
  order timepoint           sequence nr.                  node name     dropped samples
latency

Statistics:
  latency:                  159.79ms [min=127.682ms, max=198.698ms, average=160.353ms, deviation=18.3668ms]
----------------------------------------------------------

----------------------------------------------------------
sample path: (VehicleDBWSystem) 
  order timepoint           sequence nr.                  node name     dropped samples
bp period
latency

Statistics:
  latency:                  633.463ms [min=492.43ms, max=815.325ms, average=734.338ms, deviation=85.1971ms]
hotpath
  hot path:                 FrontLidarDriver/RearLidarDriver -> ObjectCollisionEstimator
  hot path latency:         206.107ms [min=206.107ms, max=409.614ms, average=337.169ms, deviation=61.9712ms]
  hot path drops:           0 [min=0, max=2, average=0.2, deviation=0.560612]
  behavior planner period:  137.868ms [min=127.779ms, max=215.846ms, average=171.972ms, deviation=25.167ms]
----------------------------------------------------------

----------------------------------------------------------
sample path: (IntersectionOutput) 
  order timepoint           sequence nr.                  node name     dropped samples
latency

Statistics:
  latency:                  214.884ms [min=127.682ms, max=214.884ms, average=163.382ms, deviation=21.9703ms]
----------------------------------------------------------

----------------------------------------------------------
sample path: (IntersectionOutput) 
  order timepoint           sequence nr.                  node name     dropped samples
latency

Statistics:
  latency:                  210.927ms [min=127.682ms, max=214.884ms, average=165.885ms, deviation=23.9761ms]
----------------------------------------------------------

----------------------------------------------------------
sample path: (VehicleDBWSystem) 
  order timepoint           sequence nr.                  node name     dropped samples
bp period
latency

Statistics:
  latency:                  665.902ms [min=492.43ms, max=815.325ms, average=730.313ms, deviation=84.1451ms]
hotpath
  hot path:                 FrontLidarDriver/RearLidarDriver -> ObjectCollisionEstimator
  hot path latency:         233.38ms [min=206.107ms, max=409.614ms, average=330.682ms, deviation=65.2507ms]
  hot path drops:           0 [min=0, max=2, average=0.1875, deviation=0.543906]
  behavior planner period:  107.46ms [min=107.46ms, max=215.846ms, average=167.94ms, deviation=29.1764ms]
----------------------------------------------------------

----------------------------------------------------------
sample path: (IntersectionOutput) 
  order timepoint           sequence nr.                  node name     dropped samples
latency

Statistics:
  latency:                  175.345ms [min=127.682ms, max=214.884ms, average=166.358ms, deviation=23.4323ms]
----------------------------------------------------------

----------------------------------------------------------
sample path: (IntersectionOutput) 
  order timepoint           sequence nr.                  node name     dropped samples
latency

Statistics:
  latency:                  196.991ms [min=127.682ms, max=214.884ms, average=167.816ms, deviation=23.7971ms]
----------------------------------------------------------

----------------------------------------------------------
sample path: (VehicleDBWSystem) 
  order timepoint           sequence nr.                  node name     dropped samples
bp period
latency

Statistics:
  latency:                  756.272ms [min=492.43ms, max=815.325ms, average=731.755ms, deviation=81.8617ms]
hotpath
  hot path:                 FrontLidarDriver/RearLidarDriver -> ObjectCollisionEstimator
  hot path latency:         464.891ms [min=206.107ms, max=464.891ms, average=338.577ms, deviation=71.0709ms]
  hot path drops:           0 [min=0, max=2, average=0.176471, deviation=0.528594]
  behavior planner period:  128.468ms [min=107.46ms, max=215.846ms, average=165.618ms, deviation=29.8279ms]
----------------------------------------------------------

----------------------------------------------------------
sample path: (IntersectionOutput) 
  order timepoint           sequence nr.                  node name     dropped samples
latency

Statistics:
  latency:                  156.486ms [min=127.682ms, max=214.884ms, average=167.301ms, deviation=23.3489ms]
----------------------------------------------------------

----------------------------------------------------------
sample path: (VehicleDBWSystem) 
  order timepoint           sequence nr.                  node name     dropped samples
bp period
latency

Statistics:
  latency:                  818.172ms [min=492.43ms, max=818.172ms, average=736.303ms, deviation=81.9883ms]
hotpath
  hot path:                 FrontLidarDriver/RearLidarDriver -> ObjectCollisionEstimator
  hot path latency:         439.016ms [min=206.107ms, max=464.891ms, average=344.157ms, deviation=72.8999ms]
  hot path drops:           0 [min=0, max=2, average=0.166667, deviation=0.514496]
  behavior planner period:  178.417ms [min=107.46ms, max=215.846ms, average=166.329ms, deviation=29.0942ms]
----------------------------------------------------------

----------------------------------------------------------
sample path: (IntersectionOutput) 
  order timepoint           sequence nr.                  node name     dropped samples
latency

Statistics:
  latency:                  170.43ms [min=127.682ms, max=214.884ms, average=167.437ms, deviation=22.8214ms]
----------------------------------------------------------

----------------------------------------------------------
sample path: (VehicleDBWSystem) 
  order timepoint           sequence nr.                  node name     dropped samples
bp period
latency

Statistics:
  latency:                  745.532ms [min=492.43ms, max=818.172ms, average=736.764ms, deviation=79.8283ms]
hotpath
  hot path:                 FrontLidarDriver/RearLidarDriver -> ObjectCollisionEstimator
  hot path latency:         395.114ms [min=206.107ms, max=464.891ms, average=346.839ms, deviation=71.804ms]
  hot path drops:           0 [min=0, max=2, average=0.157895, deviation=0.50146]
  behavior planner period:  180.607ms [min=107.46ms, max=215.846ms, average=167.08ms, deviation=28.4636ms]
----------------------------------------------------------

----------------------------------------------------------
sample path: (IntersectionOutput) 
  order timepoint           sequence nr.                  node name     dropped samples
latency

Statistics:
  latency:                  138.272ms [min=127.682ms, max=214.884ms, average=166.222ms, deviation=23.1001ms]
----------------------------------------------------------

----------------------------------------------------------
sample path: (VehicleDBWSystem) 
  order timepoint           sequence nr.                  node name     dropped samples
bp period
latency

Statistics:
  latency:                  751.366ms [min=492.43ms, max=818.172ms, average=737.46ms, deviation=77.8722ms]
hotpath
  hot path:                 FrontLidarDriver/RearLidarDriver -> ObjectCollisionEstimator
  hot path latency:         390.075ms [min=206.107ms, max=464.891ms, average=349ms, deviation=70.5545ms]
  hot path drops:           0 [min=0, max=2, average=0.15, deviation=0.48936]
  behavior planner period:  157.694ms [min=107.46ms, max=215.846ms, average=166.611ms, deviation=27.7838ms]
----------------------------------------------------------

----------------------------------------------------------
sample path: (IntersectionOutput) 
  order timepoint           sequence nr.                  node name     dropped samples
latency

Statistics:
  latency:                  170.534ms [min=127.682ms, max=214.884ms, average=166.395ms, deviation=22.6302ms]
----------------------------------------------------------

----------------------------------------------------------
sample path: (VehicleDBWSystem) 
  order timepoint           sequence nr.                  node name     dropped samples
bp period
latency

Statistics:
  latency:                  749.531ms [min=492.43ms, max=818.172ms, average=738.008ms, deviation=76.039ms]
hotpath
  hot path:                 FrontLidarDriver/RearLidarDriver -> ObjectCollisionEstimator
  hot path latency:         349.282ms [min=206.107ms, max=464.891ms, average=349.014ms, deviation=68.768ms]
  hot path drops:           0 [min=0, max=2, average=0.142857, deviation=0.478091]
  behavior planner period:  171.197ms [min=107.46ms, max=215.846ms, average=166.829ms, deviation=27.0988ms]
----------------------------------------------------------

----------------------------------------------------------
sample path: (IntersectionOutput) 
  order timepoint           sequence nr.                  node name     dropped samples
latency

Statistics:
  latency:                  176.472ms [min=127.682ms, max=214.884ms, average=166.782ms, deviation=22.2609ms]
----------------------------------------------------------

----------------------------------------------------------
sample path: (VehicleDBWSystem) 
  order timepoint           sequence nr.                  node name     dropped samples
bp period
latency

Statistics:
  latency:                  640.675ms [min=492.43ms, max=818.172ms, average=733.777ms, deviation=77.0131ms]
  behavior planner period:  177.359ms [min=107.46ms, max=215.846ms, average=167.308ms, deviation=26.5408ms]
----------------------------------------------------------

----------------------------------------------------------
sample path: (IntersectionOutput) 
  order timepoint           sequence nr.                  node name     dropped samples
latency

Statistics:
  latency:                  155.198ms [min=127.682ms, max=214.884ms, average=166.353ms, deviation=21.9421ms]
----------------------------------------------------------

