FrontLidarDriver
RearLidarDriver
PointCloudMap
Visualizer
Lanelet2Map
EuclideanClusterSettings
PointsTransformerFront
PointsTransformerRear
VoxelGridDownsampler
PointCloudMapLoader
RayGroundFilter
ObjectCollisionEstimator
MPCController
ParkingPlanner
LanePlanner
PointCloudFusion
NDTLocalizer
VehicleInterface
Lanelet2GlobalPlanner
Lanelet2MapLoader
BehaviorPlanner
EuclideanClusterDetector
VehicleDBWSystem
IntersectionOutput
EuclideanClusterDetector
ObjectCollisionEstimator
PointCloudFusion
RayGroundFilter
----------------------------------------------------------
sample path: (IntersectionOutput) 
  order timepoint           sequence nr.                  node name     dropped samples
latency

Statistics:
  latency:                  68.3422ms [min=68.3422ms, max=68.3422ms, average=68.3422ms, deviation=-nanms]
----------------------------------------------------------

----------------------------------------------------------
sample path: (IntersectionOutput) 
  order timepoint           sequence nr.                  node name     dropped samples
latency

Statistics:
  latency:                  58.4836ms [min=58.4836ms, max=68.3422ms, average=63.4129ms, deviation=6.97114ms]
----------------------------------------------------------

----------------------------------------------------------
sample path: (IntersectionOutput) 
  order timepoint           sequence nr.                  node name     dropped samples
latency

Statistics:
  latency:                  37.8032ms [min=37.8032ms, max=68.3422ms, average=54.8763ms, deviation=15.5858ms]
----------------------------------------------------------

----------------------------------------------------------
sample path: (VehicleDBWSystem) 
  order timepoint           sequence nr.                  node name     dropped samples
latency

Statistics:
  latency:                  269.428ms [min=269.428ms, max=269.428ms, average=269.428ms, deviation=-nanms]
hotpath
  hot path:                 FrontLidarDriver/RearLidarDriver -> ObjectCollisionEstimator
  hot path latency:         64.8386ms [min=64.8386ms, max=64.8386ms, average=64.8386ms, deviation=-nanms]
  hot path drops:           0 [min=0, max=0, average=0, deviation=-nan]
  behavior planner period:  0ms [min=1.84467e+13ms, max=0ms, average=0ms, deviation=0ms]
----------------------------------------------------------

----------------------------------------------------------
sample path: (IntersectionOutput) 
  order timepoint           sequence nr.                  node name     dropped samples
latency

Statistics:
  latency:                  37.3038ms [min=37.3038ms, max=68.3422ms, average=50.4832ms, deviation=15.4643ms]
----------------------------------------------------------

----------------------------------------------------------
sample path: (IntersectionOutput) 
  order timepoint           sequence nr.                  node name     dropped samples
latency

Statistics:
  latency:                  48.4107ms [min=37.3038ms, max=68.3422ms, average=50.0687ms, deviation=13.4245ms]
----------------------------------------------------------

----------------------------------------------------------
sample path: (IntersectionOutput) 
  order timepoint           sequence nr.                  node name     dropped samples
latency

Statistics:
  latency:                  68.0345ms [min=37.3038ms, max=68.3422ms, average=53.063ms, deviation=14.0701ms]
----------------------------------------------------------

----------------------------------------------------------
sample path: (VehicleDBWSystem) 
  order timepoint           sequence nr.                  node name     dropped samples
bp period
latency

Statistics:
  latency:                  252.527ms [min=252.527ms, max=269.428ms, average=260.978ms, deviation=11.9505ms]
hotpath
  hot path:                 FrontLidarDriver/RearLidarDriver -> ObjectCollisionEstimator
  hot path latency:         58.1047ms [min=58.1047ms, max=64.8386ms, average=61.4716ms, deviation=4.76158ms]
  hot path drops:           0 [min=0, max=0, average=0, deviation=0]
  behavior planner period:  99.9964ms [min=99.9964ms, max=99.9964ms, average=99.9964ms, deviation=-nanms]
----------------------------------------------------------

----------------------------------------------------------
sample path: (IntersectionOutput) 
  order timepoint           sequence nr.                  node name     dropped samples
latency

Statistics:
  latency:                  66.0066ms [min=37.3038ms, max=68.3422ms, average=54.9121ms, deviation=13.7444ms]
----------------------------------------------------------

----------------------------------------------------------
sample path: (IntersectionOutput) 
  order timepoint           sequence nr.                  node name     dropped samples
latency

Statistics:
  latency:                  36.7521ms [min=36.7521ms, max=68.3422ms, average=52.6421ms, deviation=14.2528ms]
----------------------------------------------------------

----------------------------------------------------------
sample path: (IntersectionOutput) 
  order timepoint           sequence nr.                  node name     dropped samples
latency

Statistics:
  latency:                  53.2577ms [min=36.7521ms, max=68.3422ms, average=52.7105ms, deviation=13.3339ms]
----------------------------------------------------------

----------------------------------------------------------
sample path: (VehicleDBWSystem) 
  order timepoint           sequence nr.                  node name     dropped samples
bp period
latency

Statistics:
  latency:                  277.159ms [min=252.527ms, max=277.159ms, average=266.371ms, deviation=12.5969ms]
hotpath
  hot path:                 FrontLidarDriver/RearLidarDriver -> ObjectCollisionEstimator
  hot path latency:         72.216ms [min=58.1047ms, max=72.216ms, average=65.0531ms, deviation=7.05813ms]
  hot path drops:           0 [min=0, max=0, average=0, deviation=0]
  behavior planner period:  100.008ms [min=99.9964ms, max=100.008ms, average=100.002ms, deviation=0.00813173ms]
----------------------------------------------------------

----------------------------------------------------------
sample path: (IntersectionOutput) 
  order timepoint           sequence nr.                  node name     dropped samples
latency

Statistics:
  latency:                  39.3128ms [min=36.7521ms, max=68.3422ms, average=51.3707ms, deviation=13.266ms]
----------------------------------------------------------

----------------------------------------------------------
sample path: (IntersectionOutput) 
  order timepoint           sequence nr.                  node name     dropped samples
latency

Statistics:
  latency:                  79.2742ms [min=36.7521ms, max=79.2742ms, average=53.9074ms, deviation=15.1384ms]
----------------------------------------------------------

----------------------------------------------------------
sample path: (IntersectionOutput) 
  order timepoint           sequence nr.                  node name     dropped samples
latency

Statistics:
  latency:                  95.2143ms [min=36.7521ms, max=95.2143ms, average=57.3496ms, deviation=18.7223ms]
----------------------------------------------------------

----------------------------------------------------------
sample path: (VehicleDBWSystem) 
  order timepoint           sequence nr.                  node name     dropped samples
bp period
latency

Statistics:
  latency:                  268.993ms [min=252.527ms, max=277.159ms, average=267.027ms, deviation=10.3685ms]
hotpath
  hot path:                 FrontLidarDriver/RearLidarDriver -> ObjectCollisionEstimator
  hot path latency:         50.7582ms [min=50.7582ms, max=72.216ms, average=61.4794ms, deviation=9.18137ms]
  hot path drops:           0 [min=0, max=0, average=0, deviation=0]
  behavior planner period:  100.01ms [min=99.9964ms, max=100.01ms, average=100.005ms, deviation=0.00721549ms]
----------------------------------------------------------

----------------------------------------------------------
sample path: (IntersectionOutput) 
  order timepoint           sequence nr.                  node name     dropped samples
latency

Statistics:
  latency:                  75.7364ms [min=36.7521ms, max=95.2143ms, average=58.764ms, deviation=18.6365ms]
----------------------------------------------------------

----------------------------------------------------------
sample path: (IntersectionOutput) 
  order timepoint           sequence nr.                  node name     dropped samples
latency

Statistics:
  latency:                  62.6076ms [min=36.7521ms, max=95.2143ms, average=59.0386ms, deviation=17.9349ms]
----------------------------------------------------------

----------------------------------------------------------
sample path: (IntersectionOutput) 
  order timepoint           sequence nr.                  node name     dropped samples
latency

Statistics:
  latency:                  49.8791ms [min=36.7521ms, max=95.2143ms, average=58.4279ms, deviation=17.4435ms]
----------------------------------------------------------

----------------------------------------------------------
sample path: (VehicleDBWSystem) 
  order timepoint           sequence nr.                  node name     dropped samples
bp period
latency

Statistics:
  latency:                  251.303ms [min=251.303ms, max=277.159ms, average=263.882ms, deviation=11.4052ms]
hotpath
  hot path:                 FrontLidarDriver/RearLidarDriver -> ObjectCollisionEstimator
  hot path latency:         80.0709ms [min=50.7582ms, max=80.0709ms, average=65.1977ms, deviation=11.5044ms]
  hot path drops:           0 [min=0, max=0, average=0, deviation=0]
  behavior planner period:  99.9819ms [min=99.9819ms, max=100.01ms, average=99.9989ms, deviation=0.0128175ms]
----------------------------------------------------------

----------------------------------------------------------
sample path: (IntersectionOutput) 
  order timepoint           sequence nr.                  node name     dropped samples
latency

Statistics:
  latency:                  48.2063ms [min=36.7521ms, max=95.2143ms, average=57.7891ms, deviation=17.0447ms]
----------------------------------------------------------

----------------------------------------------------------
sample path: (IntersectionOutput) 
  order timepoint           sequence nr.                  node name     dropped samples
latency

Statistics:
  latency:                  37.7647ms [min=36.7521ms, max=95.2143ms, average=56.6112ms, deviation=17.2032ms]
----------------------------------------------------------

----------------------------------------------------------
sample path: (IntersectionOutput) 
  order timepoint           sequence nr.                  node name     dropped samples
latency

Statistics:
  latency:                  62.721ms [min=36.7521ms, max=95.2143ms, average=56.9506ms, deviation=16.7516ms]
----------------------------------------------------------

----------------------------------------------------------
sample path: (IntersectionOutput) 
  order timepoint           sequence nr.                  node name     dropped samples
latency

Statistics:
  latency:                  54.2882ms [min=36.7521ms, max=95.2143ms, average=56.8105ms, deviation=16.2911ms]
----------------------------------------------------------

----------------------------------------------------------
sample path: (VehicleDBWSystem) 
  order timepoint           sequence nr.                  node name     dropped samples
bp period
latency

Statistics:
  latency:                  207.13ms [min=207.13ms, max=277.159ms, average=254.423ms, deviation=25.3154ms]
hotpath
  hot path:                 FrontLidarDriver/RearLidarDriver -> ObjectCollisionEstimator
  hot path latency:         65.1809ms [min=50.7582ms, max=80.0709ms, average=65.1949ms, deviation=10.2899ms]
  hot path drops:           0 [min=0, max=0, average=0, deviation=0]
  behavior planner period:  100.024ms [min=99.9819ms, max=100.024ms, average=100.004ms, deviation=0.0158581ms]
----------------------------------------------------------

----------------------------------------------------------
sample path: (IntersectionOutput) 
  order timepoint           sequence nr.                  node name     dropped samples
latency

Statistics:
  latency:                  45.0497ms [min=36.7521ms, max=95.2143ms, average=56.2224ms, deviation=16.0732ms]
----------------------------------------------------------

----------------------------------------------------------
sample path: (IntersectionOutput) 
  order timepoint           sequence nr.                  node name     dropped samples
latency

Statistics:
  latency:                  45.5846ms [min=36.7521ms, max=95.2143ms, average=55.7159ms, deviation=15.8372ms]
----------------------------------------------------------

----------------------------------------------------------
sample path: (IntersectionOutput) 
  order timepoint           sequence nr.                  node name     dropped samples
latency

Statistics:
  latency:                  79.5464ms [min=36.7521ms, max=95.2143ms, average=56.7991ms, deviation=16.2692ms]
----------------------------------------------------------

----------------------------------------------------------
sample path: (IntersectionOutput) 
  order timepoint           sequence nr.                  node name     dropped samples
latency

Statistics:
  latency:                  68.5824ms [min=36.7521ms, max=95.2143ms, average=57.3114ms, deviation=16.0839ms]
----------------------------------------------------------

----------------------------------------------------------
sample path: (VehicleDBWSystem) 
  order timepoint           sequence nr.                  node name     dropped samples
bp period
latency

Statistics:
  latency:                  278.549ms [min=207.13ms, max=278.549ms, average=257.87ms, deviation=24.8437ms]
hotpath
  hot path:                 FrontLidarDriver/RearLidarDriver -> ObjectCollisionEstimator
  hot path latency:         65.8085ms [min=50.7582ms, max=80.0709ms, average=65.2825ms, deviation=9.39621ms]
  hot path drops:           0 [min=0, max=0, average=0, deviation=0]
  behavior planner period:  99.9785ms [min=99.9785ms, max=100.024ms, average=99.9998ms, deviation=0.0176039ms]
----------------------------------------------------------

----------------------------------------------------------
sample path: (IntersectionOutput) 
  order timepoint           sequence nr.                  node name     dropped samples
latency

Statistics:
  latency:                  10.5909ms [min=10.5909ms, max=95.2143ms, average=55.3647ms, deviation=18.3955ms]
----------------------------------------------------------

----------------------------------------------------------
sample path: (IntersectionOutput) 
  order timepoint           sequence nr.                  node name     dropped samples
latency

Statistics:
  latency:                  86.1181ms [min=10.5909ms, max=95.2143ms, average=56.5948ms, deviation=19.0296ms]
----------------------------------------------------------

----------------------------------------------------------
sample path: (IntersectionOutput) 
  order timepoint           sequence nr.                  node name     dropped samples
latency

Statistics:
  latency:                  75.9002ms [min=10.5909ms, max=95.2143ms, average=57.3374ms, deviation=19.0257ms]
----------------------------------------------------------

----------------------------------------------------------
sample path: (VehicleDBWSystem) 
  order timepoint           sequence nr.                  node name     dropped samples
bp period
latency

Statistics:
  latency:                  205.313ms [min=205.313ms, max=278.549ms, average=251.3ms, deviation=29.5689ms]
hotpath
  hot path:                 FrontLidarDriver/RearLidarDriver -> ObjectCollisionEstimator
  hot path latency:         65.4485ms [min=50.7582ms, max=80.0709ms, average=65.3033ms, deviation=8.6994ms]
  hot path drops:           0 [min=0, max=0, average=0, deviation=0]
  behavior planner period:  100.001ms [min=99.9785ms, max=100.024ms, average=99.9999ms, deviation=0.0160738ms]
----------------------------------------------------------

----------------------------------------------------------
sample path: (IntersectionOutput) 
  order timepoint           sequence nr.                  node name     dropped samples
latency

Statistics:
  latency:                  55.0408ms [min=10.5909ms, max=95.2143ms, average=57.2523ms, deviation=18.6614ms]
----------------------------------------------------------

----------------------------------------------------------
sample path: (IntersectionOutput) 
  order timepoint           sequence nr.                  node name     dropped samples
latency

Statistics:
  latency:                  65.1224ms [min=10.5909ms, max=95.2143ms, average=57.5334ms, deviation=18.3729ms]
----------------------------------------------------------

----------------------------------------------------------
sample path: (IntersectionOutput) 
  order timepoint           sequence nr.                  node name     dropped samples
latency

Statistics:
  latency:                  73.0349ms [min=10.5909ms, max=95.2143ms, average=58.0679ms, deviation=18.27ms]
----------------------------------------------------------

----------------------------------------------------------
sample path: (IntersectionOutput) 
  order timepoint           sequence nr.                  node name     dropped samples
latency

Statistics:
  latency:                  62.4636ms [min=10.5909ms, max=95.2143ms, average=58.2144ms, deviation=17.9702ms]
----------------------------------------------------------

----------------------------------------------------------
sample path: (VehicleDBWSystem) 
  order timepoint           sequence nr.                  node name     dropped samples
bp period
latency

Statistics:
  latency:                  214.176ms [min=205.313ms, max=278.549ms, average=247.175ms, deviation=30.3012ms]
hotpath
  hot path:                 FrontLidarDriver/RearLidarDriver -> ObjectCollisionEstimator
  hot path latency:         87.4018ms [min=50.7582ms, max=87.4018ms, average=67.7587ms, deviation=10.9763ms]
  hot path drops:           0 [min=0, max=0, average=0, deviation=0]
  behavior planner period:  100.005ms [min=99.9785ms, max=100.024ms, average=100.001ms, deviation=0.0149855ms]
----------------------------------------------------------

----------------------------------------------------------
sample path: (IntersectionOutput) 
  order timepoint           sequence nr.                  node name     dropped samples
latency

Statistics:
  latency:                  69.0026ms [min=10.5909ms, max=95.2143ms, average=58.5624ms, deviation=17.7741ms]
----------------------------------------------------------

----------------------------------------------------------
sample path: (IntersectionOutput) 
  order timepoint           sequence nr.                  node name     dropped samples
latency

Statistics:
  latency:                  66.4968ms [min=10.5909ms, max=95.2143ms, average=58.8104ms, deviation=17.5412ms]
----------------------------------------------------------

----------------------------------------------------------
sample path: (VehicleDBWSystem) 
  order timepoint           sequence nr.                  node name     dropped samples
bp period
latency

Statistics:
  latency:                  278.628ms [min=205.313ms, max=278.628ms, average=250.32ms, deviation=30.2502ms]
hotpath
  hot path:                 FrontLidarDriver/RearLidarDriver -> ObjectCollisionEstimator
  hot path latency:         79.7039ms [min=50.7582ms, max=87.4018ms, average=68.9532ms, deviation=11.0165ms]
  hot path drops:           0 [min=0, max=0, average=0, deviation=0]
  behavior planner period:  99.9947ms [min=99.9785ms, max=100.024ms, average=99.9999ms, deviation=0.014152ms]
----------------------------------------------------------

----------------------------------------------------------
sample path: (IntersectionOutput) 
  order timepoint           sequence nr.                  node name     dropped samples
latency

Statistics:
  latency:                  58.541ms [min=10.5909ms, max=95.2143ms, average=58.8022ms, deviation=17.265ms]
----------------------------------------------------------

----------------------------------------------------------
sample path: (IntersectionOutput) 
  order timepoint           sequence nr.                  node name     dropped samples
latency

Statistics:
  latency:                  39.1076ms [min=10.5909ms, max=95.2143ms, average=58.223ms, deviation=17.3337ms]
----------------------------------------------------------

----------------------------------------------------------
sample path: (IntersectionOutput) 
  order timepoint           sequence nr.                  node name     dropped samples
latency

Statistics:
  latency:                  20.3179ms [min=10.5909ms, max=95.2143ms, average=57.14ms, deviation=18.2393ms]
----------------------------------------------------------

----------------------------------------------------------
sample path: (IntersectionOutput) 
  order timepoint           sequence nr.                  node name     dropped samples
latency

Statistics:
  latency:                  20.6504ms [min=10.5909ms, max=95.2143ms, average=56.1264ms, deviation=18.9777ms]
----------------------------------------------------------

----------------------------------------------------------
sample path: (VehicleDBWSystem) 
  order timepoint           sequence nr.                  node name     dropped samples
bp period
latency

Statistics:
  latency:                  249.341ms [min=205.313ms, max=278.628ms, average=250.231ms, deviation=28.6994ms]
hotpath
  hot path:                 FrontLidarDriver/RearLidarDriver -> ObjectCollisionEstimator
  hot path latency:         69.0302ms [min=50.7582ms, max=87.4018ms, average=68.9602ms, deviation=10.4512ms]
  hot path drops:           0 [min=0, max=0, average=0, deviation=0]
  behavior planner period:  100.003ms [min=99.9785ms, max=100.024ms, average=100ms, deviation=0.0133862ms]
----------------------------------------------------------

----------------------------------------------------------
sample path: (IntersectionOutput) 
  order timepoint           sequence nr.                  node name     dropped samples
latency

Statistics:
  latency:                  58.4266ms [min=10.5909ms, max=95.2143ms, average=56.1885ms, deviation=18.7161ms]
----------------------------------------------------------

----------------------------------------------------------
sample path: (IntersectionOutput) 
  order timepoint           sequence nr.                  node name     dropped samples
latency

Statistics:
  latency:                  46.9547ms [min=10.5909ms, max=95.2143ms, average=55.9455ms, deviation=18.5221ms]
----------------------------------------------------------

----------------------------------------------------------
sample path: (IntersectionOutput) 
  order timepoint           sequence nr.                  node name     dropped samples
latency

Statistics:
  latency:                  19.7798ms [min=10.5909ms, max=95.2143ms, average=55.0182ms, deviation=19.1723ms]
----------------------------------------------------------

----------------------------------------------------------
sample path: (IntersectionOutput) 
  order timepoint           sequence nr.                  node name     dropped samples
latency

Statistics:
  latency:                  47.6404ms [min=10.5909ms, max=95.2143ms, average=54.8338ms, deviation=18.9608ms]
----------------------------------------------------------

----------------------------------------------------------
sample path: (VehicleDBWSystem) 
  order timepoint           sequence nr.                  node name     dropped samples
bp period
latency

Statistics:
  latency:                  175.353ms [min=175.353ms, max=278.628ms, average=243.992ms, deviation=34.8713ms]
hotpath
  hot path:                 FrontLidarDriver/RearLidarDriver -> ObjectCollisionEstimator
  hot path latency:         76.5723ms [min=50.7582ms, max=87.4018ms, average=69.5945ms, deviation=10.2042ms]
  hot path drops:           0 [min=0, max=0, average=0, deviation=0]
  behavior planner period:  100.004ms [min=99.9785ms, max=100.024ms, average=100.001ms, deviation=0.0127399ms]
----------------------------------------------------------

----------------------------------------------------------
sample path: (IntersectionOutput) 
  order timepoint           sequence nr.                  node name     dropped samples
latency

Statistics:
  latency:                  33.0477ms [min=10.5909ms, max=95.2143ms, average=54.3024ms, deviation=19.0289ms]
----------------------------------------------------------

----------------------------------------------------------
sample path: (IntersectionOutput) 
  order timepoint           sequence nr.                  node name     dropped samples
latency

Statistics:
  latency:                  67.3915ms [min=10.5909ms, max=95.2143ms, average=54.614ms, deviation=18.9037ms]
----------------------------------------------------------

----------------------------------------------------------
sample path: (VehicleDBWSystem) 
  order timepoint           sequence nr.                  node name     dropped samples
bp period
latency

Statistics:
  latency:                  185.647ms [min=175.353ms, max=278.628ms, average=239.503ms, deviation=37.1016ms]
hotpath
  hot path:                 FrontLidarDriver/RearLidarDriver -> ObjectCollisionEstimator
  hot path latency:         66.5667ms [min=50.7582ms, max=87.4018ms, average=69.3616ms, deviation=9.8058ms]
  hot path drops:           0 [min=0, max=0, average=0, deviation=0]
  behavior planner period:  99.9914ms [min=99.9785ms, max=100.024ms, average=99.9997ms, deviation=0.01243ms]
----------------------------------------------------------

----------------------------------------------------------
sample path: (IntersectionOutput) 
  order timepoint           sequence nr.                  node name     dropped samples
latency

Statistics:
  latency:                  32.3592ms [min=10.5909ms, max=95.2143ms, average=54.0965ms, deviation=18.9831ms]
----------------------------------------------------------

----------------------------------------------------------
sample path: (IntersectionOutput) 
  order timepoint           sequence nr.                  node name     dropped samples
latency

Statistics:
  latency:                  45.0936ms [min=10.5909ms, max=95.2143ms, average=53.8919ms, deviation=18.8101ms]
----------------------------------------------------------

----------------------------------------------------------
sample path: (IntersectionOutput) 
  order timepoint           sequence nr.                  node name     dropped samples
latency

Statistics:
  latency:                  65.8593ms [min=10.5909ms, max=95.2143ms, average=54.1578ms, deviation=18.6805ms]
----------------------------------------------------------

----------------------------------------------------------
sample path: (IntersectionOutput) 
  order timepoint           sequence nr.                  node name     dropped samples
latency

Statistics:
  latency:                  45.4886ms [min=10.5909ms, max=95.2143ms, average=53.9694ms, deviation=18.5159ms]
----------------------------------------------------------

----------------------------------------------------------
sample path: (VehicleDBWSystem) 
  order timepoint           sequence nr.                  node name     dropped samples
bp period
latency

Statistics:
  latency:                  266.671ms [min=175.353ms, max=278.628ms, average=241.444ms, deviation=36.3781ms]
hotpath
  hot path:                 FrontLidarDriver/RearLidarDriver -> ObjectCollisionEstimator
  hot path latency:         75.1836ms [min=50.7582ms, max=87.4018ms, average=69.7775ms, deviation=9.54874ms]
  hot path drops:           0 [min=0, max=0, average=0, deviation=0]
  behavior planner period:  100.021ms [min=99.9785ms, max=100.024ms, average=100.001ms, deviation=0.0132649ms]
----------------------------------------------------------

----------------------------------------------------------
sample path: (IntersectionOutput) 
  order timepoint           sequence nr.                  node name     dropped samples
latency

Statistics:
  latency:                  29.4333ms [min=10.5909ms, max=95.2143ms, average=53.4473ms, deviation=18.66ms]
----------------------------------------------------------

----------------------------------------------------------
sample path: (IntersectionOutput) 
  order timepoint           sequence nr.                  node name     dropped samples
latency

Statistics:
  latency:                  42.0839ms [min=10.5909ms, max=95.2143ms, average=53.2106ms, deviation=18.5332ms]
----------------------------------------------------------

----------------------------------------------------------
sample path: (IntersectionOutput) 
  order timepoint           sequence nr.                  node name     dropped samples
latency

Statistics:
  latency:                  66.5229ms [min=10.5909ms, max=95.2143ms, average=53.4823ms, deviation=18.4374ms]
----------------------------------------------------------

----------------------------------------------------------
sample path: (IntersectionOutput) 
  order timepoint           sequence nr.                  node name     dropped samples
latency

Statistics:
  latency:                  72.9954ms [min=10.5909ms, max=95.2143ms, average=53.8725ms, deviation=18.4558ms]
----------------------------------------------------------

----------------------------------------------------------
sample path: (IntersectionOutput) 
  order timepoint           sequence nr.                  node name     dropped samples
latency

Statistics:
  latency:                  46.5694ms [min=10.5909ms, max=95.2143ms, average=53.7293ms, deviation=18.2989ms]
----------------------------------------------------------

----------------------------------------------------------
sample path: (VehicleDBWSystem) 
  order timepoint           sequence nr.                  node name     dropped samples
bp period
latency

Statistics:
  latency:                  292.792ms [min=175.353ms, max=292.792ms, average=244.867ms, deviation=37.4782ms]
hotpath
  hot path:                 FrontLidarDriver/RearLidarDriver -> ObjectCollisionEstimator
  hot path latency:         68.641ms [min=50.7582ms, max=87.4018ms, average=69.7017ms, deviation=9.20607ms]
  hot path drops:           0 [min=0, max=0, average=0, deviation=0]
  behavior planner period:  99.9811ms [min=99.9785ms, max=100.024ms, average=99.9999ms, deviation=0.0138513ms]
----------------------------------------------------------

----------------------------------------------------------
sample path: (IntersectionOutput) 
  order timepoint           sequence nr.                  node name     dropped samples
latency

Statistics:
  latency:                  61.1826ms [min=10.5909ms, max=95.2143ms, average=53.8727ms, deviation=18.1481ms]
----------------------------------------------------------

----------------------------------------------------------
sample path: (IntersectionOutput) 
  order timepoint           sequence nr.                  node name     dropped samples
latency

Statistics:
  latency:                  69.3293ms [min=10.5909ms, max=95.2143ms, average=54.1643ms, deviation=18.0977ms]
----------------------------------------------------------

----------------------------------------------------------
sample path: (IntersectionOutput) 
  order timepoint           sequence nr.                  node name     dropped samples
latency

Statistics:
  latency:                  53.4728ms [min=10.5909ms, max=95.2143ms, average=54.1515ms, deviation=17.9264ms]
----------------------------------------------------------

----------------------------------------------------------
sample path: (VehicleDBWSystem) 
  order timepoint           sequence nr.                  node name     dropped samples
bp period
latency

Statistics:
  latency:                  276.409ms [min=175.353ms, max=292.792ms, average=246.839ms, deviation=37.0561ms]
hotpath
  hot path:                 FrontLidarDriver/RearLidarDriver -> ObjectCollisionEstimator
  hot path latency:         63.8185ms [min=50.7582ms, max=87.4018ms, average=69.334ms, deviation=9.01471ms]
  hot path drops:           0 [min=0, max=0, average=0, deviation=0]
  behavior planner period:  100.015ms [min=99.9785ms, max=100.024ms, average=100.001ms, deviation=0.0139161ms]
----------------------------------------------------------

----------------------------------------------------------
sample path: (IntersectionOutput) 
  order timepoint           sequence nr.                  node name     dropped samples
latency

Statistics:
  latency:                  60.4606ms [min=10.5909ms, max=95.2143ms, average=54.2662ms, deviation=17.78ms]
----------------------------------------------------------

----------------------------------------------------------
sample path: (IntersectionOutput) 
  order timepoint           sequence nr.                  node name     dropped samples
latency

Statistics:
  latency:                  48.1859ms [min=10.5909ms, max=95.2143ms, average=54.1576ms, deviation=17.6363ms]
----------------------------------------------------------

----------------------------------------------------------
sample path: (VehicleDBWSystem) 
  order timepoint           sequence nr.                  node name     dropped samples
bp period
latency

Statistics:
  latency:                  239.127ms [min=175.353ms, max=292.792ms, average=246.385ms, deviation=35.9281ms]
hotpath
  hot path:                 FrontLidarDriver/RearLidarDriver -> ObjectCollisionEstimator
  hot path latency:         84.6819ms [min=50.7582ms, max=87.4018ms, average=70.2368ms, deviation=9.48906ms]
  hot path drops:           0 [min=0, max=0, average=0, deviation=0]
  behavior planner period:  99.9854ms [min=99.9785ms, max=100.024ms, average=100ms, deviation=0.0139961ms]
----------------------------------------------------------

----------------------------------------------------------
sample path: (IntersectionOutput) 
  order timepoint           sequence nr.                  node name     dropped samples
latency

Statistics:
  latency:                  37.7572ms [min=10.5909ms, max=95.2143ms, average=53.8699ms, deviation=17.6126ms]
----------------------------------------------------------

----------------------------------------------------------
sample path: (IntersectionOutput) 
  order timepoint           sequence nr.                  node name     dropped samples
latency

Statistics:
  latency:                  28.669ms [min=10.5909ms, max=95.2143ms, average=53.4354ms, deviation=17.7683ms]
----------------------------------------------------------

----------------------------------------------------------
sample path: (IntersectionOutput) 
  order timepoint           sequence nr.                  node name     dropped samples
latency

Statistics:
  latency:                  26.8049ms [min=10.5909ms, max=95.2143ms, average=52.984ms, deviation=17.9524ms]
----------------------------------------------------------

----------------------------------------------------------
sample path: (IntersectionOutput) 
  order timepoint           sequence nr.                  node name     dropped samples
latency

Statistics:
  latency:                  39.6774ms [min=10.5909ms, max=95.2143ms, average=52.7623ms, deviation=17.8823ms]
----------------------------------------------------------

----------------------------------------------------------
sample path: (VehicleDBWSystem) 
  order timepoint           sequence nr.                  node name     dropped samples
bp period
latency

Statistics:
  latency:                  168.216ms [min=168.216ms, max=292.792ms, average=242.042ms, deviation=39.4254ms]
hotpath
  hot path:                 FrontLidarDriver/RearLidarDriver -> ObjectCollisionEstimator
  hot path latency:         72.3538ms [min=50.7582ms, max=87.4018ms, average=70.3544ms, deviation=9.21925ms]
  hot path drops:           0 [min=0, max=0, average=0, deviation=0]
  behavior planner period:  100.022ms [min=99.9785ms, max=100.024ms, average=100.001ms, deviation=0.0145737ms]
----------------------------------------------------------

----------------------------------------------------------
sample path: (IntersectionOutput) 
  order timepoint           sequence nr.                  node name     dropped samples
latency

Statistics:
  latency:                  40.092ms [min=10.5909ms, max=95.2143ms, average=52.5545ms, deviation=17.8067ms]
----------------------------------------------------------

----------------------------------------------------------
sample path: (IntersectionOutput) 
  order timepoint           sequence nr.                  node name     dropped samples
latency

Statistics:
  latency:                  34.8311ms [min=10.5909ms, max=95.2143ms, average=52.2687ms, deviation=17.803ms]
----------------------------------------------------------

----------------------------------------------------------
sample path: (IntersectionOutput) 
  order timepoint           sequence nr.                  node name     dropped samples
latency

Statistics:
  latency:                  17.4074ms [min=10.5909ms, max=95.2143ms, average=51.7153ms, deviation=18.1969ms]
----------------------------------------------------------

----------------------------------------------------------
sample path: (IntersectionOutput) 
  order timepoint           sequence nr.                  node name     dropped samples
latency

Statistics:
  latency:                  39.6168ms [min=10.5909ms, max=95.2143ms, average=51.5263ms, deviation=18.1151ms]
----------------------------------------------------------

----------------------------------------------------------
sample path: (VehicleDBWSystem) 
  order timepoint           sequence nr.                  node name     dropped samples
bp period
latency

Statistics:
  latency:                  169.731ms [min=168.216ms, max=292.792ms, average=238.236ms, deviation=41.7518ms]
hotpath
  hot path:                 FrontLidarDriver/RearLidarDriver -> ObjectCollisionEstimator
  hot path latency:         58.2068ms [min=50.7582ms, max=87.4018ms, average=69.7151ms, deviation=9.38293ms]
  hot path drops:           0 [min=0, max=0, average=0, deviation=0]
  behavior planner period:  99.9772ms [min=99.9772ms, max=100.024ms, average=99.9999ms, deviation=0.0152365ms]
----------------------------------------------------------

----------------------------------------------------------
sample path: (IntersectionOutput) 
  order timepoint           sequence nr.                  node name     dropped samples
latency

Statistics:
  latency:                  25.4461ms [min=10.5909ms, max=95.2143ms, average=51.1251ms, deviation=18.2618ms]
----------------------------------------------------------

----------------------------------------------------------
sample path: (IntersectionOutput) 
  order timepoint           sequence nr.                  node name     dropped samples
latency

Statistics:
  latency:                  36.3963ms [min=10.5909ms, max=95.2143ms, average=50.9019ms, deviation=18.2113ms]
----------------------------------------------------------

----------------------------------------------------------
sample path: (IntersectionOutput) 
  order timepoint           sequence nr.                  node name     dropped samples
latency

Statistics:
  latency:                  83.5427ms [min=10.5909ms, max=95.2143ms, average=51.3891ms, deviation=18.5075ms]
----------------------------------------------------------

----------------------------------------------------------
sample path: (IntersectionOutput) 
  order timepoint           sequence nr.                  node name     dropped samples
latency

Statistics:
  latency:                  61.6622ms [min=10.5909ms, max=95.2143ms, average=51.5401ms, deviation=18.4111ms]
----------------------------------------------------------

----------------------------------------------------------
sample path: (VehicleDBWSystem) 
  order timepoint           sequence nr.                  node name     dropped samples
bp period
latency

Statistics:
  latency:                  192.959ms [min=168.216ms, max=292.792ms, average=235.973ms, deviation=41.8804ms]
hotpath
  hot path:                 FrontLidarDriver/RearLidarDriver -> ObjectCollisionEstimator
  hot path latency:         70.8622ms [min=50.7582ms, max=87.4018ms, average=69.7725ms, deviation=9.13627ms]
  hot path drops:           0 [min=0, max=0, average=0, deviation=0]
  behavior planner period:  100.002ms [min=99.9772ms, max=100.024ms, average=100ms, deviation=0.0148154ms]
----------------------------------------------------------

----------------------------------------------------------
sample path: (IntersectionOutput) 
  order timepoint           sequence nr.                  node name     dropped samples
latency

Statistics:
  latency:                  30.6408ms [min=10.5909ms, max=95.2143ms, average=51.2373ms, deviation=18.4476ms]
----------------------------------------------------------

----------------------------------------------------------
sample path: (IntersectionOutput) 
  order timepoint           sequence nr.                  node name     dropped samples
latency

Statistics:
  latency:                  44.4224ms [min=10.5909ms, max=95.2143ms, average=51.1399ms, deviation=18.3315ms]
----------------------------------------------------------

----------------------------------------------------------
sample path: (IntersectionOutput) 
  order timepoint           sequence nr.                  node name     dropped samples
latency

Statistics:
  latency:                  64.3988ms [min=10.5909ms, max=95.2143ms, average=51.3266ms, deviation=18.268ms]
----------------------------------------------------------

----------------------------------------------------------
sample path: (IntersectionOutput) 
  order timepoint           sequence nr.                  node name     dropped samples
latency

Statistics:
  latency:                  62.7819ms [min=10.5909ms, max=95.2143ms, average=51.4857ms, deviation=18.1891ms]
----------------------------------------------------------

----------------------------------------------------------
sample path: (IntersectionOutput) 
  order timepoint           sequence nr.                  node name     dropped samples
latency

Statistics:
  latency:                  35.6372ms [min=10.5909ms, max=95.2143ms, average=51.2686ms, deviation=18.1573ms]
----------------------------------------------------------

----------------------------------------------------------
sample path: (VehicleDBWSystem) 
  order timepoint           sequence nr.                  node name     dropped samples
bp period
latency

Statistics:
  latency:                  269.055ms [min=168.216ms, max=292.792ms, average=237.548ms, deviation=41.4535ms]
hotpath
  hot path:                 FrontLidarDriver/RearLidarDriver -> ObjectCollisionEstimator
  hot path latency:         80.0146ms [min=50.7582ms, max=87.4018ms, average=70.2602ms, deviation=9.18114ms]
  hot path drops:           0 [min=0, max=0, average=0, deviation=0]
  behavior planner period:  99.9945ms [min=99.9772ms, max=100.024ms, average=99.9998ms, deviation=0.0144739ms]
----------------------------------------------------------

----------------------------------------------------------
sample path: (IntersectionOutput) 
  order timepoint           sequence nr.                  node name     dropped samples
latency

Statistics:
  latency:                  8.95028ms [min=8.95028ms, max=95.2143ms, average=50.6968ms, deviation=18.6915ms]
----------------------------------------------------------

----------------------------------------------------------
sample path: (IntersectionOutput) 
  order timepoint           sequence nr.                  node name     dropped samples
latency

Statistics:
  latency:                  28.217ms [min=8.95028ms, max=95.2143ms, average=50.397ms, deviation=18.7454ms]
----------------------------------------------------------

----------------------------------------------------------
sample path: (IntersectionOutput) 
  order timepoint           sequence nr.                  node name     dropped samples
latency

Statistics:
  latency:                  52.2095ms [min=8.95028ms, max=95.2143ms, average=50.4209ms, deviation=18.6211ms]
----------------------------------------------------------

----------------------------------------------------------
sample path: (VehicleDBWSystem) 
  order timepoint           sequence nr.                  node name     dropped samples
bp period
latency

Statistics:
  latency:                  231.293ms [min=168.216ms, max=292.792ms, average=237.264ms, deviation=40.4764ms]
hotpath
  hot path:                 FrontLidarDriver/RearLidarDriver -> ObjectCollisionEstimator
  hot path latency:         62.6034ms [min=50.7582ms, max=87.4018ms, average=69.9121ms, deviation=9.10737ms]
  hot path drops:           0 [min=0, max=0, average=0, deviation=0]
  behavior planner period:  100ms [min=99.9772ms, max=100.024ms, average=99.9998ms, deviation=0.0141075ms]
----------------------------------------------------------

----------------------------------------------------------
sample path: (IntersectionOutput) 
  order timepoint           sequence nr.                  node name     dropped samples
latency

Statistics:
  latency:                  28.0763ms [min=8.95028ms, max=95.2143ms, average=50.1307ms, deviation=18.6727ms]
----------------------------------------------------------

----------------------------------------------------------
sample path: (IntersectionOutput) 
  order timepoint           sequence nr.                  node name     dropped samples
latency

Statistics:
  latency:                  27.0888ms [min=8.95028ms, max=95.2143ms, average=49.8353ms, deviation=18.7336ms]
----------------------------------------------------------

----------------------------------------------------------
sample path: (IntersectionOutput) 
  order timepoint           sequence nr.                  node name     dropped samples
latency

Statistics:
  latency:                  38.1292ms [min=8.95028ms, max=95.2143ms, average=49.6871ms, deviation=18.6596ms]
----------------------------------------------------------

----------------------------------------------------------
sample path: (VehicleDBWSystem) 
  order timepoint           sequence nr.                  node name     dropped samples
bp period
latency

Statistics:
  latency:                  240.543ms [min=168.216ms, max=292.792ms, average=237.406ms, deviation=39.5517ms]
hotpath
  hot path:                 FrontLidarDriver/RearLidarDriver -> ObjectCollisionEstimator
  hot path latency:         60.0439ms [min=50.7582ms, max=87.4018ms, average=69.4831ms, deviation=9.1328ms]
  hot path drops:           0 [min=0, max=0, average=0, deviation=0]
  behavior planner period:  100.009ms [min=99.9772ms, max=100.024ms, average=100ms, deviation=0.0139157ms]
----------------------------------------------------------

----------------------------------------------------------
sample path: (IntersectionOutput) 
  order timepoint           sequence nr.                  node name     dropped samples
latency

Statistics:
  latency:                  42.8345ms [min=8.95028ms, max=95.2143ms, average=49.6015ms, deviation=18.557ms]
----------------------------------------------------------

----------------------------------------------------------
sample path: (IntersectionOutput) 
  order timepoint           sequence nr.                  node name     dropped samples
latency

Statistics:
  latency:                  57.6959ms [min=8.95028ms, max=95.2143ms, average=49.7014ms, deviation=18.4626ms]
----------------------------------------------------------

----------------------------------------------------------
sample path: (IntersectionOutput) 
  order timepoint           sequence nr.                  node name     dropped samples
latency

Statistics:
  latency:                  35.8513ms [min=8.95028ms, max=95.2143ms, average=49.5325ms, deviation=18.4119ms]
----------------------------------------------------------

----------------------------------------------------------
sample path: (IntersectionOutput) 
  order timepoint           sequence nr.                  node name     dropped samples
latency

Statistics:
  latency:                  33.3801ms [min=8.95028ms, max=95.2143ms, average=49.3379ms, deviation=18.385ms]
----------------------------------------------------------

----------------------------------------------------------
sample path: (VehicleDBWSystem) 
  order timepoint           sequence nr.                  node name     dropped samples
bp period
latency

Statistics:
  latency:                  174.886ms [min=168.216ms, max=292.792ms, average=234.801ms, deviation=40.7331ms]
hotpath
  hot path:                 FrontLidarDriver/RearLidarDriver -> ObjectCollisionEstimator
  hot path latency:         78.7578ms [min=50.7582ms, max=87.4018ms, average=69.8695ms, deviation=9.13048ms]
  hot path drops:           0 [min=0, max=0, average=0, deviation=0]
  behavior planner period:  99.9942ms [min=99.9772ms, max=100.024ms, average=99.9999ms, deviation=0.0136538ms]
----------------------------------------------------------

----------------------------------------------------------
sample path: (IntersectionOutput) 
  order timepoint           sequence nr.                  node name     dropped samples
latency

Statistics:
  latency:                  29.3552ms [min=8.95028ms, max=95.2143ms, average=49.1ms, deviation=18.4035ms]
----------------------------------------------------------

----------------------------------------------------------
sample path: (IntersectionOutput) 
  order timepoint           sequence nr.                  node name     dropped samples
latency

Statistics:
  latency:                  46.1765ms [min=8.95028ms, max=95.2143ms, average=49.0656ms, deviation=18.2963ms]
----------------------------------------------------------

----------------------------------------------------------
sample path: (VehicleDBWSystem) 
  order timepoint           sequence nr.                  node name     dropped samples
bp period
latency

Statistics:
  latency:                  170.654ms [min=168.216ms, max=292.792ms, average=232.235ms, deviation=41.8886ms]
hotpath
  hot path:                 FrontLidarDriver/RearLidarDriver -> ObjectCollisionEstimator
  hot path latency:         69.5213ms [min=50.7582ms, max=87.4018ms, average=69.8556ms, deviation=8.93851ms]
  hot path drops:           0 [min=0, max=0, average=0, deviation=0]
  behavior planner period:  99.9987ms [min=99.9772ms, max=100.024ms, average=99.9999ms, deviation=0.0133562ms]
----------------------------------------------------------

----------------------------------------------------------
sample path: (IntersectionOutput) 
  order timepoint           sequence nr.                  node name     dropped samples
latency

Statistics:
  latency:                  20.1578ms [min=8.95028ms, max=95.2143ms, average=48.7295ms, deviation=18.4536ms]
----------------------------------------------------------

----------------------------------------------------------
sample path: (IntersectionOutput) 
  order timepoint           sequence nr.                  node name     dropped samples
latency

Statistics:
  latency:                  10.0311ms [min=8.95028ms, max=95.2143ms, average=48.2846ms, deviation=18.8093ms]
----------------------------------------------------------

----------------------------------------------------------
sample path: (IntersectionOutput) 
  order timepoint           sequence nr.                  node name     dropped samples
latency

Statistics:
  latency:                  45.6031ms [min=8.95028ms, max=95.2143ms, average=48.2542ms, deviation=18.703ms]
----------------------------------------------------------

----------------------------------------------------------
sample path: (IntersectionOutput) 
  order timepoint           sequence nr.                  node name     dropped samples
latency

Statistics:
  latency:                  45.2333ms [min=8.95028ms, max=95.2143ms, average=48.2202ms, deviation=18.5992ms]
----------------------------------------------------------

----------------------------------------------------------
sample path: (VehicleDBWSystem) 
  order timepoint           sequence nr.                  node name     dropped samples
bp period
latency

Statistics:
  latency:                  180.825ms [min=168.216ms, max=292.792ms, average=230.258ms, deviation=42.2625ms]
hotpath
  hot path:                 FrontLidarDriver/RearLidarDriver -> ObjectCollisionEstimator
  hot path latency:         61.7009ms [min=50.7582ms, max=87.4018ms, average=69.542ms, deviation=8.90274ms]
  hot path drops:           0 [min=0, max=0, average=0, deviation=0]
  behavior planner period:  100.006ms [min=99.9772ms, max=100.024ms, average=100ms, deviation=0.0131278ms]
----------------------------------------------------------

----------------------------------------------------------
sample path: (IntersectionOutput) 
  order timepoint           sequence nr.                  node name     dropped samples
latency

Statistics:
  latency:                  27.3985ms [min=8.95028ms, max=95.2143ms, average=47.9889ms, deviation=18.6242ms]
----------------------------------------------------------

----------------------------------------------------------
sample path: (IntersectionOutput) 
  order timepoint           sequence nr.                  node name     dropped samples
latency

Statistics:
  latency:                  9.64698ms [min=8.95028ms, max=95.2143ms, average=47.5675ms, deviation=18.9516ms]
----------------------------------------------------------

----------------------------------------------------------
sample path: (IntersectionOutput) 
  order timepoint           sequence nr.                  node name     dropped samples
latency

Statistics:
  latency:                  47.7801ms [min=8.95028ms, max=95.2143ms, average=47.5699ms, deviation=18.8472ms]
----------------------------------------------------------

----------------------------------------------------------
sample path: (IntersectionOutput) 
  order timepoint           sequence nr.                  node name     dropped samples
latency

Statistics:
  latency:                  84.2646ms [min=8.95028ms, max=95.2143ms, average=47.9644ms, deviation=19.1268ms]
----------------------------------------------------------

----------------------------------------------------------
sample path: (VehicleDBWSystem) 
  order timepoint           sequence nr.                  node name     dropped samples
bp period
latency

Statistics:
  latency:                  272.627ms [min=168.216ms, max=292.792ms, average=231.827ms, deviation=42.2364ms]
hotpath
  hot path:                 FrontLidarDriver/RearLidarDriver -> ObjectCollisionEstimator
  hot path latency:         69.2576ms [min=50.7582ms, max=87.4018ms, average=69.5314ms, deviation=8.73003ms]
  hot path drops:           0 [min=0, max=0, average=0, deviation=0]
  behavior planner period:  99.996ms [min=99.9772ms, max=100.024ms, average=100ms, deviation=0.0128883ms]
----------------------------------------------------------

----------------------------------------------------------
sample path: (IntersectionOutput) 
  order timepoint           sequence nr.                  node name     dropped samples
latency

Statistics:
  latency:                  32.1569ms [min=8.95028ms, max=95.2143ms, average=47.7963ms, deviation=19.0934ms]
----------------------------------------------------------

----------------------------------------------------------
sample path: (IntersectionOutput) 
  order timepoint           sequence nr.                  node name     dropped samples
latency

Statistics:
  latency:                  67.0872ms [min=8.95028ms, max=95.2143ms, average=47.9993ms, deviation=19.0944ms]
----------------------------------------------------------

----------------------------------------------------------
sample path: (IntersectionOutput) 
  order timepoint           sequence nr.                  node name     dropped samples
latency

Statistics:
  latency:                  72.0042ms [min=8.95028ms, max=95.2143ms, average=48.2494ms, deviation=19.151ms]
----------------------------------------------------------

----------------------------------------------------------
sample path: (VehicleDBWSystem) 
  order timepoint           sequence nr.                  node name     dropped samples
bp period
latency

Statistics:
  latency:                  242.167ms [min=168.216ms, max=292.792ms, average=232.196ms, deviation=41.4929ms]
hotpath
  hot path:                 FrontLidarDriver/RearLidarDriver -> ObjectCollisionEstimator
  hot path latency:         62.6971ms [min=50.7582ms, max=87.4018ms, average=69.2873ms, deviation=8.66365ms]
  hot path drops:           0 [min=0, max=0, average=0, deviation=0]
  behavior planner period:  100.001ms [min=99.9772ms, max=100.024ms, average=100ms, deviation=0.0126386ms]
----------------------------------------------------------

----------------------------------------------------------
sample path: (IntersectionOutput) 
  order timepoint           sequence nr.                  node name     dropped samples
latency

Statistics:
  latency:                  26.4469ms [min=8.95028ms, max=95.2143ms, average=48.0246ms, deviation=19.1792ms]
----------------------------------------------------------

----------------------------------------------------------
sample path: (IntersectionOutput) 
  order timepoint           sequence nr.                  node name     dropped samples
latency

Statistics:
  latency:                  22.8343ms [min=8.95028ms, max=95.2143ms, average=47.7676ms, deviation=19.249ms]
----------------------------------------------------------

----------------------------------------------------------
sample path: (IntersectionOutput) 
  order timepoint           sequence nr.                  node name     dropped samples
latency

Statistics:
  latency:                  36.2112ms [min=8.95028ms, max=95.2143ms, average=47.6508ms, deviation=19.1857ms]
----------------------------------------------------------

----------------------------------------------------------
sample path: (VehicleDBWSystem) 
  order timepoint           sequence nr.                  node name     dropped samples
bp period
latency

Statistics:
  latency:                  232.243ms [min=168.216ms, max=292.792ms, average=232.198ms, deviation=40.7452ms]
hotpath
  hot path:                 FrontLidarDriver/RearLidarDriver -> ObjectCollisionEstimator
  hot path latency:         66.6553ms [min=50.7582ms, max=87.4018ms, average=69.1966ms, deviation=8.52156ms]
  hot path drops:           0 [min=0, max=0, average=0, deviation=0]
  behavior planner period:  100.01ms [min=99.9772ms, max=100.024ms, average=100ms, deviation=0.0125566ms]
----------------------------------------------------------

----------------------------------------------------------
sample path: (IntersectionOutput) 
  order timepoint           sequence nr.                  node name     dropped samples
latency

Statistics:
  latency:                  37.5347ms [min=8.95028ms, max=95.2143ms, average=47.5497ms, deviation=19.1154ms]
----------------------------------------------------------

----------------------------------------------------------
sample path: (IntersectionOutput) 
  order timepoint           sequence nr.                  node name     dropped samples
latency

Statistics:
  latency:                  26.6894ms [min=8.95028ms, max=95.2143ms, average=47.3431ms, deviation=19.1325ms]
----------------------------------------------------------

----------------------------------------------------------
sample path: (IntersectionOutput) 
  order timepoint           sequence nr.                  node name     dropped samples
latency

Statistics:
  latency:                  22.1435ms [min=8.95028ms, max=95.2143ms, average=47.0961ms, deviation=19.2004ms]
----------------------------------------------------------

----------------------------------------------------------
sample path: (IntersectionOutput) 
  order timepoint           sequence nr.                  node name     dropped samples
latency

Statistics:
  latency:                  33.5624ms [min=8.95028ms, max=95.2143ms, average=46.9647ms, deviation=19.1525ms]
----------------------------------------------------------

----------------------------------------------------------
sample path: (VehicleDBWSystem) 
  order timepoint           sequence nr.                  node name     dropped samples
bp period
latency

Statistics:
  latency:                  168.368ms [min=168.216ms, max=292.792ms, average=230.07ms, deviation=41.6981ms]
hotpath
  hot path:                 FrontLidarDriver/RearLidarDriver -> ObjectCollisionEstimator
  hot path latency:         69.922ms [min=50.7582ms, max=87.4018ms, average=69.2208ms, deviation=8.3744ms]
  hot path drops:           0 [min=0, max=0, average=0, deviation=0]
  behavior planner period:  100.012ms [min=99.9772ms, max=100.024ms, average=100.001ms, deviation=0.012524ms]
----------------------------------------------------------

----------------------------------------------------------
sample path: (IntersectionOutput) 
  order timepoint           sequence nr.                  node name     dropped samples
latency

Statistics:
  latency:                  36.8382ms [min=8.95028ms, max=95.2143ms, average=46.8673ms, deviation=19.0851ms]
----------------------------------------------------------

----------------------------------------------------------
sample path: (IntersectionOutput) 
  order timepoint           sequence nr.                  node name     dropped samples
latency

Statistics:
  latency:                  28.1933ms [min=8.95028ms, max=95.2143ms, average=46.6895ms, deviation=19.0804ms]
----------------------------------------------------------

----------------------------------------------------------
sample path: (IntersectionOutput) 
  order timepoint           sequence nr.                  node name     dropped samples
latency

Statistics:
  latency:                  23.6211ms [min=8.95028ms, max=95.2143ms, average=46.4718ms, deviation=19.121ms]
----------------------------------------------------------

----------------------------------------------------------
sample path: (IntersectionOutput) 
  order timepoint           sequence nr.                  node name     dropped samples
latency

Statistics:
  latency:                  38.673ms [min=8.95028ms, max=95.2143ms, average=46.399ms, deviation=19.0456ms]
----------------------------------------------------------

----------------------------------------------------------
sample path: (VehicleDBWSystem) 
  order timepoint           sequence nr.                  node name     dropped samples
bp period
latency

Statistics:
  latency:                  175.825ms [min=168.216ms, max=292.792ms, average=228.321ms, deviation=42.139ms]
hotpath
  hot path:                 FrontLidarDriver/RearLidarDriver -> ObjectCollisionEstimator
  hot path latency:         69.2995ms [min=50.7582ms, max=87.4018ms, average=69.2233ms, deviation=8.23366ms]
  hot path drops:           0 [min=0, max=0, average=0, deviation=0]
  behavior planner period:  100.026ms [min=99.9772ms, max=100.026ms, average=100.002ms, deviation=0.0131643ms]
----------------------------------------------------------

----------------------------------------------------------
sample path: (IntersectionOutput) 
  order timepoint           sequence nr.                  node name     dropped samples
latency

Statistics:
  latency:                  31.1622ms [min=8.95028ms, max=95.2143ms, average=46.2579ms, deviation=19.013ms]
----------------------------------------------------------

----------------------------------------------------------
sample path: (IntersectionOutput) 
  order timepoint           sequence nr.                  node name     dropped samples
latency

Statistics:
  latency:                  68.1926ms [min=8.95028ms, max=95.2143ms, average=46.4591ms, deviation=19.041ms]
----------------------------------------------------------

----------------------------------------------------------
sample path: (IntersectionOutput) 
  order timepoint           sequence nr.                  node name     dropped samples
latency

Statistics:
  latency:                  75.4897ms [min=8.95028ms, max=95.2143ms, average=46.723ms, deviation=19.1545ms]
----------------------------------------------------------

----------------------------------------------------------
sample path: (IntersectionOutput) 
  order timepoint           sequence nr.                  node name     dropped samples
latency

Statistics:
  latency:                  51.2201ms [min=8.95028ms, max=95.2143ms, average=46.7635ms, deviation=19.072ms]
----------------------------------------------------------

----------------------------------------------------------
sample path: (VehicleDBWSystem) 
  order timepoint           sequence nr.                  node name     dropped samples
bp period
latency

Statistics:
  latency:                  195.485ms [min=168.216ms, max=292.792ms, average=227.294ms, deviation=41.8582ms]
hotpath
  hot path:                 FrontLidarDriver/RearLidarDriver -> ObjectCollisionEstimator
  hot path latency:         80.8195ms [min=50.7582ms, max=87.4018ms, average=69.5857ms, deviation=8.35515ms]
  hot path drops:           0 [min=0, max=0, average=0, deviation=0]
  behavior planner period:  99.9528ms [min=99.9528ms, max=100.026ms, average=100ms, deviation=0.0156362ms]
----------------------------------------------------------

----------------------------------------------------------
sample path: (IntersectionOutput) 
  order timepoint           sequence nr.                  node name     dropped samples
latency

Statistics:
  latency:                  50.8535ms [min=8.95028ms, max=95.2143ms, average=46.8001ms, deviation=18.9899ms]
----------------------------------------------------------

----------------------------------------------------------
sample path: (IntersectionOutput) 
  order timepoint           sequence nr.                  node name     dropped samples
latency

Statistics:
  latency:                  65.3483ms [min=8.95028ms, max=95.2143ms, average=46.9642ms, deviation=18.9852ms]
----------------------------------------------------------

----------------------------------------------------------
sample path: (IntersectionOutput) 
  order timepoint           sequence nr.                  node name     dropped samples
latency

Statistics:
  latency:                  66.0933ms [min=8.95028ms, max=95.2143ms, average=47.132ms, deviation=18.9858ms]
----------------------------------------------------------

----------------------------------------------------------
sample path: (IntersectionOutput) 
  order timepoint           sequence nr.                  node name     dropped samples
latency

Statistics:
  latency:                  39.9055ms [min=8.95028ms, max=95.2143ms, average=47.0692ms, deviation=18.9143ms]
----------------------------------------------------------

----------------------------------------------------------
sample path: (VehicleDBWSystem) 
  order timepoint           sequence nr.                  node name     dropped samples
bp period
latency

Statistics:
  latency:                  277.866ms [min=168.216ms, max=292.792ms, average=228.827ms, deviation=42.129ms]
hotpath
  hot path:                 FrontLidarDriver/RearLidarDriver -> ObjectCollisionEstimator
  hot path latency:         76.1825ms [min=50.7582ms, max=87.4018ms, average=69.7856ms, deviation=8.30335ms]
  hot path drops:           0 [min=0, max=0, average=0, deviation=0]
  behavior planner period:  100.012ms [min=99.9528ms, max=100.026ms, average=100ms, deviation=0.0155234ms]
----------------------------------------------------------

----------------------------------------------------------
sample path: (IntersectionOutput) 
  order timepoint           sequence nr.                  node name     dropped samples
latency

Statistics:
  latency:                  24.144ms [min=8.95028ms, max=95.2143ms, average=46.8715ms, deviation=18.9518ms]
----------------------------------------------------------

----------------------------------------------------------
sample path: (IntersectionOutput) 
  order timepoint           sequence nr.                  node name     dropped samples
latency

Statistics:
  latency:                  61.8106ms [min=8.95028ms, max=95.2143ms, average=46.9992ms, deviation=18.9204ms]
----------------------------------------------------------

----------------------------------------------------------
sample path: (IntersectionOutput) 
  order timepoint           sequence nr.                  node name     dropped samples
latency

Statistics:
  latency:                  60.6684ms [min=8.95028ms, max=95.2143ms, average=47.1151ms, deviation=18.8814ms]
----------------------------------------------------------

----------------------------------------------------------
sample path: (VehicleDBWSystem) 
  order timepoint           sequence nr.                  node name     dropped samples
bp period
latency

Statistics:
  latency:                  244.536ms [min=168.216ms, max=292.792ms, average=229.289ms, deviation=41.5732ms]
hotpath
  hot path:                 FrontLidarDriver/RearLidarDriver -> ObjectCollisionEstimator
  hot path latency:         61.411ms [min=50.7582ms, max=87.4018ms, average=69.5393ms, deviation=8.30176ms]
  hot path drops:           0 [min=0, max=0, average=0, deviation=0]
  behavior planner period:  99.9818ms [min=99.9528ms, max=100.026ms, average=99.9998ms, deviation=0.0156197ms]
----------------------------------------------------------

----------------------------------------------------------
sample path: (IntersectionOutput) 
  order timepoint           sequence nr.                  node name     dropped samples
latency

Statistics:
  latency:                  54.1763ms [min=8.95028ms, max=95.2143ms, average=47.1744ms, deviation=18.8123ms]
----------------------------------------------------------

----------------------------------------------------------
sample path: (IntersectionOutput) 
  order timepoint           sequence nr.                  node name     dropped samples
latency

Statistics:
  latency:                  35.9039ms [min=8.95028ms, max=95.2143ms, average=47.0805ms, deviation=18.7614ms]
----------------------------------------------------------

----------------------------------------------------------
sample path: (IntersectionOutput) 
  order timepoint           sequence nr.                  node name     dropped samples
latency

Statistics:
  latency:                  24.2856ms [min=8.95028ms, max=95.2143ms, average=46.8921ms, deviation=18.7976ms]
----------------------------------------------------------

----------------------------------------------------------
sample path: (IntersectionOutput) 
  order timepoint           sequence nr.                  node name     dropped samples
latency

Statistics:
  latency:                  47.1699ms [min=8.95028ms, max=95.2143ms, average=46.8944ms, deviation=18.7198ms]
----------------------------------------------------------

----------------------------------------------------------
sample path: (VehicleDBWSystem) 
  order timepoint           sequence nr.                  node name     dropped samples
bp period
latency

Statistics:
  latency:                  237.314ms [min=168.216ms, max=292.792ms, average=229.518ms, deviation=40.9797ms]
hotpath
  hot path:                 FrontLidarDriver/RearLidarDriver -> ObjectCollisionEstimator
  hot path latency:         68.0605ms [min=50.7582ms, max=87.4018ms, average=69.497ms, deviation=8.18258ms]
  hot path drops:           0 [min=0, max=0, average=0, deviation=0]
  behavior planner period:  100.007ms [min=99.9528ms, max=100.026ms, average=100ms, deviation=0.0154324ms]
----------------------------------------------------------

----------------------------------------------------------
sample path: (IntersectionOutput) 
  order timepoint           sequence nr.                  node name     dropped samples
latency

Statistics:
  latency:                  39.1236ms [min=8.95028ms, max=95.2143ms, average=46.8312ms, deviation=18.6561ms]
----------------------------------------------------------

----------------------------------------------------------
sample path: (IntersectionOutput) 
  order timepoint           sequence nr.                  node name     dropped samples
latency

Statistics:
  latency:                  28.5039ms [min=8.95028ms, max=95.2143ms, average=46.6834ms, deviation=18.6528ms]
----------------------------------------------------------

----------------------------------------------------------
sample path: (IntersectionOutput) 
  order timepoint           sequence nr.                  node name     dropped samples
latency

Statistics:
  latency:                  27.1409ms [min=8.95028ms, max=95.2143ms, average=46.527ms, deviation=18.6595ms]
----------------------------------------------------------

----------------------------------------------------------
sample path: (IntersectionOutput) 
  order timepoint           sequence nr.                  node name     dropped samples
latency

Statistics:
  latency:                  40.4813ms [min=8.95028ms, max=95.2143ms, average=46.4791ms, deviation=18.5925ms]
----------------------------------------------------------

----------------------------------------------------------
sample path: (VehicleDBWSystem) 
  order timepoint           sequence nr.                  node name     dropped samples
bp period
latency

Statistics:
  latency:                  167.251ms [min=167.251ms, max=292.792ms, average=227.789ms, deviation=41.702ms]
hotpath
  hot path:                 FrontLidarDriver/RearLidarDriver -> ObjectCollisionEstimator
  hot path latency:         59.9236ms [min=50.7582ms, max=87.4018ms, average=69.2311ms, deviation=8.22116ms]
  hot path drops:           0 [min=0, max=0, average=0, deviation=0]
  behavior planner period:  99.9995ms [min=99.9528ms, max=100.026ms, average=100ms, deviation=0.0152041ms]
----------------------------------------------------------

----------------------------------------------------------
sample path: (IntersectionOutput) 
  order timepoint           sequence nr.                  node name     dropped samples
latency

Statistics:
  latency:                  36.0029ms [min=8.95028ms, max=95.2143ms, average=46.3966ms, deviation=18.5419ms]
----------------------------------------------------------

----------------------------------------------------------
sample path: (IntersectionOutput) 
  order timepoint           sequence nr.                  node name     dropped samples
latency

Statistics:
  latency:                  26.0351ms [min=8.95028ms, max=95.2143ms, average=46.2375ms, deviation=18.5563ms]
----------------------------------------------------------

----------------------------------------------------------
sample path: (IntersectionOutput) 
  order timepoint           sequence nr.                  node name     dropped samples
latency

Statistics:
  latency:                  25.3054ms [min=8.95028ms, max=95.2143ms, average=46.0752ms, deviation=18.5753ms]
----------------------------------------------------------

----------------------------------------------------------
sample path: (IntersectionOutput) 
  order timepoint           sequence nr.                  node name     dropped samples
latency

Statistics:
  latency:                  36.2736ms [min=8.95028ms, max=95.2143ms, average=45.9998ms, deviation=18.5231ms]
----------------------------------------------------------

----------------------------------------------------------
sample path: (VehicleDBWSystem) 
  order timepoint           sequence nr.                  node name     dropped samples
bp period
latency

Statistics:
  latency:                  169.533ms [min=167.251ms, max=292.792ms, average=226.214ms, deviation=42.2193ms]
hotpath
  hot path:                 FrontLidarDriver/RearLidarDriver -> ObjectCollisionEstimator
  hot path latency:         66.2554ms [min=50.7582ms, max=87.4018ms, average=69.1507ms, deviation=8.12092ms]
  hot path drops:           0 [min=0, max=0, average=0, deviation=0]
  behavior planner period:  100.141ms [min=99.9528ms, max=100.141ms, average=100.004ms, deviation=0.0278749ms]
----------------------------------------------------------

----------------------------------------------------------
sample path: (IntersectionOutput) 
  order timepoint           sequence nr.                  node name     dropped samples
latency

Statistics:
  latency:                  24.403ms [min=8.95028ms, max=95.2143ms, average=45.835ms, deviation=18.5479ms]
----------------------------------------------------------

----------------------------------------------------------
sample path: (IntersectionOutput) 
  order timepoint           sequence nr.                  node name     dropped samples
latency

Statistics:
  latency:                  32.0563ms [min=8.95028ms, max=95.2143ms, average=45.7306ms, deviation=18.5159ms]
----------------------------------------------------------

----------------------------------------------------------
sample path: (IntersectionOutput) 
  order timepoint           sequence nr.                  node name     dropped samples
latency

Statistics:
  latency:                  64.3726ms [min=8.95028ms, max=95.2143ms, average=45.8708ms, deviation=18.5163ms]
----------------------------------------------------------

----------------------------------------------------------
sample path: (IntersectionOutput) 
  order timepoint           sequence nr.                  node name     dropped samples
latency

Statistics:
  latency:                  54.2741ms [min=8.95028ms, max=95.2143ms, average=45.9335ms, deviation=18.4609ms]
----------------------------------------------------------

----------------------------------------------------------
sample path: (VehicleDBWSystem) 
  order timepoint           sequence nr.                  node name     dropped samples
bp period
latency

Statistics:
  latency:                  179.793ms [min=167.251ms, max=292.792ms, average=224.993ms, deviation=42.3202ms]
hotpath
  hot path:                 FrontLidarDriver/RearLidarDriver -> ObjectCollisionEstimator
  hot path latency:         70.7796ms [min=50.7582ms, max=87.4018ms, average=69.1935ms, deviation=8.01479ms]
  hot path drops:           0 [min=0, max=0, average=0, deviation=0]
  behavior planner period:  99.8553ms [min=99.8553ms, max=100.141ms, average=99.9999ms, deviation=0.0367828ms]
----------------------------------------------------------

----------------------------------------------------------
sample path: (IntersectionOutput) 
  order timepoint           sequence nr.                  node name     dropped samples
latency

Statistics:
  latency:                  27.7492ms [min=8.95028ms, max=95.2143ms, average=45.7988ms, deviation=18.4583ms]
----------------------------------------------------------

----------------------------------------------------------
sample path: (IntersectionOutput) 
  order timepoint           sequence nr.                  node name     dropped samples
latency

Statistics:
  latency:                  10.8416ms [min=8.95028ms, max=95.2143ms, average=45.5417ms, deviation=18.6325ms]
----------------------------------------------------------

----------------------------------------------------------
sample path: (IntersectionOutput) 
  order timepoint           sequence nr.                  node name     dropped samples
latency

Statistics:
  latency:                  58.6958ms [min=8.95028ms, max=95.2143ms, average=45.6377ms, deviation=18.5979ms]
----------------------------------------------------------

----------------------------------------------------------
sample path: (IntersectionOutput) 
  order timepoint           sequence nr.                  node name     dropped samples
latency

Statistics:
  latency:                  82.5745ms [min=8.95028ms, max=95.2143ms, average=45.9054ms, deviation=18.7948ms]
----------------------------------------------------------

----------------------------------------------------------
sample path: (IntersectionOutput) 
  order timepoint           sequence nr.                  node name     dropped samples
latency

Statistics:
  latency:                  66.1595ms [min=8.95028ms, max=95.2143ms, average=46.0511ms, deviation=18.8052ms]
----------------------------------------------------------

----------------------------------------------------------
sample path: (VehicleDBWSystem) 
  order timepoint           sequence nr.                  node name     dropped samples
bp period
latency

Statistics:
  latency:                  301.924ms [min=167.251ms, max=301.924ms, average=226.965ms, deviation=43.5388ms]
hotpath
  hot path:                 FrontLidarDriver/RearLidarDriver -> ObjectCollisionEstimator
  hot path latency:         68.9455ms [min=50.7582ms, max=87.4018ms, average=69.1872ms, deviation=7.90873ms]
  hot path drops:           0 [min=0, max=0, average=0, deviation=0]
  behavior planner period:  100.011ms [min=99.8553ms, max=100.141ms, average=100ms, deviation=0.036324ms]
----------------------------------------------------------

----------------------------------------------------------
sample path: (IntersectionOutput) 
  order timepoint           sequence nr.                  node name     dropped samples
latency

Statistics:
  latency:                  44.6157ms [min=8.95028ms, max=95.2143ms, average=46.0409ms, deviation=18.7378ms]
----------------------------------------------------------

----------------------------------------------------------
sample path: (IntersectionOutput) 
  order timepoint           sequence nr.                  node name     dropped samples
latency

Statistics:
  latency:                  59.5351ms [min=8.95028ms, max=95.2143ms, average=46.1366ms, deviation=18.7053ms]
----------------------------------------------------------

----------------------------------------------------------
sample path: (IntersectionOutput) 
  order timepoint           sequence nr.                  node name     dropped samples
latency

Statistics:
  latency:                  36.8763ms [min=8.95028ms, max=95.2143ms, average=46.0714ms, deviation=18.6551ms]
----------------------------------------------------------

----------------------------------------------------------
sample path: (VehicleDBWSystem) 
  order timepoint           sequence nr.                  node name     dropped samples
bp period
latency

Statistics:
  latency:                  268.466ms [min=167.251ms, max=301.924ms, average=228.003ms, deviation=43.475ms]
hotpath
  hot path:                 FrontLidarDriver/RearLidarDriver -> ObjectCollisionEstimator
  hot path latency:         80.6802ms [min=50.7582ms, max=87.4018ms, average=69.4745ms, deviation=8.01538ms]
  hot path drops:           0 [min=0, max=0, average=0, deviation=0]
  behavior planner period:  100.004ms [min=99.8553ms, max=100.141ms, average=100ms, deviation=0.0358469ms]
----------------------------------------------------------

----------------------------------------------------------
sample path: (IntersectionOutput) 
  order timepoint           sequence nr.                  node name     dropped samples
latency

Statistics:
  latency:                  37.2858ms [min=8.95028ms, max=95.2143ms, average=46.0099ms, deviation=18.6038ms]
----------------------------------------------------------

----------------------------------------------------------
sample path: (IntersectionOutput) 
  order timepoint           sequence nr.                  node name     dropped samples
latency

Statistics:
  latency:                  24.388ms [min=8.95028ms, max=95.2143ms, average=45.8598ms, deviation=18.626ms]
----------------------------------------------------------

----------------------------------------------------------
sample path: (IntersectionOutput) 
  order timepoint           sequence nr.                  node name     dropped samples
latency

Statistics:
  latency:                  34.7443ms [min=8.95028ms, max=95.2143ms, average=45.7831ms, deviation=18.5841ms]
----------------------------------------------------------

----------------------------------------------------------
sample path: (VehicleDBWSystem) 
  order timepoint           sequence nr.                  node name     dropped samples
bp period
latency

Statistics:
  latency:                  218.775ms [min=167.251ms, max=301.924ms, average=227.778ms, deviation=42.9523ms]
hotpath
  hot path:                 FrontLidarDriver/RearLidarDriver -> ObjectCollisionEstimator
  hot path latency:         59.1263ms [min=50.7582ms, max=87.4018ms, average=69.2221ms, deviation=8.07788ms]
  hot path drops:           0 [min=0, max=0, average=0, deviation=0]
  behavior planner period:  100.021ms [min=99.8553ms, max=100.141ms, average=100.001ms, deviation=0.0355348ms]
----------------------------------------------------------

----------------------------------------------------------
sample path: (IntersectionOutput) 
  order timepoint           sequence nr.                  node name     dropped samples
latency

Statistics:
  latency:                  36.8588ms [min=8.95028ms, max=95.2143ms, average=45.722ms, deviation=18.5346ms]
----------------------------------------------------------

----------------------------------------------------------
sample path: (IntersectionOutput) 
  order timepoint           sequence nr.                  node name     dropped samples
latency

Statistics:
  latency:                  32.6591ms [min=8.95028ms, max=95.2143ms, average=45.6331ms, deviation=18.5024ms]
----------------------------------------------------------

----------------------------------------------------------
sample path: (IntersectionOutput) 
  order timepoint           sequence nr.                  node name     dropped samples
latency

Statistics:
  latency:                  40.6574ms [min=8.95028ms, max=95.2143ms, average=45.5995ms, deviation=18.4439ms]
----------------------------------------------------------

----------------------------------------------------------
sample path: (VehicleDBWSystem) 
  order timepoint           sequence nr.                  node name     dropped samples
bp period
latency

Statistics:
  latency:                  169.264ms [min=167.251ms, max=301.924ms, average=226.384ms, deviation=43.3754ms]
hotpath
  hot path:                 FrontLidarDriver/RearLidarDriver -> ObjectCollisionEstimator
  hot path latency:         67.2611ms [min=50.7582ms, max=87.4018ms, average=69.1754ms, deviation=7.98449ms]
  hot path drops:           0 [min=0, max=0, average=0, deviation=0]
  behavior planner period:  99.9059ms [min=99.8553ms, max=100.141ms, average=99.9985ms, deviation=0.0380929ms]
----------------------------------------------------------

----------------------------------------------------------
sample path: (IntersectionOutput) 
  order timepoint           sequence nr.                  node name     dropped samples
latency

Statistics:
  latency:                  19.5892ms [min=8.95028ms, max=95.2143ms, average=45.4249ms, deviation=18.5046ms]
----------------------------------------------------------

----------------------------------------------------------
sample path: (IntersectionOutput) 
  order timepoint           sequence nr.                  node name     dropped samples
latency

Statistics:
  latency:                  21.5645ms [min=8.95028ms, max=95.2143ms, average=45.2659ms, deviation=18.545ms]
----------------------------------------------------------

----------------------------------------------------------
sample path: (IntersectionOutput) 
  order timepoint           sequence nr.                  node name     dropped samples
latency

Statistics:
  latency:                  38.6904ms [min=8.95028ms, max=95.2143ms, average=45.2223ms, deviation=18.4909ms]
----------------------------------------------------------

----------------------------------------------------------
sample path: (IntersectionOutput) 
  order timepoint           sequence nr.                  node name     dropped samples
latency

Statistics:
  latency:                  35.4252ms [min=8.95028ms, max=95.2143ms, average=45.1579ms, deviation=18.4467ms]
----------------------------------------------------------

----------------------------------------------------------
sample path: (VehicleDBWSystem) 
  order timepoint           sequence nr.                  node name     dropped samples
bp period
latency

Statistics:
  latency:                  174.952ms [min=167.251ms, max=301.924ms, average=225.188ms, deviation=43.5677ms]
hotpath
  hot path:                 FrontLidarDriver/RearLidarDriver -> ObjectCollisionEstimator
  hot path latency:         61.4701ms [min=50.7582ms, max=87.4018ms, average=68.9962ms, deviation=7.9759ms]
  hot path drops:           0 [min=0, max=0, average=0, deviation=0]
  behavior planner period:  100.076ms [min=99.8553ms, max=100.141ms, average=100ms, deviation=0.0394596ms]
----------------------------------------------------------

----------------------------------------------------------
sample path: (IntersectionOutput) 
  order timepoint           sequence nr.                  node name     dropped samples
latency

Statistics:
  latency:                  30.0164ms [min=8.95028ms, max=95.2143ms, average=45.0589ms, deviation=18.4266ms]
----------------------------------------------------------

----------------------------------------------------------
sample path: (IntersectionOutput) 
  order timepoint           sequence nr.                  node name     dropped samples
latency

Statistics:
  latency:                  81.318ms [min=8.95028ms, max=95.2143ms, average=45.2943ms, deviation=18.5972ms]
----------------------------------------------------------

----------------------------------------------------------
sample path: (IntersectionOutput) 
  order timepoint           sequence nr.                  node name     dropped samples
latency

Statistics:
  latency:                  76.8054ms [min=8.95028ms, max=95.2143ms, average=45.4976ms, deviation=18.7087ms]
----------------------------------------------------------

----------------------------------------------------------
sample path: (IntersectionOutput) 
  order timepoint           sequence nr.                  node name     dropped samples
latency

Statistics:
  latency:                  57.7297ms [min=8.95028ms, max=95.2143ms, average=45.5761ms, deviation=18.674ms]
----------------------------------------------------------

----------------------------------------------------------
sample path: (VehicleDBWSystem) 
  order timepoint           sequence nr.                  node name     dropped samples
bp period
latency

Statistics:
  latency:                  185.627ms [min=167.251ms, max=301.924ms, average=224.289ms, deviation=43.4692ms]
hotpath
  hot path:                 FrontLidarDriver/RearLidarDriver -> ObjectCollisionEstimator
  hot path latency:         79.8798ms [min=50.7582ms, max=87.4018ms, average=69.2436ms, deviation=8.05156ms]
  hot path drops:           0 [min=0, max=0, average=0, deviation=0]
  behavior planner period:  99.9784ms [min=99.8553ms, max=100.141ms, average=99.9998ms, deviation=0.0391308ms]
----------------------------------------------------------

----------------------------------------------------------
sample path: (IntersectionOutput) 
  order timepoint           sequence nr.                  node name     dropped samples
latency

Statistics:
  latency:                  29.3182ms [min=8.95028ms, max=95.2143ms, average=45.4725ms, deviation=18.6592ms]
----------------------------------------------------------

----------------------------------------------------------
sample path: (IntersectionOutput) 
  order timepoint           sequence nr.                  node name     dropped samples
latency

Statistics:
  latency:                  51.0109ms [min=8.95028ms, max=95.2143ms, average=45.5076ms, deviation=18.6049ms]
----------------------------------------------------------

----------------------------------------------------------
sample path: (IntersectionOutput) 
  order timepoint           sequence nr.                  node name     dropped samples
latency

Statistics:
  latency:                  74.353ms [min=8.95028ms, max=95.2143ms, average=45.689ms, deviation=18.6865ms]
----------------------------------------------------------

----------------------------------------------------------
sample path: (IntersectionOutput) 
  order timepoint           sequence nr.                  node name     dropped samples
latency

Statistics:
  latency:                  74.3659ms [min=8.95028ms, max=95.2143ms, average=45.8682ms, deviation=18.7651ms]
----------------------------------------------------------

----------------------------------------------------------
sample path: (VehicleDBWSystem) 
  order timepoint           sequence nr.                  node name     dropped samples
bp period
latency

Statistics:
  latency:                  262.437ms [min=167.251ms, max=301.924ms, average=225.137ms, deviation=43.3471ms]
hotpath
  hot path:                 FrontLidarDriver/RearLidarDriver -> ObjectCollisionEstimator
  hot path latency:         77.877ms [min=50.7582ms, max=87.4018ms, average=69.4354ms, deviation=8.06292ms]
  hot path drops:           0 [min=0, max=0, average=0, deviation=0]
  behavior planner period:  100.001ms [min=99.8553ms, max=100.141ms, average=99.9999ms, deviation=0.0386737ms]
----------------------------------------------------------

----------------------------------------------------------
sample path: (IntersectionOutput) 
  order timepoint           sequence nr.                  node name     dropped samples
latency

Statistics:
  latency:                  28.6129ms [min=8.95028ms, max=95.2143ms, average=45.761ms, deviation=18.7557ms]
----------------------------------------------------------

----------------------------------------------------------
sample path: (IntersectionOutput) 
  order timepoint           sequence nr.                  node name     dropped samples
latency

Statistics:
  latency:                  64.1264ms [min=8.95028ms, max=95.2143ms, average=45.8744ms, deviation=18.753ms]
----------------------------------------------------------

