----------------------------------------------------------
sample path: (VehicleDBWSystem) 
  order timepoint           sequence nr.                  node name     dropped samples
latency

Statistics:
  latency:                  251.304ms [min=251.304ms, max=251.304ms, average=251.304ms, deviation=-nanms]
  behavior planner period:  0ms [min=1.84467e+13ms, max=0ms, average=0ms, deviation=0ms]
----------------------------------------------------------

----------------------------------------------------------
sample path: (IntersectionOutput) 
  order timepoint           sequence nr.                  node name     dropped samples
latency

Statistics:
  latency:                  47.6096ms [min=47.6096ms, max=47.6096ms, average=47.6096ms, deviation=-nanms]
----------------------------------------------------------

----------------------------------------------------------
sample path: (IntersectionOutput) 
  order timepoint           sequence nr.                  node name     dropped samples
latency

Statistics:
  latency:                  36.0331ms [min=36.0331ms, max=47.6096ms, average=41.8214ms, deviation=8.18585ms]
----------------------------------------------------------

----------------------------------------------------------
sample path: (VehicleDBWSystem) 
  order timepoint           sequence nr.                  node name     dropped samples
bp period
latency

Statistics:
  latency:                  245.361ms [min=245.361ms, max=251.304ms, average=248.332ms, deviation=4.20207ms]
hotpath
  hot path:                 FrontLidarDriver/RearLidarDriver -> ObjectCollisionEstimator
  hot path latency:         117.25ms [min=117.25ms, max=117.25ms, average=117.25ms, deviation=-nanms]
  hot path drops:           0 [min=0, max=0, average=0, deviation=-nan]
  behavior planner period:  101.25ms [min=101.25ms, max=101.25ms, average=101.25ms, deviation=-nanms]
----------------------------------------------------------

----------------------------------------------------------
sample path: (IntersectionOutput) 
  order timepoint           sequence nr.                  node name     dropped samples
latency

Statistics:
  latency:                  47.3928ms [min=36.0331ms, max=47.6096ms, average=43.6785ms, deviation=6.62202ms]
----------------------------------------------------------

----------------------------------------------------------
sample path: (VehicleDBWSystem) 
  order timepoint           sequence nr.                  node name     dropped samples
bp period
latency

Statistics:
  latency:                  245.84ms [min=245.361ms, max=251.304ms, average=247.501ms, deviation=3.30155ms]
hotpath
  hot path:                 FrontLidarDriver/RearLidarDriver -> ObjectCollisionEstimator
  hot path latency:         135.464ms [min=117.25ms, max=135.464ms, average=126.357ms, deviation=12.8795ms]
  hot path drops:           0 [min=0, max=0, average=0, deviation=0]
  behavior planner period:  92.801ms [min=92.801ms, max=101.25ms, average=97.0255ms, deviation=5.97443ms]
----------------------------------------------------------

----------------------------------------------------------
sample path: (IntersectionOutput) 
  order timepoint           sequence nr.                  node name     dropped samples
latency

Statistics:
  latency:                  52.612ms [min=36.0331ms, max=52.612ms, average=45.9119ms, deviation=7.01327ms]
----------------------------------------------------------

----------------------------------------------------------
sample path: (IntersectionOutput) 
  order timepoint           sequence nr.                  node name     dropped samples
latency

Statistics:
  latency:                  59.0015ms [min=36.0331ms, max=59.0015ms, average=48.5298ms, deviation=8.43546ms]
----------------------------------------------------------

----------------------------------------------------------
sample path: (VehicleDBWSystem) 
  order timepoint           sequence nr.                  node name     dropped samples
bp period
latency

Statistics:
  latency:                  283.714ms [min=245.361ms, max=283.714ms, average=256.555ms, deviation=18.3057ms]
hotpath
  hot path:                 FrontLidarDriver/RearLidarDriver -> ObjectCollisionEstimator
  hot path latency:         118.892ms [min=117.25ms, max=135.464ms, average=123.869ms, deviation=10.0754ms]
  hot path drops:           0 [min=0, max=0, average=0, deviation=0]
  behavior planner period:  105.269ms [min=92.801ms, max=105.269ms, average=99.7732ms, deviation=6.36369ms]
----------------------------------------------------------

----------------------------------------------------------
sample path: (IntersectionOutput) 
  order timepoint           sequence nr.                  node name     dropped samples
latency

Statistics:
  latency:                  47.7304ms [min=36.0331ms, max=59.0015ms, average=48.3966ms, deviation=7.55196ms]
----------------------------------------------------------

----------------------------------------------------------
sample path: (IntersectionOutput) 
  order timepoint           sequence nr.                  node name     dropped samples
latency

Statistics:
  latency:                  48.4876ms [min=36.0331ms, max=59.0015ms, average=48.4096ms, deviation=6.89405ms]
----------------------------------------------------------

----------------------------------------------------------
sample path: (VehicleDBWSystem) 
  order timepoint           sequence nr.                  node name     dropped samples
bp period
latency

Statistics:
  latency:                  296.663ms [min=245.361ms, max=296.663ms, average=264.576ms, deviation=23.9386ms]
hotpath
  hot path:                 FrontLidarDriver/RearLidarDriver -> ObjectCollisionEstimator
  hot path latency:         96.4992ms [min=96.4992ms, max=135.464ms, average=117.026ms, deviation=15.9672ms]
  hot path drops:           0 [min=0, max=0, average=0, deviation=0]
  behavior planner period:  108.077ms [min=92.801ms, max=108.077ms, average=101.849ms, deviation=6.6509ms]
----------------------------------------------------------

----------------------------------------------------------
sample path: (IntersectionOutput) 
  order timepoint           sequence nr.                  node name     dropped samples
latency

Statistics:
  latency:                  65.1501ms [min=36.0331ms, max=65.1501ms, average=50.5021ms, deviation=8.70453ms]
----------------------------------------------------------

----------------------------------------------------------
sample path: (VehicleDBWSystem) 
  order timepoint           sequence nr.                  node name     dropped samples
bp period
latency

Statistics:
  latency:                  306.376ms [min=245.361ms, max=306.376ms, average=271.543ms, deviation=27.3798ms]
hotpath
  hot path:                 FrontLidarDriver/RearLidarDriver -> ObjectCollisionEstimator
  hot path latency:         134.733ms [min=96.4992ms, max=135.464ms, average=120.568ms, deviation=15.9348ms]
  hot path drops:           0 [min=0, max=0, average=0, deviation=0]
  behavior planner period:  99.7865ms [min=92.801ms, max=108.077ms, average=101.437ms, deviation=5.83324ms]
----------------------------------------------------------

----------------------------------------------------------
sample path: (IntersectionOutput) 
  order timepoint           sequence nr.                  node name     dropped samples
latency

Statistics:
  latency:                  84.7068ms [min=36.0331ms, max=84.7068ms, average=54.3027ms, deviation=14.0105ms]
----------------------------------------------------------

----------------------------------------------------------
sample path: (IntersectionOutput) 
  order timepoint           sequence nr.                  node name     dropped samples
latency

Statistics:
  latency:                  61.2848ms [min=36.0331ms, max=84.7068ms, average=55.0009ms, deviation=13.3924ms]
----------------------------------------------------------

----------------------------------------------------------
sample path: (VehicleDBWSystem) 
  order timepoint           sequence nr.                  node name     dropped samples
bp period
latency

Statistics:
  latency:                  260.414ms [min=245.361ms, max=306.376ms, average=269.953ms, deviation=25.3457ms]
hotpath
  hot path:                 FrontLidarDriver/RearLidarDriver -> ObjectCollisionEstimator
  hot path latency:         132.979ms [min=96.4992ms, max=135.464ms, average=122.636ms, deviation=15.1263ms]
  hot path drops:           0 [min=0, max=0, average=0, deviation=0]
  behavior planner period:  82.0694ms [min=82.0694ms, max=108.077ms, average=98.2087ms, deviation=9.47292ms]
----------------------------------------------------------

----------------------------------------------------------
sample path: (IntersectionOutput) 
  order timepoint           sequence nr.                  node name     dropped samples
latency

Statistics:
  latency:                  53.3437ms [min=36.0331ms, max=84.7068ms, average=54.8502ms, deviation=12.715ms]
----------------------------------------------------------

----------------------------------------------------------
sample path: (VehicleDBWSystem) 
  order timepoint           sequence nr.                  node name     dropped samples
bp period
latency

Statistics:
  latency:                  260.255ms [min=245.361ms, max=306.376ms, average=268.741ms, deviation=23.7147ms]
hotpath
  hot path:                 FrontLidarDriver/RearLidarDriver -> ObjectCollisionEstimator
  hot path latency:         136.767ms [min=96.4992ms, max=136.767ms, average=124.655ms, deviation=14.8053ms]
  hot path drops:           0 [min=0, max=0, average=0, deviation=0]
  behavior planner period:  108.035ms [min=82.0694ms, max=108.077ms, average=99.6125ms, deviation=9.41138ms]
----------------------------------------------------------

----------------------------------------------------------
sample path: (IntersectionOutput) 
  order timepoint           sequence nr.                  node name     dropped samples
latency

Statistics:
  latency:                  57.9614ms [min=36.0331ms, max=84.7068ms, average=55.1095ms, deviation=12.1565ms]
----------------------------------------------------------

----------------------------------------------------------
sample path: (IntersectionOutput) 
  order timepoint           sequence nr.                  node name     dropped samples
latency

Statistics:
  latency:                  57.5234ms [min=36.0331ms, max=84.7068ms, average=55.2952ms, deviation=11.6582ms]
----------------------------------------------------------

----------------------------------------------------------
sample path: (VehicleDBWSystem) 
  order timepoint           sequence nr.                  node name     dropped samples
bp period
latency

Statistics:
  latency:                  274.178ms [min=245.361ms, max=306.376ms, average=269.345ms, deviation=22.257ms]
hotpath
  hot path:                 FrontLidarDriver/RearLidarDriver -> ObjectCollisionEstimator
  hot path latency:         130.428ms [min=96.4992ms, max=136.767ms, average=125.377ms, deviation=13.8582ms]
  hot path drops:           0 [min=0, max=0, average=0, deviation=0]
  behavior planner period:  103.2ms [min=82.0694ms, max=108.077ms, average=100.061ms, deviation=8.80506ms]
----------------------------------------------------------

----------------------------------------------------------
sample path: (IntersectionOutput) 
  order timepoint           sequence nr.                  node name     dropped samples
latency

Statistics:
  latency:                  57.4144ms [min=36.0331ms, max=84.7068ms, average=55.4465ms, deviation=11.2152ms]
----------------------------------------------------------

----------------------------------------------------------
sample path: (IntersectionOutput) 
  order timepoint           sequence nr.                  node name     dropped samples
latency

Statistics:
  latency:                  86.6704ms [min=36.0331ms, max=86.6704ms, average=57.5281ms, deviation=13.483ms]
----------------------------------------------------------

----------------------------------------------------------
sample path: (VehicleDBWSystem) 
  order timepoint           sequence nr.                  node name     dropped samples
bp period
latency

Statistics:
  latency:                  268.782ms [min=245.361ms, max=306.376ms, average=269.289ms, deviation=20.9849ms]
hotpath
  hot path:                 FrontLidarDriver/RearLidarDriver -> ObjectCollisionEstimator
  hot path latency:         152.67ms [min=96.4992ms, max=152.67ms, average=128.409ms, deviation=15.8371ms]
  hot path drops:           0 [min=0, max=0, average=0, deviation=0]
  behavior planner period:  98.0359ms [min=82.0694ms, max=108.077ms, average=99.8359ms, deviation=8.26399ms]
----------------------------------------------------------

----------------------------------------------------------
sample path: (IntersectionOutput) 
  order timepoint           sequence nr.                  node name     dropped samples
latency

Statistics:
  latency:                  50.5204ms [min=36.0331ms, max=86.6704ms, average=57.0902ms, deviation=13.1431ms]
----------------------------------------------------------

----------------------------------------------------------
sample path: (VehicleDBWSystem) 
  order timepoint           sequence nr.                  node name     dropped samples
bp period
latency

Statistics:
  latency:                  364.166ms [min=245.361ms, max=364.166ms, average=277.914ms, deviation=34.852ms]
  behavior planner period:  110.265ms [min=82.0694ms, max=110.265ms, average=100.879ms, deviation=8.46056ms]
----------------------------------------------------------

----------------------------------------------------------
sample path: (IntersectionOutput) 
  order timepoint           sequence nr.                  node name     dropped samples
latency

Statistics:
  latency:                  71.9507ms [min=36.0331ms, max=86.6704ms, average=57.9643ms, deviation=13.2263ms]
----------------------------------------------------------

----------------------------------------------------------
sample path: (IntersectionOutput) 
  order timepoint           sequence nr.                  node name     dropped samples
latency

Statistics:
  latency:                  58.3569ms [min=36.0331ms, max=86.6704ms, average=57.9861ms, deviation=12.8317ms]
----------------------------------------------------------

----------------------------------------------------------
sample path: (VehicleDBWSystem) 
  order timepoint           sequence nr.                  node name     dropped samples
bp period
latency

Statistics:
  latency:                  280.554ms [min=245.361ms, max=364.166ms, average=278.134ms, deviation=33.2388ms]
hotpath
  hot path:                 FrontLidarDriver/RearLidarDriver -> ObjectCollisionEstimator
  hot path latency:         126.908ms [min=96.4992ms, max=152.67ms, average=128.259ms, deviation=14.9389ms]
  hot path drops:           0 [min=0, max=0, average=0, deviation=0]
  behavior planner period:  98.043ms [min=82.0694ms, max=110.265ms, average=100.621ms, deviation=8.0718ms]
----------------------------------------------------------

----------------------------------------------------------
sample path: (IntersectionOutput) 
  order timepoint           sequence nr.                  node name     dropped samples
latency

Statistics:
  latency:                  81.4516ms [min=36.0331ms, max=86.6704ms, average=59.2211ms, deviation=13.5826ms]
----------------------------------------------------------

----------------------------------------------------------
sample path: (IntersectionOutput) 
  order timepoint           sequence nr.                  node name     dropped samples
latency

Statistics:
  latency:                  64.5401ms [min=36.0331ms, max=86.6704ms, average=59.4871ms, deviation=13.2737ms]
----------------------------------------------------------

----------------------------------------------------------
sample path: (VehicleDBWSystem) 
  order timepoint           sequence nr.                  node name     dropped samples
bp period
latency

Statistics:
  latency:                  371.677ms [min=245.361ms, max=371.677ms, average=285.329ms, deviation=41.0591ms]
hotpath
  hot path:                 FrontLidarDriver/RearLidarDriver -> ObjectCollisionEstimator
  hot path latency:         131.31ms [min=96.4992ms, max=152.67ms, average=128.536ms, deviation=14.2021ms]
  hot path drops:           0 [min=0, max=0, average=0, deviation=0]
  behavior planner period:  103.294ms [min=82.0694ms, max=110.265ms, average=100.844ms, deviation=7.73475ms]
----------------------------------------------------------

----------------------------------------------------------
sample path: (IntersectionOutput) 
  order timepoint           sequence nr.                  node name     dropped samples
latency

Statistics:
  latency:                  68.2206ms [min=36.0331ms, max=86.6704ms, average=59.903ms, deviation=13.0772ms]
----------------------------------------------------------

----------------------------------------------------------
sample path: (VehicleDBWSystem) 
  order timepoint           sequence nr.                  node name     dropped samples
bp period
latency

Statistics:
  latency:                  292.135ms [min=245.361ms, max=371.677ms, average=285.816ms, deviation=39.4902ms]
  behavior planner period:  84.3897ms [min=82.0694ms, max=110.265ms, average=99.578ms, deviation=8.69865ms]
----------------------------------------------------------

----------------------------------------------------------
sample path: (IntersectionOutput) 
  order timepoint           sequence nr.                  node name     dropped samples
latency

Statistics:
  latency:                  65.0107ms [min=36.0331ms, max=86.6704ms, average=60.1351ms, deviation=12.8084ms]
----------------------------------------------------------

----------------------------------------------------------
sample path: (IntersectionOutput) 
  order timepoint           sequence nr.                  node name     dropped samples
latency

Statistics:
  latency:                  75.7774ms [min=36.0331ms, max=86.6704ms, average=60.8152ms, deviation=12.932ms]
----------------------------------------------------------

----------------------------------------------------------
sample path: (VehicleDBWSystem) 
  order timepoint           sequence nr.                  node name     dropped samples
bp period
latency

Statistics:
  latency:                  393.078ms [min=245.361ms, max=393.078ms, average=292.966ms, deviation=47.0649ms]
hotpath
  hot path:                 FrontLidarDriver/RearLidarDriver -> ObjectCollisionEstimator
  hot path latency:         146.817ms [min=96.4992ms, max=152.67ms, average=130.06ms, deviation=14.5331ms]
  hot path drops:           0 [min=0, max=0, average=0, deviation=0]
  behavior planner period:  102.261ms [min=82.0694ms, max=110.265ms, average=99.7696ms, deviation=8.38809ms]
----------------------------------------------------------

----------------------------------------------------------
sample path: (IntersectionOutput) 
  order timepoint           sequence nr.                  node name     dropped samples
latency

Statistics:
  latency:                  56.3004ms [min=36.0331ms, max=86.6704ms, average=60.6271ms, deviation=12.6813ms]
----------------------------------------------------------

----------------------------------------------------------
sample path: (VehicleDBWSystem) 
  order timepoint           sequence nr.                  node name     dropped samples
bp period
latency

Statistics:
  latency:                  298.796ms [min=245.361ms, max=393.078ms, average=293.331ms, deviation=45.4923ms]
hotpath
  hot path:                 FrontLidarDriver/RearLidarDriver -> ObjectCollisionEstimator
  hot path latency:         134.06ms [min=96.4992ms, max=152.67ms, average=130.368ms, deviation=13.9585ms]
  hot path drops:           0 [min=0, max=0, average=0, deviation=0]
  behavior planner period:  101.159ms [min=82.0694ms, max=110.265ms, average=99.8623ms, deviation=8.09093ms]
----------------------------------------------------------

----------------------------------------------------------
sample path: (IntersectionOutput) 
  order timepoint           sequence nr.                  node name     dropped samples
latency

Statistics:
  latency:                  71.3454ms [min=36.0331ms, max=86.6704ms, average=61.0559ms, deviation=12.598ms]
----------------------------------------------------------

----------------------------------------------------------
sample path: (VehicleDBWSystem) 
  order timepoint           sequence nr.                  node name     dropped samples
bp period
latency

Statistics:
  latency:                  362.501ms [min=245.361ms, max=393.078ms, average=297.4ms, deviation=47.1343ms]
  behavior planner period:  96.0743ms [min=82.0694ms, max=110.265ms, average=99.6255ms, deviation=7.87374ms]
----------------------------------------------------------

----------------------------------------------------------
sample path: (IntersectionOutput) 
  order timepoint           sequence nr.                  node name     dropped samples
latency

Statistics:
  latency:                  67.9552ms [min=36.0331ms, max=86.6704ms, average=61.3212ms, deviation=12.4174ms]
----------------------------------------------------------

----------------------------------------------------------
sample path: (VehicleDBWSystem) 
  order timepoint           sequence nr.                  node name     dropped samples
bp period
latency

Statistics:
  latency:                  294.83ms [min=245.361ms, max=393.078ms, average=297.257ms, deviation=45.731ms]
hotpath
  hot path:                 FrontLidarDriver/RearLidarDriver -> ObjectCollisionEstimator
  hot path latency:         148.813ms [min=96.4992ms, max=152.67ms, average=131.685ms, deviation=14.2883ms]
  hot path drops:           0 [min=0, max=0, average=0, deviation=0]
  behavior planner period:  124.065ms [min=82.0694ms, max=124.065ms, average=101.063ms, deviation=9.65695ms]
----------------------------------------------------------

----------------------------------------------------------
sample path: (IntersectionOutput) 
  order timepoint           sequence nr.                  node name     dropped samples
latency

Statistics:
  latency:                  45.6298ms [min=36.0331ms, max=86.6704ms, average=60.74ms, deviation=12.5452ms]
----------------------------------------------------------

----------------------------------------------------------
sample path: (VehicleDBWSystem) 
  order timepoint           sequence nr.                  node name     dropped samples
bp period
latency

Statistics:
  latency:                  291.419ms [min=245.361ms, max=393.078ms, average=296.95ms, deviation=44.4628ms]
hotpath
  hot path:                 FrontLidarDriver/RearLidarDriver -> ObjectCollisionEstimator
  hot path latency:         129.73ms [min=96.4992ms, max=152.67ms, average=131.555ms, deviation=13.7778ms]
  hot path drops:           0 [min=0, max=0, average=0, deviation=0]
  behavior planner period:  86.4873ms [min=82.0694ms, max=124.065ms, average=100.253ms, deviation=9.97868ms]
----------------------------------------------------------

----------------------------------------------------------
sample path: (IntersectionOutput) 
  order timepoint           sequence nr.                  node name     dropped samples
latency

Statistics:
  latency:                  69.1764ms [min=36.0331ms, max=86.6704ms, average=61.0413ms, deviation=12.4135ms]
----------------------------------------------------------

----------------------------------------------------------
sample path: (IntersectionOutput) 
  order timepoint           sequence nr.                  node name     dropped samples
latency

Statistics:
  latency:                  96.2847ms [min=36.0331ms, max=96.2847ms, average=62.2566ms, deviation=13.8355ms]
----------------------------------------------------------

----------------------------------------------------------
sample path: (VehicleDBWSystem) 
  order timepoint           sequence nr.                  node name     dropped samples
bp period
latency

Statistics:
  latency:                  268.316ms [min=245.361ms, max=393.078ms, average=295.518ms, deviation=43.7479ms]
hotpath
  hot path:                 FrontLidarDriver/RearLidarDriver -> ObjectCollisionEstimator
  hot path latency:         139.567ms [min=96.4992ms, max=152.67ms, average=132.055ms, deviation=13.4605ms]
  hot path drops:           0 [min=0, max=0, average=0, deviation=0]
  behavior planner period:  84.712ms [min=82.0694ms, max=124.065ms, average=99.4354ms, deviation=10.3322ms]
----------------------------------------------------------

----------------------------------------------------------
sample path: (IntersectionOutput) 
  order timepoint           sequence nr.                  node name     dropped samples
latency

Statistics:
  latency:                  63.461ms [min=36.0331ms, max=96.2847ms, average=62.2968ms, deviation=13.5967ms]
----------------------------------------------------------

----------------------------------------------------------
sample path: (VehicleDBWSystem) 
  order timepoint           sequence nr.                  node name     dropped samples
bp period
latency

Statistics:
  latency:                  341.447ms [min=245.361ms, max=393.078ms, average=297.705ms, deviation=43.8023ms]
  behavior planner period:  120.921ms [min=82.0694ms, max=124.065ms, average=100.51ms, deviation=11.1453ms]
----------------------------------------------------------

----------------------------------------------------------
sample path: (IntersectionOutput) 
  order timepoint           sequence nr.                  node name     dropped samples
latency

Statistics:
  latency:                  63.9317ms [min=36.0331ms, max=96.2847ms, average=62.3495ms, deviation=13.3714ms]
----------------------------------------------------------

----------------------------------------------------------
sample path: (VehicleDBWSystem) 
  order timepoint           sequence nr.                  node name     dropped samples
bp period
latency

Statistics:
  latency:                  392.958ms [min=245.361ms, max=393.078ms, average=302.035ms, deviation=47.3254ms]
hotpath
  hot path:                 FrontLidarDriver/RearLidarDriver -> ObjectCollisionEstimator
  hot path latency:         178.992ms [min=96.4992ms, max=178.992ms, average=134.816ms, deviation=17.3046ms]
  hot path drops:           0 [min=0, max=0, average=0, deviation=0]
  behavior planner period:  88.8336ms [min=82.0694ms, max=124.065ms, average=99.9537ms, deviation=11.1579ms]
----------------------------------------------------------

----------------------------------------------------------
sample path: (IntersectionOutput) 
  order timepoint           sequence nr.                  node name     dropped samples
latency

Statistics:
  latency:                  35.4116ms [min=35.4116ms, max=96.2847ms, average=61.5077ms, deviation=13.9894ms]
----------------------------------------------------------

----------------------------------------------------------
sample path: (IntersectionOutput) 
  order timepoint           sequence nr.                  node name     dropped samples
latency

Statistics:
  latency:                  46.692ms [min=35.4116ms, max=96.2847ms, average=61.0587ms, deviation=14.0085ms]
----------------------------------------------------------

----------------------------------------------------------
sample path: (VehicleDBWSystem) 
  order timepoint           sequence nr.                  node name     dropped samples
bp period
latency

Statistics:
  latency:                  346.156ms [min=245.361ms, max=393.078ms, average=303.953ms, deviation=47.1437ms]
hotpath
  hot path:                 FrontLidarDriver/RearLidarDriver -> ObjectCollisionEstimator
  hot path latency:         159.958ms [min=96.4992ms, max=178.992ms, average=136.213ms, deviation=17.8031ms]
  hot path drops:           0 [min=0, max=0, average=0, deviation=0]
  behavior planner period:  100.999ms [min=82.0694ms, max=124.065ms, average=100.001ms, deviation=10.8913ms]
----------------------------------------------------------

----------------------------------------------------------
sample path: (IntersectionOutput) 
  order timepoint           sequence nr.                  node name     dropped samples
latency

Statistics:
  latency:                  68.9388ms [min=35.4116ms, max=96.2847ms, average=61.2905ms, deviation=13.8607ms]
----------------------------------------------------------

----------------------------------------------------------
sample path: (VehicleDBWSystem) 
  order timepoint           sequence nr.                  node name     dropped samples
bp period
latency

Statistics:
  latency:                  288.925ms [min=245.361ms, max=393.078ms, average=303.327ms, deviation=46.2094ms]
hotpath
  hot path:                 FrontLidarDriver/RearLidarDriver -> ObjectCollisionEstimator
  hot path latency:         147.049ms [min=96.4992ms, max=178.992ms, average=136.783ms, deviation=17.4792ms]
  hot path drops:           0 [min=0, max=0, average=0, deviation=0]
  behavior planner period:  118.767ms [min=82.0694ms, max=124.065ms, average=100.817ms, deviation=11.3375ms]
----------------------------------------------------------

----------------------------------------------------------
sample path: (IntersectionOutput) 
  order timepoint           sequence nr.                  node name     dropped samples
latency

Statistics:
  latency:                  58.3195ms [min=35.4116ms, max=96.2847ms, average=61.2056ms, deviation=13.6645ms]
----------------------------------------------------------

----------------------------------------------------------
sample path: (VehicleDBWSystem) 
  order timepoint           sequence nr.                  node name     dropped samples
bp period
latency

Statistics:
  latency:                  285.585ms [min=245.361ms, max=393.078ms, average=302.617ms, deviation=45.3754ms]
hotpath
  hot path:                 FrontLidarDriver/RearLidarDriver -> ObjectCollisionEstimator
  hot path latency:         120.896ms [min=96.4992ms, max=178.992ms, average=135.989ms, deviation=17.38ms]
  hot path drops:           0 [min=0, max=0, average=0, deviation=0]
  behavior planner period:  77.064ms [min=77.064ms, max=124.065ms, average=99.8274ms, deviation=12.102ms]
----------------------------------------------------------

----------------------------------------------------------
sample path: (IntersectionOutput) 
  order timepoint           sequence nr.                  node name     dropped samples
latency

Statistics:
  latency:                  70.9741ms [min=35.4116ms, max=96.2847ms, average=61.477ms, deviation=13.566ms]
----------------------------------------------------------

----------------------------------------------------------
sample path: (IntersectionOutput) 
  order timepoint           sequence nr.                  node name     dropped samples
latency

Statistics:
  latency:                  53.1811ms [min=35.4116ms, max=96.2847ms, average=61.2528ms, deviation=13.4456ms]
----------------------------------------------------------

----------------------------------------------------------
sample path: (VehicleDBWSystem) 
  order timepoint           sequence nr.                  node name     dropped samples
bp period
latency

Statistics:
  latency:                  276.38ms [min=245.361ms, max=393.078ms, average=301.608ms, deviation=44.7554ms]
hotpath
  hot path:                 FrontLidarDriver/RearLidarDriver -> ObjectCollisionEstimator
  hot path latency:         132.337ms [min=96.4992ms, max=178.992ms, average=135.815ms, deviation=16.9586ms]
  hot path drops:           0 [min=0, max=0, average=0, deviation=0]
  behavior planner period:  115.063ms [min=77.064ms, max=124.065ms, average=100.437ms, deviation=12.2328ms]
----------------------------------------------------------

----------------------------------------------------------
sample path: (IntersectionOutput) 
  order timepoint           sequence nr.                  node name     dropped samples
latency

Statistics:
  latency:                  65.8048ms [min=35.4116ms, max=96.2847ms, average=61.3726ms, deviation=13.2832ms]
----------------------------------------------------------

----------------------------------------------------------
sample path: (IntersectionOutput) 
  order timepoint           sequence nr.                  node name     dropped samples
latency

Statistics:
  latency:                  80.708ms [min=35.4116ms, max=96.2847ms, average=61.8683ms, deviation=13.4679ms]
----------------------------------------------------------

----------------------------------------------------------
sample path: (VehicleDBWSystem) 
  order timepoint           sequence nr.                  node name     dropped samples
bp period
latency

Statistics:
  latency:                  272.609ms [min=245.361ms, max=393.078ms, average=300.534ms, deviation=44.2397ms]
hotpath
  hot path:                 FrontLidarDriver/RearLidarDriver -> ObjectCollisionEstimator
  hot path latency:         148.846ms [min=96.4992ms, max=178.992ms, average=136.408ms, deviation=16.7815ms]
  hot path drops:           0 [min=0, max=0, average=0, deviation=0]
  behavior planner period:  84.9126ms [min=77.064ms, max=124.065ms, average=99.8397ms, deviation=12.3663ms]
----------------------------------------------------------

----------------------------------------------------------
sample path: (IntersectionOutput) 
  order timepoint           sequence nr.                  node name     dropped samples
latency

Statistics:
  latency:                  56.1037ms [min=35.4116ms, max=96.2847ms, average=61.7242ms, deviation=13.3254ms]
----------------------------------------------------------

----------------------------------------------------------
sample path: (VehicleDBWSystem) 
  order timepoint           sequence nr.                  node name     dropped samples
bp period
latency

Statistics:
  latency:                  378.543ms [min=245.361ms, max=393.078ms, average=303.32ms, deviation=45.8476ms]
  behavior planner period:  116.679ms [min=77.064ms, max=124.065ms, average=100.463ms, deviation=12.5517ms]
----------------------------------------------------------

----------------------------------------------------------
sample path: (IntersectionOutput) 
  order timepoint           sequence nr.                  node name     dropped samples
latency

Statistics:
  latency:                  81.6645ms [min=35.4116ms, max=96.2847ms, average=62.2106ms, deviation=13.5212ms]
----------------------------------------------------------

----------------------------------------------------------
sample path: (IntersectionOutput) 
  order timepoint           sequence nr.                  node name     dropped samples
latency

Statistics:
  latency:                  62.2474ms [min=35.4116ms, max=96.2847ms, average=62.2114ms, deviation=13.3553ms]
----------------------------------------------------------

----------------------------------------------------------
sample path: (VehicleDBWSystem) 
  order timepoint           sequence nr.                  node name     dropped samples
bp period
latency

Statistics:
  latency:                  292.981ms [min=245.361ms, max=393.078ms, average=302.963ms, deviation=45.0624ms]
hotpath
  hot path:                 FrontLidarDriver/RearLidarDriver -> ObjectCollisionEstimator
  hot path latency:         141.569ms [min=96.4992ms, max=178.992ms, average=136.632ms, deviation=16.4309ms]
  hot path drops:           0 [min=0, max=0, average=0, deviation=0]
  behavior planner period:  82.0957ms [min=77.064ms, max=124.065ms, average=99.8074ms, deviation=12.7968ms]
----------------------------------------------------------

----------------------------------------------------------
sample path: (IntersectionOutput) 
  order timepoint           sequence nr.                  node name     dropped samples
latency

Statistics:
  latency:                  76.6662ms [min=35.4116ms, max=96.2847ms, average=62.5476ms, deviation=13.3782ms]
----------------------------------------------------------

----------------------------------------------------------
sample path: (VehicleDBWSystem) 
  order timepoint           sequence nr.                  node name     dropped samples
bp period
latency

Statistics:
  latency:                  366.478ms [min=245.361ms, max=393.078ms, average=305.081ms, deviation=45.7719ms]
  behavior planner period:  98.5386ms [min=77.064ms, max=124.065ms, average=99.7636ms, deviation=12.5684ms]
----------------------------------------------------------

----------------------------------------------------------
sample path: (IntersectionOutput) 
  order timepoint           sequence nr.                  node name     dropped samples
latency

Statistics:
  latency:                  59.6192ms [min=35.4116ms, max=96.2847ms, average=62.481ms, deviation=13.2291ms]
----------------------------------------------------------

----------------------------------------------------------
sample path: (IntersectionOutput) 
  order timepoint           sequence nr.                  node name     dropped samples
latency

Statistics:
  latency:                  82.425ms [min=35.4116ms, max=96.2847ms, average=62.9242ms, deviation=13.4116ms]
----------------------------------------------------------

----------------------------------------------------------
sample path: (VehicleDBWSystem) 
  order timepoint           sequence nr.                  node name     dropped samples
bp period
latency

Statistics:
  latency:                  300.187ms [min=245.361ms, max=393.078ms, average=304.923ms, deviation=45.0111ms]
hotpath
  hot path:                 FrontLidarDriver/RearLidarDriver -> ObjectCollisionEstimator
  hot path latency:         125.843ms [min=96.4992ms, max=178.992ms, average=136.182ms, deviation=16.22ms]
  hot path drops:           0 [min=0, max=0, average=0, deviation=0]
  behavior planner period:  116.529ms [min=77.064ms, max=124.065ms, average=100.322ms, deviation=12.7235ms]
----------------------------------------------------------

----------------------------------------------------------
sample path: (IntersectionOutput) 
  order timepoint           sequence nr.                  node name     dropped samples
latency

Statistics:
  latency:                  36.8259ms [min=35.4116ms, max=96.2847ms, average=62.3569ms, deviation=13.8087ms]
----------------------------------------------------------

----------------------------------------------------------
sample path: (VehicleDBWSystem) 
  order timepoint           sequence nr.                  node name     dropped samples
bp period
latency

Statistics:
  latency:                  257.602ms [min=245.361ms, max=393.078ms, average=303.444ms, deviation=45.0624ms]
hotpath
  hot path:                 FrontLidarDriver/RearLidarDriver -> ObjectCollisionEstimator
  hot path latency:         99.7026ms [min=96.4992ms, max=178.992ms, average=134.723ms, deviation=17.4745ms]
  hot path drops:           0 [min=0, max=0, average=0, deviation=0]
  behavior planner period:  83.1272ms [min=77.064ms, max=124.065ms, average=99.7678ms, deviation=12.8852ms]
----------------------------------------------------------

----------------------------------------------------------
sample path: (IntersectionOutput) 
  order timepoint           sequence nr.                  node name     dropped samples
latency

Statistics:
  latency:                  86.6432ms [min=35.4116ms, max=96.2847ms, average=62.8736ms, deviation=14.1098ms]
----------------------------------------------------------

----------------------------------------------------------
sample path: (IntersectionOutput) 
  order timepoint           sequence nr.                  node name     dropped samples
latency

Statistics:
  latency:                  91.3061ms [min=35.4116ms, max=96.2847ms, average=63.466ms, deviation=14.5496ms]
----------------------------------------------------------

----------------------------------------------------------
sample path: (VehicleDBWSystem) 
  order timepoint           sequence nr.                  node name     dropped samples
bp period
latency

Statistics:
  latency:                  323.199ms [min=245.361ms, max=393.078ms, average=304.043ms, deviation=44.4859ms]
  behavior planner period:  99.5962ms [min=77.064ms, max=124.065ms, average=99.7624ms, deviation=12.6758ms]
----------------------------------------------------------

----------------------------------------------------------
sample path: (IntersectionOutput) 
  order timepoint           sequence nr.                  node name     dropped samples
latency

Statistics:
  latency:                  83.1812ms [min=35.4116ms, max=96.2847ms, average=63.8683ms, deviation=14.6702ms]
----------------------------------------------------------

----------------------------------------------------------
sample path: (VehicleDBWSystem) 
  order timepoint           sequence nr.                  node name     dropped samples
bp period
latency

Statistics:
  latency:                  358.077ms [min=245.361ms, max=393.078ms, average=305.632ms, deviation=44.7761ms]
hotpath
  hot path:                 FrontLidarDriver/RearLidarDriver -> ObjectCollisionEstimator
  hot path latency:         158.732ms [min=96.4992ms, max=178.992ms, average=135.647ms, deviation=17.757ms]
  hot path drops:           0 [min=0, max=0, average=0, deviation=0]
  behavior planner period:  105.016ms [min=77.064ms, max=124.065ms, average=99.9216ms, deviation=12.5096ms]
----------------------------------------------------------

----------------------------------------------------------
sample path: (IntersectionOutput) 
  order timepoint           sequence nr.                  node name     dropped samples
latency

Statistics:
  latency:                  81.4029ms [min=35.4116ms, max=96.2847ms, average=64.219ms, deviation=14.7299ms]
----------------------------------------------------------

----------------------------------------------------------
sample path: (VehicleDBWSystem) 
  order timepoint           sequence nr.                  node name     dropped samples
bp period
latency

Statistics:
  latency:                  401.6ms [min=245.361ms, max=401.6ms, average=308.374ms, deviation=47.0007ms]
hotpath
  hot path:                 FrontLidarDriver/RearLidarDriver -> ObjectCollisionEstimator
  hot path latency:         170.555ms [min=96.4992ms, max=178.992ms, average=136.94ms, deviation=18.6633ms]
  hot path drops:           0 [min=0, max=0, average=0, deviation=0]
  behavior planner period:  95.3926ms [min=77.064ms, max=124.065ms, average=99.7884ms, deviation=12.3431ms]
----------------------------------------------------------

----------------------------------------------------------
sample path: (IntersectionOutput) 
  order timepoint           sequence nr.                  node name     dropped samples
latency

Statistics:
  latency:                  65.4748ms [min=35.4116ms, max=96.2847ms, average=64.2436ms, deviation=14.583ms]
----------------------------------------------------------

----------------------------------------------------------
sample path: (VehicleDBWSystem) 
  order timepoint           sequence nr.                  node name     dropped samples
bp period
latency

Statistics:
  latency:                  424.274ms [min=245.361ms, max=424.274ms, average=311.593ms, deviation=50.1905ms]
hotpath
  hot path:                 FrontLidarDriver/RearLidarDriver -> ObjectCollisionEstimator
  hot path latency:         186.487ms [min=96.4992ms, max=186.487ms, average=138.709ms, deviation=20.5693ms]
  hot path drops:           0 [min=0, max=0, average=0, deviation=0]
  behavior planner period:  110.523ms [min=77.064ms, max=124.065ms, average=100.095ms, deviation=12.2948ms]
----------------------------------------------------------

----------------------------------------------------------
sample path: (IntersectionOutput) 
  order timepoint           sequence nr.                  node name     dropped samples
latency

Statistics:
  latency:                  73.5987ms [min=35.4116ms, max=96.2847ms, average=64.4235ms, deviation=14.4974ms]
----------------------------------------------------------

----------------------------------------------------------
sample path: (VehicleDBWSystem) 
  order timepoint           sequence nr.                  node name     dropped samples
bp period
latency

Statistics:
  latency:                  352.53ms [min=245.361ms, max=424.274ms, average=312.7ms, deviation=49.944ms]
hotpath
  hot path:                 FrontLidarDriver/RearLidarDriver -> ObjectCollisionEstimator
  hot path latency:         195.296ms [min=96.4992ms, max=195.296ms, average=140.66ms, deviation=22.7684ms]
  hot path drops:           0 [min=0, max=0, average=0, deviation=0]
  behavior planner period:  89.1355ms [min=77.064ms, max=124.065ms, average=99.7907ms, deviation=12.2548ms]
----------------------------------------------------------

----------------------------------------------------------
sample path: (IntersectionOutput) 
  order timepoint           sequence nr.                  node name     dropped samples
latency

Statistics:
  latency:                  63.6855ms [min=35.4116ms, max=96.2847ms, average=64.4096ms, deviation=14.3577ms]
----------------------------------------------------------

----------------------------------------------------------
sample path: (VehicleDBWSystem) 
  order timepoint           sequence nr.                  node name     dropped samples
bp period
latency

Statistics:
  latency:                  352.698ms [min=245.361ms, max=424.274ms, average=313.752ms, deviation=49.69ms]
hotpath
  hot path:                 FrontLidarDriver/RearLidarDriver -> ObjectCollisionEstimator
  hot path latency:         177.233ms [min=96.4992ms, max=195.296ms, average=141.879ms, deviation=23.3476ms]
  hot path drops:           0 [min=0, max=0, average=0, deviation=0]
  behavior planner period:  112.802ms [min=77.064ms, max=124.065ms, average=100.142ms, deviation=12.2713ms]
----------------------------------------------------------

----------------------------------------------------------
sample path: (IntersectionOutput) 
  order timepoint           sequence nr.                  node name     dropped samples
latency

Statistics:
  latency:                  52.0866ms [min=35.4116ms, max=96.2847ms, average=64.1814ms, deviation=14.3202ms]
----------------------------------------------------------

----------------------------------------------------------
sample path: (VehicleDBWSystem) 
  order timepoint           sequence nr.                  node name     dropped samples
bp period
latency

Statistics:
  latency:                  375.339ms [min=245.361ms, max=424.274ms, average=315.331ms, deviation=50.0137ms]
hotpath
  hot path:                 FrontLidarDriver/RearLidarDriver -> ObjectCollisionEstimator
  hot path latency:         150.709ms [min=96.4992ms, max=195.296ms, average=142.164ms, deviation=23.0099ms]
  hot path drops:           0 [min=0, max=0, average=0, deviation=0]
  behavior planner period:  86.9433ms [min=77.064ms, max=124.065ms, average=99.795ms, deviation=12.2922ms]
----------------------------------------------------------

----------------------------------------------------------
sample path: (IntersectionOutput) 
  order timepoint           sequence nr.                  node name     dropped samples
latency

Statistics:
  latency:                  66.7153ms [min=35.4116ms, max=96.2847ms, average=64.2275ms, deviation=14.1911ms]
----------------------------------------------------------

----------------------------------------------------------
sample path: (VehicleDBWSystem) 
  order timepoint           sequence nr.                  node name     dropped samples
bp period
latency

Statistics:
  latency:                  354.548ms [min=245.361ms, max=424.274ms, average=316.312ms, deviation=49.7562ms]
hotpath
  hot path:                 FrontLidarDriver/RearLidarDriver -> ObjectCollisionEstimator
  hot path latency:         150.917ms [min=96.4992ms, max=195.296ms, average=142.438ms, deviation=22.6885ms]
  hot path drops:           0 [min=0, max=0, average=0, deviation=0]
  behavior planner period:  98.8393ms [min=77.064ms, max=124.065ms, average=99.7705ms, deviation=12.1304ms]
----------------------------------------------------------

----------------------------------------------------------
sample path: (IntersectionOutput) 
  order timepoint           sequence nr.                  node name     dropped samples
latency

Statistics:
  latency:                  67.3281ms [min=35.4116ms, max=96.2847ms, average=64.2828ms, deviation=14.0676ms]
----------------------------------------------------------

----------------------------------------------------------
sample path: (VehicleDBWSystem) 
  order timepoint           sequence nr.                  node name     dropped samples
bp period
latency

Statistics:
  latency:                  284.611ms [min=245.361ms, max=424.274ms, average=315.539ms, deviation=49.3791ms]
hotpath
  hot path:                 FrontLidarDriver/RearLidarDriver -> ObjectCollisionEstimator
  hot path latency:         150.496ms [min=96.4992ms, max=195.296ms, average=142.682ms, deviation=22.3752ms]
  hot path drops:           0 [min=0, max=0, average=0, deviation=0]
  behavior planner period:  123.256ms [min=77.064ms, max=124.065ms, average=100.358ms, deviation=12.5364ms]
----------------------------------------------------------

----------------------------------------------------------
sample path: (IntersectionOutput) 
  order timepoint           sequence nr.                  node name     dropped samples
latency

Statistics:
  latency:                  36.7315ms [min=35.4116ms, max=96.2847ms, average=63.7995ms, deviation=14.4111ms]
----------------------------------------------------------

----------------------------------------------------------
sample path: (IntersectionOutput) 
  order timepoint           sequence nr.                  node name     dropped samples
latency

Statistics:
  latency:                  86.9342ms [min=35.4116ms, max=96.2847ms, average=64.1984ms, deviation=14.6036ms]
----------------------------------------------------------

----------------------------------------------------------
sample path: (VehicleDBWSystem) 
  order timepoint           sequence nr.                  node name     dropped samples
bp period
latency

Statistics:
  latency:                  391.795ms [min=245.361ms, max=424.274ms, average=317.354ms, deviation=50.1725ms]
hotpath
  hot path:                 FrontLidarDriver/RearLidarDriver -> ObjectCollisionEstimator
  hot path latency:         133.597ms [min=96.4992ms, max=195.296ms, average=142.415ms, deviation=22.0886ms]
  hot path drops:           0 [min=0, max=0, average=0, deviation=0]
  behavior planner period:  98.1829ms [min=77.064ms, max=124.065ms, average=100.305ms, deviation=12.3834ms]
----------------------------------------------------------

----------------------------------------------------------
sample path: (IntersectionOutput) 
  order timepoint           sequence nr.                  node name     dropped samples
latency

Statistics:
  latency:                  75.6522ms [min=35.4116ms, max=96.2847ms, average=64.3925ms, deviation=14.5537ms]
----------------------------------------------------------

----------------------------------------------------------
sample path: (IntersectionOutput) 
  order timepoint           sequence nr.                  node name     dropped samples
latency

Statistics:
  latency:                  88.0703ms [min=35.4116ms, max=96.2847ms, average=64.7871ms, deviation=14.7501ms]
----------------------------------------------------------

----------------------------------------------------------
sample path: (VehicleDBWSystem) 
  order timepoint           sequence nr.                  node name     dropped samples
bp period
latency

Statistics:
  latency:                  390.224ms [min=245.361ms, max=424.274ms, average=319.049ms, deviation=50.8019ms]
  behavior planner period:  88.4656ms [min=77.064ms, max=124.065ms, average=100.023ms, deviation=12.3671ms]
----------------------------------------------------------

----------------------------------------------------------
sample path: (VehicleDBWSystem) 
  order timepoint           sequence nr.                  node name     dropped samples
bp period
latency

Statistics:
  latency:                  405.615ms [min=245.361ms, max=424.274ms, average=321.016ms, deviation=51.8761ms]
hotpath
  hot path:                 FrontLidarDriver/RearLidarDriver -> ObjectCollisionEstimator
  hot path latency:         153.431ms [min=96.4992ms, max=195.296ms, average=142.73ms, deviation=21.8409ms]
  hot path drops:           0 [min=0, max=0, average=0, deviation=0]
  behavior planner period:  88.7296ms [min=77.064ms, max=124.065ms, average=99.7601ms, deviation=12.3398ms]
----------------------------------------------------------

----------------------------------------------------------
sample path: (IntersectionOutput) 
  order timepoint           sequence nr.                  node name     dropped samples
latency

Statistics:
  latency:                  80.2988ms [min=35.4116ms, max=96.2847ms, average=65.0414ms, deviation=14.7608ms]
----------------------------------------------------------

----------------------------------------------------------
sample path: (IntersectionOutput) 
  order timepoint           sequence nr.                  node name     dropped samples
latency

Statistics:
  latency:                  99.2415ms [min=35.4116ms, max=99.2415ms, average=65.593ms, deviation=15.2701ms]
----------------------------------------------------------

----------------------------------------------------------
sample path: (VehicleDBWSystem) 
  order timepoint           sequence nr.                  node name     dropped samples
bp period
latency

Statistics:
  latency:                  402.285ms [min=245.361ms, max=424.274ms, average=322.822ms, deviation=52.6947ms]
hotpath
  hot path:                 FrontLidarDriver/RearLidarDriver -> ObjectCollisionEstimator
  hot path latency:         175.698ms [min=96.4992ms, max=195.296ms, average=143.645ms, deviation=22.2168ms]
  hot path drops:           0 [min=0, max=0, average=0, deviation=0]
  behavior planner period:  99.5472ms [min=77.064ms, max=124.065ms, average=99.7553ms, deviation=12.1955ms]
----------------------------------------------------------

----------------------------------------------------------
sample path: (IntersectionOutput) 
  order timepoint           sequence nr.                  node name     dropped samples
latency

Statistics:
  latency:                  84.3168ms [min=35.4116ms, max=99.2415ms, average=65.8902ms, deviation=15.3291ms]
----------------------------------------------------------

----------------------------------------------------------
sample path: (VehicleDBWSystem) 
  order timepoint           sequence nr.                  node name     dropped samples
bp period
latency

Statistics:
  latency:                  363.474ms [min=245.361ms, max=424.274ms, average=323.706ms, deviation=52.4495ms]
hotpath
  hot path:                 FrontLidarDriver/RearLidarDriver -> ObjectCollisionEstimator
  hot path latency:         206.259ms [min=96.4992ms, max=206.259ms, average=145.338ms, deviation=24.204ms]
  hot path drops:           0 [min=0, max=0, average=0, deviation=0]
  behavior planner period:  101.225ms [min=77.064ms, max=124.065ms, average=99.7879ms, deviation=12.0581ms]
----------------------------------------------------------

----------------------------------------------------------
sample path: (IntersectionOutput) 
  order timepoint           sequence nr.                  node name     dropped samples
latency

Statistics:
  latency:                  93.3355ms [min=35.4116ms, max=99.2415ms, average=66.3191ms, deviation=15.5891ms]
----------------------------------------------------------

