----------------------------------------------------------
sample path: (VehicleDBWSystem) 
  order timepoint           sequence nr.                  node name     dropped samples
latency

Statistics:
  latency:                  719.345ms [min=719.345ms, max=719.345ms, average=719.345ms, deviation=-nanms]
hotpath
  hot path:                 FrontLidarDriver/RearLidarDriver -> ObjectCollisionEstimator
  hot path latency:         300.191ms [min=300.191ms, max=300.191ms, average=300.191ms, deviation=-nanms]
  hot path drops:           0 [min=0, max=0, average=0, deviation=-nan]
  behavior planner period:  0ms [min=1.84467e+13ms, max=0ms, average=0ms, deviation=0ms]
----------------------------------------------------------

----------------------------------------------------------
sample path: (IntersectionOutput) 
  order timepoint           sequence nr.                  node name     dropped samples
latency

Statistics:
  latency:                  188.77ms [min=188.77ms, max=188.77ms, average=188.77ms, deviation=-nanms]
----------------------------------------------------------

----------------------------------------------------------
sample path: (VehicleDBWSystem) 
  order timepoint           sequence nr.                  node name     dropped samples
bp period
latency

Statistics:
  latency:                  671.558ms [min=671.558ms, max=719.345ms, average=695.452ms, deviation=33.7902ms]
hotpath
  hot path:                 FrontLidarDriver/RearLidarDriver -> ObjectCollisionEstimator
  hot path latency:         304.627ms [min=300.191ms, max=304.627ms, average=302.409ms, deviation=3.13642ms]
  hot path drops:           2 [min=0, max=2, average=1, deviation=1.41421]
  behavior planner period:  116.108ms [min=116.108ms, max=116.108ms, average=116.108ms, deviation=-nanms]
----------------------------------------------------------

----------------------------------------------------------
sample path: (IntersectionOutput) 
  order timepoint           sequence nr.                  node name     dropped samples
latency

Statistics:
  latency:                  197.232ms [min=188.77ms, max=197.232ms, average=193.001ms, deviation=5.98382ms]
----------------------------------------------------------

----------------------------------------------------------
sample path: (VehicleDBWSystem) 
  order timepoint           sequence nr.                  node name     dropped samples
bp period
latency

Statistics:
  latency:                  651.394ms [min=651.394ms, max=719.345ms, average=680.766ms, deviation=34.8984ms]
  behavior planner period:  94.5736ms [min=94.5736ms, max=116.108ms, average=105.341ms, deviation=15.2269ms]
----------------------------------------------------------

----------------------------------------------------------
sample path: (IntersectionOutput) 
  order timepoint           sequence nr.                  node name     dropped samples
latency

Statistics:
  latency:                  182.009ms [min=182.009ms, max=197.232ms, average=189.337ms, deviation=7.62723ms]
----------------------------------------------------------

----------------------------------------------------------
sample path: (VehicleDBWSystem) 
  order timepoint           sequence nr.                  node name     dropped samples
bp period
latency

Statistics:
  latency:                  735.717ms [min=651.394ms, max=735.717ms, average=694.504ms, deviation=39.5834ms]
  behavior planner period:  98.8103ms [min=94.5736ms, max=116.108ms, average=103.164ms, deviation=11.4081ms]
----------------------------------------------------------

----------------------------------------------------------
sample path: (IntersectionOutput) 
  order timepoint           sequence nr.                  node name     dropped samples
latency

Statistics:
  latency:                  168.213ms [min=168.213ms, max=197.232ms, average=184.056ms, deviation=12.2613ms]
----------------------------------------------------------

----------------------------------------------------------
sample path: (VehicleDBWSystem) 
  order timepoint           sequence nr.                  node name     dropped samples
bp period
latency

Statistics:
  latency:                  1059.43ms [min=651.394ms, max=1059.43ms, average=767.488ms, deviation=166.76ms]
hotpath
  hot path:                 FrontLidarDriver/RearLidarDriver -> ObjectCollisionEstimator
  hot path latency:         464.906ms [min=300.191ms, max=464.906ms, average=356.575ms, deviation=93.8437ms]
  hot path drops:           0 [min=0, max=2, average=0.666667, deviation=1.1547]
  behavior planner period:  182.363ms [min=94.5736ms, max=182.363ms, average=122.964ms, deviation=40.6802ms]
----------------------------------------------------------

----------------------------------------------------------
sample path: (IntersectionOutput) 
  order timepoint           sequence nr.                  node name     dropped samples
latency

Statistics:
  latency:                  188.035ms [min=168.213ms, max=197.232ms, average=184.852ms, deviation=10.7667ms]
----------------------------------------------------------

----------------------------------------------------------
sample path: (VehicleDBWSystem) 
  order timepoint           sequence nr.                  node name     dropped samples
bp period
latency

Statistics:
  latency:                  837.83ms [min=651.394ms, max=1059.43ms, average=779.212ms, deviation=151.894ms]
hotpath
  hot path:                 FrontLidarDriver/RearLidarDriver -> ObjectCollisionEstimator
  hot path latency:         407.397ms [min=300.191ms, max=464.906ms, average=369.28ms, deviation=80.7269ms]
  hot path drops:           2 [min=0, max=2, average=1, deviation=1.1547]
  behavior planner period:  120.88ms [min=94.5736ms, max=182.363ms, average=122.547ms, deviation=35.2424ms]
----------------------------------------------------------

----------------------------------------------------------
sample path: (IntersectionOutput) 
  order timepoint           sequence nr.                  node name     dropped samples
latency

Statistics:
  latency:                  187.801ms [min=168.213ms, max=197.232ms, average=185.344ms, deviation=9.70498ms]
----------------------------------------------------------

----------------------------------------------------------
sample path: (VehicleDBWSystem) 
  order timepoint           sequence nr.                  node name     dropped samples
bp period
latency

Statistics:
  latency:                  831.918ms [min=651.394ms, max=1059.43ms, average=786.741ms, deviation=140.083ms]
hotpath
  hot path:                 FrontLidarDriver/RearLidarDriver -> ObjectCollisionEstimator
  hot path latency:         400.416ms [min=300.191ms, max=464.906ms, average=375.507ms, deviation=71.2848ms]
  hot path drops:           2 [min=0, max=2, average=1.2, deviation=1.09545]
  behavior planner period:  95.1786ms [min=94.5736ms, max=182.363ms, average=117.985ms, deviation=33.4434ms]
----------------------------------------------------------

----------------------------------------------------------
sample path: (IntersectionOutput) 
  order timepoint           sequence nr.                  node name     dropped samples
latency

Statistics:
  latency:                  190.15ms [min=168.213ms, max=197.232ms, average=186.03ms, deviation=9.04372ms]
----------------------------------------------------------

----------------------------------------------------------
sample path: (VehicleDBWSystem) 
  order timepoint           sequence nr.                  node name     dropped samples
bp period
latency

Statistics:
  latency:                  906.37ms [min=651.394ms, max=1059.43ms, average=801.695ms, deviation=136.414ms]
hotpath
  hot path:                 FrontLidarDriver/RearLidarDriver -> ObjectCollisionEstimator
  hot path latency:         485.495ms [min=300.191ms, max=485.495ms, average=393.839ms, deviation=77.9836ms]
  hot path drops:           0 [min=0, max=2, average=1, deviation=1.09545]
  behavior planner period:  93.1456ms [min=93.1456ms, max=182.363ms, average=114.437ms, deviation=31.9405ms]
----------------------------------------------------------

----------------------------------------------------------
sample path: (IntersectionOutput) 
  order timepoint           sequence nr.                  node name     dropped samples
latency

Statistics:
  latency:                  181.661ms [min=168.213ms, max=197.232ms, average=185.484ms, deviation=8.51416ms]
----------------------------------------------------------

----------------------------------------------------------
sample path: (VehicleDBWSystem) 
  order timepoint           sequence nr.                  node name     dropped samples
bp period
latency

Statistics:
  latency:                  839.937ms [min=651.394ms, max=1059.43ms, average=805.944ms, deviation=128.239ms]
hotpath
  hot path:                 FrontLidarDriver/RearLidarDriver -> ObjectCollisionEstimator
  hot path latency:         429.675ms [min=300.191ms, max=485.495ms, average=398.958ms, deviation=72.4661ms]
  hot path drops:           2 [min=0, max=2, average=1.14286, deviation=1.06904]
  behavior planner period:  95.5447ms [min=93.1456ms, max=182.363ms, average=112.075ms, deviation=30.3161ms]
----------------------------------------------------------

----------------------------------------------------------
sample path: (IntersectionOutput) 
  order timepoint           sequence nr.                  node name     dropped samples
latency

Statistics:
  latency:                  175.401ms [min=168.213ms, max=197.232ms, average=184.364ms, deviation=8.64438ms]
----------------------------------------------------------

----------------------------------------------------------
sample path: (VehicleDBWSystem) 
  order timepoint           sequence nr.                  node name     dropped samples
bp period
latency

Statistics:
  latency:                  812.06ms [min=651.394ms, max=1059.43ms, average=806.556ms, deviation=120.92ms]
  behavior planner period:  107.965ms [min=93.1456ms, max=182.363ms, average=111.619ms, deviation=28.3912ms]
----------------------------------------------------------

----------------------------------------------------------
sample path: (IntersectionOutput) 
  order timepoint           sequence nr.                  node name     dropped samples
latency

Statistics:
  latency:                  171.899ms [min=168.213ms, max=197.232ms, average=183.117ms, deviation=9.05309ms]
----------------------------------------------------------

----------------------------------------------------------
sample path: (VehicleDBWSystem) 
  order timepoint           sequence nr.                  node name     dropped samples
bp period
latency

Statistics:
  latency:                  818.296ms [min=651.394ms, max=1059.43ms, average=807.623ms, deviation=114.77ms]
hotpath
  hot path:                 FrontLidarDriver/RearLidarDriver -> ObjectCollisionEstimator
  hot path latency:         419.226ms [min=300.191ms, max=485.495ms, average=401.492ms, deviation=67.4721ms]
  hot path drops:           2 [min=0, max=2, average=1.25, deviation=1.0351]
  behavior planner period:  125.328ms [min=93.1456ms, max=182.363ms, average=112.99ms, deviation=27.1163ms]
----------------------------------------------------------

----------------------------------------------------------
sample path: (IntersectionOutput) 
  order timepoint           sequence nr.                  node name     dropped samples
latency

Statistics:
  latency:                  193.525ms [min=168.213ms, max=197.232ms, average=184.063ms, deviation=9.14383ms]
----------------------------------------------------------

----------------------------------------------------------
sample path: (VehicleDBWSystem) 
  order timepoint           sequence nr.                  node name     dropped samples
bp period
latency

Statistics:
  latency:                  823.464ms [min=651.394ms, max=1059.43ms, average=808.943ms, deviation=109.524ms]
hotpath
  hot path:                 FrontLidarDriver/RearLidarDriver -> ObjectCollisionEstimator
  hot path latency:         412.656ms [min=300.191ms, max=485.495ms, average=402.732ms, deviation=63.224ms]
  hot path drops:           2 [min=0, max=2, average=1.33333, deviation=1]
  behavior planner period:  96.6247ms [min=93.1456ms, max=182.363ms, average=111.502ms, deviation=26.1937ms]
----------------------------------------------------------

----------------------------------------------------------
sample path: (IntersectionOutput) 
  order timepoint           sequence nr.                  node name     dropped samples
latency

Statistics:
  latency:                  195.248ms [min=168.213ms, max=197.232ms, average=184.995ms, deviation=9.29692ms]
----------------------------------------------------------

----------------------------------------------------------
sample path: (VehicleDBWSystem) 
  order timepoint           sequence nr.                  node name     dropped samples
bp period
latency

Statistics:
  latency:                  833.382ms [min=651.394ms, max=1059.43ms, average=810.823ms, deviation=105.08ms]
hotpath
  hot path:                 FrontLidarDriver/RearLidarDriver -> ObjectCollisionEstimator
  hot path latency:         421.01ms [min=300.191ms, max=485.495ms, average=404.56ms, deviation=59.8877ms]
  hot path drops:           2 [min=0, max=2, average=1.4, deviation=0.966092]
  behavior planner period:  97.9718ms [min=93.1456ms, max=182.363ms, average=110.374ms, deviation=25.2783ms]
----------------------------------------------------------

----------------------------------------------------------
sample path: (IntersectionOutput) 
  order timepoint           sequence nr.                  node name     dropped samples
latency

Statistics:
  latency:                  182.966ms [min=168.213ms, max=197.232ms, average=184.839ms, deviation=8.9189ms]
----------------------------------------------------------

----------------------------------------------------------
sample path: (VehicleDBWSystem) 
  order timepoint           sequence nr.                  node name     dropped samples
bp period
latency

Statistics:
  latency:                  918.985ms [min=651.394ms, max=1059.43ms, average=818.549ms, deviation=105.015ms]
hotpath
  hot path:                 FrontLidarDriver/RearLidarDriver -> ObjectCollisionEstimator
  hot path latency:         518.024ms [min=300.191ms, max=518.024ms, average=414.875ms, deviation=66.3194ms]
  hot path drops:           0 [min=0, max=2, average=1.27273, deviation=1.00905]
  behavior planner period:  90.8824ms [min=90.8824ms, max=182.363ms, average=108.875ms, deviation=24.7985ms]
----------------------------------------------------------

----------------------------------------------------------
sample path: (IntersectionOutput) 
  order timepoint           sequence nr.                  node name     dropped samples
latency

Statistics:
  latency:                  185.1ms [min=168.213ms, max=197.232ms, average=184.858ms, deviation=8.56928ms]
----------------------------------------------------------

----------------------------------------------------------
sample path: (VehicleDBWSystem) 
  order timepoint           sequence nr.                  node name     dropped samples
bp period
latency

Statistics:
  latency:                  841.355ms [min=651.394ms, max=1059.43ms, average=820.069ms, deviation=101.366ms]
hotpath
  hot path:                 FrontLidarDriver/RearLidarDriver -> ObjectCollisionEstimator
  hot path latency:         432.791ms [min=300.191ms, max=518.024ms, average=416.368ms, deviation=63.4442ms]
  hot path drops:           2 [min=0, max=2, average=1.33333, deviation=0.984732]
  behavior planner period:  93.2219ms [min=90.8824ms, max=182.363ms, average=107.757ms, deviation=24.1901ms]
----------------------------------------------------------

----------------------------------------------------------
sample path: (IntersectionOutput) 
  order timepoint           sequence nr.                  node name     dropped samples
latency

Statistics:
  latency:                  189.301ms [min=168.213ms, max=197.232ms, average=185.154ms, deviation=8.33687ms]
----------------------------------------------------------

----------------------------------------------------------
sample path: (VehicleDBWSystem) 
  order timepoint           sequence nr.                  node name     dropped samples
bp period
latency

Statistics:
  latency:                  825.697ms [min=651.394ms, max=1059.43ms, average=820.421ms, deviation=97.939ms]
hotpath
  hot path:                 FrontLidarDriver/RearLidarDriver -> ObjectCollisionEstimator
  hot path latency:         422.732ms [min=300.191ms, max=518.024ms, average=416.857ms, deviation=60.7688ms]
  hot path drops:           2 [min=0, max=2, average=1.38462, deviation=0.960769]
  behavior planner period:  86.5544ms [min=86.5544ms, max=182.363ms, average=106.343ms, deviation=23.9444ms]
----------------------------------------------------------

----------------------------------------------------------
sample path: (IntersectionOutput) 
  order timepoint           sequence nr.                  node name     dropped samples
latency

Statistics:
  latency:                  180.588ms [min=168.213ms, max=197.232ms, average=184.869ms, deviation=8.13468ms]
----------------------------------------------------------

----------------------------------------------------------
sample path: (VehicleDBWSystem) 
  order timepoint           sequence nr.                  node name     dropped samples
bp period
latency

Statistics:
  latency:                  841.519ms [min=651.394ms, max=1059.43ms, average=821.662ms, deviation=94.967ms]
  behavior planner period:  114.448ms [min=86.5544ms, max=182.363ms, average=106.85ms, deviation=23.2211ms]
----------------------------------------------------------

----------------------------------------------------------
sample path: (IntersectionOutput) 
  order timepoint           sequence nr.                  node name     dropped samples
latency

Statistics:
  latency:                  197.838ms [min=168.213ms, max=197.838ms, average=185.632ms, deviation=8.48125ms]
----------------------------------------------------------

----------------------------------------------------------
sample path: (VehicleDBWSystem) 
  order timepoint           sequence nr.                  node name     dropped samples
bp period
latency

Statistics:
  latency:                  851.675ms [min=651.394ms, max=1059.43ms, average=823.329ms, deviation=92.4027ms]
hotpath
  hot path:                 FrontLidarDriver/RearLidarDriver -> ObjectCollisionEstimator
  hot path latency:         403.243ms [min=300.191ms, max=518.024ms, average=415.885ms, deviation=58.4981ms]
  hot path drops:           2 [min=0, max=2, average=1.42857, deviation=0.937614]
  behavior planner period:  129.094ms [min=86.5544ms, max=182.363ms, average=108.158ms, deviation=23.1219ms]
----------------------------------------------------------

----------------------------------------------------------
sample path: (IntersectionOutput) 
  order timepoint           sequence nr.                  node name     dropped samples
latency

Statistics:
  latency:                  196.177ms [min=168.213ms, max=197.838ms, average=186.217ms, deviation=8.59523ms]
----------------------------------------------------------

----------------------------------------------------------
sample path: (VehicleDBWSystem) 
  order timepoint           sequence nr.                  node name     dropped samples
bp period
latency

Statistics:
  latency:                  874.701ms [min=651.394ms, max=1059.43ms, average=826.033ms, deviation=90.5694ms]
hotpath
  hot path:                 FrontLidarDriver/RearLidarDriver -> ObjectCollisionEstimator
  hot path latency:         427.472ms [min=300.191ms, max=518.024ms, average=416.657ms, deviation=56.4495ms]
  hot path drops:           2 [min=0, max=2, average=1.46667, deviation=0.915475]
  behavior planner period:  98.4896ms [min=86.5544ms, max=182.363ms, average=107.621ms, deviation=22.547ms]
----------------------------------------------------------

----------------------------------------------------------
sample path: (IntersectionOutput) 
  order timepoint           sequence nr.                  node name     dropped samples
latency

Statistics:
  latency:                  195.548ms [min=168.213ms, max=197.838ms, average=186.709ms, deviation=8.62298ms]
----------------------------------------------------------

----------------------------------------------------------
sample path: (VehicleDBWSystem) 
  order timepoint           sequence nr.                  node name     dropped samples
bp period
latency

Statistics:
  latency:                  883.996ms [min=651.394ms, max=1059.43ms, average=828.931ms, deviation=89.1015ms]
hotpath
  hot path:                 FrontLidarDriver/RearLidarDriver -> ObjectCollisionEstimator
  hot path latency:         437.044ms [min=300.191ms, max=518.024ms, average=417.932ms, deviation=54.773ms]
  hot path drops:           2 [min=0, max=2, average=1.5, deviation=0.894427]
  behavior planner period:  98.2345ms [min=86.5544ms, max=182.363ms, average=107.127ms, deviation=22.0173ms]
----------------------------------------------------------

----------------------------------------------------------
sample path: (IntersectionOutput) 
  order timepoint           sequence nr.                  node name     dropped samples
latency

Statistics:
  latency:                  196.485ms [min=168.213ms, max=197.838ms, average=187.197ms, deviation=8.67303ms]
----------------------------------------------------------

----------------------------------------------------------
sample path: (VehicleDBWSystem) 
  order timepoint           sequence nr.                  node name     dropped samples
bp period
latency

Statistics:
  latency:                  970.722ms [min=651.394ms, max=1059.43ms, average=835.683ms, deviation=92.1926ms]
hotpath
  hot path:                 FrontLidarDriver/RearLidarDriver -> ObjectCollisionEstimator
  hot path latency:         447.643ms [min=300.191ms, max=518.024ms, average=419.679ms, deviation=53.5211ms]
  hot path drops:           1 [min=0, max=2, average=1.47059, deviation=0.874475]
  behavior planner period:  97.8352ms [min=86.5544ms, max=182.363ms, average=106.663ms, deviation=21.5306ms]
----------------------------------------------------------

----------------------------------------------------------
sample path: (IntersectionOutput) 
  order timepoint           sequence nr.                  node name     dropped samples
latency

Statistics:
  latency:                  194.622ms [min=168.213ms, max=197.838ms, average=187.551ms, deviation=8.60728ms]
----------------------------------------------------------

