----------------------------------------------------------
sample path: (IntersectionOutput) 
  order timepoint           sequence nr.                  node name     dropped samples
latency

Statistics:
  latency:                  83.4991ms [min=83.4991ms, max=83.4991ms, average=83.4991ms, deviation=-nanms]
----------------------------------------------------------

----------------------------------------------------------
sample path: (VehicleDBWSystem) 
  order timepoint           sequence nr.                  node name     dropped samples
latency

Statistics:
  latency:                  287.528ms [min=287.528ms, max=287.528ms, average=287.528ms, deviation=-nanms]
hotpath
  hot path:                 FrontLidarDriver/RearLidarDriver -> ObjectCollisionEstimator
  hot path latency:         88.2675ms [min=88.2675ms, max=88.2675ms, average=88.2675ms, deviation=-nanms]
  hot path drops:           0 [min=0, max=0, average=0, deviation=-nan]
  behavior planner period:  0ms [min=1.84467e+13ms, max=0ms, average=0ms, deviation=0ms]
----------------------------------------------------------

----------------------------------------------------------
sample path: (IntersectionOutput) 
  order timepoint           sequence nr.                  node name     dropped samples
latency

Statistics:
  latency:                  44.9642ms [min=44.9642ms, max=83.4991ms, average=64.2316ms, deviation=27.2482ms]
----------------------------------------------------------

----------------------------------------------------------
sample path: (IntersectionOutput) 
  order timepoint           sequence nr.                  node name     dropped samples
latency

Statistics:
  latency:                  75.239ms [min=44.9642ms, max=83.4991ms, average=67.9008ms, deviation=20.2884ms]
----------------------------------------------------------

----------------------------------------------------------
sample path: (VehicleDBWSystem) 
  order timepoint           sequence nr.                  node name     dropped samples
bp period
latency

Statistics:
  latency:                  326.764ms [min=287.528ms, max=326.764ms, average=307.146ms, deviation=27.7441ms]
hotpath
  hot path:                 FrontLidarDriver/RearLidarDriver -> ObjectCollisionEstimator
  hot path latency:         77.6025ms [min=77.6025ms, max=88.2675ms, average=82.935ms, deviation=7.54133ms]
  hot path drops:           0 [min=0, max=0, average=0, deviation=0]
  behavior planner period:  100.007ms [min=100.007ms, max=100.007ms, average=100.007ms, deviation=-nanms]
----------------------------------------------------------

----------------------------------------------------------
sample path: (IntersectionOutput) 
  order timepoint           sequence nr.                  node name     dropped samples
latency

Statistics:
  latency:                  61.3492ms [min=44.9642ms, max=83.4991ms, average=66.2629ms, deviation=16.8862ms]
----------------------------------------------------------

----------------------------------------------------------
sample path: (VehicleDBWSystem) 
  order timepoint           sequence nr.                  node name     dropped samples
bp period
latency

Statistics:
  latency:                  317.8ms [min=287.528ms, max=326.764ms, average=310.697ms, deviation=20.5599ms]
  behavior planner period:  99.9986ms [min=99.9986ms, max=100.007ms, average=100.003ms, deviation=0.00579757ms]
----------------------------------------------------------

----------------------------------------------------------
sample path: (IntersectionOutput) 
  order timepoint           sequence nr.                  node name     dropped samples
latency

Statistics:
  latency:                  69.2786ms [min=44.9642ms, max=83.4991ms, average=66.866ms, deviation=14.686ms]
----------------------------------------------------------

----------------------------------------------------------
sample path: (IntersectionOutput) 
  order timepoint           sequence nr.                  node name     dropped samples
latency

Statistics:
  latency:                  89.1536ms [min=44.9642ms, max=89.1536ms, average=70.5806ms, deviation=15.9791ms]
----------------------------------------------------------

----------------------------------------------------------
sample path: (VehicleDBWSystem) 
  order timepoint           sequence nr.                  node name     dropped samples
bp period
latency

Statistics:
  latency:                  361.334ms [min=287.528ms, max=361.334ms, average=323.356ms, deviation=30.3779ms]
hotpath
  hot path:                 FrontLidarDriver/RearLidarDriver -> ObjectCollisionEstimator
  hot path latency:         104.484ms [min=77.6025ms, max=104.484ms, average=90.118ms, deviation=13.536ms]
  hot path drops:           0 [min=0, max=0, average=0, deviation=0]
  behavior planner period:  100.001ms [min=99.9986ms, max=100.007ms, average=100.002ms, deviation=0.00422924ms]
----------------------------------------------------------

----------------------------------------------------------
sample path: (IntersectionOutput) 
  order timepoint           sequence nr.                  node name     dropped samples
latency

Statistics:
  latency:                  93.1548ms [min=44.9642ms, max=93.1548ms, average=73.8055ms, deviation=16.899ms]
----------------------------------------------------------

----------------------------------------------------------
sample path: (VehicleDBWSystem) 
  order timepoint           sequence nr.                  node name     dropped samples
bp period
latency

Statistics:
  latency:                  411.578ms [min=287.528ms, max=411.578ms, average=341.001ms, deviation=47.4208ms]
hotpath
  hot path:                 FrontLidarDriver/RearLidarDriver -> ObjectCollisionEstimator
  hot path latency:         112.506ms [min=77.6025ms, max=112.506ms, average=95.7149ms, deviation=15.7306ms]
  hot path drops:           0 [min=0, max=0, average=0, deviation=0]
  behavior planner period:  100.015ms [min=99.9986ms, max=100.015ms, average=100.005ms, deviation=0.00744908ms]
----------------------------------------------------------

----------------------------------------------------------
sample path: (IntersectionOutput) 
  order timepoint           sequence nr.                  node name     dropped samples
latency

Statistics:
  latency:                  109.37ms [min=44.9642ms, max=109.37ms, average=78.251ms, deviation=20.0719ms]
----------------------------------------------------------

----------------------------------------------------------
sample path: (VehicleDBWSystem) 
  order timepoint           sequence nr.                  node name     dropped samples
bp period
latency

Statistics:
  latency:                  391.215ms [min=287.528ms, max=411.578ms, average=349.37ms, deviation=47.1087ms]
hotpath
  hot path:                 FrontLidarDriver/RearLidarDriver -> ObjectCollisionEstimator
  hot path latency:         114.417ms [min=77.6025ms, max=114.417ms, average=99.4554ms, deviation=15.9857ms]
  hot path drops:           0 [min=0, max=0, average=0, deviation=0]
  behavior planner period:  99.993ms [min=99.993ms, max=100.015ms, average=100.003ms, deviation=0.00850682ms]
----------------------------------------------------------

----------------------------------------------------------
sample path: (IntersectionOutput) 
  order timepoint           sequence nr.                  node name     dropped samples
latency

Statistics:
  latency:                  79.323ms [min=44.9642ms, max=109.37ms, average=78.3701ms, deviation=18.7789ms]
----------------------------------------------------------

----------------------------------------------------------
sample path: (VehicleDBWSystem) 
  order timepoint           sequence nr.                  node name     dropped samples
bp period
latency

Statistics:
  latency:                  387.579ms [min=287.528ms, max=411.578ms, average=354.828ms, deviation=45.3643ms]
hotpath
  hot path:                 FrontLidarDriver/RearLidarDriver -> ObjectCollisionEstimator
  hot path latency:         116.523ms [min=77.6025ms, max=116.523ms, average=102.3ms, deviation=15.9056ms]
  hot path drops:           0 [min=0, max=0, average=0, deviation=0]
  behavior planner period:  99.9948ms [min=99.993ms, max=100.015ms, average=100.002ms, deviation=0.00829961ms]
----------------------------------------------------------

----------------------------------------------------------
sample path: (IntersectionOutput) 
  order timepoint           sequence nr.                  node name     dropped samples
latency

Statistics:
  latency:                  96.2359ms [min=44.9642ms, max=109.37ms, average=80.1567ms, deviation=18.5845ms]
----------------------------------------------------------

----------------------------------------------------------
sample path: (VehicleDBWSystem) 
  order timepoint           sequence nr.                  node name     dropped samples
bp period
latency

Statistics:
  latency:                  316.726ms [min=287.528ms, max=411.578ms, average=350.065ms, deviation=44.1067ms]
hotpath
  hot path:                 FrontLidarDriver/RearLidarDriver -> ObjectCollisionEstimator
  hot path latency:         88.0211ms [min=77.6025ms, max=116.523ms, average=100.26ms, deviation=15.4903ms]
  hot path drops:           0 [min=0, max=0, average=0, deviation=0]
  behavior planner period:  99.993ms [min=99.993ms, max=100.015ms, average=100ms, deviation=0.00823928ms]
----------------------------------------------------------

----------------------------------------------------------
sample path: (IntersectionOutput) 
  order timepoint           sequence nr.                  node name     dropped samples
latency

Statistics:
  latency:                  86.8328ms [min=44.9642ms, max=109.37ms, average=80.7636ms, deviation=17.7453ms]
----------------------------------------------------------

----------------------------------------------------------
sample path: (IntersectionOutput) 
  order timepoint           sequence nr.                  node name     dropped samples
latency

Statistics:
  latency:                  93.7918ms [min=44.9642ms, max=109.37ms, average=81.8493ms, deviation=17.3325ms]
----------------------------------------------------------

----------------------------------------------------------
sample path: (VehicleDBWSystem) 
  order timepoint           sequence nr.                  node name     dropped samples
bp period
latency

Statistics:
  latency:                  337.727ms [min=287.528ms, max=411.578ms, average=348.694ms, deviation=41.4625ms]
hotpath
  hot path:                 FrontLidarDriver/RearLidarDriver -> ObjectCollisionEstimator
  hot path latency:         84.5773ms [min=77.6025ms, max=116.523ms, average=98.2998ms, deviation=15.3758ms]
  hot path drops:           0 [min=0, max=0, average=0, deviation=0]
  behavior planner period:  100.006ms [min=99.993ms, max=100.015ms, average=100.001ms, deviation=0.00791346ms]
----------------------------------------------------------

----------------------------------------------------------
sample path: (IntersectionOutput) 
  order timepoint           sequence nr.                  node name     dropped samples
latency

Statistics:
  latency:                  93.1641ms [min=44.9642ms, max=109.37ms, average=82.7197ms, deviation=16.8887ms]
----------------------------------------------------------

----------------------------------------------------------
sample path: (VehicleDBWSystem) 
  order timepoint           sequence nr.                  node name     dropped samples
bp period
latency

Statistics:
  latency:                  441.618ms [min=287.528ms, max=441.618ms, average=357.987ms, deviation=48.9041ms]
  behavior planner period:  100.002ms [min=99.993ms, max=100.015ms, average=100.001ms, deviation=0.00741006ms]
----------------------------------------------------------

----------------------------------------------------------
sample path: (IntersectionOutput) 
  order timepoint           sequence nr.                  node name     dropped samples
latency

Statistics:
  latency:                  99.5314ms [min=44.9642ms, max=109.37ms, average=83.9205ms, deviation=16.8367ms]
----------------------------------------------------------

----------------------------------------------------------
sample path: (VehicleDBWSystem) 
  order timepoint           sequence nr.                  node name     dropped samples
bp period
latency

Statistics:
  latency:                  433.661ms [min=287.528ms, max=441.618ms, average=364.866ms, deviation=51.7016ms]
hotpath
  hot path:                 FrontLidarDriver/RearLidarDriver -> ObjectCollisionEstimator
  hot path latency:         112.048ms [min=77.6025ms, max=116.523ms, average=99.8275ms, deviation=15.0952ms]
  hot path drops:           0 [min=0, max=0, average=0, deviation=0]
  behavior planner period:  100.004ms [min=99.993ms, max=100.015ms, average=100.001ms, deviation=0.00704218ms]
----------------------------------------------------------

----------------------------------------------------------
sample path: (IntersectionOutput) 
  order timepoint           sequence nr.                  node name     dropped samples
latency

Statistics:
  latency:                  92.2361ms [min=44.9642ms, max=109.37ms, average=84.4749ms, deviation=16.3657ms]
----------------------------------------------------------

----------------------------------------------------------
sample path: (VehicleDBWSystem) 
  order timepoint           sequence nr.                  node name     dropped samples
bp period
latency

Statistics:
  latency:                  409.134ms [min=287.528ms, max=441.618ms, average=368.555ms, deviation=50.925ms]
hotpath
  hot path:                 FrontLidarDriver/RearLidarDriver -> ObjectCollisionEstimator
  hot path latency:         113.771ms [min=77.6025ms, max=116.523ms, average=101.222ms, deviation=14.8994ms]
  hot path drops:           0 [min=0, max=0, average=0, deviation=0]
  behavior planner period:  100ms [min=99.993ms, max=100.015ms, average=100.001ms, deviation=0.00669375ms]
----------------------------------------------------------

----------------------------------------------------------
sample path: (IntersectionOutput) 
  order timepoint           sequence nr.                  node name     dropped samples
latency

Statistics:
  latency:                  99.8676ms [min=44.9642ms, max=109.37ms, average=85.4369ms, deviation=16.2724ms]
----------------------------------------------------------

----------------------------------------------------------
sample path: (VehicleDBWSystem) 
  order timepoint           sequence nr.                  node name     dropped samples
bp period
latency

Statistics:
  latency:                  414.722ms [min=287.528ms, max=441.618ms, average=372.107ms, deviation=50.4102ms]
hotpath
  hot path:                 FrontLidarDriver/RearLidarDriver -> ObjectCollisionEstimator
  hot path latency:         113.809ms [min=77.6025ms, max=116.523ms, average=102.366ms, deviation=14.6354ms]
  hot path drops:           0 [min=0, max=0, average=0, deviation=0]
  behavior planner period:  100.035ms [min=99.993ms, max=100.035ms, average=100.004ms, deviation=0.0116461ms]
----------------------------------------------------------

----------------------------------------------------------
sample path: (IntersectionOutput) 
  order timepoint           sequence nr.                  node name     dropped samples
latency

Statistics:
  latency:                  96.6487ms [min=44.9642ms, max=109.37ms, average=86.0964ms, deviation=15.9886ms]
----------------------------------------------------------

----------------------------------------------------------
sample path: (VehicleDBWSystem) 
  order timepoint           sequence nr.                  node name     dropped samples
bp period
latency

Statistics:
  latency:                  473.973ms [min=287.528ms, max=473.973ms, average=379.383ms, deviation=55.56ms]
hotpath
  hot path:                 FrontLidarDriver/RearLidarDriver -> ObjectCollisionEstimator
  hot path latency:         114.24ms [min=77.6025ms, max=116.523ms, average=103.356ms, deviation=14.3692ms]
  hot path drops:           0 [min=0, max=0, average=0, deviation=0]
  behavior planner period:  99.9619ms [min=99.9619ms, max=100.035ms, average=100.001ms, deviation=0.0161788ms]
----------------------------------------------------------

----------------------------------------------------------
sample path: (IntersectionOutput) 
  order timepoint           sequence nr.                  node name     dropped samples
latency

Statistics:
  latency:                  119.943ms [min=44.9642ms, max=119.943ms, average=87.9768ms, deviation=17.4425ms]
----------------------------------------------------------

----------------------------------------------------------
sample path: (VehicleDBWSystem) 
  order timepoint           sequence nr.                  node name     dropped samples
bp period
latency

Statistics:
  latency:                  316.592ms [min=287.528ms, max=473.973ms, average=375.197ms, deviation=55.9398ms]
hotpath
  hot path:                 FrontLidarDriver/RearLidarDriver -> ObjectCollisionEstimator
  hot path latency:         102.602ms [min=77.6025ms, max=116.523ms, average=103.298ms, deviation=13.759ms]
  hot path drops:           0 [min=0, max=0, average=0, deviation=0]
  behavior planner period:  100.004ms [min=99.9619ms, max=100.035ms, average=100.001ms, deviation=0.0155704ms]
----------------------------------------------------------

----------------------------------------------------------
sample path: (IntersectionOutput) 
  order timepoint           sequence nr.                  node name     dropped samples
latency

Statistics:
  latency:                  71.9766ms [min=44.9642ms, max=119.943ms, average=87.1347ms, deviation=17.3439ms]
----------------------------------------------------------

----------------------------------------------------------
sample path: (IntersectionOutput) 
  order timepoint           sequence nr.                  node name     dropped samples
latency

Statistics:
  latency:                  85.9568ms [min=44.9642ms, max=119.943ms, average=87.0758ms, deviation=16.8834ms]
----------------------------------------------------------

----------------------------------------------------------
sample path: (VehicleDBWSystem) 
  order timepoint           sequence nr.                  node name     dropped samples
bp period
latency

Statistics:
  latency:                  370.149ms [min=287.528ms, max=473.973ms, average=374.881ms, deviation=54.0577ms]
hotpath
  hot path:                 FrontLidarDriver/RearLidarDriver -> ObjectCollisionEstimator
  hot path latency:         115.448ms [min=77.6025ms, max=116.523ms, average=104.166ms, deviation=13.6123ms]
  hot path drops:           0 [min=0, max=0, average=0, deviation=0]
  behavior planner period:  99.9998ms [min=99.9619ms, max=100.035ms, average=100.001ms, deviation=0.0150081ms]
----------------------------------------------------------

----------------------------------------------------------
sample path: (IntersectionOutput) 
  order timepoint           sequence nr.                  node name     dropped samples
latency

Statistics:
  latency:                  77.0129ms [min=44.9642ms, max=119.943ms, average=86.5966ms, deviation=16.6018ms]
----------------------------------------------------------

----------------------------------------------------------
sample path: (VehicleDBWSystem) 
  order timepoint           sequence nr.                  node name     dropped samples
bp period
latency

Statistics:
  latency:                  397.922ms [min=287.528ms, max=473.973ms, average=376.237ms, deviation=52.6386ms]
hotpath
  hot path:                 FrontLidarDriver/RearLidarDriver -> ObjectCollisionEstimator
  hot path latency:         112.504ms [min=77.6025ms, max=116.523ms, average=104.721ms, deviation=13.2926ms]
  hot path drops:           0 [min=0, max=0, average=0, deviation=0]
  behavior planner period:  100.004ms [min=99.9619ms, max=100.035ms, average=100.001ms, deviation=0.014513ms]
----------------------------------------------------------

----------------------------------------------------------
sample path: (IntersectionOutput) 
  order timepoint           sequence nr.                  node name     dropped samples
latency

Statistics:
  latency:                  90.7062ms [min=44.9642ms, max=119.943ms, average=86.7834ms, deviation=16.2254ms]
----------------------------------------------------------

----------------------------------------------------------
sample path: (VehicleDBWSystem) 
  order timepoint           sequence nr.                  node name     dropped samples
bp period
latency

Statistics:
  latency:                  406.952ms [min=287.528ms, max=473.973ms, average=377.943ms, deviation=51.5776ms]
hotpath
  hot path:                 FrontLidarDriver/RearLidarDriver -> ObjectCollisionEstimator
  hot path latency:         132.827ms [min=77.6025ms, max=132.827ms, average=106.478ms, deviation=14.6384ms]
  hot path drops:           0 [min=0, max=0, average=0, deviation=0]
  behavior planner period:  100.001ms [min=99.9619ms, max=100.035ms, average=100.001ms, deviation=0.0140524ms]
----------------------------------------------------------

----------------------------------------------------------
sample path: (IntersectionOutput) 
  order timepoint           sequence nr.                  node name     dropped samples
latency

Statistics:
  latency:                  108.788ms [min=44.9642ms, max=119.943ms, average=87.7401ms, deviation=16.503ms]
----------------------------------------------------------

----------------------------------------------------------
sample path: (VehicleDBWSystem) 
  order timepoint           sequence nr.                  node name     dropped samples
bp period
latency

Statistics:
  latency:                  417.663ms [min=287.528ms, max=473.973ms, average=380.034ms, deviation=50.946ms]
hotpath
  hot path:                 FrontLidarDriver/RearLidarDriver -> ObjectCollisionEstimator
  hot path latency:         112.67ms [min=77.6025ms, max=132.827ms, average=106.842ms, deviation=14.2529ms]
  hot path drops:           0 [min=0, max=0, average=0, deviation=0]
  behavior planner period:  100.002ms [min=99.9619ms, max=100.035ms, average=100.001ms, deviation=0.0136338ms]
----------------------------------------------------------

----------------------------------------------------------
sample path: (IntersectionOutput) 
  order timepoint           sequence nr.                  node name     dropped samples
latency

Statistics:
  latency:                  110.46ms [min=44.9642ms, max=119.943ms, average=88.6868ms, deviation=16.7933ms]
----------------------------------------------------------

----------------------------------------------------------
sample path: (VehicleDBWSystem) 
  order timepoint           sequence nr.                  node name     dropped samples
bp period
latency

Statistics:
  latency:                  420.422ms [min=287.528ms, max=473.973ms, average=382.053ms, deviation=50.4029ms]
hotpath
  hot path:                 FrontLidarDriver/RearLidarDriver -> ObjectCollisionEstimator
  hot path latency:         94.7616ms [min=77.6025ms, max=132.827ms, average=106.171ms, deviation=14.1175ms]
  hot path drops:           0 [min=0, max=0, average=0, deviation=0]
  behavior planner period:  99.9997ms [min=99.9619ms, max=100.035ms, average=100.001ms, deviation=0.0132544ms]
----------------------------------------------------------

----------------------------------------------------------
sample path: (IntersectionOutput) 
  order timepoint           sequence nr.                  node name     dropped samples
latency

Statistics:
  latency:                  109.701ms [min=44.9642ms, max=119.943ms, average=89.5274ms, deviation=16.9685ms]
----------------------------------------------------------

----------------------------------------------------------
sample path: (VehicleDBWSystem) 
  order timepoint           sequence nr.                  node name     dropped samples
bp period
latency

Statistics:
  latency:                  401.233ms [min=287.528ms, max=473.973ms, average=382.966ms, deviation=49.3046ms]
hotpath
  hot path:                 FrontLidarDriver/RearLidarDriver -> ObjectCollisionEstimator
  hot path latency:         116.478ms [min=77.6025ms, max=132.827ms, average=106.714ms, deviation=13.922ms]
  hot path drops:           0 [min=0, max=0, average=0, deviation=0]
  behavior planner period:  100.006ms [min=99.9619ms, max=100.035ms, average=100.001ms, deviation=0.01295ms]
----------------------------------------------------------

----------------------------------------------------------
sample path: (IntersectionOutput) 
  order timepoint           sequence nr.                  node name     dropped samples
latency

Statistics:
  latency:                  71.7827ms [min=44.9642ms, max=119.943ms, average=88.8449ms, deviation=16.9859ms]
----------------------------------------------------------

----------------------------------------------------------
sample path: (VehicleDBWSystem) 
  order timepoint           sequence nr.                  node name     dropped samples
bp period
latency

Statistics:
  latency:                  402.541ms [min=287.528ms, max=473.973ms, average=383.856ms, deviation=48.297ms]
hotpath
  hot path:                 FrontLidarDriver/RearLidarDriver -> ObjectCollisionEstimator
  hot path latency:         114.52ms [min=77.6025ms, max=132.827ms, average=107.104ms, deviation=13.6627ms]
  hot path drops:           0 [min=0, max=0, average=0, deviation=0]
  behavior planner period:  100.003ms [min=99.9619ms, max=100.035ms, average=100.001ms, deviation=0.0126247ms]
----------------------------------------------------------

----------------------------------------------------------
sample path: (IntersectionOutput) 
  order timepoint           sequence nr.                  node name     dropped samples
latency

Statistics:
  latency:                  102.711ms [min=44.9642ms, max=119.943ms, average=89.3585ms, deviation=16.8685ms]
----------------------------------------------------------

----------------------------------------------------------
sample path: (VehicleDBWSystem) 
  order timepoint           sequence nr.                  node name     dropped samples
bp period
latency

Statistics:
  latency:                  399.616ms [min=287.528ms, max=473.973ms, average=384.541ms, deviation=47.3009ms]
hotpath
  hot path:                 FrontLidarDriver/RearLidarDriver -> ObjectCollisionEstimator
  hot path latency:         133.869ms [min=77.6025ms, max=133.869ms, average=108.379ms, deviation=14.5413ms]
  hot path drops:           0 [min=0, max=0, average=0, deviation=0]
  behavior planner period:  100.003ms [min=99.9619ms, max=100.035ms, average=100.002ms, deviation=0.0123242ms]
----------------------------------------------------------

----------------------------------------------------------
sample path: (IntersectionOutput) 
  order timepoint           sequence nr.                  node name     dropped samples
latency

Statistics:
  latency:                  96.8702ms [min=44.9642ms, max=119.943ms, average=89.6267ms, deviation=16.6139ms]
----------------------------------------------------------

----------------------------------------------------------
sample path: (VehicleDBWSystem) 
  order timepoint           sequence nr.                  node name     dropped samples
bp period
latency

Statistics:
  latency:                  396.563ms [min=287.528ms, max=473.973ms, average=385.042ms, deviation=46.3262ms]
hotpath
  hot path:                 FrontLidarDriver/RearLidarDriver -> ObjectCollisionEstimator
  hot path latency:         96.3275ms [min=77.6025ms, max=133.869ms, average=107.831ms, deviation=14.4215ms]
  hot path drops:           0 [min=0, max=0, average=0, deviation=0]
  behavior planner period:  100.012ms [min=99.9619ms, max=100.035ms, average=100.002ms, deviation=0.012256ms]
----------------------------------------------------------

----------------------------------------------------------
sample path: (IntersectionOutput) 
  order timepoint           sequence nr.                  node name     dropped samples
latency

Statistics:
  latency:                  96.6866ms [min=44.9642ms, max=119.943ms, average=89.8702ms, deviation=16.3672ms]
----------------------------------------------------------

----------------------------------------------------------
sample path: (VehicleDBWSystem) 
  order timepoint           sequence nr.                  node name     dropped samples
bp period
latency

Statistics:
  latency:                  405.381ms [min=287.528ms, max=473.973ms, average=385.856ms, deviation=45.5329ms]
hotpath
  hot path:                 FrontLidarDriver/RearLidarDriver -> ObjectCollisionEstimator
  hot path latency:         112.957ms [min=77.6025ms, max=133.869ms, average=108.054ms, deviation=14.1305ms]
  hot path drops:           0 [min=0, max=0, average=0, deviation=0]
  behavior planner period:  99.9812ms [min=99.9619ms, max=100.035ms, average=100.001ms, deviation=0.0127172ms]
----------------------------------------------------------

----------------------------------------------------------
sample path: (IntersectionOutput) 
  order timepoint           sequence nr.                  node name     dropped samples
latency

Statistics:
  latency:                  108.584ms [min=44.9642ms, max=119.943ms, average=90.494ms, deviation=16.4414ms]
----------------------------------------------------------

----------------------------------------------------------
sample path: (VehicleDBWSystem) 
  order timepoint           sequence nr.                  node name     dropped samples
bp period
latency

Statistics:
  latency:                  401.34ms [min=287.528ms, max=473.973ms, average=386.451ms, deviation=44.7162ms]
hotpath
  hot path:                 FrontLidarDriver/RearLidarDriver -> ObjectCollisionEstimator
  hot path latency:         96.5307ms [min=77.6025ms, max=133.869ms, average=107.574ms, deviation=14.0186ms]
  hot path drops:           0 [min=0, max=0, average=0, deviation=0]
  behavior planner period:  100.006ms [min=99.9619ms, max=100.035ms, average=100.001ms, deviation=0.0124872ms]
----------------------------------------------------------

----------------------------------------------------------
sample path: (IntersectionOutput) 
  order timepoint           sequence nr.                  node name     dropped samples
latency

Statistics:
  latency:                  95.7583ms [min=44.9642ms, max=119.943ms, average=90.6638ms, deviation=16.1927ms]
----------------------------------------------------------

----------------------------------------------------------
sample path: (VehicleDBWSystem) 
  order timepoint           sequence nr.                  node name     dropped samples
bp period
latency

Statistics:
  latency:                  391.698ms [min=287.528ms, max=473.973ms, average=386.646ms, deviation=43.8594ms]
hotpath
  hot path:                 FrontLidarDriver/RearLidarDriver -> ObjectCollisionEstimator
  hot path latency:         138.272ms [min=77.6025ms, max=138.272ms, average=108.801ms, deviation=15.0342ms]
  hot path drops:           0 [min=0, max=0, average=0, deviation=0]
  behavior planner period:  99.9992ms [min=99.9619ms, max=100.035ms, average=100.001ms, deviation=0.0122421ms]
----------------------------------------------------------

----------------------------------------------------------
sample path: (IntersectionOutput) 
  order timepoint           sequence nr.                  node name     dropped samples
latency

Statistics:
  latency:                  90.1591ms [min=44.9642ms, max=119.943ms, average=90.648ms, deviation=15.9296ms]
----------------------------------------------------------

----------------------------------------------------------
sample path: (VehicleDBWSystem) 
  order timepoint           sequence nr.                  node name     dropped samples
bp period
latency

Statistics:
  latency:                  403.249ms [min=287.528ms, max=473.973ms, average=387.239ms, deviation=43.1538ms]
hotpath
  hot path:                 FrontLidarDriver/RearLidarDriver -> ObjectCollisionEstimator
  hot path latency:         114.163ms [min=77.6025ms, max=138.272ms, average=109.008ms, deviation=14.768ms]
  hot path drops:           0 [min=0, max=0, average=0, deviation=0]
  behavior planner period:  100.007ms [min=99.9619ms, max=100.035ms, average=100.001ms, deviation=0.0120551ms]
----------------------------------------------------------

----------------------------------------------------------
sample path: (IntersectionOutput) 
  order timepoint           sequence nr.                  node name     dropped samples
latency

Statistics:
  latency:                  111.383ms [min=44.9642ms, max=119.943ms, average=91.2764ms, deviation=16.0889ms]
----------------------------------------------------------

----------------------------------------------------------
sample path: (VehicleDBWSystem) 
  order timepoint           sequence nr.                  node name     dropped samples
bp period
latency

Statistics:
  latency:                  363.88ms [min=287.528ms, max=473.973ms, average=386.433ms, deviation=42.5976ms]
hotpath
  hot path:                 FrontLidarDriver/RearLidarDriver -> ObjectCollisionEstimator
  hot path latency:         88.4897ms [min=77.6025ms, max=138.272ms, average=108.248ms, deviation=15.0099ms]
  hot path drops:           0 [min=0, max=0, average=0, deviation=0]
  behavior planner period:  99.993ms [min=99.9619ms, max=100.035ms, average=100.001ms, deviation=0.0119376ms]
----------------------------------------------------------

----------------------------------------------------------
sample path: (IntersectionOutput) 
  order timepoint           sequence nr.                  node name     dropped samples
latency

Statistics:
  latency:                  109.594ms [min=44.9642ms, max=119.943ms, average=91.8151ms, deviation=16.1517ms]
----------------------------------------------------------

----------------------------------------------------------
sample path: (VehicleDBWSystem) 
  order timepoint           sequence nr.                  node name     dropped samples
bp period
latency

Statistics:
  latency:                  432.039ms [min=287.528ms, max=473.973ms, average=387.953ms, deviation=42.6769ms]
  behavior planner period:  100.005ms [min=99.9619ms, max=100.035ms, average=100.001ms, deviation=0.0117464ms]
----------------------------------------------------------

----------------------------------------------------------
sample path: (IntersectionOutput) 
  order timepoint           sequence nr.                  node name     dropped samples
latency

Statistics:
  latency:                  118.43ms [min=44.9642ms, max=119.943ms, average=92.5755ms, deviation=16.5361ms]
----------------------------------------------------------

----------------------------------------------------------
sample path: (VehicleDBWSystem) 
  order timepoint           sequence nr.                  node name     dropped samples
bp period
latency

Statistics:
  latency:                  501.12ms [min=287.528ms, max=501.12ms, average=391.604ms, deviation=46.6232ms]
hotpath
  hot path:                 FrontLidarDriver/RearLidarDriver -> ObjectCollisionEstimator
  hot path latency:         115.752ms [min=77.6025ms, max=138.272ms, average=108.516ms, deviation=14.7974ms]
  hot path drops:           0 [min=0, max=0, average=0, deviation=0]
  behavior planner period:  100.005ms [min=99.9619ms, max=100.035ms, average=100.001ms, deviation=0.0115607ms]
----------------------------------------------------------

----------------------------------------------------------
sample path: (IntersectionOutput) 
  order timepoint           sequence nr.                  node name     dropped samples
latency

Statistics:
  latency:                  115.574ms [min=44.9642ms, max=119.943ms, average=93.2144ms, deviation=16.7428ms]
----------------------------------------------------------

----------------------------------------------------------
sample path: (VehicleDBWSystem) 
  order timepoint           sequence nr.                  node name     dropped samples
bp period
latency

Statistics:
  latency:                  310.423ms [min=287.528ms, max=501.12ms, average=389.067ms, deviation=48.0578ms]
hotpath
  hot path:                 FrontLidarDriver/RearLidarDriver -> ObjectCollisionEstimator
  hot path latency:         136.579ms [min=77.6025ms, max=138.272ms, average=109.483ms, deviation=15.437ms]
  hot path drops:           0 [min=0, max=0, average=0, deviation=0]
  behavior planner period:  100.031ms [min=99.9619ms, max=100.035ms, average=100.002ms, deviation=0.0125122ms]
----------------------------------------------------------

----------------------------------------------------------
sample path: (IntersectionOutput) 
  order timepoint           sequence nr.                  node name     dropped samples
latency

Statistics:
  latency:                  62.3382ms [min=44.9642ms, max=119.943ms, average=92.3799ms, deviation=17.2714ms]
----------------------------------------------------------

----------------------------------------------------------
sample path: (IntersectionOutput) 
  order timepoint           sequence nr.                  node name     dropped samples
latency

Statistics:
  latency:                  70.4846ms [min=44.9642ms, max=119.943ms, average=91.8037ms, deviation=17.4027ms]
----------------------------------------------------------

----------------------------------------------------------
sample path: (VehicleDBWSystem) 
  order timepoint           sequence nr.                  node name     dropped samples
bp period
latency

Statistics:
  latency:                  336.687ms [min=287.528ms, max=501.12ms, average=387.48ms, deviation=48.1718ms]
hotpath
  hot path:                 FrontLidarDriver/RearLidarDriver -> ObjectCollisionEstimator
  hot path latency:         43.5836ms [min=43.5836ms, max=138.272ms, average=107.287ms, deviation=19.3608ms]
  hot path drops:           1 [min=0, max=1, average=0.0333333, deviation=0.182574]
  behavior planner period:  99.9325ms [min=99.9325ms, max=100.035ms, average=100ms, deviation=0.0174371ms]
----------------------------------------------------------

----------------------------------------------------------
sample path: (IntersectionOutput) 
  order timepoint           sequence nr.                  node name     dropped samples
latency

Statistics:
  latency:                  87.583ms [min=44.9642ms, max=119.943ms, average=91.6955ms, deviation=17.1855ms]
----------------------------------------------------------

----------------------------------------------------------
sample path: (IntersectionOutput) 
  order timepoint           sequence nr.                  node name     dropped samples
latency

Statistics:
  latency:                  110.708ms [min=44.9642ms, max=119.943ms, average=92.1708ms, deviation=17.2281ms]
----------------------------------------------------------

----------------------------------------------------------
sample path: (VehicleDBWSystem) 
  order timepoint           sequence nr.                  node name     dropped samples
bp period
latency

Statistics:
  latency:                  384.526ms [min=287.528ms, max=501.12ms, average=387.393ms, deviation=47.439ms]
hotpath
  hot path:                 FrontLidarDriver/RearLidarDriver -> ObjectCollisionEstimator
  hot path latency:         78.1227ms [min=43.5836ms, max=138.272ms, average=106.346ms, deviation=19.743ms]
  hot path drops:           0 [min=0, max=1, average=0.0322581, deviation=0.179605]
  behavior planner period:  100.001ms [min=99.9325ms, max=100.035ms, average=100ms, deviation=0.0171636ms]
----------------------------------------------------------

----------------------------------------------------------
sample path: (IntersectionOutput) 
  order timepoint           sequence nr.                  node name     dropped samples
latency

Statistics:
  latency:                  89.7629ms [min=44.9642ms, max=119.943ms, average=92.1121ms, deviation=17.0155ms]
----------------------------------------------------------

----------------------------------------------------------
sample path: (VehicleDBWSystem) 
  order timepoint           sequence nr.                  node name     dropped samples
bp period
latency

Statistics:
  latency:                  376.255ms [min=287.528ms, max=501.12ms, average=387.075ms, deviation=46.774ms]
  behavior planner period:  100.01ms [min=99.9325ms, max=100.035ms, average=100ms, deviation=0.0169863ms]
----------------------------------------------------------

----------------------------------------------------------
sample path: (IntersectionOutput) 
  order timepoint           sequence nr.                  node name     dropped samples
latency

Statistics:
  latency:                  90.8832ms [min=44.9642ms, max=119.943ms, average=92.0828ms, deviation=16.8078ms]
----------------------------------------------------------

----------------------------------------------------------
sample path: (VehicleDBWSystem) 
  order timepoint           sequence nr.                  node name     dropped samples
bp period
latency

Statistics:
  latency:                  484.267ms [min=287.528ms, max=501.12ms, average=389.774ms, deviation=48.8641ms]
hotpath
  hot path:                 FrontLidarDriver/RearLidarDriver -> ObjectCollisionEstimator
  hot path latency:         114.068ms [min=43.5836ms, max=138.272ms, average=106.587ms, deviation=19.4698ms]
  hot path drops:           0 [min=0, max=1, average=0.03125, deviation=0.176777]
  behavior planner period:  99.9968ms [min=99.9325ms, max=100.035ms, average=100ms, deviation=0.0167464ms]
----------------------------------------------------------

----------------------------------------------------------
sample path: (IntersectionOutput) 
  order timepoint           sequence nr.                  node name     dropped samples
latency

Statistics:
  latency:                  131.53ms [min=44.9642ms, max=131.53ms, average=93.0002ms, deviation=17.6625ms]
----------------------------------------------------------

----------------------------------------------------------
sample path: (VehicleDBWSystem) 
  order timepoint           sequence nr.                  node name     dropped samples
bp period
latency

Statistics:
  latency:                  345.943ms [min=287.528ms, max=501.12ms, average=388.59ms, deviation=48.7166ms]
hotpath
  hot path:                 FrontLidarDriver/RearLidarDriver -> ObjectCollisionEstimator
  hot path latency:         114.572ms [min=43.5836ms, max=138.272ms, average=106.829ms, deviation=19.2135ms]
  hot path drops:           0 [min=0, max=1, average=0.030303, deviation=0.174078]
  behavior planner period:  100.003ms [min=99.9325ms, max=100.035ms, average=100ms, deviation=0.0165101ms]
----------------------------------------------------------

----------------------------------------------------------
sample path: (IntersectionOutput) 
  order timepoint           sequence nr.                  node name     dropped samples
latency

Statistics:
  latency:                  92.6952ms [min=44.9642ms, max=131.53ms, average=92.9933ms, deviation=17.456ms]
----------------------------------------------------------

----------------------------------------------------------
sample path: (VehicleDBWSystem) 
  order timepoint           sequence nr.                  node name     dropped samples
bp period
latency

Statistics:
  latency:                  384.407ms [min=287.528ms, max=501.12ms, average=388.48ms, deviation=48.0585ms]
hotpath
  hot path:                 FrontLidarDriver/RearLidarDriver -> ObjectCollisionEstimator
  hot path latency:         131.848ms [min=43.5836ms, max=138.272ms, average=107.565ms, deviation=19.4006ms]
  hot path drops:           0 [min=0, max=1, average=0.0294118, deviation=0.171499]
  behavior planner period:  99.9991ms [min=99.9325ms, max=100.035ms, average=100ms, deviation=0.0162807ms]
----------------------------------------------------------

----------------------------------------------------------
sample path: (IntersectionOutput) 
  order timepoint           sequence nr.                  node name     dropped samples
latency

Statistics:
  latency:                  98.5471ms [min=44.9642ms, max=131.53ms, average=93.1167ms, deviation=17.2763ms]
----------------------------------------------------------

----------------------------------------------------------
sample path: (VehicleDBWSystem) 
  order timepoint           sequence nr.                  node name     dropped samples
bp period
latency

Statistics:
  latency:                  361.661ms [min=287.528ms, max=501.12ms, average=387.792ms, deviation=47.616ms]
hotpath
  hot path:                 FrontLidarDriver/RearLidarDriver -> ObjectCollisionEstimator
  hot path latency:         82.5871ms [min=43.5836ms, max=138.272ms, average=106.851ms, deviation=19.5739ms]
  hot path drops:           0 [min=0, max=1, average=0.0285714, deviation=0.169031]
  behavior planner period:  100.002ms [min=99.9325ms, max=100.035ms, average=100ms, deviation=0.016062ms]
----------------------------------------------------------

----------------------------------------------------------
sample path: (IntersectionOutput) 
  order timepoint           sequence nr.                  node name     dropped samples
latency

Statistics:
  latency:                  116.74ms [min=44.9642ms, max=131.53ms, average=93.6302ms, deviation=17.4347ms]
----------------------------------------------------------

----------------------------------------------------------
sample path: (VehicleDBWSystem) 
  order timepoint           sequence nr.                  node name     dropped samples
bp period
latency

Statistics:
  latency:                  332.037ms [min=287.528ms, max=501.12ms, average=386.398ms, deviation=47.8212ms]
hotpath
  hot path:                 FrontLidarDriver/RearLidarDriver -> ObjectCollisionEstimator
  hot path latency:         81.2085ms [min=43.5836ms, max=138.272ms, average=106.139ms, deviation=19.76ms]
  hot path drops:           0 [min=0, max=1, average=0.0277778, deviation=0.166667]
  behavior planner period:  100.023ms [min=99.9325ms, max=100.035ms, average=100.001ms, deviation=0.0162508ms]
----------------------------------------------------------

----------------------------------------------------------
sample path: (IntersectionOutput) 
  order timepoint           sequence nr.                  node name     dropped samples
latency

Statistics:
  latency:                  116.171ms [min=44.9642ms, max=131.53ms, average=94.1098ms, deviation=17.5548ms]
----------------------------------------------------------

----------------------------------------------------------
sample path: (VehicleDBWSystem) 
  order timepoint           sequence nr.                  node name     dropped samples
bp period
latency

Statistics:
  latency:                  402.225ms [min=287.528ms, max=501.12ms, average=386.784ms, deviation=47.2843ms]
  behavior planner period:  99.987ms [min=99.9325ms, max=100.035ms, average=100.001ms, deviation=0.0161943ms]
----------------------------------------------------------

----------------------------------------------------------
sample path: (IntersectionOutput) 
  order timepoint           sequence nr.                  node name     dropped samples
latency

Statistics:
  latency:                  122.68ms [min=44.9642ms, max=131.53ms, average=94.705ms, deviation=17.8499ms]
----------------------------------------------------------

