----------------------------------------------------------
sample path: (VehicleDBWSystem) 
  order timepoint           sequence nr.                  node name     dropped samples
latency

Statistics:
  latency:                  334.113ms [min=334.113ms, max=334.113ms, average=334.113ms, deviation=-nanms]
hotpath
  hot path:                 FrontLidarDriver/RearLidarDriver -> ObjectCollisionEstimator
  hot path latency:         187.06ms [min=187.06ms, max=187.06ms, average=187.06ms, deviation=-nanms]
  hot path drops:           0 [min=0, max=0, average=0, deviation=-nan]
  behavior planner period:  0ms [min=1.84467e+13ms, max=0ms, average=0ms, deviation=0ms]
----------------------------------------------------------

----------------------------------------------------------
sample path: (IntersectionOutput) 
  order timepoint           sequence nr.                  node name     dropped samples
latency

Statistics:
  latency:                  61.3901ms [min=61.3901ms, max=61.3901ms, average=61.3901ms, deviation=-nanms]
----------------------------------------------------------

----------------------------------------------------------
sample path: (IntersectionOutput) 
  order timepoint           sequence nr.                  node name     dropped samples
latency

Statistics:
  latency:                  65.8382ms [min=61.3901ms, max=65.8382ms, average=63.6142ms, deviation=3.14525ms]
----------------------------------------------------------

----------------------------------------------------------
sample path: (VehicleDBWSystem) 
  order timepoint           sequence nr.                  node name     dropped samples
bp period
latency

Statistics:
  latency:                  376.732ms [min=334.113ms, max=376.732ms, average=355.422ms, deviation=30.136ms]
hotpath
  hot path:                 FrontLidarDriver/RearLidarDriver -> ObjectCollisionEstimator
  hot path latency:         178.934ms [min=178.934ms, max=187.06ms, average=182.997ms, deviation=5.74581ms]
  hot path drops:           0 [min=0, max=0, average=0, deviation=0]
  behavior planner period:  98.5472ms [min=98.5472ms, max=98.5472ms, average=98.5472ms, deviation=-nanms]
----------------------------------------------------------

----------------------------------------------------------
sample path: (IntersectionOutput) 
  order timepoint           sequence nr.                  node name     dropped samples
latency

Statistics:
  latency:                  73.9265ms [min=61.3901ms, max=73.9265ms, average=67.0516ms, deviation=6.35565ms]
----------------------------------------------------------

----------------------------------------------------------
sample path: (VehicleDBWSystem) 
  order timepoint           sequence nr.                  node name     dropped samples
bp period
latency

Statistics:
  latency:                  343.299ms [min=334.113ms, max=376.732ms, average=351.381ms, deviation=22.4294ms]
hotpath
  hot path:                 FrontLidarDriver/RearLidarDriver -> ObjectCollisionEstimator
  hot path latency:         171.774ms [min=171.774ms, max=187.06ms, average=179.256ms, deviation=7.64812ms]
  hot path drops:           0 [min=0, max=0, average=0, deviation=0]
  behavior planner period:  97.0997ms [min=97.0997ms, max=98.5472ms, average=97.8234ms, deviation=1.02355ms]
----------------------------------------------------------

----------------------------------------------------------
sample path: (IntersectionOutput) 
  order timepoint           sequence nr.                  node name     dropped samples
latency

Statistics:
  latency:                  65.1655ms [min=61.3901ms, max=73.9265ms, average=66.5801ms, deviation=5.27436ms]
----------------------------------------------------------

----------------------------------------------------------
sample path: (VehicleDBWSystem) 
  order timepoint           sequence nr.                  node name     dropped samples
bp period
latency

Statistics:
  latency:                  334.36ms [min=334.113ms, max=376.732ms, average=347.126ms, deviation=20.1946ms]
hotpath
  hot path:                 FrontLidarDriver/RearLidarDriver -> ObjectCollisionEstimator
  hot path latency:         165.631ms [min=165.631ms, max=187.06ms, average=175.85ms, deviation=9.2415ms]
  hot path drops:           0 [min=0, max=0, average=0, deviation=0]
  behavior planner period:  98.7714ms [min=97.0997ms, max=98.7714ms, average=98.1394ms, deviation=0.907398ms]
----------------------------------------------------------

----------------------------------------------------------
sample path: (IntersectionOutput) 
  order timepoint           sequence nr.                  node name     dropped samples
latency

Statistics:
  latency:                  61.8545ms [min=61.3901ms, max=73.9265ms, average=65.635ms, deviation=5.03292ms]
----------------------------------------------------------

----------------------------------------------------------
sample path: (VehicleDBWSystem) 
  order timepoint           sequence nr.                  node name     dropped samples
bp period
latency

Statistics:
  latency:                  329.544ms [min=329.544ms, max=376.732ms, average=343.61ms, deviation=19.1752ms]
hotpath
  hot path:                 FrontLidarDriver/RearLidarDriver -> ObjectCollisionEstimator
  hot path latency:         153.944ms [min=153.944ms, max=187.06ms, average=171.469ms, deviation=12.65ms]
  hot path drops:           0 [min=0, max=0, average=0, deviation=0]
  behavior planner period:  107.32ms [min=97.0997ms, max=107.32ms, average=100.435ms, deviation=4.64989ms]
----------------------------------------------------------

----------------------------------------------------------
sample path: (IntersectionOutput) 
  order timepoint           sequence nr.                  node name     dropped samples
latency

Statistics:
  latency:                  59.1753ms [min=59.1753ms, max=73.9265ms, average=64.5584ms, deviation=5.21716ms]
----------------------------------------------------------

----------------------------------------------------------
sample path: (VehicleDBWSystem) 
  order timepoint           sequence nr.                  node name     dropped samples
bp period
latency

Statistics:
  latency:                  308.469ms [min=308.469ms, max=376.732ms, average=337.753ms, deviation=22.3597ms]
hotpath
  hot path:                 FrontLidarDriver/RearLidarDriver -> ObjectCollisionEstimator
  hot path latency:         133.12ms [min=133.12ms, max=187.06ms, average=165.077ms, deviation=19.3163ms]
  hot path drops:           0 [min=0, max=0, average=0, deviation=0]
  behavior planner period:  91.9265ms [min=91.9265ms, max=107.32ms, average=98.733ms, deviation=5.5402ms]
----------------------------------------------------------

----------------------------------------------------------
sample path: (IntersectionOutput) 
  order timepoint           sequence nr.                  node name     dropped samples
latency

Statistics:
  latency:                  47.2179ms [min=47.2179ms, max=73.9265ms, average=62.0811ms, deviation=8.10175ms]
----------------------------------------------------------

----------------------------------------------------------
sample path: (VehicleDBWSystem) 
  order timepoint           sequence nr.                  node name     dropped samples
bp period
latency

Statistics:
  latency:                  296.662ms [min=296.662ms, max=376.732ms, average=331.883ms, deviation=25.6483ms]
hotpath
  hot path:                 FrontLidarDriver/RearLidarDriver -> ObjectCollisionEstimator
  hot path latency:         133.301ms [min=133.12ms, max=187.06ms, average=160.538ms, deviation=21.3348ms]
  hot path drops:           0 [min=0, max=0, average=0, deviation=0]
  behavior planner period:  94.4328ms [min=91.9265ms, max=107.32ms, average=98.0163ms, deviation=5.25709ms]
----------------------------------------------------------

----------------------------------------------------------
sample path: (IntersectionOutput) 
  order timepoint           sequence nr.                  node name     dropped samples
latency

Statistics:
  latency:                  48.8938ms [min=47.2179ms, max=73.9265ms, average=60.4327ms, deviation=8.83175ms]
----------------------------------------------------------

----------------------------------------------------------
sample path: (IntersectionOutput) 
  order timepoint           sequence nr.                  node name     dropped samples
latency

Statistics:
  latency:                  87.2556ms [min=47.2179ms, max=87.2556ms, average=63.413ms, deviation=12.1734ms]
----------------------------------------------------------

----------------------------------------------------------
sample path: (VehicleDBWSystem) 
  order timepoint           sequence nr.                  node name     dropped samples
bp period
latency

Statistics:
  latency:                  335.933ms [min=296.662ms, max=376.732ms, average=332.389ms, deviation=23.7889ms]
hotpath
  hot path:                 FrontLidarDriver/RearLidarDriver -> ObjectCollisionEstimator
  hot path latency:         162.463ms [min=133.12ms, max=187.06ms, average=160.778ms, deviation=19.7639ms]
  hot path drops:           0 [min=0, max=0, average=0, deviation=0]
  behavior planner period:  105.106ms [min=91.9265ms, max=107.32ms, average=99.0292ms, deviation=5.49655ms]
----------------------------------------------------------

----------------------------------------------------------
sample path: (IntersectionOutput) 
  order timepoint           sequence nr.                  node name     dropped samples
latency

Statistics:
  latency:                  87.8855ms [min=47.2179ms, max=87.8855ms, average=65.8603ms, deviation=13.8425ms]
----------------------------------------------------------

----------------------------------------------------------
sample path: (VehicleDBWSystem) 
  order timepoint           sequence nr.                  node name     dropped samples
bp period
latency

Statistics:
  latency:                  315.011ms [min=296.662ms, max=376.732ms, average=330.458ms, deviation=22.994ms]
hotpath
  hot path:                 FrontLidarDriver/RearLidarDriver -> ObjectCollisionEstimator
  hot path latency:         142.595ms [min=133.12ms, max=187.06ms, average=158.758ms, deviation=19.4557ms]
  hot path drops:           0 [min=0, max=0, average=0, deviation=0]
  behavior planner period:  97.5403ms [min=91.9265ms, max=107.32ms, average=98.8431ms, deviation=5.11597ms]
----------------------------------------------------------

----------------------------------------------------------
sample path: (IntersectionOutput) 
  order timepoint           sequence nr.                  node name     dropped samples
latency

Statistics:
  latency:                  56.6787ms [min=47.2179ms, max=87.8855ms, average=65.0256ms, deviation=13.4208ms]
----------------------------------------------------------

----------------------------------------------------------
sample path: (IntersectionOutput) 
  order timepoint           sequence nr.                  node name     dropped samples
latency

Statistics:
  latency:                  76.0507ms [min=47.2179ms, max=87.8855ms, average=65.9444ms, deviation=13.1861ms]
----------------------------------------------------------

----------------------------------------------------------
sample path: (VehicleDBWSystem) 
  order timepoint           sequence nr.                  node name     dropped samples
bp period
latency

Statistics:
  latency:                  341.68ms [min=296.662ms, max=376.732ms, average=331.58ms, deviation=21.9675ms]
hotpath
  hot path:                 FrontLidarDriver/RearLidarDriver -> ObjectCollisionEstimator
  hot path latency:         132.827ms [min=132.827ms, max=187.06ms, average=156.165ms, deviation=20.0925ms]
  hot path drops:           0 [min=0, max=0, average=0, deviation=0]
  behavior planner period:  108.154ms [min=91.9265ms, max=108.154ms, average=99.8777ms, deviation=5.70394ms]
----------------------------------------------------------

----------------------------------------------------------
sample path: (IntersectionOutput) 
  order timepoint           sequence nr.                  node name     dropped samples
latency

Statistics:
  latency:                  59.7291ms [min=47.2179ms, max=87.8855ms, average=65.4663ms, deviation=12.7419ms]
----------------------------------------------------------

----------------------------------------------------------
sample path: (VehicleDBWSystem) 
  order timepoint           sequence nr.                  node name     dropped samples
bp period
latency

Statistics:
  latency:                  316.469ms [min=296.662ms, max=376.732ms, average=330.207ms, deviation=21.3324ms]
hotpath
  hot path:                 FrontLidarDriver/RearLidarDriver -> ObjectCollisionEstimator
  hot path latency:         124.245ms [min=124.245ms, max=187.06ms, average=153.263ms, deviation=21.3533ms]
  hot path drops:           0 [min=0, max=0, average=0, deviation=0]
  behavior planner period:  100.069ms [min=91.9265ms, max=108.154ms, average=99.8968ms, deviation=5.37807ms]
----------------------------------------------------------

----------------------------------------------------------
sample path: (IntersectionOutput) 
  order timepoint           sequence nr.                  node name     dropped samples
latency

Statistics:
  latency:                  60.3051ms [min=47.2179ms, max=87.8855ms, average=65.0976ms, deviation=12.3194ms]
----------------------------------------------------------

----------------------------------------------------------
sample path: (VehicleDBWSystem) 
  order timepoint           sequence nr.                  node name     dropped samples
bp period
latency

Statistics:
  latency:                  325.205ms [min=296.662ms, max=376.732ms, average=329.79ms, deviation=20.3909ms]
hotpath
  hot path:                 FrontLidarDriver/RearLidarDriver -> ObjectCollisionEstimator
  hot path latency:         137.199ms [min=124.245ms, max=187.06ms, average=151.924ms, deviation=20.881ms]
  hot path drops:           0 [min=0, max=0, average=0, deviation=0]
  behavior planner period:  107.046ms [min=91.9265ms, max=108.154ms, average=100.547ms, deviation=5.53878ms]
----------------------------------------------------------

----------------------------------------------------------
sample path: (IntersectionOutput) 
  order timepoint           sequence nr.                  node name     dropped samples
latency

Statistics:
  latency:                  49.3614ms [min=47.2179ms, max=87.8855ms, average=64.0485ms, deviation=12.5474ms]
----------------------------------------------------------

----------------------------------------------------------
sample path: (IntersectionOutput) 
  order timepoint           sequence nr.                  node name     dropped samples
latency

Statistics:
  latency:                  56.2793ms [min=47.2179ms, max=87.8855ms, average=63.5629ms, deviation=12.2765ms]
----------------------------------------------------------

----------------------------------------------------------
sample path: (VehicleDBWSystem) 
  order timepoint           sequence nr.                  node name     dropped samples
bp period
latency

Statistics:
  latency:                  300.658ms [min=296.662ms, max=376.732ms, average=327.549ms, deviation=21.1287ms]
hotpath
  hot path:                 FrontLidarDriver/RearLidarDriver -> ObjectCollisionEstimator
  hot path latency:         123.045ms [min=123.045ms, max=187.06ms, average=149.703ms, deviation=21.5369ms]
  hot path drops:           0 [min=0, max=0, average=0, deviation=0]
  behavior planner period:  97.7424ms [min=91.9265ms, max=108.154ms, average=100.313ms, deviation=5.34271ms]
----------------------------------------------------------

----------------------------------------------------------
sample path: (IntersectionOutput) 
  order timepoint           sequence nr.                  node name     dropped samples
latency

Statistics:
  latency:                  73.0991ms [min=47.2179ms, max=87.8855ms, average=64.1239ms, deviation=12.1096ms]
----------------------------------------------------------

----------------------------------------------------------
sample path: (VehicleDBWSystem) 
  order timepoint           sequence nr.                  node name     dropped samples
bp period
latency

Statistics:
  latency:                  313.606ms [min=296.662ms, max=376.732ms, average=326.553ms, deviation=20.639ms]
hotpath
  hot path:                 FrontLidarDriver/RearLidarDriver -> ObjectCollisionEstimator
  hot path latency:         144.896ms [min=123.045ms, max=187.06ms, average=149.36ms, deviation=20.7318ms]
  hot path drops:           0 [min=0, max=0, average=0, deviation=0]
  behavior planner period:  97.2073ms [min=91.9265ms, max=108.154ms, average=100.074ms, deviation=5.18727ms]
----------------------------------------------------------

----------------------------------------------------------
sample path: (IntersectionOutput) 
  order timepoint           sequence nr.                  node name     dropped samples
latency

Statistics:
  latency:                  48.3094ms [min=47.2179ms, max=87.8855ms, average=63.2453ms, deviation=12.3252ms]
----------------------------------------------------------

----------------------------------------------------------
sample path: (IntersectionOutput) 
  order timepoint           sequence nr.                  node name     dropped samples
latency

Statistics:
  latency:                  64.2231ms [min=47.2179ms, max=87.8855ms, average=63.2968ms, deviation=11.9801ms]
----------------------------------------------------------

----------------------------------------------------------
sample path: (VehicleDBWSystem) 
  order timepoint           sequence nr.                  node name     dropped samples
bp period
latency

Statistics:
  latency:                  336.78ms [min=296.662ms, max=376.732ms, average=327.235ms, deviation=20.0627ms]
hotpath
  hot path:                 FrontLidarDriver/RearLidarDriver -> ObjectCollisionEstimator
  hot path latency:         120.426ms [min=120.426ms, max=187.06ms, average=147.431ms, deviation=21.3288ms]
  hot path drops:           0 [min=0, max=0, average=0, deviation=0]
  behavior planner period:  84.3878ms [min=84.3878ms, max=108.154ms, average=98.9537ms, deviation=6.51258ms]
----------------------------------------------------------

----------------------------------------------------------
sample path: (IntersectionOutput) 
  order timepoint           sequence nr.                  node name     dropped samples
latency

Statistics:
  latency:                  73.8038ms [min=47.2179ms, max=87.8855ms, average=63.8221ms, deviation=11.8949ms]
----------------------------------------------------------

----------------------------------------------------------
sample path: (VehicleDBWSystem) 
  order timepoint           sequence nr.                  node name     dropped samples
bp period
latency

Statistics:
  latency:                  315.088ms [min=296.662ms, max=376.732ms, average=326.476ms, deviation=19.6189ms]
hotpath
  hot path:                 FrontLidarDriver/RearLidarDriver -> ObjectCollisionEstimator
  hot path latency:         152.941ms [min=120.426ms, max=187.06ms, average=147.775ms, deviation=20.6516ms]
  hot path drops:           0 [min=0, max=0, average=0, deviation=0]
  behavior planner period:  102.773ms [min=84.3878ms, max=108.154ms, average=99.2083ms, deviation=6.35269ms]
----------------------------------------------------------

----------------------------------------------------------
sample path: (IntersectionOutput) 
  order timepoint           sequence nr.                  node name     dropped samples
latency

Statistics:
  latency:                  48.1262ms [min=47.2179ms, max=87.8855ms, average=63.0747ms, deviation=12.0891ms]
----------------------------------------------------------

----------------------------------------------------------
sample path: (IntersectionOutput) 
  order timepoint           sequence nr.                  node name     dropped samples
latency

Statistics:
  latency:                  77.2526ms [min=47.2179ms, max=87.8855ms, average=63.7191ms, deviation=12.1788ms]
----------------------------------------------------------

----------------------------------------------------------
sample path: (VehicleDBWSystem) 
  order timepoint           sequence nr.                  node name     dropped samples
bp period
latency

Statistics:
  latency:                  302.505ms [min=296.662ms, max=376.732ms, average=325.065ms, deviation=19.8656ms]
hotpath
  hot path:                 FrontLidarDriver/RearLidarDriver -> ObjectCollisionEstimator
  hot path latency:         137.332ms [min=120.426ms, max=187.06ms, average=147.161ms, deviation=20.1556ms]
  hot path drops:           0 [min=0, max=0, average=0, deviation=0]
  behavior planner period:  105.153ms [min=84.3878ms, max=108.154ms, average=99.5798ms, deviation=6.31465ms]
----------------------------------------------------------

----------------------------------------------------------
sample path: (IntersectionOutput) 
  order timepoint           sequence nr.                  node name     dropped samples
latency

Statistics:
  latency:                  62.9662ms [min=47.2179ms, max=87.8855ms, average=63.6864ms, deviation=11.8998ms]
----------------------------------------------------------

----------------------------------------------------------
sample path: (IntersectionOutput) 
  order timepoint           sequence nr.                  node name     dropped samples
latency

Statistics:
  latency:                  58.4975ms [min=47.2179ms, max=87.8855ms, average=63.4702ms, deviation=11.6864ms]
----------------------------------------------------------

----------------------------------------------------------
sample path: (VehicleDBWSystem) 
  order timepoint           sequence nr.                  node name     dropped samples
bp period
latency

Statistics:
  latency:                  253.853ms [min=253.853ms, max=376.732ms, average=321.109ms, deviation=25.5571ms]
hotpath
  hot path:                 FrontLidarDriver/RearLidarDriver -> ObjectCollisionEstimator
  hot path latency:         90.3006ms [min=90.3006ms, max=187.06ms, average=144.002ms, deviation=23.7058ms]
  hot path drops:           1 [min=0, max=1, average=0.0555556, deviation=0.235702]
  behavior planner period:  111.714ms [min=84.3878ms, max=111.714ms, average=100.294ms, deviation=6.78555ms]
----------------------------------------------------------

----------------------------------------------------------
sample path: (IntersectionOutput) 
  order timepoint           sequence nr.                  node name     dropped samples
latency

Statistics:
  latency:                  61.64ms [min=47.2179ms, max=87.8855ms, average=63.397ms, deviation=11.4462ms]
----------------------------------------------------------

----------------------------------------------------------
sample path: (IntersectionOutput) 
  order timepoint           sequence nr.                  node name     dropped samples
latency

Statistics:
  latency:                  51.6019ms [min=47.2179ms, max=87.8855ms, average=62.9433ms, deviation=11.451ms]
----------------------------------------------------------

----------------------------------------------------------
sample path: (VehicleDBWSystem) 
  order timepoint           sequence nr.                  node name     dropped samples
bp period
latency

Statistics:
  latency:                  310.739ms [min=253.853ms, max=376.732ms, average=320.563ms, deviation=24.9507ms]
  behavior planner period:  97.6507ms [min=84.3878ms, max=111.714ms, average=100.147ms, deviation=6.61236ms]
----------------------------------------------------------

----------------------------------------------------------
sample path: (IntersectionOutput) 
  order timepoint           sequence nr.                  node name     dropped samples
latency

Statistics:
  latency:                  72.604ms [min=47.2179ms, max=87.8855ms, average=63.3011ms, deviation=11.3815ms]
----------------------------------------------------------

----------------------------------------------------------
sample path: (VehicleDBWSystem) 
  order timepoint           sequence nr.                  node name     dropped samples
bp period
latency

Statistics:
  latency:                  302.64ms [min=253.853ms, max=376.732ms, average=319.667ms, deviation=24.6137ms]
hotpath
  hot path:                 FrontLidarDriver/RearLidarDriver -> ObjectCollisionEstimator
  hot path latency:         137.534ms [min=90.3006ms, max=187.06ms, average=143.661ms, deviation=23.0857ms]
  hot path drops:           0 [min=0, max=1, average=0.0526316, deviation=0.229416]
  behavior planner period:  96.3576ms [min=84.3878ms, max=111.714ms, average=99.9473ms, deviation=6.48458ms]
----------------------------------------------------------

----------------------------------------------------------
sample path: (IntersectionOutput) 
  order timepoint           sequence nr.                  node name     dropped samples
latency

Statistics:
  latency:                  41.8064ms [min=41.8064ms, max=87.8855ms, average=62.5335ms, deviation=11.8845ms]
----------------------------------------------------------

----------------------------------------------------------
sample path: (IntersectionOutput) 
  order timepoint           sequence nr.                  node name     dropped samples
latency

Statistics:
  latency:                  84.4885ms [min=41.8064ms, max=87.8855ms, average=63.2905ms, deviation=12.362ms]
----------------------------------------------------------

----------------------------------------------------------
sample path: (VehicleDBWSystem) 
  order timepoint           sequence nr.                  node name     dropped samples
bp period
latency

Statistics:
  latency:                  308.887ms [min=253.853ms, max=376.732ms, average=319.154ms, deviation=24.1055ms]
hotpath
  hot path:                 FrontLidarDriver/RearLidarDriver -> ObjectCollisionEstimator
  hot path latency:         120.348ms [min=90.3006ms, max=187.06ms, average=142.496ms, deviation=23.0667ms]
  hot path drops:           0 [min=0, max=1, average=0.05, deviation=0.223607]
  behavior planner period:  90.2692ms [min=84.3878ms, max=111.714ms, average=99.4634ms, deviation=6.67233ms]
----------------------------------------------------------

----------------------------------------------------------
sample path: (IntersectionOutput) 
  order timepoint           sequence nr.                  node name     dropped samples
latency

Statistics:
  latency:                  82.6182ms [min=41.8064ms, max=87.8855ms, average=63.9348ms, deviation=12.6491ms]
----------------------------------------------------------

----------------------------------------------------------
sample path: (IntersectionOutput) 
  order timepoint           sequence nr.                  node name     dropped samples
latency

Statistics:
  latency:                  53.5586ms [min=41.8064ms, max=87.8855ms, average=63.6001ms, deviation=12.5754ms]
----------------------------------------------------------

----------------------------------------------------------
sample path: (VehicleDBWSystem) 
  order timepoint           sequence nr.                  node name     dropped samples
bp period
latency

Statistics:
  latency:                  335.784ms [min=253.853ms, max=376.732ms, average=319.91ms, deviation=23.7903ms]
hotpath
  hot path:                 FrontLidarDriver/RearLidarDriver -> ObjectCollisionEstimator
  hot path latency:         132.591ms [min=90.3006ms, max=187.06ms, average=142.024ms, deviation=22.5863ms]
  hot path drops:           0 [min=0, max=1, average=0.047619, deviation=0.218218]
  behavior planner period:  107.775ms [min=84.3878ms, max=111.714ms, average=99.8592ms, deviation=6.75157ms]
----------------------------------------------------------

----------------------------------------------------------
sample path: (IntersectionOutput) 
  order timepoint           sequence nr.                  node name     dropped samples
latency

Statistics:
  latency:                  74.1271ms [min=41.8064ms, max=87.8855ms, average=63.9291ms, deviation=12.5101ms]
----------------------------------------------------------

----------------------------------------------------------
sample path: (VehicleDBWSystem) 
  order timepoint           sequence nr.                  node name     dropped samples
bp period
latency

Statistics:
  latency:                  319.127ms [min=253.853ms, max=376.732ms, average=319.876ms, deviation=23.2438ms]
hotpath
  hot path:                 FrontLidarDriver/RearLidarDriver -> ObjectCollisionEstimator
  hot path latency:         120.126ms [min=90.3006ms, max=187.06ms, average=141.029ms, deviation=22.531ms]
  hot path drops:           0 [min=0, max=1, average=0.0454545, deviation=0.213201]
  behavior planner period:  95.134ms [min=84.3878ms, max=111.714ms, average=99.6444ms, deviation=6.66542ms]
----------------------------------------------------------

----------------------------------------------------------
sample path: (IntersectionOutput) 
  order timepoint           sequence nr.                  node name     dropped samples
latency

Statistics:
  latency:                  72.0695ms [min=41.8064ms, max=87.8855ms, average=64.1757ms, deviation=12.3943ms]
----------------------------------------------------------

----------------------------------------------------------
sample path: (VehicleDBWSystem) 
  order timepoint           sequence nr.                  node name     dropped samples
bp period
latency

Statistics:
  latency:                  290.882ms [min=253.853ms, max=376.732ms, average=318.668ms, deviation=23.4907ms]
hotpath
  hot path:                 FrontLidarDriver/RearLidarDriver -> ObjectCollisionEstimator
  hot path latency:         132.257ms [min=90.3006ms, max=187.06ms, average=140.647ms, deviation=22.0888ms]
  hot path drops:           0 [min=0, max=1, average=0.0434783, deviation=0.208514]
  behavior planner period:  104.051ms [min=84.3878ms, max=111.714ms, average=99.836ms, deviation=6.57668ms]
----------------------------------------------------------

----------------------------------------------------------
sample path: (IntersectionOutput) 
  order timepoint           sequence nr.                  node name     dropped samples
latency

Statistics:
  latency:                  43.7992ms [min=41.8064ms, max=87.8855ms, average=63.5764ms, deviation=12.6955ms]
----------------------------------------------------------

----------------------------------------------------------
sample path: (IntersectionOutput) 
  order timepoint           sequence nr.                  node name     dropped samples
latency

Statistics:
  latency:                  58.5866ms [min=41.8064ms, max=87.8855ms, average=63.4339ms, deviation=12.5358ms]
----------------------------------------------------------

----------------------------------------------------------
sample path: (VehicleDBWSystem) 
  order timepoint           sequence nr.                  node name     dropped samples
bp period
latency

Statistics:
  latency:                  295.62ms [min=253.853ms, max=376.732ms, average=317.746ms, deviation=23.4536ms]
hotpath
  hot path:                 FrontLidarDriver/RearLidarDriver -> ObjectCollisionEstimator
  hot path latency:         116.014ms [min=90.3006ms, max=187.06ms, average=139.621ms, deviation=22.1808ms]
  hot path drops:           0 [min=0, max=1, average=0.0416667, deviation=0.204124]
  behavior planner period:  97.7592ms [min=84.3878ms, max=111.714ms, average=99.7495ms, deviation=6.44608ms]
----------------------------------------------------------

----------------------------------------------------------
sample path: (IntersectionOutput) 
  order timepoint           sequence nr.                  node name     dropped samples
latency

Statistics:
  latency:                  74.5611ms [min=41.8064ms, max=87.8855ms, average=63.7429ms, deviation=12.4939ms]
----------------------------------------------------------

----------------------------------------------------------
sample path: (VehicleDBWSystem) 
  order timepoint           sequence nr.                  node name     dropped samples
bp period
latency

Statistics:
  latency:                  309.717ms [min=253.853ms, max=376.732ms, average=317.437ms, deviation=23.0336ms]
hotpath
  hot path:                 FrontLidarDriver/RearLidarDriver -> ObjectCollisionEstimator
  hot path latency:         125.79ms [min=90.3006ms, max=187.06ms, average=139.068ms, deviation=21.8892ms]
  hot path drops:           0 [min=0, max=1, average=0.04, deviation=0.2]
  behavior planner period:  95.7151ms [min=84.3878ms, max=111.714ms, average=99.5881ms, deviation=6.36173ms]
----------------------------------------------------------

----------------------------------------------------------
sample path: (IntersectionOutput) 
  order timepoint           sequence nr.                  node name     dropped samples
latency

Statistics:
  latency:                  44.6941ms [min=41.8064ms, max=87.8855ms, average=63.2281ms, deviation=12.7109ms]
----------------------------------------------------------

----------------------------------------------------------
sample path: (IntersectionOutput) 
  order timepoint           sequence nr.                  node name     dropped samples
latency

Statistics:
  latency:                  72.0407ms [min=41.8064ms, max=87.8855ms, average=63.46ms, deviation=12.6192ms]
----------------------------------------------------------

----------------------------------------------------------
sample path: (VehicleDBWSystem) 
  order timepoint           sequence nr.                  node name     dropped samples
bp period
latency

Statistics:
  latency:                  307.168ms [min=253.853ms, max=376.732ms, average=317.057ms, deviation=22.6726ms]
hotpath
  hot path:                 FrontLidarDriver/RearLidarDriver -> ObjectCollisionEstimator
  hot path latency:         119.095ms [min=90.3006ms, max=187.06ms, average=138.3ms, deviation=21.8017ms]
  hot path drops:           0 [min=0, max=1, average=0.0384615, deviation=0.196116]
  behavior planner period:  98.4167ms [min=84.3878ms, max=111.714ms, average=99.5431ms, deviation=6.23743ms]
----------------------------------------------------------

----------------------------------------------------------
sample path: (IntersectionOutput) 
  order timepoint           sequence nr.                  node name     dropped samples
latency

Statistics:
  latency:                  68.2257ms [min=41.8064ms, max=87.8855ms, average=63.5822ms, deviation=12.4754ms]
----------------------------------------------------------

----------------------------------------------------------
sample path: (IntersectionOutput) 
  order timepoint           sequence nr.                  node name     dropped samples
latency

Statistics:
  latency:                  50.1707ms [min=41.8064ms, max=87.8855ms, average=63.2469ms, deviation=12.4957ms]
----------------------------------------------------------

----------------------------------------------------------
sample path: (VehicleDBWSystem) 
  order timepoint           sequence nr.                  node name     dropped samples
bp period
latency

Statistics:
  latency:                  364.994ms [min=253.853ms, max=376.732ms, average=318.769ms, deviation=24.0224ms]
hotpath
  hot path:                 FrontLidarDriver/RearLidarDriver -> ObjectCollisionEstimator
  hot path latency:         135.081ms [min=90.3006ms, max=187.06ms, average=138.18ms, deviation=21.3873ms]
  hot path drops:           0 [min=0, max=1, average=0.037037, deviation=0.19245]
  behavior planner period:  106.606ms [min=84.3878ms, max=111.714ms, average=99.8047ms, deviation=6.26554ms]
----------------------------------------------------------

----------------------------------------------------------
sample path: (IntersectionOutput) 
  order timepoint           sequence nr.                  node name     dropped samples
latency

Statistics:
  latency:                  64.268ms [min=41.8064ms, max=87.8855ms, average=63.2718ms, deviation=12.3395ms]
----------------------------------------------------------

----------------------------------------------------------
sample path: (IntersectionOutput) 
  order timepoint           sequence nr.                  node name     dropped samples
latency

Statistics:
  latency:                  69.7051ms [min=41.8064ms, max=87.8855ms, average=63.425ms, deviation=12.2285ms]
----------------------------------------------------------

----------------------------------------------------------
sample path: (VehicleDBWSystem) 
  order timepoint           sequence nr.                  node name     dropped samples
bp period
latency

Statistics:
  latency:                  352.774ms [min=253.853ms, max=376.732ms, average=319.941ms, deviation=24.4201ms]
hotpath
  hot path:                 FrontLidarDriver/RearLidarDriver -> ObjectCollisionEstimator
  hot path latency:         119.668ms [min=90.3006ms, max=187.06ms, average=137.519ms, deviation=21.2771ms]
  hot path drops:           0 [min=0, max=1, average=0.0357143, deviation=0.188982]
  behavior planner period:  115.376ms [min=84.3878ms, max=115.376ms, average=100.361ms, deviation=6.81631ms]
----------------------------------------------------------

----------------------------------------------------------
sample path: (VehicleDBWSystem) 
  order timepoint           sequence nr.                  node name     dropped samples
bp period
latency

Statistics:
  latency:                  312.226ms [min=253.853ms, max=376.732ms, average=319.684ms, deviation=24.0367ms]
hotpath
  hot path:                 FrontLidarDriver/RearLidarDriver -> ObjectCollisionEstimator
  hot path latency:         130.164ms [min=90.3006ms, max=187.06ms, average=137.266ms, deviation=20.9383ms]
  hot path drops:           0 [min=0, max=1, average=0.0344828, deviation=0.185695]
  behavior planner period:  93.9516ms [min=84.3878ms, max=115.376ms, average=100.14ms, deviation=6.79847ms]
----------------------------------------------------------

----------------------------------------------------------
sample path: (IntersectionOutput) 
  order timepoint           sequence nr.                  node name     dropped samples
latency

Statistics:
  latency:                  51.2126ms [min=41.8064ms, max=87.8855ms, average=63.141ms, deviation=12.2247ms]
----------------------------------------------------------

----------------------------------------------------------
sample path: (VehicleDBWSystem) 
  order timepoint           sequence nr.                  node name     dropped samples
bp period
latency

Statistics:
  latency:                  292.368ms [min=253.853ms, max=376.732ms, average=318.803ms, deviation=24.1366ms]
hotpath
  hot path:                 FrontLidarDriver/RearLidarDriver -> ObjectCollisionEstimator
  hot path latency:         167.6ms [min=90.3006ms, max=187.06ms, average=138.277ms, deviation=21.3065ms]
  hot path drops:           0 [min=0, max=1, average=0.0333333, deviation=0.182574]
  behavior planner period:  81.9276ms [min=81.9276ms, max=115.376ms, average=99.5327ms, deviation=7.46201ms]
----------------------------------------------------------

----------------------------------------------------------
sample path: (IntersectionOutput) 
  order timepoint           sequence nr.                  node name     dropped samples
latency

Statistics:
  latency:                  49.8887ms [min=41.8064ms, max=87.8855ms, average=62.8398ms, deviation=12.2458ms]
----------------------------------------------------------

----------------------------------------------------------
sample path: (IntersectionOutput) 
  order timepoint           sequence nr.                  node name     dropped samples
latency

Statistics:
  latency:                  73.4576ms [min=41.8064ms, max=87.8855ms, average=63.0758ms, deviation=12.2089ms]
----------------------------------------------------------

----------------------------------------------------------
sample path: (VehicleDBWSystem) 
  order timepoint           sequence nr.                  node name     dropped samples
bp period
latency

Statistics:
  latency:                  327.705ms [min=253.853ms, max=376.732ms, average=319.081ms, deviation=23.7962ms]
hotpath
  hot path:                 FrontLidarDriver/RearLidarDriver -> ObjectCollisionEstimator
  hot path latency:         157.347ms [min=90.3006ms, max=187.06ms, average=138.892ms, deviation=21.2265ms]
  hot path drops:           0 [min=0, max=1, average=0.0322581, deviation=0.179605]
  behavior planner period:  108.802ms [min=81.9276ms, max=115.376ms, average=99.8317ms, deviation=7.5231ms]
----------------------------------------------------------

----------------------------------------------------------
sample path: (IntersectionOutput) 
  order timepoint           sequence nr.                  node name     dropped samples
latency

Statistics:
  latency:                  70.7519ms [min=41.8064ms, max=87.8855ms, average=63.2426ms, deviation=12.1254ms]
----------------------------------------------------------

----------------------------------------------------------
sample path: (VehicleDBWSystem) 
  order timepoint           sequence nr.                  node name     dropped samples
bp period
latency

Statistics:
  latency:                  321.905ms [min=253.853ms, max=376.732ms, average=319.167ms, deviation=23.4266ms]
hotpath
  hot path:                 FrontLidarDriver/RearLidarDriver -> ObjectCollisionEstimator
  hot path latency:         133.771ms [min=90.3006ms, max=187.06ms, average=138.732ms, deviation=20.901ms]
  hot path drops:           0 [min=0, max=1, average=0.03125, deviation=0.176777]
  behavior planner period:  97.0478ms [min=81.9276ms, max=115.376ms, average=99.7447ms, deviation=7.41711ms]
----------------------------------------------------------

----------------------------------------------------------
sample path: (IntersectionOutput) 
  order timepoint           sequence nr.                  node name     dropped samples
latency

Statistics:
  latency:                  57.411ms [min=41.8064ms, max=87.8855ms, average=63.1186ms, deviation=12.023ms]
----------------------------------------------------------

----------------------------------------------------------
sample path: (IntersectionOutput) 
  order timepoint           sequence nr.                  node name     dropped samples
latency

Statistics:
  latency:                  71.5196ms [min=41.8064ms, max=87.8855ms, average=63.2936ms, deviation=11.9561ms]
----------------------------------------------------------

----------------------------------------------------------
sample path: (VehicleDBWSystem) 
  order timepoint           sequence nr.                  node name     dropped samples
bp period
latency

Statistics:
  latency:                  321.31ms [min=253.853ms, max=376.732ms, average=319.23ms, deviation=23.0718ms]
hotpath
  hot path:                 FrontLidarDriver/RearLidarDriver -> ObjectCollisionEstimator
  hot path latency:         132.468ms [min=90.3006ms, max=187.06ms, average=138.542ms, deviation=20.6007ms]
  hot path drops:           0 [min=0, max=1, average=0.030303, deviation=0.174078]
  behavior planner period:  107.034ms [min=81.9276ms, max=115.376ms, average=99.9656ms, deviation=7.40976ms]
----------------------------------------------------------

----------------------------------------------------------
sample path: (IntersectionOutput) 
  order timepoint           sequence nr.                  node name     dropped samples
latency

Statistics:
  latency:                  47.7872ms [min=41.8064ms, max=87.8855ms, average=62.9771ms, deviation=12.0365ms]
----------------------------------------------------------

----------------------------------------------------------
sample path: (VehicleDBWSystem) 
  order timepoint           sequence nr.                  node name     dropped samples
bp period
latency

Statistics:
  latency:                  306.39ms [min=253.853ms, max=376.732ms, average=318.863ms, deviation=22.8334ms]
hotpath
  hot path:                 FrontLidarDriver/RearLidarDriver -> ObjectCollisionEstimator
  hot path latency:         127.722ms [min=90.3006ms, max=187.06ms, average=138.224ms, deviation=20.3709ms]
  hot path drops:           0 [min=0, max=1, average=0.0294118, deviation=0.171499]
  behavior planner period:  95.3282ms [min=81.9276ms, max=115.376ms, average=99.8292ms, deviation=7.33984ms]
----------------------------------------------------------

----------------------------------------------------------
sample path: (IntersectionOutput) 
  order timepoint           sequence nr.                  node name     dropped samples
latency

Statistics:
  latency:                  71.3766ms [min=41.8064ms, max=87.8855ms, average=63.1451ms, deviation=11.9721ms]
----------------------------------------------------------

----------------------------------------------------------
sample path: (VehicleDBWSystem) 
  order timepoint           sequence nr.                  node name     dropped samples
bp period
latency

Statistics:
  latency:                  299.501ms [min=253.853ms, max=376.732ms, average=318.325ms, deviation=22.735ms]
hotpath
  hot path:                 FrontLidarDriver/RearLidarDriver -> ObjectCollisionEstimator
  hot path latency:         130.154ms [min=90.3006ms, max=187.06ms, average=137.993ms, deviation=20.1154ms]
  hot path drops:           0 [min=0, max=1, average=0.0285714, deviation=0.169031]
  behavior planner period:  95.4238ms [min=81.9276ms, max=115.376ms, average=99.7033ms, deviation=7.26934ms]
----------------------------------------------------------

----------------------------------------------------------
sample path: (IntersectionOutput) 
  order timepoint           sequence nr.                  node name     dropped samples
latency

Statistics:
  latency:                  37.1595ms [min=37.1595ms, max=87.8855ms, average=62.6356ms, deviation=12.3978ms]
----------------------------------------------------------

----------------------------------------------------------
sample path: (IntersectionOutput) 
  order timepoint           sequence nr.                  node name     dropped samples
latency

Statistics:
  latency:                  70.1224ms [min=37.1595ms, max=87.8855ms, average=62.7796ms, deviation=12.3194ms]
----------------------------------------------------------

----------------------------------------------------------
sample path: (VehicleDBWSystem) 
  order timepoint           sequence nr.                  node name     dropped samples
bp period
latency

Statistics:
  latency:                  299.428ms [min=253.853ms, max=376.732ms, average=317.814ms, deviation=22.6313ms]
hotpath
  hot path:                 FrontLidarDriver/RearLidarDriver -> ObjectCollisionEstimator
  hot path latency:         117.66ms [min=90.3006ms, max=187.06ms, average=137.428ms, deviation=20.1134ms]
  hot path drops:           0 [min=0, max=1, average=0.0277778, deviation=0.166667]
  behavior planner period:  119.219ms [min=81.9276ms, max=119.219ms, average=100.245ms, deviation=7.86847ms]
----------------------------------------------------------

----------------------------------------------------------
sample path: (IntersectionOutput) 
  order timepoint           sequence nr.                  node name     dropped samples
latency

Statistics:
  latency:                  50.546ms [min=37.1595ms, max=87.8855ms, average=62.5487ms, deviation=12.3156ms]
----------------------------------------------------------

----------------------------------------------------------
sample path: (IntersectionOutput) 
  order timepoint           sequence nr.                  node name     dropped samples
latency

Statistics:
  latency:                  70.9495ms [min=37.1595ms, max=87.8855ms, average=62.7043ms, deviation=12.2523ms]
----------------------------------------------------------

----------------------------------------------------------
sample path: (VehicleDBWSystem) 
  order timepoint           sequence nr.                  node name     dropped samples
bp period
latency

Statistics:
  latency:                  332.048ms [min=253.853ms, max=376.732ms, average=318.189ms, deviation=22.4424ms]
hotpath
  hot path:                 FrontLidarDriver/RearLidarDriver -> ObjectCollisionEstimator
  hot path latency:         120.268ms [min=90.3006ms, max=187.06ms, average=136.965ms, deviation=20.0318ms]
  hot path drops:           0 [min=0, max=1, average=0.027027, deviation=0.164399]
  behavior planner period:  90.2366ms [min=81.9276ms, max=119.219ms, average=99.9749ms, deviation=7.93099ms]
----------------------------------------------------------

----------------------------------------------------------
sample path: (IntersectionOutput) 
  order timepoint           sequence nr.                  node name     dropped samples
latency

Statistics:
  latency:                  73.168ms [min=37.1595ms, max=87.8855ms, average=62.8946ms, deviation=12.2201ms]
----------------------------------------------------------

----------------------------------------------------------
sample path: (VehicleDBWSystem) 
  order timepoint           sequence nr.                  node name     dropped samples
bp period
latency

Statistics:
  latency:                  323.369ms [min=253.853ms, max=376.732ms, average=318.322ms, deviation=22.1607ms]
hotpath
  hot path:                 FrontLidarDriver/RearLidarDriver -> ObjectCollisionEstimator
  hot path latency:         144.432ms [min=90.3006ms, max=187.06ms, average=137.161ms, deviation=19.7963ms]
  hot path drops:           0 [min=0, max=1, average=0.0263158, deviation=0.162221]
  behavior planner period:  95.2655ms [min=81.9276ms, max=119.219ms, average=99.851ms, deviation=7.86029ms]
----------------------------------------------------------

----------------------------------------------------------
sample path: (IntersectionOutput) 
  order timepoint           sequence nr.                  node name     dropped samples
latency

Statistics:
  latency:                  59.2069ms [min=37.1595ms, max=87.8855ms, average=62.8287ms, deviation=12.1185ms]
----------------------------------------------------------

----------------------------------------------------------
sample path: (VehicleDBWSystem) 
  order timepoint           sequence nr.                  node name     dropped samples
bp period
latency

Statistics:
  latency:                  309.332ms [min=253.853ms, max=376.732ms, average=318.097ms, deviation=21.9209ms]
hotpath
  hot path:                 FrontLidarDriver/RearLidarDriver -> ObjectCollisionEstimator
  hot path latency:         138.481ms [min=90.3006ms, max=187.06ms, average=137.195ms, deviation=19.5353ms]
  hot path drops:           0 [min=0, max=1, average=0.025641, deviation=0.160128]
  behavior planner period:  97.5347ms [min=81.9276ms, max=119.219ms, average=99.7916ms, deviation=7.76504ms]
----------------------------------------------------------

----------------------------------------------------------
sample path: (IntersectionOutput) 
  order timepoint           sequence nr.                  node name     dropped samples
latency

Statistics:
  latency:                  59.9292ms [min=37.1595ms, max=87.8855ms, average=62.7778ms, deviation=12.0159ms]
----------------------------------------------------------

----------------------------------------------------------
sample path: (VehicleDBWSystem) 
  order timepoint           sequence nr.                  node name     dropped samples
bp period
latency

Statistics:
  latency:                  299.788ms [min=253.853ms, max=376.732ms, average=317.651ms, deviation=21.8332ms]
hotpath
  hot path:                 FrontLidarDriver/RearLidarDriver -> ObjectCollisionEstimator
  hot path latency:         135.241ms [min=90.3006ms, max=187.06ms, average=137.146ms, deviation=19.2857ms]
  hot path drops:           0 [min=0, max=1, average=0.025, deviation=0.158114]
  behavior planner period:  108.272ms [min=81.9276ms, max=119.219ms, average=100.004ms, deviation=7.78126ms]
----------------------------------------------------------

----------------------------------------------------------
sample path: (IntersectionOutput) 
  order timepoint           sequence nr.                  node name     dropped samples
latency

Statistics:
  latency:                  61.0414ms [min=37.1595ms, max=87.8855ms, average=62.7479ms, deviation=11.9122ms]
----------------------------------------------------------

----------------------------------------------------------
sample path: (IntersectionOutput) 
  order timepoint           sequence nr.                  node name     dropped samples
latency

Statistics:
  latency:                  61.5249ms [min=37.1595ms, max=87.8855ms, average=62.7272ms, deviation=11.8102ms]
----------------------------------------------------------

----------------------------------------------------------
sample path: (VehicleDBWSystem) 
  order timepoint           sequence nr.                  node name     dropped samples
bp period
latency

Statistics:
  latency:                  308.637ms [min=253.853ms, max=376.732ms, average=317.436ms, deviation=21.6101ms]
hotpath
  hot path:                 FrontLidarDriver/RearLidarDriver -> ObjectCollisionEstimator
  hot path latency:         132.6ms [min=90.3006ms, max=187.06ms, average=137.035ms, deviation=19.0563ms]
  hot path drops:           0 [min=0, max=1, average=0.0243902, deviation=0.156174]
  behavior planner period:  90.1689ms [min=81.9276ms, max=119.219ms, average=99.7638ms, deviation=7.83539ms]
----------------------------------------------------------

----------------------------------------------------------
sample path: (IntersectionOutput) 
  order timepoint           sequence nr.                  node name     dropped samples
latency

Statistics:
  latency:                  50.3727ms [min=37.1595ms, max=87.8855ms, average=62.5213ms, deviation=11.8178ms]
----------------------------------------------------------

----------------------------------------------------------
sample path: (VehicleDBWSystem) 
  order timepoint           sequence nr.                  node name     dropped samples
bp period
latency

Statistics:
  latency:                  336.136ms [min=253.853ms, max=376.732ms, average=317.871ms, deviation=21.5409ms]
hotpath
  hot path:                 FrontLidarDriver/RearLidarDriver -> ObjectCollisionEstimator
  hot path latency:         147.008ms [min=90.3006ms, max=187.06ms, average=137.273ms, deviation=18.8853ms]
  hot path drops:           0 [min=0, max=1, average=0.0238095, deviation=0.154303]
  behavior planner period:  110.982ms [min=81.9276ms, max=119.219ms, average=100.031ms, deviation=7.93048ms]
----------------------------------------------------------

----------------------------------------------------------
sample path: (IntersectionOutput) 
  order timepoint           sequence nr.                  node name     dropped samples
latency

Statistics:
  latency:                  62.0254ms [min=37.1595ms, max=87.8855ms, average=62.5131ms, deviation=11.7191ms]
----------------------------------------------------------

----------------------------------------------------------
sample path: (VehicleDBWSystem) 
  order timepoint           sequence nr.                  node name     dropped samples
bp period
latency

Statistics:
  latency:                  328.723ms [min=253.853ms, max=376.732ms, average=318.117ms, deviation=21.3517ms]
hotpath
  hot path:                 FrontLidarDriver/RearLidarDriver -> ObjectCollisionEstimator
  hot path latency:         176.589ms [min=90.3006ms, max=187.06ms, average=138.187ms, deviation=19.5987ms]
  hot path drops:           0 [min=0, max=1, average=0.0232558, deviation=0.152499]
  behavior planner period:  96.3518ms [min=81.9276ms, max=119.219ms, average=99.9453ms, deviation=7.85556ms]
----------------------------------------------------------

----------------------------------------------------------
sample path: (IntersectionOutput) 
  order timepoint           sequence nr.                  node name     dropped samples
latency

Statistics:
  latency:                  54.336ms [min=37.1595ms, max=87.8855ms, average=62.3813ms, deviation=11.6689ms]
----------------------------------------------------------

