----------------------------------------------------------
sample path: (IntersectionOutput) 
  order timepoint           sequence nr.                  node name     dropped samples
latency

Statistics:
  latency:                  162.702ms [min=162.702ms, max=162.702ms, average=162.702ms, deviation=-nanms]
----------------------------------------------------------

----------------------------------------------------------
sample path: (VehicleDBWSystem) 
  order timepoint           sequence nr.                  node name     dropped samples
latency

Statistics:
  latency:                  729.365ms [min=729.365ms, max=729.365ms, average=729.365ms, deviation=-nanms]
hotpath
  hot path:                 FrontLidarDriver/RearLidarDriver -> ObjectCollisionEstimator
  hot path latency:         298.246ms [min=298.246ms, max=298.246ms, average=298.246ms, deviation=-nanms]
  hot path drops:           0 [min=0, max=0, average=0, deviation=-nan]
  behavior planner period:  0ms [min=1.84467e+13ms, max=0ms, average=0ms, deviation=0ms]
----------------------------------------------------------

----------------------------------------------------------
sample path: (IntersectionOutput) 
  order timepoint           sequence nr.                  node name     dropped samples
latency

Statistics:
  latency:                  153.165ms [min=153.165ms, max=162.702ms, average=157.933ms, deviation=6.74345ms]
----------------------------------------------------------

----------------------------------------------------------
sample path: (VehicleDBWSystem) 
  order timepoint           sequence nr.                  node name     dropped samples
bp period
latency

Statistics:
  latency:                  748.567ms [min=729.365ms, max=748.567ms, average=738.966ms, deviation=13.578ms]
hotpath
  hot path:                 FrontLidarDriver/RearLidarDriver -> ObjectCollisionEstimator
  hot path latency:         355.453ms [min=298.246ms, max=355.453ms, average=326.85ms, deviation=40.4515ms]
  hot path drops:           0 [min=0, max=0, average=0, deviation=0]
  behavior planner period:  81.6672ms [min=81.6672ms, max=81.6672ms, average=81.6672ms, deviation=-nanms]
----------------------------------------------------------

----------------------------------------------------------
sample path: (IntersectionOutput) 
  order timepoint           sequence nr.                  node name     dropped samples
latency

Statistics:
  latency:                  153.155ms [min=153.155ms, max=162.702ms, average=156.341ms, deviation=5.50878ms]
----------------------------------------------------------

----------------------------------------------------------
sample path: (VehicleDBWSystem) 
  order timepoint           sequence nr.                  node name     dropped samples
bp period
latency

Statistics:
  latency:                  902.31ms [min=729.365ms, max=902.31ms, average=793.414ms, deviation=94.7942ms]
hotpath
  hot path:                 FrontLidarDriver/RearLidarDriver -> ObjectCollisionEstimator
  hot path latency:         662.869ms [min=298.246ms, max=662.869ms, average=438.856ms, deviation=196.098ms]
  hot path drops:           0 [min=0, max=0, average=0, deviation=0]
  behavior planner period:  105.352ms [min=81.6672ms, max=105.352ms, average=93.5096ms, deviation=16.7477ms]
----------------------------------------------------------

----------------------------------------------------------
sample path: (IntersectionOutput) 
  order timepoint           sequence nr.                  node name     dropped samples
latency

Statistics:
  latency:                  143.673ms [min=143.673ms, max=162.702ms, average=153.174ms, deviation=7.76851ms]
----------------------------------------------------------

----------------------------------------------------------
sample path: (VehicleDBWSystem) 
  order timepoint           sequence nr.                  node name     dropped samples
bp period
latency

Statistics:
  latency:                  767.826ms [min=729.365ms, max=902.31ms, average=787.017ms, deviation=78.4494ms]
hotpath
  hot path:                 FrontLidarDriver/RearLidarDriver -> ObjectCollisionEstimator
  hot path latency:         374.777ms [min=298.246ms, max=662.869ms, average=422.836ms, deviation=163.288ms]
  hot path drops:           0 [min=0, max=0, average=0, deviation=0]
  behavior planner period:  100.983ms [min=81.6672ms, max=105.352ms, average=96.0006ms, deviation=12.6039ms]
----------------------------------------------------------

----------------------------------------------------------
sample path: (IntersectionOutput) 
  order timepoint           sequence nr.                  node name     dropped samples
latency

Statistics:
  latency:                  143.763ms [min=143.673ms, max=162.702ms, average=151.292ms, deviation=7.93553ms]
----------------------------------------------------------

----------------------------------------------------------
sample path: (VehicleDBWSystem) 
  order timepoint           sequence nr.                  node name     dropped samples
bp period
latency

Statistics:
  latency:                  691.07ms [min=691.07ms, max=902.31ms, average=767.827ms, deviation=80.3548ms]
hotpath
  hot path:                 FrontLidarDriver/RearLidarDriver -> ObjectCollisionEstimator
  hot path latency:         451.546ms [min=298.246ms, max=662.869ms, average=428.578ms, deviation=141.993ms]
  hot path drops:           2 [min=0, max=2, average=0.4, deviation=0.894427]
  behavior planner period:  86.3696ms [min=81.6672ms, max=105.352ms, average=93.5928ms, deviation=11.362ms]
----------------------------------------------------------

----------------------------------------------------------
sample path: (IntersectionOutput) 
  order timepoint           sequence nr.                  node name     dropped samples
latency

Statistics:
  latency:                  162.68ms [min=143.673ms, max=162.702ms, average=153.19ms, deviation=8.48496ms]
----------------------------------------------------------

----------------------------------------------------------
sample path: (VehicleDBWSystem) 
  order timepoint           sequence nr.                  node name     dropped samples
bp period
latency

Statistics:
  latency:                  739.257ms [min=691.07ms, max=902.31ms, average=763.066ms, deviation=72.8118ms]
hotpath
  hot path:                 FrontLidarDriver/RearLidarDriver -> ObjectCollisionEstimator
  hot path latency:         346.179ms [min=298.246ms, max=662.869ms, average=414.845ms, deviation=131.382ms]
  hot path drops:           0 [min=0, max=2, average=0.333333, deviation=0.816497]
  behavior planner period:  100.994ms [min=81.6672ms, max=105.352ms, average=95.0731ms, deviation=10.3815ms]
----------------------------------------------------------

----------------------------------------------------------
sample path: (IntersectionOutput) 
  order timepoint           sequence nr.                  node name     dropped samples
latency

Statistics:
  latency:                  143.68ms [min=143.673ms, max=162.702ms, average=151.831ms, deviation=8.53899ms]
----------------------------------------------------------

----------------------------------------------------------
sample path: (VehicleDBWSystem) 
  order timepoint           sequence nr.                  node name     dropped samples
bp period
latency

Statistics:
  latency:                  700.553ms [min=691.07ms, max=902.31ms, average=754.135ms, deviation=70.5423ms]
hotpath
  hot path:                 FrontLidarDriver/RearLidarDriver -> ObjectCollisionEstimator
  hot path latency:         451.64ms [min=298.246ms, max=662.869ms, average=420.101ms, deviation=120.738ms]
  hot path drops:           2 [min=0, max=2, average=0.571429, deviation=0.9759]
  behavior planner period:  95.8791ms [min=81.6672ms, max=105.352ms, average=95.2074ms, deviation=9.29135ms]
----------------------------------------------------------

----------------------------------------------------------
sample path: (IntersectionOutput) 
  order timepoint           sequence nr.                  node name     dropped samples
latency

Statistics:
  latency:                  162.629ms [min=143.673ms, max=162.702ms, average=153.181ms, deviation=8.77902ms]
----------------------------------------------------------

----------------------------------------------------------
sample path: (VehicleDBWSystem) 
  order timepoint           sequence nr.                  node name     dropped samples
bp period
latency

Statistics:
  latency:                  767.825ms [min=691.07ms, max=902.31ms, average=755.847ms, deviation=65.4886ms]
hotpath
  hot path:                 FrontLidarDriver/RearLidarDriver -> ObjectCollisionEstimator
  hot path latency:         365.268ms [min=298.246ms, max=662.869ms, average=413.247ms, deviation=113.451ms]
  hot path drops:           0 [min=0, max=2, average=0.5, deviation=0.92582]
  behavior planner period:  105.76ms [min=81.6672ms, max=105.76ms, average=96.7149ms, deviation=9.3728ms]
----------------------------------------------------------

----------------------------------------------------------
sample path: (IntersectionOutput) 
  order timepoint           sequence nr.                  node name     dropped samples
latency

Statistics:
  latency:                  143.785ms [min=143.673ms, max=162.702ms, average=152.137ms, deviation=8.78901ms]
----------------------------------------------------------

----------------------------------------------------------
sample path: (VehicleDBWSystem) 
  order timepoint           sequence nr.                  node name     dropped samples
bp period
latency

Statistics:
  latency:                  700.597ms [min=691.07ms, max=902.31ms, average=749.708ms, deviation=63.9674ms]
hotpath
  hot path:                 FrontLidarDriver/RearLidarDriver -> ObjectCollisionEstimator
  hot path latency:         470.607ms [min=298.246ms, max=662.869ms, average=419.621ms, deviation=107.832ms]
  hot path drops:           2 [min=0, max=2, average=0.666667, deviation=1]
  behavior planner period:  105.318ms [min=81.6672ms, max=105.76ms, average=97.7903ms, deviation=9.19517ms]
----------------------------------------------------------

----------------------------------------------------------
sample path: (IntersectionOutput) 
  order timepoint           sequence nr.                  node name     dropped samples
latency

Statistics:
  latency:                  152.985ms [min=143.673ms, max=162.702ms, average=152.222ms, deviation=8.29069ms]
----------------------------------------------------------

----------------------------------------------------------
sample path: (VehicleDBWSystem) 
  order timepoint           sequence nr.                  node name     dropped samples
bp period
latency

Statistics:
  latency:                  739.203ms [min=691.07ms, max=902.31ms, average=748.657ms, deviation=60.4005ms]
hotpath
  hot path:                 FrontLidarDriver/RearLidarDriver -> ObjectCollisionEstimator
  hot path latency:         374.735ms [min=298.246ms, max=662.869ms, average=415.132ms, deviation=102.651ms]
  hot path drops:           0 [min=0, max=2, average=0.6, deviation=0.966092]
  behavior planner period:  101.052ms [min=81.6672ms, max=105.76ms, average=98.1527ms, deviation=8.66974ms]
----------------------------------------------------------

----------------------------------------------------------
sample path: (IntersectionOutput) 
  order timepoint           sequence nr.                  node name     dropped samples
latency

Statistics:
  latency:                  124.6ms [min=124.6ms, max=162.702ms, average=149.711ms, deviation=11.4552ms]
----------------------------------------------------------

----------------------------------------------------------
sample path: (VehicleDBWSystem) 
  order timepoint           sequence nr.                  node name     dropped samples
bp period
latency

Statistics:
  latency:                  671.86ms [min=671.86ms, max=902.31ms, average=741.676ms, deviation=61.8026ms]
hotpath
  hot path:                 FrontLidarDriver/RearLidarDriver -> ObjectCollisionEstimator
  hot path latency:         461.022ms [min=298.246ms, max=662.869ms, average=419.304ms, deviation=98.3614ms]
  hot path drops:           2 [min=0, max=2, average=0.727273, deviation=1.00905]
  behavior planner period:  86.2795ms [min=81.6672ms, max=105.76ms, average=96.9654ms, deviation=8.99501ms]
----------------------------------------------------------

----------------------------------------------------------
sample path: (IntersectionOutput) 
  order timepoint           sequence nr.                  node name     dropped samples
latency

Statistics:
  latency:                  152.991ms [min=124.6ms, max=162.702ms, average=149.984ms, deviation=10.9631ms]
----------------------------------------------------------

----------------------------------------------------------
sample path: (VehicleDBWSystem) 
  order timepoint           sequence nr.                  node name     dropped samples
bp period
latency

Statistics:
  latency:                  701.033ms [min=671.86ms, max=902.31ms, average=738.289ms, deviation=60.0831ms]
hotpath
  hot path:                 FrontLidarDriver/RearLidarDriver -> ObjectCollisionEstimator
  hot path latency:         297.897ms [min=297.897ms, max=662.869ms, average=409.187ms, deviation=100.119ms]
  hot path drops:           1 [min=0, max=2, average=0.75, deviation=0.965307]
  behavior planner period:  96.1615ms [min=81.6672ms, max=105.76ms, average=96.8923ms, deviation=8.53685ms]
----------------------------------------------------------

----------------------------------------------------------
sample path: (IntersectionOutput) 
  order timepoint           sequence nr.                  node name     dropped samples
latency

Statistics:
  latency:                  153.085ms [min=124.6ms, max=162.702ms, average=150.222ms, deviation=10.5315ms]
----------------------------------------------------------

----------------------------------------------------------
sample path: (VehicleDBWSystem) 
  order timepoint           sequence nr.                  node name     dropped samples
bp period
latency

Statistics:
  latency:                  633.432ms [min=633.432ms, max=902.31ms, average=730.223ms, deviation=64.4586ms]
hotpath
  hot path:                 FrontLidarDriver/RearLidarDriver -> ObjectCollisionEstimator
  hot path latency:         278.748ms [min=278.748ms, max=662.869ms, average=399.153ms, deviation=102.456ms]
  hot path drops:           2 [min=0, max=2, average=0.846154, deviation=0.987096]
  behavior planner period:  110.423ms [min=81.6672ms, max=110.423ms, average=98.0198ms, deviation=9.02818ms]
----------------------------------------------------------

----------------------------------------------------------
sample path: (IntersectionOutput) 
  order timepoint           sequence nr.                  node name     dropped samples
latency

Statistics:
  latency:                  134.053ms [min=124.6ms, max=162.702ms, average=149.067ms, deviation=11.0026ms]
----------------------------------------------------------

----------------------------------------------------------
sample path: (VehicleDBWSystem) 
  order timepoint           sequence nr.                  node name     dropped samples
bp period
latency

Statistics:
  latency:                  719.868ms [min=633.432ms, max=902.31ms, average=729.483ms, deviation=61.9916ms]
hotpath
  hot path:                 FrontLidarDriver/RearLidarDriver -> ObjectCollisionEstimator
  hot path latency:         383.897ms [min=278.748ms, max=662.869ms, average=398.063ms, deviation=98.5207ms]
  hot path drops:           1 [min=0, max=2, average=0.857143, deviation=0.949262]
  behavior planner period:  86.2968ms [min=81.6672ms, max=110.423ms, average=97.1181ms, deviation=9.23511ms]
----------------------------------------------------------

----------------------------------------------------------
sample path: (IntersectionOutput) 
  order timepoint           sequence nr.                  node name     dropped samples
latency

Statistics:
  latency:                  153.205ms [min=124.6ms, max=162.702ms, average=149.343ms, deviation=10.6561ms]
----------------------------------------------------------

----------------------------------------------------------
sample path: (VehicleDBWSystem) 
  order timepoint           sequence nr.                  node name     dropped samples
bp period
latency

Statistics:
  latency:                  652.448ms [min=633.432ms, max=902.31ms, average=724.348ms, deviation=62.9611ms]
hotpath
  hot path:                 FrontLidarDriver/RearLidarDriver -> ObjectCollisionEstimator
  hot path latency:         297.55ms [min=278.748ms, max=662.869ms, average=391.362ms, deviation=98.4203ms]
  hot path drops:           1 [min=0, max=2, average=0.866667, deviation=0.915475]
  behavior planner period:  110.35ms [min=81.6672ms, max=110.423ms, average=98.0632ms, deviation=9.55155ms]
----------------------------------------------------------

----------------------------------------------------------
sample path: (IntersectionOutput) 
  order timepoint           sequence nr.                  node name     dropped samples
latency

Statistics:
  latency:                  143.586ms [min=124.6ms, max=162.702ms, average=148.983ms, deviation=10.3949ms]
----------------------------------------------------------

----------------------------------------------------------
sample path: (VehicleDBWSystem) 
  order timepoint           sequence nr.                  node name     dropped samples
bp period
latency

Statistics:
  latency:                  805.982ms [min=633.432ms, max=902.31ms, average=729.45ms, deviation=64.1587ms]
hotpath
  hot path:                 FrontLidarDriver/RearLidarDriver -> ObjectCollisionEstimator
  hot path latency:         518.637ms [min=278.748ms, max=662.869ms, average=399.317ms, deviation=100.266ms]
  hot path drops:           1 [min=0, max=2, average=0.875, deviation=0.885061]
  behavior planner period:  67.506ms [min=67.506ms, max=110.423ms, average=96.026ms, deviation=12.1229ms]
----------------------------------------------------------

----------------------------------------------------------
sample path: (IntersectionOutput) 
  order timepoint           sequence nr.                  node name     dropped samples
latency

Statistics:
  latency:                  153.023ms [min=124.6ms, max=162.702ms, average=149.221ms, deviation=10.1124ms]
----------------------------------------------------------

----------------------------------------------------------
sample path: (VehicleDBWSystem) 
  order timepoint           sequence nr.                  node name     dropped samples
bp period
latency

Statistics:
  latency:                  652.696ms [min=633.432ms, max=902.31ms, average=724.935ms, deviation=64.8506ms]
  behavior planner period:  124.579ms [min=67.506ms, max=124.579ms, average=97.8106ms, deviation=13.7157ms]
----------------------------------------------------------

----------------------------------------------------------
sample path: (IntersectionOutput) 
  order timepoint           sequence nr.                  node name     dropped samples
latency

Statistics:
  latency:                  143.704ms [min=124.6ms, max=162.702ms, average=148.915ms, deviation=9.89626ms]
----------------------------------------------------------

----------------------------------------------------------
sample path: (IntersectionOutput) 
  order timepoint           sequence nr.                  node name     dropped samples
latency

Statistics:
  latency:                  143.372ms [min=124.6ms, max=162.702ms, average=148.623ms, deviation=9.70112ms]
----------------------------------------------------------

----------------------------------------------------------
sample path: (VehicleDBWSystem) 
  order timepoint           sequence nr.                  node name     dropped samples
bp period
latency

Statistics:
  latency:                  690.25ms [min=633.432ms, max=902.31ms, average=723.008ms, deviation=63.4433ms]
hotpath
  hot path:                 FrontLidarDriver/RearLidarDriver -> ObjectCollisionEstimator
  hot path latency:         297.611ms [min=278.748ms, max=662.869ms, average=393.334ms, deviation=100.167ms]
  hot path drops:           2 [min=0, max=2, average=0.941176, deviation=0.899346]
  behavior planner period:  96.2459ms [min=67.506ms, max=124.579ms, average=97.7185ms, deviation=13.2856ms]
----------------------------------------------------------

----------------------------------------------------------
sample path: (IntersectionOutput) 
  order timepoint           sequence nr.                  node name     dropped samples
latency

Statistics:
  latency:                  153.001ms [min=124.6ms, max=162.702ms, average=148.842ms, deviation=9.493ms]
----------------------------------------------------------

----------------------------------------------------------
sample path: (VehicleDBWSystem) 
  order timepoint           sequence nr.                  node name     dropped samples
bp period
latency

Statistics:
  latency:                  738.58ms [min=633.432ms, max=902.31ms, average=723.827ms, deviation=61.7592ms]
hotpath
  hot path:                 FrontLidarDriver/RearLidarDriver -> ObjectCollisionEstimator
  hot path latency:         489.915ms [min=278.748ms, max=662.869ms, average=398.7ms, deviation=99.8067ms]
  hot path drops:           0 [min=0, max=2, average=0.888889, deviation=0.900254]
  behavior planner period:  86.1624ms [min=67.506ms, max=124.579ms, average=97.0765ms, deviation=13.1736ms]
----------------------------------------------------------

----------------------------------------------------------
sample path: (IntersectionOutput) 
  order timepoint           sequence nr.                  node name     dropped samples
latency

Statistics:
  latency:                  162.502ms [min=124.6ms, max=162.702ms, average=149.492ms, deviation=9.72094ms]
----------------------------------------------------------

----------------------------------------------------------
sample path: (VehicleDBWSystem) 
  order timepoint           sequence nr.                  node name     dropped samples
bp period
latency

Statistics:
  latency:                  699.827ms [min=633.432ms, max=902.31ms, average=722.627ms, deviation=60.3511ms]
hotpath
  hot path:                 FrontLidarDriver/RearLidarDriver -> ObjectCollisionEstimator
  hot path latency:         288.108ms [min=278.748ms, max=662.869ms, average=392.879ms, deviation=100.258ms]
  hot path drops:           2 [min=0, max=2, average=0.947368, deviation=0.911268]
  behavior planner period:  105.601ms [min=67.506ms, max=124.579ms, average=97.5252ms, deviation=12.9509ms]
----------------------------------------------------------

----------------------------------------------------------
sample path: (IntersectionOutput) 
  order timepoint           sequence nr.                  node name     dropped samples
latency

Statistics:
  latency:                  152.983ms [min=124.6ms, max=162.702ms, average=149.651ms, deviation=9.51582ms]
----------------------------------------------------------

----------------------------------------------------------
sample path: (VehicleDBWSystem) 
  order timepoint           sequence nr.                  node name     dropped samples
bp period
latency

Statistics:
  latency:                  757.537ms [min=633.432ms, max=902.31ms, average=724.29ms, deviation=59.3142ms]
hotpath
  hot path:                 FrontLidarDriver/RearLidarDriver -> ObjectCollisionEstimator
  hot path latency:         364.863ms [min=278.748ms, max=662.869ms, average=391.479ms, deviation=97.7849ms]
  hot path drops:           0 [min=0, max=2, average=0.9, deviation=0.91191]
  behavior planner period:  81.5074ms [min=67.506ms, max=124.579ms, average=96.7243ms, deviation=13.1045ms]
----------------------------------------------------------

----------------------------------------------------------
sample path: (IntersectionOutput) 
  order timepoint           sequence nr.                  node name     dropped samples
latency

Statistics:
  latency:                  153.082ms [min=124.6ms, max=162.702ms, average=149.8ms, deviation=9.32452ms]
----------------------------------------------------------

----------------------------------------------------------
sample path: (VehicleDBWSystem) 
  order timepoint           sequence nr.                  node name     dropped samples
bp period
latency

Statistics:
  latency:                  671.141ms [min=633.432ms, max=902.31ms, average=721.874ms, deviation=58.9834ms]
hotpath
  hot path:                 FrontLidarDriver/RearLidarDriver -> ObjectCollisionEstimator
  hot path latency:         374.378ms [min=278.748ms, max=662.869ms, average=390.664ms, deviation=95.382ms]
  hot path drops:           0 [min=0, max=2, average=0.857143, deviation=0.910259]
  behavior planner period:  119.923ms [min=67.506ms, max=124.579ms, average=97.829ms, deviation=13.7393ms]
----------------------------------------------------------

----------------------------------------------------------
sample path: (IntersectionOutput) 
  order timepoint           sequence nr.                  node name     dropped samples
latency

Statistics:
  latency:                  152.931ms [min=124.6ms, max=162.702ms, average=149.931ms, deviation=9.14192ms]
----------------------------------------------------------

----------------------------------------------------------
sample path: (VehicleDBWSystem) 
  order timepoint           sequence nr.                  node name     dropped samples
bp period
latency

Statistics:
  latency:                  603.839ms [min=603.839ms, max=902.31ms, average=716.742ms, deviation=62.663ms]
  behavior planner period:  81.394ms [min=67.506ms, max=124.579ms, average=97.0819ms, deviation=13.8585ms]
----------------------------------------------------------

----------------------------------------------------------
sample path: (IntersectionOutput) 
  order timepoint           sequence nr.                  node name     dropped samples
latency

Statistics:
  latency:                  143.493ms [min=124.6ms, max=162.702ms, average=149.673ms, deviation=9.04157ms]
----------------------------------------------------------

----------------------------------------------------------
sample path: (IntersectionOutput) 
  order timepoint           sequence nr.                  node name     dropped samples
latency

Statistics:
  latency:                  152.748ms [min=124.6ms, max=162.702ms, average=149.791ms, deviation=8.87939ms]
----------------------------------------------------------

----------------------------------------------------------
sample path: (VehicleDBWSystem) 
  order timepoint           sequence nr.                  node name     dropped samples
bp period
latency

Statistics:
  latency:                  747.434ms [min=603.839ms, max=902.31ms, average=718.021ms, deviation=61.6051ms]
hotpath
  hot path:                 FrontLidarDriver/RearLidarDriver -> ObjectCollisionEstimator
  hot path latency:         364.698ms [min=278.748ms, max=662.869ms, average=389.484ms, deviation=93.2478ms]
  hot path drops:           0 [min=0, max=2, average=0.818182, deviation=0.906924]
  behavior planner period:  100.853ms [min=67.506ms, max=124.579ms, average=97.2459ms, deviation=13.5627ms]
----------------------------------------------------------

----------------------------------------------------------
sample path: (IntersectionOutput) 
  order timepoint           sequence nr.                  node name     dropped samples
latency

Statistics:
  latency:                  152.918ms [min=124.6ms, max=162.702ms, average=149.907ms, deviation=8.72772ms]
----------------------------------------------------------

----------------------------------------------------------
sample path: (VehicleDBWSystem) 
  order timepoint           sequence nr.                  node name     dropped samples
bp period
latency

Statistics:
  latency:                  910.388ms [min=603.839ms, max=910.388ms, average=725.716ms, deviation=71.5349ms]
hotpath
  hot path:                 FrontLidarDriver/RearLidarDriver -> ObjectCollisionEstimator
  hot path latency:         661.851ms [min=278.748ms, max=662.869ms, average=401.326ms, deviation=107.356ms]
  hot path drops:           0 [min=0, max=2, average=0.782609, deviation=0.902347]
  behavior planner period:  105.006ms [min=67.506ms, max=124.579ms, average=97.5693ms, deviation=13.3588ms]
----------------------------------------------------------

