----------------------------------------------------------
sample path: (IntersectionOutput) 
  order timepoint           sequence nr.                  node name     dropped samples
latency

Statistics:
  latency:                  36.0131ms [min=36.0131ms, max=36.0131ms, average=36.0131ms, deviation=-nanms]
----------------------------------------------------------

----------------------------------------------------------
sample path: (IntersectionOutput) 
  order timepoint           sequence nr.                  node name     dropped samples
latency

Statistics:
  latency:                  68.2823ms [min=36.0131ms, max=68.2823ms, average=52.1477ms, deviation=22.8178ms]
----------------------------------------------------------

----------------------------------------------------------
sample path: (IntersectionOutput) 
  order timepoint           sequence nr.                  node name     dropped samples
latency

Statistics:
  latency:                  37.0731ms [min=36.0131ms, max=68.2823ms, average=47.1228ms, deviation=18.3323ms]
----------------------------------------------------------

----------------------------------------------------------
sample path: (VehicleDBWSystem) 
  order timepoint           sequence nr.                  node name     dropped samples
latency

Statistics:
  latency:                  238.028ms [min=238.028ms, max=238.028ms, average=238.028ms, deviation=-nanms]
hotpath
  hot path:                 FrontLidarDriver/RearLidarDriver -> ObjectCollisionEstimator
  hot path latency:         46.8609ms [min=46.8609ms, max=46.8609ms, average=46.8609ms, deviation=-nanms]
  hot path drops:           0 [min=0, max=0, average=0, deviation=-nan]
  behavior planner period:  0ms [min=1.84467e+13ms, max=0ms, average=0ms, deviation=0ms]
----------------------------------------------------------

----------------------------------------------------------
sample path: (IntersectionOutput) 
  order timepoint           sequence nr.                  node name     dropped samples
latency

Statistics:
  latency:                  46.5864ms [min=36.0131ms, max=68.2823ms, average=46.9887ms, deviation=14.9707ms]
----------------------------------------------------------

----------------------------------------------------------
sample path: (IntersectionOutput) 
  order timepoint           sequence nr.                  node name     dropped samples
latency

Statistics:
  latency:                  53.9067ms [min=36.0131ms, max=68.2823ms, average=48.3723ms, deviation=13.329ms]
----------------------------------------------------------

----------------------------------------------------------
sample path: (VehicleDBWSystem) 
  order timepoint           sequence nr.                  node name     dropped samples
bp period
latency

Statistics:
  latency:                  269.349ms [min=238.028ms, max=269.349ms, average=253.689ms, deviation=22.1477ms]
hotpath
  hot path:                 FrontLidarDriver/RearLidarDriver -> ObjectCollisionEstimator
  hot path latency:         71.6624ms [min=46.8609ms, max=71.6624ms, average=59.2617ms, deviation=17.5373ms]
  hot path drops:           0 [min=0, max=0, average=0, deviation=0]
  behavior planner period:  99.9986ms [min=99.9986ms, max=99.9986ms, average=99.9986ms, deviation=-nanms]
----------------------------------------------------------

----------------------------------------------------------
sample path: (IntersectionOutput) 
  order timepoint           sequence nr.                  node name     dropped samples
latency

Statistics:
  latency:                  49.8461ms [min=36.0131ms, max=68.2823ms, average=48.6179ms, deviation=11.937ms]
----------------------------------------------------------

----------------------------------------------------------
sample path: (IntersectionOutput) 
  order timepoint           sequence nr.                  node name     dropped samples
latency

Statistics:
  latency:                  44.9456ms [min=36.0131ms, max=68.2823ms, average=48.0933ms, deviation=10.985ms]
----------------------------------------------------------

----------------------------------------------------------
sample path: (VehicleDBWSystem) 
  order timepoint           sequence nr.                  node name     dropped samples
bp period
latency

Statistics:
  latency:                  301.912ms [min=238.028ms, max=301.912ms, average=269.763ms, deviation=31.9438ms]
hotpath
  hot path:                 FrontLidarDriver/RearLidarDriver -> ObjectCollisionEstimator
  hot path latency:         59.2613ms [min=46.8609ms, max=71.6624ms, average=59.2616ms, deviation=12.4007ms]
  hot path drops:           0 [min=0, max=0, average=0, deviation=0]
  behavior planner period:  100.009ms [min=99.9986ms, max=100.009ms, average=100.004ms, deviation=0.00721249ms]
----------------------------------------------------------

----------------------------------------------------------
sample path: (IntersectionOutput) 
  order timepoint           sequence nr.                  node name     dropped samples
latency

Statistics:
  latency:                  58.7506ms [min=36.0131ms, max=68.2823ms, average=49.4255ms, deviation=10.8457ms]
----------------------------------------------------------

----------------------------------------------------------
sample path: (IntersectionOutput) 
  order timepoint           sequence nr.                  node name     dropped samples
latency

Statistics:
  latency:                  46.3885ms [min=36.0131ms, max=68.2823ms, average=49.0881ms, deviation=10.1956ms]
----------------------------------------------------------

----------------------------------------------------------
sample path: (VehicleDBWSystem) 
  order timepoint           sequence nr.                  node name     dropped samples
bp period
latency

Statistics:
  latency:                  301.144ms [min=238.028ms, max=301.912ms, average=277.608ms, deviation=30.4379ms]
hotpath
  hot path:                 FrontLidarDriver/RearLidarDriver -> ObjectCollisionEstimator
  hot path latency:         62.8807ms [min=46.8609ms, max=71.6624ms, average=60.1663ms, deviation=10.2856ms]
  hot path drops:           0 [min=0, max=0, average=0, deviation=0]
  behavior planner period:  99.9882ms [min=99.9882ms, max=100.009ms, average=99.9986ms, deviation=0.0103002ms]
----------------------------------------------------------

----------------------------------------------------------
sample path: (IntersectionOutput) 
  order timepoint           sequence nr.                  node name     dropped samples
latency

Statistics:
  latency:                  57.2051ms [min=36.0131ms, max=68.2823ms, average=49.8998ms, deviation=9.9493ms]
----------------------------------------------------------

----------------------------------------------------------
sample path: (IntersectionOutput) 
  order timepoint           sequence nr.                  node name     dropped samples
latency

Statistics:
  latency:                  46.3519ms [min=36.0131ms, max=68.2823ms, average=49.5772ms, deviation=9.49916ms]
----------------------------------------------------------

----------------------------------------------------------
sample path: (VehicleDBWSystem) 
  order timepoint           sequence nr.                  node name     dropped samples
bp period
latency

Statistics:
  latency:                  244.039ms [min=238.028ms, max=301.912ms, average=270.894ms, deviation=30.3353ms]
hotpath
  hot path:                 FrontLidarDriver/RearLidarDriver -> ObjectCollisionEstimator
  hot path latency:         64.2056ms [min=46.8609ms, max=71.6624ms, average=60.9742ms, deviation=9.0889ms]
  hot path drops:           0 [min=0, max=0, average=0, deviation=0]
  behavior planner period:  100.012ms [min=99.9882ms, max=100.012ms, average=100.002ms, deviation=0.0107112ms]
----------------------------------------------------------

----------------------------------------------------------
sample path: (IntersectionOutput) 
  order timepoint           sequence nr.                  node name     dropped samples
latency

Statistics:
  latency:                  49.3277ms [min=36.0131ms, max=68.2823ms, average=49.5564ms, deviation=9.05738ms]
----------------------------------------------------------

----------------------------------------------------------
sample path: (IntersectionOutput) 
  order timepoint           sequence nr.                  node name     dropped samples
latency

Statistics:
  latency:                  63.8017ms [min=36.0131ms, max=68.2823ms, average=50.6522ms, deviation=9.5294ms]
----------------------------------------------------------

----------------------------------------------------------
sample path: (VehicleDBWSystem) 
  order timepoint           sequence nr.                  node name     dropped samples
bp period
latency

Statistics:
  latency:                  363.71ms [min=238.028ms, max=363.71ms, average=286.364ms, deviation=46.6046ms]
hotpath
  hot path:                 FrontLidarDriver/RearLidarDriver -> ObjectCollisionEstimator
  hot path latency:         69.6013ms [min=46.8609ms, max=71.6624ms, average=62.412ms, deviation=8.85952ms]
  hot path drops:           0 [min=0, max=0, average=0, deviation=0]
  behavior planner period:  99.9942ms [min=99.9882ms, max=100.012ms, average=100ms, deviation=0.00988696ms]
----------------------------------------------------------

----------------------------------------------------------
sample path: (IntersectionOutput) 
  order timepoint           sequence nr.                  node name     dropped samples
latency

Statistics:
  latency:                  58.9513ms [min=36.0131ms, max=68.2823ms, average=51.245ms, deviation=9.42039ms]
----------------------------------------------------------

----------------------------------------------------------
sample path: (VehicleDBWSystem) 
  order timepoint           sequence nr.                  node name     dropped samples
bp period
latency

Statistics:
  latency:                  274.615ms [min=238.028ms, max=363.71ms, average=284.685ms, deviation=42.7751ms]
hotpath
  hot path:                 FrontLidarDriver/RearLidarDriver -> ObjectCollisionEstimator
  hot path latency:         64.6633ms [min=46.8609ms, max=71.6624ms, average=62.7336ms, deviation=8.13223ms]
  hot path drops:           0 [min=0, max=0, average=0, deviation=0]
  behavior planner period:  100.005ms [min=99.9882ms, max=100.012ms, average=100.001ms, deviation=0.009083ms]
----------------------------------------------------------

----------------------------------------------------------
sample path: (IntersectionOutput) 
  order timepoint           sequence nr.                  node name     dropped samples
latency

Statistics:
  latency:                  76.8158ms [min=36.0131ms, max=76.8158ms, average=52.9497ms, deviation=11.2248ms]
----------------------------------------------------------

----------------------------------------------------------
sample path: (IntersectionOutput) 
  order timepoint           sequence nr.                  node name     dropped samples
latency

Statistics:
  latency:                  46.488ms [min=36.0131ms, max=76.8158ms, average=52.5459ms, deviation=10.9638ms]
----------------------------------------------------------

----------------------------------------------------------
sample path: (VehicleDBWSystem) 
  order timepoint           sequence nr.                  node name     dropped samples
bp period
latency

Statistics:
  latency:                  313.895ms [min=238.028ms, max=363.71ms, average=288.337ms, deviation=40.9265ms]
hotpath
  hot path:                 FrontLidarDriver/RearLidarDriver -> ObjectCollisionEstimator
  hot path latency:         59.871ms [min=46.8609ms, max=71.6624ms, average=62.3758ms, deviation=7.5967ms]
  hot path drops:           0 [min=0, max=0, average=0, deviation=0]
  behavior planner period:  100.004ms [min=99.9882ms, max=100.012ms, average=100.002ms, deviation=0.00835114ms]
----------------------------------------------------------

----------------------------------------------------------
sample path: (IntersectionOutput) 
  order timepoint           sequence nr.                  node name     dropped samples
latency

Statistics:
  latency:                  77.0535ms [min=36.0131ms, max=77.0535ms, average=53.9875ms, deviation=12.1665ms]
----------------------------------------------------------

----------------------------------------------------------
sample path: (VehicleDBWSystem) 
  order timepoint           sequence nr.                  node name     dropped samples
bp period
latency

Statistics:
  latency:                  297.349ms [min=238.028ms, max=363.71ms, average=289.338ms, deviation=38.4009ms]
hotpath
  hot path:                 FrontLidarDriver/RearLidarDriver -> ObjectCollisionEstimator
  hot path latency:         63.9995ms [min=46.8609ms, max=71.6624ms, average=62.5562ms, deviation=7.12665ms]
  hot path drops:           0 [min=0, max=0, average=0, deviation=0]
  behavior planner period:  99.9886ms [min=99.9882ms, max=100.012ms, average=100ms, deviation=0.0089843ms]
----------------------------------------------------------

----------------------------------------------------------
sample path: (IntersectionOutput) 
  order timepoint           sequence nr.                  node name     dropped samples
latency

Statistics:
  latency:                  37.5472ms [min=36.0131ms, max=77.0535ms, average=53.0741ms, deviation=12.423ms]
----------------------------------------------------------

----------------------------------------------------------
sample path: (IntersectionOutput) 
  order timepoint           sequence nr.                  node name     dropped samples
latency

Statistics:
  latency:                  76.2377ms [min=36.0131ms, max=77.0535ms, average=54.2933ms, deviation=13.1908ms]
----------------------------------------------------------

----------------------------------------------------------
sample path: (VehicleDBWSystem) 
  order timepoint           sequence nr.                  node name     dropped samples
bp period
latency

Statistics:
  latency:                  317.226ms [min=238.028ms, max=363.71ms, average=292.127ms, deviation=37.2634ms]
hotpath
  hot path:                 FrontLidarDriver/RearLidarDriver -> ObjectCollisionEstimator
  hot path latency:         87.7201ms [min=46.8609ms, max=87.7201ms, average=65.0726ms, deviation=10.4148ms]
  hot path drops:           0 [min=0, max=0, average=0, deviation=0]
  behavior planner period:  100.009ms [min=99.9882ms, max=100.012ms, average=100.001ms, deviation=0.0089319ms]
----------------------------------------------------------

----------------------------------------------------------
sample path: (IntersectionOutput) 
  order timepoint           sequence nr.                  node name     dropped samples
latency

Statistics:
  latency:                  48.1937ms [min=36.0131ms, max=77.0535ms, average=53.9883ms, deviation=12.9112ms]
----------------------------------------------------------

----------------------------------------------------------
sample path: (IntersectionOutput) 
  order timepoint           sequence nr.                  node name     dropped samples
latency

Statistics:
  latency:                  76.3896ms [min=36.0131ms, max=77.0535ms, average=55.055ms, deviation=13.5004ms]
----------------------------------------------------------

----------------------------------------------------------
sample path: (VehicleDBWSystem) 
  order timepoint           sequence nr.                  node name     dropped samples
bp period
latency

Statistics:
  latency:                  346.878ms [min=238.028ms, max=363.71ms, average=297.104ms, deviation=39.0156ms]
hotpath
  hot path:                 FrontLidarDriver/RearLidarDriver -> ObjectCollisionEstimator
  hot path latency:         106.162ms [min=46.8609ms, max=106.162ms, average=68.808ms, deviation=15.8463ms]
  hot path drops:           0 [min=0, max=0, average=0, deviation=0]
  behavior planner period:  99.9968ms [min=99.9882ms, max=100.012ms, average=100.001ms, deviation=0.00852191ms]
----------------------------------------------------------

----------------------------------------------------------
sample path: (IntersectionOutput) 
  order timepoint           sequence nr.                  node name     dropped samples
latency

Statistics:
  latency:                  60.7976ms [min=36.0131ms, max=77.0535ms, average=55.316ms, deviation=13.2318ms]
----------------------------------------------------------

----------------------------------------------------------
sample path: (VehicleDBWSystem) 
  order timepoint           sequence nr.                  node name     dropped samples
bp period
latency

Statistics:
  latency:                  293.173ms [min=238.028ms, max=363.71ms, average=296.777ms, deviation=37.2172ms]
hotpath
  hot path:                 FrontLidarDriver/RearLidarDriver -> ObjectCollisionEstimator
  hot path latency:         102.97ms [min=46.8609ms, max=106.162ms, average=71.6549ms, deviation=18.0425ms]
  hot path drops:           0 [min=0, max=0, average=0, deviation=0]
  behavior planner period:  99.9976ms [min=99.9882ms, max=100.012ms, average=100ms, deviation=0.00813216ms]
----------------------------------------------------------

----------------------------------------------------------
sample path: (IntersectionOutput) 
  order timepoint           sequence nr.                  node name     dropped samples
latency

Statistics:
  latency:                  76.5769ms [min=36.0131ms, max=77.0535ms, average=56.2404ms, deviation=13.6666ms]
----------------------------------------------------------

----------------------------------------------------------
sample path: (IntersectionOutput) 
  order timepoint           sequence nr.                  node name     dropped samples
latency

Statistics:
  latency:                  55.803ms [min=36.0131ms, max=77.0535ms, average=56.2222ms, deviation=13.3665ms]
----------------------------------------------------------

----------------------------------------------------------
sample path: (VehicleDBWSystem) 
  order timepoint           sequence nr.                  node name     dropped samples
bp period
latency

Statistics:
  latency:                  337.337ms [min=238.028ms, max=363.71ms, average=299.897ms, deviation=37.3663ms]
hotpath
  hot path:                 FrontLidarDriver/RearLidarDriver -> ObjectCollisionEstimator
  hot path latency:         89.0338ms [min=46.8609ms, max=106.162ms, average=72.9917ms, deviation=17.9343ms]
  hot path drops:           0 [min=0, max=0, average=0, deviation=0]
  behavior planner period:  100.008ms [min=99.9882ms, max=100.012ms, average=100.001ms, deviation=0.00808637ms]
----------------------------------------------------------

----------------------------------------------------------
sample path: (IntersectionOutput) 
  order timepoint           sequence nr.                  node name     dropped samples
latency

Statistics:
  latency:                  76.1915ms [min=36.0131ms, max=77.0535ms, average=57.021ms, deviation=13.681ms]
----------------------------------------------------------

----------------------------------------------------------
sample path: (VehicleDBWSystem) 
  order timepoint           sequence nr.                  node name     dropped samples
bp period
latency

Statistics:
  latency:                  333.97ms [min=238.028ms, max=363.71ms, average=302.33ms, deviation=37.0374ms]
hotpath
  hot path:                 FrontLidarDriver/RearLidarDriver -> ObjectCollisionEstimator
  hot path latency:         68.7483ms [min=46.8609ms, max=106.162ms, average=72.6886ms, deviation=17.268ms]
  hot path drops:           0 [min=0, max=0, average=0, deviation=0]
  behavior planner period:  100.005ms [min=99.9882ms, max=100.012ms, average=100.001ms, deviation=0.00782077ms]
----------------------------------------------------------

----------------------------------------------------------
sample path: (IntersectionOutput) 
  order timepoint           sequence nr.                  node name     dropped samples
latency

Statistics:
  latency:                  63.9035ms [min=36.0131ms, max=77.0535ms, average=57.2857ms, deviation=13.4724ms]
----------------------------------------------------------

----------------------------------------------------------
sample path: (IntersectionOutput) 
  order timepoint           sequence nr.                  node name     dropped samples
latency

Statistics:
  latency:                  63.014ms [min=36.0131ms, max=77.0535ms, average=57.4978ms, deviation=13.2567ms]
----------------------------------------------------------

----------------------------------------------------------
sample path: (VehicleDBWSystem) 
  order timepoint           sequence nr.                  node name     dropped samples
bp period
latency

Statistics:
  latency:                  322.451ms [min=238.028ms, max=363.71ms, average=303.672ms, deviation=36.0662ms]
hotpath
  hot path:                 FrontLidarDriver/RearLidarDriver -> ObjectCollisionEstimator
  hot path latency:         107.03ms [min=46.8609ms, max=107.03ms, average=74.978ms, deviation=18.8548ms]
  hot path drops:           0 [min=0, max=0, average=0, deviation=0]
  behavior planner period:  100.002ms [min=99.9882ms, max=100.012ms, average=100.001ms, deviation=0.00751686ms]
----------------------------------------------------------

----------------------------------------------------------
sample path: (IntersectionOutput) 
  order timepoint           sequence nr.                  node name     dropped samples
latency

Statistics:
  latency:                  90.6038ms [min=36.0131ms, max=90.6038ms, average=58.6802ms, deviation=14.4351ms]
----------------------------------------------------------

----------------------------------------------------------
sample path: (VehicleDBWSystem) 
  order timepoint           sequence nr.                  node name     dropped samples
bp period
latency

Statistics:
  latency:                  375.142ms [min=238.028ms, max=375.142ms, average=308.139ms, deviation=39.1574ms]
hotpath
  hot path:                 FrontLidarDriver/RearLidarDriver -> ObjectCollisionEstimator
  hot path latency:         109.584ms [min=46.8609ms, max=109.584ms, average=77.1409ms, deviation=20.1656ms]
  hot path drops:           0 [min=0, max=0, average=0, deviation=0]
  behavior planner period:  99.9957ms [min=99.9882ms, max=100.012ms, average=100.001ms, deviation=0.00738505ms]
----------------------------------------------------------

----------------------------------------------------------
sample path: (IntersectionOutput) 
  order timepoint           sequence nr.                  node name     dropped samples
latency

Statistics:
  latency:                  80.4335ms [min=36.0131ms, max=90.6038ms, average=59.4303ms, deviation=14.7394ms]
----------------------------------------------------------

----------------------------------------------------------
sample path: (VehicleDBWSystem) 
  order timepoint           sequence nr.                  node name     dropped samples
bp period
latency

Statistics:
  latency:                  393.95ms [min=238.028ms, max=393.95ms, average=313.186ms, deviation=43.2507ms]
  behavior planner period:  99.9918ms [min=99.9882ms, max=100.012ms, average=100ms, deviation=0.00748871ms]
----------------------------------------------------------

----------------------------------------------------------
sample path: (IntersectionOutput) 
  order timepoint           sequence nr.                  node name     dropped samples
latency

Statistics:
  latency:                  87.0184ms [min=36.0131ms, max=90.6038ms, average=60.3499ms, deviation=15.3339ms]
----------------------------------------------------------

----------------------------------------------------------
sample path: (VehicleDBWSystem) 
  order timepoint           sequence nr.                  node name     dropped samples
bp period
latency

Statistics:
  latency:                  267.295ms [min=238.028ms, max=393.95ms, average=310.637ms, deviation=43.3311ms]
hotpath
  hot path:                 FrontLidarDriver/RearLidarDriver -> ObjectCollisionEstimator
  hot path latency:         108.012ms [min=46.8609ms, max=109.584ms, average=78.9568ms, deviation=20.9116ms]
  hot path drops:           0 [min=0, max=0, average=0, deviation=0]
  behavior planner period:  100.013ms [min=99.9882ms, max=100.013ms, average=100.001ms, deviation=0.0078844ms]
----------------------------------------------------------

----------------------------------------------------------
sample path: (IntersectionOutput) 
  order timepoint           sequence nr.                  node name     dropped samples
latency

Statistics:
  latency:                  73.2331ms [min=36.0131ms, max=90.6038ms, average=60.7655ms, deviation=15.2527ms]
----------------------------------------------------------

----------------------------------------------------------
sample path: (IntersectionOutput) 
  order timepoint           sequence nr.                  node name     dropped samples
latency

Statistics:
  latency:                  68.4902ms [min=36.0131ms, max=90.6038ms, average=61.0069ms, deviation=15.0667ms]
----------------------------------------------------------

----------------------------------------------------------
sample path: (VehicleDBWSystem) 
  order timepoint           sequence nr.                  node name     dropped samples
bp period
latency

Statistics:
  latency:                  355.545ms [min=238.028ms, max=393.95ms, average=313ms, deviation=43.3523ms]
hotpath
  hot path:                 FrontLidarDriver/RearLidarDriver -> ObjectCollisionEstimator
  hot path latency:         84.649ms [min=46.8609ms, max=109.584ms, average=79.273ms, deviation=20.3316ms]
  hot path drops:           0 [min=0, max=0, average=0, deviation=0]
  behavior planner period:  100ms [min=99.9882ms, max=100.013ms, average=100.001ms, deviation=0.00765122ms]
----------------------------------------------------------

----------------------------------------------------------
sample path: (IntersectionOutput) 
  order timepoint           sequence nr.                  node name     dropped samples
latency

Statistics:
  latency:                  76.7923ms [min=36.0131ms, max=90.6038ms, average=61.4852ms, deviation=15.0818ms]
----------------------------------------------------------

----------------------------------------------------------
sample path: (VehicleDBWSystem) 
  order timepoint           sequence nr.                  node name     dropped samples
bp period
latency

Statistics:
  latency:                  324.37ms [min=238.028ms, max=393.95ms, average=313.569ms, deviation=42.2726ms]
hotpath
  hot path:                 FrontLidarDriver/RearLidarDriver -> ObjectCollisionEstimator
  hot path latency:         88.0897ms [min=46.8609ms, max=109.584ms, average=79.7371ms, deviation=19.862ms]
  hot path drops:           0 [min=0, max=0, average=0, deviation=0]
  behavior planner period:  99.9999ms [min=99.9882ms, max=100.013ms, average=100.001ms, deviation=0.00744025ms]
----------------------------------------------------------

----------------------------------------------------------
sample path: (IntersectionOutput) 
  order timepoint           sequence nr.                  node name     dropped samples
latency

Statistics:
  latency:                  66.4153ms [min=36.0131ms, max=90.6038ms, average=61.6303ms, deviation=14.8756ms]
----------------------------------------------------------

----------------------------------------------------------
sample path: (IntersectionOutput) 
  order timepoint           sequence nr.                  node name     dropped samples
latency

Statistics:
  latency:                  57.014ms [min=36.0131ms, max=90.6038ms, average=61.4984ms, deviation=14.676ms]
----------------------------------------------------------

----------------------------------------------------------
sample path: (VehicleDBWSystem) 
  order timepoint           sequence nr.                  node name     dropped samples
bp period
latency

Statistics:
  latency:                  346.789ms [min=238.028ms, max=393.95ms, average=315.151ms, deviation=41.8351ms]
hotpath
  hot path:                 FrontLidarDriver/RearLidarDriver -> ObjectCollisionEstimator
  hot path latency:         106.606ms [min=46.8609ms, max=109.584ms, average=81.0805ms, deviation=20.2443ms]
  hot path drops:           0 [min=0, max=0, average=0, deviation=0]
  behavior planner period:  100.001ms [min=99.9882ms, max=100.013ms, average=100.001ms, deviation=0.00724208ms]
----------------------------------------------------------

----------------------------------------------------------
sample path: (IntersectionOutput) 
  order timepoint           sequence nr.                  node name     dropped samples
latency

Statistics:
  latency:                  88.7416ms [min=36.0131ms, max=90.6038ms, average=62.2551ms, deviation=15.1607ms]
----------------------------------------------------------

----------------------------------------------------------
sample path: (VehicleDBWSystem) 
  order timepoint           sequence nr.                  node name     dropped samples
bp period
latency

Statistics:
  latency:                  395.269ms [min=238.028ms, max=395.269ms, average=318.793ms, deviation=44.2561ms]
hotpath
  hot path:                 FrontLidarDriver/RearLidarDriver -> ObjectCollisionEstimator
  hot path latency:         107.149ms [min=46.8609ms, max=109.584ms, average=82.3219ms, deviation=20.5354ms]
  hot path drops:           0 [min=0, max=0, average=0, deviation=0]
  behavior planner period:  99.9972ms [min=99.9882ms, max=100.013ms, average=100.001ms, deviation=0.0071064ms]
----------------------------------------------------------

----------------------------------------------------------
sample path: (IntersectionOutput) 
  order timepoint           sequence nr.                  node name     dropped samples
latency

Statistics:
  latency:                  78.2303ms [min=36.0131ms, max=90.6038ms, average=62.6869ms, deviation=15.1776ms]
----------------------------------------------------------

----------------------------------------------------------
sample path: (VehicleDBWSystem) 
  order timepoint           sequence nr.                  node name     dropped samples
bp period
latency

Statistics:
  latency:                  290.601ms [min=238.028ms, max=395.269ms, average=317.567ms, deviation=43.6363ms]
  behavior planner period:  100.002ms [min=99.9882ms, max=100.013ms, average=100.001ms, deviation=0.00693849ms]
----------------------------------------------------------

----------------------------------------------------------
sample path: (IntersectionOutput) 
  order timepoint           sequence nr.                  node name     dropped samples
latency

Statistics:
  latency:                  86.0789ms [min=36.0131ms, max=90.6038ms, average=63.3025ms, deviation=15.4445ms]
----------------------------------------------------------

----------------------------------------------------------
sample path: (VehicleDBWSystem) 
  order timepoint           sequence nr.                  node name     dropped samples
bp period
latency

Statistics:
  latency:                  265.271ms [min=238.028ms, max=395.269ms, average=315.388ms, deviation=43.992ms]
hotpath
  hot path:                 FrontLidarDriver/RearLidarDriver -> ObjectCollisionEstimator
  hot path latency:         100.688ms [min=46.8609ms, max=109.584ms, average=83.1567ms, deviation=20.4194ms]
  hot path drops:           0 [min=0, max=0, average=0, deviation=0]
  behavior planner period:  100ms [min=99.9882ms, max=100.013ms, average=100.001ms, deviation=0.00677988ms]
----------------------------------------------------------

----------------------------------------------------------
sample path: (IntersectionOutput) 
  order timepoint           sequence nr.                  node name     dropped samples
latency

Statistics:
  latency:                  74.5243ms [min=36.0131ms, max=90.6038ms, average=63.5902ms, deviation=15.3455ms]
----------------------------------------------------------

----------------------------------------------------------
sample path: (IntersectionOutput) 
  order timepoint           sequence nr.                  node name     dropped samples
latency

Statistics:
  latency:                  66.1088ms [min=36.0131ms, max=90.6038ms, average=63.6532ms, deviation=15.1527ms]
----------------------------------------------------------

----------------------------------------------------------
sample path: (VehicleDBWSystem) 
  order timepoint           sequence nr.                  node name     dropped samples
bp period
latency

Statistics:
  latency:                  351.279ms [min=238.028ms, max=395.269ms, average=316.824ms, deviation=43.6599ms]
hotpath
  hot path:                 FrontLidarDriver/RearLidarDriver -> ObjectCollisionEstimator
  hot path latency:         78.8985ms [min=46.8609ms, max=109.584ms, average=82.9716ms, deviation=19.9697ms]
  hot path drops:           0 [min=0, max=0, average=0, deviation=0]
  behavior planner period:  100.005ms [min=99.9882ms, max=100.013ms, average=100.001ms, deviation=0.00668069ms]
----------------------------------------------------------

----------------------------------------------------------
sample path: (IntersectionOutput) 
  order timepoint           sequence nr.                  node name     dropped samples
latency

Statistics:
  latency:                  75.5708ms [min=36.0131ms, max=90.6038ms, average=63.9438ms, deviation=15.0774ms]
----------------------------------------------------------

----------------------------------------------------------
sample path: (VehicleDBWSystem) 
  order timepoint           sequence nr.                  node name     dropped samples
bp period
latency

Statistics:
  latency:                  311.9ms [min=238.028ms, max=395.269ms, average=316.634ms, deviation=42.7886ms]
hotpath
  hot path:                 FrontLidarDriver/RearLidarDriver -> ObjectCollisionEstimator
  hot path latency:         86.0442ms [min=46.8609ms, max=109.584ms, average=83.0996ms, deviation=19.5408ms]
  hot path drops:           0 [min=0, max=0, average=0, deviation=0]
  behavior planner period:  99.9912ms [min=99.9882ms, max=100.013ms, average=100.001ms, deviation=0.00682604ms]
----------------------------------------------------------

----------------------------------------------------------
sample path: (IntersectionOutput) 
  order timepoint           sequence nr.                  node name     dropped samples
latency

Statistics:
  latency:                  57.7912ms [min=36.0131ms, max=90.6038ms, average=63.7973ms, deviation=14.9227ms]
----------------------------------------------------------

----------------------------------------------------------
sample path: (IntersectionOutput) 
  order timepoint           sequence nr.                  node name     dropped samples
latency

Statistics:
  latency:                  65.8301ms [min=36.0131ms, max=90.6038ms, average=63.8446ms, deviation=14.7472ms]
----------------------------------------------------------

----------------------------------------------------------
sample path: (VehicleDBWSystem) 
  order timepoint           sequence nr.                  node name     dropped samples
bp period
latency

Statistics:
  latency:                  333.183ms [min=238.028ms, max=395.269ms, average=317.247ms, deviation=42.0784ms]
hotpath
  hot path:                 FrontLidarDriver/RearLidarDriver -> ObjectCollisionEstimator
  hot path latency:         108.018ms [min=46.8609ms, max=109.584ms, average=84.0963ms, deviation=19.7679ms]
  hot path drops:           0 [min=0, max=0, average=0, deviation=0]
  behavior planner period:  100.005ms [min=99.9882ms, max=100.013ms, average=100.001ms, deviation=0.00673429ms]
----------------------------------------------------------

----------------------------------------------------------
sample path: (IntersectionOutput) 
  order timepoint           sequence nr.                  node name     dropped samples
latency

Statistics:
  latency:                  105.413ms [min=36.0131ms, max=105.413ms, average=64.7893ms, deviation=15.8648ms]
----------------------------------------------------------

----------------------------------------------------------
sample path: (VehicleDBWSystem) 
  order timepoint           sequence nr.                  node name     dropped samples
bp period
latency

Statistics:
  latency:                  337.971ms [min=238.028ms, max=395.269ms, average=317.987ms, deviation=41.4772ms]
hotpath
  hot path:                 FrontLidarDriver/RearLidarDriver -> ObjectCollisionEstimator
  hot path latency:         97.7581ms [min=46.8609ms, max=109.584ms, average=84.6218ms, deviation=19.553ms]
  hot path drops:           0 [min=0, max=0, average=0, deviation=0]
  behavior planner period:  100.003ms [min=99.9882ms, max=100.013ms, average=100.001ms, deviation=0.00662047ms]
----------------------------------------------------------

----------------------------------------------------------
sample path: (IntersectionOutput) 
  order timepoint           sequence nr.                  node name     dropped samples
latency

Statistics:
  latency:                  51.0054ms [min=36.0131ms, max=105.413ms, average=64.483ms, deviation=15.8176ms]
----------------------------------------------------------

----------------------------------------------------------
sample path: (IntersectionOutput) 
  order timepoint           sequence nr.                  node name     dropped samples
latency

Statistics:
  latency:                  73.435ms [min=36.0131ms, max=105.413ms, average=64.6776ms, deviation=15.6964ms]
----------------------------------------------------------

----------------------------------------------------------
sample path: (VehicleDBWSystem) 
  order timepoint           sequence nr.                  node name     dropped samples
bp period
latency

Statistics:
  latency:                  384.231ms [min=238.028ms, max=395.269ms, average=320.272ms, deviation=42.5468ms]
  behavior planner period:  100ms [min=99.9882ms, max=100.013ms, average=100.001ms, deviation=0.00649723ms]
----------------------------------------------------------

----------------------------------------------------------
sample path: (IntersectionOutput) 
  order timepoint           sequence nr.                  node name     dropped samples
latency

Statistics:
  latency:                  67.5503ms [min=36.0131ms, max=105.413ms, average=64.7388ms, deviation=15.5305ms]
----------------------------------------------------------

----------------------------------------------------------
sample path: (VehicleDBWSystem) 
  order timepoint           sequence nr.                  node name     dropped samples
bp period
latency

Statistics:
  latency:                  294.566ms [min=238.028ms, max=395.269ms, average=319.415ms, deviation=42.0694ms]
hotpath
  hot path:                 FrontLidarDriver/RearLidarDriver -> ObjectCollisionEstimator
  hot path latency:         60.5215ms [min=46.8609ms, max=109.584ms, average=83.7292ms, deviation=19.7263ms]
  hot path drops:           0 [min=0, max=0, average=0, deviation=0]
  behavior planner period:  99.9915ms [min=99.9882ms, max=100.013ms, average=100.001ms, deviation=0.00661048ms]
----------------------------------------------------------

----------------------------------------------------------
sample path: (IntersectionOutput) 
  order timepoint           sequence nr.                  node name     dropped samples
latency

Statistics:
  latency:                  83.2104ms [min=36.0131ms, max=105.413ms, average=65.1236ms, deviation=15.594ms]
----------------------------------------------------------

----------------------------------------------------------
sample path: (VehicleDBWSystem) 
  order timepoint           sequence nr.                  node name     dropped samples
bp period
latency

Statistics:
  latency:                  250.718ms [min=238.028ms, max=395.269ms, average=317.199ms, deviation=43.1634ms]
hotpath
  hot path:                 FrontLidarDriver/RearLidarDriver -> ObjectCollisionEstimator
  hot path latency:         64.1812ms [min=46.8609ms, max=109.584ms, average=83.0311ms, deviation=19.7069ms]
  hot path drops:           0 [min=0, max=0, average=0, deviation=0]
  behavior planner period:  99.998ms [min=99.9882ms, max=100.013ms, average=100ms, deviation=0.00651145ms]
----------------------------------------------------------

----------------------------------------------------------
sample path: (IntersectionOutput) 
  order timepoint           sequence nr.                  node name     dropped samples
latency

Statistics:
  latency:                  55.9613ms [min=36.0131ms, max=105.413ms, average=64.9366ms, deviation=15.4861ms]
----------------------------------------------------------

----------------------------------------------------------
sample path: (IntersectionOutput) 
  order timepoint           sequence nr.                  node name     dropped samples
latency

Statistics:
  latency:                  67.1534ms [min=36.0131ms, max=105.413ms, average=64.9809ms, deviation=15.3305ms]
----------------------------------------------------------

----------------------------------------------------------
sample path: (VehicleDBWSystem) 
  order timepoint           sequence nr.                  node name     dropped samples
bp period
latency

Statistics:
  latency:                  302.125ms [min=238.028ms, max=395.269ms, average=316.728ms, deviation=42.545ms]
hotpath
  hot path:                 FrontLidarDriver/RearLidarDriver -> ObjectCollisionEstimator
  hot path latency:         86.3953ms [min=46.8609ms, max=109.584ms, average=83.1471ms, deviation=19.3619ms]
  hot path drops:           0 [min=0, max=0, average=0, deviation=0]
  behavior planner period:  100ms [min=99.9882ms, max=100.013ms, average=100ms, deviation=0.00640243ms]
----------------------------------------------------------

----------------------------------------------------------
sample path: (IntersectionOutput) 
  order timepoint           sequence nr.                  node name     dropped samples
latency

Statistics:
  latency:                  73.8854ms [min=36.0131ms, max=105.413ms, average=65.1555ms, deviation=15.2276ms]
----------------------------------------------------------

----------------------------------------------------------
sample path: (IntersectionOutput) 
  order timepoint           sequence nr.                  node name     dropped samples
latency

Statistics:
  latency:                  45.5809ms [min=36.0131ms, max=105.413ms, average=64.7791ms, deviation=15.3199ms]
----------------------------------------------------------

----------------------------------------------------------
sample path: (VehicleDBWSystem) 
  order timepoint           sequence nr.                  node name     dropped samples
bp period
latency

Statistics:
  latency:                  337.06ms [min=238.028ms, max=395.269ms, average=317.344ms, deviation=42.0243ms]
hotpath
  hot path:                 FrontLidarDriver/RearLidarDriver -> ObjectCollisionEstimator
  hot path latency:         80.2867ms [min=46.8609ms, max=109.584ms, average=83.0517ms, deviation=19.0323ms]
  hot path drops:           0 [min=0, max=0, average=0, deviation=0]
  behavior planner period:  100.012ms [min=99.9882ms, max=100.013ms, average=100.001ms, deviation=0.00659703ms]
----------------------------------------------------------

----------------------------------------------------------
sample path: (IntersectionOutput) 
  order timepoint           sequence nr.                  node name     dropped samples
latency

Statistics:
  latency:                  74.3195ms [min=36.0131ms, max=105.413ms, average=64.9591ms, deviation=15.2284ms]
----------------------------------------------------------

----------------------------------------------------------
sample path: (VehicleDBWSystem) 
  order timepoint           sequence nr.                  node name     dropped samples
bp period
latency

Statistics:
  latency:                  316.969ms [min=238.028ms, max=395.269ms, average=317.333ms, deviation=41.3827ms]
hotpath
  hot path:                 FrontLidarDriver/RearLidarDriver -> ObjectCollisionEstimator
  hot path latency:         87.3867ms [min=46.8609ms, max=109.584ms, average=83.1916ms, deviation=18.7286ms]
  hot path drops:           0 [min=0, max=0, average=0, deviation=0]
  behavior planner period:  99.9961ms [min=99.9882ms, max=100.013ms, average=100.001ms, deviation=0.00654328ms]
----------------------------------------------------------

----------------------------------------------------------
sample path: (IntersectionOutput) 
  order timepoint           sequence nr.                  node name     dropped samples
latency

Statistics:
  latency:                  55.5722ms [min=36.0131ms, max=105.413ms, average=64.7853ms, deviation=15.138ms]
----------------------------------------------------------

----------------------------------------------------------
sample path: (IntersectionOutput) 
  order timepoint           sequence nr.                  node name     dropped samples
latency

Statistics:
  latency:                  64.421ms [min=36.0131ms, max=105.413ms, average=64.7787ms, deviation=14.9973ms]
----------------------------------------------------------

----------------------------------------------------------
sample path: (VehicleDBWSystem) 
  order timepoint           sequence nr.                  node name     dropped samples
bp period
latency

Statistics:
  latency:                  341.994ms [min=238.028ms, max=395.269ms, average=318.037ms, deviation=40.9822ms]
hotpath
  hot path:                 FrontLidarDriver/RearLidarDriver -> ObjectCollisionEstimator
  hot path latency:         77.0845ms [min=46.8609ms, max=109.584ms, average=83.0007ms, deviation=18.4556ms]
  hot path drops:           0 [min=0, max=0, average=0, deviation=0]
  behavior planner period:  100ms [min=99.9882ms, max=100.013ms, average=100.001ms, deviation=0.00644421ms]
----------------------------------------------------------

----------------------------------------------------------
sample path: (IntersectionOutput) 
  order timepoint           sequence nr.                  node name     dropped samples
latency

Statistics:
  latency:                  75.8577ms [min=36.0131ms, max=105.413ms, average=64.9765ms, deviation=14.9339ms]
----------------------------------------------------------

----------------------------------------------------------
sample path: (VehicleDBWSystem) 
  order timepoint           sequence nr.                  node name     dropped samples
bp period
latency

Statistics:
  latency:                  276.093ms [min=238.028ms, max=395.269ms, average=316.872ms, deviation=40.9929ms]
hotpath
  hot path:                 FrontLidarDriver/RearLidarDriver -> ObjectCollisionEstimator
  hot path latency:         64.8605ms [min=46.8609ms, max=109.584ms, average=82.451ms, deviation=18.4374ms]
  hot path drops:           0 [min=0, max=0, average=0, deviation=0]
  behavior planner period:  100.007ms [min=99.9882ms, max=100.013ms, average=100.001ms, deviation=0.00645236ms]
----------------------------------------------------------

----------------------------------------------------------
sample path: (IntersectionOutput) 
  order timepoint           sequence nr.                  node name     dropped samples
latency

Statistics:
  latency:                  79.9467ms [min=36.0131ms, max=105.413ms, average=65.2391ms, deviation=14.9322ms]
----------------------------------------------------------

----------------------------------------------------------
sample path: (IntersectionOutput) 
  order timepoint           sequence nr.                  node name     dropped samples
latency

Statistics:
  latency:                  54.4946ms [min=36.0131ms, max=105.413ms, average=65.0539ms, deviation=14.8677ms]
----------------------------------------------------------

----------------------------------------------------------
sample path: (VehicleDBWSystem) 
  order timepoint           sequence nr.                  node name     dropped samples
bp period
latency

Statistics:
  latency:                  322.545ms [min=238.028ms, max=395.269ms, average=317.026ms, deviation=40.4303ms]
hotpath
  hot path:                 FrontLidarDriver/RearLidarDriver -> ObjectCollisionEstimator
  hot path latency:         80.9242ms [min=46.8609ms, max=109.584ms, average=82.4061ms, deviation=18.1578ms]
  hot path drops:           0 [min=0, max=0, average=0, deviation=0]
  behavior planner period:  99.9985ms [min=99.9882ms, max=100.013ms, average=100.001ms, deviation=0.00637087ms]
----------------------------------------------------------

----------------------------------------------------------
sample path: (IntersectionOutput) 
  order timepoint           sequence nr.                  node name     dropped samples
latency

Statistics:
  latency:                  77.0545ms [min=36.0131ms, max=105.413ms, average=65.2573ms, deviation=14.8216ms]
----------------------------------------------------------

----------------------------------------------------------
sample path: (VehicleDBWSystem) 
  order timepoint           sequence nr.                  node name     dropped samples
bp period
latency

Statistics:
  latency:                  325.432ms [min=238.028ms, max=395.269ms, average=317.247ms, deviation=39.9036ms]
hotpath
  hot path:                 FrontLidarDriver/RearLidarDriver -> ObjectCollisionEstimator
  hot path latency:         58.2255ms [min=46.8609ms, max=109.584ms, average=81.7152ms, deviation=18.3498ms]
  hot path drops:           0 [min=0, max=0, average=0, deviation=0]
  behavior planner period:  99.9945ms [min=99.9882ms, max=100.013ms, average=100.001ms, deviation=0.0063644ms]
----------------------------------------------------------

----------------------------------------------------------
sample path: (IntersectionOutput) 
  order timepoint           sequence nr.                  node name     dropped samples
latency

Statistics:
  latency:                  55.5798ms [min=36.0131ms, max=105.413ms, average=65.096ms, deviation=14.7484ms]
----------------------------------------------------------

----------------------------------------------------------
sample path: (IntersectionOutput) 
  order timepoint           sequence nr.                  node name     dropped samples
latency

Statistics:
  latency:                  68.148ms [min=36.0131ms, max=105.413ms, average=65.146ms, deviation=14.6302ms]
----------------------------------------------------------

----------------------------------------------------------
sample path: (VehicleDBWSystem) 
  order timepoint           sequence nr.                  node name     dropped samples
bp period
latency

Statistics:
  latency:                  317.163ms [min=238.028ms, max=395.269ms, average=317.245ms, deviation=39.375ms]
hotpath
  hot path:                 FrontLidarDriver/RearLidarDriver -> ObjectCollisionEstimator
  hot path latency:         91.6262ms [min=46.8609ms, max=109.584ms, average=81.9905ms, deviation=18.161ms]
  hot path drops:           0 [min=0, max=0, average=0, deviation=0]
  behavior planner period:  100.003ms [min=99.9882ms, max=100.013ms, average=100.001ms, deviation=0.00629364ms]
----------------------------------------------------------

----------------------------------------------------------
sample path: (IntersectionOutput) 
  order timepoint           sequence nr.                  node name     dropped samples
latency

Statistics:
  latency:                  102.856ms [min=36.0131ms, max=105.413ms, average=65.7542ms, deviation=15.2798ms]
----------------------------------------------------------

----------------------------------------------------------
sample path: (VehicleDBWSystem) 
  order timepoint           sequence nr.                  node name     dropped samples
bp period
latency

Statistics:
  latency:                  313.332ms [min=238.028ms, max=395.269ms, average=317.147ms, deviation=38.8718ms]
hotpath
  hot path:                 FrontLidarDriver/RearLidarDriver -> ObjectCollisionEstimator
  hot path latency:         87.8586ms [min=46.8609ms, max=109.584ms, average=82.1491ms, deviation=17.933ms]
  hot path drops:           0 [min=0, max=0, average=0, deviation=0]
  behavior planner period:  100.001ms [min=99.9882ms, max=100.013ms, average=100.001ms, deviation=0.00621058ms]
----------------------------------------------------------

----------------------------------------------------------
sample path: (IntersectionOutput) 
  order timepoint           sequence nr.                  node name     dropped samples
latency

Statistics:
  latency:                  27.2072ms [min=27.2072ms, max=105.413ms, average=65.1424ms, deviation=15.9151ms]
----------------------------------------------------------

----------------------------------------------------------
sample path: (IntersectionOutput) 
  order timepoint           sequence nr.                  node name     dropped samples
latency

Statistics:
  latency:                  67.6947ms [min=27.2072ms, max=105.413ms, average=65.1823ms, deviation=15.7915ms]
----------------------------------------------------------

----------------------------------------------------------
sample path: (VehicleDBWSystem) 
  order timepoint           sequence nr.                  node name     dropped samples
bp period
latency

Statistics:
  latency:                  308.465ms [min=238.028ms, max=395.269ms, average=316.935ms, deviation=38.4068ms]
hotpath
  hot path:                 FrontLidarDriver/RearLidarDriver -> ObjectCollisionEstimator
  hot path latency:         105.025ms [min=46.8609ms, max=109.584ms, average=82.7511ms, deviation=18.074ms]
  hot path drops:           0 [min=0, max=0, average=0, deviation=0]
  behavior planner period:  99.9999ms [min=99.9882ms, max=100.013ms, average=100.001ms, deviation=0.00613153ms]
----------------------------------------------------------

----------------------------------------------------------
sample path: (IntersectionOutput) 
  order timepoint           sequence nr.                  node name     dropped samples
latency

Statistics:
  latency:                  61.8052ms [min=27.2072ms, max=105.413ms, average=65.1303ms, deviation=15.6733ms]
----------------------------------------------------------

----------------------------------------------------------
sample path: (VehicleDBWSystem) 
  order timepoint           sequence nr.                  node name     dropped samples
bp period
latency

Statistics:
  latency:                  273.254ms [min=238.028ms, max=395.269ms, average=315.895ms, deviation=38.5297ms]
hotpath
  hot path:                 FrontLidarDriver/RearLidarDriver -> ObjectCollisionEstimator
  hot path latency:         111.449ms [min=46.8609ms, max=111.449ms, average=83.4869ms, deviation=18.4171ms]
  hot path drops:           0 [min=0, max=0, average=0, deviation=0]
  behavior planner period:  100.004ms [min=99.9882ms, max=100.013ms, average=100.001ms, deviation=0.00607356ms]
----------------------------------------------------------

----------------------------------------------------------
sample path: (IntersectionOutput) 
  order timepoint           sequence nr.                  node name     dropped samples
latency

Statistics:
  latency:                  74.5804ms [min=27.2072ms, max=105.413ms, average=65.2735ms, deviation=15.5957ms]
----------------------------------------------------------

----------------------------------------------------------
sample path: (IntersectionOutput) 
  order timepoint           sequence nr.                  node name     dropped samples
latency

Statistics:
  latency:                  55.4913ms [min=27.2072ms, max=105.413ms, average=65.1275ms, deviation=15.5231ms]
----------------------------------------------------------

----------------------------------------------------------
sample path: (VehicleDBWSystem) 
  order timepoint           sequence nr.                  node name     dropped samples
bp period
latency

Statistics:
  latency:                  344.873ms [min=238.028ms, max=395.269ms, average=316.569ms, deviation=38.3239ms]
hotpath
  hot path:                 FrontLidarDriver/RearLidarDriver -> ObjectCollisionEstimator
  hot path latency:         87.6187ms [min=46.8609ms, max=111.449ms, average=83.5902ms, deviation=18.1912ms]
  hot path drops:           0 [min=0, max=0, average=0, deviation=0]
  behavior planner period:  99.9941ms [min=99.9882ms, max=100.013ms, average=100.001ms, deviation=0.00608457ms]
----------------------------------------------------------

----------------------------------------------------------
sample path: (IntersectionOutput) 
  order timepoint           sequence nr.                  node name     dropped samples
latency

Statistics:
  latency:                  75.4974ms [min=27.2072ms, max=105.413ms, average=65.28ms, deviation=15.4581ms]
----------------------------------------------------------

----------------------------------------------------------
sample path: (VehicleDBWSystem) 
  order timepoint           sequence nr.                  node name     dropped samples
bp period
latency

Statistics:
  latency:                  325.749ms [min=238.028ms, max=395.269ms, average=316.778ms, deviation=37.9009ms]
hotpath
  hot path:                 FrontLidarDriver/RearLidarDriver -> ObjectCollisionEstimator
  hot path latency:         68.1032ms [min=46.8609ms, max=111.449ms, average=83.2125ms, deviation=18.1245ms]
  hot path drops:           0 [min=0, max=0, average=0, deviation=0]
  behavior planner period:  100.007ms [min=99.9882ms, max=100.013ms, average=100.001ms, deviation=0.00608722ms]
----------------------------------------------------------

----------------------------------------------------------
sample path: (IntersectionOutput) 
  order timepoint           sequence nr.                  node name     dropped samples
latency

Statistics:
  latency:                  57.8293ms [min=27.2072ms, max=105.413ms, average=65.172ms, deviation=15.3702ms]
----------------------------------------------------------

----------------------------------------------------------
sample path: (IntersectionOutput) 
  order timepoint           sequence nr.                  node name     dropped samples
latency

Statistics:
  latency:                  67.4591ms [min=27.2072ms, max=105.413ms, average=65.2047ms, deviation=15.2609ms]
----------------------------------------------------------

----------------------------------------------------------
sample path: (VehicleDBWSystem) 
  order timepoint           sequence nr.                  node name     dropped samples
bp period
latency

Statistics:
  latency:                  314.552ms [min=238.028ms, max=395.269ms, average=316.728ms, deviation=37.4692ms]
hotpath
  hot path:                 FrontLidarDriver/RearLidarDriver -> ObjectCollisionEstimator
  hot path latency:         98.2263ms [min=46.8609ms, max=111.449ms, average=83.57ms, deviation=18.0514ms]
  hot path drops:           0 [min=0, max=0, average=0, deviation=0]
  behavior planner period:  100.003ms [min=99.9882ms, max=100.013ms, average=100.001ms, deviation=0.00602803ms]
----------------------------------------------------------

----------------------------------------------------------
sample path: (IntersectionOutput) 
  order timepoint           sequence nr.                  node name     dropped samples
latency

Statistics:
  latency:                  104.522ms [min=27.2072ms, max=105.413ms, average=65.7584ms, deviation=15.8537ms]
----------------------------------------------------------

----------------------------------------------------------
sample path: (VehicleDBWSystem) 
  order timepoint           sequence nr.                  node name     dropped samples
bp period
latency

Statistics:
  latency:                  319.06ms [min=238.028ms, max=395.269ms, average=316.779ms, deviation=37.0521ms]
hotpath
  hot path:                 FrontLidarDriver/RearLidarDriver -> ObjectCollisionEstimator
  hot path latency:         88.3005ms [min=46.8609ms, max=111.449ms, average=83.68ms, deviation=17.8498ms]
  hot path drops:           0 [min=0, max=0, average=0, deviation=0]
  behavior planner period:  100.005ms [min=99.9882ms, max=100.013ms, average=100.001ms, deviation=0.00598551ms]
----------------------------------------------------------

----------------------------------------------------------
sample path: (IntersectionOutput) 
  order timepoint           sequence nr.                  node name     dropped samples
latency

Statistics:
  latency:                  31.3144ms [min=27.2072ms, max=105.413ms, average=65.2801ms, deviation=16.2566ms]
----------------------------------------------------------

