----------------------------------------------------------
sample path: (IntersectionOutput) 
  order timepoint           sequence nr.                  node name     dropped samples
latency

Statistics:
  latency:                  39.2437ms [min=39.2437ms, max=39.2437ms, average=39.2437ms, deviation=-nanms]
----------------------------------------------------------

----------------------------------------------------------
sample path: (IntersectionOutput) 
  order timepoint           sequence nr.                  node name     dropped samples
latency

Statistics:
  latency:                  10.502ms [min=10.502ms, max=39.2437ms, average=24.8728ms, deviation=20.3235ms]
----------------------------------------------------------

----------------------------------------------------------
sample path: (IntersectionOutput) 
  order timepoint           sequence nr.                  node name     dropped samples
latency

Statistics:
  latency:                  9.88425ms [min=9.88425ms, max=39.2437ms, average=19.8766ms, deviation=16.7752ms]
----------------------------------------------------------

----------------------------------------------------------
sample path: (IntersectionOutput) 
  order timepoint           sequence nr.                  node name     dropped samples
latency

Statistics:
  latency:                  38.405ms [min=9.88425ms, max=39.2437ms, average=24.5087ms, deviation=16.5357ms]
----------------------------------------------------------

----------------------------------------------------------
sample path: (VehicleDBWSystem) 
  order timepoint           sequence nr.                  node name     dropped samples
latency

Statistics:
  latency:                  156.39ms [min=156.39ms, max=156.39ms, average=156.39ms, deviation=-nanms]
hotpath
  hot path:                 FrontLidarDriver/RearLidarDriver -> ObjectCollisionEstimator
  hot path latency:         58.771ms [min=58.771ms, max=58.771ms, average=58.771ms, deviation=-nanms]
  hot path drops:           0 [min=0, max=0, average=0, deviation=-nan]
  behavior planner period:  0ms [min=1.84467e+13ms, max=0ms, average=0ms, deviation=0ms]
----------------------------------------------------------

----------------------------------------------------------
sample path: (IntersectionOutput) 
  order timepoint           sequence nr.                  node name     dropped samples
latency

Statistics:
  latency:                  11.3158ms [min=9.88425ms, max=39.2437ms, average=21.8701ms, deviation=15.4882ms]
----------------------------------------------------------

----------------------------------------------------------
sample path: (IntersectionOutput) 
  order timepoint           sequence nr.                  node name     dropped samples
latency

Statistics:
  latency:                  11.682ms [min=9.88425ms, max=39.2437ms, average=20.1721ms, deviation=14.464ms]
----------------------------------------------------------

----------------------------------------------------------
sample path: (IntersectionOutput) 
  order timepoint           sequence nr.                  node name     dropped samples
latency

Statistics:
  latency:                  38.9039ms [min=9.88425ms, max=39.2437ms, average=22.8481ms, deviation=14.9821ms]
----------------------------------------------------------

----------------------------------------------------------
sample path: (VehicleDBWSystem) 
  order timepoint           sequence nr.                  node name     dropped samples
bp period
latency

Statistics:
  latency:                  266.713ms [min=156.39ms, max=266.713ms, average=211.551ms, deviation=78.0107ms]
hotpath
  hot path:                 FrontLidarDriver/RearLidarDriver -> ObjectCollisionEstimator
  hot path latency:         63.7118ms [min=58.771ms, max=63.7118ms, average=61.2414ms, deviation=3.49365ms]
  hot path drops:           0 [min=0, max=0, average=0, deviation=0]
  behavior planner period:  100.89ms [min=100.89ms, max=100.89ms, average=100.89ms, deviation=-nanms]
----------------------------------------------------------

----------------------------------------------------------
sample path: (IntersectionOutput) 
  order timepoint           sequence nr.                  node name     dropped samples
latency

Statistics:
  latency:                  9.88715ms [min=9.88425ms, max=39.2437ms, average=21.228ms, deviation=14.6081ms]
----------------------------------------------------------

----------------------------------------------------------
sample path: (IntersectionOutput) 
  order timepoint           sequence nr.                  node name     dropped samples
latency

Statistics:
  latency:                  10.0188ms [min=9.88425ms, max=39.2437ms, average=19.9825ms, deviation=14.1662ms]
----------------------------------------------------------

----------------------------------------------------------
sample path: (VehicleDBWSystem) 
  order timepoint           sequence nr.                  node name     dropped samples
bp period
latency

Statistics:
  latency:                  216.774ms [min=156.39ms, max=266.713ms, average=213.292ms, deviation=55.2442ms]
hotpath
  hot path:                 FrontLidarDriver/RearLidarDriver -> ObjectCollisionEstimator
  hot path latency:         70.1039ms [min=58.771ms, max=70.1039ms, average=64.1955ms, deviation=5.6819ms]
  hot path drops:           0 [min=0, max=0, average=0, deviation=0]
  behavior planner period:  94.3628ms [min=94.3628ms, max=100.89ms, average=97.6266ms, deviation=4.61564ms]
----------------------------------------------------------

----------------------------------------------------------
sample path: (IntersectionOutput) 
  order timepoint           sequence nr.                  node name     dropped samples
latency

Statistics:
  latency:                  41.027ms [min=9.88425ms, max=41.027ms, average=22.0869ms, deviation=14.9222ms]
----------------------------------------------------------

----------------------------------------------------------
sample path: (IntersectionOutput) 
  order timepoint           sequence nr.                  node name     dropped samples
latency

Statistics:
  latency:                  19.2419ms [min=9.88425ms, max=41.027ms, average=21.8283ms, deviation=14.1824ms]
----------------------------------------------------------

----------------------------------------------------------
sample path: (IntersectionOutput) 
  order timepoint           sequence nr.                  node name     dropped samples
latency

Statistics:
  latency:                  9.79285ms [min=9.79285ms, max=41.027ms, average=20.8253ms, deviation=13.9616ms]
----------------------------------------------------------

----------------------------------------------------------
sample path: (IntersectionOutput) 
  order timepoint           sequence nr.                  node name     dropped samples
latency

Statistics:
  latency:                  34.3113ms [min=9.79285ms, max=41.027ms, average=21.8627ms, deviation=13.8806ms]
----------------------------------------------------------

----------------------------------------------------------
sample path: (VehicleDBWSystem) 
  order timepoint           sequence nr.                  node name     dropped samples
bp period
latency

Statistics:
  latency:                  245.152ms [min=156.39ms, max=266.713ms, average=221.257ms, deviation=47.8371ms]
hotpath
  hot path:                 FrontLidarDriver/RearLidarDriver -> ObjectCollisionEstimator
  hot path latency:         65.3183ms [min=58.771ms, max=70.1039ms, average=64.4762ms, deviation=4.6731ms]
  hot path drops:           0 [min=0, max=0, average=0, deviation=0]
  behavior planner period:  97.314ms [min=94.3628ms, max=100.89ms, average=97.5224ms, deviation=3.26874ms]
----------------------------------------------------------

----------------------------------------------------------
sample path: (IntersectionOutput) 
  order timepoint           sequence nr.                  node name     dropped samples
latency

Statistics:
  latency:                  42.0556ms [min=9.79285ms, max=42.0556ms, average=23.3051ms, deviation=14.3867ms]
----------------------------------------------------------

----------------------------------------------------------
sample path: (IntersectionOutput) 
  order timepoint           sequence nr.                  node name     dropped samples
latency

Statistics:
  latency:                  19.4259ms [min=9.79285ms, max=42.0556ms, average=23.0465ms, deviation=13.8995ms]
----------------------------------------------------------

----------------------------------------------------------
sample path: (IntersectionOutput) 
  order timepoint           sequence nr.                  node name     dropped samples
latency

Statistics:
  latency:                  10.0493ms [min=9.79285ms, max=42.0556ms, average=22.2341ms, deviation=13.8157ms]
----------------------------------------------------------

----------------------------------------------------------
sample path: (IntersectionOutput) 
  order timepoint           sequence nr.                  node name     dropped samples
latency

Statistics:
  latency:                  28.7662ms [min=9.79285ms, max=42.0556ms, average=22.6184ms, deviation=13.4705ms]
----------------------------------------------------------

----------------------------------------------------------
sample path: (VehicleDBWSystem) 
  order timepoint           sequence nr.                  node name     dropped samples
bp period
latency

Statistics:
  latency:                  164.817ms [min=156.39ms, max=266.713ms, average=209.969ms, deviation=48.5117ms]
hotpath
  hot path:                 FrontLidarDriver/RearLidarDriver -> ObjectCollisionEstimator
  hot path latency:         57.7212ms [min=57.7212ms, max=70.1039ms, average=63.1252ms, deviation=5.0502ms]
  hot path drops:           0 [min=0, max=0, average=0, deviation=0]
  behavior planner period:  100.077ms [min=94.3628ms, max=100.89ms, average=98.161ms, deviation=2.9588ms]
----------------------------------------------------------

----------------------------------------------------------
sample path: (IntersectionOutput) 
  order timepoint           sequence nr.                  node name     dropped samples
latency

Statistics:
  latency:                  23.1491ms [min=9.79285ms, max=42.0556ms, average=22.6479ms, deviation=13.0689ms]
----------------------------------------------------------

----------------------------------------------------------
sample path: (IntersectionOutput) 
  order timepoint           sequence nr.                  node name     dropped samples
latency

Statistics:
  latency:                  9.76505ms [min=9.76505ms, max=42.0556ms, average=21.9698ms, deviation=13.04ms]
----------------------------------------------------------

----------------------------------------------------------
sample path: (IntersectionOutput) 
  order timepoint           sequence nr.                  node name     dropped samples
latency

Statistics:
  latency:                  19.3063ms [min=9.76505ms, max=42.0556ms, average=21.8366ms, deviation=12.7062ms]
----------------------------------------------------------

----------------------------------------------------------
sample path: (IntersectionOutput) 
  order timepoint           sequence nr.                  node name     dropped samples
latency

Statistics:
  latency:                  30.1667ms [min=9.76505ms, max=42.0556ms, average=22.2333ms, deviation=12.5172ms]
----------------------------------------------------------

----------------------------------------------------------
sample path: (VehicleDBWSystem) 
  order timepoint           sequence nr.                  node name     dropped samples
bp period
latency

Statistics:
  latency:                  167.558ms [min=156.39ms, max=266.713ms, average=202.901ms, deviation=46.7172ms]
hotpath
  hot path:                 FrontLidarDriver/RearLidarDriver -> ObjectCollisionEstimator
  hot path latency:         48.29ms [min=48.29ms, max=70.1039ms, average=60.6527ms, deviation=7.5554ms]
  hot path drops:           0 [min=0, max=0, average=0, deviation=0]
  behavior planner period:  102.543ms [min=94.3628ms, max=102.543ms, average=99.0374ms, deviation=3.2258ms]
----------------------------------------------------------

----------------------------------------------------------
sample path: (IntersectionOutput) 
  order timepoint           sequence nr.                  node name     dropped samples
latency

Statistics:
  latency:                  29.1514ms [min=9.76505ms, max=42.0556ms, average=22.5478ms, deviation=12.3042ms]
----------------------------------------------------------

----------------------------------------------------------
sample path: (IntersectionOutput) 
  order timepoint           sequence nr.                  node name     dropped samples
latency

Statistics:
  latency:                  11.112ms [min=9.76505ms, max=42.0556ms, average=22.0506ms, deviation=12.2555ms]
----------------------------------------------------------

----------------------------------------------------------
sample path: (IntersectionOutput) 
  order timepoint           sequence nr.                  node name     dropped samples
latency

Statistics:
  latency:                  9.97055ms [min=9.76505ms, max=42.0556ms, average=21.5472ms, deviation=12.2372ms]
----------------------------------------------------------

----------------------------------------------------------
sample path: (IntersectionOutput) 
  order timepoint           sequence nr.                  node name     dropped samples
latency

Statistics:
  latency:                  33.8132ms [min=9.76505ms, max=42.0556ms, average=22.0379ms, deviation=12.2281ms]
----------------------------------------------------------

----------------------------------------------------------
sample path: (VehicleDBWSystem) 
  order timepoint           sequence nr.                  node name     dropped samples
bp period
latency

Statistics:
  latency:                  169.249ms [min=156.39ms, max=266.713ms, average=198.093ms, deviation=44.503ms]
hotpath
  hot path:                 FrontLidarDriver/RearLidarDriver -> ObjectCollisionEstimator
  hot path latency:         48.17ms [min=48.17ms, max=70.1039ms, average=58.8694ms, deviation=8.35641ms]
  hot path drops:           0 [min=0, max=0, average=0, deviation=0]
  behavior planner period:  101.581ms [min=94.3628ms, max=102.543ms, average=99.4613ms, deviation=3.06642ms]
----------------------------------------------------------

----------------------------------------------------------
sample path: (IntersectionOutput) 
  order timepoint           sequence nr.                  node name     dropped samples
latency

Statistics:
  latency:                  25.0124ms [min=9.76505ms, max=42.0556ms, average=22.1523ms, deviation=11.9953ms]
----------------------------------------------------------

----------------------------------------------------------
sample path: (IntersectionOutput) 
  order timepoint           sequence nr.                  node name     dropped samples
latency

Statistics:
  latency:                  15.3506ms [min=9.76505ms, max=42.0556ms, average=21.9004ms, deviation=11.8349ms]
----------------------------------------------------------

----------------------------------------------------------
sample path: (IntersectionOutput) 
  order timepoint           sequence nr.                  node name     dropped samples
latency

Statistics:
  latency:                  9.73455ms [min=9.73455ms, max=42.0556ms, average=21.4659ms, deviation=11.8391ms]
----------------------------------------------------------

----------------------------------------------------------
sample path: (IntersectionOutput) 
  order timepoint           sequence nr.                  node name     dropped samples
latency

Statistics:
  latency:                  47.796ms [min=9.73455ms, max=47.796ms, average=22.3738ms, deviation=12.6121ms]
----------------------------------------------------------

----------------------------------------------------------
sample path: (VehicleDBWSystem) 
  order timepoint           sequence nr.                  node name     dropped samples
bp period
latency

Statistics:
  latency:                  249.589ms [min=156.39ms, max=266.713ms, average=204.53ms, deviation=45.0451ms]
hotpath
  hot path:                 FrontLidarDriver/RearLidarDriver -> ObjectCollisionEstimator
  hot path latency:         53.0349ms [min=48.17ms, max=70.1039ms, average=58.1401ms, deviation=8.00682ms]
  hot path drops:           0 [min=0, max=0, average=0, deviation=0]
  behavior planner period:  99.8983ms [min=94.3628ms, max=102.543ms, average=99.5237ms, deviation=2.80412ms]
----------------------------------------------------------

----------------------------------------------------------
sample path: (IntersectionOutput) 
  order timepoint           sequence nr.                  node name     dropped samples
latency

Statistics:
  latency:                  13.858ms [min=9.73455ms, max=47.796ms, average=22.0899ms, deviation=12.4899ms]
----------------------------------------------------------

----------------------------------------------------------
sample path: (IntersectionOutput) 
  order timepoint           sequence nr.                  node name     dropped samples
latency

Statistics:
  latency:                  10.0581ms [min=9.73455ms, max=47.796ms, average=21.7018ms, deviation=12.4686ms]
----------------------------------------------------------

----------------------------------------------------------
sample path: (VehicleDBWSystem) 
  order timepoint           sequence nr.                  node name     dropped samples
bp period
latency

Statistics:
  latency:                  224.618ms [min=156.39ms, max=266.713ms, average=206.762ms, deviation=42.6645ms]
hotpath
  hot path:                 FrontLidarDriver/RearLidarDriver -> ObjectCollisionEstimator
  hot path latency:         66.9985ms [min=48.17ms, max=70.1039ms, average=59.1244ms, deviation=8.05075ms]
  hot path drops:           0 [min=0, max=0, average=0, deviation=0]
  behavior planner period:  98.6557ms [min=94.3628ms, max=102.543ms, average=99.4152ms, deviation=2.61418ms]
----------------------------------------------------------

----------------------------------------------------------
sample path: (IntersectionOutput) 
  order timepoint           sequence nr.                  node name     dropped samples
latency

Statistics:
  latency:                  40.9773ms [min=9.73455ms, max=47.796ms, average=22.3042ms, deviation=12.7304ms]
----------------------------------------------------------

----------------------------------------------------------
sample path: (IntersectionOutput) 
  order timepoint           sequence nr.                  node name     dropped samples
latency

Statistics:
  latency:                  19.4337ms [min=9.73455ms, max=47.796ms, average=22.2172ms, deviation=12.5398ms]
----------------------------------------------------------

----------------------------------------------------------
sample path: (IntersectionOutput) 
  order timepoint           sequence nr.                  node name     dropped samples
latency

Statistics:
  latency:                  9.82415ms [min=9.73455ms, max=47.796ms, average=21.8527ms, deviation=12.5299ms]
----------------------------------------------------------

----------------------------------------------------------
sample path: (IntersectionOutput) 
  order timepoint           sequence nr.                  node name     dropped samples
latency

Statistics:
  latency:                  34.5173ms [min=9.73455ms, max=47.796ms, average=22.2145ms, deviation=12.5286ms]
----------------------------------------------------------

----------------------------------------------------------
sample path: (VehicleDBWSystem) 
  order timepoint           sequence nr.                  node name     dropped samples
bp period
latency

Statistics:
  latency:                  230.613ms [min=156.39ms, max=266.713ms, average=209.147ms, deviation=40.9255ms]
hotpath
  hot path:                 FrontLidarDriver/RearLidarDriver -> ObjectCollisionEstimator
  hot path latency:         64.4682ms [min=48.17ms, max=70.1039ms, average=59.6588ms, deviation=7.77615ms]
  hot path drops:           0 [min=0, max=0, average=0, deviation=0]
  behavior planner period:  97.2372ms [min=94.3628ms, max=102.543ms, average=99.1732ms, deviation=2.55085ms]
----------------------------------------------------------

----------------------------------------------------------
sample path: (IntersectionOutput) 
  order timepoint           sequence nr.                  node name     dropped samples
latency

Statistics:
  latency:                  42.2367ms [min=9.73455ms, max=47.796ms, average=22.7707ms, deviation=12.7912ms]
----------------------------------------------------------

----------------------------------------------------------
sample path: (IntersectionOutput) 
  order timepoint           sequence nr.                  node name     dropped samples
latency

Statistics:
  latency:                  19.5117ms [min=9.73455ms, max=47.796ms, average=22.6826ms, deviation=12.6237ms]
----------------------------------------------------------

----------------------------------------------------------
sample path: (IntersectionOutput) 
  order timepoint           sequence nr.                  node name     dropped samples
latency

Statistics:
  latency:                  10.0823ms [min=9.73455ms, max=47.796ms, average=22.351ms, deviation=12.6186ms]
----------------------------------------------------------

----------------------------------------------------------
sample path: (IntersectionOutput) 
  order timepoint           sequence nr.                  node name     dropped samples
latency

Statistics:
  latency:                  28.8811ms [min=9.73455ms, max=47.796ms, average=22.5185ms, deviation=12.4953ms]
----------------------------------------------------------

----------------------------------------------------------
sample path: (VehicleDBWSystem) 
  order timepoint           sequence nr.                  node name     dropped samples
bp period
latency

Statistics:
  latency:                  171.472ms [min=156.39ms, max=266.713ms, average=205.722ms, deviation=40.453ms]
hotpath
  hot path:                 FrontLidarDriver/RearLidarDriver -> ObjectCollisionEstimator
  hot path latency:         58.0979ms [min=48.17ms, max=70.1039ms, average=59.5169ms, deviation=7.3921ms]
  hot path drops:           0 [min=0, max=0, average=0, deviation=0]
  behavior planner period:  100.136ms [min=94.3628ms, max=102.543ms, average=99.2695ms, deviation=2.42417ms]
----------------------------------------------------------

----------------------------------------------------------
sample path: (IntersectionOutput) 
  order timepoint           sequence nr.                  node name     dropped samples
latency

Statistics:
  latency:                  29.0421ms [min=9.73455ms, max=47.796ms, average=22.6816ms, deviation=12.3771ms]
----------------------------------------------------------

----------------------------------------------------------
sample path: (IntersectionOutput) 
  order timepoint           sequence nr.                  node name     dropped samples
latency

Statistics:
  latency:                  9.86205ms [min=9.73455ms, max=47.796ms, average=22.3689ms, deviation=12.3843ms]
----------------------------------------------------------

----------------------------------------------------------
sample path: (IntersectionOutput) 
  order timepoint           sequence nr.                  node name     dropped samples
latency

Statistics:
  latency:                  12.6333ms [min=9.73455ms, max=47.796ms, average=22.1371ms, deviation=12.3243ms]
----------------------------------------------------------

----------------------------------------------------------
sample path: (IntersectionOutput) 
  order timepoint           sequence nr.                  node name     dropped samples
latency

Statistics:
  latency:                  32.4527ms [min=9.73455ms, max=47.796ms, average=22.377ms, deviation=12.2778ms]
----------------------------------------------------------

----------------------------------------------------------
sample path: (VehicleDBWSystem) 
  order timepoint           sequence nr.                  node name     dropped samples
bp period
latency

Statistics:
  latency:                  165.245ms [min=156.39ms, max=266.713ms, average=202.349ms, deviation=40.3015ms]
hotpath
  hot path:                 FrontLidarDriver/RearLidarDriver -> ObjectCollisionEstimator
  hot path latency:         48.5135ms [min=48.17ms, max=70.1039ms, average=58.5999ms, deviation=7.73078ms]
  hot path drops:           0 [min=0, max=0, average=0, deviation=0]
  behavior planner period:  99.9361ms [min=94.3628ms, max=102.543ms, average=99.3301ms, deviation=2.30854ms]
----------------------------------------------------------

----------------------------------------------------------
sample path: (IntersectionOutput) 
  order timepoint           sequence nr.                  node name     dropped samples
latency

Statistics:
  latency:                  23.1987ms [min=9.73455ms, max=47.796ms, average=22.3957ms, deviation=12.1349ms]
----------------------------------------------------------

----------------------------------------------------------
sample path: (IntersectionOutput) 
  order timepoint           sequence nr.                  node name     dropped samples
latency

Statistics:
  latency:                  10.6874ms [min=9.73455ms, max=47.796ms, average=22.1355ms, deviation=12.1225ms]
----------------------------------------------------------

----------------------------------------------------------
sample path: (IntersectionOutput) 
  order timepoint           sequence nr.                  node name     dropped samples
latency

Statistics:
  latency:                  9.77995ms [min=9.73455ms, max=47.796ms, average=21.8669ms, deviation=12.1247ms]
----------------------------------------------------------

----------------------------------------------------------
sample path: (IntersectionOutput) 
  order timepoint           sequence nr.                  node name     dropped samples
latency

Statistics:
  latency:                  32.4186ms [min=9.73455ms, max=47.796ms, average=22.0914ms, deviation=12.0905ms]
----------------------------------------------------------

----------------------------------------------------------
sample path: (VehicleDBWSystem) 
  order timepoint           sequence nr.                  node name     dropped samples
bp period
latency

Statistics:
  latency:                  165.31ms [min=156.39ms, max=266.713ms, average=199.5ms, deviation=39.9298ms]
hotpath
  hot path:                 FrontLidarDriver/RearLidarDriver -> ObjectCollisionEstimator
  hot path latency:         51.0331ms [min=48.17ms, max=70.1039ms, average=58.0179ms, deviation=7.69344ms]
  hot path drops:           0 [min=0, max=0, average=0, deviation=0]
  behavior planner period:  103.93ms [min=94.3628ms, max=103.93ms, average=99.7135ms, deviation=2.57065ms]
----------------------------------------------------------

----------------------------------------------------------
sample path: (IntersectionOutput) 
  order timepoint           sequence nr.                  node name     dropped samples
latency

Statistics:
  latency:                  22.2755ms [min=9.73455ms, max=47.796ms, average=22.0952ms, deviation=11.9612ms]
----------------------------------------------------------

----------------------------------------------------------
sample path: (IntersectionOutput) 
  order timepoint           sequence nr.                  node name     dropped samples
latency

Statistics:
  latency:                  12.7823ms [min=9.73455ms, max=47.796ms, average=21.9052ms, deviation=11.9105ms]
----------------------------------------------------------

----------------------------------------------------------
sample path: (IntersectionOutput) 
  order timepoint           sequence nr.                  node name     dropped samples
latency

Statistics:
  latency:                  9.99955ms [min=9.73455ms, max=47.796ms, average=21.6671ms, deviation=11.908ms]
----------------------------------------------------------

----------------------------------------------------------
sample path: (IntersectionOutput) 
  order timepoint           sequence nr.                  node name     dropped samples
latency

Statistics:
  latency:                  47.7947ms [min=9.73455ms, max=47.796ms, average=22.1794ms, deviation=12.343ms]
----------------------------------------------------------

----------------------------------------------------------
sample path: (VehicleDBWSystem) 
  order timepoint           sequence nr.                  node name     dropped samples
bp period
latency

Statistics:
  latency:                  255.165ms [min=156.39ms, max=266.713ms, average=203.476ms, deviation=41.147ms]
hotpath
  hot path:                 FrontLidarDriver/RearLidarDriver -> ObjectCollisionEstimator
  hot path latency:         54.7562ms [min=48.17ms, max=70.1039ms, average=57.7849ms, deviation=7.44284ms]
  hot path drops:           0 [min=0, max=0, average=0, deviation=0]
  behavior planner period:  100.516ms [min=94.3628ms, max=103.93ms, average=99.7752ms, deviation=2.47124ms]
----------------------------------------------------------

----------------------------------------------------------
sample path: (IntersectionOutput) 
  order timepoint           sequence nr.                  node name     dropped samples
latency

Statistics:
  latency:                  13.1229ms [min=9.73455ms, max=47.796ms, average=22.0052ms, deviation=12.2858ms]
----------------------------------------------------------

----------------------------------------------------------
sample path: (IntersectionOutput) 
  order timepoint           sequence nr.                  node name     dropped samples
latency

Statistics:
  latency:                  9.87915ms [min=9.73455ms, max=47.796ms, average=21.7764ms, deviation=12.2805ms]
----------------------------------------------------------

----------------------------------------------------------
sample path: (VehicleDBWSystem) 
  order timepoint           sequence nr.                  node name     dropped samples
bp period
latency

Statistics:
  latency:                  226.719ms [min=156.39ms, max=266.713ms, average=205.026ms, deviation=40.1018ms]
hotpath
  hot path:                 FrontLidarDriver/RearLidarDriver -> ObjectCollisionEstimator
  hot path latency:         66.907ms [min=48.17ms, max=70.1039ms, average=58.393ms, deviation=7.54895ms]
  hot path drops:           0 [min=0, max=0, average=0, deviation=0]
  behavior planner period:  98.2614ms [min=94.3628ms, max=103.93ms, average=99.667ms, deviation=2.40852ms]
----------------------------------------------------------

----------------------------------------------------------
sample path: (IntersectionOutput) 
  order timepoint           sequence nr.                  node name     dropped samples
latency

Statistics:
  latency:                  41.4339ms [min=9.73455ms, max=47.796ms, average=22.1404ms, deviation=12.4548ms]
----------------------------------------------------------

----------------------------------------------------------
sample path: (IntersectionOutput) 
  order timepoint           sequence nr.                  node name     dropped samples
latency

Statistics:
  latency:                  19.2907ms [min=9.73455ms, max=47.796ms, average=22.0886ms, deviation=12.3449ms]
----------------------------------------------------------

----------------------------------------------------------
sample path: (IntersectionOutput) 
  order timepoint           sequence nr.                  node name     dropped samples
latency

Statistics:
  latency:                  9.83215ms [min=9.73455ms, max=47.796ms, average=21.8698ms, deviation=12.3413ms]
----------------------------------------------------------

----------------------------------------------------------
sample path: (IntersectionOutput) 
  order timepoint           sequence nr.                  node name     dropped samples
latency

Statistics:
  latency:                  34.386ms [min=9.73455ms, max=47.796ms, average=22.0893ms, deviation=12.3425ms]
----------------------------------------------------------

----------------------------------------------------------
sample path: (VehicleDBWSystem) 
  order timepoint           sequence nr.                  node name     dropped samples
bp period
latency

Statistics:
  latency:                  229.852ms [min=156.39ms, max=266.713ms, average=206.577ms, deviation=39.236ms]
hotpath
  hot path:                 FrontLidarDriver/RearLidarDriver -> ObjectCollisionEstimator
  hot path latency:         64.3502ms [min=48.17ms, max=70.1039ms, average=58.7653ms, deviation=7.44348ms]
  hot path drops:           0 [min=0, max=0, average=0, deviation=0]
  behavior planner period:  97.2252ms [min=94.3628ms, max=103.93ms, average=99.5043ms, deviation=2.40502ms]
----------------------------------------------------------

----------------------------------------------------------
sample path: (IntersectionOutput) 
  order timepoint           sequence nr.                  node name     dropped samples
latency

Statistics:
  latency:                  42.0212ms [min=9.73455ms, max=47.796ms, average=22.433ms, deviation=12.5106ms]
----------------------------------------------------------

----------------------------------------------------------
sample path: (IntersectionOutput) 
  order timepoint           sequence nr.                  node name     dropped samples
latency

Statistics:
  latency:                  19.399ms [min=9.73455ms, max=47.796ms, average=22.3816ms, deviation=12.4085ms]
----------------------------------------------------------

----------------------------------------------------------
sample path: (IntersectionOutput) 
  order timepoint           sequence nr.                  node name     dropped samples
latency

Statistics:
  latency:                  10.0077ms [min=9.73455ms, max=47.796ms, average=22.1753ms, deviation=12.4062ms]
----------------------------------------------------------

----------------------------------------------------------
sample path: (IntersectionOutput) 
  order timepoint           sequence nr.                  node name     dropped samples
latency

Statistics:
  latency:                  28.7323ms [min=9.73455ms, max=47.796ms, average=22.2828ms, deviation=12.331ms]
----------------------------------------------------------

----------------------------------------------------------
sample path: (VehicleDBWSystem) 
  order timepoint           sequence nr.                  node name     dropped samples
bp period
latency

Statistics:
  latency:                  164.743ms [min=156.39ms, max=266.713ms, average=204.116ms, deviation=39.3217ms]
hotpath
  hot path:                 FrontLidarDriver/RearLidarDriver -> ObjectCollisionEstimator
  hot path latency:         57.8151ms [min=48.17ms, max=70.1039ms, average=58.7095ms, deviation=7.21081ms]
  hot path drops:           0 [min=0, max=0, average=0, deviation=0]
  behavior planner period:  100.029ms [min=94.3628ms, max=103.93ms, average=99.5371ms, deviation=2.32717ms]
----------------------------------------------------------

----------------------------------------------------------
sample path: (IntersectionOutput) 
  order timepoint           sequence nr.                  node name     dropped samples
latency

Statistics:
  latency:                  22.9264ms [min=9.73455ms, max=47.796ms, average=22.2932ms, deviation=12.2298ms]
----------------------------------------------------------

----------------------------------------------------------
sample path: (IntersectionOutput) 
  order timepoint           sequence nr.                  node name     dropped samples
latency

Statistics:
  latency:                  9.74855ms [min=9.73455ms, max=47.796ms, average=22.0941ms, deviation=12.2333ms]
----------------------------------------------------------

----------------------------------------------------------
sample path: (IntersectionOutput) 
  order timepoint           sequence nr.                  node name     dropped samples
latency

Statistics:
  latency:                  19.55ms [min=9.73455ms, max=47.796ms, average=22.0543ms, deviation=12.14ms]
----------------------------------------------------------

----------------------------------------------------------
sample path: (IntersectionOutput) 
  order timepoint           sequence nr.                  node name     dropped samples
latency

Statistics:
  latency:                  29.6956ms [min=9.73455ms, max=47.796ms, average=22.1719ms, deviation=12.082ms]
----------------------------------------------------------

----------------------------------------------------------
sample path: (VehicleDBWSystem) 
  order timepoint           sequence nr.                  node name     dropped samples
bp period
latency

Statistics:
  latency:                  168.358ms [min=156.39ms, max=266.713ms, average=202.13ms, deviation=39.0677ms]
hotpath
  hot path:                 FrontLidarDriver/RearLidarDriver -> ObjectCollisionEstimator
  hot path latency:         48.3256ms [min=48.17ms, max=70.1039ms, average=58.1326ms, deviation=7.4113ms]
  hot path drops:           0 [min=0, max=0, average=0, deviation=0]
  behavior planner period:  103.303ms [min=94.3628ms, max=103.93ms, average=99.7586ms, deviation=2.43137ms]
----------------------------------------------------------

----------------------------------------------------------
sample path: (IntersectionOutput) 
  order timepoint           sequence nr.                  node name     dropped samples
latency

Statistics:
  latency:                  29.1548ms [min=9.73455ms, max=47.796ms, average=22.2777ms, deviation=12.0195ms]
----------------------------------------------------------

----------------------------------------------------------
sample path: (IntersectionOutput) 
  order timepoint           sequence nr.                  node name     dropped samples
latency

Statistics:
  latency:                  10.6259ms [min=9.73455ms, max=47.796ms, average=22.1038ms, deviation=12.0127ms]
----------------------------------------------------------

----------------------------------------------------------
sample path: (IntersectionOutput) 
  order timepoint           sequence nr.                  node name     dropped samples
latency

Statistics:
  latency:                  9.79995ms [min=9.73455ms, max=47.796ms, average=21.9229ms, deviation=12.0157ms]
----------------------------------------------------------

----------------------------------------------------------
sample path: (IntersectionOutput) 
  order timepoint           sequence nr.                  node name     dropped samples
latency

Statistics:
  latency:                  38.6616ms [min=9.73455ms, max=47.796ms, average=22.1654ms, deviation=12.0961ms]
----------------------------------------------------------

----------------------------------------------------------
sample path: (VehicleDBWSystem) 
  order timepoint           sequence nr.                  node name     dropped samples
bp period
latency

Statistics:
  latency:                  158.219ms [min=156.39ms, max=266.713ms, average=199.819ms, deviation=39.2807ms]
hotpath
  hot path:                 FrontLidarDriver/RearLidarDriver -> ObjectCollisionEstimator
  hot path latency:         48.2841ms [min=48.17ms, max=70.1039ms, average=57.6142ms, deviation=7.54855ms]
  hot path drops:           0 [min=0, max=0, average=0, deviation=0]
  behavior planner period:  96.7875ms [min=94.3628ms, max=103.93ms, average=99.5935ms, deviation=2.46054ms]
----------------------------------------------------------

----------------------------------------------------------
sample path: (IntersectionOutput) 
  order timepoint           sequence nr.                  node name     dropped samples
latency

Statistics:
  latency:                  19.4055ms [min=9.73455ms, max=47.796ms, average=22.126ms, deviation=12.0126ms]
----------------------------------------------------------

----------------------------------------------------------
sample path: (IntersectionOutput) 
  order timepoint           sequence nr.                  node name     dropped samples
latency

Statistics:
  latency:                  18.3697ms [min=9.73455ms, max=47.796ms, average=22.0731ms, deviation=11.9348ms]
----------------------------------------------------------

----------------------------------------------------------
sample path: (IntersectionOutput) 
  order timepoint           sequence nr.                  node name     dropped samples
latency

Statistics:
  latency:                  9.76595ms [min=9.73455ms, max=47.796ms, average=21.9022ms, deviation=11.9389ms]
----------------------------------------------------------

----------------------------------------------------------
sample path: (IntersectionOutput) 
  order timepoint           sequence nr.                  node name     dropped samples
latency

Statistics:
  latency:                  47.7777ms [min=9.73455ms, max=47.796ms, average=22.2566ms, deviation=12.2364ms]
----------------------------------------------------------

----------------------------------------------------------
sample path: (VehicleDBWSystem) 
  order timepoint           sequence nr.                  node name     dropped samples
bp period
latency

Statistics:
  latency:                  248.848ms [min=156.39ms, max=266.713ms, average=202.27ms, deviation=39.7738ms]
hotpath
  hot path:                 FrontLidarDriver/RearLidarDriver -> ObjectCollisionEstimator
  hot path latency:         68.1146ms [min=48.17ms, max=70.1039ms, average=58.1393ms, deviation=7.71328ms]
  hot path drops:           0 [min=0, max=0, average=0, deviation=0]
  behavior planner period:  104.038ms [min=94.3628ms, max=104.038ms, average=99.8274ms, deviation=2.59953ms]
----------------------------------------------------------

----------------------------------------------------------
sample path: (IntersectionOutput) 
  order timepoint           sequence nr.                  node name     dropped samples
latency

Statistics:
  latency:                  14.1331ms [min=9.73455ms, max=47.796ms, average=22.1469ms, deviation=12.189ms]
----------------------------------------------------------

----------------------------------------------------------
sample path: (IntersectionOutput) 
  order timepoint           sequence nr.                  node name     dropped samples
latency

Statistics:
  latency:                  9.83705ms [min=9.73455ms, max=47.796ms, average=21.9827ms, deviation=12.1895ms]
----------------------------------------------------------

----------------------------------------------------------
sample path: (VehicleDBWSystem) 
  order timepoint           sequence nr.                  node name     dropped samples
bp period
latency

Statistics:
  latency:                  214.52ms [min=156.39ms, max=266.713ms, average=202.854ms, deviation=38.8588ms]
hotpath
  hot path:                 FrontLidarDriver/RearLidarDriver -> ObjectCollisionEstimator
  hot path latency:         67.33ms [min=48.17ms, max=70.1039ms, average=58.5769ms, deviation=7.78089ms]
  hot path drops:           0 [min=0, max=0, average=0, deviation=0]
  behavior planner period:  98.5468ms [min=94.3628ms, max=104.038ms, average=99.7634ms, deviation=2.54635ms]
----------------------------------------------------------

----------------------------------------------------------
sample path: (IntersectionOutput) 
  order timepoint           sequence nr.                  node name     dropped samples
latency

Statistics:
  latency:                  41.2205ms [min=9.73455ms, max=47.796ms, average=22.2359ms, deviation=12.3074ms]
----------------------------------------------------------

----------------------------------------------------------
sample path: (IntersectionOutput) 
  order timepoint           sequence nr.                  node name     dropped samples
latency

Statistics:
  latency:                  19.313ms [min=9.73455ms, max=47.796ms, average=22.1979ms, deviation=12.2307ms]
----------------------------------------------------------

----------------------------------------------------------
sample path: (IntersectionOutput) 
  order timepoint           sequence nr.                  node name     dropped samples
latency

Statistics:
  latency:                  9.79615ms [min=9.73455ms, max=47.796ms, average=22.0389ms, deviation=12.2319ms]
----------------------------------------------------------

----------------------------------------------------------
sample path: (IntersectionOutput) 
  order timepoint           sequence nr.                  node name     dropped samples
latency

Statistics:
  latency:                  34.2121ms [min=9.73455ms, max=47.796ms, average=22.193ms, deviation=12.2301ms]
----------------------------------------------------------

----------------------------------------------------------
sample path: (VehicleDBWSystem) 
  order timepoint           sequence nr.                  node name     dropped samples
bp period
latency

Statistics:
  latency:                  231.215ms [min=156.39ms, max=266.713ms, average=204.143ms, deviation=38.4013ms]
hotpath
  hot path:                 FrontLidarDriver/RearLidarDriver -> ObjectCollisionEstimator
  hot path latency:         64.3664ms [min=48.17ms, max=70.1039ms, average=58.8401ms, deviation=7.69304ms]
  hot path drops:           0 [min=0, max=0, average=0, deviation=0]
  behavior planner period:  97.5776ms [min=94.3628ms, max=104.038ms, average=99.6593ms, deviation=2.52729ms]
----------------------------------------------------------

----------------------------------------------------------
sample path: (IntersectionOutput) 
  order timepoint           sequence nr.                  node name     dropped samples
latency

Statistics:
  latency:                  42.4912ms [min=9.73455ms, max=47.796ms, average=22.4467ms, deviation=12.3626ms]
----------------------------------------------------------

----------------------------------------------------------
sample path: (IntersectionOutput) 
  order timepoint           sequence nr.                  node name     dropped samples
latency

Statistics:
  latency:                  19.4242ms [min=9.73455ms, max=47.796ms, average=22.4094ms, deviation=12.2897ms]
----------------------------------------------------------

----------------------------------------------------------
sample path: (IntersectionOutput) 
  order timepoint           sequence nr.                  node name     dropped samples
latency

Statistics:
  latency:                  10.0319ms [min=9.73455ms, max=47.796ms, average=22.2585ms, deviation=12.2898ms]
----------------------------------------------------------

----------------------------------------------------------
sample path: (IntersectionOutput) 
  order timepoint           sequence nr.                  node name     dropped samples
latency

Statistics:
  latency:                  29.174ms [min=9.73455ms, max=47.796ms, average=22.3418ms, deviation=12.2382ms]
----------------------------------------------------------

----------------------------------------------------------
sample path: (VehicleDBWSystem) 
  order timepoint           sequence nr.                  node name     dropped samples
bp period
latency

Statistics:
  latency:                  172.397ms [min=156.39ms, max=266.713ms, average=202.762ms, deviation=38.0979ms]
hotpath
  hot path:                 FrontLidarDriver/RearLidarDriver -> ObjectCollisionEstimator
  hot path latency:         57.948ms [min=48.17ms, max=70.1039ms, average=58.8013ms, deviation=7.51846ms]
  hot path drops:           0 [min=0, max=0, average=0, deviation=0]
  behavior planner period:  99.8151ms [min=94.3628ms, max=104.038ms, average=99.6664ms, deviation=2.46661ms]
----------------------------------------------------------

----------------------------------------------------------
sample path: (IntersectionOutput) 
  order timepoint           sequence nr.                  node name     dropped samples
latency

Statistics:
  latency:                  29.0384ms [min=9.73455ms, max=47.796ms, average=22.4215ms, deviation=12.1862ms]
----------------------------------------------------------

----------------------------------------------------------
sample path: (IntersectionOutput) 
  order timepoint           sequence nr.                  node name     dropped samples
latency

Statistics:
  latency:                  9.80205ms [min=9.73455ms, max=47.796ms, average=22.273ms, deviation=12.1905ms]
----------------------------------------------------------

----------------------------------------------------------
sample path: (IntersectionOutput) 
  order timepoint           sequence nr.                  node name     dropped samples
latency

Statistics:
  latency:                  12.5519ms [min=9.73455ms, max=47.796ms, average=22.16ms, deviation=12.1638ms]
----------------------------------------------------------

----------------------------------------------------------
sample path: (IntersectionOutput) 
  order timepoint           sequence nr.                  node name     dropped samples
latency

Statistics:
  latency:                  32.5716ms [min=9.73455ms, max=47.796ms, average=22.2797ms, deviation=12.1443ms]
----------------------------------------------------------

----------------------------------------------------------
sample path: (VehicleDBWSystem) 
  order timepoint           sequence nr.                  node name     dropped samples
bp period
latency

Statistics:
  latency:                  164.948ms [min=156.39ms, max=266.713ms, average=201.187ms, deviation=38.0516ms]
hotpath
  hot path:                 FrontLidarDriver/RearLidarDriver -> ObjectCollisionEstimator
  hot path latency:         49.307ms [min=48.17ms, max=70.1039ms, average=58.4057ms, deviation=7.60431ms]
  hot path drops:           0 [min=0, max=0, average=0, deviation=0]
  behavior planner period:  99.961ms [min=94.3628ms, max=104.038ms, average=99.6792ms, deviation=2.41068ms]
----------------------------------------------------------

----------------------------------------------------------
sample path: (IntersectionOutput) 
  order timepoint           sequence nr.                  node name     dropped samples
latency

Statistics:
  latency:                  30.1245ms [min=9.73455ms, max=47.796ms, average=22.3688ms, deviation=12.1033ms]
----------------------------------------------------------

----------------------------------------------------------
sample path: (IntersectionOutput) 
  order timepoint           sequence nr.                  node name     dropped samples
latency

Statistics:
  latency:                  12.1878ms [min=9.73455ms, max=47.796ms, average=22.2544ms, deviation=12.0826ms]
----------------------------------------------------------

----------------------------------------------------------
sample path: (IntersectionOutput) 
  order timepoint           sequence nr.                  node name     dropped samples
latency

Statistics:
  latency:                  9.83045ms [min=9.73455ms, max=47.796ms, average=22.1164ms, deviation=12.0857ms]
----------------------------------------------------------

----------------------------------------------------------
sample path: (IntersectionOutput) 
  order timepoint           sequence nr.                  node name     dropped samples
latency

Statistics:
  latency:                  32.7589ms [min=9.73455ms, max=47.796ms, average=22.2333ms, deviation=12.07ms]
----------------------------------------------------------

----------------------------------------------------------
sample path: (VehicleDBWSystem) 
  order timepoint           sequence nr.                  node name     dropped samples
bp period
latency

Statistics:
  latency:                  164.645ms [min=156.39ms, max=266.713ms, average=199.725ms, deviation=37.9606ms]
hotpath
  hot path:                 FrontLidarDriver/RearLidarDriver -> ObjectCollisionEstimator
  hot path latency:         51.284ms [min=48.17ms, max=70.1039ms, average=58.1208ms, deviation=7.57924ms]
  hot path drops:           0 [min=0, max=0, average=0, deviation=0]
  behavior planner period:  104.074ms [min=94.3628ms, max=104.074ms, average=99.8623ms, deviation=2.52256ms]
----------------------------------------------------------

----------------------------------------------------------
sample path: (IntersectionOutput) 
  order timepoint           sequence nr.                  node name     dropped samples
latency

Statistics:
  latency:                  23.407ms [min=9.73455ms, max=47.796ms, average=22.2461ms, deviation=12.0041ms]
----------------------------------------------------------

----------------------------------------------------------
sample path: (IntersectionOutput) 
  order timepoint           sequence nr.                  node name     dropped samples
latency

Statistics:
  latency:                  14.0476ms [min=9.73455ms, max=47.796ms, average=22.1579ms, deviation=11.969ms]
----------------------------------------------------------

----------------------------------------------------------
sample path: (IntersectionOutput) 
  order timepoint           sequence nr.                  node name     dropped samples
latency

Statistics:
  latency:                  9.77515ms [min=9.73455ms, max=47.796ms, average=22.0262ms, deviation=11.9727ms]
----------------------------------------------------------

----------------------------------------------------------
sample path: (IntersectionOutput) 
  order timepoint           sequence nr.                  node name     dropped samples
latency

Statistics:
  latency:                  48.1531ms [min=9.73455ms, max=48.1531ms, average=22.3012ms, deviation=12.2068ms]
----------------------------------------------------------

----------------------------------------------------------
sample path: (VehicleDBWSystem) 
  order timepoint           sequence nr.                  node name     dropped samples
bp period
latency

Statistics:
  latency:                  255.441ms [min=156.39ms, max=266.713ms, average=201.868ms, deviation=38.7655ms]
hotpath
  hot path:                 FrontLidarDriver/RearLidarDriver -> ObjectCollisionEstimator
  hot path latency:         53.7944ms [min=48.17ms, max=70.1039ms, average=57.9544ms, deviation=7.47442ms]
  hot path drops:           0 [min=0, max=0, average=0, deviation=0]
  behavior planner period:  100.188ms [min=94.3628ms, max=104.074ms, average=99.8753ms, deviation=2.4703ms]
----------------------------------------------------------

----------------------------------------------------------
sample path: (IntersectionOutput) 
  order timepoint           sequence nr.                  node name     dropped samples
latency

Statistics:
  latency:                  13.1175ms [min=9.73455ms, max=48.1531ms, average=22.2056ms, deviation=12.1786ms]
----------------------------------------------------------

----------------------------------------------------------
sample path: (IntersectionOutput) 
  order timepoint           sequence nr.                  node name     dropped samples
latency

Statistics:
  latency:                  9.86795ms [min=9.73455ms, max=48.1531ms, average=22.0784ms, deviation=12.1795ms]
----------------------------------------------------------

----------------------------------------------------------
sample path: (VehicleDBWSystem) 
  order timepoint           sequence nr.                  node name     dropped samples
bp period
latency

Statistics:
  latency:                  225.946ms [min=156.39ms, max=266.713ms, average=202.76ms, deviation=38.294ms]
hotpath
  hot path:                 FrontLidarDriver/RearLidarDriver -> ObjectCollisionEstimator
  hot path latency:         67.0641ms [min=48.17ms, max=70.1039ms, average=58.2918ms, deviation=7.53603ms]
  hot path drops:           0 [min=0, max=0, average=0, deviation=0]
  behavior planner period:  98.6255ms [min=94.3628ms, max=104.074ms, average=99.8272ms, deviation=2.43277ms]
----------------------------------------------------------

----------------------------------------------------------
sample path: (IntersectionOutput) 
  order timepoint           sequence nr.                  node name     dropped samples
latency

Statistics:
  latency:                  41.0436ms [min=9.73455ms, max=48.1531ms, average=22.2719ms, deviation=12.2671ms]
----------------------------------------------------------

----------------------------------------------------------
sample path: (IntersectionOutput) 
  order timepoint           sequence nr.                  node name     dropped samples
latency

Statistics:
  latency:                  19.9015ms [min=9.73455ms, max=48.1531ms, average=22.2479ms, deviation=12.2067ms]
----------------------------------------------------------

----------------------------------------------------------
sample path: (IntersectionOutput) 
  order timepoint           sequence nr.                  node name     dropped samples
latency

Statistics:
  latency:                  16.6819ms [min=9.73455ms, max=48.1531ms, average=22.1923ms, deviation=12.1576ms]
----------------------------------------------------------

----------------------------------------------------------
sample path: (IntersectionOutput) 
  order timepoint           sequence nr.                  node name     dropped samples
latency

Statistics:
  latency:                  34.641ms [min=9.73455ms, max=48.1531ms, average=22.3155ms, deviation=12.16ms]
----------------------------------------------------------

----------------------------------------------------------
sample path: (VehicleDBWSystem) 
  order timepoint           sequence nr.                  node name     dropped samples
bp period
latency

Statistics:
  latency:                  246.202ms [min=156.39ms, max=266.713ms, average=204.311ms, deviation=38.4646ms]
hotpath
  hot path:                 FrontLidarDriver/RearLidarDriver -> ObjectCollisionEstimator
  hot path latency:         64.7875ms [min=48.17ms, max=70.1039ms, average=58.5238ms, deviation=7.49635ms]
  hot path drops:           0 [min=0, max=0, average=0, deviation=0]
  behavior planner period:  98.693ms [min=94.3628ms, max=104.074ms, average=99.7852ms, deviation=2.3955ms]
----------------------------------------------------------

----------------------------------------------------------
sample path: (IntersectionOutput) 
  order timepoint           sequence nr.                  node name     dropped samples
latency

Statistics:
  latency:                  69.9435ms [min=9.73455ms, max=69.9435ms, average=22.7825ms, deviation=12.9861ms]
----------------------------------------------------------

----------------------------------------------------------
sample path: (IntersectionOutput) 
  order timepoint           sequence nr.                  node name     dropped samples
latency

Statistics:
  latency:                  66.4679ms [min=9.73455ms, max=69.9435ms, average=23.2066ms, deviation=13.6204ms]
----------------------------------------------------------

----------------------------------------------------------
sample path: (VehicleDBWSystem) 
  order timepoint           sequence nr.                  node name     dropped samples
bp period
latency

Statistics:
  latency:                  257.598ms [min=156.39ms, max=266.713ms, average=206.149ms, deviation=39.046ms]
  behavior planner period:  115.393ms [min=94.3628ms, max=115.393ms, average=100.343ms, deviation=3.77177ms]
----------------------------------------------------------

----------------------------------------------------------
sample path: (VehicleDBWSystem) 
  order timepoint           sequence nr.                  node name     dropped samples
bp period
latency

Statistics:
  latency:                  288.395ms [min=156.39ms, max=288.395ms, average=208.89ms, deviation=41.2007ms]
hotpath
  hot path:                 FrontLidarDriver/RearLidarDriver -> ObjectCollisionEstimator
  hot path latency:         104.206ms [min=48.17ms, max=104.206ms, average=60.0991ms, deviation=11.2317ms]
  hot path drops:           0 [min=0, max=0, average=0, deviation=0]
  behavior planner period:  88.4646ms [min=88.4646ms, max=115.393ms, average=99.9331ms, deviation=4.31083ms]
----------------------------------------------------------

----------------------------------------------------------
sample path: (IntersectionOutput) 
  order timepoint           sequence nr.                  node name     dropped samples
latency

Statistics:
  latency:                  40.402ms [min=9.73455ms, max=69.9435ms, average=23.3719ms, deviation=13.6586ms]
----------------------------------------------------------

----------------------------------------------------------
sample path: (IntersectionOutput) 
  order timepoint           sequence nr.                  node name     dropped samples
latency

Statistics:
  latency:                  57.2826ms [min=9.73455ms, max=69.9435ms, average=23.6949ms, deviation=13.9898ms]
----------------------------------------------------------

----------------------------------------------------------
sample path: (VehicleDBWSystem) 
  order timepoint           sequence nr.                  node name     dropped samples
bp period
latency

Statistics:
  latency:                  160.942ms [min=156.39ms, max=288.395ms, average=207.344ms, deviation=41.4135ms]
hotpath
  hot path:                 FrontLidarDriver/RearLidarDriver -> ObjectCollisionEstimator
  hot path latency:         93.9127ms [min=48.17ms, max=104.206ms, average=61.2262ms, deviation=12.6456ms]
  hot path drops:           0 [min=0, max=0, average=0, deviation=0]
  behavior planner period:  103.557ms [min=88.4646ms, max=115.393ms, average=100.054ms, deviation=4.28722ms]
----------------------------------------------------------

----------------------------------------------------------
sample path: (IntersectionOutput) 
  order timepoint           sequence nr.                  node name     dropped samples
latency

Statistics:
  latency:                  38.2371ms [min=9.73455ms, max=69.9435ms, average=23.8321ms, deviation=13.9945ms]
----------------------------------------------------------

----------------------------------------------------------
sample path: (IntersectionOutput) 
  order timepoint           sequence nr.                  node name     dropped samples
latency

Statistics:
  latency:                  21.4668ms [min=9.73455ms, max=69.9435ms, average=23.81ms, deviation=13.9302ms]
----------------------------------------------------------

----------------------------------------------------------
sample path: (VehicleDBWSystem) 
  order timepoint           sequence nr.                  node name     dropped samples
bp period
latency

Statistics:
  latency:                  153.975ms [min=153.975ms, max=288.395ms, average=205.676ms, deviation=41.8182ms]
hotpath
  hot path:                 FrontLidarDriver/RearLidarDriver -> ObjectCollisionEstimator
  hot path latency:         77.1388ms [min=48.17ms, max=104.206ms, average=61.7395ms, deviation=12.7573ms]
  hot path drops:           0 [min=0, max=0, average=0, deviation=0]
  behavior planner period:  96.2484ms [min=88.4646ms, max=115.393ms, average=99.9311ms, deviation=4.27022ms]
----------------------------------------------------------

----------------------------------------------------------
sample path: (IntersectionOutput) 
  order timepoint           sequence nr.                  node name     dropped samples
latency

Statistics:
  latency:                  49.3377ms [min=9.73455ms, max=69.9435ms, average=24.0464ms, deviation=14.0809ms]
----------------------------------------------------------

----------------------------------------------------------
sample path: (IntersectionOutput) 
  order timepoint           sequence nr.                  node name     dropped samples
latency

Statistics:
  latency:                  20.634ms [min=9.73455ms, max=69.9435ms, average=24.0151ms, deviation=14.0193ms]
----------------------------------------------------------

----------------------------------------------------------
sample path: (IntersectionOutput) 
  order timepoint           sequence nr.                  node name     dropped samples
latency

Statistics:
  latency:                  10.277ms [min=9.73455ms, max=69.9435ms, average=23.8902ms, deviation=14.0162ms]
----------------------------------------------------------

----------------------------------------------------------
sample path: (VehicleDBWSystem) 
  order timepoint           sequence nr.                  node name     dropped samples
bp period
latency

Statistics:
  latency:                  204.098ms [min=153.975ms, max=288.395ms, average=205.628ms, deviation=41.1605ms]
hotpath
  hot path:                 FrontLidarDriver/RearLidarDriver -> ObjectCollisionEstimator
  hot path latency:         78.409ms [min=48.17ms, max=104.206ms, average=62.2604ms, deviation=12.8912ms]
  hot path drops:           0 [min=0, max=0, average=0, deviation=0]
  behavior planner period:  97.4565ms [min=88.4646ms, max=115.393ms, average=99.8538ms, deviation=4.22349ms]
----------------------------------------------------------

----------------------------------------------------------
sample path: (IntersectionOutput) 
  order timepoint           sequence nr.                  node name     dropped samples
latency

Statistics:
  latency:                  41.5055ms [min=9.73455ms, max=69.9435ms, average=24.0489ms, deviation=14.0522ms]
----------------------------------------------------------

----------------------------------------------------------
sample path: (IntersectionOutput) 
  order timepoint           sequence nr.                  node name     dropped samples
latency

Statistics:
  latency:                  19.297ms [min=9.73455ms, max=69.9435ms, average=24.0064ms, deviation=13.996ms]
----------------------------------------------------------

----------------------------------------------------------
sample path: (IntersectionOutput) 
  order timepoint           sequence nr.                  node name     dropped samples
latency

Statistics:
  latency:                  9.83905ms [min=9.73455ms, max=69.9435ms, average=23.8811ms, deviation=13.9969ms]
----------------------------------------------------------

----------------------------------------------------------
sample path: (IntersectionOutput) 
  order timepoint           sequence nr.                  node name     dropped samples
latency

Statistics:
  latency:                  34.9363ms [min=9.73455ms, max=69.9435ms, average=23.978ms, deviation=13.9733ms]
----------------------------------------------------------

----------------------------------------------------------
sample path: (VehicleDBWSystem) 
  order timepoint           sequence nr.                  node name     dropped samples
bp period
latency

Statistics:
  latency:                  236.314ms [min=153.975ms, max=288.395ms, average=206.531ms, deviation=40.8723ms]
hotpath
  hot path:                 FrontLidarDriver/RearLidarDriver -> ObjectCollisionEstimator
  hot path latency:         66.9795ms [min=48.17ms, max=104.206ms, average=62.4034ms, deviation=12.7148ms]
  hot path drops:           0 [min=0, max=0, average=0, deviation=0]
  behavior planner period:  97.2477ms [min=88.4646ms, max=115.393ms, average=99.7748ms, deviation=4.18166ms]
----------------------------------------------------------

----------------------------------------------------------
sample path: (IntersectionOutput) 
  order timepoint           sequence nr.                  node name     dropped samples
latency

Statistics:
  latency:                  41.6032ms [min=9.73455ms, max=69.9435ms, average=24.1313ms, deviation=14.0086ms]
----------------------------------------------------------

----------------------------------------------------------
sample path: (IntersectionOutput) 
  order timepoint           sequence nr.                  node name     dropped samples
latency

Statistics:
  latency:                  19.4922ms [min=9.73455ms, max=69.9435ms, average=24.0913ms, deviation=13.9542ms]
----------------------------------------------------------

----------------------------------------------------------
sample path: (IntersectionOutput) 
  order timepoint           sequence nr.                  node name     dropped samples
latency

Statistics:
  latency:                  9.82405ms [min=9.73455ms, max=69.9435ms, average=23.9694ms, deviation=13.9564ms]
----------------------------------------------------------

----------------------------------------------------------
sample path: (IntersectionOutput) 
  order timepoint           sequence nr.                  node name     dropped samples
latency

Statistics:
  latency:                  28.9488ms [min=9.73455ms, max=69.9435ms, average=24.0116ms, deviation=13.9042ms]
----------------------------------------------------------

----------------------------------------------------------
sample path: (VehicleDBWSystem) 
  order timepoint           sequence nr.                  node name     dropped samples
bp period
latency

Statistics:
  latency:                  164.959ms [min=153.975ms, max=288.395ms, average=205.343ms, deviation=40.8753ms]
hotpath
  hot path:                 FrontLidarDriver/RearLidarDriver -> ObjectCollisionEstimator
  hot path latency:         58.3568ms [min=48.17ms, max=104.206ms, average=62.2844ms, deviation=12.5398ms]
  hot path drops:           0 [min=0, max=0, average=0, deviation=0]
  behavior planner period:  99.9994ms [min=88.4646ms, max=115.393ms, average=99.7814ms, deviation=4.11799ms]
----------------------------------------------------------

----------------------------------------------------------
sample path: (IntersectionOutput) 
  order timepoint           sequence nr.                  node name     dropped samples
latency

Statistics:
  latency:                  23.217ms [min=9.73455ms, max=69.9435ms, average=24.0049ms, deviation=13.8453ms]
----------------------------------------------------------

----------------------------------------------------------
sample path: (IntersectionOutput) 
  order timepoint           sequence nr.                  node name     dropped samples
latency

Statistics:
  latency:                  9.79365ms [min=9.73455ms, max=69.9435ms, average=23.8865ms, deviation=13.8479ms]
----------------------------------------------------------

----------------------------------------------------------
sample path: (IntersectionOutput) 
  order timepoint           sequence nr.                  node name     dropped samples
latency

Statistics:
  latency:                  19.1145ms [min=9.73455ms, max=69.9435ms, average=23.847ms, deviation=13.7969ms]
----------------------------------------------------------

----------------------------------------------------------
sample path: (IntersectionOutput) 
  order timepoint           sequence nr.                  node name     dropped samples
latency

Statistics:
  latency:                  30.4533ms [min=9.73455ms, max=69.9435ms, average=23.9012ms, deviation=13.7528ms]
----------------------------------------------------------

----------------------------------------------------------
sample path: (VehicleDBWSystem) 
  order timepoint           sequence nr.                  node name     dropped samples
bp period
latency

Statistics:
  latency:                  167.138ms [min=153.975ms, max=288.395ms, average=204.282ms, deviation=40.7872ms]
hotpath
  hot path:                 FrontLidarDriver/RearLidarDriver -> ObjectCollisionEstimator
  hot path latency:         48.2209ms [min=48.17ms, max=104.206ms, average=61.8826ms, deviation=12.5807ms]
  hot path drops:           0 [min=0, max=0, average=0, deviation=0]
  behavior planner period:  102.427ms [min=88.4646ms, max=115.393ms, average=99.857ms, deviation=4.08155ms]
----------------------------------------------------------

----------------------------------------------------------
sample path: (IntersectionOutput) 
  order timepoint           sequence nr.                  node name     dropped samples
latency

Statistics:
  latency:                  29.0019ms [min=9.73455ms, max=69.9435ms, average=23.9426ms, deviation=13.7041ms]
----------------------------------------------------------

----------------------------------------------------------
sample path: (IntersectionOutput) 
  order timepoint           sequence nr.                  node name     dropped samples
latency

Statistics:
  latency:                  11.571ms [min=9.73455ms, max=69.9435ms, average=23.8429ms, deviation=13.6934ms]
----------------------------------------------------------

----------------------------------------------------------
sample path: (IntersectionOutput) 
  order timepoint           sequence nr.                  node name     dropped samples
latency

Statistics:
  latency:                  9.82355ms [min=9.73455ms, max=69.9435ms, average=23.7307ms, deviation=13.6956ms]
----------------------------------------------------------

----------------------------------------------------------
sample path: (IntersectionOutput) 
  order timepoint           sequence nr.                  node name     dropped samples
latency

Statistics:
  latency:                  33.1149ms [min=9.73455ms, max=69.9435ms, average=23.8052ms, deviation=13.6663ms]
----------------------------------------------------------

----------------------------------------------------------
sample path: (VehicleDBWSystem) 
  order timepoint           sequence nr.                  node name     dropped samples
bp period
latency

Statistics:
  latency:                  169.133ms [min=153.975ms, max=288.395ms, average=203.332ms, deviation=40.6297ms]
hotpath
  hot path:                 FrontLidarDriver/RearLidarDriver -> ObjectCollisionEstimator
  hot path latency:         47.9436ms [min=47.9436ms, max=104.206ms, average=61.4954ms, deviation=12.6154ms]
  hot path drops:           0 [min=0, max=0, average=0, deviation=0]
  behavior planner period:  101.932ms [min=88.4646ms, max=115.393ms, average=99.9147ms, deviation=4.03766ms]
----------------------------------------------------------

----------------------------------------------------------
sample path: (IntersectionOutput) 
  order timepoint           sequence nr.                  node name     dropped samples
latency

Statistics:
  latency:                  24.2686ms [min=9.73455ms, max=69.9435ms, average=23.8088ms, deviation=13.612ms]
----------------------------------------------------------

----------------------------------------------------------
sample path: (IntersectionOutput) 
  order timepoint           sequence nr.                  node name     dropped samples
latency

Statistics:
  latency:                  14.8673ms [min=9.73455ms, max=69.9435ms, average=23.739ms, deviation=13.5813ms]
----------------------------------------------------------

----------------------------------------------------------
sample path: (IntersectionOutput) 
  order timepoint           sequence nr.                  node name     dropped samples
latency

Statistics:
  latency:                  9.73825ms [min=9.73455ms, max=69.9435ms, average=23.6304ms, deviation=13.5842ms]
----------------------------------------------------------

----------------------------------------------------------
sample path: (IntersectionOutput) 
  order timepoint           sequence nr.                  node name     dropped samples
latency

Statistics:
  latency:                  47.788ms [min=9.73455ms, max=69.9435ms, average=23.8163ms, deviation=13.6963ms]
----------------------------------------------------------

----------------------------------------------------------
sample path: (VehicleDBWSystem) 
  order timepoint           sequence nr.                  node name     dropped samples
bp period
latency

Statistics:
  latency:                  249.72ms [min=153.975ms, max=288.395ms, average=204.552ms, deviation=40.7773ms]
hotpath
  hot path:                 FrontLidarDriver/RearLidarDriver -> ObjectCollisionEstimator
  hot path latency:         53.2708ms [min=47.9436ms, max=104.206ms, average=61.2731ms, deviation=12.5122ms]
  hot path drops:           0 [min=0, max=0, average=0, deviation=0]
  behavior planner period:  99.7437ms [min=88.4646ms, max=115.393ms, average=99.91ms, deviation=3.98129ms]
----------------------------------------------------------

----------------------------------------------------------
sample path: (IntersectionOutput) 
  order timepoint           sequence nr.                  node name     dropped samples
latency

Statistics:
  latency:                  15.5796ms [min=9.73455ms, max=69.9435ms, average=23.7534ms, deviation=13.6625ms]
----------------------------------------------------------

----------------------------------------------------------
sample path: (IntersectionOutput) 
  order timepoint           sequence nr.                  node name     dropped samples
latency

Statistics:
  latency:                  9.80195ms [min=9.73455ms, max=69.9435ms, average=23.6477ms, deviation=13.6643ms]
----------------------------------------------------------

----------------------------------------------------------
sample path: (VehicleDBWSystem) 
  order timepoint           sequence nr.                  node name     dropped samples
bp period
latency

Statistics:
  latency:                  225.051ms [min=153.975ms, max=288.395ms, average=205.078ms, deviation=40.3708ms]
hotpath
  hot path:                 FrontLidarDriver/RearLidarDriver -> ObjectCollisionEstimator
  hot path latency:         69.0028ms [min=47.9436ms, max=104.206ms, average=61.4765ms, deviation=12.4055ms]
  hot path drops:           0 [min=0, max=0, average=0, deviation=0]
  behavior planner period:  98.6994ms [min=88.4646ms, max=115.393ms, average=99.8782ms, deviation=3.93203ms]
----------------------------------------------------------

----------------------------------------------------------
sample path: (IntersectionOutput) 
  order timepoint           sequence nr.                  node name     dropped samples
latency

Statistics:
  latency:                  40.87ms [min=9.73455ms, max=69.9435ms, average=23.7772ms, deviation=13.6942ms]
----------------------------------------------------------

----------------------------------------------------------
sample path: (IntersectionOutput) 
  order timepoint           sequence nr.                  node name     dropped samples
latency

Statistics:
  latency:                  19.4111ms [min=9.73455ms, max=69.9435ms, average=23.7446ms, deviation=13.6478ms]
----------------------------------------------------------

----------------------------------------------------------
sample path: (IntersectionOutput) 
  order timepoint           sequence nr.                  node name     dropped samples
latency

Statistics:
  latency:                  9.77725ms [min=9.73455ms, max=69.9435ms, average=23.6412ms, deviation=13.6498ms]
----------------------------------------------------------

----------------------------------------------------------
sample path: (IntersectionOutput) 
  order timepoint           sequence nr.                  node name     dropped samples
latency

Statistics:
  latency:                  34.5075ms [min=9.73455ms, max=69.9435ms, average=23.7211ms, deviation=13.631ms]
----------------------------------------------------------

----------------------------------------------------------
sample path: (VehicleDBWSystem) 
  order timepoint           sequence nr.                  node name     dropped samples
bp period
latency

Statistics:
  latency:                  230.587ms [min=153.975ms, max=288.395ms, average=205.716ms, deviation=40.0535ms]
hotpath
  hot path:                 FrontLidarDriver/RearLidarDriver -> ObjectCollisionEstimator
  hot path latency:         64.433ms [min=47.9436ms, max=104.206ms, average=61.5523ms, deviation=12.2504ms]
  hot path drops:           0 [min=0, max=0, average=0, deviation=0]
  behavior planner period:  97.1866ms [min=88.4646ms, max=115.393ms, average=99.8092ms, deviation=3.90381ms]
----------------------------------------------------------

----------------------------------------------------------
sample path: (IntersectionOutput) 
  order timepoint           sequence nr.                  node name     dropped samples
latency

Statistics:
  latency:                  41.8819ms [min=9.73455ms, max=69.9435ms, average=23.8536ms, deviation=13.6692ms]
----------------------------------------------------------

----------------------------------------------------------
sample path: (IntersectionOutput) 
  order timepoint           sequence nr.                  node name     dropped samples
latency

Statistics:
  latency:                  19.4581ms [min=9.73455ms, max=69.9435ms, average=23.8218ms, deviation=13.6243ms]
----------------------------------------------------------

----------------------------------------------------------
sample path: (IntersectionOutput) 
  order timepoint           sequence nr.                  node name     dropped samples
latency

Statistics:
  latency:                  9.81295ms [min=9.73455ms, max=69.9435ms, average=23.721ms, deviation=13.6268ms]
----------------------------------------------------------

----------------------------------------------------------
sample path: (IntersectionOutput) 
  order timepoint           sequence nr.                  node name     dropped samples
latency

Statistics:
  latency:                  28.8775ms [min=9.73455ms, max=69.9435ms, average=23.7578ms, deviation=13.5847ms]
----------------------------------------------------------

----------------------------------------------------------
sample path: (VehicleDBWSystem) 
  order timepoint           sequence nr.                  node name     dropped samples
bp period
latency

Statistics:
  latency:                  164.881ms [min=153.975ms, max=288.395ms, average=204.72ms, deviation=40.0605ms]
hotpath
  hot path:                 FrontLidarDriver/RearLidarDriver -> ObjectCollisionEstimator
  hot path latency:         58.1489ms [min=47.9436ms, max=104.206ms, average=61.4672ms, deviation=12.1042ms]
  hot path drops:           0 [min=0, max=0, average=0, deviation=0]
  behavior planner period:  99.9998ms [min=88.4646ms, max=115.393ms, average=99.8139ms, deviation=3.85355ms]
----------------------------------------------------------

----------------------------------------------------------
sample path: (IntersectionOutput) 
  order timepoint           sequence nr.                  node name     dropped samples
latency

Statistics:
  latency:                  23.2105ms [min=9.73455ms, max=69.9435ms, average=23.7539ms, deviation=13.5362ms]
----------------------------------------------------------

----------------------------------------------------------
sample path: (IntersectionOutput) 
  order timepoint           sequence nr.                  node name     dropped samples
latency

Statistics:
  latency:                  9.72105ms [min=9.72105ms, max=69.9435ms, average=23.6551ms, deviation=13.5394ms]
----------------------------------------------------------

----------------------------------------------------------
sample path: (IntersectionOutput) 
  order timepoint           sequence nr.                  node name     dropped samples
latency

Statistics:
  latency:                  17.5467ms [min=9.72105ms, max=69.9435ms, average=23.6124ms, deviation=13.5013ms]
----------------------------------------------------------

----------------------------------------------------------
sample path: (IntersectionOutput) 
  order timepoint           sequence nr.                  node name     dropped samples
latency

Statistics:
  latency:                  30.2087ms [min=9.72105ms, max=69.9435ms, average=23.6582ms, deviation=13.4652ms]
----------------------------------------------------------

----------------------------------------------------------
sample path: (VehicleDBWSystem) 
  order timepoint           sequence nr.                  node name     dropped samples
bp period
latency

Statistics:
  latency:                  167.502ms [min=153.975ms, max=288.395ms, average=203.834ms, deviation=39.9835ms]
hotpath
  hot path:                 FrontLidarDriver/RearLidarDriver -> ObjectCollisionEstimator
  hot path latency:         48.2019ms [min=47.9436ms, max=104.206ms, average=61.1437ms, deviation=12.1302ms]
  hot path drops:           0 [min=0, max=0, average=0, deviation=0]
  behavior planner period:  102.288ms [min=88.4646ms, max=115.393ms, average=99.8743ms, deviation=3.82464ms]
----------------------------------------------------------

----------------------------------------------------------
sample path: (IntersectionOutput) 
  order timepoint           sequence nr.                  node name     dropped samples
latency

Statistics:
  latency:                  29.4984ms [min=9.72105ms, max=69.9435ms, average=23.6985ms, deviation=13.4271ms]
----------------------------------------------------------

----------------------------------------------------------
sample path: (IntersectionOutput) 
  order timepoint           sequence nr.                  node name     dropped samples
latency

Statistics:
  latency:                  11.3272ms [min=9.72105ms, max=69.9435ms, average=23.6137ms, deviation=13.4199ms]
----------------------------------------------------------

----------------------------------------------------------
sample path: (IntersectionOutput) 
  order timepoint           sequence nr.                  node name     dropped samples
latency

Statistics:
  latency:                  9.74765ms [min=9.72105ms, max=69.9435ms, average=23.5194ms, deviation=13.4227ms]
----------------------------------------------------------

----------------------------------------------------------
sample path: (IntersectionOutput) 
  order timepoint           sequence nr.                  node name     dropped samples
latency

Statistics:
  latency:                  33.756ms [min=9.72105ms, max=69.9435ms, average=23.5886ms, deviation=13.4034ms]
----------------------------------------------------------

----------------------------------------------------------
sample path: (VehicleDBWSystem) 
  order timepoint           sequence nr.                  node name     dropped samples
bp period
latency

Statistics:
  latency:                  161.657ms [min=153.975ms, max=288.395ms, average=202.853ms, deviation=40.0248ms]
hotpath
  hot path:                 FrontLidarDriver/RearLidarDriver -> ObjectCollisionEstimator
  hot path latency:         48.2982ms [min=47.9436ms, max=104.206ms, average=60.8379ms, deviation=12.1442ms]
  hot path drops:           0 [min=0, max=0, average=0, deviation=0]
  behavior planner period:  101.914ms [min=88.4646ms, max=115.393ms, average=99.9228ms, deviation=3.7908ms]
----------------------------------------------------------

----------------------------------------------------------
sample path: (IntersectionOutput) 
  order timepoint           sequence nr.                  node name     dropped samples
latency

Statistics:
  latency:                  22.4082ms [min=9.72105ms, max=69.9435ms, average=23.5807ms, deviation=13.3583ms]
----------------------------------------------------------

----------------------------------------------------------
sample path: (IntersectionOutput) 
  order timepoint           sequence nr.                  node name     dropped samples
latency

Statistics:
  latency:                  12.9819ms [min=9.72105ms, max=69.9435ms, average=23.51ms, deviation=13.3415ms]
----------------------------------------------------------

----------------------------------------------------------
sample path: (IntersectionOutput) 
  order timepoint           sequence nr.                  node name     dropped samples
latency

Statistics:
  latency:                  9.73925ms [min=9.72105ms, max=69.9435ms, average=23.4188ms, deviation=13.3441ms]
----------------------------------------------------------

----------------------------------------------------------
sample path: (IntersectionOutput) 
  order timepoint           sequence nr.                  node name     dropped samples
latency

Statistics:
  latency:                  47.7317ms [min=9.72105ms, max=69.9435ms, average=23.5788ms, deviation=13.4453ms]
----------------------------------------------------------

----------------------------------------------------------
sample path: (VehicleDBWSystem) 
  order timepoint           sequence nr.                  node name     dropped samples
bp period
latency

Statistics:
  latency:                  249.708ms [min=153.975ms, max=288.395ms, average=203.918ms, deviation=40.1824ms]
hotpath
  hot path:                 FrontLidarDriver/RearLidarDriver -> ObjectCollisionEstimator
  hot path latency:         54.7469ms [min=47.9436ms, max=104.206ms, average=60.6962ms, deviation=12.0347ms]
  hot path drops:           0 [min=0, max=0, average=0, deviation=0]
  behavior planner period:  99.8188ms [min=88.4646ms, max=115.393ms, average=99.9204ms, deviation=3.74543ms]
----------------------------------------------------------

----------------------------------------------------------
sample path: (IntersectionOutput) 
  order timepoint           sequence nr.                  node name     dropped samples
latency

Statistics:
  latency:                  14.329ms [min=9.72105ms, max=69.9435ms, average=23.5183ms, deviation=13.4218ms]
----------------------------------------------------------

----------------------------------------------------------
sample path: (IntersectionOutput) 
  order timepoint           sequence nr.                  node name     dropped samples
latency

Statistics:
  latency:                  9.80785ms [min=9.72105ms, max=69.9435ms, average=23.4293ms, deviation=13.4234ms]
----------------------------------------------------------

----------------------------------------------------------
sample path: (VehicleDBWSystem) 
  order timepoint           sequence nr.                  node name     dropped samples
bp period
latency

Statistics:
  latency:                  225.075ms [min=153.975ms, max=288.395ms, average=204.388ms, deviation=39.8482ms]
hotpath
  hot path:                 FrontLidarDriver/RearLidarDriver -> ObjectCollisionEstimator
  hot path latency:         67.4355ms [min=47.9436ms, max=104.206ms, average=60.8494ms, deviation=11.9372ms]
  hot path drops:           0 [min=0, max=0, average=0, deviation=0]
  behavior planner period:  98.6258ms [min=88.4646ms, max=115.393ms, average=99.891ms, deviation=3.70677ms]
----------------------------------------------------------

----------------------------------------------------------
sample path: (IntersectionOutput) 
  order timepoint           sequence nr.                  node name     dropped samples
latency

Statistics:
  latency:                  41.4444ms [min=9.72105ms, max=69.9435ms, average=23.5455ms, deviation=13.4578ms]
----------------------------------------------------------

----------------------------------------------------------
sample path: (IntersectionOutput) 
  order timepoint           sequence nr.                  node name     dropped samples
latency

Statistics:
  latency:                  19.3351ms [min=9.72105ms, max=69.9435ms, average=23.5185ms, deviation=13.4186ms]
----------------------------------------------------------

----------------------------------------------------------
sample path: (IntersectionOutput) 
  order timepoint           sequence nr.                  node name     dropped samples
latency

Statistics:
  latency:                  9.83505ms [min=9.72105ms, max=69.9435ms, average=23.4314ms, deviation=13.42ms]
----------------------------------------------------------

----------------------------------------------------------
sample path: (IntersectionOutput) 
  order timepoint           sequence nr.                  node name     dropped samples
latency

Statistics:
  latency:                  34.3571ms [min=9.72105ms, max=69.9435ms, average=23.5005ms, deviation=13.4054ms]
----------------------------------------------------------

