----------------------------------------------------------
sample path: (IntersectionOutput) 
  order timepoint           sequence nr.                  node name     dropped samples
latency

Statistics:
  latency:                  125.865ms [min=125.865ms, max=125.865ms, average=125.865ms, deviation=-nanms]
----------------------------------------------------------

----------------------------------------------------------
sample path: (VehicleDBWSystem) 
  order timepoint           sequence nr.                  node name     dropped samples
latency

Statistics:
  latency:                  542.478ms [min=542.478ms, max=542.478ms, average=542.478ms, deviation=-nanms]
  behavior planner period:  0ms [min=1.84467e+13ms, max=0ms, average=0ms, deviation=0ms]
----------------------------------------------------------

----------------------------------------------------------
sample path: (IntersectionOutput) 
  order timepoint           sequence nr.                  node name     dropped samples
latency

Statistics:
  latency:                  164.531ms [min=125.865ms, max=164.531ms, average=145.198ms, deviation=27.3409ms]
----------------------------------------------------------

----------------------------------------------------------
sample path: (VehicleDBWSystem) 
  order timepoint           sequence nr.                  node name     dropped samples
bp period
latency

Statistics:
  latency:                  581.011ms [min=542.478ms, max=581.011ms, average=561.745ms, deviation=27.2474ms]
hotpath
  hot path:                 FrontLidarDriver/RearLidarDriver -> ObjectCollisionEstimator
  hot path latency:         232.172ms [min=232.172ms, max=232.172ms, average=232.172ms, deviation=-nanms]
  hot path drops:           0 [min=0, max=0, average=0, deviation=-nan]
  behavior planner period:  92.0859ms [min=92.0859ms, max=92.0859ms, average=92.0859ms, deviation=-nanms]
----------------------------------------------------------

----------------------------------------------------------
sample path: (IntersectionOutput) 
  order timepoint           sequence nr.                  node name     dropped samples
latency

Statistics:
  latency:                  164.296ms [min=125.865ms, max=164.531ms, average=151.564ms, deviation=22.2561ms]
----------------------------------------------------------

----------------------------------------------------------
sample path: (VehicleDBWSystem) 
  order timepoint           sequence nr.                  node name     dropped samples
bp period
latency

Statistics:
  latency:                  755.319ms [min=542.478ms, max=755.319ms, average=626.269ms, deviation=113.409ms]
  behavior planner period:  87.3201ms [min=87.3201ms, max=92.0859ms, average=89.703ms, deviation=3.36997ms]
----------------------------------------------------------

----------------------------------------------------------
sample path: (IntersectionOutput) 
  order timepoint           sequence nr.                  node name     dropped samples
latency

Statistics:
  latency:                  174.694ms [min=125.865ms, max=174.694ms, average=157.346ms, deviation=21.5399ms]
----------------------------------------------------------

----------------------------------------------------------
sample path: (VehicleDBWSystem) 
  order timepoint           sequence nr.                  node name     dropped samples
bp period
latency

Statistics:
  latency:                  698.174ms [min=542.478ms, max=755.319ms, average=644.246ms, deviation=99.3325ms]
  behavior planner period:  120.973ms [min=87.3201ms, max=120.973ms, average=100.126ms, deviation=18.2101ms]
----------------------------------------------------------

----------------------------------------------------------
sample path: (IntersectionOutput) 
  order timepoint           sequence nr.                  node name     dropped samples
latency

Statistics:
  latency:                  164.624ms [min=125.865ms, max=174.694ms, average=158.802ms, deviation=18.9359ms]
----------------------------------------------------------

----------------------------------------------------------
sample path: (VehicleDBWSystem) 
  order timepoint           sequence nr.                  node name     dropped samples
bp period
latency

Statistics:
  latency:                  639.951ms [min=542.478ms, max=755.319ms, average=643.387ms, deviation=86.0459ms]
  behavior planner period:  87.4853ms [min=87.3201ms, max=120.973ms, average=96.966ms, deviation=16.1561ms]
----------------------------------------------------------

----------------------------------------------------------
sample path: (IntersectionOutput) 
  order timepoint           sequence nr.                  node name     dropped samples
latency

Statistics:
  latency:                  164.755ms [min=125.865ms, max=174.694ms, average=159.794ms, deviation=17.1103ms]
----------------------------------------------------------

----------------------------------------------------------
sample path: (VehicleDBWSystem) 
  order timepoint           sequence nr.                  node name     dropped samples
bp period
latency

Statistics:
  latency:                  843.673ms [min=542.478ms, max=843.673ms, average=676.768ms, deviation=112.289ms]
hotpath
  hot path:                 FrontLidarDriver/RearLidarDriver -> ObjectCollisionEstimator
  hot path latency:         455.797ms [min=232.172ms, max=455.797ms, average=343.985ms, deviation=158.127ms]
  hot path drops:           0 [min=0, max=0, average=0, deviation=0]
  behavior planner period:  111.652ms [min=87.3201ms, max=120.973ms, average=99.9031ms, deviation=15.4564ms]
----------------------------------------------------------

----------------------------------------------------------
sample path: (IntersectionOutput) 
  order timepoint           sequence nr.                  node name     dropped samples
latency

Statistics:
  latency:                  174.482ms [min=125.865ms, max=174.694ms, average=161.892ms, deviation=16.5768ms]
----------------------------------------------------------

----------------------------------------------------------
sample path: (VehicleDBWSystem) 
  order timepoint           sequence nr.                  node name     dropped samples
bp period
latency

Statistics:
  latency:                  766.448ms [min=542.478ms, max=843.673ms, average=689.579ms, deviation=107.965ms]
hotpath
  hot path:                 FrontLidarDriver/RearLidarDriver -> ObjectCollisionEstimator
  hot path latency:         378.613ms [min=232.172ms, max=455.797ms, average=355.527ms, deviation=113.586ms]
  hot path drops:           2 [min=0, max=2, average=0.666667, deviation=1.1547]
  behavior planner period:  87.2266ms [min=87.2266ms, max=120.973ms, average=97.7904ms, deviation=14.7615ms]
----------------------------------------------------------

----------------------------------------------------------
sample path: (IntersectionOutput) 
  order timepoint           sequence nr.                  node name     dropped samples
latency

Statistics:
  latency:                  164.789ms [min=125.865ms, max=174.694ms, average=162.255ms, deviation=15.3812ms]
----------------------------------------------------------

----------------------------------------------------------
sample path: (VehicleDBWSystem) 
  order timepoint           sequence nr.                  node name     dropped samples
bp period
latency

Statistics:
  latency:                  775.658ms [min=542.478ms, max=843.673ms, average=700.339ms, deviation=104.486ms]
  behavior planner period:  106.714ms [min=87.2266ms, max=120.973ms, average=99.0652ms, deviation=13.8911ms]
----------------------------------------------------------

----------------------------------------------------------
sample path: (IntersectionOutput) 
  order timepoint           sequence nr.                  node name     dropped samples
latency

Statistics:
  latency:                  174.349ms [min=125.865ms, max=174.694ms, average=163.598ms, deviation=14.942ms]
----------------------------------------------------------

----------------------------------------------------------
sample path: (VehicleDBWSystem) 
  order timepoint           sequence nr.                  node name     dropped samples
bp period
latency

Statistics:
  latency:                  853.158ms [min=542.478ms, max=853.158ms, average=717.319ms, deviation=110.216ms]
hotpath
  hot path:                 FrontLidarDriver/RearLidarDriver -> ObjectCollisionEstimator
  hot path latency:         455.924ms [min=232.172ms, max=455.924ms, average=380.626ms, deviation=105.456ms]
  hot path drops:           0 [min=0, max=2, average=0.5, deviation=1]
  behavior planner period:  116.458ms [min=87.2266ms, max=120.973ms, average=101.239ms, deviation=14.2552ms]
----------------------------------------------------------

----------------------------------------------------------
sample path: (IntersectionOutput) 
  order timepoint           sequence nr.                  node name     dropped samples
latency

Statistics:
  latency:                  174.174ms [min=125.865ms, max=174.694ms, average=164.656ms, deviation=14.479ms]
----------------------------------------------------------

----------------------------------------------------------
sample path: (VehicleDBWSystem) 
  order timepoint           sequence nr.                  node name     dropped samples
bp period
latency

Statistics:
  latency:                  794.435ms [min=542.478ms, max=853.158ms, average=725.03ms, deviation=106.736ms]
hotpath
  hot path:                 FrontLidarDriver/RearLidarDriver -> ObjectCollisionEstimator
  hot path latency:         397.697ms [min=232.172ms, max=455.924ms, average=384.04ms, deviation=91.6464ms]
  hot path drops:           2 [min=0, max=2, average=0.8, deviation=1.09545]
  behavior planner period:  87.1435ms [min=87.1435ms, max=120.973ms, average=99.6731ms, deviation=14.1381ms]
----------------------------------------------------------

----------------------------------------------------------
sample path: (IntersectionOutput) 
  order timepoint           sequence nr.                  node name     dropped samples
latency

Statistics:
  latency:                  173.981ms [min=125.865ms, max=174.694ms, average=165.504ms, deviation=14.0208ms]
----------------------------------------------------------

----------------------------------------------------------
sample path: (VehicleDBWSystem) 
  order timepoint           sequence nr.                  node name     dropped samples
bp period
latency

Statistics:
  latency:                  784.365ms [min=542.478ms, max=853.158ms, average=730.424ms, deviation=102.827ms]
hotpath
  hot path:                 FrontLidarDriver/RearLidarDriver -> ObjectCollisionEstimator
  hot path latency:         397.16ms [min=232.172ms, max=455.924ms, average=386.227ms, deviation=82.1459ms]
  hot path drops:           2 [min=0, max=2, average=1, deviation=1.09545]
  behavior planner period:  87.2001ms [min=87.1435ms, max=120.973ms, average=98.4258ms, deviation=13.9009ms]
----------------------------------------------------------

----------------------------------------------------------
sample path: (IntersectionOutput) 
  order timepoint           sequence nr.                  node name     dropped samples
latency

Statistics:
  latency:                  164.438ms [min=125.865ms, max=174.694ms, average=165.415ms, deviation=13.3718ms]
----------------------------------------------------------

----------------------------------------------------------
sample path: (VehicleDBWSystem) 
  order timepoint           sequence nr.                  node name     dropped samples
bp period
latency

Statistics:
  latency:                  861.708ms [min=542.478ms, max=861.708ms, average=741.365ms, deviation=105.111ms]
  behavior planner period:  106.412ms [min=87.1435ms, max=120.973ms, average=99.1518ms, deviation=13.4055ms]
----------------------------------------------------------

----------------------------------------------------------
sample path: (IntersectionOutput) 
  order timepoint           sequence nr.                  node name     dropped samples
latency

Statistics:
  latency:                  174.128ms [min=125.865ms, max=174.694ms, average=166.085ms, deviation=13.0287ms]
----------------------------------------------------------

----------------------------------------------------------
sample path: (VehicleDBWSystem) 
  order timepoint           sequence nr.                  node name     dropped samples
bp period
latency

Statistics:
  latency:                  861.643ms [min=542.478ms, max=861.708ms, average=750.617ms, deviation=106.021ms]
hotpath
  hot path:                 FrontLidarDriver/RearLidarDriver -> ObjectCollisionEstimator
  hot path latency:         464.616ms [min=232.172ms, max=464.616ms, average=397.425ms, deviation=80.6295ms]
  hot path drops:           0 [min=0, max=2, average=0.857143, deviation=1.06904]
  behavior planner period:  116.148ms [min=87.1435ms, max=120.973ms, average=100.568ms, deviation=13.691ms]
----------------------------------------------------------

----------------------------------------------------------
sample path: (IntersectionOutput) 
  order timepoint           sequence nr.                  node name     dropped samples
latency

Statistics:
  latency:                  174.281ms [min=125.865ms, max=174.694ms, average=166.671ms, deviation=12.7077ms]
----------------------------------------------------------

----------------------------------------------------------
sample path: (VehicleDBWSystem) 
  order timepoint           sequence nr.                  node name     dropped samples
bp period
latency

Statistics:
  latency:                  784.127ms [min=542.478ms, max=861.708ms, average=753.011ms, deviation=102.255ms]
hotpath
  hot path:                 FrontLidarDriver/RearLidarDriver -> ObjectCollisionEstimator
  hot path latency:         396.534ms [min=232.172ms, max=464.616ms, average=397.314ms, deviation=74.6491ms]
  hot path drops:           2 [min=0, max=2, average=1, deviation=1.06904]
  behavior planner period:  87.2022ms [min=87.1435ms, max=120.973ms, average=99.54ms, deviation=13.6223ms]
----------------------------------------------------------

----------------------------------------------------------
sample path: (IntersectionOutput) 
  order timepoint           sequence nr.                  node name     dropped samples
latency

Statistics:
  latency:                  164.439ms [min=125.865ms, max=174.694ms, average=166.522ms, deviation=12.259ms]
----------------------------------------------------------

----------------------------------------------------------
sample path: (VehicleDBWSystem) 
  order timepoint           sequence nr.                  node name     dropped samples
bp period
latency

Statistics:
  latency:                  784.13ms [min=542.478ms, max=861.708ms, average=755.085ms, deviation=98.8623ms]
  behavior planner period:  106.704ms [min=87.1435ms, max=120.973ms, average=100.052ms, deviation=13.2272ms]
----------------------------------------------------------

----------------------------------------------------------
sample path: (IntersectionOutput) 
  order timepoint           sequence nr.                  node name     dropped samples
latency

Statistics:
  latency:                  174.009ms [min=125.865ms, max=174.694ms, average=166.99ms, deviation=11.9903ms]
----------------------------------------------------------

----------------------------------------------------------
sample path: (VehicleDBWSystem) 
  order timepoint           sequence nr.                  node name     dropped samples
bp period
latency

Statistics:
  latency:                  861.463ms [min=542.478ms, max=861.708ms, average=761.734ms, deviation=99.1435ms]
hotpath
  hot path:                 FrontLidarDriver/RearLidarDriver -> ObjectCollisionEstimator
  hot path latency:         464.743ms [min=232.172ms, max=464.743ms, average=404.806ms, deviation=73.3561ms]
  hot path drops:           0 [min=0, max=2, average=0.888889, deviation=1.05409]
  behavior planner period:  116.215ms [min=87.1435ms, max=120.973ms, average=101.129ms, deviation=13.4118ms]
----------------------------------------------------------

----------------------------------------------------------
sample path: (IntersectionOutput) 
  order timepoint           sequence nr.                  node name     dropped samples
latency

Statistics:
  latency:                  174.007ms [min=125.865ms, max=174.694ms, average=167.403ms, deviation=11.7337ms]
----------------------------------------------------------

----------------------------------------------------------
sample path: (VehicleDBWSystem) 
  order timepoint           sequence nr.                  node name     dropped samples
bp period
latency

Statistics:
  latency:                  793.487ms [min=542.478ms, max=861.708ms, average=763.602ms, deviation=96.3037ms]
hotpath
  hot path:                 FrontLidarDriver/RearLidarDriver -> ObjectCollisionEstimator
  hot path latency:         397.002ms [min=232.172ms, max=464.743ms, average=404.026ms, deviation=69.2048ms]
  hot path drops:           2 [min=0, max=2, average=1, deviation=1.05409]
  behavior planner period:  87.0381ms [min=87.0381ms, max=120.973ms, average=100.249ms, deviation=13.4274ms]
----------------------------------------------------------

----------------------------------------------------------
sample path: (IntersectionOutput) 
  order timepoint           sequence nr.                  node name     dropped samples
latency

Statistics:
  latency:                  173.904ms [min=125.865ms, max=174.694ms, average=167.764ms, deviation=11.486ms]
----------------------------------------------------------

----------------------------------------------------------
sample path: (VehicleDBWSystem) 
  order timepoint           sequence nr.                  node name     dropped samples
bp period
latency

Statistics:
  latency:                  783.553ms [min=542.478ms, max=861.708ms, average=764.71ms, deviation=93.5466ms]
hotpath
  hot path:                 FrontLidarDriver/RearLidarDriver -> ObjectCollisionEstimator
  hot path latency:         396.743ms [min=232.172ms, max=464.743ms, average=403.364ms, deviation=65.6901ms]
  hot path drops:           2 [min=0, max=2, average=1.09091, deviation=1.04447]
  behavior planner period:  87.0968ms [min=87.0381ms, max=120.973ms, average=99.4749ms, deviation=13.3866ms]
----------------------------------------------------------

----------------------------------------------------------
sample path: (IntersectionOutput) 
  order timepoint           sequence nr.                  node name     dropped samples
latency

Statistics:
  latency:                  164.286ms [min=125.865ms, max=174.694ms, average=167.581ms, deviation=11.1909ms]
----------------------------------------------------------

----------------------------------------------------------
sample path: (VehicleDBWSystem) 
  order timepoint           sequence nr.                  node name     dropped samples
bp period
latency

Statistics:
  latency:                  860.787ms [min=542.478ms, max=861.708ms, average=769.767ms, deviation=93.5448ms]
  behavior planner period:  106.358ms [min=87.0381ms, max=120.973ms, average=99.8573ms, deviation=13.0878ms]
----------------------------------------------------------

----------------------------------------------------------
sample path: (IntersectionOutput) 
  order timepoint           sequence nr.                  node name     dropped samples
latency

Statistics:
  latency:                  173.966ms [min=125.865ms, max=174.694ms, average=167.9ms, deviation=10.9856ms]
----------------------------------------------------------

----------------------------------------------------------
sample path: (VehicleDBWSystem) 
  order timepoint           sequence nr.                  node name     dropped samples
bp period
latency

Statistics:
  latency:                  860.76ms [min=542.478ms, max=861.708ms, average=774.316ms, deviation=93.2956ms]
hotpath
  hot path:                 FrontLidarDriver/RearLidarDriver -> ObjectCollisionEstimator
  hot path latency:         464.167ms [min=232.172ms, max=464.743ms, average=408.431ms, deviation=65.0461ms]
  hot path drops:           0 [min=0, max=2, average=1, deviation=1.04447]
  behavior planner period:  116.076ms [min=87.0381ms, max=120.973ms, average=100.711ms, deviation=13.2521ms]
----------------------------------------------------------

----------------------------------------------------------
sample path: (IntersectionOutput) 
  order timepoint           sequence nr.                  node name     dropped samples
latency

Statistics:
  latency:                  174.019ms [min=125.865ms, max=174.694ms, average=168.191ms, deviation=10.7904ms]
----------------------------------------------------------

----------------------------------------------------------
sample path: (VehicleDBWSystem) 
  order timepoint           sequence nr.                  node name     dropped samples
bp period
latency

Statistics:
  latency:                  783.262ms [min=542.478ms, max=861.708ms, average=774.742ms, deviation=90.9542ms]
hotpath
  hot path:                 FrontLidarDriver/RearLidarDriver -> ObjectCollisionEstimator
  hot path latency:         396.398ms [min=232.172ms, max=464.743ms, average=407.505ms, deviation=62.3662ms]
  hot path drops:           2 [min=0, max=2, average=1.07692, deviation=1.03775]
  behavior planner period:  87.0704ms [min=87.0381ms, max=120.973ms, average=100.029ms, deviation=13.2544ms]
----------------------------------------------------------

----------------------------------------------------------
sample path: (IntersectionOutput) 
  order timepoint           sequence nr.                  node name     dropped samples
latency

Statistics:
  latency:                  164.265ms [min=125.865ms, max=174.694ms, average=168.013ms, deviation=10.5636ms]
----------------------------------------------------------

----------------------------------------------------------
sample path: (VehicleDBWSystem) 
  order timepoint           sequence nr.                  node name     dropped samples
bp period
latency

Statistics:
  latency:                  783.312ms [min=542.478ms, max=861.708ms, average=775.132ms, deviation=88.781ms]
  behavior planner period:  106.497ms [min=87.0381ms, max=120.973ms, average=100.337ms, deviation=12.9957ms]
----------------------------------------------------------

----------------------------------------------------------
sample path: (IntersectionOutput) 
  order timepoint           sequence nr.                  node name     dropped samples
latency

Statistics:
  latency:                  173.884ms [min=125.865ms, max=174.694ms, average=168.268ms, deviation=10.3931ms]
----------------------------------------------------------

----------------------------------------------------------
sample path: (VehicleDBWSystem) 
  order timepoint           sequence nr.                  node name     dropped samples
bp period
latency

Statistics:
  latency:                  860.643ms [min=542.478ms, max=861.708ms, average=778.85ms, deviation=88.5535ms]
hotpath
  hot path:                 FrontLidarDriver/RearLidarDriver -> ObjectCollisionEstimator
  hot path latency:         464.214ms [min=232.172ms, max=464.743ms, average=411.556ms, deviation=61.8066ms]
  hot path drops:           0 [min=0, max=2, average=1, deviation=1.03775]
  behavior planner period:  116.076ms [min=87.0381ms, max=120.973ms, average=101.052ms, deviation=13.1189ms]
----------------------------------------------------------

----------------------------------------------------------
sample path: (IntersectionOutput) 
  order timepoint           sequence nr.                  node name     dropped samples
latency

Statistics:
  latency:                  173.935ms [min=125.865ms, max=174.694ms, average=168.504ms, deviation=10.2302ms]
----------------------------------------------------------

----------------------------------------------------------
sample path: (VehicleDBWSystem) 
  order timepoint           sequence nr.                  node name     dropped samples
bp period
latency

Statistics:
  latency:                  792.943ms [min=542.478ms, max=861.708ms, average=779.437ms, deviation=86.6547ms]
hotpath
  hot path:                 FrontLidarDriver/RearLidarDriver -> ObjectCollisionEstimator
  hot path latency:         396.493ms [min=232.172ms, max=464.743ms, average=410.551ms, deviation=59.6852ms]
  hot path drops:           2 [min=0, max=2, average=1.06667, deviation=1.0328]
  behavior planner period:  87.0337ms [min=87.0337ms, max=120.973ms, average=100.443ms, deviation=13.1464ms]
----------------------------------------------------------

----------------------------------------------------------
sample path: (IntersectionOutput) 
  order timepoint           sequence nr.                  node name     dropped samples
latency

Statistics:
  latency:                  173.981ms [min=125.865ms, max=174.694ms, average=168.723ms, deviation=10.0745ms]
----------------------------------------------------------

----------------------------------------------------------
sample path: (VehicleDBWSystem) 
  order timepoint           sequence nr.                  node name     dropped samples
bp period
latency

Statistics:
  latency:                  783.506ms [min=542.478ms, max=861.708ms, average=779.6ms, deviation=84.8341ms]
hotpath
  hot path:                 FrontLidarDriver/RearLidarDriver -> ObjectCollisionEstimator
  hot path latency:         396.393ms [min=232.172ms, max=464.743ms, average=409.667ms, deviation=57.7699ms]
  hot path drops:           2 [min=0, max=2, average=1.125, deviation=1.0247]
  behavior planner period:  87.0474ms [min=87.0337ms, max=120.973ms, average=99.8847ms, deviation=13.1449ms]
----------------------------------------------------------

----------------------------------------------------------
sample path: (IntersectionOutput) 
  order timepoint           sequence nr.                  node name     dropped samples
latency

Statistics:
  latency:                  164.516ms [min=125.865ms, max=174.694ms, average=168.562ms, deviation=9.90542ms]
----------------------------------------------------------

