----------------------------------------------------------
sample path: (IntersectionOutput) 
  order timepoint           sequence nr.                  node name     dropped samples
latency

Statistics:
  latency:                  53.4812ms [min=53.4812ms, max=53.4812ms, average=53.4812ms, deviation=-nanms]
----------------------------------------------------------

----------------------------------------------------------
sample path: (VehicleDBWSystem) 
  order timepoint           sequence nr.                  node name     dropped samples
latency

Statistics:
  latency:                  256.857ms [min=256.857ms, max=256.857ms, average=256.857ms, deviation=-nanms]
hotpath
  hot path:                 FrontLidarDriver/RearLidarDriver -> ObjectCollisionEstimator
  hot path latency:         133.595ms [min=133.595ms, max=133.595ms, average=133.595ms, deviation=-nanms]
  hot path drops:           0 [min=0, max=0, average=0, deviation=-nan]
  behavior planner period:  0ms [min=1.84467e+13ms, max=0ms, average=0ms, deviation=0ms]
----------------------------------------------------------

----------------------------------------------------------
sample path: (IntersectionOutput) 
  order timepoint           sequence nr.                  node name     dropped samples
latency

Statistics:
  latency:                  69.8011ms [min=53.4812ms, max=69.8011ms, average=61.6412ms, deviation=11.5399ms]
----------------------------------------------------------

----------------------------------------------------------
sample path: (IntersectionOutput) 
  order timepoint           sequence nr.                  node name     dropped samples
latency

Statistics:
  latency:                  40.7204ms [min=40.7204ms, max=69.8011ms, average=54.6676ms, deviation=14.5766ms]
----------------------------------------------------------

----------------------------------------------------------
sample path: (VehicleDBWSystem) 
  order timepoint           sequence nr.                  node name     dropped samples
bp period
latency

Statistics:
  latency:                  255.665ms [min=255.665ms, max=256.857ms, average=256.261ms, deviation=0.842628ms]
hotpath
  hot path:                 FrontLidarDriver/RearLidarDriver -> ObjectCollisionEstimator
  hot path latency:         100.812ms [min=100.812ms, max=133.595ms, average=117.204ms, deviation=23.1808ms]
  hot path drops:           0 [min=0, max=0, average=0, deviation=0]
  behavior planner period:  98.401ms [min=98.401ms, max=98.401ms, average=98.401ms, deviation=-nanms]
----------------------------------------------------------

----------------------------------------------------------
sample path: (IntersectionOutput) 
  order timepoint           sequence nr.                  node name     dropped samples
latency

Statistics:
  latency:                  57.2853ms [min=40.7204ms, max=69.8011ms, average=55.322ms, deviation=11.9735ms]
----------------------------------------------------------

----------------------------------------------------------
sample path: (IntersectionOutput) 
  order timepoint           sequence nr.                  node name     dropped samples
latency

Statistics:
  latency:                  40.2213ms [min=40.2213ms, max=69.8011ms, average=52.3019ms, deviation=12.3746ms]
----------------------------------------------------------

----------------------------------------------------------
sample path: (VehicleDBWSystem) 
  order timepoint           sequence nr.                  node name     dropped samples
bp period
latency

Statistics:
  latency:                  265.182ms [min=255.665ms, max=265.182ms, average=259.235ms, deviation=5.18484ms]
hotpath
  hot path:                 FrontLidarDriver/RearLidarDriver -> ObjectCollisionEstimator
  hot path latency:         110.169ms [min=100.812ms, max=133.595ms, average=114.859ms, deviation=16.8871ms]
  hot path drops:           0 [min=0, max=0, average=0, deviation=0]
  behavior planner period:  109.749ms [min=98.401ms, max=109.749ms, average=104.075ms, deviation=8.02434ms]
----------------------------------------------------------

----------------------------------------------------------
sample path: (IntersectionOutput) 
  order timepoint           sequence nr.                  node name     dropped samples
latency

Statistics:
  latency:                  64.3661ms [min=40.2213ms, max=69.8011ms, average=54.3126ms, deviation=12.1145ms]
----------------------------------------------------------

----------------------------------------------------------
sample path: (IntersectionOutput) 
  order timepoint           sequence nr.                  node name     dropped samples
latency

Statistics:
  latency:                  52.5846ms [min=40.2213ms, max=69.8011ms, average=54.0657ms, deviation=11.0783ms]
----------------------------------------------------------

----------------------------------------------------------
sample path: (VehicleDBWSystem) 
  order timepoint           sequence nr.                  node name     dropped samples
bp period
latency

Statistics:
  latency:                  292.719ms [min=255.665ms, max=292.719ms, average=267.606ms, deviation=17.269ms]
hotpath
  hot path:                 FrontLidarDriver/RearLidarDriver -> ObjectCollisionEstimator
  hot path latency:         122.217ms [min=100.812ms, max=133.595ms, average=116.698ms, deviation=14.2706ms]
  hot path drops:           0 [min=0, max=0, average=0, deviation=0]
  behavior planner period:  97.7896ms [min=97.7896ms, max=109.749ms, average=101.98ms, deviation=6.73529ms]
----------------------------------------------------------

----------------------------------------------------------
sample path: (IntersectionOutput) 
  order timepoint           sequence nr.                  node name     dropped samples
latency

Statistics:
  latency:                  69.0331ms [min=40.2213ms, max=69.8011ms, average=55.9366ms, deviation=11.5411ms]
----------------------------------------------------------

----------------------------------------------------------
sample path: (VehicleDBWSystem) 
  order timepoint           sequence nr.                  node name     dropped samples
bp period
latency

Statistics:
  latency:                  284.269ms [min=255.665ms, max=292.719ms, average=270.938ms, deviation=16.7093ms]
hotpath
  hot path:                 FrontLidarDriver/RearLidarDriver -> ObjectCollisionEstimator
  hot path latency:         134.546ms [min=100.812ms, max=134.546ms, average=120.268ms, deviation=14.7121ms]
  hot path drops:           0 [min=0, max=0, average=0, deviation=0]
  behavior planner period:  97.603ms [min=97.603ms, max=109.749ms, average=100.886ms, deviation=5.9188ms]
----------------------------------------------------------

----------------------------------------------------------
sample path: (IntersectionOutput) 
  order timepoint           sequence nr.                  node name     dropped samples
latency

Statistics:
  latency:                  64.6322ms [min=40.2213ms, max=69.8011ms, average=56.9028ms, deviation=11.1781ms]
----------------------------------------------------------

----------------------------------------------------------
sample path: (IntersectionOutput) 
  order timepoint           sequence nr.                  node name     dropped samples
latency

Statistics:
  latency:                  60.9083ms [min=40.2213ms, max=69.8011ms, average=57.3034ms, deviation=10.6146ms]
----------------------------------------------------------

----------------------------------------------------------
sample path: (VehicleDBWSystem) 
  order timepoint           sequence nr.                  node name     dropped samples
bp period
latency

Statistics:
  latency:                  341.174ms [min=255.665ms, max=341.174ms, average=282.644ms, deviation=32.3346ms]
hotpath
  hot path:                 FrontLidarDriver/RearLidarDriver -> ObjectCollisionEstimator
  hot path latency:         130.664ms [min=100.812ms, max=134.546ms, average=122ms, deviation=13.8264ms]
  hot path drops:           0 [min=0, max=0, average=0, deviation=0]
  behavior planner period:  97.8331ms [min=97.603ms, max=109.749ms, average=100.275ms, deviation=5.30451ms]
----------------------------------------------------------

----------------------------------------------------------
sample path: (IntersectionOutput) 
  order timepoint           sequence nr.                  node name     dropped samples
latency

Statistics:
  latency:                  56.8763ms [min=40.2213ms, max=69.8011ms, average=57.2645ms, deviation=10.0708ms]
----------------------------------------------------------

----------------------------------------------------------
sample path: (VehicleDBWSystem) 
  order timepoint           sequence nr.                  node name     dropped samples
bp period
latency

Statistics:
  latency:                  259.865ms [min=255.665ms, max=341.174ms, average=279.39ms, deviation=30.7473ms]
hotpath
  hot path:                 FrontLidarDriver/RearLidarDriver -> ObjectCollisionEstimator
  hot path latency:         138.278ms [min=100.812ms, max=138.278ms, average=124.326ms, deviation=14.0414ms]
  hot path drops:           0 [min=0, max=0, average=0, deviation=0]
  behavior planner period:  97.5926ms [min=97.5926ms, max=109.749ms, average=99.8281ms, deviation=4.86925ms]
----------------------------------------------------------

----------------------------------------------------------
sample path: (IntersectionOutput) 
  order timepoint           sequence nr.                  node name     dropped samples
latency

Statistics:
  latency:                  60.7554ms [min=40.2213ms, max=69.8011ms, average=57.5554ms, deviation=9.65483ms]
----------------------------------------------------------

----------------------------------------------------------
sample path: (IntersectionOutput) 
  order timepoint           sequence nr.                  node name     dropped samples
latency

Statistics:
  latency:                  49.0812ms [min=40.2213ms, max=69.8011ms, average=56.9036ms, deviation=9.53791ms]
----------------------------------------------------------

----------------------------------------------------------
sample path: (VehicleDBWSystem) 
  order timepoint           sequence nr.                  node name     dropped samples
bp period
latency

Statistics:
  latency:                  293.129ms [min=255.665ms, max=341.174ms, average=281.107ms, deviation=28.878ms]
hotpath
  hot path:                 FrontLidarDriver/RearLidarDriver -> ObjectCollisionEstimator
  hot path latency:         130.568ms [min=100.812ms, max=138.278ms, average=125.106ms, deviation=13.1858ms]
  hot path drops:           0 [min=0, max=0, average=0, deviation=0]
  behavior planner period:  106.232ms [min=97.5926ms, max=109.749ms, average=100.743ms, deviation=5.06125ms]
----------------------------------------------------------

----------------------------------------------------------
sample path: (IntersectionOutput) 
  order timepoint           sequence nr.                  node name     dropped samples
latency

Statistics:
  latency:                  60.9627ms [min=40.2213ms, max=69.8011ms, average=57.1935ms, deviation=9.22772ms]
----------------------------------------------------------

----------------------------------------------------------
sample path: (VehicleDBWSystem) 
  order timepoint           sequence nr.                  node name     dropped samples
bp period
latency

Statistics:
  latency:                  292.537ms [min=255.665ms, max=341.174ms, average=282.377ms, deviation=27.2802ms]
  behavior planner period:  89.3031ms [min=89.3031ms, max=109.749ms, average=99.3129ms, deviation=6.18994ms]
----------------------------------------------------------

----------------------------------------------------------
sample path: (IntersectionOutput) 
  order timepoint           sequence nr.                  node name     dropped samples
latency

Statistics:
  latency:                  56.6578ms [min=40.2213ms, max=69.8011ms, average=57.1578ms, deviation=8.89313ms]
----------------------------------------------------------

----------------------------------------------------------
sample path: (VehicleDBWSystem) 
  order timepoint           sequence nr.                  node name     dropped samples
bp period
latency

Statistics:
  latency:                  280.675ms [min=255.665ms, max=341.174ms, average=282.207ms, deviation=25.7257ms]
hotpath
  hot path:                 FrontLidarDriver/RearLidarDriver -> ObjectCollisionEstimator
  hot path latency:         150.407ms [min=100.812ms, max=150.407ms, average=127.917ms, deviation=14.9418ms]
  hot path drops:           0 [min=0, max=0, average=0, deviation=0]
  behavior planner period:  117.892ms [min=89.3031ms, max=117.892ms, average=101.377ms, deviation=8.47809ms]
----------------------------------------------------------

----------------------------------------------------------
sample path: (IntersectionOutput) 
  order timepoint           sequence nr.                  node name     dropped samples
latency

Statistics:
  latency:                  61.1908ms [min=40.2213ms, max=69.8011ms, average=57.4099ms, deviation=8.65054ms]
----------------------------------------------------------

----------------------------------------------------------
sample path: (IntersectionOutput) 
  order timepoint           sequence nr.                  node name     dropped samples
latency

Statistics:
  latency:                  49.0935ms [min=40.2213ms, max=69.8011ms, average=56.9207ms, deviation=8.61528ms]
----------------------------------------------------------

----------------------------------------------------------
sample path: (VehicleDBWSystem) 
  order timepoint           sequence nr.                  node name     dropped samples
bp period
latency

Statistics:
  latency:                  271.661ms [min=255.665ms, max=341.174ms, average=281.248ms, deviation=24.6118ms]
hotpath
  hot path:                 FrontLidarDriver/RearLidarDriver -> ObjectCollisionEstimator
  hot path latency:         130.273ms [min=100.812ms, max=150.407ms, average=128.153ms, deviation=14.107ms]
  hot path drops:           0 [min=0, max=0, average=0, deviation=0]
  behavior planner period:  86.0308ms [min=86.0308ms, max=117.892ms, average=99.8426ms, deviation=9.3511ms]
----------------------------------------------------------

----------------------------------------------------------
sample path: (IntersectionOutput) 
  order timepoint           sequence nr.                  node name     dropped samples
latency

Statistics:
  latency:                  60.7801ms [min=40.2213ms, max=69.8011ms, average=57.1351ms, deviation=8.40741ms]
----------------------------------------------------------

----------------------------------------------------------
sample path: (VehicleDBWSystem) 
  order timepoint           sequence nr.                  node name     dropped samples
bp period
latency

Statistics:
  latency:                  291.646ms [min=255.665ms, max=341.174ms, average=282.115ms, deviation=23.6576ms]
hotpath
  hot path:                 FrontLidarDriver/RearLidarDriver -> ObjectCollisionEstimator
  hot path latency:         135.03ms [min=100.812ms, max=150.407ms, average=128.778ms, deviation=13.5427ms]
  hot path drops:           0 [min=0, max=0, average=0, deviation=0]
  behavior planner period:  100.498ms [min=86.0308ms, max=117.892ms, average=99.9022ms, deviation=8.87344ms]
----------------------------------------------------------

----------------------------------------------------------
sample path: (IntersectionOutput) 
  order timepoint           sequence nr.                  node name     dropped samples
latency

Statistics:
  latency:                  60.7723ms [min=40.2213ms, max=69.8011ms, average=57.3265ms, deviation=8.21303ms]
----------------------------------------------------------

----------------------------------------------------------
sample path: (IntersectionOutput) 
  order timepoint           sequence nr.                  node name     dropped samples
latency

Statistics:
  latency:                  60.5379ms [min=40.2213ms, max=69.8011ms, average=57.4871ms, deviation=8.02617ms]
----------------------------------------------------------

----------------------------------------------------------
sample path: (VehicleDBWSystem) 
  order timepoint           sequence nr.                  node name     dropped samples
bp period
latency

Statistics:
  latency:                  268.882ms [min=255.665ms, max=341.174ms, average=281.097ms, deviation=22.9458ms]
hotpath
  hot path:                 FrontLidarDriver/RearLidarDriver -> ObjectCollisionEstimator
  hot path latency:         134.688ms [min=100.812ms, max=150.407ms, average=129.271ms, deviation=13.0247ms]
  hot path drops:           0 [min=0, max=0, average=0, deviation=0]
  behavior planner period:  107.474ms [min=86.0308ms, max=117.892ms, average=100.533ms, deviation=8.7383ms]
----------------------------------------------------------

----------------------------------------------------------
sample path: (IntersectionOutput) 
  order timepoint           sequence nr.                  node name     dropped samples
latency

Statistics:
  latency:                  49.0802ms [min=40.2213ms, max=69.8011ms, average=57.0867ms, deviation=8.03516ms]
----------------------------------------------------------

----------------------------------------------------------
sample path: (VehicleDBWSystem) 
  order timepoint           sequence nr.                  node name     dropped samples
bp period
latency

Statistics:
  latency:                  271.531ms [min=255.665ms, max=341.174ms, average=280.414ms, deviation=22.1934ms]
hotpath
  hot path:                 FrontLidarDriver/RearLidarDriver -> ObjectCollisionEstimator
  hot path latency:         148.997ms [min=100.812ms, max=150.407ms, average=130.788ms, deviation=13.6176ms]
  hot path drops:           0 [min=0, max=0, average=0, deviation=0]
  behavior planner period:  100.215ms [min=86.0308ms, max=117.892ms, average=100.509ms, deviation=8.36675ms]
----------------------------------------------------------

----------------------------------------------------------
sample path: (IntersectionOutput) 
  order timepoint           sequence nr.                  node name     dropped samples
latency

Statistics:
  latency:                  70.0223ms [min=40.2213ms, max=70.0223ms, average=57.6747ms, deviation=8.31235ms]
----------------------------------------------------------

----------------------------------------------------------
sample path: (IntersectionOutput) 
  order timepoint           sequence nr.                  node name     dropped samples
latency

Statistics:
  latency:                  60.9844ms [min=40.2213ms, max=70.0223ms, average=57.8186ms, deviation=8.15051ms]
----------------------------------------------------------

----------------------------------------------------------
sample path: (VehicleDBWSystem) 
  order timepoint           sequence nr.                  node name     dropped samples
bp period
latency

Statistics:
  latency:                  339.295ms [min=255.665ms, max=341.174ms, average=284.339ms, deviation=26.2392ms]
hotpath
  hot path:                 FrontLidarDriver/RearLidarDriver -> ObjectCollisionEstimator
  hot path latency:         124.653ms [min=100.812ms, max=150.407ms, average=130.35ms, deviation=13.1858ms]
  hot path drops:           0 [min=0, max=0, average=0, deviation=0]
  behavior planner period:  107.032ms [min=86.0308ms, max=117.892ms, average=100.975ms, deviation=8.22541ms]
----------------------------------------------------------

----------------------------------------------------------
sample path: (IntersectionOutput) 
  order timepoint           sequence nr.                  node name     dropped samples
latency

Statistics:
  latency:                  61.3272ms [min=40.2213ms, max=70.0223ms, average=57.9648ms, deviation=8.00346ms]
----------------------------------------------------------

----------------------------------------------------------
sample path: (VehicleDBWSystem) 
  order timepoint           sequence nr.                  node name     dropped samples
bp period
latency

Statistics:
  latency:                  343.617ms [min=255.665ms, max=343.617ms, average=288.044ms, deviation=29.3635ms]
  behavior planner period:  85.5472ms [min=85.5472ms, max=117.892ms, average=99.9462ms, deviation=8.87084ms]
----------------------------------------------------------

----------------------------------------------------------
sample path: (IntersectionOutput) 
  order timepoint           sequence nr.                  node name     dropped samples
latency

Statistics:
  latency:                  62.5602ms [min=40.2213ms, max=70.0223ms, average=58.1486ms, deviation=7.88867ms]
----------------------------------------------------------

----------------------------------------------------------
sample path: (VehicleDBWSystem) 
  order timepoint           sequence nr.                  node name     dropped samples
bp period
latency

Statistics:
  latency:                  290.281ms [min=255.665ms, max=343.617ms, average=288.175ms, deviation=28.4363ms]
hotpath
  hot path:                 FrontLidarDriver/RearLidarDriver -> ObjectCollisionEstimator
  hot path latency:         134.748ms [min=100.812ms, max=150.407ms, average=130.643ms, deviation=12.7568ms]
  hot path drops:           0 [min=0, max=0, average=0, deviation=0]
  behavior planner period:  110.381ms [min=85.5472ms, max=117.892ms, average=100.598ms, deviation=8.9583ms]
----------------------------------------------------------

----------------------------------------------------------
sample path: (IntersectionOutput) 
  order timepoint           sequence nr.                  node name     dropped samples
latency

Statistics:
  latency:                  71.6589ms [min=40.2213ms, max=71.6589ms, average=58.6683ms, deviation=8.17081ms]
----------------------------------------------------------

----------------------------------------------------------
sample path: (IntersectionOutput) 
  order timepoint           sequence nr.                  node name     dropped samples
latency

Statistics:
  latency:                  61.3754ms [min=40.2213ms, max=71.6589ms, average=58.7685ms, deviation=8.02906ms]
----------------------------------------------------------

----------------------------------------------------------
sample path: (VehicleDBWSystem) 
  order timepoint           sequence nr.                  node name     dropped samples
bp period
latency

Statistics:
  latency:                  258.165ms [min=255.665ms, max=343.617ms, average=286.508ms, deviation=28.4797ms]
hotpath
  hot path:                 FrontLidarDriver/RearLidarDriver -> ObjectCollisionEstimator
  hot path latency:         123.978ms [min=100.812ms, max=150.407ms, average=130.226ms, deviation=12.4364ms]
  hot path drops:           0 [min=0, max=0, average=0, deviation=0]
  behavior planner period:  97.9563ms [min=85.5472ms, max=117.892ms, average=100.443ms, deviation=8.69747ms]
----------------------------------------------------------

----------------------------------------------------------
sample path: (IntersectionOutput) 
  order timepoint           sequence nr.                  node name     dropped samples
latency

Statistics:
  latency:                  49.6068ms [min=40.2213ms, max=71.6589ms, average=58.4413ms, deviation=8.06697ms]
----------------------------------------------------------

----------------------------------------------------------
sample path: (VehicleDBWSystem) 
  order timepoint           sequence nr.                  node name     dropped samples
bp period
latency

Statistics:
  latency:                  267.495ms [min=255.665ms, max=343.617ms, average=285.507ms, deviation=28.0189ms]
hotpath
  hot path:                 FrontLidarDriver/RearLidarDriver -> ObjectCollisionEstimator
  hot path latency:         145.494ms [min=100.812ms, max=150.407ms, average=131.125ms, deviation=12.598ms]
  hot path drops:           0 [min=0, max=0, average=0, deviation=0]
  behavior planner period:  98.0172ms [min=85.5472ms, max=117.892ms, average=100.308ms, deviation=8.45714ms]
----------------------------------------------------------

----------------------------------------------------------
sample path: (IntersectionOutput) 
  order timepoint           sequence nr.                  node name     dropped samples
latency

Statistics:
  latency:                  60.6214ms [min=40.2213ms, max=71.6589ms, average=58.5165ms, deviation=7.93194ms]
----------------------------------------------------------

----------------------------------------------------------
sample path: (IntersectionOutput) 
  order timepoint           sequence nr.                  node name     dropped samples
latency

Statistics:
  latency:                  61.184ms [min=40.2213ms, max=71.6589ms, average=58.6054ms, deviation=7.80918ms]
----------------------------------------------------------

----------------------------------------------------------
sample path: (VehicleDBWSystem) 
  order timepoint           sequence nr.                  node name     dropped samples
bp period
latency

Statistics:
  latency:                  293.56ms [min=255.665ms, max=343.617ms, average=285.91ms, deviation=27.331ms]
hotpath
  hot path:                 FrontLidarDriver/RearLidarDriver -> ObjectCollisionEstimator
  hot path latency:         123.177ms [min=100.812ms, max=150.407ms, average=130.683ms, deviation=12.3646ms]
  hot path drops:           0 [min=0, max=0, average=0, deviation=0]
  behavior planner period:  98.3825ms [min=85.5472ms, max=117.892ms, average=100.207ms, deviation=8.23072ms]
----------------------------------------------------------

----------------------------------------------------------
sample path: (IntersectionOutput) 
  order timepoint           sequence nr.                  node name     dropped samples
latency

Statistics:
  latency:                  73.4593ms [min=40.2213ms, max=73.4593ms, average=59.0846ms, deviation=8.12822ms]
----------------------------------------------------------

----------------------------------------------------------
sample path: (VehicleDBWSystem) 
  order timepoint           sequence nr.                  node name     dropped samples
bp period
latency

Statistics:
  latency:                  280.428ms [min=255.665ms, max=343.617ms, average=285.649ms, deviation=26.6658ms]
  behavior planner period:  97.1865ms [min=85.5472ms, max=117.892ms, average=100.056ms, deviation=8.03962ms]
----------------------------------------------------------

----------------------------------------------------------
sample path: (IntersectionOutput) 
  order timepoint           sequence nr.                  node name     dropped samples
latency

Statistics:
  latency:                  73.3533ms [min=40.2213ms, max=73.4593ms, average=59.5305ms, deviation=8.38445ms]
----------------------------------------------------------

----------------------------------------------------------
sample path: (IntersectionOutput) 
  order timepoint           sequence nr.                  node name     dropped samples
latency

Statistics:
  latency:                  49.2904ms [min=40.2213ms, max=73.4593ms, average=59.2202ms, deviation=8.44273ms]
----------------------------------------------------------

----------------------------------------------------------
sample path: (VehicleDBWSystem) 
  order timepoint           sequence nr.                  node name     dropped samples
bp period
latency

Statistics:
  latency:                  292.772ms [min=255.665ms, max=343.617ms, average=285.973ms, deviation=26.0674ms]
hotpath
  hot path:                 FrontLidarDriver/RearLidarDriver -> ObjectCollisionEstimator
  hot path latency:         158.219ms [min=100.812ms, max=158.219ms, average=132.132ms, deviation=13.5756ms]
  hot path drops:           0 [min=0, max=0, average=0, deviation=0]
  behavior planner period:  98.1925ms [min=85.5472ms, max=117.892ms, average=99.9671ms, deviation=7.84659ms]
----------------------------------------------------------

----------------------------------------------------------
sample path: (IntersectionOutput) 
  order timepoint           sequence nr.                  node name     dropped samples
latency

Statistics:
  latency:                  71.9076ms [min=40.2213ms, max=73.4593ms, average=59.5933ms, deviation=8.59385ms]
----------------------------------------------------------

----------------------------------------------------------
sample path: (VehicleDBWSystem) 
  order timepoint           sequence nr.                  node name     dropped samples
bp period
latency

Statistics:
  latency:                  281.456ms [min=255.665ms, max=343.617ms, average=285.776ms, deviation=25.4855ms]
hotpath
  hot path:                 FrontLidarDriver/RearLidarDriver -> ObjectCollisionEstimator
  hot path latency:         135.05ms [min=100.812ms, max=158.219ms, average=132.278ms, deviation=13.2296ms]
  hot path drops:           0 [min=0, max=0, average=0, deviation=0]
  behavior planner period:  110.352ms [min=85.5472ms, max=117.892ms, average=100.439ms, deviation=7.97117ms]
----------------------------------------------------------

----------------------------------------------------------
sample path: (IntersectionOutput) 
  order timepoint           sequence nr.                  node name     dropped samples
latency

Statistics:
  latency:                  74.4004ms [min=40.2213ms, max=74.4004ms, average=60.0164ms, deviation=8.82872ms]
----------------------------------------------------------

----------------------------------------------------------
sample path: (IntersectionOutput) 
  order timepoint           sequence nr.                  node name     dropped samples
latency

Statistics:
  latency:                  61.2901ms [min=40.2213ms, max=74.4004ms, average=60.0518ms, deviation=8.70427ms]
----------------------------------------------------------

----------------------------------------------------------
sample path: (VehicleDBWSystem) 
  order timepoint           sequence nr.                  node name     dropped samples
bp period
latency

Statistics:
  latency:                  267.207ms [min=255.665ms, max=343.617ms, average=285.003ms, deviation=25.2119ms]
hotpath
  hot path:                 FrontLidarDriver/RearLidarDriver -> ObjectCollisionEstimator
  hot path latency:         133.74ms [min=100.812ms, max=158.219ms, average=132.348ms, deviation=12.8985ms]
  hot path drops:           0 [min=0, max=0, average=0, deviation=0]
  behavior planner period:  97.8356ms [min=85.5472ms, max=117.892ms, average=100.326ms, deviation=7.8068ms]
----------------------------------------------------------

----------------------------------------------------------
sample path: (IntersectionOutput) 
  order timepoint           sequence nr.                  node name     dropped samples
latency

Statistics:
  latency:                  58.9752ms [min=40.2213ms, max=74.4004ms, average=60.0227ms, deviation=8.58435ms]
----------------------------------------------------------

----------------------------------------------------------
sample path: (VehicleDBWSystem) 
  order timepoint           sequence nr.                  node name     dropped samples
bp period
latency

Statistics:
  latency:                  258.194ms [min=255.665ms, max=343.617ms, average=283.93ms, deviation=25.2567ms]
hotpath
  hot path:                 FrontLidarDriver/RearLidarDriver -> ObjectCollisionEstimator
  hot path latency:         135.933ms [min=100.812ms, max=158.219ms, average=132.511ms, deviation=12.6109ms]
  hot path drops:           0 [min=0, max=0, average=0, deviation=0]
  behavior planner period:  97.8539ms [min=85.5472ms, max=117.892ms, average=100.223ms, deviation=7.65185ms]
----------------------------------------------------------

----------------------------------------------------------
sample path: (IntersectionOutput) 
  order timepoint           sequence nr.                  node name     dropped samples
latency

Statistics:
  latency:                  60.5848ms [min=40.2213ms, max=74.4004ms, average=60.0374ms, deviation=8.46804ms]
----------------------------------------------------------

----------------------------------------------------------
sample path: (IntersectionOutput) 
  order timepoint           sequence nr.                  node name     dropped samples
latency

Statistics:
  latency:                  71.0219ms [min=40.2213ms, max=74.4004ms, average=60.3191ms, deviation=8.539ms]
----------------------------------------------------------

----------------------------------------------------------
sample path: (VehicleDBWSystem) 
  order timepoint           sequence nr.                  node name     dropped samples
bp period
latency

Statistics:
  latency:                  293.272ms [min=255.665ms, max=343.617ms, average=284.29ms, deviation=24.8142ms]
hotpath
  hot path:                 FrontLidarDriver/RearLidarDriver -> ObjectCollisionEstimator
  hot path latency:         132.665ms [min=100.812ms, max=158.219ms, average=132.517ms, deviation=12.321ms]
  hot path drops:           0 [min=0, max=0, average=0, deviation=0]
  behavior planner period:  108.026ms [min=85.5472ms, max=117.892ms, average=100.535ms, deviation=7.65161ms]
----------------------------------------------------------

----------------------------------------------------------
sample path: (IntersectionOutput) 
  order timepoint           sequence nr.                  node name     dropped samples
latency

Statistics:
  latency:                  61.476ms [min=40.2213ms, max=74.4004ms, average=60.348ms, deviation=8.4308ms]
----------------------------------------------------------

----------------------------------------------------------
sample path: (VehicleDBWSystem) 
  order timepoint           sequence nr.                  node name     dropped samples
bp period
latency

Statistics:
  latency:                  295.261ms [min=255.665ms, max=343.617ms, average=284.696ms, deviation=24.4237ms]
  behavior planner period:  87.359ms [min=85.5472ms, max=117.892ms, average=100.028ms, deviation=7.92985ms]
----------------------------------------------------------

----------------------------------------------------------
sample path: (IntersectionOutput) 
  order timepoint           sequence nr.                  node name     dropped samples
latency

Statistics:
  latency:                  61.2546ms [min=40.2213ms, max=74.4004ms, average=60.3701ms, deviation=8.32595ms]
----------------------------------------------------------

----------------------------------------------------------
sample path: (VehicleDBWSystem) 
  order timepoint           sequence nr.                  node name     dropped samples
bp period
latency

Statistics:
  latency:                  353.088ms [min=255.665ms, max=353.088ms, average=287.139ms, deviation=27.2301ms]
hotpath
  hot path:                 FrontLidarDriver/RearLidarDriver -> ObjectCollisionEstimator
  hot path latency:         148.492ms [min=100.812ms, max=158.219ms, average=133.183ms, deviation=12.4835ms]
  hot path drops:           0 [min=0, max=0, average=0, deviation=0]
  behavior planner period:  97.9992ms [min=85.5472ms, max=117.892ms, average=99.9532ms, deviation=7.78565ms]
----------------------------------------------------------

----------------------------------------------------------
sample path: (IntersectionOutput) 
  order timepoint           sequence nr.                  node name     dropped samples
latency

Statistics:
  latency:                  69.5609ms [min=40.2213ms, max=74.4004ms, average=60.589ms, deviation=8.34517ms]
----------------------------------------------------------

----------------------------------------------------------
sample path: (VehicleDBWSystem) 
  order timepoint           sequence nr.                  node name     dropped samples
bp period
latency

Statistics:
  latency:                  271.461ms [min=255.665ms, max=353.088ms, average=286.598ms, deviation=26.8975ms]
hotpath
  hot path:                 FrontLidarDriver/RearLidarDriver -> ObjectCollisionEstimator
  hot path latency:         134.696ms [min=100.812ms, max=158.219ms, average=133.244ms, deviation=12.2244ms]
  hot path drops:           0 [min=0, max=0, average=0, deviation=0]
  behavior planner period:  110.116ms [min=85.5472ms, max=117.892ms, average=100.316ms, deviation=7.87783ms]
----------------------------------------------------------

----------------------------------------------------------
sample path: (IntersectionOutput) 
  order timepoint           sequence nr.                  node name     dropped samples
latency

Statistics:
  latency:                  76.5143ms [min=40.2213ms, max=76.5143ms, average=60.9593ms, deviation=8.59545ms]
----------------------------------------------------------

----------------------------------------------------------
sample path: (IntersectionOutput) 
  order timepoint           sequence nr.                  node name     dropped samples
latency

Statistics:
  latency:                  61.2878ms [min=40.2213ms, max=76.5143ms, average=60.9668ms, deviation=8.49506ms]
----------------------------------------------------------

----------------------------------------------------------
sample path: (VehicleDBWSystem) 
  order timepoint           sequence nr.                  node name     dropped samples
bp period
latency

Statistics:
  latency:                  268.593ms [min=255.665ms, max=353.088ms, average=285.998ms, deviation=26.6333ms]
hotpath
  hot path:                 FrontLidarDriver/RearLidarDriver -> ObjectCollisionEstimator
  hot path latency:         131.101ms [min=100.812ms, max=158.219ms, average=133.161ms, deviation=11.9848ms]
  hot path drops:           0 [min=0, max=0, average=0, deviation=0]
  behavior planner period:  97.8388ms [min=85.5472ms, max=117.892ms, average=100.231ms, deviation=7.74954ms]
----------------------------------------------------------

----------------------------------------------------------
sample path: (IntersectionOutput) 
  order timepoint           sequence nr.                  node name     dropped samples
latency

Statistics:
  latency:                  59.7683ms [min=40.2213ms, max=76.5143ms, average=60.9402ms, deviation=8.39987ms]
----------------------------------------------------------

----------------------------------------------------------
sample path: (VehicleDBWSystem) 
  order timepoint           sequence nr.                  node name     dropped samples
bp period
latency

Statistics:
  latency:                  260.819ms [min=255.665ms, max=353.088ms, average=285.186ms, deviation=26.5733ms]
hotpath
  hot path:                 FrontLidarDriver/RearLidarDriver -> ObjectCollisionEstimator
  hot path latency:         138.942ms [min=100.812ms, max=158.219ms, average=133.375ms, deviation=11.8046ms]
  hot path drops:           0 [min=0, max=0, average=0, deviation=0]
  behavior planner period:  98.7596ms [min=85.5472ms, max=117.892ms, average=100.182ms, deviation=7.61949ms]
----------------------------------------------------------

----------------------------------------------------------
sample path: (IntersectionOutput) 
  order timepoint           sequence nr.                  node name     dropped samples
latency

Statistics:
  latency:                  60.7211ms [min=40.2213ms, max=76.5143ms, average=60.9354ms, deviation=8.30608ms]
----------------------------------------------------------

----------------------------------------------------------
sample path: (IntersectionOutput) 
  order timepoint           sequence nr.                  node name     dropped samples
latency

Statistics:
  latency:                  72.4713ms [min=40.2213ms, max=76.5143ms, average=61.1808ms, deviation=8.38586ms]
----------------------------------------------------------

----------------------------------------------------------
sample path: (VehicleDBWSystem) 
  order timepoint           sequence nr.                  node name     dropped samples
bp period
latency

Statistics:
  latency:                  293.997ms [min=255.665ms, max=353.088ms, average=285.461ms, deviation=26.1875ms]
hotpath
  hot path:                 FrontLidarDriver/RearLidarDriver -> ObjectCollisionEstimator
  hot path latency:         134.415ms [min=100.812ms, max=158.219ms, average=133.412ms, deviation=11.5856ms]
  hot path drops:           0 [min=0, max=0, average=0, deviation=0]
  behavior planner period:  108.992ms [min=85.5472ms, max=117.892ms, average=100.466ms, deviation=7.65671ms]
----------------------------------------------------------

----------------------------------------------------------
sample path: (IntersectionOutput) 
  order timepoint           sequence nr.                  node name     dropped samples
latency

Statistics:
  latency:                  61.5051ms [min=40.2213ms, max=76.5143ms, average=61.1876ms, deviation=8.2963ms]
----------------------------------------------------------

----------------------------------------------------------
sample path: (VehicleDBWSystem) 
  order timepoint           sequence nr.                  node name     dropped samples
bp period
latency

Statistics:
  latency:                  294.437ms [min=255.665ms, max=353.088ms, average=285.733ms, deviation=25.8224ms]
  behavior planner period:  86.2611ms [min=85.5472ms, max=117.892ms, average=100.022ms, deviation=7.93975ms]
----------------------------------------------------------

----------------------------------------------------------
sample path: (IntersectionOutput) 
  order timepoint           sequence nr.                  node name     dropped samples
latency

Statistics:
  latency:                  61.3272ms [min=40.2213ms, max=76.5143ms, average=61.1904ms, deviation=8.20945ms]
----------------------------------------------------------

----------------------------------------------------------
sample path: (VehicleDBWSystem) 
  order timepoint           sequence nr.                  node name     dropped samples
bp period
latency

Statistics:
  latency:                  353.44ms [min=255.665ms, max=353.44ms, average=287.724ms, deviation=27.9539ms]
hotpath
  hot path:                 FrontLidarDriver/RearLidarDriver -> ObjectCollisionEstimator
  hot path latency:         147.549ms [min=100.812ms, max=158.219ms, average=133.9ms, deviation=11.6758ms]
  hot path drops:           0 [min=0, max=0, average=0, deviation=0]
  behavior planner period:  98.1433ms [min=85.5472ms, max=117.892ms, average=99.965ms, deviation=7.82155ms]
----------------------------------------------------------

----------------------------------------------------------
sample path: (IntersectionOutput) 
  order timepoint           sequence nr.                  node name     dropped samples
latency

Statistics:
  latency:                  70.6411ms [min=40.2213ms, max=76.5143ms, average=61.3795ms, deviation=8.23443ms]
----------------------------------------------------------

----------------------------------------------------------
sample path: (VehicleDBWSystem) 
  order timepoint           sequence nr.                  node name     dropped samples
bp period
latency

Statistics:
  latency:                  270.665ms [min=255.665ms, max=353.44ms, average=287.237ms, deviation=27.6903ms]
hotpath
  hot path:                 FrontLidarDriver/RearLidarDriver -> ObjectCollisionEstimator
  hot path latency:         134.973ms [min=100.812ms, max=158.219ms, average=133.936ms, deviation=11.4744ms]
  hot path drops:           0 [min=0, max=0, average=0, deviation=0]
  behavior planner period:  110.466ms [min=85.5472ms, max=117.892ms, average=100.274ms, deviation=7.90986ms]
----------------------------------------------------------

----------------------------------------------------------
sample path: (IntersectionOutput) 
  order timepoint           sequence nr.                  node name     dropped samples
latency

Statistics:
  latency:                  75.6402ms [min=40.2213ms, max=76.5143ms, average=61.6591ms, deviation=8.3927ms]
----------------------------------------------------------

----------------------------------------------------------
sample path: (IntersectionOutput) 
  order timepoint           sequence nr.                  node name     dropped samples
latency

Statistics:
  latency:                  61.1994ms [min=40.2213ms, max=76.5143ms, average=61.6502ms, deviation=8.31025ms]
----------------------------------------------------------

----------------------------------------------------------
sample path: (VehicleDBWSystem) 
  order timepoint           sequence nr.                  node name     dropped samples
bp period
latency

Statistics:
  latency:                  265.692ms [min=255.665ms, max=353.44ms, average=286.638ms, deviation=27.5271ms]
hotpath
  hot path:                 FrontLidarDriver/RearLidarDriver -> ObjectCollisionEstimator
  hot path latency:         132.323ms [min=100.812ms, max=158.219ms, average=133.884ms, deviation=11.2852ms]
  hot path drops:           0 [min=0, max=0, average=0, deviation=0]
  behavior planner period:  97.7967ms [min=85.5472ms, max=117.892ms, average=100.203ms, deviation=7.80391ms]
----------------------------------------------------------

----------------------------------------------------------
sample path: (IntersectionOutput) 
  order timepoint           sequence nr.                  node name     dropped samples
latency

Statistics:
  latency:                  57.3879ms [min=40.2213ms, max=76.5143ms, average=61.5698ms, deviation=8.25076ms]
----------------------------------------------------------

----------------------------------------------------------
sample path: (VehicleDBWSystem) 
  order timepoint           sequence nr.                  node name     dropped samples
bp period
latency

Statistics:
  latency:                  259.261ms [min=255.665ms, max=353.44ms, average=285.899ms, deviation=27.5127ms]
hotpath
  hot path:                 FrontLidarDriver/RearLidarDriver -> ObjectCollisionEstimator
  hot path latency:         137.184ms [min=100.812ms, max=158.219ms, average=133.987ms, deviation=11.117ms]
  hot path drops:           0 [min=0, max=0, average=0, deviation=0]
  behavior planner period:  97.9601ms [min=85.5472ms, max=117.892ms, average=100.141ms, deviation=7.7007ms]
----------------------------------------------------------

----------------------------------------------------------
sample path: (IntersectionOutput) 
  order timepoint           sequence nr.                  node name     dropped samples
latency

Statistics:
  latency:                  60.7366ms [min=40.2213ms, max=76.5143ms, average=61.5544ms, deviation=8.17334ms]
----------------------------------------------------------

----------------------------------------------------------
sample path: (IntersectionOutput) 
  order timepoint           sequence nr.                  node name     dropped samples
latency

Statistics:
  latency:                  61.1787ms [min=40.2213ms, max=76.5143ms, average=61.5476ms, deviation=8.09746ms]
----------------------------------------------------------

----------------------------------------------------------
sample path: (VehicleDBWSystem) 
  order timepoint           sequence nr.                  node name     dropped samples
bp period
latency

Statistics:
  latency:                  293.658ms [min=255.665ms, max=353.44ms, average=286.103ms, deviation=27.1676ms]
hotpath
  hot path:                 FrontLidarDriver/RearLidarDriver -> ObjectCollisionEstimator
  hot path latency:         131.144ms [min=100.812ms, max=158.219ms, average=133.901ms, deviation=10.9531ms]
  hot path drops:           0 [min=0, max=0, average=0, deviation=0]
  behavior planner period:  106.384ms [min=85.5472ms, max=117.892ms, average=100.31ms, deviation=7.66205ms]
----------------------------------------------------------

----------------------------------------------------------
sample path: (IntersectionOutput) 
  order timepoint           sequence nr.                  node name     dropped samples
latency

Statistics:
  latency:                  61.41ms [min=40.2213ms, max=76.5143ms, average=61.5451ms, deviation=8.02353ms]
----------------------------------------------------------

----------------------------------------------------------
sample path: (VehicleDBWSystem) 
  order timepoint           sequence nr.                  node name     dropped samples
bp period
latency

Statistics:
  latency:                  297.336ms [min=255.665ms, max=353.44ms, average=286.391ms, deviation=26.868ms]
  behavior planner period:  89.4784ms [min=85.5472ms, max=117.892ms, average=100.025ms, deviation=7.75936ms]
----------------------------------------------------------

----------------------------------------------------------
sample path: (IntersectionOutput) 
  order timepoint           sequence nr.                  node name     dropped samples
latency

Statistics:
  latency:                  61.2226ms [min=40.2213ms, max=76.5143ms, average=61.5394ms, deviation=7.95169ms]
----------------------------------------------------------

----------------------------------------------------------
sample path: (VehicleDBWSystem) 
  order timepoint           sequence nr.                  node name     dropped samples
bp period
latency

Statistics:
  latency:                  353.884ms [min=255.665ms, max=353.884ms, average=288.078ms, deviation=28.5878ms]
hotpath
  hot path:                 FrontLidarDriver/RearLidarDriver -> ObjectCollisionEstimator
  hot path latency:         150.605ms [min=100.812ms, max=158.219ms, average=134.392ms, deviation=11.1599ms]
  hot path drops:           0 [min=0, max=0, average=0, deviation=0]
  behavior planner period:  98.0701ms [min=85.5472ms, max=117.892ms, average=99.9744ms, deviation=7.66297ms]
----------------------------------------------------------

----------------------------------------------------------
sample path: (IntersectionOutput) 
  order timepoint           sequence nr.                  node name     dropped samples
latency

Statistics:
  latency:                  67.9904ms [min=40.2213ms, max=76.5143ms, average=61.6507ms, deviation=7.92701ms]
----------------------------------------------------------

----------------------------------------------------------
sample path: (VehicleDBWSystem) 
  order timepoint           sequence nr.                  node name     dropped samples
bp period
latency

Statistics:
  latency:                  273.388ms [min=255.665ms, max=353.884ms, average=287.72ms, deviation=28.3213ms]
hotpath
  hot path:                 FrontLidarDriver/RearLidarDriver -> ObjectCollisionEstimator
  hot path latency:         135.207ms [min=100.812ms, max=158.219ms, average=134.415ms, deviation=10.9954ms]
  hot path drops:           0 [min=0, max=0, average=0, deviation=0]
  behavior planner period:  110.53ms [min=85.5472ms, max=117.892ms, average=100.238ms, deviation=7.74602ms]
----------------------------------------------------------

----------------------------------------------------------
sample path: (IntersectionOutput) 
  order timepoint           sequence nr.                  node name     dropped samples
latency

Statistics:
  latency:                  78.808ms [min=40.2213ms, max=78.808ms, average=61.9415ms, deviation=8.16967ms]
----------------------------------------------------------

----------------------------------------------------------
sample path: (IntersectionOutput) 
  order timepoint           sequence nr.                  node name     dropped samples
latency

Statistics:
  latency:                  61.4646ms [min=40.2213ms, max=78.808ms, average=61.9335ms, deviation=8.10038ms]
----------------------------------------------------------

----------------------------------------------------------
sample path: (VehicleDBWSystem) 
  order timepoint           sequence nr.                  node name     dropped samples
bp period
latency

Statistics:
  latency:                  263.901ms [min=255.665ms, max=353.884ms, average=287.153ms, deviation=28.2142ms]
hotpath
  hot path:                 FrontLidarDriver/RearLidarDriver -> ObjectCollisionEstimator
  hot path latency:         129.963ms [min=100.812ms, max=158.219ms, average=134.292ms, deviation=10.8625ms]
  hot path drops:           0 [min=0, max=0, average=0, deviation=0]
  behavior planner period:  98.4444ms [min=85.5472ms, max=117.892ms, average=100.195ms, deviation=7.65371ms]
----------------------------------------------------------

----------------------------------------------------------
sample path: (IntersectionOutput) 
  order timepoint           sequence nr.                  node name     dropped samples
latency

Statistics:
  latency:                  54.5744ms [min=40.2213ms, max=78.808ms, average=61.8129ms, deviation=8.08766ms]
----------------------------------------------------------

----------------------------------------------------------
sample path: (VehicleDBWSystem) 
  order timepoint           sequence nr.                  node name     dropped samples
bp period
latency

Statistics:
  latency:                  262.715ms [min=255.665ms, max=353.884ms, average=286.584ms, deviation=28.1243ms]
hotpath
  hot path:                 FrontLidarDriver/RearLidarDriver -> ObjectCollisionEstimator
  hot path latency:         140.608ms [min=100.812ms, max=158.219ms, average=134.462ms, deviation=10.7608ms]
  hot path drops:           0 [min=0, max=0, average=0, deviation=0]
  behavior planner period:  98.1241ms [min=85.5472ms, max=117.892ms, average=100.145ms, deviation=7.56654ms]
----------------------------------------------------------

----------------------------------------------------------
sample path: (IntersectionOutput) 
  order timepoint           sequence nr.                  node name     dropped samples
latency

Statistics:
  latency:                  60.8618ms [min=40.2213ms, max=78.808ms, average=61.7975ms, deviation=8.02201ms]
----------------------------------------------------------

----------------------------------------------------------
sample path: (IntersectionOutput) 
  order timepoint           sequence nr.                  node name     dropped samples
latency

Statistics:
  latency:                  61.1283ms [min=40.2213ms, max=78.808ms, average=61.7869ms, deviation=7.9575ms]
----------------------------------------------------------

----------------------------------------------------------
sample path: (VehicleDBWSystem) 
  order timepoint           sequence nr.                  node name     dropped samples
bp period
latency

Statistics:
  latency:                  293.542ms [min=255.665ms, max=353.884ms, average=286.743ms, deviation=27.8151ms]
hotpath
  hot path:                 FrontLidarDriver/RearLidarDriver -> ObjectCollisionEstimator
  hot path latency:         128.804ms [min=100.812ms, max=158.219ms, average=134.313ms, deviation=10.654ms]
  hot path drops:           0 [min=0, max=0, average=0, deviation=0]
  behavior planner period:  103.942ms [min=85.5472ms, max=117.892ms, average=100.234ms, deviation=7.49831ms]
----------------------------------------------------------

----------------------------------------------------------
sample path: (IntersectionOutput) 
  order timepoint           sequence nr.                  node name     dropped samples
latency

Statistics:
  latency:                  61.2967ms [min=40.2213ms, max=78.808ms, average=61.7792ms, deviation=7.89433ms]
----------------------------------------------------------

----------------------------------------------------------
sample path: (VehicleDBWSystem) 
  order timepoint           sequence nr.                  node name     dropped samples
bp period
latency

Statistics:
  latency:                  299.77ms [min=255.665ms, max=353.884ms, average=287.032ms, deviation=27.5657ms]
  behavior planner period:  91.5945ms [min=85.5472ms, max=117.892ms, average=100.037ms, deviation=7.52418ms]
----------------------------------------------------------

----------------------------------------------------------
sample path: (IntersectionOutput) 
  order timepoint           sequence nr.                  node name     dropped samples
latency

Statistics:
  latency:                  61.1757ms [min=40.2213ms, max=78.808ms, average=61.77ms, deviation=7.83277ms]
----------------------------------------------------------

----------------------------------------------------------
sample path: (VehicleDBWSystem) 
  order timepoint           sequence nr.                  node name     dropped samples
bp period
latency

Statistics:
  latency:                  353.158ms [min=255.665ms, max=353.884ms, average=288.47ms, deviation=28.9489ms]
hotpath
  hot path:                 FrontLidarDriver/RearLidarDriver -> ObjectCollisionEstimator
  hot path latency:         153.074ms [min=100.812ms, max=158.219ms, average=134.794ms, deviation=10.9337ms]
  hot path drops:           0 [min=0, max=0, average=0, deviation=0]
  behavior planner period:  97.9699ms [min=85.5472ms, max=117.892ms, average=99.9913ms, deviation=7.44457ms]
----------------------------------------------------------

