----------------------------------------------------------
sample path: (IntersectionOutput) 
  order timepoint           sequence nr.                  node name     dropped samples
latency

Statistics:
  latency:                  169.562ms [min=169.562ms, max=169.562ms, average=169.562ms, deviation=-nanms]
----------------------------------------------------------

----------------------------------------------------------
sample path: (VehicleDBWSystem) 
  order timepoint           sequence nr.                  node name     dropped samples
latency

Statistics:
  latency:                  662.33ms [min=662.33ms, max=662.33ms, average=662.33ms, deviation=-nanms]
hotpath
  hot path:                 FrontLidarDriver/RearLidarDriver -> ObjectCollisionEstimator
  hot path latency:         334.323ms [min=334.323ms, max=334.323ms, average=334.323ms, deviation=-nanms]
  hot path drops:           0 [min=0, max=0, average=0, deviation=-nan]
  behavior planner period:  0ms [min=1.84467e+13ms, max=0ms, average=0ms, deviation=0ms]
----------------------------------------------------------

----------------------------------------------------------
sample path: (IntersectionOutput) 
  order timepoint           sequence nr.                  node name     dropped samples
latency

Statistics:
  latency:                  205.577ms [min=169.562ms, max=205.577ms, average=187.57ms, deviation=25.4666ms]
----------------------------------------------------------

----------------------------------------------------------
sample path: (VehicleDBWSystem) 
  order timepoint           sequence nr.                  node name     dropped samples
bp period
latency

Statistics:
  latency:                  722.55ms [min=662.33ms, max=722.55ms, average=692.44ms, deviation=42.5821ms]
hotpath
  hot path:                 FrontLidarDriver/RearLidarDriver -> ObjectCollisionEstimator
  hot path latency:         332.589ms [min=332.589ms, max=334.323ms, average=333.456ms, deviation=1.22628ms]
  hot path drops:           0 [min=0, max=0, average=0, deviation=0]
  behavior planner period:  132.968ms [min=132.968ms, max=132.968ms, average=132.968ms, deviation=-nanms]
----------------------------------------------------------

----------------------------------------------------------
sample path: (IntersectionOutput) 
  order timepoint           sequence nr.                  node name     dropped samples
latency

Statistics:
  latency:                  188.858ms [min=169.562ms, max=205.577ms, average=187.999ms, deviation=18.023ms]
----------------------------------------------------------

----------------------------------------------------------
sample path: (VehicleDBWSystem) 
  order timepoint           sequence nr.                  node name     dropped samples
bp period
latency

Statistics:
  latency:                  797.214ms [min=662.33ms, max=797.214ms, average=727.365ms, deviation=67.5706ms]
hotpath
  hot path:                 FrontLidarDriver/RearLidarDriver -> ObjectCollisionEstimator
  hot path latency:         324.14ms [min=324.14ms, max=334.323ms, average=330.351ms, deviation=5.44793ms]
  hot path drops:           0 [min=0, max=0, average=0, deviation=0]
  behavior planner period:  101.021ms [min=101.021ms, max=132.968ms, average=116.994ms, deviation=22.5894ms]
----------------------------------------------------------

----------------------------------------------------------
sample path: (IntersectionOutput) 
  order timepoint           sequence nr.                  node name     dropped samples
latency

Statistics:
  latency:                  198.567ms [min=169.562ms, max=205.577ms, average=190.641ms, deviation=15.6356ms]
----------------------------------------------------------

----------------------------------------------------------
sample path: (VehicleDBWSystem) 
  order timepoint           sequence nr.                  node name     dropped samples
bp period
latency

Statistics:
  latency:                  709.083ms [min=662.33ms, max=797.214ms, average=722.794ms, deviation=55.9233ms]
  behavior planner period:  113.883ms [min=101.021ms, max=132.968ms, average=115.957ms, deviation=16.0738ms]
----------------------------------------------------------

----------------------------------------------------------
sample path: (IntersectionOutput) 
  order timepoint           sequence nr.                  node name     dropped samples
latency

Statistics:
  latency:                  195.32ms [min=169.562ms, max=205.577ms, average=191.577ms, deviation=13.7016ms]
----------------------------------------------------------

----------------------------------------------------------
sample path: (IntersectionOutput) 
  order timepoint           sequence nr.                  node name     dropped samples
latency

Statistics:
  latency:                  198.257ms [min=169.562ms, max=205.577ms, average=192.69ms, deviation=12.5548ms]
----------------------------------------------------------

----------------------------------------------------------
sample path: (VehicleDBWSystem) 
  order timepoint           sequence nr.                  node name     dropped samples
bp period
latency

Statistics:
  latency:                  967.471ms [min=662.33ms, max=967.471ms, average=771.73ms, deviation=119.661ms]
hotpath
  hot path:                 FrontLidarDriver/RearLidarDriver -> ObjectCollisionEstimator
  hot path latency:         466.583ms [min=324.14ms, max=466.583ms, average=364.409ms, deviation=68.2612ms]
  hot path drops:           1 [min=0, max=1, average=0.25, deviation=0.5]
  behavior planner period:  195.432ms [min=101.021ms, max=195.432ms, average=135.826ms, deviation=41.8483ms]
----------------------------------------------------------

----------------------------------------------------------
sample path: (IntersectionOutput) 
  order timepoint           sequence nr.                  node name     dropped samples
latency

Statistics:
  latency:                  196.044ms [min=169.562ms, max=205.577ms, average=193.169ms, deviation=11.5308ms]
----------------------------------------------------------

----------------------------------------------------------
sample path: (VehicleDBWSystem) 
  order timepoint           sequence nr.                  node name     dropped samples
bp period
latency

Statistics:
  latency:                  944.513ms [min=662.33ms, max=967.471ms, average=800.527ms, deviation=128.183ms]
hotpath
  hot path:                 FrontLidarDriver/RearLidarDriver -> ObjectCollisionEstimator
  hot path latency:         468.908ms [min=324.14ms, max=468.908ms, average=385.309ms, deviation=75.3572ms]
  hot path drops:           0 [min=0, max=1, average=0.2, deviation=0.447214]
  behavior planner period:  198.357ms [min=101.021ms, max=198.357ms, average=148.332ms, deviation=45.7766ms]
----------------------------------------------------------

----------------------------------------------------------
sample path: (IntersectionOutput) 
  order timepoint           sequence nr.                  node name     dropped samples
latency

Statistics:
  latency:                  206.447ms [min=169.562ms, max=206.447ms, average=194.829ms, deviation=11.662ms]
----------------------------------------------------------

----------------------------------------------------------
sample path: (VehicleDBWSystem) 
  order timepoint           sequence nr.                  node name     dropped samples
bp period
latency

Statistics:
  latency:                  939.155ms [min=662.33ms, max=967.471ms, average=820.331ms, deviation=128.21ms]
hotpath
  hot path:                 FrontLidarDriver/RearLidarDriver -> ObjectCollisionEstimator
  hot path latency:         453.855ms [min=324.14ms, max=468.908ms, average=396.733ms, deviation=72.9799ms]
  hot path drops:           0 [min=0, max=1, average=0.166667, deviation=0.408248]
  behavior planner period:  196.128ms [min=101.021ms, max=198.357ms, average=156.298ms, deviation=45.3557ms]
----------------------------------------------------------

----------------------------------------------------------
sample path: (IntersectionOutput) 
  order timepoint           sequence nr.                  node name     dropped samples
latency

Statistics:
  latency:                  171.425ms [min=169.562ms, max=206.447ms, average=192.229ms, deviation=13.4112ms]
----------------------------------------------------------

----------------------------------------------------------
sample path: (IntersectionOutput) 
  order timepoint           sequence nr.                  node name     dropped samples
latency

Statistics:
  latency:                  182.069ms [min=169.562ms, max=206.447ms, average=191.213ms, deviation=13.0459ms]
----------------------------------------------------------

----------------------------------------------------------
sample path: (VehicleDBWSystem) 
  order timepoint           sequence nr.                  node name     dropped samples
bp period
latency

Statistics:
  latency:                  867.898ms [min=662.33ms, max=967.471ms, average=826.277ms, deviation=119.885ms]
hotpath
  hot path:                 FrontLidarDriver/RearLidarDriver -> ObjectCollisionEstimator
  hot path latency:         436.564ms [min=324.14ms, max=468.908ms, average=402.423ms, deviation=68.3011ms]
  hot path drops:           0 [min=0, max=1, average=0.142857, deviation=0.377964]
  behavior planner period:  264.122ms [min=101.021ms, max=264.122ms, average=171.702ms, deviation=58.0959ms]
----------------------------------------------------------

----------------------------------------------------------
sample path: (IntersectionOutput) 
  order timepoint           sequence nr.                  node name     dropped samples
latency

Statistics:
  latency:                  183.007ms [min=169.562ms, max=206.447ms, average=190.467ms, deviation=12.6213ms]
----------------------------------------------------------

----------------------------------------------------------
sample path: (VehicleDBWSystem) 
  order timepoint           sequence nr.                  node name     dropped samples
bp period
latency

Statistics:
  latency:                  843.339ms [min=662.33ms, max=967.471ms, average=828.173ms, deviation=112.286ms]
hotpath
  hot path:                 FrontLidarDriver/RearLidarDriver -> ObjectCollisionEstimator
  hot path latency:         420.639ms [min=324.14ms, max=468.908ms, average=404.7ms, deviation=63.5616ms]
  hot path drops:           0 [min=0, max=1, average=0.125, deviation=0.353553]
  behavior planner period:  193.279ms [min=101.021ms, max=264.122ms, average=174.399ms, deviation=54.3247ms]
----------------------------------------------------------

----------------------------------------------------------
sample path: (IntersectionOutput) 
  order timepoint           sequence nr.                  node name     dropped samples
latency

Statistics:
  latency:                  182.233ms [min=169.562ms, max=206.447ms, average=189.78ms, deviation=12.2665ms]
----------------------------------------------------------

----------------------------------------------------------
sample path: (VehicleDBWSystem) 
  order timepoint           sequence nr.                  node name     dropped samples
bp period
latency

Statistics:
  latency:                  838.206ms [min=662.33ms, max=967.471ms, average=829.176ms, deviation=105.912ms]
hotpath
  hot path:                 FrontLidarDriver/RearLidarDriver -> ObjectCollisionEstimator
  hot path latency:         431.341ms [min=324.14ms, max=468.908ms, average=407.66ms, deviation=60.116ms]
  hot path drops:           0 [min=0, max=1, average=0.111111, deviation=0.333333]
  behavior planner period:  197.729ms [min=101.021ms, max=264.122ms, average=176.991ms, deviation=51.4077ms]
----------------------------------------------------------

----------------------------------------------------------
sample path: (IntersectionOutput) 
  order timepoint           sequence nr.                  node name     dropped samples
latency

Statistics:
  latency:                  189.169ms [min=169.562ms, max=206.447ms, average=189.733ms, deviation=11.7455ms]
----------------------------------------------------------

----------------------------------------------------------
sample path: (VehicleDBWSystem) 
  order timepoint           sequence nr.                  node name     dropped samples
bp period
latency

Statistics:
  latency:                  830.743ms [min=662.33ms, max=967.471ms, average=829.318ms, deviation=100.478ms]
hotpath
  hot path:                 FrontLidarDriver/RearLidarDriver -> ObjectCollisionEstimator
  hot path latency:         443.973ms [min=324.14ms, max=468.908ms, average=411.292ms, deviation=57.8294ms]
  hot path drops:           0 [min=0, max=1, average=0.1, deviation=0.316228]
  behavior planner period:  194.073ms [min=101.021ms, max=264.122ms, average=178.699ms, deviation=48.7677ms]
----------------------------------------------------------

----------------------------------------------------------
sample path: (IntersectionOutput) 
  order timepoint           sequence nr.                  node name     dropped samples
latency

Statistics:
  latency:                  162.929ms [min=162.929ms, max=206.447ms, average=187.819ms, deviation=13.3665ms]
----------------------------------------------------------

----------------------------------------------------------
sample path: (VehicleDBWSystem) 
  order timepoint           sequence nr.                  node name     dropped samples
bp period
latency

Statistics:
  latency:                  841.012ms [min=662.33ms, max=967.471ms, average=830.293ms, deviation=95.8612ms]
hotpath
  hot path:                 FrontLidarDriver/RearLidarDriver -> ObjectCollisionEstimator
  hot path latency:         282.235ms [min=282.235ms, max=468.908ms, average=399.559ms, deviation=67.2604ms]
  hot path drops:           1 [min=0, max=1, average=0.181818, deviation=0.40452]
  behavior planner period:  200.517ms [min=101.021ms, max=264.122ms, average=180.683ms, deviation=46.7305ms]
----------------------------------------------------------

----------------------------------------------------------
sample path: (IntersectionOutput) 
  order timepoint           sequence nr.                  node name     dropped samples
latency

Statistics:
  latency:                  192.447ms [min=162.929ms, max=206.447ms, average=188.127ms, deviation=12.9355ms]
----------------------------------------------------------

----------------------------------------------------------
sample path: (VehicleDBWSystem) 
  order timepoint           sequence nr.                  node name     dropped samples
bp period
latency

Statistics:
  latency:                  823.892ms [min=662.33ms, max=967.471ms, average=829.8ms, deviation=91.7973ms]
  behavior planner period:  192.746ms [min=101.021ms, max=264.122ms, average=181.688ms, deviation=44.6916ms]
----------------------------------------------------------

----------------------------------------------------------
sample path: (IntersectionOutput) 
  order timepoint           sequence nr.                  node name     dropped samples
latency

Statistics:
  latency:                  169.36ms [min=162.929ms, max=206.447ms, average=186.954ms, deviation=13.3487ms]
----------------------------------------------------------

----------------------------------------------------------
sample path: (VehicleDBWSystem) 
  order timepoint           sequence nr.                  node name     dropped samples
bp period
latency

Statistics:
  latency:                  1021.75ms [min=662.33ms, max=1021.75ms, average=843.512ms, deviation=102.031ms]
hotpath
  hot path:                 FrontLidarDriver/RearLidarDriver -> ObjectCollisionEstimator
  hot path latency:         392.882ms [min=282.235ms, max=468.908ms, average=399.003ms, deviation=64.1593ms]
  hot path drops:           0 [min=0, max=1, average=0.166667, deviation=0.389249]
  behavior planner period:  202.531ms [min=101.021ms, max=264.122ms, average=183.291ms, deviation=43.1777ms]
----------------------------------------------------------

----------------------------------------------------------
sample path: (IntersectionOutput) 
  order timepoint           sequence nr.                  node name     dropped samples
latency

Statistics:
  latency:                  188.445ms [min=162.929ms, max=206.447ms, average=187.042ms, deviation=12.9299ms]
----------------------------------------------------------

----------------------------------------------------------
sample path: (VehicleDBWSystem) 
  order timepoint           sequence nr.                  node name     dropped samples
bp period
latency

Statistics:
  latency:                  917.566ms [min=662.33ms, max=1021.75ms, average=848.448ms, deviation=100.162ms]
hotpath
  hot path:                 FrontLidarDriver/RearLidarDriver -> ObjectCollisionEstimator
  hot path latency:         422.243ms [min=282.235ms, max=468.908ms, average=400.79ms, deviation=61.7651ms]
  hot path drops:           1 [min=0, max=1, average=0.230769, deviation=0.438529]
  behavior planner period:  196.195ms [min=101.021ms, max=264.122ms, average=184.213ms, deviation=41.6269ms]
----------------------------------------------------------

----------------------------------------------------------
sample path: (IntersectionOutput) 
  order timepoint           sequence nr.                  node name     dropped samples
latency

Statistics:
  latency:                  181.739ms [min=162.929ms, max=206.447ms, average=186.747ms, deviation=12.606ms]
----------------------------------------------------------

----------------------------------------------------------
sample path: (VehicleDBWSystem) 
  order timepoint           sequence nr.                  node name     dropped samples
bp period
latency

Statistics:
  latency:                  939.629ms [min=662.33ms, max=1021.75ms, average=854.147ms, deviation=99.4144ms]
hotpath
  hot path:                 FrontLidarDriver/RearLidarDriver -> ObjectCollisionEstimator
  hot path latency:         429.458ms [min=282.235ms, max=468.908ms, average=402.838ms, deviation=59.8345ms]
  hot path drops:           0 [min=0, max=1, average=0.214286, deviation=0.425815]
  behavior planner period:  196.641ms [min=101.021ms, max=264.122ms, average=185.041ms, deviation=40.2409ms]
----------------------------------------------------------

----------------------------------------------------------
sample path: (IntersectionOutput) 
  order timepoint           sequence nr.                  node name     dropped samples
latency

Statistics:
  latency:                  186.939ms [min=162.929ms, max=206.447ms, average=186.758ms, deviation=12.2509ms]
----------------------------------------------------------

----------------------------------------------------------
sample path: (VehicleDBWSystem) 
  order timepoint           sequence nr.                  node name     dropped samples
bp period
latency

Statistics:
  latency:                  936.88ms [min=662.33ms, max=1021.75ms, average=859.014ms, deviation=98.3267ms]
hotpath
  hot path:                 FrontLidarDriver/RearLidarDriver -> ObjectCollisionEstimator
  hot path latency:         426.547ms [min=282.235ms, max=468.908ms, average=404.419ms, deviation=57.9821ms]
  hot path drops:           0 [min=0, max=1, average=0.2, deviation=0.414039]
  behavior planner period:  193.871ms [min=101.021ms, max=264.122ms, average=185.593ms, deviation=38.939ms]
----------------------------------------------------------

----------------------------------------------------------
sample path: (IntersectionOutput) 
  order timepoint           sequence nr.                  node name     dropped samples
latency

Statistics:
  latency:                  187.865ms [min=162.929ms, max=206.447ms, average=186.813ms, deviation=11.9267ms]
----------------------------------------------------------

----------------------------------------------------------
sample path: (VehicleDBWSystem) 
  order timepoint           sequence nr.                  node name     dropped samples
bp period
latency

Statistics:
  latency:                  961.746ms [min=662.33ms, max=1021.75ms, average=864.721ms, deviation=98.4163ms]
hotpath
  hot path:                 FrontLidarDriver/RearLidarDriver -> ObjectCollisionEstimator
  hot path latency:         438.596ms [min=282.235ms, max=468.908ms, average=406.555ms, deviation=56.6639ms]
  hot path drops:           0 [min=0, max=1, average=0.1875, deviation=0.403113]
  behavior planner period:  202.707ms [min=101.021ms, max=264.122ms, average=186.6ms, deviation=37.9303ms]
----------------------------------------------------------

----------------------------------------------------------
sample path: (IntersectionOutput) 
  order timepoint           sequence nr.                  node name     dropped samples
latency

Statistics:
  latency:                  192.719ms [min=162.929ms, max=206.447ms, average=187.094ms, deviation=11.6959ms]
----------------------------------------------------------

----------------------------------------------------------
sample path: (VehicleDBWSystem) 
  order timepoint           sequence nr.                  node name     dropped samples
bp period
latency

Statistics:
  latency:                  965.385ms [min=662.33ms, max=1021.75ms, average=870.019ms, deviation=98.392ms]
hotpath
  hot path:                 FrontLidarDriver/RearLidarDriver -> ObjectCollisionEstimator
  hot path latency:         442.603ms [min=282.235ms, max=468.908ms, average=408.675ms, deviation=55.5568ms]
  hot path drops:           0 [min=0, max=1, average=0.176471, deviation=0.392953]
  behavior planner period:  204.435ms [min=101.021ms, max=264.122ms, average=187.591ms, deviation=37.0371ms]
----------------------------------------------------------

----------------------------------------------------------
sample path: (IntersectionOutput) 
  order timepoint           sequence nr.                  node name     dropped samples
latency

Statistics:
  latency:                  189.609ms [min=162.929ms, max=206.447ms, average=187.208ms, deviation=11.4266ms]
----------------------------------------------------------

