----------------------------------------------------------
sample path: (IntersectionOutput) 
  order timepoint           sequence nr.                  node name     dropped samples
latency

Statistics:
  latency:                  54.9818ms [min=54.9818ms, max=54.9818ms, average=54.9818ms, deviation=-nanms]
----------------------------------------------------------

----------------------------------------------------------
sample path: (IntersectionOutput) 
  order timepoint           sequence nr.                  node name     dropped samples
latency

Statistics:
  latency:                  90.7949ms [min=54.9818ms, max=90.7949ms, average=72.8884ms, deviation=25.3237ms]
----------------------------------------------------------

----------------------------------------------------------
sample path: (VehicleDBWSystem) 
  order timepoint           sequence nr.                  node name     dropped samples
latency

Statistics:
  latency:                  331.18ms [min=331.18ms, max=331.18ms, average=331.18ms, deviation=-nanms]
hotpath
  hot path:                 FrontLidarDriver/RearLidarDriver -> ObjectCollisionEstimator
  hot path latency:         84.1915ms [min=84.1915ms, max=84.1915ms, average=84.1915ms, deviation=-nanms]
  hot path drops:           0 [min=0, max=0, average=0, deviation=-nan]
  behavior planner period:  0ms [min=1.84467e+13ms, max=0ms, average=0ms, deviation=0ms]
----------------------------------------------------------

----------------------------------------------------------
sample path: (IntersectionOutput) 
  order timepoint           sequence nr.                  node name     dropped samples
latency

Statistics:
  latency:                  81.719ms [min=54.9818ms, max=90.7949ms, average=75.8319ms, deviation=18.6182ms]
----------------------------------------------------------

----------------------------------------------------------
sample path: (VehicleDBWSystem) 
  order timepoint           sequence nr.                  node name     dropped samples
bp period
latency

Statistics:
  latency:                  292.144ms [min=292.144ms, max=331.18ms, average=311.662ms, deviation=27.6028ms]
  behavior planner period:  100.002ms [min=100.002ms, max=100.002ms, average=100.002ms, deviation=-nanms]
----------------------------------------------------------

----------------------------------------------------------
sample path: (IntersectionOutput) 
  order timepoint           sequence nr.                  node name     dropped samples
latency

Statistics:
  latency:                  54.8206ms [min=54.8206ms, max=90.7949ms, average=70.5791ms, deviation=18.4786ms]
----------------------------------------------------------

----------------------------------------------------------
sample path: (VehicleDBWSystem) 
  order timepoint           sequence nr.                  node name     dropped samples
bp period
latency

Statistics:
  latency:                  365.204ms [min=292.144ms, max=365.204ms, average=329.509ms, deviation=36.5583ms]
hotpath
  hot path:                 FrontLidarDriver/RearLidarDriver -> ObjectCollisionEstimator
  hot path latency:         94.0001ms [min=84.1915ms, max=94.0001ms, average=89.0958ms, deviation=6.93578ms]
  hot path drops:           0 [min=0, max=0, average=0, deviation=0]
  behavior planner period:  99.9931ms [min=99.9931ms, max=100.002ms, average=99.9976ms, deviation=0.00636396ms]
----------------------------------------------------------

----------------------------------------------------------
sample path: (IntersectionOutput) 
  order timepoint           sequence nr.                  node name     dropped samples
latency

Statistics:
  latency:                  81.8691ms [min=54.8206ms, max=90.7949ms, average=72.8371ms, deviation=16.7806ms]
----------------------------------------------------------

----------------------------------------------------------
sample path: (IntersectionOutput) 
  order timepoint           sequence nr.                  node name     dropped samples
latency

Statistics:
  latency:                  81.741ms [min=54.8206ms, max=90.7949ms, average=74.3211ms, deviation=15.4429ms]
----------------------------------------------------------

----------------------------------------------------------
sample path: (VehicleDBWSystem) 
  order timepoint           sequence nr.                  node name     dropped samples
bp period
latency

Statistics:
  latency:                  355.547ms [min=292.144ms, max=365.204ms, average=336.019ms, deviation=32.5652ms]
hotpath
  hot path:                 FrontLidarDriver/RearLidarDriver -> ObjectCollisionEstimator
  hot path latency:         112.972ms [min=84.1915ms, max=112.972ms, average=97.0546ms, deviation=14.6315ms]
  hot path drops:           0 [min=0, max=0, average=0, deviation=0]
  behavior planner period:  99.9924ms [min=99.9924ms, max=100.002ms, average=99.9958ms, deviation=0.00540956ms]
----------------------------------------------------------

----------------------------------------------------------
sample path: (IntersectionOutput) 
  order timepoint           sequence nr.                  node name     dropped samples
latency

Statistics:
  latency:                  90.8426ms [min=54.8206ms, max=90.8426ms, average=76.6813ms, deviation=15.4185ms]
----------------------------------------------------------

----------------------------------------------------------
sample path: (VehicleDBWSystem) 
  order timepoint           sequence nr.                  node name     dropped samples
bp period
latency

Statistics:
  latency:                  346.562ms [min=292.144ms, max=365.204ms, average=338.127ms, deviation=28.5937ms]
hotpath
  hot path:                 FrontLidarDriver/RearLidarDriver -> ObjectCollisionEstimator
  hot path latency:         86.2155ms [min=84.1915ms, max=112.972ms, average=94.3448ms, deviation=13.1184ms]
  hot path drops:           0 [min=0, max=0, average=0, deviation=0]
  behavior planner period:  100.001ms [min=99.9924ms, max=100.002ms, average=99.9971ms, deviation=0.00505899ms]
----------------------------------------------------------

----------------------------------------------------------
sample path: (IntersectionOutput) 
  order timepoint           sequence nr.                  node name     dropped samples
latency

Statistics:
  latency:                  100.041ms [min=54.8206ms, max=100.041ms, average=79.6012ms, deviation=16.4917ms]
----------------------------------------------------------

----------------------------------------------------------
sample path: (VehicleDBWSystem) 
  order timepoint           sequence nr.                  node name     dropped samples
bp period
latency

Statistics:
  latency:                  331.604ms [min=292.144ms, max=365.204ms, average=337.04ms, deviation=25.7133ms]
  behavior planner period:  100.001ms [min=99.9924ms, max=100.002ms, average=99.9978ms, deviation=0.00465242ms]
----------------------------------------------------------

----------------------------------------------------------
sample path: (IntersectionOutput) 
  order timepoint           sequence nr.                  node name     dropped samples
latency

Statistics:
  latency:                  72.7958ms [min=54.8206ms, max=100.041ms, average=78.8451ms, deviation=15.5925ms]
----------------------------------------------------------

----------------------------------------------------------
sample path: (VehicleDBWSystem) 
  order timepoint           sequence nr.                  node name     dropped samples
bp period
latency

Statistics:
  latency:                  347.694ms [min=292.144ms, max=365.204ms, average=338.562ms, deviation=23.8158ms]
hotpath
  hot path:                 FrontLidarDriver/RearLidarDriver -> ObjectCollisionEstimator
  hot path latency:         125.706ms [min=84.1915ms, max=125.706ms, average=100.617ms, deviation=18.0493ms]
  hot path drops:           0 [min=0, max=0, average=0, deviation=0]
  behavior planner period:  100.003ms [min=99.9924ms, max=100.003ms, average=99.9986ms, deviation=0.00467129ms]
----------------------------------------------------------

----------------------------------------------------------
sample path: (IntersectionOutput) 
  order timepoint           sequence nr.                  node name     dropped samples
latency

Statistics:
  latency:                  84.7993ms [min=54.8206ms, max=100.041ms, average=79.4405ms, deviation=14.8208ms]
----------------------------------------------------------

----------------------------------------------------------
sample path: (VehicleDBWSystem) 
  order timepoint           sequence nr.                  node name     dropped samples
bp period
latency

Statistics:
  latency:                  376.548ms [min=292.144ms, max=376.548ms, average=343.31ms, deviation=25.8172ms]
hotpath
  hot path:                 FrontLidarDriver/RearLidarDriver -> ObjectCollisionEstimator
  hot path latency:         96.2105ms [min=84.1915ms, max=125.706ms, average=99.8827ms, deviation=16.2437ms]
  hot path drops:           0 [min=0, max=0, average=0, deviation=0]
  behavior planner period:  101.588ms [min=99.9924ms, max=101.588ms, average=100.226ms, deviation=0.600845ms]
----------------------------------------------------------

----------------------------------------------------------
sample path: (IntersectionOutput) 
  order timepoint           sequence nr.                  node name     dropped samples
latency

Statistics:
  latency:                  81.8096ms [min=54.8206ms, max=100.041ms, average=79.6559ms, deviation=14.0784ms]
----------------------------------------------------------

----------------------------------------------------------
sample path: (IntersectionOutput) 
  order timepoint           sequence nr.                  node name     dropped samples
latency

Statistics:
  latency:                  81.4797ms [min=54.8206ms, max=100.041ms, average=79.8079ms, deviation=13.4336ms]
----------------------------------------------------------

----------------------------------------------------------
sample path: (VehicleDBWSystem) 
  order timepoint           sequence nr.                  node name     dropped samples
bp period
latency

Statistics:
  latency:                  385.298ms [min=292.144ms, max=385.298ms, average=347.976ms, deviation=27.9124ms]
hotpath
  hot path:                 FrontLidarDriver/RearLidarDriver -> ObjectCollisionEstimator
  hot path latency:         81.2893ms [min=81.2893ms, max=125.706ms, average=97.2265ms, deviation=16.4094ms]
  hot path drops:           0 [min=0, max=0, average=0, deviation=0]
  behavior planner period:  98.3997ms [min=98.3997ms, max=101.588ms, average=99.9975ms, deviation=0.852208ms]
----------------------------------------------------------

----------------------------------------------------------
sample path: (IntersectionOutput) 
  order timepoint           sequence nr.                  node name     dropped samples
latency

Statistics:
  latency:                  99.831ms [min=54.8206ms, max=100.041ms, average=81.3481ms, deviation=14.0094ms]
----------------------------------------------------------

----------------------------------------------------------
sample path: (VehicleDBWSystem) 
  order timepoint           sequence nr.                  node name     dropped samples
bp period
latency

Statistics:
  latency:                  363.818ms [min=292.144ms, max=385.298ms, average=349.56ms, deviation=26.7886ms]
hotpath
  hot path:                 FrontLidarDriver/RearLidarDriver -> ObjectCollisionEstimator
  hot path latency:         110.509ms [min=81.2893ms, max=125.706ms, average=98.8869ms, deviation=15.9015ms]
  hot path drops:           0 [min=0, max=0, average=0, deviation=0]
  behavior planner period:  100.016ms [min=98.3997ms, max=101.588ms, average=99.9996ms, deviation=0.797193ms]
----------------------------------------------------------

----------------------------------------------------------
sample path: (IntersectionOutput) 
  order timepoint           sequence nr.                  node name     dropped samples
latency

Statistics:
  latency:                  90.9604ms [min=54.8206ms, max=100.041ms, average=82.0347ms, deviation=13.7027ms]
----------------------------------------------------------

----------------------------------------------------------
sample path: (VehicleDBWSystem) 
  order timepoint           sequence nr.                  node name     dropped samples
bp period
latency

Statistics:
  latency:                  384.941ms [min=292.144ms, max=385.298ms, average=352.776ms, deviation=27.5621ms]
hotpath
  hot path:                 FrontLidarDriver/RearLidarDriver -> ObjectCollisionEstimator
  hot path latency:         110.509ms [min=81.2893ms, max=125.706ms, average=100.178ms, deviation=15.3707ms]
  hot path drops:           0 [min=0, max=0, average=0, deviation=0]
  behavior planner period:  100.001ms [min=98.3997ms, max=101.588ms, average=99.9998ms, deviation=0.751601ms]
----------------------------------------------------------

----------------------------------------------------------
sample path: (IntersectionOutput) 
  order timepoint           sequence nr.                  node name     dropped samples
latency

Statistics:
  latency:                  99.6219ms [min=54.8206ms, max=100.041ms, average=83.2072ms, deviation=13.9633ms]
----------------------------------------------------------

----------------------------------------------------------
sample path: (VehicleDBWSystem) 
  order timepoint           sequence nr.                  node name     dropped samples
bp period
latency

Statistics:
  latency:                  384.224ms [min=292.144ms, max=385.298ms, average=355.397ms, deviation=27.8033ms]
hotpath
  hot path:                 FrontLidarDriver/RearLidarDriver -> ObjectCollisionEstimator
  hot path latency:         112.941ms [min=81.2893ms, max=125.706ms, average=101.455ms, deviation=15.0432ms]
  hot path drops:           0 [min=0, max=0, average=0, deviation=0]
  behavior planner period:  99.9979ms [min=98.3997ms, max=101.588ms, average=99.9996ms, deviation=0.713031ms]
----------------------------------------------------------

----------------------------------------------------------
sample path: (IntersectionOutput) 
  order timepoint           sequence nr.                  node name     dropped samples
latency

Statistics:
  latency:                  72.6768ms [min=54.8206ms, max=100.041ms, average=82.549ms, deviation=13.7443ms]
----------------------------------------------------------

----------------------------------------------------------
sample path: (VehicleDBWSystem) 
  order timepoint           sequence nr.                  node name     dropped samples
bp period
latency

Statistics:
  latency:                  357.804ms [min=292.144ms, max=385.298ms, average=355.582ms, deviation=26.628ms]
hotpath
  hot path:                 FrontLidarDriver/RearLidarDriver -> ObjectCollisionEstimator
  hot path latency:         112.854ms [min=81.2893ms, max=125.706ms, average=102.491ms, deviation=14.6793ms]
  hot path drops:           0 [min=0, max=0, average=0, deviation=0]
  behavior planner period:  99.9785ms [min=98.3997ms, max=101.588ms, average=99.9978ms, deviation=0.679876ms]
----------------------------------------------------------

----------------------------------------------------------
sample path: (IntersectionOutput) 
  order timepoint           sequence nr.                  node name     dropped samples
latency

Statistics:
  latency:                  90.4561ms [min=54.8206ms, max=100.041ms, average=83.0141ms, deviation=13.4454ms]
----------------------------------------------------------

----------------------------------------------------------
sample path: (VehicleDBWSystem) 
  order timepoint           sequence nr.                  node name     dropped samples
bp period
latency

Statistics:
  latency:                  390.734ms [min=292.144ms, max=390.734ms, average=358.093ms, deviation=27.2537ms]
hotpath
  hot path:                 FrontLidarDriver/RearLidarDriver -> ObjectCollisionEstimator
  hot path latency:         72.9412ms [min=72.9412ms, max=125.706ms, average=100.028ms, deviation=16.3908ms]
  hot path drops:           0 [min=0, max=0, average=0, deviation=0]
  behavior planner period:  100.009ms [min=98.3997ms, max=101.588ms, average=99.9987ms, deviation=0.650939ms]
----------------------------------------------------------

----------------------------------------------------------
sample path: (IntersectionOutput) 
  order timepoint           sequence nr.                  node name     dropped samples
latency

Statistics:
  latency:                  99.6463ms [min=54.8206ms, max=100.041ms, average=83.9382ms, deviation=13.6203ms]
----------------------------------------------------------

----------------------------------------------------------
sample path: (VehicleDBWSystem) 
  order timepoint           sequence nr.                  node name     dropped samples
bp period
latency

Statistics:
  latency:                  363.048ms [min=292.144ms, max=390.734ms, average=358.423ms, deviation=26.2935ms]
hotpath
  hot path:                 FrontLidarDriver/RearLidarDriver -> ObjectCollisionEstimator
  hot path latency:         112.891ms [min=72.9412ms, max=125.706ms, average=101.018ms, deviation=16.0933ms]
  hot path drops:           0 [min=0, max=0, average=0, deviation=0]
  behavior planner period:  99.9926ms [min=98.3997ms, max=101.588ms, average=99.9982ms, deviation=0.625404ms]
----------------------------------------------------------

----------------------------------------------------------
sample path: (IntersectionOutput) 
  order timepoint           sequence nr.                  node name     dropped samples
latency

Statistics:
  latency:                  99.6634ms [min=54.8206ms, max=100.041ms, average=84.7658ms, deviation=13.7193ms]
----------------------------------------------------------

----------------------------------------------------------
sample path: (VehicleDBWSystem) 
  order timepoint           sequence nr.                  node name     dropped samples
bp period
latency

Statistics:
  latency:                  393.631ms [min=292.144ms, max=393.631ms, average=360.624ms, deviation=26.8837ms]
hotpath
  hot path:                 FrontLidarDriver/RearLidarDriver -> ObjectCollisionEstimator
  hot path latency:         112.891ms [min=72.9412ms, max=125.706ms, average=101.866ms, deviation=15.7842ms]
  hot path drops:           0 [min=0, max=0, average=0, deviation=0]
  behavior planner period:  100.02ms [min=98.3997ms, max=101.588ms, average=99.9997ms, deviation=0.602681ms]
----------------------------------------------------------

----------------------------------------------------------
sample path: (IntersectionOutput) 
  order timepoint           sequence nr.                  node name     dropped samples
latency

Statistics:
  latency:                  90.6482ms [min=54.8206ms, max=100.041ms, average=85.0599ms, deviation=13.4181ms]
----------------------------------------------------------

----------------------------------------------------------
sample path: (VehicleDBWSystem) 
  order timepoint           sequence nr.                  node name     dropped samples
bp period
latency

Statistics:
  latency:                  393.588ms [min=292.144ms, max=393.631ms, average=362.563ms, deviation=27.2302ms]
hotpath
  hot path:                 FrontLidarDriver/RearLidarDriver -> ObjectCollisionEstimator
  hot path latency:         112.922ms [min=72.9412ms, max=125.706ms, average=102.603ms, deviation=15.4757ms]
  hot path drops:           0 [min=0, max=0, average=0, deviation=0]
  behavior planner period:  100.002ms [min=98.3997ms, max=101.588ms, average=99.9999ms, deviation=0.582246ms]
----------------------------------------------------------

----------------------------------------------------------
sample path: (IntersectionOutput) 
  order timepoint           sequence nr.                  node name     dropped samples
latency

Statistics:
  latency:                  99.6317ms [min=54.8206ms, max=100.041ms, average=85.7538ms, deviation=13.4593ms]
----------------------------------------------------------

----------------------------------------------------------
sample path: (VehicleDBWSystem) 
  order timepoint           sequence nr.                  node name     dropped samples
bp period
latency

Statistics:
  latency:                  344.947ms [min=292.144ms, max=393.631ms, average=361.584ms, deviation=26.7415ms]
hotpath
  hot path:                 FrontLidarDriver/RearLidarDriver -> ObjectCollisionEstimator
  hot path latency:         90.6124ms [min=72.9412ms, max=125.706ms, average=101.854ms, deviation=15.2485ms]
  hot path drops:           0 [min=0, max=0, average=0, deviation=0]
  behavior planner period:  99.9781ms [min=98.3997ms, max=101.588ms, average=99.9986ms, deviation=0.563782ms]
----------------------------------------------------------

----------------------------------------------------------
sample path: (IntersectionOutput) 
  order timepoint           sequence nr.                  node name     dropped samples
latency

Statistics:
  latency:                  99.6381ms [min=54.8206ms, max=100.041ms, average=86.3849ms, deviation=13.4644ms]
----------------------------------------------------------

----------------------------------------------------------
sample path: (VehicleDBWSystem) 
  order timepoint           sequence nr.                  node name     dropped samples
bp period
latency

Statistics:
  latency:                  445.894ms [min=292.144ms, max=445.894ms, average=366.022ms, deviation=32.3959ms]
hotpath
  hot path:                 FrontLidarDriver/RearLidarDriver -> ObjectCollisionEstimator
  hot path latency:         90.5162ms [min=72.9412ms, max=125.706ms, average=101.187ms, deviation=15.0181ms]
  hot path drops:           0 [min=0, max=0, average=0, deviation=0]
  behavior planner period:  99.9988ms [min=98.3997ms, max=101.588ms, average=99.9986ms, deviation=0.546949ms]
----------------------------------------------------------

----------------------------------------------------------
sample path: (IntersectionOutput) 
  order timepoint           sequence nr.                  node name     dropped samples
latency

Statistics:
  latency:                  101.352ms [min=54.8206ms, max=101.352ms, average=87.0357ms, deviation=13.5199ms]
----------------------------------------------------------

----------------------------------------------------------
sample path: (VehicleDBWSystem) 
  order timepoint           sequence nr.                  node name     dropped samples
bp period
latency

Statistics:
  latency:                  301.004ms [min=292.144ms, max=445.894ms, average=362.771ms, deviation=34.7221ms]
hotpath
  hot path:                 FrontLidarDriver/RearLidarDriver -> ObjectCollisionEstimator
  hot path latency:         90.4132ms [min=72.9412ms, max=125.706ms, average=100.588ms, deviation=14.7894ms]
  hot path drops:           0 [min=0, max=0, average=0, deviation=0]
  behavior planner period:  100.006ms [min=98.3997ms, max=101.588ms, average=99.999ms, deviation=0.531541ms]
----------------------------------------------------------

----------------------------------------------------------
sample path: (IntersectionOutput) 
  order timepoint           sequence nr.                  node name     dropped samples
latency

Statistics:
  latency:                  99.6034ms [min=54.8206ms, max=101.352ms, average=87.5593ms, deviation=13.4693ms]
----------------------------------------------------------

----------------------------------------------------------
sample path: (VehicleDBWSystem) 
  order timepoint           sequence nr.                  node name     dropped samples
bp period
latency

Statistics:
  latency:                  383.121ms [min=292.144ms, max=445.894ms, average=363.74ms, deviation=34.133ms]
hotpath
  hot path:                 FrontLidarDriver/RearLidarDriver -> ObjectCollisionEstimator
  hot path latency:         91.3266ms [min=72.9412ms, max=125.706ms, average=100.101ms, deviation=14.5289ms]
  hot path drops:           0 [min=0, max=0, average=0, deviation=0]
  behavior planner period:  100.016ms [min=98.3997ms, max=101.588ms, average=99.9998ms, deviation=0.517378ms]
----------------------------------------------------------

----------------------------------------------------------
sample path: (IntersectionOutput) 
  order timepoint           sequence nr.                  node name     dropped samples
latency

Statistics:
  latency:                  81.8753ms [min=54.8206ms, max=101.352ms, average=87.332ms, deviation=13.2346ms]
----------------------------------------------------------

----------------------------------------------------------
sample path: (VehicleDBWSystem) 
  order timepoint           sequence nr.                  node name     dropped samples
bp period
latency

Statistics:
  latency:                  346.074ms [min=292.144ms, max=445.894ms, average=362.937ms, deviation=33.5227ms]
hotpath
  hot path:                 FrontLidarDriver/RearLidarDriver -> ObjectCollisionEstimator
  hot path latency:         91.9426ms [min=72.9412ms, max=125.706ms, average=99.6928ms, deviation=14.2585ms]
  hot path drops:           0 [min=0, max=0, average=0, deviation=0]
  behavior planner period:  100.004ms [min=98.3997ms, max=101.588ms, average=100ms, deviation=0.504278ms]
----------------------------------------------------------

----------------------------------------------------------
sample path: (IntersectionOutput) 
  order timepoint           sequence nr.                  node name     dropped samples
latency

Statistics:
  latency:                  108.615ms [min=54.8206ms, max=108.615ms, average=88.1505ms, deviation=13.6225ms]
----------------------------------------------------------

----------------------------------------------------------
sample path: (VehicleDBWSystem) 
  order timepoint           sequence nr.                  node name     dropped samples
bp period
latency

Statistics:
  latency:                  386.05ms [min=292.144ms, max=445.894ms, average=363.942ms, deviation=33.1046ms]
hotpath
  hot path:                 FrontLidarDriver/RearLidarDriver -> ObjectCollisionEstimator
  hot path latency:         91.9426ms [min=72.9412ms, max=125.706ms, average=99.3237ms, deviation=14ms]
  hot path drops:           0 [min=0, max=0, average=0, deviation=0]
  behavior planner period:  99.974ms [min=98.3997ms, max=101.588ms, average=99.9989ms, deviation=0.492157ms]
----------------------------------------------------------

----------------------------------------------------------
sample path: (IntersectionOutput) 
  order timepoint           sequence nr.                  node name     dropped samples
latency

Statistics:
  latency:                  99.8547ms [min=54.8206ms, max=108.615ms, average=88.584ms, deviation=13.5465ms]
----------------------------------------------------------

----------------------------------------------------------
sample path: (VehicleDBWSystem) 
  order timepoint           sequence nr.                  node name     dropped samples
bp period
latency

Statistics:
  latency:                  299.502ms [min=292.144ms, max=445.894ms, average=361.257ms, deviation=34.9469ms]
hotpath
  hot path:                 FrontLidarDriver/RearLidarDriver -> ObjectCollisionEstimator
  hot path latency:         82.8789ms [min=72.9412ms, max=125.706ms, average=98.5762ms, deviation=14.1053ms]
  hot path drops:           0 [min=0, max=0, average=0, deviation=0]
  behavior planner period:  99.9991ms [min=98.3997ms, max=101.588ms, average=99.9989ms, deviation=0.480841ms]
----------------------------------------------------------

----------------------------------------------------------
sample path: (IntersectionOutput) 
  order timepoint           sequence nr.                  node name     dropped samples
latency

Statistics:
  latency:                  90.6379ms [min=54.8206ms, max=108.615ms, average=88.6574ms, deviation=13.2989ms]
----------------------------------------------------------

----------------------------------------------------------
sample path: (VehicleDBWSystem) 
  order timepoint           sequence nr.                  node name     dropped samples
bp period
latency

Statistics:
  latency:                  265.937ms [min=265.937ms, max=445.894ms, average=357.444ms, deviation=39.1642ms]
hotpath
  hot path:                 FrontLidarDriver/RearLidarDriver -> ObjectCollisionEstimator
  hot path latency:         83.0157ms [min=72.9412ms, max=125.706ms, average=97.8997ms, deviation=14.1578ms]
  hot path drops:           0 [min=0, max=0, average=0, deviation=0]
  behavior planner period:  100.003ms [min=98.3997ms, max=101.588ms, average=99.999ms, deviation=0.470273ms]
----------------------------------------------------------

----------------------------------------------------------
sample path: (IntersectionOutput) 
  order timepoint           sequence nr.                  node name     dropped samples
latency

Statistics:
  latency:                  75.0887ms [min=54.8206ms, max=108.615ms, average=88.1895ms, deviation=13.3001ms]
----------------------------------------------------------

----------------------------------------------------------
sample path: (VehicleDBWSystem) 
  order timepoint           sequence nr.                  node name     dropped samples
bp period
latency

Statistics:
  latency:                  320.452ms [min=265.937ms, max=445.894ms, average=356.021ms, deviation=39.0527ms]
  behavior planner period:  100.007ms [min=98.3997ms, max=101.588ms, average=99.9994ms, deviation=0.460374ms]
----------------------------------------------------------

----------------------------------------------------------
sample path: (IntersectionOutput) 
  order timepoint           sequence nr.                  node name     dropped samples
latency

Statistics:
  latency:                  108.807ms [min=54.8206ms, max=108.807ms, average=88.8768ms, deviation=13.6002ms]
----------------------------------------------------------

----------------------------------------------------------
sample path: (VehicleDBWSystem) 
  order timepoint           sequence nr.                  node name     dropped samples
bp period
latency

Statistics:
  latency:                  402.104ms [min=265.937ms, max=445.894ms, average=357.728ms, deviation=39.3079ms]
hotpath
  hot path:                 FrontLidarDriver/RearLidarDriver -> ObjectCollisionEstimator
  hot path latency:         116.379ms [min=72.9412ms, max=125.706ms, average=98.6697ms, deviation=14.3512ms]
  hot path drops:           0 [min=0, max=0, average=0, deviation=0]
  behavior planner period:  99.9966ms [min=98.3997ms, max=101.588ms, average=99.9993ms, deviation=0.451073ms]
----------------------------------------------------------

----------------------------------------------------------
sample path: (IntersectionOutput) 
  order timepoint           sequence nr.                  node name     dropped samples
latency

Statistics:
  latency:                  127.032ms [min=54.8206ms, max=127.032ms, average=90.1076ms, deviation=15.0253ms]
----------------------------------------------------------

----------------------------------------------------------
sample path: (VehicleDBWSystem) 
  order timepoint           sequence nr.                  node name     dropped samples
bp period
latency

Statistics:
  latency:                  388.327ms [min=265.937ms, max=445.894ms, average=358.821ms, deviation=39.0041ms]
hotpath
  hot path:                 FrontLidarDriver/RearLidarDriver -> ObjectCollisionEstimator
  hot path latency:         112.754ms [min=72.9412ms, max=125.706ms, average=99.233ms, deviation=14.3286ms]
  hot path drops:           0 [min=0, max=0, average=0, deviation=0]
  behavior planner period:  99.9951ms [min=98.3997ms, max=101.588ms, average=99.9991ms, deviation=0.442314ms]
----------------------------------------------------------

----------------------------------------------------------
sample path: (IntersectionOutput) 
  order timepoint           sequence nr.                  node name     dropped samples
latency

Statistics:
  latency:                  99.6466ms [min=54.8206ms, max=127.032ms, average=90.4057ms, deviation=14.8768ms]
----------------------------------------------------------

----------------------------------------------------------
sample path: (VehicleDBWSystem) 
  order timepoint           sequence nr.                  node name     dropped samples
bp period
latency

Statistics:
  latency:                  354.183ms [min=265.937ms, max=445.894ms, average=358.661ms, deviation=38.311ms]
hotpath
  hot path:                 FrontLidarDriver/RearLidarDriver -> ObjectCollisionEstimator
  hot path latency:         85.4737ms [min=72.9412ms, max=125.706ms, average=98.7038ms, deviation=14.2961ms]
  hot path drops:           0 [min=0, max=0, average=0, deviation=0]
  behavior planner period:  99.9988ms [min=98.3997ms, max=101.588ms, average=99.9991ms, deviation=0.434046ms]
----------------------------------------------------------

----------------------------------------------------------
sample path: (IntersectionOutput) 
  order timepoint           sequence nr.                  node name     dropped samples
latency

Statistics:
  latency:                  99.6296ms [min=54.8206ms, max=127.032ms, average=90.6852ms, deviation=14.7303ms]
----------------------------------------------------------

----------------------------------------------------------
sample path: (VehicleDBWSystem) 
  order timepoint           sequence nr.                  node name     dropped samples
bp period
latency

Statistics:
  latency:                  454.304ms [min=265.937ms, max=454.304ms, average=361.849ms, deviation=41.4975ms]
hotpath
  hot path:                 FrontLidarDriver/RearLidarDriver -> ObjectCollisionEstimator
  hot path latency:         85.3828ms [min=72.9412ms, max=125.706ms, average=98.2105ms, deviation=14.251ms]
  hot path drops:           0 [min=0, max=0, average=0, deviation=0]
  behavior planner period:  100.001ms [min=98.3997ms, max=101.588ms, average=99.9992ms, deviation=0.426225ms]
----------------------------------------------------------

----------------------------------------------------------
sample path: (IntersectionOutput) 
  order timepoint           sequence nr.                  node name     dropped samples
latency

Statistics:
  latency:                  99.8582ms [min=54.8206ms, max=127.032ms, average=90.955ms, deviation=14.5905ms]
----------------------------------------------------------

----------------------------------------------------------
sample path: (VehicleDBWSystem) 
  order timepoint           sequence nr.                  node name     dropped samples
bp period
latency

Statistics:
  latency:                  308.777ms [min=265.937ms, max=454.304ms, average=360.137ms, deviation=41.8987ms]
hotpath
  hot path:                 FrontLidarDriver/RearLidarDriver -> ObjectCollisionEstimator
  hot path latency:         85.1992ms [min=72.9412ms, max=125.706ms, average=97.7458ms, deviation=14.1991ms]
  hot path drops:           0 [min=0, max=0, average=0, deviation=0]
  behavior planner period:  100.007ms [min=98.3997ms, max=101.588ms, average=99.9994ms, deviation=0.418814ms]
----------------------------------------------------------

----------------------------------------------------------
sample path: (IntersectionOutput) 
  order timepoint           sequence nr.                  node name     dropped samples
latency

Statistics:
  latency:                  108.908ms [min=54.8206ms, max=127.032ms, average=91.4679ms, deviation=14.6911ms]
----------------------------------------------------------

----------------------------------------------------------
sample path: (VehicleDBWSystem) 
  order timepoint           sequence nr.                  node name     dropped samples
bp period
latency

Statistics:
  latency:                  299.961ms [min=265.937ms, max=454.304ms, average=358.256ms, deviation=42.5679ms]
hotpath
  hot path:                 FrontLidarDriver/RearLidarDriver -> ObjectCollisionEstimator
  hot path latency:         134.568ms [min=72.9412ms, max=134.568ms, average=99.0155ms, deviation=15.5296ms]
  hot path drops:           0 [min=0, max=0, average=0, deviation=0]
  behavior planner period:  99.9829ms [min=98.3997ms, max=101.588ms, average=99.9989ms, deviation=0.411785ms]
----------------------------------------------------------

----------------------------------------------------------
sample path: (IntersectionOutput) 
  order timepoint           sequence nr.                  node name     dropped samples
latency

Statistics:
  latency:                  90.8091ms [min=54.8206ms, max=127.032ms, average=91.4496ms, deviation=14.4802ms]
----------------------------------------------------------

----------------------------------------------------------
sample path: (VehicleDBWSystem) 
  order timepoint           sequence nr.                  node name     dropped samples
bp period
latency

Statistics:
  latency:                  399.826ms [min=265.937ms, max=454.304ms, average=359.516ms, deviation=42.5178ms]
hotpath
  hot path:                 FrontLidarDriver/RearLidarDriver -> ObjectCollisionEstimator
  hot path latency:         134.568ms [min=72.9412ms, max=134.568ms, average=100.201ms, deviation=16.5827ms]
  hot path drops:           0 [min=0, max=0, average=0, deviation=0]
  behavior planner period:  100.036ms [min=98.3997ms, max=101.588ms, average=100ms, deviation=0.405143ms]
----------------------------------------------------------

----------------------------------------------------------
sample path: (IntersectionOutput) 
  order timepoint           sequence nr.                  node name     dropped samples
latency

Statistics:
  latency:                  99.6406ms [min=54.8206ms, max=127.032ms, average=91.671ms, deviation=14.341ms]
----------------------------------------------------------

----------------------------------------------------------
sample path: (VehicleDBWSystem) 
  order timepoint           sequence nr.                  node name     dropped samples
bp period
latency

Statistics:
  latency:                  388.159ms [min=265.937ms, max=454.304ms, average=360.359ms, deviation=42.1558ms]
hotpath
  hot path:                 FrontLidarDriver/RearLidarDriver -> ObjectCollisionEstimator
  hot path latency:         94.4756ms [min=72.9412ms, max=134.568ms, average=100.016ms, deviation=16.3363ms]
  hot path drops:           0 [min=0, max=0, average=0, deviation=0]
  behavior planner period:  99.994ms [min=98.3997ms, max=101.588ms, average=99.9999ms, deviation=0.398764ms]
----------------------------------------------------------

----------------------------------------------------------
sample path: (IntersectionOutput) 
  order timepoint           sequence nr.                  node name     dropped samples
latency

Statistics:
  latency:                  99.5011ms [min=54.8206ms, max=127.032ms, average=91.877ms, deviation=14.2028ms]
----------------------------------------------------------

----------------------------------------------------------
sample path: (VehicleDBWSystem) 
  order timepoint           sequence nr.                  node name     dropped samples
bp period
latency

Statistics:
  latency:                  344.692ms [min=265.937ms, max=454.304ms, average=359.911ms, deviation=41.6156ms]
hotpath
  hot path:                 FrontLidarDriver/RearLidarDriver -> ObjectCollisionEstimator
  hot path latency:         85.4345ms [min=72.9412ms, max=134.568ms, average=99.5602ms, deviation=16.2761ms]
  hot path drops:           0 [min=0, max=0, average=0, deviation=0]
  behavior planner period:  99.9816ms [min=98.3997ms, max=101.588ms, average=99.9993ms, deviation=0.392688ms]
----------------------------------------------------------

----------------------------------------------------------
sample path: (IntersectionOutput) 
  order timepoint           sequence nr.                  node name     dropped samples
latency

Statistics:
  latency:                  99.5261ms [min=54.8206ms, max=127.032ms, average=92.0732ms, deviation=14.0681ms]
----------------------------------------------------------

----------------------------------------------------------
sample path: (VehicleDBWSystem) 
  order timepoint           sequence nr.                  node name     dropped samples
bp period
latency

Statistics:
  latency:                  298.958ms [min=265.937ms, max=454.304ms, average=358.218ms, deviation=42.2561ms]
hotpath
  hot path:                 FrontLidarDriver/RearLidarDriver -> ObjectCollisionEstimator
  hot path latency:         85.2914ms [min=72.9412ms, max=134.568ms, average=99.1278ms, deviation=16.2112ms]
  hot path drops:           0 [min=0, max=0, average=0, deviation=0]
  behavior planner period:  99.9965ms [min=98.3997ms, max=101.588ms, average=99.9993ms, deviation=0.386871ms]
----------------------------------------------------------

----------------------------------------------------------
sample path: (IntersectionOutput) 
  order timepoint           sequence nr.                  node name     dropped samples
latency

Statistics:
  latency:                  99.5789ms [min=54.8206ms, max=127.032ms, average=92.2608ms, deviation=13.9372ms]
----------------------------------------------------------

----------------------------------------------------------
sample path: (VehicleDBWSystem) 
  order timepoint           sequence nr.                  node name     dropped samples
bp period
latency

Statistics:
  latency:                  308.024ms [min=265.937ms, max=454.304ms, average=356.861ms, deviation=42.4744ms]
hotpath
  hot path:                 FrontLidarDriver/RearLidarDriver -> ObjectCollisionEstimator
  hot path latency:         84.9349ms [min=72.9412ms, max=134.568ms, average=98.7104ms, deviation=16.1482ms]
  hot path drops:           0 [min=0, max=0, average=0, deviation=0]
  behavior planner period:  100.001ms [min=98.3997ms, max=101.588ms, average=99.9993ms, deviation=0.381304ms]
----------------------------------------------------------

----------------------------------------------------------
sample path: (IntersectionOutput) 
  order timepoint           sequence nr.                  node name     dropped samples
latency

Statistics:
  latency:                  108.559ms [min=54.8206ms, max=127.032ms, average=92.6583ms, deviation=13.9953ms]
----------------------------------------------------------

----------------------------------------------------------
sample path: (VehicleDBWSystem) 
  order timepoint           sequence nr.                  node name     dropped samples
bp period
latency

Statistics:
  latency:                  299.157ms [min=265.937ms, max=454.304ms, average=355.343ms, deviation=42.9295ms]
  behavior planner period:  100ms [min=98.3997ms, max=101.588ms, average=99.9993ms, deviation=0.375971ms]
----------------------------------------------------------

----------------------------------------------------------
sample path: (IntersectionOutput) 
  order timepoint           sequence nr.                  node name     dropped samples
latency

Statistics:
  latency:                  90.6301ms [min=54.8206ms, max=127.032ms, average=92.61ms, deviation=13.8271ms]
----------------------------------------------------------

----------------------------------------------------------
sample path: (VehicleDBWSystem) 
  order timepoint           sequence nr.                  node name     dropped samples
bp period
latency

Statistics:
  latency:                  398.735ms [min=265.937ms, max=454.304ms, average=356.455ms, deviation=42.9269ms]
hotpath
  hot path:                 FrontLidarDriver/RearLidarDriver -> ObjectCollisionEstimator
  hot path latency:         93.5482ms [min=72.9412ms, max=134.568ms, average=98.5629ms, deviation=15.9328ms]
  hot path drops:           0 [min=0, max=0, average=0, deviation=0]
  behavior planner period:  100.023ms [min=98.3997ms, max=101.588ms, average=99.9999ms, deviation=0.370875ms]
----------------------------------------------------------

----------------------------------------------------------
sample path: (IntersectionOutput) 
  order timepoint           sequence nr.                  node name     dropped samples
latency

Statistics:
  latency:                  99.4157ms [min=54.8206ms, max=127.032ms, average=92.7683ms, deviation=13.7008ms]
----------------------------------------------------------

----------------------------------------------------------
sample path: (VehicleDBWSystem) 
  order timepoint           sequence nr.                  node name     dropped samples
bp period
latency

Statistics:
  latency:                  386.832ms [min=265.937ms, max=454.304ms, average=357.215ms, deviation=42.6443ms]
hotpath
  hot path:                 FrontLidarDriver/RearLidarDriver -> ObjectCollisionEstimator
  hot path latency:         93.5482ms [min=72.9412ms, max=134.568ms, average=98.4236ms, deviation=15.7258ms]
  hot path drops:           0 [min=0, max=0, average=0, deviation=0]
  behavior planner period:  99.9786ms [min=98.3997ms, max=101.588ms, average=99.9994ms, deviation=0.365978ms]
----------------------------------------------------------

----------------------------------------------------------
sample path: (IntersectionOutput) 
  order timepoint           sequence nr.                  node name     dropped samples
latency

Statistics:
  latency:                  99.5961ms [min=54.8206ms, max=127.032ms, average=92.9235ms, deviation=13.5797ms]
----------------------------------------------------------

----------------------------------------------------------
sample path: (VehicleDBWSystem) 
  order timepoint           sequence nr.                  node name     dropped samples
bp period
latency

Statistics:
  latency:                  344.913ms [min=265.937ms, max=454.304ms, average=356.915ms, deviation=42.1517ms]
hotpath
  hot path:                 FrontLidarDriver/RearLidarDriver -> ObjectCollisionEstimator
  hot path latency:         83.8046ms [min=72.9412ms, max=134.568ms, average=98.0285ms, deviation=15.691ms]
  hot path drops:           0 [min=0, max=0, average=0, deviation=0]
  behavior planner period:  100.002ms [min=98.3997ms, max=101.588ms, average=99.9995ms, deviation=0.361256ms]
----------------------------------------------------------

----------------------------------------------------------
sample path: (IntersectionOutput) 
  order timepoint           sequence nr.                  node name     dropped samples
latency

Statistics:
  latency:                  99.9997ms [min=54.8206ms, max=127.032ms, average=93.0807ms, deviation=13.4658ms]
----------------------------------------------------------

----------------------------------------------------------
sample path: (VehicleDBWSystem) 
  order timepoint           sequence nr.                  node name     dropped samples
bp period
latency

Statistics:
  latency:                  299.609ms [min=265.937ms, max=454.304ms, average=355.55ms, deviation=42.5631ms]
hotpath
  hot path:                 FrontLidarDriver/RearLidarDriver -> ObjectCollisionEstimator
  hot path latency:         83.8811ms [min=72.9412ms, max=134.568ms, average=97.6562ms, deviation=15.6467ms]
  hot path drops:           0 [min=0, max=0, average=0, deviation=0]
  behavior planner period:  99.9989ms [min=98.3997ms, max=101.588ms, average=99.9994ms, deviation=0.356712ms]
----------------------------------------------------------

----------------------------------------------------------
sample path: (IntersectionOutput) 
  order timepoint           sequence nr.                  node name     dropped samples
latency

Statistics:
  latency:                  99.6465ms [min=54.8206ms, max=127.032ms, average=93.2235ms, deviation=13.3505ms]
----------------------------------------------------------

----------------------------------------------------------
sample path: (VehicleDBWSystem) 
  order timepoint           sequence nr.                  node name     dropped samples
bp period
latency

Statistics:
  latency:                  308.764ms [min=265.937ms, max=454.304ms, average=354.462ms, deviation=42.6543ms]
hotpath
  hot path:                 FrontLidarDriver/RearLidarDriver -> ObjectCollisionEstimator
  hot path latency:         84.1123ms [min=72.9412ms, max=134.568ms, average=97.3089ms, deviation=15.5911ms]
  hot path drops:           0 [min=0, max=0, average=0, deviation=0]
  behavior planner period:  99.9985ms [min=98.3997ms, max=101.588ms, average=99.9994ms, deviation=0.352335ms]
----------------------------------------------------------

----------------------------------------------------------
sample path: (IntersectionOutput) 
  order timepoint           sequence nr.                  node name     dropped samples
latency

Statistics:
  latency:                  108.753ms [min=54.8206ms, max=127.032ms, average=93.5539ms, deviation=13.3975ms]
----------------------------------------------------------

