FrontLidarDriver
RearLidarDriver
PointCloudMap
Visualizer
Lanelet2Map
EuclideanClusterSettings
PointsTransformerFront
PointsTransformerRear
VoxelGridDownsampler
PointCloudMapLoader
RayGroundFilter
ObjectCollisionEstimator
MPCController
ParkingPlanner
LanePlanner
PointCloudFusion
NDTLocalizer
VehicleInterface
Lanelet2GlobalPlanner
Lanelet2MapLoader
BehaviorPlanner
EuclideanClusterDetector
VehicleDBWSystem
IntersectionOutput
EuclideanClusterDetector
ObjectCollisionEstimator
PointCloudFusion
RayGroundFilter
----------------------------------------------------------
sample path: (IntersectionOutput) 
  order timepoint           sequence nr.                  node name     dropped samples
latency

Statistics:
  latency:                  82.0653ms [min=82.0653ms, max=82.0653ms, average=82.0653ms, deviation=-nanms]
----------------------------------------------------------

----------------------------------------------------------
sample path: (IntersectionOutput) 
  order timepoint           sequence nr.                  node name     dropped samples
latency

Statistics:
  latency:                  93.5676ms [min=82.0653ms, max=93.5676ms, average=87.8164ms, deviation=8.13336ms]
----------------------------------------------------------

----------------------------------------------------------
sample path: (VehicleDBWSystem) 
  order timepoint           sequence nr.                  node name     dropped samples
latency

Statistics:
  latency:                  372.343ms [min=372.343ms, max=372.343ms, average=372.343ms, deviation=-nanms]
hotpath
  hot path:                 FrontLidarDriver/RearLidarDriver -> ObjectCollisionEstimator
  hot path latency:         163.765ms [min=163.765ms, max=163.765ms, average=163.765ms, deviation=-nanms]
  hot path drops:           0 [min=0, max=0, average=0, deviation=-nan]
  behavior planner period:  0ms [min=1.84467e+13ms, max=0ms, average=0ms, deviation=0ms]
----------------------------------------------------------

----------------------------------------------------------
sample path: (IntersectionOutput) 
  order timepoint           sequence nr.                  node name     dropped samples
latency

Statistics:
  latency:                  82.4486ms [min=82.0653ms, max=93.5676ms, average=86.0271ms, deviation=6.53302ms]
----------------------------------------------------------

----------------------------------------------------------
sample path: (IntersectionOutput) 
  order timepoint           sequence nr.                  node name     dropped samples
latency

Statistics:
  latency:                  94.4393ms [min=82.0653ms, max=94.4393ms, average=88.1302ms, deviation=6.79298ms]
----------------------------------------------------------

----------------------------------------------------------
sample path: (VehicleDBWSystem) 
  order timepoint           sequence nr.                  node name     dropped samples
bp period
latency

Statistics:
  latency:                  354.554ms [min=354.554ms, max=372.343ms, average=363.449ms, deviation=12.5788ms]
hotpath
  hot path:                 FrontLidarDriver/RearLidarDriver -> ObjectCollisionEstimator
  hot path latency:         156.265ms [min=156.265ms, max=163.765ms, average=160.015ms, deviation=5.30363ms]
  hot path drops:           0 [min=0, max=0, average=0, deviation=0]
  behavior planner period:  99.9709ms [min=99.9709ms, max=99.9709ms, average=99.9709ms, deviation=-nanms]
----------------------------------------------------------

----------------------------------------------------------
sample path: (IntersectionOutput) 
  order timepoint           sequence nr.                  node name     dropped samples
latency

Statistics:
  latency:                  94.0324ms [min=82.0653ms, max=94.4393ms, average=89.3106ms, deviation=6.44792ms]
----------------------------------------------------------

----------------------------------------------------------
sample path: (IntersectionOutput) 
  order timepoint           sequence nr.                  node name     dropped samples
latency

Statistics:
  latency:                  70.7775ms [min=70.7775ms, max=94.4393ms, average=86.2217ms, deviation=9.51351ms]
----------------------------------------------------------

----------------------------------------------------------
sample path: (IntersectionOutput) 
  order timepoint           sequence nr.                  node name     dropped samples
latency

Statistics:
  latency:                  95.1938ms [min=70.7775ms, max=95.1938ms, average=87.5035ms, deviation=9.32319ms]
----------------------------------------------------------

----------------------------------------------------------
sample path: (VehicleDBWSystem) 
  order timepoint           sequence nr.                  node name     dropped samples
bp period
latency

Statistics:
  latency:                  385.239ms [min=354.554ms, max=385.239ms, average=370.712ms, deviation=15.4071ms]
hotpath
  hot path:                 FrontLidarDriver/RearLidarDriver -> ObjectCollisionEstimator
  hot path latency:         147.443ms [min=147.443ms, max=163.765ms, average=155.824ms, deviation=8.16988ms]
  hot path drops:           0 [min=0, max=0, average=0, deviation=0]
  behavior planner period:  99.9939ms [min=99.9709ms, max=99.9939ms, average=99.9824ms, deviation=0.0162649ms]
----------------------------------------------------------

----------------------------------------------------------
sample path: (IntersectionOutput) 
  order timepoint           sequence nr.                  node name     dropped samples
latency

Statistics:
  latency:                  83.6644ms [min=70.7775ms, max=95.1938ms, average=87.0236ms, deviation=8.73767ms]
----------------------------------------------------------

----------------------------------------------------------
sample path: (IntersectionOutput) 
  order timepoint           sequence nr.                  node name     dropped samples
latency

Statistics:
  latency:                  81.738ms [min=70.7775ms, max=95.1938ms, average=86.4363ms, deviation=8.36108ms]
----------------------------------------------------------

----------------------------------------------------------
sample path: (VehicleDBWSystem) 
  order timepoint           sequence nr.                  node name     dropped samples
bp period
latency

Statistics:
  latency:                  401.807ms [min=354.554ms, max=401.807ms, average=378.486ms, deviation=19.9994ms]
hotpath
  hot path:                 FrontLidarDriver/RearLidarDriver -> ObjectCollisionEstimator
  hot path latency:         140.463ms [min=140.463ms, max=163.765ms, average=151.984ms, deviation=10.173ms]
  hot path drops:           0 [min=0, max=0, average=0, deviation=0]
  behavior planner period:  100.026ms [min=99.9709ms, max=100.026ms, average=99.997ms, deviation=0.0276764ms]
----------------------------------------------------------

----------------------------------------------------------
sample path: (IntersectionOutput) 
  order timepoint           sequence nr.                  node name     dropped samples
latency

Statistics:
  latency:                  107.318ms [min=70.7775ms, max=107.318ms, average=88.5245ms, deviation=10.2833ms]
----------------------------------------------------------

----------------------------------------------------------
sample path: (IntersectionOutput) 
  order timepoint           sequence nr.                  node name     dropped samples
latency

Statistics:
  latency:                  96.3111ms [min=70.7775ms, max=107.318ms, average=89.2324ms, deviation=10.0341ms]
----------------------------------------------------------

----------------------------------------------------------
sample path: (VehicleDBWSystem) 
  order timepoint           sequence nr.                  node name     dropped samples
bp period
latency

Statistics:
  latency:                  373.824ms [min=354.554ms, max=401.807ms, average=377.554ms, deviation=17.445ms]
hotpath
  hot path:                 FrontLidarDriver/RearLidarDriver -> ObjectCollisionEstimator
  hot path latency:         134.875ms [min=134.875ms, max=163.765ms, average=148.562ms, deviation=11.6688ms]
  hot path drops:           0 [min=0, max=0, average=0, deviation=0]
  behavior planner period:  99.9846ms [min=99.9709ms, max=100.026ms, average=99.9939ms, deviation=0.023424ms]
----------------------------------------------------------

----------------------------------------------------------
sample path: (IntersectionOutput) 
  order timepoint           sequence nr.                  node name     dropped samples
latency

Statistics:
  latency:                  81.691ms [min=70.7775ms, max=107.318ms, average=88.6039ms, deviation=9.81171ms]
----------------------------------------------------------

----------------------------------------------------------
sample path: (IntersectionOutput) 
  order timepoint           sequence nr.                  node name     dropped samples
latency

Statistics:
  latency:                  107.038ms [min=70.7775ms, max=107.318ms, average=90.0219ms, deviation=10.6952ms]
----------------------------------------------------------

----------------------------------------------------------
sample path: (VehicleDBWSystem) 
  order timepoint           sequence nr.                  node name     dropped samples
bp period
latency

Statistics:
  latency:                  383.797ms [min=354.554ms, max=401.807ms, average=378.594ms, deviation=15.8101ms]
hotpath
  hot path:                 FrontLidarDriver/RearLidarDriver -> ObjectCollisionEstimator
  hot path latency:         129.768ms [min=129.768ms, max=163.765ms, average=145.43ms, deviation=12.9537ms]
  hot path drops:           0 [min=0, max=0, average=0, deviation=0]
  behavior planner period:  100.003ms [min=99.9709ms, max=100.026ms, average=99.9957ms, deviation=0.0206857ms]
----------------------------------------------------------

----------------------------------------------------------
sample path: (IntersectionOutput) 
  order timepoint           sequence nr.                  node name     dropped samples
latency

Statistics:
  latency:                  121.979ms [min=70.7775ms, max=121.979ms, average=92.3046ms, deviation=13.3617ms]
----------------------------------------------------------

----------------------------------------------------------
sample path: (IntersectionOutput) 
  order timepoint           sequence nr.                  node name     dropped samples
latency

Statistics:
  latency:                  98.5591ms [min=70.7775ms, max=121.979ms, average=92.7216ms, deviation=12.9766ms]
----------------------------------------------------------

----------------------------------------------------------
sample path: (VehicleDBWSystem) 
  order timepoint           sequence nr.                  node name     dropped samples
bp period
latency

Statistics:
  latency:                  402.519ms [min=354.554ms, max=402.519ms, average=382.012ms, deviation=17.0314ms]
hotpath
  hot path:                 FrontLidarDriver/RearLidarDriver -> ObjectCollisionEstimator
  hot path latency:         87.7539ms [min=87.7539ms, max=163.765ms, average=137.19ms, deviation=24.8002ms]
  hot path drops:           0 [min=0, max=0, average=0, deviation=0]
  behavior planner period:  99.9971ms [min=99.9709ms, max=100.026ms, average=99.9959ms, deviation=0.0185112ms]
----------------------------------------------------------

----------------------------------------------------------
sample path: (IntersectionOutput) 
  order timepoint           sequence nr.                  node name     dropped samples
latency

Statistics:
  latency:                  127.296ms [min=70.7775ms, max=127.296ms, average=94.8824ms, deviation=15.2275ms]
----------------------------------------------------------

----------------------------------------------------------
sample path: (IntersectionOutput) 
  order timepoint           sequence nr.                  node name     dropped samples
latency

Statistics:
  latency:                  117.8ms [min=70.7775ms, max=127.296ms, average=96.2305ms, deviation=15.7568ms]
----------------------------------------------------------

----------------------------------------------------------
sample path: (VehicleDBWSystem) 
  order timepoint           sequence nr.                  node name     dropped samples
bp period
latency

Statistics:
  latency:                  439.791ms [min=354.554ms, max=439.791ms, average=389.234ms, deviation=25.8056ms]
hotpath
  hot path:                 FrontLidarDriver/RearLidarDriver -> ObjectCollisionEstimator
  hot path latency:         72.4509ms [min=72.4509ms, max=163.765ms, average=129.098ms, deviation=32.4205ms]
  hot path drops:           0 [min=0, max=0, average=0, deviation=0]
  behavior planner period:  100.004ms [min=99.9709ms, max=100.026ms, average=99.997ms, deviation=0.0171601ms]
----------------------------------------------------------

----------------------------------------------------------
sample path: (IntersectionOutput) 
  order timepoint           sequence nr.                  node name     dropped samples
latency

Statistics:
  latency:                  121.311ms [min=70.7775ms, max=127.296ms, average=97.6239ms, deviation=16.3897ms]
----------------------------------------------------------

----------------------------------------------------------
sample path: (IntersectionOutput) 
  order timepoint           sequence nr.                  node name     dropped samples
latency

Statistics:
  latency:                  140.448ms [min=70.7775ms, max=140.448ms, average=99.8778ms, deviation=18.7141ms]
----------------------------------------------------------

----------------------------------------------------------
sample path: (VehicleDBWSystem) 
  order timepoint           sequence nr.                  node name     dropped samples
bp period
latency

Statistics:
  latency:                  363.806ms [min=354.554ms, max=439.791ms, average=386.409ms, deviation=25.5838ms]
hotpath
  hot path:                 FrontLidarDriver/RearLidarDriver -> ObjectCollisionEstimator
  hot path latency:         78.2319ms [min=72.4509ms, max=163.765ms, average=123.446ms, deviation=34.7446ms]
  hot path drops:           0 [min=0, max=0, average=0, deviation=0]
  behavior planner period:  99.9952ms [min=99.9709ms, max=100.026ms, average=99.9968ms, deviation=0.0159003ms]
----------------------------------------------------------

----------------------------------------------------------
sample path: (IntersectionOutput) 
  order timepoint           sequence nr.                  node name     dropped samples
latency

Statistics:
  latency:                  115.856ms [min=70.7775ms, max=140.448ms, average=100.677ms, deviation=18.5621ms]
----------------------------------------------------------

----------------------------------------------------------
sample path: (IntersectionOutput) 
  order timepoint           sequence nr.                  node name     dropped samples
latency

Statistics:
  latency:                  103.028ms [min=70.7775ms, max=140.448ms, average=100.789ms, deviation=18.0993ms]
----------------------------------------------------------

----------------------------------------------------------
sample path: (IntersectionOutput) 
  order timepoint           sequence nr.                  node name     dropped samples
latency

Statistics:
  latency:                  114.701ms [min=70.7775ms, max=140.448ms, average=101.421ms, deviation=17.9105ms]
----------------------------------------------------------

----------------------------------------------------------
sample path: (VehicleDBWSystem) 
  order timepoint           sequence nr.                  node name     dropped samples
bp period
latency

Statistics:
  latency:                  399.327ms [min=354.554ms, max=439.791ms, average=387.701ms, deviation=24.4642ms]
hotpath
  hot path:                 FrontLidarDriver/RearLidarDriver -> ObjectCollisionEstimator
  hot path latency:         68.8323ms [min=68.8323ms, max=163.765ms, average=117.985ms, deviation=37.0313ms]
  hot path drops:           0 [min=0, max=0, average=0, deviation=0]
  behavior planner period:  100.005ms [min=99.9709ms, max=100.026ms, average=99.9978ms, deviation=0.0151472ms]
----------------------------------------------------------

----------------------------------------------------------
sample path: (IntersectionOutput) 
  order timepoint           sequence nr.                  node name     dropped samples
latency

Statistics:
  latency:                  128.009ms [min=70.7775ms, max=140.448ms, average=102.577ms, deviation=18.3559ms]
----------------------------------------------------------

----------------------------------------------------------
sample path: (IntersectionOutput) 
  order timepoint           sequence nr.                  node name     dropped samples
latency

Statistics:
  latency:                  127.348ms [min=70.7775ms, max=140.448ms, average=103.609ms, deviation=18.6509ms]
----------------------------------------------------------

----------------------------------------------------------
sample path: (IntersectionOutput) 
  order timepoint           sequence nr.                  node name     dropped samples
latency

Statistics:
  latency:                  114.328ms [min=70.7775ms, max=140.448ms, average=104.038ms, deviation=18.3837ms]
----------------------------------------------------------

----------------------------------------------------------
sample path: (VehicleDBWSystem) 
  order timepoint           sequence nr.                  node name     dropped samples
bp period
latency

Statistics:
  latency:                  462.023ms [min=354.554ms, max=462.023ms, average=394.457ms, deviation=32.2617ms]
hotpath
  hot path:                 FrontLidarDriver/RearLidarDriver -> ObjectCollisionEstimator
  hot path latency:         65.1585ms [min=65.1585ms, max=163.765ms, average=113.182ms, deviation=38.5731ms]
  hot path drops:           0 [min=0, max=0, average=0, deviation=0]
  behavior planner period:  100.006ms [min=99.9709ms, max=100.026ms, average=99.9986ms, deviation=0.0145141ms]
----------------------------------------------------------

----------------------------------------------------------
sample path: (IntersectionOutput) 
  order timepoint           sequence nr.                  node name     dropped samples
latency

Statistics:
  latency:                  130.758ms [min=70.7775ms, max=140.448ms, average=105.066ms, deviation=18.759ms]
----------------------------------------------------------

----------------------------------------------------------
sample path: (IntersectionOutput) 
  order timepoint           sequence nr.                  node name     dropped samples
latency

Statistics:
  latency:                  132.115ms [min=70.7775ms, max=140.448ms, average=106.067ms, deviation=19.1171ms]
----------------------------------------------------------

----------------------------------------------------------
sample path: (VehicleDBWSystem) 
  order timepoint           sequence nr.                  node name     dropped samples
bp period
latency

Statistics:
  latency:                  365.755ms [min=354.554ms, max=462.023ms, average=392.065ms, deviation=31.8567ms]
hotpath
  hot path:                 FrontLidarDriver/RearLidarDriver -> ObjectCollisionEstimator
  hot path latency:         78.5717ms [min=65.1585ms, max=163.765ms, average=110.298ms, deviation=38.1109ms]
  hot path drops:           0 [min=0, max=0, average=0, deviation=0]
  behavior planner period:  100.004ms [min=99.9709ms, max=100.026ms, average=99.9991ms, deviation=0.0138679ms]
----------------------------------------------------------

----------------------------------------------------------
sample path: (IntersectionOutput) 
  order timepoint           sequence nr.                  node name     dropped samples
latency

Statistics:
  latency:                  120.175ms [min=70.7775ms, max=140.448ms, average=106.571ms, deviation=18.9483ms]
----------------------------------------------------------

----------------------------------------------------------
sample path: (IntersectionOutput) 
  order timepoint           sequence nr.                  node name     dropped samples
latency

Statistics:
  latency:                  96.7758ms [min=70.7775ms, max=140.448ms, average=106.234ms, deviation=18.6955ms]
----------------------------------------------------------

----------------------------------------------------------
sample path: (IntersectionOutput) 
  order timepoint           sequence nr.                  node name     dropped samples
latency

Statistics:
  latency:                  81.1653ms [min=70.7775ms, max=140.448ms, average=105.398ms, deviation=18.9319ms]
----------------------------------------------------------

----------------------------------------------------------
sample path: (VehicleDBWSystem) 
  order timepoint           sequence nr.                  node name     dropped samples
bp period
latency

Statistics:
  latency:                  367.589ms [min=354.554ms, max=462.023ms, average=390.183ms, deviation=31.2468ms]
hotpath
  hot path:                 FrontLidarDriver/RearLidarDriver -> ObjectCollisionEstimator
  hot path latency:         67.2489ms [min=65.1585ms, max=163.765ms, average=106.987ms, deviation=38.3922ms]
  hot path drops:           0 [min=0, max=0, average=0, deviation=0]
  behavior planner period:  99.9971ms [min=99.9709ms, max=100.026ms, average=99.9989ms, deviation=0.0132347ms]
----------------------------------------------------------

----------------------------------------------------------
sample path: (IntersectionOutput) 
  order timepoint           sequence nr.                  node name     dropped samples
latency

Statistics:
  latency:                  93.1781ms [min=70.7775ms, max=140.448ms, average=105.004ms, deviation=18.7426ms]
----------------------------------------------------------

----------------------------------------------------------
sample path: (IntersectionOutput) 
  order timepoint           sequence nr.                  node name     dropped samples
latency

Statistics:
  latency:                  70.584ms [min=70.584ms, max=140.448ms, average=103.928ms, deviation=19.4159ms]
----------------------------------------------------------

----------------------------------------------------------
sample path: (VehicleDBWSystem) 
  order timepoint           sequence nr.                  node name     dropped samples
bp period
latency

Statistics:
  latency:                  319.06ms [min=319.06ms, max=462.023ms, average=385.102ms, deviation=35.5328ms]
hotpath
  hot path:                 FrontLidarDriver/RearLidarDriver -> ObjectCollisionEstimator
  hot path latency:         68.7782ms [min=65.1585ms, max=163.765ms, average=104.258ms, deviation=38.2735ms]
  hot path drops:           0 [min=0, max=0, average=0, deviation=0]
  behavior planner period:  99.9943ms [min=99.9709ms, max=100.026ms, average=99.9986ms, deviation=0.0127356ms]
----------------------------------------------------------

----------------------------------------------------------
sample path: (IntersectionOutput) 
  order timepoint           sequence nr.                  node name     dropped samples
latency

Statistics:
  latency:                  82.2489ms [min=70.584ms, max=140.448ms, average=103.271ms, deviation=19.4792ms]
----------------------------------------------------------

----------------------------------------------------------
sample path: (IntersectionOutput) 
  order timepoint           sequence nr.                  node name     dropped samples
latency

Statistics:
  latency:                  83.284ms [min=70.584ms, max=140.448ms, average=102.683ms, deviation=19.4857ms]
----------------------------------------------------------

----------------------------------------------------------
sample path: (IntersectionOutput) 
  order timepoint           sequence nr.                  node name     dropped samples
latency

Statistics:
  latency:                  88.1221ms [min=70.584ms, max=140.448ms, average=102.267ms, deviation=19.3541ms]
----------------------------------------------------------

----------------------------------------------------------
sample path: (VehicleDBWSystem) 
  order timepoint           sequence nr.                  node name     dropped samples
bp period
latency

Statistics:
  latency:                  442.314ms [min=319.06ms, max=462.023ms, average=388.916ms, deviation=37.2909ms]
hotpath
  hot path:                 FrontLidarDriver/RearLidarDriver -> ObjectCollisionEstimator
  hot path latency:         65.3669ms [min=65.1585ms, max=163.765ms, average=101.665ms, deviation=38.2238ms]
  hot path drops:           0 [min=0, max=0, average=0, deviation=0]
  behavior planner period:  99.9985ms [min=99.9709ms, max=100.026ms, average=99.9986ms, deviation=0.012236ms]
----------------------------------------------------------

----------------------------------------------------------
sample path: (IntersectionOutput) 
  order timepoint           sequence nr.                  node name     dropped samples
latency

Statistics:
  latency:                  87.8382ms [min=70.584ms, max=140.448ms, average=101.866ms, deviation=19.2266ms]
----------------------------------------------------------

----------------------------------------------------------
sample path: (IntersectionOutput) 
  order timepoint           sequence nr.                  node name     dropped samples
latency

Statistics:
  latency:                  106.132ms [min=70.584ms, max=140.448ms, average=101.982ms, deviation=18.9707ms]
----------------------------------------------------------

----------------------------------------------------------
sample path: (VehicleDBWSystem) 
  order timepoint           sequence nr.                  node name     dropped samples
bp period
latency

Statistics:
  latency:                  428.2ms [min=319.06ms, max=462.023ms, average=391.372ms, deviation=37.341ms]
hotpath
  hot path:                 FrontLidarDriver/RearLidarDriver -> ObjectCollisionEstimator
  hot path latency:         78.1929ms [min=65.1585ms, max=163.765ms, average=100.198ms, deviation=37.391ms]
  hot path drops:           0 [min=0, max=0, average=0, deviation=0]
  behavior planner period:  100.015ms [min=99.9709ms, max=100.026ms, average=99.9996ms, deviation=0.0124894ms]
----------------------------------------------------------

----------------------------------------------------------
sample path: (IntersectionOutput) 
  order timepoint           sequence nr.                  node name     dropped samples
latency

Statistics:
  latency:                  117.619ms [min=70.584ms, max=140.448ms, average=102.393ms, deviation=18.8837ms]
----------------------------------------------------------

----------------------------------------------------------
sample path: (IntersectionOutput) 
  order timepoint           sequence nr.                  node name     dropped samples
latency

Statistics:
  latency:                  116.159ms [min=70.584ms, max=140.448ms, average=102.746ms, deviation=18.7635ms]
----------------------------------------------------------

----------------------------------------------------------
sample path: (VehicleDBWSystem) 
  order timepoint           sequence nr.                  node name     dropped samples
bp period
latency

Statistics:
  latency:                  426.962ms [min=319.06ms, max=462.023ms, average=393.465ms, deviation=37.1714ms]
  behavior planner period:  99.9996ms [min=99.9709ms, max=100.026ms, average=99.9996ms, deviation=0.0120659ms]
----------------------------------------------------------

----------------------------------------------------------
sample path: (IntersectionOutput) 
  order timepoint           sequence nr.                  node name     dropped samples
latency

Statistics:
  latency:                  115.697ms [min=70.584ms, max=140.448ms, average=103.07ms, deviation=18.6342ms]
----------------------------------------------------------

----------------------------------------------------------
sample path: (IntersectionOutput) 
  order timepoint           sequence nr.                  node name     dropped samples
latency

Statistics:
  latency:                  119.015ms [min=70.584ms, max=140.448ms, average=103.459ms, deviation=18.5676ms]
----------------------------------------------------------

----------------------------------------------------------
sample path: (VehicleDBWSystem) 
  order timepoint           sequence nr.                  node name     dropped samples
bp period
latency

Statistics:
  latency:                  437.097ms [min=319.06ms, max=462.023ms, average=395.889ms, deviation=37.4993ms]
hotpath
  hot path:                 FrontLidarDriver/RearLidarDriver -> ObjectCollisionEstimator
  hot path latency:         75.9794ms [min=65.1585ms, max=163.765ms, average=98.7732ms, deviation=36.6771ms]
  hot path drops:           0 [min=0, max=0, average=0, deviation=0]
  behavior planner period:  99.9834ms [min=99.9709ms, max=100.026ms, average=99.9987ms, deviation=0.0123267ms]
----------------------------------------------------------

----------------------------------------------------------
sample path: (IntersectionOutput) 
  order timepoint           sequence nr.                  node name     dropped samples
latency

Statistics:
  latency:                  131.737ms [min=70.584ms, max=140.448ms, average=104.132ms, deviation=18.8517ms]
----------------------------------------------------------

----------------------------------------------------------
sample path: (IntersectionOutput) 
  order timepoint           sequence nr.                  node name     dropped samples
latency

Statistics:
  latency:                  156.205ms [min=70.584ms, max=156.205ms, average=105.343ms, deviation=20.2481ms]
----------------------------------------------------------

----------------------------------------------------------
sample path: (VehicleDBWSystem) 
  order timepoint           sequence nr.                  node name     dropped samples
bp period
latency

Statistics:
  latency:                  427.857ms [min=319.06ms, max=462.023ms, average=397.572ms, deviation=37.1734ms]
hotpath
  hot path:                 FrontLidarDriver/RearLidarDriver -> ObjectCollisionEstimator
  hot path latency:         67.3791ms [min=65.1585ms, max=163.765ms, average=97.0291ms, deviation=36.3433ms]
  hot path drops:           0 [min=0, max=0, average=0, deviation=0]
  behavior planner period:  100.003ms [min=99.9709ms, max=100.026ms, average=99.9989ms, deviation=0.0119929ms]
----------------------------------------------------------

----------------------------------------------------------
sample path: (IntersectionOutput) 
  order timepoint           sequence nr.                  node name     dropped samples
latency

Statistics:
  latency:                  145.827ms [min=70.584ms, max=156.205ms, average=106.263ms, deviation=20.9213ms]
----------------------------------------------------------

----------------------------------------------------------
sample path: (IntersectionOutput) 
  order timepoint           sequence nr.                  node name     dropped samples
latency

Statistics:
  latency:                  121.836ms [min=70.584ms, max=156.205ms, average=106.609ms, deviation=20.812ms]
----------------------------------------------------------

----------------------------------------------------------
sample path: (VehicleDBWSystem) 
  order timepoint           sequence nr.                  node name     dropped samples
bp period
latency

Statistics:
  latency:                  433.197ms [min=319.06ms, max=462.023ms, average=399.353ms, deviation=37.0485ms]
hotpath
  hot path:                 FrontLidarDriver/RearLidarDriver -> ObjectCollisionEstimator
  hot path latency:         66.7719ms [min=65.1585ms, max=163.765ms, average=95.4366ms, deviation=35.995ms]
  hot path drops:           0 [min=0, max=0, average=0, deviation=0]
  behavior planner period:  100.023ms [min=99.9709ms, max=100.026ms, average=100ms, deviation=0.0129323ms]
----------------------------------------------------------

----------------------------------------------------------
sample path: (IntersectionOutput) 
  order timepoint           sequence nr.                  node name     dropped samples
latency

Statistics:
  latency:                  121.751ms [min=70.584ms, max=156.205ms, average=106.939ms, deviation=20.7002ms]
----------------------------------------------------------

----------------------------------------------------------
sample path: (IntersectionOutput) 
  order timepoint           sequence nr.                  node name     dropped samples
latency

Statistics:
  latency:                  112.836ms [min=70.584ms, max=156.205ms, average=107.064ms, deviation=20.492ms]
----------------------------------------------------------

----------------------------------------------------------
sample path: (VehicleDBWSystem) 
  order timepoint           sequence nr.                  node name     dropped samples
bp period
latency

Statistics:
  latency:                  425.569ms [min=319.06ms, max=462.023ms, average=400.601ms, deviation=36.5608ms]
hotpath
  hot path:                 FrontLidarDriver/RearLidarDriver -> ObjectCollisionEstimator
  hot path latency:         68.1812ms [min=65.1585ms, max=163.765ms, average=94.0739ms, deviation=35.5611ms]
  hot path drops:           0 [min=0, max=0, average=0, deviation=0]
  behavior planner period:  99.9811ms [min=99.9709ms, max=100.026ms, average=99.9992ms, deviation=0.0132891ms]
----------------------------------------------------------

----------------------------------------------------------
sample path: (IntersectionOutput) 
  order timepoint           sequence nr.                  node name     dropped samples
latency

Statistics:
  latency:                  122.994ms [min=70.584ms, max=156.205ms, average=107.396ms, deviation=20.4029ms]
----------------------------------------------------------

----------------------------------------------------------
sample path: (IntersectionOutput) 
  order timepoint           sequence nr.                  node name     dropped samples
latency

Statistics:
  latency:                  118.338ms [min=70.584ms, max=156.205ms, average=107.619ms, deviation=20.2496ms]
----------------------------------------------------------

----------------------------------------------------------
sample path: (VehicleDBWSystem) 
  order timepoint           sequence nr.                  node name     dropped samples
bp period
latency

Statistics:
  latency:                  425.199ms [min=319.06ms, max=462.023ms, average=401.719ms, deviation=36.063ms]
hotpath
  hot path:                 FrontLidarDriver/RearLidarDriver -> ObjectCollisionEstimator
  hot path latency:         155.328ms [min=65.1585ms, max=163.765ms, average=96.9907ms, deviation=37.1488ms]
  hot path drops:           0 [min=0, max=0, average=0, deviation=0]
  behavior planner period:  100.013ms [min=99.9709ms, max=100.026ms, average=99.9999ms, deviation=0.0133078ms]
----------------------------------------------------------

----------------------------------------------------------
sample path: (IntersectionOutput) 
  order timepoint           sequence nr.                  node name     dropped samples
latency

Statistics:
  latency:                  107.475ms [min=70.584ms, max=156.205ms, average=107.616ms, deviation=20.0419ms]
----------------------------------------------------------

----------------------------------------------------------
sample path: (IntersectionOutput) 
  order timepoint           sequence nr.                  node name     dropped samples
latency

Statistics:
  latency:                  85.0231ms [min=70.584ms, max=156.205ms, average=107.173ms, deviation=20.0912ms]
----------------------------------------------------------

----------------------------------------------------------
sample path: (IntersectionOutput) 
  order timepoint           sequence nr.                  node name     dropped samples
latency

Statistics:
  latency:                  119.079ms [min=70.584ms, max=156.205ms, average=107.402ms, deviation=19.9616ms]
----------------------------------------------------------

----------------------------------------------------------
sample path: (VehicleDBWSystem) 
  order timepoint           sequence nr.                  node name     dropped samples
bp period
latency

Statistics:
  latency:                  432.937ms [min=319.06ms, max=462.023ms, average=403.077ms, deviation=35.8301ms]
hotpath
  hot path:                 FrontLidarDriver/RearLidarDriver -> ObjectCollisionEstimator
  hot path latency:         74.3259ms [min=65.1585ms, max=163.765ms, average=95.9605ms, deviation=36.5741ms]
  hot path drops:           0 [min=0, max=0, average=0, deviation=0]
  behavior planner period:  99.9665ms [min=99.9665ms, max=100.026ms, average=99.9984ms, deviation=0.0148083ms]
----------------------------------------------------------

----------------------------------------------------------
sample path: (IntersectionOutput) 
  order timepoint           sequence nr.                  node name     dropped samples
latency

Statistics:
  latency:                  117.526ms [min=70.584ms, max=156.205ms, average=107.593ms, deviation=19.8176ms]
----------------------------------------------------------

----------------------------------------------------------
sample path: (IntersectionOutput) 
  order timepoint           sequence nr.                  node name     dropped samples
latency

Statistics:
  latency:                  105.286ms [min=70.584ms, max=156.205ms, average=107.551ms, deviation=19.6323ms]
----------------------------------------------------------

----------------------------------------------------------
sample path: (VehicleDBWSystem) 
  order timepoint           sequence nr.                  node name     dropped samples
bp period
latency

Statistics:
  latency:                  384.153ms [min=319.06ms, max=462.023ms, average=402.288ms, deviation=35.2548ms]
  behavior planner period:  100.012ms [min=99.9665ms, max=100.026ms, average=99.9989ms, deviation=0.0147252ms]
----------------------------------------------------------

----------------------------------------------------------
sample path: (IntersectionOutput) 
  order timepoint           sequence nr.                  node name     dropped samples
latency

Statistics:
  latency:                  104.594ms [min=70.584ms, max=156.205ms, average=107.497ms, deviation=19.4537ms]
----------------------------------------------------------

----------------------------------------------------------
sample path: (IntersectionOutput) 
  order timepoint           sequence nr.                  node name     dropped samples
latency

Statistics:
  latency:                  91.9509ms [min=70.584ms, max=156.205ms, average=107.219ms, deviation=19.3877ms]
----------------------------------------------------------

----------------------------------------------------------
sample path: (VehicleDBWSystem) 
  order timepoint           sequence nr.                  node name     dropped samples
bp period
latency

Statistics:
  latency:                  349.895ms [min=319.06ms, max=462.023ms, average=400.192ms, deviation=36.0682ms]
hotpath
  hot path:                 FrontLidarDriver/RearLidarDriver -> ObjectCollisionEstimator
  hot path latency:         76.1795ms [min=65.1585ms, max=163.765ms, average=95.1004ms, deviation=35.9705ms]
  hot path drops:           0 [min=0, max=0, average=0, deviation=0]
  behavior planner period:  99.9919ms [min=99.9665ms, max=100.026ms, average=99.9987ms, deviation=0.0144727ms]
----------------------------------------------------------

----------------------------------------------------------
sample path: (IntersectionOutput) 
  order timepoint           sequence nr.                  node name     dropped samples
latency

Statistics:
  latency:                  102.58ms [min=70.584ms, max=156.205ms, average=107.138ms, deviation=19.2236ms]
----------------------------------------------------------

----------------------------------------------------------
sample path: (IntersectionOutput) 
  order timepoint           sequence nr.                  node name     dropped samples
latency

Statistics:
  latency:                  93.0768ms [min=70.584ms, max=156.205ms, average=106.895ms, deviation=19.1435ms]
----------------------------------------------------------

----------------------------------------------------------
sample path: (VehicleDBWSystem) 
  order timepoint           sequence nr.                  node name     dropped samples
bp period
latency

Statistics:
  latency:                  467.53ms [min=319.06ms, max=467.53ms, average=402.782ms, deviation=37.7264ms]
hotpath
  hot path:                 FrontLidarDriver/RearLidarDriver -> ObjectCollisionEstimator
  hot path latency:         57.5058ms [min=57.5058ms, max=163.765ms, average=93.534ms, deviation=36.0071ms]
  hot path drops:           0 [min=0, max=0, average=0, deviation=0]
  behavior planner period:  100.001ms [min=99.9665ms, max=100.026ms, average=99.9988ms, deviation=0.014178ms]
----------------------------------------------------------

----------------------------------------------------------
sample path: (IntersectionOutput) 
  order timepoint           sequence nr.                  node name     dropped samples
latency

Statistics:
  latency:                  126.533ms [min=70.584ms, max=156.205ms, average=107.228ms, deviation=19.1492ms]
----------------------------------------------------------

----------------------------------------------------------
sample path: (IntersectionOutput) 
  order timepoint           sequence nr.                  node name     dropped samples
latency

Statistics:
  latency:                  116.078ms [min=70.584ms, max=156.205ms, average=107.376ms, deviation=19.0205ms]
----------------------------------------------------------

----------------------------------------------------------
sample path: (VehicleDBWSystem) 
  order timepoint           sequence nr.                  node name     dropped samples
bp period
latency

Statistics:
  latency:                  474.535ms [min=319.06ms, max=474.535ms, average=405.44ms, deviation=39.487ms]
hotpath
  hot path:                 FrontLidarDriver/RearLidarDriver -> ObjectCollisionEstimator
  hot path latency:         72.8405ms [min=57.5058ms, max=163.765ms, average=92.7063ms, deviation=35.4911ms]
  hot path drops:           0 [min=0, max=0, average=0, deviation=0]
  behavior planner period:  100.007ms [min=99.9665ms, max=100.026ms, average=99.9991ms, deviation=0.0139857ms]
----------------------------------------------------------

----------------------------------------------------------
sample path: (IntersectionOutput) 
  order timepoint           sequence nr.                  node name     dropped samples
latency

Statistics:
  latency:                  117.167ms [min=70.584ms, max=156.205ms, average=107.536ms, deviation=18.903ms]
----------------------------------------------------------

----------------------------------------------------------
sample path: (IntersectionOutput) 
  order timepoint           sequence nr.                  node name     dropped samples
latency

Statistics:
  latency:                  125.865ms [min=70.584ms, max=156.205ms, average=107.832ms, deviation=18.8913ms]
----------------------------------------------------------

----------------------------------------------------------
sample path: (VehicleDBWSystem) 
  order timepoint           sequence nr.                  node name     dropped samples
bp period
latency

Statistics:
  latency:                  337.996ms [min=319.06ms, max=474.535ms, average=403.031ms, deviation=40.7912ms]
hotpath
  hot path:                 FrontLidarDriver/RearLidarDriver -> ObjectCollisionEstimator
  hot path latency:         76.7418ms [min=57.5058ms, max=163.765ms, average=92.0922ms, deviation=34.9147ms]
  hot path drops:           0 [min=0, max=0, average=0, deviation=0]
  behavior planner period:  100ms [min=99.9665ms, max=100.026ms, average=99.9991ms, deviation=0.0137159ms]
----------------------------------------------------------

----------------------------------------------------------
sample path: (IntersectionOutput) 
  order timepoint           sequence nr.                  node name     dropped samples
latency

Statistics:
  latency:                  94.9649ms [min=70.584ms, max=156.205ms, average=107.628ms, deviation=18.8084ms]
----------------------------------------------------------

----------------------------------------------------------
sample path: (IntersectionOutput) 
  order timepoint           sequence nr.                  node name     dropped samples
latency

Statistics:
  latency:                  107.58ms [min=70.584ms, max=156.205ms, average=107.627ms, deviation=18.6585ms]
----------------------------------------------------------

----------------------------------------------------------
sample path: (IntersectionOutput) 
  order timepoint           sequence nr.                  node name     dropped samples
latency

Statistics:
  latency:                  107.529ms [min=70.584ms, max=156.205ms, average=107.625ms, deviation=18.5122ms]
----------------------------------------------------------

----------------------------------------------------------
sample path: (VehicleDBWSystem) 
  order timepoint           sequence nr.                  node name     dropped samples
bp period
latency

Statistics:
  latency:                  365.642ms [min=319.06ms, max=474.535ms, average=401.742ms, deviation=40.6535ms]
hotpath
  hot path:                 FrontLidarDriver/RearLidarDriver -> ObjectCollisionEstimator
  hot path latency:         64.7667ms [min=57.5058ms, max=163.765ms, average=91.0802ms, deviation=34.6382ms]
  hot path drops:           0 [min=0, max=0, average=0, deviation=0]
  behavior planner period:  100.087ms [min=99.9665ms, max=100.087ms, average=100.002ms, deviation=0.0213067ms]
----------------------------------------------------------

----------------------------------------------------------
sample path: (IntersectionOutput) 
  order timepoint           sequence nr.                  node name     dropped samples
latency

Statistics:
  latency:                  107.248ms [min=70.584ms, max=156.205ms, average=107.62ms, deviation=18.3693ms]
----------------------------------------------------------

----------------------------------------------------------
sample path: (IntersectionOutput) 
  order timepoint           sequence nr.                  node name     dropped samples
latency

Statistics:
  latency:                  114.326ms [min=70.584ms, max=156.205ms, average=107.72ms, deviation=18.248ms]
----------------------------------------------------------

----------------------------------------------------------
sample path: (VehicleDBWSystem) 
  order timepoint           sequence nr.                  node name     dropped samples
bp period
latency

Statistics:
  latency:                  388.82ms [min=319.06ms, max=474.535ms, average=401.311ms, deviation=40.016ms]
hotpath
  hot path:                 FrontLidarDriver/RearLidarDriver -> ObjectCollisionEstimator
  hot path latency:         67.7228ms [min=57.5058ms, max=163.765ms, average=90.246ms, deviation=34.2761ms]
  hot path drops:           0 [min=0, max=0, average=0, deviation=0]
  behavior planner period:  99.911ms [min=99.911ms, max=100.087ms, average=99.9991ms, deviation=0.0269205ms]
----------------------------------------------------------

----------------------------------------------------------
sample path: (IntersectionOutput) 
  order timepoint           sequence nr.                  node name     dropped samples
latency

Statistics:
  latency:                  140.882ms [min=70.584ms, max=156.205ms, average=108.207ms, deviation=18.5524ms]
----------------------------------------------------------

----------------------------------------------------------
sample path: (IntersectionOutput) 
  order timepoint           sequence nr.                  node name     dropped samples
latency

Statistics:
  latency:                  143.878ms [min=70.584ms, max=156.205ms, average=108.724ms, deviation=18.9095ms]
----------------------------------------------------------

----------------------------------------------------------
sample path: (VehicleDBWSystem) 
  order timepoint           sequence nr.                  node name     dropped samples
bp period
latency

Statistics:
  latency:                  366.981ms [min=319.06ms, max=474.535ms, average=400.204ms, deviation=39.8236ms]
hotpath
  hot path:                 FrontLidarDriver/RearLidarDriver -> ObjectCollisionEstimator
  hot path latency:         84.5421ms [min=57.5058ms, max=163.765ms, average=90.0493ms, deviation=33.6751ms]
  hot path drops:           0 [min=0, max=0, average=0, deviation=0]
  behavior planner period:  100.006ms [min=99.911ms, max=100.087ms, average=99.9993ms, deviation=0.026482ms]
----------------------------------------------------------

----------------------------------------------------------
sample path: (IntersectionOutput) 
  order timepoint           sequence nr.                  node name     dropped samples
latency

Statistics:
  latency:                  119.632ms [min=70.584ms, max=156.205ms, average=108.88ms, deviation=18.8172ms]
----------------------------------------------------------

----------------------------------------------------------
sample path: (IntersectionOutput) 
  order timepoint           sequence nr.                  node name     dropped samples
latency

Statistics:
  latency:                  95.8446ms [min=70.584ms, max=156.205ms, average=108.697ms, deviation=18.7463ms]
----------------------------------------------------------

----------------------------------------------------------
sample path: (IntersectionOutput) 
  order timepoint           sequence nr.                  node name     dropped samples
latency

Statistics:
  latency:                  111.397ms [min=70.584ms, max=156.205ms, average=108.734ms, deviation=18.6165ms]
----------------------------------------------------------

----------------------------------------------------------
sample path: (VehicleDBWSystem) 
  order timepoint           sequence nr.                  node name     dropped samples
bp period
latency

Statistics:
  latency:                  431.458ms [min=319.06ms, max=474.535ms, average=401.18ms, deviation=39.5637ms]
hotpath
  hot path:                 FrontLidarDriver/RearLidarDriver -> ObjectCollisionEstimator
  hot path latency:         66.2508ms [min=57.5058ms, max=163.765ms, average=89.256ms, deviation=33.3735ms]
  hot path drops:           0 [min=0, max=0, average=0, deviation=0]
  behavior planner period:  99.9944ms [min=99.911ms, max=100.087ms, average=99.9992ms, deviation=0.0260518ms]
----------------------------------------------------------

----------------------------------------------------------
sample path: (IntersectionOutput) 
  order timepoint           sequence nr.                  node name     dropped samples
latency

Statistics:
  latency:                  147.705ms [min=70.584ms, max=156.205ms, average=109.268ms, deviation=19.0412ms]
----------------------------------------------------------

----------------------------------------------------------
sample path: (IntersectionOutput) 
  order timepoint           sequence nr.                  node name     dropped samples
latency

Statistics:
  latency:                  135.07ms [min=70.584ms, max=156.205ms, average=109.617ms, deviation=19.1467ms]
----------------------------------------------------------

----------------------------------------------------------
sample path: (VehicleDBWSystem) 
  order timepoint           sequence nr.                  node name     dropped samples
bp period
latency

Statistics:
  latency:                  407.685ms [min=319.06ms, max=474.535ms, average=401.378ms, deviation=38.9571ms]
hotpath
  hot path:                 FrontLidarDriver/RearLidarDriver -> ObjectCollisionEstimator
  hot path latency:         85.4958ms [min=57.5058ms, max=163.765ms, average=89.1347ms, deviation=32.8195ms]
  hot path drops:           0 [min=0, max=0, average=0, deviation=0]
  behavior planner period:  100.002ms [min=99.911ms, max=100.087ms, average=99.9993ms, deviation=0.0256328ms]
----------------------------------------------------------

----------------------------------------------------------
sample path: (IntersectionOutput) 
  order timepoint           sequence nr.                  node name     dropped samples
latency

Statistics:
  latency:                  117.031ms [min=70.584ms, max=156.205ms, average=109.716ms, deviation=19.0361ms]
----------------------------------------------------------

----------------------------------------------------------
sample path: (IntersectionOutput) 
  order timepoint           sequence nr.                  node name     dropped samples
latency

Statistics:
  latency:                  93.2467ms [min=70.584ms, max=156.205ms, average=109.499ms, deviation=19.0029ms]
----------------------------------------------------------

----------------------------------------------------------
sample path: (IntersectionOutput) 
  order timepoint           sequence nr.                  node name     dropped samples
latency

Statistics:
  latency:                  82.0796ms [min=70.584ms, max=156.205ms, average=109.143ms, deviation=19.1344ms]
----------------------------------------------------------

----------------------------------------------------------
sample path: (VehicleDBWSystem) 
  order timepoint           sequence nr.                  node name     dropped samples
bp period
latency

Statistics:
  latency:                  438.707ms [min=319.06ms, max=474.535ms, average=402.475ms, deviation=38.8928ms]
hotpath
  hot path:                 FrontLidarDriver/RearLidarDriver -> ObjectCollisionEstimator
  hot path latency:         82.0088ms [min=57.5058ms, max=163.765ms, average=88.912ms, deviation=32.3104ms]
  hot path drops:           0 [min=0, max=0, average=0, deviation=0]
  behavior planner period:  99.9981ms [min=99.911ms, max=100.087ms, average=99.9992ms, deviation=0.0252299ms]
----------------------------------------------------------

----------------------------------------------------------
sample path: (IntersectionOutput) 
  order timepoint           sequence nr.                  node name     dropped samples
latency

Statistics:
  latency:                  124.12ms [min=70.584ms, max=156.205ms, average=109.335ms, deviation=19.0852ms]
----------------------------------------------------------

----------------------------------------------------------
sample path: (IntersectionOutput) 
  order timepoint           sequence nr.                  node name     dropped samples
latency

Statistics:
  latency:                  114.911ms [min=70.584ms, max=156.205ms, average=109.405ms, deviation=18.9728ms]
----------------------------------------------------------

----------------------------------------------------------
sample path: (VehicleDBWSystem) 
  order timepoint           sequence nr.                  node name     dropped samples
bp period
latency

Statistics:
  latency:                  461.191ms [min=319.06ms, max=474.535ms, average=404.153ms, deviation=39.5811ms]
hotpath
  hot path:                 FrontLidarDriver/RearLidarDriver -> ObjectCollisionEstimator
  hot path latency:         76.6086ms [min=57.5058ms, max=163.765ms, average=88.5392ms, deviation=31.8735ms]
  hot path drops:           0 [min=0, max=0, average=0, deviation=0]
  behavior planner period:  100.013ms [min=99.911ms, max=100.087ms, average=99.9996ms, deviation=0.0249572ms]
----------------------------------------------------------

----------------------------------------------------------
sample path: (IntersectionOutput) 
  order timepoint           sequence nr.                  node name     dropped samples
latency

Statistics:
  latency:                  125.552ms [min=70.584ms, max=156.205ms, average=109.607ms, deviation=18.9386ms]
----------------------------------------------------------

----------------------------------------------------------
sample path: (IntersectionOutput) 
  order timepoint           sequence nr.                  node name     dropped samples
latency

Statistics:
  latency:                  122.146ms [min=70.584ms, max=156.205ms, average=109.762ms, deviation=18.8714ms]
----------------------------------------------------------

----------------------------------------------------------
sample path: (VehicleDBWSystem) 
  order timepoint           sequence nr.                  node name     dropped samples
bp period
latency

Statistics:
  latency:                  329.67ms [min=319.06ms, max=474.535ms, average=402.084ms, deviation=40.9391ms]
hotpath
  hot path:                 FrontLidarDriver/RearLidarDriver -> ObjectCollisionEstimator
  hot path latency:         77.8075ms [min=57.5058ms, max=163.765ms, average=88.2236ms, deviation=31.4408ms]
  hot path drops:           0 [min=0, max=0, average=0, deviation=0]
  behavior planner period:  99.9941ms [min=99.911ms, max=100.087ms, average=99.9995ms, deviation=0.0246053ms]
----------------------------------------------------------

----------------------------------------------------------
sample path: (IntersectionOutput) 
  order timepoint           sequence nr.                  node name     dropped samples
latency

Statistics:
  latency:                  80.5839ms [min=70.584ms, max=156.205ms, average=109.406ms, deviation=19.0293ms]
----------------------------------------------------------

----------------------------------------------------------
sample path: (IntersectionOutput) 
  order timepoint           sequence nr.                  node name     dropped samples
latency

Statistics:
  latency:                  69.6985ms [min=69.6985ms, max=156.205ms, average=108.928ms, deviation=19.4086ms]
----------------------------------------------------------

