----------------------------------------------------------
sample path: (VehicleDBWSystem) 
  order timepoint           sequence nr.                  node name     dropped samples
latency

Statistics:
  latency:                  533.977ms [min=533.977ms, max=533.977ms, average=533.977ms, deviation=-nanms]
  behavior planner period:  0ms [min=1.84467e+13ms, max=0ms, average=0ms, deviation=0ms]
----------------------------------------------------------

----------------------------------------------------------
sample path: (IntersectionOutput) 
  order timepoint           sequence nr.                  node name     dropped samples
latency

Statistics:
  latency:                  162.247ms [min=162.247ms, max=162.247ms, average=162.247ms, deviation=-nanms]
----------------------------------------------------------

----------------------------------------------------------
sample path: (IntersectionOutput) 
  order timepoint           sequence nr.                  node name     dropped samples
latency

Statistics:
  latency:                  133.667ms [min=133.667ms, max=162.247ms, average=147.957ms, deviation=20.2094ms]
----------------------------------------------------------

----------------------------------------------------------
sample path: (VehicleDBWSystem) 
  order timepoint           sequence nr.                  node name     dropped samples
bp period
latency

Statistics:
  latency:                  696.385ms [min=533.977ms, max=696.385ms, average=615.181ms, deviation=114.839ms]
hotpath
  hot path:                 FrontLidarDriver/RearLidarDriver -> ObjectCollisionEstimator
  hot path latency:         333.907ms [min=333.907ms, max=333.907ms, average=333.907ms, deviation=-nanms]
  hot path drops:           0 [min=0, max=0, average=0, deviation=-nan]
  behavior planner period:  210.15ms [min=210.15ms, max=210.15ms, average=210.15ms, deviation=-nanms]
----------------------------------------------------------

----------------------------------------------------------
sample path: (IntersectionOutput) 
  order timepoint           sequence nr.                  node name     dropped samples
latency

Statistics:
  latency:                  143.16ms [min=133.667ms, max=162.247ms, average=146.358ms, deviation=14.5562ms]
----------------------------------------------------------

----------------------------------------------------------
sample path: (VehicleDBWSystem) 
  order timepoint           sequence nr.                  node name     dropped samples
bp period
latency

Statistics:
  latency:                  677.612ms [min=533.977ms, max=696.385ms, average=635.991ms, deviation=88.8439ms]
hotpath
  hot path:                 FrontLidarDriver/RearLidarDriver -> ObjectCollisionEstimator
  hot path latency:         334.198ms [min=333.907ms, max=334.198ms, average=334.053ms, deviation=0.20584ms]
  hot path drops:           0 [min=0, max=0, average=0, deviation=0]
  behavior planner period:  152.675ms [min=152.675ms, max=210.15ms, average=181.413ms, deviation=40.6407ms]
----------------------------------------------------------

----------------------------------------------------------
sample path: (IntersectionOutput) 
  order timepoint           sequence nr.                  node name     dropped samples
latency

Statistics:
  latency:                  124.223ms [min=124.223ms, max=162.247ms, average=140.824ms, deviation=16.24ms]
----------------------------------------------------------

----------------------------------------------------------
sample path: (VehicleDBWSystem) 
  order timepoint           sequence nr.                  node name     dropped samples
bp period
latency

Statistics:
  latency:                  582.735ms [min=533.977ms, max=696.385ms, average=622.677ms, deviation=77.2736ms]
hotpath
  hot path:                 FrontLidarDriver/RearLidarDriver -> ObjectCollisionEstimator
  hot path latency:         296.303ms [min=296.303ms, max=334.198ms, average=321.469ms, deviation=21.7954ms]
  hot path drops:           0 [min=0, max=0, average=0, deviation=0]
  behavior planner period:  133.775ms [min=133.775ms, max=210.15ms, average=165.533ms, deviation=39.7779ms]
----------------------------------------------------------

----------------------------------------------------------
sample path: (IntersectionOutput) 
  order timepoint           sequence nr.                  node name     dropped samples
latency

Statistics:
  latency:                  95.6317ms [min=95.6317ms, max=162.247ms, average=131.786ms, deviation=24.6227ms]
----------------------------------------------------------

----------------------------------------------------------
sample path: (IntersectionOutput) 
  order timepoint           sequence nr.                  node name     dropped samples
latency

Statistics:
  latency:                  142.923ms [min=95.6317ms, max=162.247ms, average=133.642ms, deviation=22.4877ms]
----------------------------------------------------------

----------------------------------------------------------
sample path: (VehicleDBWSystem) 
  order timepoint           sequence nr.                  node name     dropped samples
bp period
latency

Statistics:
  latency:                  582.446ms [min=533.977ms, max=696.385ms, average=614.631ms, deviation=69.2974ms]
hotpath
  hot path:                 FrontLidarDriver/RearLidarDriver -> ObjectCollisionEstimator
  hot path latency:         267.769ms [min=267.769ms, max=334.198ms, average=308.044ms, deviation=32.212ms]
  hot path drops:           0 [min=0, max=0, average=0, deviation=0]
  behavior planner period:  162.656ms [min=133.775ms, max=210.15ms, average=164.814ms, deviation=32.5104ms]
----------------------------------------------------------

----------------------------------------------------------
sample path: (IntersectionOutput) 
  order timepoint           sequence nr.                  node name     dropped samples
latency

Statistics:
  latency:                  124.198ms [min=95.6317ms, max=162.247ms, average=132.293ms, deviation=20.8364ms]
----------------------------------------------------------

----------------------------------------------------------
sample path: (VehicleDBWSystem) 
  order timepoint           sequence nr.                  node name     dropped samples
bp period
latency

Statistics:
  latency:                  515.442ms [min=515.442ms, max=696.385ms, average=598.099ms, deviation=74.0367ms]
  behavior planner period:  143.039ms [min=133.775ms, max=210.15ms, average=160.459ms, deviation=29.7913ms]
----------------------------------------------------------

----------------------------------------------------------
sample path: (IntersectionOutput) 
  order timepoint           sequence nr.                  node name     dropped samples
latency

Statistics:
  latency:                  133.457ms [min=95.6317ms, max=162.247ms, average=132.438ms, deviation=19.2951ms]
----------------------------------------------------------

----------------------------------------------------------
sample path: (IntersectionOutput) 
  order timepoint           sequence nr.                  node name     dropped samples
latency

Statistics:
  latency:                  171.456ms [min=95.6317ms, max=171.456ms, average=136.774ms, deviation=22.2466ms]
----------------------------------------------------------

----------------------------------------------------------
sample path: (VehicleDBWSystem) 
  order timepoint           sequence nr.                  node name     dropped samples
bp period
latency

Statistics:
  latency:                  553.356ms [min=515.442ms, max=696.385ms, average=591.707ms, deviation=69.6697ms]
hotpath
  hot path:                 FrontLidarDriver/RearLidarDriver -> ObjectCollisionEstimator
  hot path latency:         286.376ms [min=267.769ms, max=334.198ms, average=303.711ms, deviation=29.5316ms]
  hot path drops:           0 [min=0, max=0, average=0, deviation=0]
  behavior planner period:  209.881ms [min=133.775ms, max=210.15ms, average=168.696ms, deviation=33.4232ms]
----------------------------------------------------------

----------------------------------------------------------
sample path: (IntersectionOutput) 
  order timepoint           sequence nr.                  node name     dropped samples
latency

Statistics:
  latency:                  133.695ms [min=95.6317ms, max=171.456ms, average=136.466ms, deviation=20.9969ms]
----------------------------------------------------------

----------------------------------------------------------
sample path: (IntersectionOutput) 
  order timepoint           sequence nr.                  node name     dropped samples
latency

Statistics:
  latency:                  171.46ms [min=95.6317ms, max=171.46ms, average=139.647ms, deviation=22.5413ms]
----------------------------------------------------------

----------------------------------------------------------
sample path: (VehicleDBWSystem) 
  order timepoint           sequence nr.                  node name     dropped samples
bp period
latency

Statistics:
  latency:                  667.833ms [min=515.442ms, max=696.385ms, average=601.223ms, deviation=69.8916ms]
hotpath
  hot path:                 FrontLidarDriver/RearLidarDriver -> ObjectCollisionEstimator
  hot path latency:         276.945ms [min=267.769ms, max=334.198ms, average=299.25ms, deviation=28.5848ms]
  hot path drops:           0 [min=0, max=0, average=0, deviation=0]
  behavior planner period:  200.609ms [min=133.775ms, max=210.15ms, average=173.255ms, deviation=32.8088ms]
----------------------------------------------------------

----------------------------------------------------------
sample path: (IntersectionOutput) 
  order timepoint           sequence nr.                  node name     dropped samples
latency

Statistics:
  latency:                  162.194ms [min=95.6317ms, max=171.46ms, average=141.526ms, deviation=22.4562ms]
----------------------------------------------------------

----------------------------------------------------------
sample path: (VehicleDBWSystem) 
  order timepoint           sequence nr.                  node name     dropped samples
bp period
latency

Statistics:
  latency:                  572.815ms [min=515.442ms, max=696.385ms, average=598.067ms, deviation=66.0598ms]
  behavior planner period:  128.75ms [min=128.75ms, max=210.15ms, average=167.692ms, deviation=34.2087ms]
----------------------------------------------------------

----------------------------------------------------------
sample path: (IntersectionOutput) 
  order timepoint           sequence nr.                  node name     dropped samples
latency

Statistics:
  latency:                  181.592ms [min=95.6317ms, max=181.592ms, average=144.608ms, deviation=24.2022ms]
----------------------------------------------------------

----------------------------------------------------------
sample path: (IntersectionOutput) 
  order timepoint           sequence nr.                  node name     dropped samples
latency

Statistics:
  latency:                  148.344ms [min=95.6317ms, max=181.592ms, average=144.875ms, deviation=23.2741ms]
----------------------------------------------------------

----------------------------------------------------------
sample path: (VehicleDBWSystem) 
  order timepoint           sequence nr.                  node name     dropped samples
bp period
latency

Statistics:
  latency:                  673.626ms [min=515.442ms, max=696.385ms, average=605.623ms, deviation=66.7079ms]
hotpath
  hot path:                 FrontLidarDriver/RearLidarDriver -> ObjectCollisionEstimator
  hot path latency:         362.532ms [min=267.769ms, max=362.532ms, average=308.29ms, deviation=35.3978ms]
  hot path drops:           0 [min=0, max=0, average=0, deviation=0]
  behavior planner period:  181.668ms [min=128.75ms, max=210.15ms, average=169.245ms, deviation=32.3366ms]
----------------------------------------------------------

----------------------------------------------------------
sample path: (IntersectionOutput) 
  order timepoint           sequence nr.                  node name     dropped samples
latency

Statistics:
  latency:                  144.938ms [min=95.6317ms, max=181.592ms, average=144.879ms, deviation=22.4275ms]
----------------------------------------------------------

----------------------------------------------------------
sample path: (VehicleDBWSystem) 
  order timepoint           sequence nr.                  node name     dropped samples
bp period
latency

Statistics:
  latency:                  618.499ms [min=515.442ms, max=696.385ms, average=606.793ms, deviation=63.4037ms]
hotpath
  hot path:                 FrontLidarDriver/RearLidarDriver -> ObjectCollisionEstimator
  hot path latency:         348.236ms [min=267.769ms, max=362.532ms, average=313.283ms, deviation=35.6856ms]
  hot path drops:           0 [min=0, max=0, average=0, deviation=0]
  behavior planner period:  148.476ms [min=128.75ms, max=210.15ms, average=167.168ms, deviation=31.1867ms]
----------------------------------------------------------

----------------------------------------------------------
sample path: (IntersectionOutput) 
  order timepoint           sequence nr.                  node name     dropped samples
latency

Statistics:
  latency:                  133.718ms [min=95.6317ms, max=181.592ms, average=144.181ms, deviation=21.8459ms]
----------------------------------------------------------

----------------------------------------------------------
sample path: (VehicleDBWSystem) 
  order timepoint           sequence nr.                  node name     dropped samples
bp period
latency

Statistics:
  latency:                  628.223ms [min=515.442ms, max=696.385ms, average=608.579ms, deviation=60.7687ms]
hotpath
  hot path:                 FrontLidarDriver/RearLidarDriver -> ObjectCollisionEstimator
  hot path latency:         311.729ms [min=267.769ms, max=362.532ms, average=313.111ms, deviation=33.3848ms]
  hot path drops:           0 [min=0, max=0, average=0, deviation=0]
  behavior planner period:  202.559ms [min=128.75ms, max=210.15ms, average=170.385ms, deviation=31.4518ms]
----------------------------------------------------------

----------------------------------------------------------
sample path: (IntersectionOutput) 
  order timepoint           sequence nr.                  node name     dropped samples
latency

Statistics:
  latency:                  124.023ms [min=95.6317ms, max=181.592ms, average=142.996ms, deviation=21.7099ms]
----------------------------------------------------------

----------------------------------------------------------
sample path: (IntersectionOutput) 
  order timepoint           sequence nr.                  node name     dropped samples
latency

Statistics:
  latency:                  152.444ms [min=95.6317ms, max=181.592ms, average=143.521ms, deviation=21.1792ms]
----------------------------------------------------------

----------------------------------------------------------
sample path: (VehicleDBWSystem) 
  order timepoint           sequence nr.                  node name     dropped samples
bp period
latency

Statistics:
  latency:                  612.757ms [min=515.442ms, max=696.385ms, average=608.9ms, deviation=58.1932ms]
hotpath
  hot path:                 FrontLidarDriver/RearLidarDriver -> ObjectCollisionEstimator
  hot path latency:         279.195ms [min=267.769ms, max=362.532ms, average=309.719ms, deviation=33.2526ms]
  hot path drops:           0 [min=0, max=0, average=0, deviation=0]
  behavior planner period:  200.435ms [min=128.75ms, max=210.15ms, average=172.889ms, deviation=31.2175ms]
----------------------------------------------------------

----------------------------------------------------------
sample path: (IntersectionOutput) 
  order timepoint           sequence nr.                  node name     dropped samples
latency

Statistics:
  latency:                  105.131ms [min=95.6317ms, max=181.592ms, average=141.5ms, deviation=22.3876ms]
----------------------------------------------------------

----------------------------------------------------------
sample path: (VehicleDBWSystem) 
  order timepoint           sequence nr.                  node name     dropped samples
bp period
latency

Statistics:
  latency:                  496.334ms [min=496.334ms, max=696.385ms, average=600.86ms, deviation=63.4905ms]
hotpath
  hot path:                 FrontLidarDriver/RearLidarDriver -> ObjectCollisionEstimator
  hot path latency:         276.864ms [min=267.769ms, max=362.532ms, average=306.732ms, deviation=33.065ms]
  hot path drops:           0 [min=0, max=0, average=0, deviation=0]
  behavior planner period:  209.838ms [min=128.75ms, max=210.15ms, average=175.732ms, deviation=31.5964ms]
----------------------------------------------------------

----------------------------------------------------------
sample path: (IntersectionOutput) 
  order timepoint           sequence nr.                  node name     dropped samples
latency

Statistics:
  latency:                  114.608ms [min=95.6317ms, max=181.592ms, average=140.155ms, deviation=22.605ms]
----------------------------------------------------------

----------------------------------------------------------
sample path: (IntersectionOutput) 
  order timepoint           sequence nr.                  node name     dropped samples
latency

Statistics:
  latency:                  142.992ms [min=95.6317ms, max=181.592ms, average=140.29ms, deviation=22.0413ms]
----------------------------------------------------------

----------------------------------------------------------
sample path: (VehicleDBWSystem) 
  order timepoint           sequence nr.                  node name     dropped samples
bp period
latency

Statistics:
  latency:                  506.046ms [min=496.334ms, max=696.385ms, average=594.539ms, deviation=65.8971ms]
hotpath
  hot path:                 FrontLidarDriver/RearLidarDriver -> ObjectCollisionEstimator
  hot path latency:         257.934ms [min=257.934ms, max=362.532ms, average=302.666ms, deviation=34.5303ms]
  hot path drops:           0 [min=0, max=0, average=0, deviation=0]
  behavior planner period:  162.648ms [min=128.75ms, max=210.15ms, average=174.797ms, deviation=30.5576ms]
----------------------------------------------------------

----------------------------------------------------------
sample path: (IntersectionOutput) 
  order timepoint           sequence nr.                  node name     dropped samples
latency

Statistics:
  latency:                  133.623ms [min=95.6317ms, max=181.592ms, average=139.987ms, deviation=21.557ms]
----------------------------------------------------------

----------------------------------------------------------
sample path: (VehicleDBWSystem) 
  order timepoint           sequence nr.                  node name     dropped samples
bp period
latency

Statistics:
  latency:                  649.205ms [min=496.334ms, max=696.385ms, average=597.956ms, deviation=65.113ms]
hotpath
  hot path:                 FrontLidarDriver/RearLidarDriver -> ObjectCollisionEstimator
  hot path latency:         257.934ms [min=257.934ms, max=362.532ms, average=299.225ms, deviation=35.3115ms]
  hot path drops:           0 [min=0, max=0, average=0, deviation=0]
  behavior planner period:  143.083ms [min=128.75ms, max=210.15ms, average=172.683ms, deviation=30.5634ms]
----------------------------------------------------------

----------------------------------------------------------
sample path: (IntersectionOutput) 
  order timepoint           sequence nr.                  node name     dropped samples
latency

Statistics:
  latency:                  114.593ms [min=95.6317ms, max=181.592ms, average=138.883ms, deviation=21.7168ms]
----------------------------------------------------------

----------------------------------------------------------
sample path: (VehicleDBWSystem) 
  order timepoint           sequence nr.                  node name     dropped samples
bp period
latency

Statistics:
  latency:                  591.927ms [min=496.334ms, max=696.385ms, average=597.601ms, deviation=63.0624ms]
hotpath
  hot path:                 FrontLidarDriver/RearLidarDriver -> ObjectCollisionEstimator
  hot path latency:         267.573ms [min=257.934ms, max=362.532ms, average=296.964ms, deviation=34.9649ms]
  hot path drops:           0 [min=0, max=0, average=0, deviation=0]
  behavior planner period:  133.712ms [min=128.75ms, max=210.15ms, average=170.247ms, deviation=31.0929ms]
----------------------------------------------------------

----------------------------------------------------------
sample path: (IntersectionOutput) 
  order timepoint           sequence nr.                  node name     dropped samples
latency

Statistics:
  latency:                  162.074ms [min=95.6317ms, max=181.592ms, average=139.85ms, deviation=21.7606ms]
----------------------------------------------------------

----------------------------------------------------------
sample path: (VehicleDBWSystem) 
  order timepoint           sequence nr.                  node name     dropped samples
bp period
latency

Statistics:
  latency:                  620.496ms [min=496.334ms, max=696.385ms, average=598.873ms, deviation=61.417ms]
hotpath
  hot path:                 FrontLidarDriver/RearLidarDriver -> ObjectCollisionEstimator
  hot path latency:         286.6ms [min=257.934ms, max=362.532ms, average=296.273ms, deviation=33.7991ms]
  hot path drops:           0 [min=0, max=0, average=0, deviation=0]
  behavior planner period:  114.705ms [min=114.705ms, max=210.15ms, average=166.98ms, deviation=32.982ms]
----------------------------------------------------------

----------------------------------------------------------
sample path: (IntersectionOutput) 
  order timepoint           sequence nr.                  node name     dropped samples
latency

Statistics:
  latency:                  143.144ms [min=95.6317ms, max=181.592ms, average=139.981ms, deviation=21.3126ms]
----------------------------------------------------------

----------------------------------------------------------
sample path: (VehicleDBWSystem) 
  order timepoint           sequence nr.                  node name     dropped samples
bp period
latency

Statistics:
  latency:                  525.289ms [min=496.334ms, max=696.385ms, average=595ms, deviation=62.0279ms]
  behavior planner period:  162.177ms [min=114.705ms, max=210.15ms, average=166.713ms, deviation=32.0172ms]
----------------------------------------------------------

----------------------------------------------------------
sample path: (IntersectionOutput) 
  order timepoint           sequence nr.                  node name     dropped samples
latency

Statistics:
  latency:                  124.206ms [min=95.6317ms, max=181.592ms, average=139.375ms, deviation=21.11ms]
----------------------------------------------------------

----------------------------------------------------------
sample path: (VehicleDBWSystem) 
  order timepoint           sequence nr.                  node name     dropped samples
bp period
latency

Statistics:
  latency:                  668.335ms [min=496.334ms, max=696.385ms, average=598.667ms, deviation=62.5609ms]
hotpath
  hot path:                 FrontLidarDriver/RearLidarDriver -> ObjectCollisionEstimator
  hot path latency:         258.158ms [min=257.934ms, max=362.532ms, average=293.891ms, deviation=34.015ms]
  hot path drops:           0 [min=0, max=0, average=0, deviation=0]
  behavior planner period:  143.224ms [min=114.705ms, max=210.15ms, average=165.477ms, deviation=31.5783ms]
----------------------------------------------------------

----------------------------------------------------------
sample path: (IntersectionOutput) 
  order timepoint           sequence nr.                  node name     dropped samples
latency

Statistics:
  latency:                  143.021ms [min=95.6317ms, max=181.592ms, average=139.51ms, deviation=20.7119ms]
----------------------------------------------------------

----------------------------------------------------------
sample path: (VehicleDBWSystem) 
  order timepoint           sequence nr.                  node name     dropped samples
bp period
latency

Statistics:
  latency:                  534.531ms [min=496.334ms, max=696.385ms, average=595.613ms, deviation=62.5624ms]
hotpath
  hot path:                 FrontLidarDriver/RearLidarDriver -> ObjectCollisionEstimator
  hot path latency:         229.359ms [min=229.359ms, max=362.532ms, average=290.095ms, deviation=36.4646ms]
  hot path drops:           2 [min=0, max=2, average=0.117647, deviation=0.485071]
  behavior planner period:  124.157ms [min=114.705ms, max=210.15ms, average=163.411ms, deviation=32.0948ms]
----------------------------------------------------------

----------------------------------------------------------
sample path: (IntersectionOutput) 
  order timepoint           sequence nr.                  node name     dropped samples
latency

Statistics:
  latency:                  124.024ms [min=95.6317ms, max=181.592ms, average=138.957ms, deviation=20.5344ms]
----------------------------------------------------------

----------------------------------------------------------
sample path: (IntersectionOutput) 
  order timepoint           sequence nr.                  node name     dropped samples
latency

Statistics:
  latency:                  190.851ms [min=95.6317ms, max=190.851ms, average=140.746ms, deviation=22.3486ms]
----------------------------------------------------------

----------------------------------------------------------
sample path: (VehicleDBWSystem) 
  order timepoint           sequence nr.                  node name     dropped samples
bp period
latency

Statistics:
  latency:                  545.874ms [min=496.334ms, max=696.385ms, average=593.352ms, deviation=61.9687ms]
  behavior planner period:  152.579ms [min=114.705ms, max=210.15ms, average=162.895ms, deviation=31.3713ms]
----------------------------------------------------------

----------------------------------------------------------
sample path: (IntersectionOutput) 
  order timepoint           sequence nr.                  node name     dropped samples
latency

Statistics:
  latency:                  164.602ms [min=95.6317ms, max=190.851ms, average=141.541ms, deviation=22.3877ms]
----------------------------------------------------------

----------------------------------------------------------
sample path: (IntersectionOutput) 
  order timepoint           sequence nr.                  node name     dropped samples
latency

Statistics:
  latency:                  133.381ms [min=95.6317ms, max=190.851ms, average=141.278ms, deviation=22.0601ms]
----------------------------------------------------------

----------------------------------------------------------
sample path: (VehicleDBWSystem) 
  order timepoint           sequence nr.                  node name     dropped samples
bp period
latency

Statistics:
  latency:                  679.301ms [min=496.334ms, max=696.385ms, average=597.089ms, deviation=63.1407ms]
hotpath
  hot path:                 FrontLidarDriver/RearLidarDriver -> ObjectCollisionEstimator
  hot path latency:         315.42ms [min=229.359ms, max=362.532ms, average=291.502ms, deviation=35.8759ms]
  hot path drops:           0 [min=0, max=2, average=0.111111, deviation=0.471405]
  behavior planner period:  212.394ms [min=114.705ms, max=212.394ms, average=165.145ms, deviation=32.3831ms]
----------------------------------------------------------

----------------------------------------------------------
sample path: (IntersectionOutput) 
  order timepoint           sequence nr.                  node name     dropped samples
latency

Statistics:
  latency:                  143.04ms [min=95.6317ms, max=190.851ms, average=141.333ms, deviation=21.7037ms]
----------------------------------------------------------

----------------------------------------------------------
sample path: (VehicleDBWSystem) 
  order timepoint           sequence nr.                  node name     dropped samples
bp period
latency

Statistics:
  latency:                  718.567ms [min=496.334ms, max=718.567ms, average=602.15ms, deviation=66.5454ms]
hotpath
  hot path:                 FrontLidarDriver/RearLidarDriver -> ObjectCollisionEstimator
  hot path latency:         336.314ms [min=229.359ms, max=362.532ms, average=293.86ms, deviation=36.3493ms]
  hot path drops:           0 [min=0, max=2, average=0.105263, deviation=0.458831]
  behavior planner period:  152.405ms [min=114.705ms, max=212.394ms, average=164.591ms, deviation=31.7498ms]
----------------------------------------------------------

----------------------------------------------------------
sample path: (IntersectionOutput) 
  order timepoint           sequence nr.                  node name     dropped samples
latency

Statistics:
  latency:                  163.316ms [min=95.6317ms, max=190.851ms, average=141.999ms, deviation=21.7019ms]
----------------------------------------------------------

