----------------------------------------------------------
sample path: (IntersectionOutput) 
  order timepoint           sequence nr.                  node name     dropped samples
latency

Statistics:
  latency:                  143.827ms [min=143.827ms, max=143.827ms, average=143.827ms, deviation=-nanms]
----------------------------------------------------------

----------------------------------------------------------
sample path: (VehicleDBWSystem) 
  order timepoint           sequence nr.                  node name     dropped samples
latency

Statistics:
  latency:                  717.392ms [min=717.392ms, max=717.392ms, average=717.392ms, deviation=-nanms]
  behavior planner period:  0ms [min=1.84467e+13ms, max=0ms, average=0ms, deviation=0ms]
----------------------------------------------------------

----------------------------------------------------------
sample path: (IntersectionOutput) 
  order timepoint           sequence nr.                  node name     dropped samples
latency

Statistics:
  latency:                  164.679ms [min=143.827ms, max=164.679ms, average=154.253ms, deviation=14.7445ms]
----------------------------------------------------------

----------------------------------------------------------
sample path: (VehicleDBWSystem) 
  order timepoint           sequence nr.                  node name     dropped samples
bp period
latency

Statistics:
  latency:                  753.134ms [min=717.392ms, max=753.134ms, average=735.263ms, deviation=25.2731ms]
hotpath
  hot path:                 FrontLidarDriver/RearLidarDriver -> ObjectCollisionEstimator
  hot path latency:         329.148ms [min=329.148ms, max=329.148ms, average=329.148ms, deviation=-nanms]
  hot path drops:           1 [min=1, max=1, average=1, deviation=-nan]
  behavior planner period:  102.636ms [min=102.636ms, max=102.636ms, average=102.636ms, deviation=-nanms]
----------------------------------------------------------

----------------------------------------------------------
sample path: (IntersectionOutput) 
  order timepoint           sequence nr.                  node name     dropped samples
latency

Statistics:
  latency:                  132.677ms [min=132.677ms, max=164.679ms, average=147.061ms, deviation=16.2443ms]
----------------------------------------------------------

----------------------------------------------------------
sample path: (VehicleDBWSystem) 
  order timepoint           sequence nr.                  node name     dropped samples
bp period
latency

Statistics:
  latency:                  888.91ms [min=717.392ms, max=888.91ms, average=786.478ms, deviation=90.4904ms]
  behavior planner period:  82.516ms [min=82.516ms, max=102.636ms, average=92.5758ms, deviation=14.2268ms]
----------------------------------------------------------

----------------------------------------------------------
sample path: (IntersectionOutput) 
  order timepoint           sequence nr.                  node name     dropped samples
latency

Statistics:
  latency:                  145.765ms [min=132.677ms, max=164.679ms, average=146.737ms, deviation=13.2792ms]
----------------------------------------------------------

----------------------------------------------------------
sample path: (VehicleDBWSystem) 
  order timepoint           sequence nr.                  node name     dropped samples
bp period
latency

Statistics:
  latency:                  724.696ms [min=717.392ms, max=888.91ms, average=771.033ms, deviation=80.083ms]
hotpath
  hot path:                 FrontLidarDriver/RearLidarDriver -> ObjectCollisionEstimator
  hot path latency:         305.328ms [min=305.328ms, max=329.148ms, average=317.238ms, deviation=16.8434ms]
  hot path drops:           2 [min=1, max=2, average=1.5, deviation=0.707107]
  behavior planner period:  102.71ms [min=82.516ms, max=102.71ms, average=95.9539ms, deviation=11.6376ms]
----------------------------------------------------------

----------------------------------------------------------
sample path: (IntersectionOutput) 
  order timepoint           sequence nr.                  node name     dropped samples
latency

Statistics:
  latency:                  136.427ms [min=132.677ms, max=164.679ms, average=144.675ms, deviation=12.39ms]
----------------------------------------------------------

----------------------------------------------------------
sample path: (IntersectionOutput) 
  order timepoint           sequence nr.                  node name     dropped samples
latency

Statistics:
  latency:                  169.808ms [min=132.677ms, max=169.808ms, average=148.864ms, deviation=15.1026ms]
----------------------------------------------------------

----------------------------------------------------------
sample path: (VehicleDBWSystem) 
  order timepoint           sequence nr.                  node name     dropped samples
bp period
latency

Statistics:
  latency:                  740.464ms [min=717.392ms, max=888.91ms, average=764.919ms, deviation=70.6884ms]
hotpath
  hot path:                 FrontLidarDriver/RearLidarDriver -> ObjectCollisionEstimator
  hot path latency:         279.271ms [min=279.271ms, max=329.148ms, average=304.582ms, deviation=24.9472ms]
  hot path drops:           2 [min=1, max=2, average=1.66667, deviation=0.57735]
  behavior planner period:  105.236ms [min=82.516ms, max=105.236ms, average=98.2745ms, deviation=10.575ms]
----------------------------------------------------------

----------------------------------------------------------
sample path: (IntersectionOutput) 
  order timepoint           sequence nr.                  node name     dropped samples
latency

Statistics:
  latency:                  156.757ms [min=132.677ms, max=169.808ms, average=149.991ms, deviation=14.1059ms]
----------------------------------------------------------

----------------------------------------------------------
sample path: (VehicleDBWSystem) 
  order timepoint           sequence nr.                  node name     dropped samples
bp period
latency

Statistics:
  latency:                  923.851ms [min=717.392ms, max=923.851ms, average=791.408ms, deviation=90.5947ms]
hotpath
  hot path:                 FrontLidarDriver/RearLidarDriver -> ObjectCollisionEstimator
  hot path latency:         328.238ms [min=279.271ms, max=329.148ms, average=310.496ms, deviation=23.5544ms]
  hot path drops:           1 [min=1, max=2, average=1.5, deviation=0.57735]
  behavior planner period:  116.169ms [min=82.516ms, max=116.169ms, average=101.853ms, deviation=12.1622ms]
----------------------------------------------------------

----------------------------------------------------------
sample path: (IntersectionOutput) 
  order timepoint           sequence nr.                  node name     dropped samples
latency

Statistics:
  latency:                  180.64ms [min=132.677ms, max=180.64ms, average=153.823ms, deviation=16.9697ms]
----------------------------------------------------------

----------------------------------------------------------
sample path: (VehicleDBWSystem) 
  order timepoint           sequence nr.                  node name     dropped samples
bp period
latency

Statistics:
  latency:                  896.185ms [min=717.392ms, max=923.851ms, average=806.376ms, deviation=91.6941ms]
hotpath
  hot path:                 FrontLidarDriver/RearLidarDriver -> ObjectCollisionEstimator
  hot path latency:         419.828ms [min=279.271ms, max=419.828ms, average=332.362ms, deviation=52.9791ms]
  hot path drops:           1 [min=1, max=2, average=1.4, deviation=0.547723]
  behavior planner period:  89.7748ms [min=82.516ms, max=116.169ms, average=99.8404ms, deviation=11.9436ms]
----------------------------------------------------------

----------------------------------------------------------
sample path: (IntersectionOutput) 
  order timepoint           sequence nr.                  node name     dropped samples
latency

Statistics:
  latency:                  177.285ms [min=132.677ms, max=180.64ms, average=156.429ms, deviation=17.6957ms]
----------------------------------------------------------

----------------------------------------------------------
sample path: (VehicleDBWSystem) 
  order timepoint           sequence nr.                  node name     dropped samples
bp period
latency

Statistics:
  latency:                  1005.17ms [min=717.392ms, max=1005.17ms, average=831.225ms, deviation=110.211ms]
hotpath
  hot path:                 FrontLidarDriver/RearLidarDriver -> ObjectCollisionEstimator
  hot path latency:         398.835ms [min=279.271ms, max=419.828ms, average=343.441ms, deviation=54.6064ms]
  hot path drops:           1 [min=1, max=2, average=1.33333, deviation=0.516398]
  behavior planner period:  89.2836ms [min=82.516ms, max=116.169ms, average=98.3323ms, deviation=11.6102ms]
----------------------------------------------------------

----------------------------------------------------------
sample path: (IntersectionOutput) 
  order timepoint           sequence nr.                  node name     dropped samples
latency

Statistics:
  latency:                  182.504ms [min=132.677ms, max=182.504ms, average=159.037ms, deviation=18.61ms]
----------------------------------------------------------

----------------------------------------------------------
sample path: (VehicleDBWSystem) 
  order timepoint           sequence nr.                  node name     dropped samples
bp period
latency

Statistics:
  latency:                  961.475ms [min=717.392ms, max=1005.17ms, average=845.697ms, deviation=111.862ms]
  behavior planner period:  95.6403ms [min=82.516ms, max=116.169ms, average=97.9958ms, deviation=10.791ms]
----------------------------------------------------------

----------------------------------------------------------
sample path: (IntersectionOutput) 
  order timepoint           sequence nr.                  node name     dropped samples
latency

Statistics:
  latency:                  170.178ms [min=132.677ms, max=182.504ms, average=160.05ms, deviation=17.9717ms]
----------------------------------------------------------

----------------------------------------------------------
sample path: (VehicleDBWSystem) 
  order timepoint           sequence nr.                  node name     dropped samples
bp period
latency

Statistics:
  latency:                  1053.56ms [min=717.392ms, max=1053.56ms, average=866.484ms, deviation=124.272ms]
hotpath
  hot path:                 FrontLidarDriver/RearLidarDriver -> ObjectCollisionEstimator
  hot path latency:         403.264ms [min=279.271ms, max=419.828ms, average=351.987ms, deviation=54.7369ms]
  hot path drops:           1 [min=1, max=2, average=1.28571, deviation=0.48795]
  behavior planner period:  123.681ms [min=82.516ms, max=123.681ms, average=100.85ms, deviation=13.2361ms]
----------------------------------------------------------

----------------------------------------------------------
sample path: (IntersectionOutput) 
  order timepoint           sequence nr.                  node name     dropped samples
latency

Statistics:
  latency:                  184.238ms [min=132.677ms, max=184.238ms, average=162.065ms, deviation=18.5034ms]
----------------------------------------------------------

----------------------------------------------------------
sample path: (VehicleDBWSystem) 
  order timepoint           sequence nr.                  node name     dropped samples
bp period
latency

Statistics:
  latency:                  1002.8ms [min=717.392ms, max=1053.56ms, average=878.876ms, deviation=124.854ms]
hotpath
  hot path:                 FrontLidarDriver/RearLidarDriver -> ObjectCollisionEstimator
  hot path latency:         406.107ms [min=279.271ms, max=419.828ms, average=358.752ms, deviation=54.1685ms]
  hot path drops:           2 [min=1, max=2, average=1.375, deviation=0.517549]
  behavior planner period:  93.1024ms [min=82.516ms, max=123.681ms, average=100.075ms, deviation=12.7174ms]
----------------------------------------------------------

----------------------------------------------------------
sample path: (IntersectionOutput) 
  order timepoint           sequence nr.                  node name     dropped samples
latency

Statistics:
  latency:                  190.586ms [min=132.677ms, max=190.586ms, average=164.259ms, deviation=19.4014ms]
----------------------------------------------------------

----------------------------------------------------------
sample path: (VehicleDBWSystem) 
  order timepoint           sequence nr.                  node name     dropped samples
bp period
latency

Statistics:
  latency:                  1010.55ms [min=717.392ms, max=1053.56ms, average=889.849ms, deviation=124.965ms]
hotpath
  hot path:                 FrontLidarDriver/RearLidarDriver -> ObjectCollisionEstimator
  hot path latency:         420.441ms [min=279.271ms, max=420.441ms, average=365.607ms, deviation=54.6835ms]
  hot path drops:           2 [min=1, max=2, average=1.44444, deviation=0.527046]
  behavior planner period:  94.0739ms [min=82.516ms, max=123.681ms, average=99.5294ms, deviation=12.1997ms]
----------------------------------------------------------

----------------------------------------------------------
sample path: (IntersectionOutput) 
  order timepoint           sequence nr.                  node name     dropped samples
latency

Statistics:
  latency:                  185.89ms [min=132.677ms, max=190.586ms, average=165.804ms, deviation=19.5161ms]
----------------------------------------------------------

----------------------------------------------------------
sample path: (VehicleDBWSystem) 
  order timepoint           sequence nr.                  node name     dropped samples
bp period
latency

Statistics:
  latency:                  1027.92ms [min=717.392ms, max=1053.56ms, average=900.47ms, deviation=125.624ms]
hotpath
  hot path:                 FrontLidarDriver/RearLidarDriver -> ObjectCollisionEstimator
  hot path latency:         503.377ms [min=279.271ms, max=503.377ms, average=379.384ms, deviation=67.4989ms]
  hot path drops:           1 [min=1, max=2, average=1.4, deviation=0.516398]
  behavior planner period:  95.4162ms [min=82.516ms, max=123.681ms, average=99.1867ms, deviation=11.6924ms]
----------------------------------------------------------

----------------------------------------------------------
sample path: (IntersectionOutput) 
  order timepoint           sequence nr.                  node name     dropped samples
latency

Statistics:
  latency:                  188.903ms [min=132.677ms, max=190.586ms, average=167.344ms, deviation=19.7293ms]
----------------------------------------------------------

----------------------------------------------------------
sample path: (VehicleDBWSystem) 
  order timepoint           sequence nr.                  node name     dropped samples
bp period
latency

Statistics:
  latency:                  1102.53ms [min=717.392ms, max=1102.53ms, average=914.902ms, deviation=132.225ms]
hotpath
  hot path:                 FrontLidarDriver/RearLidarDriver -> ObjectCollisionEstimator
  hot path latency:         440.12ms [min=279.271ms, max=503.377ms, average=384.905ms, deviation=66.6021ms]
  hot path drops:           1 [min=1, max=2, average=1.36364, deviation=0.504525]
  behavior planner period:  93.6167ms [min=82.516ms, max=123.681ms, average=98.7582ms, deviation=11.3007ms]
----------------------------------------------------------

----------------------------------------------------------
sample path: (IntersectionOutput) 
  order timepoint           sequence nr.                  node name     dropped samples
latency

Statistics:
  latency:                  181.169ms [min=132.677ms, max=190.586ms, average=168.208ms, deviation=19.3711ms]
----------------------------------------------------------

----------------------------------------------------------
sample path: (VehicleDBWSystem) 
  order timepoint           sequence nr.                  node name     dropped samples
bp period
latency

Statistics:
  latency:                  1044.19ms [min=717.392ms, max=1102.53ms, average=923.521ms, deviation=131.716ms]
  behavior planner period:  104.618ms [min=82.516ms, max=123.681ms, average=99.1767ms, deviation=10.9697ms]
----------------------------------------------------------

----------------------------------------------------------
sample path: (IntersectionOutput) 
  order timepoint           sequence nr.                  node name     dropped samples
latency

Statistics:
  latency:                  191.948ms [min=132.677ms, max=191.948ms, average=169.605ms, deviation=19.6199ms]
----------------------------------------------------------

----------------------------------------------------------
sample path: (VehicleDBWSystem) 
  order timepoint           sequence nr.                  node name     dropped samples
bp period
latency

Statistics:
  latency:                  1045.94ms [min=717.392ms, max=1102.53ms, average=931.173ms, deviation=130.878ms]
hotpath
  hot path:                 FrontLidarDriver/RearLidarDriver -> ObjectCollisionEstimator
  hot path latency:         427.601ms [min=279.271ms, max=503.377ms, average=388.463ms, deviation=64.6877ms]
  hot path drops:           2 [min=1, max=2, average=1.41667, deviation=0.514929]
  behavior planner period:  133.897ms [min=82.516ms, max=133.897ms, average=101.491ms, deviation=13.8602ms]
----------------------------------------------------------

----------------------------------------------------------
sample path: (IntersectionOutput) 
  order timepoint           sequence nr.                  node name     dropped samples
latency

Statistics:
  latency:                  189.519ms [min=132.677ms, max=191.948ms, average=170.711ms, deviation=19.6043ms]
----------------------------------------------------------

----------------------------------------------------------
sample path: (VehicleDBWSystem) 
  order timepoint           sequence nr.                  node name     dropped samples
bp period
latency

Statistics:
  latency:                  1042.01ms [min=717.392ms, max=1102.53ms, average=937.693ms, deviation=129.542ms]
hotpath
  hot path:                 FrontLidarDriver/RearLidarDriver -> ObjectCollisionEstimator
  hot path latency:         437.144ms [min=279.271ms, max=503.377ms, average=392.208ms, deviation=63.3884ms]
  hot path drops:           2 [min=1, max=2, average=1.46154, deviation=0.518875]
  behavior planner period:  94.628ms [min=82.516ms, max=133.897ms, average=101.062ms, deviation=13.4997ms]
----------------------------------------------------------

----------------------------------------------------------
sample path: (IntersectionOutput) 
  order timepoint           sequence nr.                  node name     dropped samples
latency

Statistics:
  latency:                  186.578ms [min=132.677ms, max=191.948ms, average=171.546ms, deviation=19.3966ms]
----------------------------------------------------------

----------------------------------------------------------
sample path: (VehicleDBWSystem) 
  order timepoint           sequence nr.                  node name     dropped samples
bp period
latency

Statistics:
  latency:                  1029.82ms [min=717.392ms, max=1102.53ms, average=942.811ms, deviation=127.537ms]
hotpath
  hot path:                 FrontLidarDriver/RearLidarDriver -> ObjectCollisionEstimator
  hot path latency:         436.784ms [min=279.271ms, max=503.377ms, average=395.392ms, deviation=62.0559ms]
  hot path drops:           2 [min=1, max=2, average=1.5, deviation=0.518875]
  behavior planner period:  94.1542ms [min=82.516ms, max=133.897ms, average=100.656ms, deviation=13.178ms]
----------------------------------------------------------

----------------------------------------------------------
sample path: (IntersectionOutput) 
  order timepoint           sequence nr.                  node name     dropped samples
latency

Statistics:
  latency:                  174.689ms [min=132.677ms, max=191.948ms, average=171.703ms, deviation=18.8923ms]
----------------------------------------------------------

----------------------------------------------------------
sample path: (VehicleDBWSystem) 
  order timepoint           sequence nr.                  node name     dropped samples
bp period
latency

Statistics:
  latency:                  1031.34ms [min=717.392ms, max=1102.53ms, average=947.47ms, deviation=125.596ms]
hotpath
  hot path:                 FrontLidarDriver/RearLidarDriver -> ObjectCollisionEstimator
  hot path latency:         440.563ms [min=279.271ms, max=503.377ms, average=398.403ms, deviation=60.9253ms]
  hot path drops:           2 [min=1, max=2, average=1.53333, deviation=0.516398]
  behavior planner period:  93.9249ms [min=82.516ms, max=133.897ms, average=100.282ms, deviation=12.8826ms]
----------------------------------------------------------

----------------------------------------------------------
sample path: (IntersectionOutput) 
  order timepoint           sequence nr.                  node name     dropped samples
latency

Statistics:
  latency:                  189.951ms [min=132.677ms, max=191.948ms, average=172.572ms, deviation=18.8396ms]
----------------------------------------------------------

----------------------------------------------------------
sample path: (VehicleDBWSystem) 
  order timepoint           sequence nr.                  node name     dropped samples
bp period
latency

Statistics:
  latency:                  1122.69ms [min=717.392ms, max=1122.69ms, average=956.231ms, deviation=128.372ms]
hotpath
  hot path:                 FrontLidarDriver/RearLidarDriver -> ObjectCollisionEstimator
  hot path latency:         509.95ms [min=279.271ms, max=509.95ms, average=405.375ms, deviation=65.1314ms]
  hot path drops:           0 [min=0, max=2, average=1.4375, deviation=0.629153]
  behavior planner period:  91.708ms [min=82.516ms, max=133.897ms, average=99.8309ms, deviation=12.6732ms]
----------------------------------------------------------

----------------------------------------------------------
sample path: (IntersectionOutput) 
  order timepoint           sequence nr.                  node name     dropped samples
latency

Statistics:
  latency:                  188.386ms [min=132.677ms, max=191.948ms, average=173.291ms, deviation=18.6921ms]
----------------------------------------------------------

----------------------------------------------------------
sample path: (VehicleDBWSystem) 
  order timepoint           sequence nr.                  node name     dropped samples
bp period
latency

Statistics:
  latency:                  1110.59ms [min=717.392ms, max=1122.69ms, average=963.582ms, deviation=129.576ms]
hotpath
  hot path:                 FrontLidarDriver/RearLidarDriver -> ObjectCollisionEstimator
  hot path latency:         429.214ms [min=279.271ms, max=509.95ms, average=406.777ms, deviation=63.3277ms]
  hot path drops:           1 [min=0, max=2, average=1.41176, deviation=0.618347]
  behavior planner period:  95.6324ms [min=82.516ms, max=133.897ms, average=99.6209ms, deviation=12.3709ms]
----------------------------------------------------------

----------------------------------------------------------
sample path: (IntersectionOutput) 
  order timepoint           sequence nr.                  node name     dropped samples
latency

Statistics:
  latency:                  179.953ms [min=132.677ms, max=191.948ms, average=173.581ms, deviation=18.3151ms]
----------------------------------------------------------

----------------------------------------------------------
sample path: (VehicleDBWSystem) 
  order timepoint           sequence nr.                  node name     dropped samples
bp period
latency

Statistics:
  latency:                  993.756ms [min=717.392ms, max=1122.69ms, average=964.953ms, deviation=126.617ms]
hotpath
  hot path:                 FrontLidarDriver/RearLidarDriver -> ObjectCollisionEstimator
  hot path latency:         427.681ms [min=279.271ms, max=509.95ms, average=407.938ms, deviation=61.6341ms]
  hot path drops:           2 [min=0, max=2, average=1.44444, deviation=0.615699]
  behavior planner period:  91.4273ms [min=82.516ms, max=133.897ms, average=99.2308ms, deviation=12.1895ms]
----------------------------------------------------------

----------------------------------------------------------
sample path: (IntersectionOutput) 
  order timepoint           sequence nr.                  node name     dropped samples
latency

Statistics:
  latency:                  154.403ms [min=132.677ms, max=191.948ms, average=172.782ms, deviation=18.3353ms]
----------------------------------------------------------

