----------------------------------------------------------
sample path: (IntersectionOutput) 
  order timepoint           sequence nr.                  node name     dropped samples
latency

Statistics:
  latency:                  129.351ms [min=129.351ms, max=129.351ms, average=129.351ms, deviation=-nanms]
----------------------------------------------------------

----------------------------------------------------------
sample path: (VehicleDBWSystem) 
  order timepoint           sequence nr.                  node name     dropped samples
latency

Statistics:
  latency:                  592.755ms [min=592.755ms, max=592.755ms, average=592.755ms, deviation=-nanms]
hotpath
  hot path:                 FrontLidarDriver/RearLidarDriver -> ObjectCollisionEstimator
  hot path latency:         176.395ms [min=176.395ms, max=176.395ms, average=176.395ms, deviation=-nanms]
  hot path drops:           0 [min=0, max=0, average=0, deviation=-nan]
  behavior planner period:  0ms [min=1.84467e+13ms, max=0ms, average=0ms, deviation=0ms]
----------------------------------------------------------

----------------------------------------------------------
sample path: (IntersectionOutput) 
  order timepoint           sequence nr.                  node name     dropped samples
latency

Statistics:
  latency:                  129.519ms [min=129.351ms, max=129.519ms, average=129.435ms, deviation=0.118937ms]
----------------------------------------------------------

----------------------------------------------------------
sample path: (VehicleDBWSystem) 
  order timepoint           sequence nr.                  node name     dropped samples
bp period
latency

Statistics:
  latency:                  629.821ms [min=592.755ms, max=629.821ms, average=611.288ms, deviation=26.2101ms]
hotpath
  hot path:                 FrontLidarDriver/RearLidarDriver -> ObjectCollisionEstimator
  hot path latency:         296.483ms [min=176.395ms, max=296.483ms, average=236.439ms, deviation=84.9147ms]
  hot path drops:           0 [min=0, max=0, average=0, deviation=0]
  behavior planner period:  212.739ms [min=212.739ms, max=212.739ms, average=212.739ms, deviation=-nanms]
----------------------------------------------------------

----------------------------------------------------------
sample path: (IntersectionOutput) 
  order timepoint           sequence nr.                  node name     dropped samples
latency

Statistics:
  latency:                  102.137ms [min=102.137ms, max=129.519ms, average=120.336ms, deviation=15.7611ms]
----------------------------------------------------------

----------------------------------------------------------
sample path: (IntersectionOutput) 
  order timepoint           sequence nr.                  node name     dropped samples
latency

Statistics:
  latency:                  166.121ms [min=102.137ms, max=166.121ms, average=131.782ms, deviation=26.2618ms]
----------------------------------------------------------

----------------------------------------------------------
sample path: (VehicleDBWSystem) 
  order timepoint           sequence nr.                  node name     dropped samples
bp period
latency

Statistics:
  latency:                  564.736ms [min=564.736ms, max=629.821ms, average=595.771ms, deviation=32.6476ms]
hotpath
  hot path:                 FrontLidarDriver/RearLidarDriver -> ObjectCollisionEstimator
  hot path latency:         287.245ms [min=176.395ms, max=296.483ms, average=253.374ms, deviation=66.8256ms]
  hot path drops:           0 [min=0, max=0, average=0, deviation=0]
  behavior planner period:  120.47ms [min=120.47ms, max=212.739ms, average=166.604ms, deviation=65.2437ms]
----------------------------------------------------------

----------------------------------------------------------
sample path: (IntersectionOutput) 
  order timepoint           sequence nr.                  node name     dropped samples
latency

Statistics:
  latency:                  111.656ms [min=102.137ms, max=166.121ms, average=127.757ms, deviation=24.4596ms]
----------------------------------------------------------

----------------------------------------------------------
sample path: (VehicleDBWSystem) 
  order timepoint           sequence nr.                  node name     dropped samples
bp period
latency

Statistics:
  latency:                  630.199ms [min=564.736ms, max=630.199ms, average=604.378ms, deviation=31.7317ms]
hotpath
  hot path:                 FrontLidarDriver/RearLidarDriver -> ObjectCollisionEstimator
  hot path latency:         268.708ms [min=176.395ms, max=296.483ms, average=257.208ms, deviation=55.0989ms]
  hot path drops:           0 [min=0, max=0, average=0, deviation=0]
  behavior planner period:  106.713ms [min=106.713ms, max=212.739ms, average=146.641ms, deviation=57.6543ms]
----------------------------------------------------------

----------------------------------------------------------
sample path: (IntersectionOutput) 
  order timepoint           sequence nr.                  node name     dropped samples
latency

Statistics:
  latency:                  111.192ms [min=102.137ms, max=166.121ms, average=124.996ms, deviation=22.8987ms]
----------------------------------------------------------

----------------------------------------------------------
sample path: (IntersectionOutput) 
  order timepoint           sequence nr.                  node name     dropped samples
latency

Statistics:
  latency:                  111.235ms [min=102.137ms, max=166.121ms, average=123.03ms, deviation=21.5409ms]
----------------------------------------------------------

----------------------------------------------------------
sample path: (VehicleDBWSystem) 
  order timepoint           sequence nr.                  node name     dropped samples
bp period
latency

Statistics:
  latency:                  593.275ms [min=564.736ms, max=630.199ms, average=602.157ms, deviation=27.9254ms]
hotpath
  hot path:                 FrontLidarDriver/RearLidarDriver -> ObjectCollisionEstimator
  hot path latency:         232.01ms [min=176.395ms, max=296.483ms, average=252.168ms, deviation=49.0296ms]
  hot path drops:           3 [min=0, max=3, average=0.6, deviation=1.34164]
  behavior planner period:  120.493ms [min=106.713ms, max=212.739ms, average=140.104ms, deviation=48.8563ms]
----------------------------------------------------------

----------------------------------------------------------
sample path: (IntersectionOutput) 
  order timepoint           sequence nr.                  node name     dropped samples
latency

Statistics:
  latency:                  83.5589ms [min=83.5589ms, max=166.121ms, average=118.096ms, deviation=24.3408ms]
----------------------------------------------------------

----------------------------------------------------------
sample path: (IntersectionOutput) 
  order timepoint           sequence nr.                  node name     dropped samples
latency

Statistics:
  latency:                  129.528ms [min=83.5589ms, max=166.121ms, average=119.367ms, deviation=23.0854ms]
----------------------------------------------------------

----------------------------------------------------------
sample path: (VehicleDBWSystem) 
  order timepoint           sequence nr.                  node name     dropped samples
bp period
latency

Statistics:
  latency:                  556.297ms [min=556.297ms, max=630.199ms, average=594.514ms, deviation=31.2152ms]
hotpath
  hot path:                 FrontLidarDriver/RearLidarDriver -> ObjectCollisionEstimator
  hot path latency:         203.951ms [min=176.395ms, max=296.483ms, average=244.132ms, deviation=48.0688ms]
  hot path drops:           1 [min=0, max=3, average=0.666667, deviation=1.21106]
  behavior planner period:  166.891ms [min=106.713ms, max=212.739ms, average=145.461ms, deviation=43.9741ms]
----------------------------------------------------------

----------------------------------------------------------
sample path: (IntersectionOutput) 
  order timepoint           sequence nr.                  node name     dropped samples
latency

Statistics:
  latency:                  157.072ms [min=83.5589ms, max=166.121ms, average=123.137ms, deviation=24.8171ms]
----------------------------------------------------------

----------------------------------------------------------
sample path: (VehicleDBWSystem) 
  order timepoint           sequence nr.                  node name     dropped samples
bp period
latency

Statistics:
  latency:                  490.8ms [min=490.8ms, max=630.199ms, average=579.697ms, deviation=48.4628ms]
hotpath
  hot path:                 FrontLidarDriver/RearLidarDriver -> ObjectCollisionEstimator
  hot path latency:         250.291ms [min=176.395ms, max=296.483ms, average=245.012ms, deviation=43.9423ms]
  hot path drops:           0 [min=0, max=3, average=0.571429, deviation=1.13389]
  behavior planner period:  101.863ms [min=101.863ms, max=212.739ms, average=138.195ms, deviation=43.1714ms]
----------------------------------------------------------

----------------------------------------------------------
sample path: (IntersectionOutput) 
  order timepoint           sequence nr.                  node name     dropped samples
latency

Statistics:
  latency:                  111.113ms [min=83.5589ms, max=166.121ms, average=122.044ms, deviation=23.8211ms]
----------------------------------------------------------

----------------------------------------------------------
sample path: (VehicleDBWSystem) 
  order timepoint           sequence nr.                  node name     dropped samples
bp period
latency

Statistics:
  latency:                  508.979ms [min=490.8ms, max=630.199ms, average=570.858ms, deviation=51.364ms]
  behavior planner period:  138.772ms [min=101.863ms, max=212.739ms, average=138.277ms, deviation=39.4105ms]
----------------------------------------------------------

----------------------------------------------------------
sample path: (IntersectionOutput) 
  order timepoint           sequence nr.                  node name     dropped samples
latency

Statistics:
  latency:                  101.835ms [min=83.5589ms, max=166.121ms, average=120.36ms, deviation=23.4498ms]
----------------------------------------------------------

----------------------------------------------------------
sample path: (IntersectionOutput) 
  order timepoint           sequence nr.                  node name     dropped samples
latency

Statistics:
  latency:                  129.211ms [min=83.5589ms, max=166.121ms, average=121.041ms, deviation=22.5853ms]
----------------------------------------------------------

----------------------------------------------------------
sample path: (VehicleDBWSystem) 
  order timepoint           sequence nr.                  node name     dropped samples
bp period
latency

Statistics:
  latency:                  582.719ms [min=490.8ms, max=630.199ms, average=572.176ms, deviation=48.2091ms]
hotpath
  hot path:                 FrontLidarDriver/RearLidarDriver -> ObjectCollisionEstimator
  hot path latency:         212.931ms [min=176.395ms, max=296.483ms, average=241.002ms, deviation=42.2342ms]
  hot path drops:           1 [min=0, max=3, average=0.625, deviation=1.06066]
  behavior planner period:  175.9ms [min=101.863ms, max=212.739ms, average=142.98ms, deviation=38.836ms]
----------------------------------------------------------

----------------------------------------------------------
sample path: (IntersectionOutput) 
  order timepoint           sequence nr.                  node name     dropped samples
latency

Statistics:
  latency:                  120.295ms [min=83.5589ms, max=166.121ms, average=120.988ms, deviation=21.7002ms]
----------------------------------------------------------

----------------------------------------------------------
sample path: (VehicleDBWSystem) 
  order timepoint           sequence nr.                  node name     dropped samples
bp period
latency

Statistics:
  latency:                  471.659ms [min=471.659ms, max=630.199ms, average=562.124ms, deviation=55.4639ms]
  behavior planner period:  138.536ms [min=101.863ms, max=212.739ms, average=142.486ms, deviation=36.3579ms]
----------------------------------------------------------

----------------------------------------------------------
sample path: (IntersectionOutput) 
  order timepoint           sequence nr.                  node name     dropped samples
latency

Statistics:
  latency:                  101.687ms [min=83.5589ms, max=166.121ms, average=119.701ms, deviation=21.4964ms]
----------------------------------------------------------

----------------------------------------------------------
sample path: (IntersectionOutput) 
  order timepoint           sequence nr.                  node name     dropped samples
latency

Statistics:
  latency:                  157.031ms [min=83.5589ms, max=166.121ms, average=122.034ms, deviation=22.7681ms]
----------------------------------------------------------

----------------------------------------------------------
sample path: (VehicleDBWSystem) 
  order timepoint           sequence nr.                  node name     dropped samples
bp period
latency

Statistics:
  latency:                  545.817ms [min=471.659ms, max=630.199ms, average=560.641ms, deviation=52.8469ms]
hotpath
  hot path:                 FrontLidarDriver/RearLidarDriver -> ObjectCollisionEstimator
  hot path latency:         185.082ms [min=176.395ms, max=296.483ms, average=234.788ms, deviation=43.683ms]
  hot path drops:           1 [min=0, max=3, average=0.666667, deviation=1]
  behavior planner period:  120.315ms [min=101.863ms, max=212.739ms, average=140.269ms, deviation=34.9883ms]
----------------------------------------------------------

----------------------------------------------------------
sample path: (IntersectionOutput) 
  order timepoint           sequence nr.                  node name     dropped samples
latency

Statistics:
  latency:                  111.115ms [min=83.5589ms, max=166.121ms, average=121.392ms, deviation=22.2037ms]
----------------------------------------------------------

----------------------------------------------------------
sample path: (VehicleDBWSystem) 
  order timepoint           sequence nr.                  node name     dropped samples
bp period
latency

Statistics:
  latency:                  546.055ms [min=471.659ms, max=630.199ms, average=559.426ms, deviation=50.5632ms]
  behavior planner period:  148.019ms [min=101.863ms, max=212.739ms, average=140.974ms, deviation=33.2749ms]
----------------------------------------------------------

----------------------------------------------------------
sample path: (IntersectionOutput) 
  order timepoint           sequence nr.                  node name     dropped samples
latency

Statistics:
  latency:                  101.873ms [min=83.5589ms, max=166.121ms, average=120.307ms, deviation=22.0265ms]
----------------------------------------------------------

----------------------------------------------------------
sample path: (IntersectionOutput) 
  order timepoint           sequence nr.                  node name     dropped samples
latency

Statistics:
  latency:                  129.404ms [min=83.5589ms, max=166.121ms, average=120.786ms, deviation=21.5074ms]
----------------------------------------------------------

----------------------------------------------------------
sample path: (VehicleDBWSystem) 
  order timepoint           sequence nr.                  node name     dropped samples
bp period
latency

Statistics:
  latency:                  508.995ms [min=471.659ms, max=630.199ms, average=555.547ms, deviation=50.3906ms]
hotpath
  hot path:                 FrontLidarDriver/RearLidarDriver -> ObjectCollisionEstimator
  hot path latency:         213.042ms [min=176.395ms, max=296.483ms, average=232.614ms, deviation=41.7549ms]
  hot path drops:           2 [min=0, max=3, average=0.8, deviation=1.0328]
  behavior planner period:  166.854ms [min=101.863ms, max=212.739ms, average=143.13ms, deviation=32.5942ms]
----------------------------------------------------------

----------------------------------------------------------
sample path: (IntersectionOutput) 
  order timepoint           sequence nr.                  node name     dropped samples
latency

Statistics:
  latency:                  120.39ms [min=83.5589ms, max=166.121ms, average=120.766ms, deviation=20.934ms]
----------------------------------------------------------

----------------------------------------------------------
sample path: (VehicleDBWSystem) 
  order timepoint           sequence nr.                  node name     dropped samples
bp period
latency

Statistics:
  latency:                  472.155ms [min=471.659ms, max=630.199ms, average=549.59ms, deviation=53.2975ms]
  behavior planner period:  138.723ms [min=101.863ms, max=212.739ms, average=142.791ms, deviation=31.2305ms]
----------------------------------------------------------

----------------------------------------------------------
sample path: (IntersectionOutput) 
  order timepoint           sequence nr.                  node name     dropped samples
latency

Statistics:
  latency:                  111.046ms [min=83.5589ms, max=166.121ms, average=120.303ms, deviation=20.5139ms]
----------------------------------------------------------

----------------------------------------------------------
sample path: (IntersectionOutput) 
  order timepoint           sequence nr.                  node name     dropped samples
latency

Statistics:
  latency:                  175.569ms [min=83.5589ms, max=175.569ms, average=122.816ms, deviation=23.2295ms]
----------------------------------------------------------

----------------------------------------------------------
sample path: (VehicleDBWSystem) 
  order timepoint           sequence nr.                  node name     dropped samples
bp period
latency

Statistics:
  latency:                  518.395ms [min=471.659ms, max=630.199ms, average=547.51ms, deviation=51.9865ms]
hotpath
  hot path:                 FrontLidarDriver/RearLidarDriver -> ObjectCollisionEstimator
  hot path latency:         296.116ms [min=176.395ms, max=296.483ms, average=238.387ms, deviation=43.9968ms]
  hot path drops:           0 [min=0, max=3, average=0.727273, deviation=1.00905]
  behavior planner period:  129.615ms [min=101.863ms, max=212.739ms, average=141.85ms, deviation=30.2112ms]
----------------------------------------------------------

----------------------------------------------------------
sample path: (IntersectionOutput) 
  order timepoint           sequence nr.                  node name     dropped samples
latency

Statistics:
  latency:                  111.271ms [min=83.5589ms, max=175.569ms, average=122.314ms, deviation=22.8227ms]
----------------------------------------------------------

----------------------------------------------------------
sample path: (VehicleDBWSystem) 
  order timepoint           sequence nr.                  node name     dropped samples
bp period
latency

Statistics:
  latency:                  546.469ms [min=471.659ms, max=630.199ms, average=547.445ms, deviation=50.2244ms]
hotpath
  hot path:                 FrontLidarDriver/RearLidarDriver -> ObjectCollisionEstimator
  hot path latency:         287.04ms [min=176.395ms, max=296.483ms, average=242.441ms, deviation=44.238ms]
  hot path drops:           0 [min=0, max=3, average=0.666667, deviation=0.984732]
  behavior planner period:  139.002ms [min=101.863ms, max=212.739ms, average=141.66ms, deviation=29.1215ms]
----------------------------------------------------------

----------------------------------------------------------
sample path: (IntersectionOutput) 
  order timepoint           sequence nr.                  node name     dropped samples
latency

Statistics:
  latency:                  83.4436ms [min=83.4436ms, max=175.569ms, average=120.694ms, deviation=23.6893ms]
----------------------------------------------------------

----------------------------------------------------------
sample path: (IntersectionOutput) 
  order timepoint           sequence nr.                  node name     dropped samples
latency

Statistics:
  latency:                  129.455ms [min=83.4436ms, max=175.569ms, average=121.044ms, deviation=23.2566ms]
----------------------------------------------------------

----------------------------------------------------------
sample path: (VehicleDBWSystem) 
  order timepoint           sequence nr.                  node name     dropped samples
bp period
latency

Statistics:
  latency:                  564.939ms [min=471.659ms, max=630.199ms, average=548.474ms, deviation=48.8143ms]
hotpath
  hot path:                 FrontLidarDriver/RearLidarDriver -> ObjectCollisionEstimator
  hot path latency:         213.294ms [min=176.395ms, max=296.483ms, average=240.199ms, deviation=43.1192ms]
  hot path drops:           2 [min=0, max=3, average=0.769231, deviation=1.01274]
  behavior planner period:  157.687ms [min=101.863ms, max=212.739ms, average=142.662ms, deviation=28.418ms]
----------------------------------------------------------

----------------------------------------------------------
sample path: (IntersectionOutput) 
  order timepoint           sequence nr.                  node name     dropped samples
latency

Statistics:
  latency:                  129.535ms [min=83.4436ms, max=175.569ms, average=121.371ms, deviation=22.8475ms]
----------------------------------------------------------

----------------------------------------------------------
sample path: (VehicleDBWSystem) 
  order timepoint           sequence nr.                  node name     dropped samples
bp period
latency

Statistics:
  latency:                  509.561ms [min=471.659ms, max=630.199ms, average=546.312ms, deviation=48.2368ms]
  behavior planner period:  129.606ms [min=101.863ms, max=212.739ms, average=141.894ms, deviation=27.6972ms]
----------------------------------------------------------

----------------------------------------------------------
sample path: (IntersectionOutput) 
  order timepoint           sequence nr.                  node name     dropped samples
latency

Statistics:
  latency:                  110.954ms [min=83.4436ms, max=175.569ms, average=120.985ms, deviation=22.4933ms]
----------------------------------------------------------

----------------------------------------------------------
sample path: (IntersectionOutput) 
  order timepoint           sequence nr.                  node name     dropped samples
latency

Statistics:
  latency:                  175.189ms [min=83.4436ms, max=175.569ms, average=122.921ms, deviation=24.334ms]
----------------------------------------------------------

----------------------------------------------------------
sample path: (VehicleDBWSystem) 
  order timepoint           sequence nr.                  node name     dropped samples
bp period
latency

Statistics:
  latency:                  517.946ms [min=471.659ms, max=630.199ms, average=544.82ms, deviation=47.3273ms]
hotpath
  hot path:                 FrontLidarDriver/RearLidarDriver -> ObjectCollisionEstimator
  hot path latency:         296.201ms [min=176.395ms, max=296.483ms, average=244.199ms, deviation=44.0484ms]
  hot path drops:           0 [min=0, max=3, average=0.714286, deviation=0.99449]
  behavior planner period:  134.097ms [min=101.863ms, max=212.739ms, average=141.461ms, deviation=26.933ms]
----------------------------------------------------------

----------------------------------------------------------
sample path: (IntersectionOutput) 
  order timepoint           sequence nr.                  node name     dropped samples
latency

Statistics:
  latency:                  110.898ms [min=83.4436ms, max=175.569ms, average=122.506ms, deviation=23.9995ms]
----------------------------------------------------------

----------------------------------------------------------
sample path: (VehicleDBWSystem) 
  order timepoint           sequence nr.                  node name     dropped samples
bp period
latency

Statistics:
  latency:                  554.629ms [min=471.659ms, max=630.199ms, average=545.31ms, deviation=46.1172ms]
hotpath
  hot path:                 FrontLidarDriver/RearLidarDriver -> ObjectCollisionEstimator
  hot path latency:         295.97ms [min=176.395ms, max=296.483ms, average=247.651ms, deviation=44.5011ms]
  hot path drops:           0 [min=0, max=3, average=0.666667, deviation=0.9759]
  behavior planner period:  138.639ms [min=101.863ms, max=212.739ms, average=141.312ms, deviation=26.1822ms]
----------------------------------------------------------

----------------------------------------------------------
sample path: (IntersectionOutput) 
  order timepoint           sequence nr.                  node name     dropped samples
latency

Statistics:
  latency:                  83.2528ms [min=83.2528ms, max=175.569ms, average=121.198ms, deviation=24.6471ms]
----------------------------------------------------------

----------------------------------------------------------
sample path: (IntersectionOutput) 
  order timepoint           sequence nr.                  node name     dropped samples
latency

Statistics:
  latency:                  119.891ms [min=83.2528ms, max=175.569ms, average=121.156ms, deviation=24.234ms]
----------------------------------------------------------

----------------------------------------------------------
sample path: (VehicleDBWSystem) 
  order timepoint           sequence nr.                  node name     dropped samples
bp period
latency

Statistics:
  latency:                  563.508ms [min=471.659ms, max=630.199ms, average=546.177ms, deviation=45.1246ms]
hotpath
  hot path:                 FrontLidarDriver/RearLidarDriver -> ObjectCollisionEstimator
  hot path latency:         212.618ms [min=176.395ms, max=296.483ms, average=245.461ms, deviation=43.8752ms]
  hot path drops:           2 [min=0, max=3, average=0.75, deviation=1]
  behavior planner period:  157.198ms [min=101.863ms, max=212.739ms, average=142.107ms, deviation=25.7302ms]
----------------------------------------------------------

----------------------------------------------------------
sample path: (IntersectionOutput) 
  order timepoint           sequence nr.                  node name     dropped samples
latency

Statistics:
  latency:                  138.526ms [min=83.2528ms, max=175.569ms, average=121.699ms, deviation=24.0368ms]
----------------------------------------------------------

----------------------------------------------------------
sample path: (VehicleDBWSystem) 
  order timepoint           sequence nr.                  node name     dropped samples
bp period
latency

Statistics:
  latency:                  536.036ms [min=471.659ms, max=630.199ms, average=545.716ms, deviation=44.0901ms]
  behavior planner period:  120.031ms [min=101.863ms, max=212.739ms, average=141.055ms, deviation=25.5372ms]
----------------------------------------------------------

----------------------------------------------------------
sample path: (IntersectionOutput) 
  order timepoint           sequence nr.                  node name     dropped samples
latency

Statistics:
  latency:                  129.436ms [min=83.2528ms, max=175.569ms, average=121.933ms, deviation=23.6966ms]
----------------------------------------------------------

----------------------------------------------------------
sample path: (VehicleDBWSystem) 
  order timepoint           sequence nr.                  node name     dropped samples
bp period
latency

Statistics:
  latency:                  683.999ms [min=471.659ms, max=683.999ms, average=551.728ms, deviation=51.8361ms]
hotpath
  hot path:                 FrontLidarDriver/RearLidarDriver -> ObjectCollisionEstimator
  hot path latency:         240.208ms [min=176.395ms, max=296.483ms, average=245.152ms, deviation=42.5011ms]
  hot path drops:           0 [min=0, max=3, average=0.705882, deviation=0.985184]
  behavior planner period:  147.853ms [min=101.863ms, max=212.739ms, average=141.364ms, deviation=24.9638ms]
----------------------------------------------------------

----------------------------------------------------------
sample path: (IntersectionOutput) 
  order timepoint           sequence nr.                  node name     dropped samples
latency

Statistics:
  latency:                  138.729ms [min=83.2528ms, max=175.569ms, average=122.427ms, deviation=23.5119ms]
----------------------------------------------------------

----------------------------------------------------------
sample path: (VehicleDBWSystem) 
  order timepoint           sequence nr.                  node name     dropped samples
bp period
latency

Statistics:
  latency:                  637.998ms [min=471.659ms, max=683.999ms, average=555.323ms, deviation=53.6681ms]
hotpath
  hot path:                 FrontLidarDriver/RearLidarDriver -> ObjectCollisionEstimator
  hot path latency:         304.867ms [min=176.395ms, max=304.867ms, average=248.47ms, deviation=43.5682ms]
  hot path drops:           0 [min=0, max=3, average=0.666667, deviation=0.970143]
  behavior planner period:  147.915ms [min=101.863ms, max=212.739ms, average=141.649ms, deviation=24.4281ms]
----------------------------------------------------------

----------------------------------------------------------
sample path: (IntersectionOutput) 
  order timepoint           sequence nr.                  node name     dropped samples
latency

Statistics:
  latency:                  120.336ms [min=83.2528ms, max=175.569ms, average=122.367ms, deviation=23.1662ms]
----------------------------------------------------------

----------------------------------------------------------
sample path: (VehicleDBWSystem) 
  order timepoint           sequence nr.                  node name     dropped samples
bp period
latency

Statistics:
  latency:                  573.516ms [min=471.659ms, max=683.999ms, average=556.05ms, deviation=52.664ms]
hotpath
  hot path:                 FrontLidarDriver/RearLidarDriver -> ObjectCollisionEstimator
  hot path latency:         231.235ms [min=176.395ms, max=304.867ms, average=247.562ms, deviation=42.5249ms]
  hot path drops:           1 [min=0, max=3, average=0.684211, deviation=0.945905]
  behavior planner period:  129.605ms [min=101.863ms, max=212.739ms, average=141.147ms, deviation=24.0173ms]
----------------------------------------------------------

----------------------------------------------------------
sample path: (IntersectionOutput) 
  order timepoint           sequence nr.                  node name     dropped samples
latency

Statistics:
  latency:                  83.3767ms [min=83.2528ms, max=175.569ms, average=121.284ms, deviation=23.7396ms]
----------------------------------------------------------

----------------------------------------------------------
sample path: (IntersectionOutput) 
  order timepoint           sequence nr.                  node name     dropped samples
latency

Statistics:
  latency:                  133.701ms [min=83.2528ms, max=175.569ms, average=121.62ms, deviation=23.4964ms]
----------------------------------------------------------

