----------------------------------------------------------
sample path: (VehicleDBWSystem) 
  order timepoint           sequence nr.                  node name     dropped samples
latency

Statistics:
  latency:                  794.756ms [min=794.756ms, max=794.756ms, average=794.756ms, deviation=-nanms]
hotpath
  hot path:                 FrontLidarDriver/RearLidarDriver -> ObjectCollisionEstimator
  hot path latency:         360.407ms [min=360.407ms, max=360.407ms, average=360.407ms, deviation=-nanms]
  hot path drops:           0 [min=0, max=0, average=0, deviation=-nan]
  behavior planner period:  0ms [min=1.84467e+13ms, max=0ms, average=0ms, deviation=0ms]
----------------------------------------------------------

----------------------------------------------------------
sample path: (IntersectionOutput) 
  order timepoint           sequence nr.                  node name     dropped samples
latency

Statistics:
  latency:                  193.967ms [min=193.967ms, max=193.967ms, average=193.967ms, deviation=-nanms]
----------------------------------------------------------

----------------------------------------------------------
sample path: (VehicleDBWSystem) 
  order timepoint           sequence nr.                  node name     dropped samples
bp period
latency

Statistics:
  latency:                  852.646ms [min=794.756ms, max=852.646ms, average=823.701ms, deviation=40.935ms]
hotpath
  hot path:                 FrontLidarDriver/RearLidarDriver -> ObjectCollisionEstimator
  hot path latency:         398.935ms [min=360.407ms, max=398.935ms, average=379.671ms, deviation=27.2437ms]
  hot path drops:           0 [min=0, max=0, average=0, deviation=0]
  behavior planner period:  193.76ms [min=193.76ms, max=193.76ms, average=193.76ms, deviation=-nanms]
----------------------------------------------------------

----------------------------------------------------------
sample path: (IntersectionOutput) 
  order timepoint           sequence nr.                  node name     dropped samples
latency

Statistics:
  latency:                  200.03ms [min=193.967ms, max=200.03ms, average=196.998ms, deviation=4.28702ms]
----------------------------------------------------------

----------------------------------------------------------
sample path: (VehicleDBWSystem) 
  order timepoint           sequence nr.                  node name     dropped samples
bp period
latency

Statistics:
  latency:                  869.056ms [min=794.756ms, max=869.056ms, average=838.819ms, deviation=39.0324ms]
hotpath
  hot path:                 FrontLidarDriver/RearLidarDriver -> ObjectCollisionEstimator
  hot path latency:         433.955ms [min=360.407ms, max=433.955ms, average=397.766ms, deviation=36.7883ms]
  hot path drops:           0 [min=0, max=0, average=0, deviation=0]
  behavior planner period:  193.479ms [min=193.479ms, max=193.76ms, average=193.619ms, deviation=0.198839ms]
----------------------------------------------------------

----------------------------------------------------------
sample path: (IntersectionOutput) 
  order timepoint           sequence nr.                  node name     dropped samples
latency

Statistics:
  latency:                  177.514ms [min=177.514ms, max=200.03ms, average=190.503ms, deviation=11.6508ms]
----------------------------------------------------------

----------------------------------------------------------
sample path: (VehicleDBWSystem) 
  order timepoint           sequence nr.                  node name     dropped samples
bp period
latency

Statistics:
  latency:                  891.14ms [min=794.756ms, max=891.14ms, average=851.9ms, deviation=41.2317ms]
hotpath
  hot path:                 FrontLidarDriver/RearLidarDriver -> ObjectCollisionEstimator
  hot path latency:         455.607ms [min=360.407ms, max=455.607ms, average=412.226ms, deviation=41.6972ms]
  hot path drops:           0 [min=0, max=0, average=0, deviation=0]
  behavior planner period:  212.907ms [min=193.479ms, max=212.907ms, average=200.049ms, deviation=11.1368ms]
----------------------------------------------------------

----------------------------------------------------------
sample path: (IntersectionOutput) 
  order timepoint           sequence nr.                  node name     dropped samples
latency

Statistics:
  latency:                  194.336ms [min=177.514ms, max=200.03ms, average=191.461ms, deviation=9.70391ms]
----------------------------------------------------------

----------------------------------------------------------
sample path: (VehicleDBWSystem) 
  order timepoint           sequence nr.                  node name     dropped samples
bp period
latency

Statistics:
  latency:                  875.977ms [min=794.756ms, max=891.14ms, average=856.715ms, deviation=37.2959ms]
hotpath
  hot path:                 FrontLidarDriver/RearLidarDriver -> ObjectCollisionEstimator
  hot path latency:         456.352ms [min=360.407ms, max=456.352ms, average=421.051ms, deviation=41.1512ms]
  hot path drops:           0 [min=0, max=0, average=0, deviation=0]
  behavior planner period:  199.632ms [min=193.479ms, max=212.907ms, average=199.944ms, deviation=9.09555ms]
----------------------------------------------------------

----------------------------------------------------------
sample path: (IntersectionOutput) 
  order timepoint           sequence nr.                  node name     dropped samples
latency

Statistics:
  latency:                  178.45ms [min=177.514ms, max=200.03ms, average=188.859ms, deviation=10.2218ms]
----------------------------------------------------------

----------------------------------------------------------
sample path: (VehicleDBWSystem) 
  order timepoint           sequence nr.                  node name     dropped samples
bp period
latency

Statistics:
  latency:                  842.562ms [min=794.756ms, max=891.14ms, average=854.356ms, deviation=33.8551ms]
hotpath
  hot path:                 FrontLidarDriver/RearLidarDriver -> ObjectCollisionEstimator
  hot path latency:         303.182ms [min=303.182ms, max=456.352ms, average=401.406ms, deviation=60.5826ms]
  hot path drops:           1 [min=0, max=1, average=0.166667, deviation=0.408248]
  behavior planner period:  175.02ms [min=175.02ms, max=212.907ms, average=194.96ms, deviation=13.6488ms]
----------------------------------------------------------

----------------------------------------------------------
sample path: (IntersectionOutput) 
  order timepoint           sequence nr.                  node name     dropped samples
latency

Statistics:
  latency:                  159.924ms [min=159.924ms, max=200.03ms, average=184.037ms, deviation=14.9376ms]
----------------------------------------------------------

----------------------------------------------------------
sample path: (VehicleDBWSystem) 
  order timepoint           sequence nr.                  node name     dropped samples
bp period
latency

Statistics:
  latency:                  884.906ms [min=794.756ms, max=891.14ms, average=858.72ms, deviation=32.9919ms]
  behavior planner period:  187.466ms [min=175.02ms, max=212.907ms, average=193.711ms, deviation=12.5853ms]
----------------------------------------------------------

----------------------------------------------------------
sample path: (IntersectionOutput) 
  order timepoint           sequence nr.                  node name     dropped samples
latency

Statistics:
  latency:                  174.196ms [min=159.924ms, max=200.03ms, average=182.631ms, deviation=14.1342ms]
----------------------------------------------------------

----------------------------------------------------------
sample path: (VehicleDBWSystem) 
  order timepoint           sequence nr.                  node name     dropped samples
bp period
latency

Statistics:
  latency:                  1070.98ms [min=794.756ms, max=1070.98ms, average=885.253ms, deviation=81.0244ms]
hotpath
  hot path:                 FrontLidarDriver/RearLidarDriver -> ObjectCollisionEstimator
  hot path latency:         417.705ms [min=303.182ms, max=456.352ms, average=403.735ms, deviation=55.6461ms]
  hot path drops:           0 [min=0, max=1, average=0.142857, deviation=0.377964]
  behavior planner period:  172.859ms [min=172.859ms, max=212.907ms, average=190.732ms, deviation=13.9322ms]
----------------------------------------------------------

----------------------------------------------------------
sample path: (IntersectionOutput) 
  order timepoint           sequence nr.                  node name     dropped samples
latency

Statistics:
  latency:                  186.067ms [min=159.924ms, max=200.03ms, average=183.06ms, deviation=13.142ms]
----------------------------------------------------------

----------------------------------------------------------
sample path: (VehicleDBWSystem) 
  order timepoint           sequence nr.                  node name     dropped samples
bp period
latency

Statistics:
  latency:                  1095.81ms [min=794.756ms, max=1095.81ms, average=908.649ms, deviation=103.298ms]
hotpath
  hot path:                 FrontLidarDriver/RearLidarDriver -> ObjectCollisionEstimator
  hot path latency:         361.567ms [min=303.182ms, max=456.352ms, average=398.464ms, deviation=53.6321ms]
  hot path drops:           0 [min=0, max=1, average=0.125, deviation=0.353553]
  behavior planner period:  170.803ms [min=170.803ms, max=212.907ms, average=188.241ms, deviation=14.6977ms]
----------------------------------------------------------

----------------------------------------------------------
sample path: (IntersectionOutput) 
  order timepoint           sequence nr.                  node name     dropped samples
latency

Statistics:
  latency:                  202.266ms [min=159.924ms, max=202.266ms, average=185.194ms, deviation=13.8602ms]
----------------------------------------------------------

----------------------------------------------------------
sample path: (VehicleDBWSystem) 
  order timepoint           sequence nr.                  node name     dropped samples
bp period
latency

Statistics:
  latency:                  931.227ms [min=794.756ms, max=1095.81ms, average=910.907ms, deviation=97.6516ms]
hotpath
  hot path:                 FrontLidarDriver/RearLidarDriver -> ObjectCollisionEstimator
  hot path latency:         389.7ms [min=303.182ms, max=456.352ms, average=397.49ms, deviation=50.2532ms]
  hot path drops:           1 [min=0, max=1, average=0.222222, deviation=0.440959]
  behavior planner period:  182.06ms [min=170.803ms, max=212.907ms, average=187.554ms, deviation=13.902ms]
----------------------------------------------------------

----------------------------------------------------------
sample path: (IntersectionOutput) 
  order timepoint           sequence nr.                  node name     dropped samples
latency

Statistics:
  latency:                  208.328ms [min=159.924ms, max=208.328ms, average=187.508ms, deviation=14.9759ms]
----------------------------------------------------------

----------------------------------------------------------
sample path: (VehicleDBWSystem) 
  order timepoint           sequence nr.                  node name     dropped samples
bp period
latency

Statistics:
  latency:                  947.91ms [min=794.756ms, max=1095.81ms, average=914.271ms, deviation=93.3098ms]
hotpath
  hot path:                 FrontLidarDriver/RearLidarDriver -> ObjectCollisionEstimator
  hot path latency:         400.385ms [min=303.182ms, max=456.352ms, average=397.78ms, deviation=47.388ms]
  hot path drops:           0 [min=0, max=1, average=0.2, deviation=0.421637]
  behavior planner period:  212.919ms [min=170.803ms, max=212.919ms, average=190.091ms, deviation=15.3665ms]
----------------------------------------------------------

----------------------------------------------------------
sample path: (IntersectionOutput) 
  order timepoint           sequence nr.                  node name     dropped samples
latency

Statistics:
  latency:                  176.567ms [min=159.924ms, max=208.328ms, average=186.513ms, deviation=14.5853ms]
----------------------------------------------------------

----------------------------------------------------------
sample path: (VehicleDBWSystem) 
  order timepoint           sequence nr.                  node name     dropped samples
bp period
latency

Statistics:
  latency:                  920.44ms [min=794.756ms, max=1095.81ms, average=914.785ms, deviation=88.9853ms]
hotpath
  hot path:                 FrontLidarDriver/RearLidarDriver -> ObjectCollisionEstimator
  hot path latency:         430.127ms [min=303.182ms, max=456.352ms, average=400.72ms, deviation=46.002ms]
  hot path drops:           0 [min=0, max=1, average=0.181818, deviation=0.40452]
  behavior planner period:  197.78ms [min=170.803ms, max=212.919ms, average=190.79ms, deviation=14.7611ms]
----------------------------------------------------------

----------------------------------------------------------
sample path: (IntersectionOutput) 
  order timepoint           sequence nr.                  node name     dropped samples
latency

Statistics:
  latency:                  146.657ms [min=146.657ms, max=208.328ms, average=183.192ms, deviation=18.049ms]
----------------------------------------------------------

----------------------------------------------------------
sample path: (IntersectionOutput) 
  order timepoint           sequence nr.                  node name     dropped samples
latency

Statistics:
  latency:                  182.153ms [min=146.657ms, max=208.328ms, average=183.112ms, deviation=17.283ms]
----------------------------------------------------------

----------------------------------------------------------
sample path: (VehicleDBWSystem) 
  order timepoint           sequence nr.                  node name     dropped samples
bp period
latency

Statistics:
  latency:                  1034.82ms [min=794.756ms, max=1095.81ms, average=924.019ms, deviation=91.4709ms]
hotpath
  hot path:                 FrontLidarDriver/RearLidarDriver -> ObjectCollisionEstimator
  hot path latency:         317.373ms [min=303.182ms, max=456.352ms, average=393.775ms, deviation=50.027ms]
  hot path drops:           1 [min=0, max=1, average=0.25, deviation=0.452267]
  behavior planner period:  226.435ms [min=170.803ms, max=226.435ms, average=193.76ms, deviation=17.4345ms]
----------------------------------------------------------

----------------------------------------------------------
sample path: (IntersectionOutput) 
  order timepoint           sequence nr.                  node name     dropped samples
latency

Statistics:
  latency:                  197.667ms [min=146.657ms, max=208.328ms, average=184.151ms, deviation=17.0545ms]
----------------------------------------------------------

----------------------------------------------------------
sample path: (VehicleDBWSystem) 
  order timepoint           sequence nr.                  node name     dropped samples
bp period
latency

Statistics:
  latency:                  1031.58ms [min=794.756ms, max=1095.81ms, average=931.701ms, deviation=92.4646ms]
hotpath
  hot path:                 FrontLidarDriver/RearLidarDriver -> ObjectCollisionEstimator
  hot path latency:         380.013ms [min=303.182ms, max=456.352ms, average=392.716ms, deviation=48.049ms]
  hot path drops:           0 [min=0, max=1, average=0.230769, deviation=0.438529]
  behavior planner period:  182.334ms [min=170.803ms, max=226.435ms, average=192.881ms, deviation=16.9905ms]
----------------------------------------------------------

----------------------------------------------------------
sample path: (IntersectionOutput) 
  order timepoint           sequence nr.                  node name     dropped samples
latency

Statistics:
  latency:                  199.137ms [min=146.657ms, max=208.328ms, average=185.15ms, deviation=16.8835ms]
----------------------------------------------------------

----------------------------------------------------------
sample path: (VehicleDBWSystem) 
  order timepoint           sequence nr.                  node name     dropped samples
bp period
latency

Statistics:
  latency:                  1015.95ms [min=794.756ms, max=1095.81ms, average=937.318ms, deviation=91.7182ms]
hotpath
  hot path:                 FrontLidarDriver/RearLidarDriver -> ObjectCollisionEstimator
  hot path latency:         388.728ms [min=303.182ms, max=456.352ms, average=392.431ms, deviation=46.1763ms]
  hot path drops:           0 [min=0, max=1, average=0.214286, deviation=0.425815]
  behavior planner period:  188.796ms [min=170.803ms, max=226.435ms, average=192.589ms, deviation=16.3604ms]
----------------------------------------------------------

----------------------------------------------------------
sample path: (IntersectionOutput) 
  order timepoint           sequence nr.                  node name     dropped samples
latency

Statistics:
  latency:                  192.805ms [min=146.657ms, max=208.328ms, average=185.629ms, deviation=16.4228ms]
----------------------------------------------------------

----------------------------------------------------------
sample path: (VehicleDBWSystem) 
  order timepoint           sequence nr.                  node name     dropped samples
bp period
latency

Statistics:
  latency:                  1033.94ms [min=794.756ms, max=1095.81ms, average=943.357ms, deviation=91.842ms]
hotpath
  hot path:                 FrontLidarDriver/RearLidarDriver -> ObjectCollisionEstimator
  hot path latency:         443.129ms [min=303.182ms, max=456.352ms, average=395.811ms, deviation=46.3821ms]
  hot path drops:           0 [min=0, max=1, average=0.2, deviation=0.414039]
  behavior planner period:  196.941ms [min=170.803ms, max=226.435ms, average=192.879ms, deviation=15.8052ms]
----------------------------------------------------------

----------------------------------------------------------
sample path: (IntersectionOutput) 
  order timepoint           sequence nr.                  node name     dropped samples
latency

Statistics:
  latency:                  194.574ms [min=146.657ms, max=208.328ms, average=186.155ms, deviation=16.0487ms]
----------------------------------------------------------

----------------------------------------------------------
sample path: (VehicleDBWSystem) 
  order timepoint           sequence nr.                  node name     dropped samples
bp period
latency

Statistics:
  latency:                  1059.86ms [min=794.756ms, max=1095.81ms, average=950.21ms, deviation=93.3068ms]
hotpath
  hot path:                 FrontLidarDriver/RearLidarDriver -> ObjectCollisionEstimator
  hot path latency:         453.454ms [min=303.182ms, max=456.352ms, average=399.414ms, deviation=47.0697ms]
  hot path drops:           0 [min=0, max=1, average=0.1875, deviation=0.403113]
  behavior planner period:  204.128ms [min=170.803ms, max=226.435ms, average=193.582ms, deviation=15.5261ms]
----------------------------------------------------------

----------------------------------------------------------
sample path: (IntersectionOutput) 
  order timepoint           sequence nr.                  node name     dropped samples
latency

Statistics:
  latency:                  172.724ms [min=146.657ms, max=208.328ms, average=185.409ms, deviation=15.8881ms]
----------------------------------------------------------

----------------------------------------------------------
sample path: (VehicleDBWSystem) 
  order timepoint           sequence nr.                  node name     dropped samples
bp period
latency

Statistics:
  latency:                  1050.89ms [min=794.756ms, max=1095.81ms, average=955.804ms, deviation=93.58ms]
hotpath
  hot path:                 FrontLidarDriver/RearLidarDriver -> ObjectCollisionEstimator
  hot path latency:         458.343ms [min=303.182ms, max=458.343ms, average=402.88ms, deviation=47.7636ms]
  hot path drops:           0 [min=0, max=1, average=0.176471, deviation=0.392953]
  behavior planner period:  173.554ms [min=170.803ms, max=226.435ms, average=192.404ms, deviation=15.7984ms]
----------------------------------------------------------

----------------------------------------------------------
sample path: (IntersectionOutput) 
  order timepoint           sequence nr.                  node name     dropped samples
latency

Statistics:
  latency:                  173.306ms [min=146.657ms, max=208.328ms, average=184.772ms, deviation=15.6881ms]
----------------------------------------------------------

----------------------------------------------------------
sample path: (VehicleDBWSystem) 
  order timepoint           sequence nr.                  node name     dropped samples
bp period
latency

Statistics:
  latency:                  1071.17ms [min=794.756ms, max=1095.81ms, average=961.876ms, deviation=94.7165ms]
hotpath
  hot path:                 FrontLidarDriver/RearLidarDriver -> ObjectCollisionEstimator
  hot path latency:         445.647ms [min=303.182ms, max=458.343ms, average=405.256ms, deviation=47.4212ms]
  hot path drops:           0 [min=0, max=1, average=0.166667, deviation=0.383482]
  behavior planner period:  170.934ms [min=170.803ms, max=226.435ms, average=191.212ms, deviation=16.1405ms]
----------------------------------------------------------

----------------------------------------------------------
sample path: (IntersectionOutput) 
  order timepoint           sequence nr.                  node name     dropped samples
latency

Statistics:
  latency:                  208.934ms [min=146.657ms, max=208.934ms, average=185.98ms, deviation=16.1973ms]
----------------------------------------------------------

----------------------------------------------------------
sample path: (VehicleDBWSystem) 
  order timepoint           sequence nr.                  node name     dropped samples
bp period
latency

Statistics:
  latency:                  1067.69ms [min=794.756ms, max=1095.81ms, average=967.167ms, deviation=95.1781ms]
hotpath
  hot path:                 FrontLidarDriver/RearLidarDriver -> ObjectCollisionEstimator
  hot path latency:         421.989ms [min=303.182ms, max=458.343ms, average=406.137ms, deviation=46.2448ms]
  hot path drops:           0 [min=0, max=1, average=0.157895, deviation=0.374634]
  behavior planner period:  193.572ms [min=170.803ms, max=226.435ms, average=191.336ms, deviation=15.6951ms]
----------------------------------------------------------

----------------------------------------------------------
sample path: (IntersectionOutput) 
  order timepoint           sequence nr.                  node name     dropped samples
latency

Statistics:
  latency:                  193.412ms [min=146.657ms, max=208.934ms, average=186.334ms, deviation=15.8703ms]
----------------------------------------------------------

----------------------------------------------------------
sample path: (IntersectionOutput) 
  order timepoint           sequence nr.                  node name     dropped samples
latency

Statistics:
  latency:                  214.5ms [min=146.657ms, max=214.5ms, average=187.614ms, deviation=16.6112ms]
----------------------------------------------------------

----------------------------------------------------------
sample path: (VehicleDBWSystem) 
  order timepoint           sequence nr.                  node name     dropped samples
bp period
latency

Statistics:
  latency:                  962.35ms [min=794.756ms, max=1095.81ms, average=966.937ms, deviation=92.7741ms]
hotpath
  hot path:                 FrontLidarDriver/RearLidarDriver -> ObjectCollisionEstimator
  hot path latency:         472.002ms [min=303.182ms, max=472.002ms, average=409.43ms, deviation=47.3596ms]
  hot path drops:           0 [min=0, max=1, average=0.15, deviation=0.366348]
  behavior planner period:  197.762ms [min=170.803ms, max=226.435ms, average=191.657ms, deviation=15.3439ms]
----------------------------------------------------------

