----------------------------------------------------------
sample path: (VehicleDBWSystem) 
  order timepoint           sequence nr.                  node name     dropped samples
latency

Statistics:
  latency:                  163.887ms [min=163.887ms, max=163.887ms, average=163.887ms, deviation=-nanms]
hotpath
  hot path:                 FrontLidarDriver/RearLidarDriver -> ObjectCollisionEstimator
  hot path latency:         76.5933ms [min=76.5933ms, max=76.5933ms, average=76.5933ms, deviation=-nanms]
  hot path drops:           0 [min=0, max=0, average=0, deviation=-nan]
  behavior planner period:  0ms [min=1.84467e+13ms, max=0ms, average=0ms, deviation=0ms]
----------------------------------------------------------

----------------------------------------------------------
sample path: (IntersectionOutput) 
  order timepoint           sequence nr.                  node name     dropped samples
latency

Statistics:
  latency:                  11.604ms [min=11.604ms, max=11.604ms, average=11.604ms, deviation=-nanms]
----------------------------------------------------------

----------------------------------------------------------
sample path: (IntersectionOutput) 
  order timepoint           sequence nr.                  node name     dropped samples
latency

Statistics:
  latency:                  9.82409ms [min=9.82409ms, max=11.604ms, average=10.714ms, deviation=1.25859ms]
----------------------------------------------------------

----------------------------------------------------------
sample path: (IntersectionOutput) 
  order timepoint           sequence nr.                  node name     dropped samples
latency

Statistics:
  latency:                  38.4505ms [min=9.82409ms, max=38.4505ms, average=19.9595ms, deviation=16.0384ms]
----------------------------------------------------------

----------------------------------------------------------
sample path: (VehicleDBWSystem) 
  order timepoint           sequence nr.                  node name     dropped samples
bp period
latency

Statistics:
  latency:                  155.508ms [min=155.508ms, max=163.887ms, average=159.697ms, deviation=5.92476ms]
hotpath
  hot path:                 FrontLidarDriver/RearLidarDriver -> ObjectCollisionEstimator
  hot path latency:         67.5951ms [min=67.5951ms, max=76.5933ms, average=72.0942ms, deviation=6.36267ms]
  hot path drops:           0 [min=0, max=0, average=0, deviation=0]
  behavior planner period:  97.2165ms [min=97.2165ms, max=97.2165ms, average=97.2165ms, deviation=-nanms]
----------------------------------------------------------

----------------------------------------------------------
sample path: (IntersectionOutput) 
  order timepoint           sequence nr.                  node name     dropped samples
latency

Statistics:
  latency:                  11.4004ms [min=9.82409ms, max=38.4505ms, average=17.8198ms, deviation=13.7768ms]
----------------------------------------------------------

----------------------------------------------------------
sample path: (IntersectionOutput) 
  order timepoint           sequence nr.                  node name     dropped samples
latency

Statistics:
  latency:                  9.80789ms [min=9.80789ms, max=38.4505ms, average=16.2174ms, deviation=12.4575ms]
----------------------------------------------------------

----------------------------------------------------------
sample path: (IntersectionOutput) 
  order timepoint           sequence nr.                  node name     dropped samples
latency

Statistics:
  latency:                  47.8733ms [min=9.80789ms, max=47.8733ms, average=21.4934ms, deviation=17.0636ms]
----------------------------------------------------------

----------------------------------------------------------
sample path: (VehicleDBWSystem) 
  order timepoint           sequence nr.                  node name     dropped samples
bp period
latency

Statistics:
  latency:                  243.651ms [min=155.508ms, max=243.651ms, average=187.682ms, deviation=48.6514ms]
hotpath
  hot path:                 FrontLidarDriver/RearLidarDriver -> ObjectCollisionEstimator
  hot path latency:         65.3356ms [min=65.3356ms, max=76.5933ms, average=69.8413ms, deviation=5.95551ms]
  hot path drops:           0 [min=0, max=0, average=0, deviation=0]
  behavior planner period:  98.3252ms [min=97.2165ms, max=98.3252ms, average=97.7709ms, deviation=0.783906ms]
----------------------------------------------------------

----------------------------------------------------------
sample path: (IntersectionOutput) 
  order timepoint           sequence nr.                  node name     dropped samples
latency

Statistics:
  latency:                  12.947ms [min=9.80789ms, max=47.8733ms, average=20.2725ms, deviation=15.9083ms]
----------------------------------------------------------

----------------------------------------------------------
sample path: (IntersectionOutput) 
  order timepoint           sequence nr.                  node name     dropped samples
latency

Statistics:
  latency:                  9.80549ms [min=9.80549ms, max=47.8733ms, average=18.9641ms, deviation=15.186ms]
----------------------------------------------------------

----------------------------------------------------------
sample path: (VehicleDBWSystem) 
  order timepoint           sequence nr.                  node name     dropped samples
bp period
latency

Statistics:
  latency:                  223.368ms [min=155.508ms, max=243.651ms, average=196.604ms, deviation=43.5471ms]
hotpath
  hot path:                 FrontLidarDriver/RearLidarDriver -> ObjectCollisionEstimator
  hot path latency:         66.8528ms [min=65.3356ms, max=76.5933ms, average=69.0942ms, deviation=5.08706ms]
  hot path drops:           0 [min=0, max=0, average=0, deviation=0]
  behavior planner period:  98.288ms [min=97.2165ms, max=98.3252ms, average=97.9432ms, deviation=0.629592ms]
----------------------------------------------------------

----------------------------------------------------------
sample path: (IntersectionOutput) 
  order timepoint           sequence nr.                  node name     dropped samples
latency

Statistics:
  latency:                  46.2936ms [min=9.80549ms, max=47.8733ms, average=22.0007ms, deviation=16.8754ms]
----------------------------------------------------------

----------------------------------------------------------
sample path: (IntersectionOutput) 
  order timepoint           sequence nr.                  node name     dropped samples
latency

Statistics:
  latency:                  19.2963ms [min=9.80549ms, max=47.8733ms, average=21.7303ms, deviation=15.9332ms]
----------------------------------------------------------

----------------------------------------------------------
sample path: (IntersectionOutput) 
  order timepoint           sequence nr.                  node name     dropped samples
latency

Statistics:
  latency:                  9.77498ms [min=9.77498ms, max=47.8733ms, average=20.6434ms, deviation=15.5394ms]
----------------------------------------------------------

----------------------------------------------------------
sample path: (IntersectionOutput) 
  order timepoint           sequence nr.                  node name     dropped samples
latency

Statistics:
  latency:                  38.29ms [min=9.77498ms, max=47.8733ms, average=22.114ms, deviation=15.6675ms]
----------------------------------------------------------

----------------------------------------------------------
sample path: (VehicleDBWSystem) 
  order timepoint           sequence nr.                  node name     dropped samples
bp period
latency

Statistics:
  latency:                  213.364ms [min=155.508ms, max=243.651ms, average=199.956ms, deviation=38.4506ms]
hotpath
  hot path:                 FrontLidarDriver/RearLidarDriver -> ObjectCollisionEstimator
  hot path latency:         66.518ms [min=65.3356ms, max=76.5933ms, average=68.5789ms, deviation=4.55368ms]
  hot path drops:           0 [min=0, max=0, average=0, deviation=0]
  behavior planner period:  96.3483ms [min=96.3483ms, max=98.3252ms, average=97.5445ms, deviation=0.948773ms]
----------------------------------------------------------

----------------------------------------------------------
sample path: (IntersectionOutput) 
  order timepoint           sequence nr.                  node name     dropped samples
latency

Statistics:
  latency:                  31.9137ms [min=9.77498ms, max=47.8733ms, average=22.8678ms, deviation=15.2448ms]
----------------------------------------------------------

----------------------------------------------------------
sample path: (IntersectionOutput) 
  order timepoint           sequence nr.                  node name     dropped samples
latency

Statistics:
  latency:                  19.3904ms [min=9.77498ms, max=47.8733ms, average=22.6194ms, deviation=14.6762ms]
----------------------------------------------------------

----------------------------------------------------------
sample path: (IntersectionOutput) 
  order timepoint           sequence nr.                  node name     dropped samples
latency

Statistics:
  latency:                  9.91059ms [min=9.77498ms, max=47.8733ms, average=21.7722ms, deviation=14.518ms]
----------------------------------------------------------

----------------------------------------------------------
sample path: (IntersectionOutput) 
  order timepoint           sequence nr.                  node name     dropped samples
latency

Statistics:
  latency:                  28.791ms [min=9.77498ms, max=47.8733ms, average=22.2108ms, deviation=14.1351ms]
----------------------------------------------------------

----------------------------------------------------------
sample path: (VehicleDBWSystem) 
  order timepoint           sequence nr.                  node name     dropped samples
bp period
latency

Statistics:
  latency:                  151.528ms [min=151.528ms, max=243.651ms, average=191.884ms, deviation=39.669ms]
hotpath
  hot path:                 FrontLidarDriver/RearLidarDriver -> ObjectCollisionEstimator
  hot path latency:         60.8938ms [min=60.8938ms, max=76.5933ms, average=67.2981ms, deviation=5.14123ms]
  hot path drops:           0 [min=0, max=0, average=0, deviation=0]
  behavior planner period:  100.018ms [min=96.3483ms, max=100.018ms, average=98.0393ms, deviation=1.37813ms]
----------------------------------------------------------

----------------------------------------------------------
sample path: (IntersectionOutput) 
  order timepoint           sequence nr.                  node name     dropped samples
latency

Statistics:
  latency:                  29.1763ms [min=9.77498ms, max=47.8733ms, average=22.6206ms, deviation=13.7901ms]
----------------------------------------------------------

----------------------------------------------------------
sample path: (IntersectionOutput) 
  order timepoint           sequence nr.                  node name     dropped samples
latency

Statistics:
  latency:                  9.85479ms [min=9.77498ms, max=47.8733ms, average=21.9113ms, deviation=13.7125ms]
----------------------------------------------------------

----------------------------------------------------------
sample path: (IntersectionOutput) 
  order timepoint           sequence nr.                  node name     dropped samples
latency

Statistics:
  latency:                  10.8521ms [min=9.77498ms, max=47.8733ms, average=21.3293ms, deviation=13.5656ms]
----------------------------------------------------------

----------------------------------------------------------
sample path: (IntersectionOutput) 
  order timepoint           sequence nr.                  node name     dropped samples
latency

Statistics:
  latency:                  33.6429ms [min=9.77498ms, max=47.8733ms, average=21.945ms, deviation=13.4878ms]
----------------------------------------------------------

----------------------------------------------------------
sample path: (VehicleDBWSystem) 
  order timepoint           sequence nr.                  node name     dropped samples
bp period
latency

Statistics:
  latency:                  154.691ms [min=151.528ms, max=243.651ms, average=186.571ms, deviation=38.8456ms]
hotpath
  hot path:                 FrontLidarDriver/RearLidarDriver -> ObjectCollisionEstimator
  hot path latency:         51.6279ms [min=51.6279ms, max=76.5933ms, average=65.0595ms, deviation=7.55688ms]
  hot path drops:           0 [min=0, max=0, average=0, deviation=0]
  behavior planner period:  99.9984ms [min=96.3483ms, max=100.018ms, average=98.3658ms, deviation=1.46937ms]
----------------------------------------------------------

----------------------------------------------------------
sample path: (IntersectionOutput) 
  order timepoint           sequence nr.                  node name     dropped samples
latency

Statistics:
  latency:                  28.9302ms [min=9.77498ms, max=47.8733ms, average=22.2776ms, deviation=13.2343ms]
----------------------------------------------------------

----------------------------------------------------------
sample path: (IntersectionOutput) 
  order timepoint           sequence nr.                  node name     dropped samples
latency

Statistics:
  latency:                  9.85669ms [min=9.77498ms, max=47.8733ms, average=21.713ms, deviation=13.1841ms]
----------------------------------------------------------

----------------------------------------------------------
sample path: (IntersectionOutput) 
  order timepoint           sequence nr.                  node name     dropped samples
latency

Statistics:
  latency:                  9.79119ms [min=9.77498ms, max=47.8733ms, average=21.1947ms, deviation=13.1186ms]
----------------------------------------------------------

----------------------------------------------------------
sample path: (IntersectionOutput) 
  order timepoint           sequence nr.                  node name     dropped samples
latency

Statistics:
  latency:                  38.3852ms [min=9.77498ms, max=47.8733ms, average=21.9109ms, deviation=13.3015ms]
----------------------------------------------------------

----------------------------------------------------------
sample path: (VehicleDBWSystem) 
  order timepoint           sequence nr.                  node name     dropped samples
bp period
latency

Statistics:
  latency:                  156.551ms [min=151.528ms, max=243.651ms, average=182.819ms, deviation=37.4975ms]
hotpath
  hot path:                 FrontLidarDriver/RearLidarDriver -> ObjectCollisionEstimator
  hot path latency:         56.2489ms [min=51.6279ms, max=76.5933ms, average=63.9582ms, deviation=7.65844ms]
  hot path drops:           0 [min=0, max=0, average=0, deviation=0]
  behavior planner period:  101.035ms [min=96.3483ms, max=101.035ms, average=98.7472ms, deviation=1.67848ms]
----------------------------------------------------------

----------------------------------------------------------
sample path: (IntersectionOutput) 
  order timepoint           sequence nr.                  node name     dropped samples
latency

Statistics:
  latency:                  19.4016ms [min=9.77498ms, max=47.8733ms, average=21.8106ms, deviation=13.0311ms]
----------------------------------------------------------

----------------------------------------------------------
sample path: (IntersectionOutput) 
  order timepoint           sequence nr.                  node name     dropped samples
latency

Statistics:
  latency:                  17.9183ms [min=9.77498ms, max=47.8733ms, average=21.6609ms, deviation=12.7906ms]
----------------------------------------------------------

----------------------------------------------------------
sample path: (IntersectionOutput) 
  order timepoint           sequence nr.                  node name     dropped samples
latency

Statistics:
  latency:                  9.77558ms [min=9.77498ms, max=47.8733ms, average=21.2207ms, deviation=12.7491ms]
----------------------------------------------------------

----------------------------------------------------------
sample path: (IntersectionOutput) 
  order timepoint           sequence nr.                  node name     dropped samples
latency

Statistics:
  latency:                  48.0899ms [min=9.77498ms, max=48.0899ms, average=22.1803ms, deviation=13.502ms]
----------------------------------------------------------

----------------------------------------------------------
sample path: (VehicleDBWSystem) 
  order timepoint           sequence nr.                  node name     dropped samples
bp period
latency

Statistics:
  latency:                  256.491ms [min=151.528ms, max=256.491ms, average=191.004ms, deviation=42.818ms]
hotpath
  hot path:                 FrontLidarDriver/RearLidarDriver -> ObjectCollisionEstimator
  hot path latency:         67.6815ms [min=51.6279ms, max=76.5933ms, average=64.3719ms, deviation=7.27053ms]
  hot path drops:           0 [min=0, max=0, average=0, deviation=0]
  behavior planner period:  104.187ms [min=96.3483ms, max=104.187ms, average=99.4271ms, deviation=2.47253ms]
----------------------------------------------------------

----------------------------------------------------------
sample path: (IntersectionOutput) 
  order timepoint           sequence nr.                  node name     dropped samples
latency

Statistics:
  latency:                  14.2036ms [min=9.77498ms, max=48.0899ms, average=21.9052ms, deviation=13.3412ms]
----------------------------------------------------------

----------------------------------------------------------
sample path: (IntersectionOutput) 
  order timepoint           sequence nr.                  node name     dropped samples
latency

Statistics:
  latency:                  9.81819ms [min=9.77498ms, max=48.0899ms, average=21.5023ms, deviation=13.2936ms]
----------------------------------------------------------

----------------------------------------------------------
sample path: (VehicleDBWSystem) 
  order timepoint           sequence nr.                  node name     dropped samples
bp period
latency

Statistics:
  latency:                  214.282ms [min=151.528ms, max=256.491ms, average=193.332ms, deviation=41.0348ms]
hotpath
  hot path:                 FrontLidarDriver/RearLidarDriver -> ObjectCollisionEstimator
  hot path latency:         68.0984ms [min=51.6279ms, max=76.5933ms, average=64.7445ms, deviation=6.95528ms]
  hot path drops:           0 [min=0, max=0, average=0, deviation=0]
  behavior planner period:  98.6232ms [min=96.3483ms, max=104.187ms, average=99.3378ms, deviation=2.32831ms]
----------------------------------------------------------

----------------------------------------------------------
sample path: (IntersectionOutput) 
  order timepoint           sequence nr.                  node name     dropped samples
latency

Statistics:
  latency:                  40.5003ms [min=9.77498ms, max=48.0899ms, average=22.1152ms, deviation=13.5082ms]
----------------------------------------------------------

----------------------------------------------------------
sample path: (IntersectionOutput) 
  order timepoint           sequence nr.                  node name     dropped samples
latency

Statistics:
  latency:                  19.3285ms [min=9.77498ms, max=48.0899ms, average=22.0281ms, deviation=13.2976ms]
----------------------------------------------------------

----------------------------------------------------------
sample path: (IntersectionOutput) 
  order timepoint           sequence nr.                  node name     dropped samples
latency

Statistics:
  latency:                  9.90949ms [min=9.77498ms, max=48.0899ms, average=21.6608ms, deviation=13.2571ms]
----------------------------------------------------------

----------------------------------------------------------
sample path: (IntersectionOutput) 
  order timepoint           sequence nr.                  node name     dropped samples
latency

Statistics:
  latency:                  38.4621ms [min=9.77498ms, max=48.0899ms, average=22.155ms, deviation=13.3689ms]
----------------------------------------------------------

----------------------------------------------------------
sample path: (VehicleDBWSystem) 
  order timepoint           sequence nr.                  node name     dropped samples
bp period
latency

Statistics:
  latency:                  213.557ms [min=151.528ms, max=256.491ms, average=195.171ms, deviation=39.4037ms]
hotpath
  hot path:                 FrontLidarDriver/RearLidarDriver -> ObjectCollisionEstimator
  hot path latency:         65.0527ms [min=51.6279ms, max=76.5933ms, average=64.7725ms, deviation=6.59901ms]
  hot path drops:           0 [min=0, max=0, average=0, deviation=0]
  behavior planner period:  96.09ms [min=96.09ms, max=104.187ms, average=99.013ms, deviation=2.42353ms]
----------------------------------------------------------

----------------------------------------------------------
sample path: (IntersectionOutput) 
  order timepoint           sequence nr.                  node name     dropped samples
latency

Statistics:
  latency:                  32.169ms [min=9.77498ms, max=48.0899ms, average=22.4411ms, deviation=13.2792ms]
----------------------------------------------------------

----------------------------------------------------------
sample path: (IntersectionOutput) 
  order timepoint           sequence nr.                  node name     dropped samples
latency

Statistics:
  latency:                  19.6121ms [min=9.77498ms, max=48.0899ms, average=22.3625ms, deviation=13.0966ms]
----------------------------------------------------------

----------------------------------------------------------
sample path: (IntersectionOutput) 
  order timepoint           sequence nr.                  node name     dropped samples
latency

Statistics:
  latency:                  9.87839ms [min=9.77498ms, max=48.0899ms, average=22.0251ms, deviation=13.0755ms]
----------------------------------------------------------

----------------------------------------------------------
sample path: (IntersectionOutput) 
  order timepoint           sequence nr.                  node name     dropped samples
latency

Statistics:
  latency:                  40.0806ms [min=9.77498ms, max=48.0899ms, average=22.5003ms, deviation=13.226ms]
----------------------------------------------------------

----------------------------------------------------------
sample path: (VehicleDBWSystem) 
  order timepoint           sequence nr.                  node name     dropped samples
bp period
latency

Statistics:
  latency:                  164.714ms [min=151.528ms, max=256.491ms, average=192.633ms, deviation=38.585ms]
hotpath
  hot path:                 FrontLidarDriver/RearLidarDriver -> ObjectCollisionEstimator
  hot path latency:         61.1571ms [min=51.6279ms, max=76.5933ms, average=64.4712ms, deviation=6.37788ms]
  hot path drops:           0 [min=0, max=0, average=0, deviation=0]
  behavior planner period:  100.149ms [min=96.09ms, max=104.187ms, average=99.1163ms, deviation=2.32454ms]
----------------------------------------------------------

----------------------------------------------------------
sample path: (IntersectionOutput) 
  order timepoint           sequence nr.                  node name     dropped samples
latency

Statistics:
  latency:                  29.2057ms [min=9.77498ms, max=48.0899ms, average=22.6722ms, deviation=13.0949ms]
----------------------------------------------------------

----------------------------------------------------------
sample path: (IntersectionOutput) 
  order timepoint           sequence nr.                  node name     dropped samples
latency

Statistics:
  latency:                  14.1485ms [min=9.77498ms, max=48.0899ms, average=22.4591ms, deviation=12.996ms]
----------------------------------------------------------

----------------------------------------------------------
sample path: (IntersectionOutput) 
  order timepoint           sequence nr.                  node name     dropped samples
latency

Statistics:
  latency:                  9.75328ms [min=9.75328ms, max=48.0899ms, average=22.1492ms, deviation=12.985ms]
----------------------------------------------------------

----------------------------------------------------------
sample path: (IntersectionOutput) 
  order timepoint           sequence nr.                  node name     dropped samples
latency

Statistics:
  latency:                  31.7822ms [min=9.75328ms, max=48.0899ms, average=22.3786ms, deviation=12.9115ms]
----------------------------------------------------------

----------------------------------------------------------
sample path: (VehicleDBWSystem) 
  order timepoint           sequence nr.                  node name     dropped samples
bp period
latency

Statistics:
  latency:                  169.49ms [min=151.528ms, max=256.491ms, average=190.852ms, deviation=37.4958ms]
hotpath
  hot path:                 FrontLidarDriver/RearLidarDriver -> ObjectCollisionEstimator
  hot path latency:         61.6626ms [min=51.6279ms, max=76.5933ms, average=64.2552ms, deviation=6.15584ms]
  hot path drops:           0 [min=0, max=0, average=0, deviation=0]
  behavior planner period:  104.992ms [min=96.09ms, max=104.992ms, average=99.6059ms, deviation=2.79086ms]
----------------------------------------------------------

----------------------------------------------------------
sample path: (IntersectionOutput) 
  order timepoint           sequence nr.                  node name     dropped samples
latency

Statistics:
  latency:                  29.0275ms [min=9.75328ms, max=48.0899ms, average=22.5332ms, deviation=12.7971ms]
----------------------------------------------------------

----------------------------------------------------------
sample path: (IntersectionOutput) 
  order timepoint           sequence nr.                  node name     dropped samples
latency

Statistics:
  latency:                  12.8637ms [min=9.75328ms, max=48.0899ms, average=22.3134ms, deviation=12.7312ms]
----------------------------------------------------------

----------------------------------------------------------
sample path: (IntersectionOutput) 
  order timepoint           sequence nr.                  node name     dropped samples
latency

Statistics:
  latency:                  9.76449ms [min=9.75328ms, max=48.0899ms, average=22.0346ms, deviation=12.724ms]
----------------------------------------------------------

----------------------------------------------------------
sample path: (IntersectionOutput) 
  order timepoint           sequence nr.                  node name     dropped samples
latency

Statistics:
  latency:                  38.6241ms [min=9.75328ms, max=48.0899ms, average=22.3952ms, deviation=12.8173ms]
----------------------------------------------------------

----------------------------------------------------------
sample path: (VehicleDBWSystem) 
  order timepoint           sequence nr.                  node name     dropped samples
bp period
latency

Statistics:
  latency:                  158.533ms [min=151.528ms, max=256.491ms, average=188.544ms, deviation=37.0459ms]
hotpath
  hot path:                 FrontLidarDriver/RearLidarDriver -> ObjectCollisionEstimator
  hot path latency:         54.6794ms [min=51.6279ms, max=76.5933ms, average=63.5712ms, deviation=6.44431ms]
  hot path drops:           0 [min=0, max=0, average=0, deviation=0]
  behavior planner period:  96.4913ms [min=96.09ms, max=104.992ms, average=99.3663ms, deviation=2.8082ms]
----------------------------------------------------------

----------------------------------------------------------
sample path: (IntersectionOutput) 
  order timepoint           sequence nr.                  node name     dropped samples
latency

Statistics:
  latency:                  19.4986ms [min=9.75328ms, max=48.0899ms, average=22.3336ms, deviation=12.6843ms]
----------------------------------------------------------

----------------------------------------------------------
sample path: (IntersectionOutput) 
  order timepoint           sequence nr.                  node name     dropped samples
latency

Statistics:
  latency:                  19.1223ms [min=9.75328ms, max=48.0899ms, average=22.2667ms, deviation=12.5572ms]
----------------------------------------------------------

----------------------------------------------------------
sample path: (IntersectionOutput) 
  order timepoint           sequence nr.                  node name     dropped samples
latency

Statistics:
  latency:                  9.76849ms [min=9.75328ms, max=48.0899ms, average=22.0116ms, deviation=12.5533ms]
----------------------------------------------------------

----------------------------------------------------------
sample path: (IntersectionOutput) 
  order timepoint           sequence nr.                  node name     dropped samples
latency

Statistics:
  latency:                  48.2833ms [min=9.75328ms, max=48.2833ms, average=22.537ms, deviation=12.9682ms]
----------------------------------------------------------

----------------------------------------------------------
sample path: (VehicleDBWSystem) 
  order timepoint           sequence nr.                  node name     dropped samples
bp period
latency

Statistics:
  latency:                  255.511ms [min=151.528ms, max=256.491ms, average=193.008ms, deviation=39.6654ms]
hotpath
  hot path:                 FrontLidarDriver/RearLidarDriver -> ObjectCollisionEstimator
  hot path latency:         68.3032ms [min=51.6279ms, max=76.5933ms, average=63.8867ms, deviation=6.32895ms]
  hot path drops:           0 [min=0, max=0, average=0, deviation=0]
  behavior planner period:  103.611ms [min=96.09ms, max=104.992ms, average=99.6695ms, deviation=2.92681ms]
----------------------------------------------------------

----------------------------------------------------------
sample path: (IntersectionOutput) 
  order timepoint           sequence nr.                  node name     dropped samples
latency

Statistics:
  latency:                  13.1521ms [min=9.75328ms, max=48.2833ms, average=22.353ms, deviation=12.9049ms]
----------------------------------------------------------

----------------------------------------------------------
sample path: (IntersectionOutput) 
  order timepoint           sequence nr.                  node name     dropped samples
latency

Statistics:
  latency:                  10.1914ms [min=9.75328ms, max=48.2833ms, average=22.1191ms, deviation=12.8886ms]
----------------------------------------------------------

----------------------------------------------------------
sample path: (VehicleDBWSystem) 
  order timepoint           sequence nr.                  node name     dropped samples
bp period
latency

Statistics:
  latency:                  214.503ms [min=151.528ms, max=256.491ms, average=194.352ms, deviation=38.6954ms]
hotpath
  hot path:                 FrontLidarDriver/RearLidarDriver -> ObjectCollisionEstimator
  hot path latency:         67.5768ms [min=51.6279ms, max=76.5933ms, average=64.1173ms, deviation=6.18355ms]
  hot path drops:           0 [min=0, max=0, average=0, deviation=0]
  behavior planner period:  98.708ms [min=96.09ms, max=104.992ms, average=99.6054ms, deviation=2.83125ms]
----------------------------------------------------------

----------------------------------------------------------
sample path: (IntersectionOutput) 
  order timepoint           sequence nr.                  node name     dropped samples
latency

Statistics:
  latency:                  41.4426ms [min=9.75328ms, max=48.2833ms, average=22.4837ms, deviation=13.0371ms]
----------------------------------------------------------

----------------------------------------------------------
sample path: (IntersectionOutput) 
  order timepoint           sequence nr.                  node name     dropped samples
latency

Statistics:
  latency:                  19.4543ms [min=9.75328ms, max=48.2833ms, average=22.4276ms, deviation=12.9201ms]
----------------------------------------------------------

----------------------------------------------------------
sample path: (IntersectionOutput) 
  order timepoint           sequence nr.                  node name     dropped samples
latency

Statistics:
  latency:                  9.86109ms [min=9.75328ms, max=48.2833ms, average=22.1992ms, deviation=12.9116ms]
----------------------------------------------------------

----------------------------------------------------------
sample path: (VehicleDBWSystem) 
  order timepoint           sequence nr.                  node name     dropped samples
bp period
latency

Statistics:
  latency:                  211.637ms [min=151.528ms, max=256.491ms, average=195.369ms, deviation=37.7005ms]
hotpath
  hot path:                 FrontLidarDriver/RearLidarDriver -> ObjectCollisionEstimator
  hot path latency:         65.3948ms [min=51.6279ms, max=76.5933ms, average=64.1925ms, deviation=5.9952ms]
  hot path drops:           0 [min=0, max=0, average=0, deviation=0]
  behavior planner period:  96.0923ms [min=96.09ms, max=104.992ms, average=99.3858ms, deviation=2.87279ms]
----------------------------------------------------------

----------------------------------------------------------
sample path: (IntersectionOutput) 
  order timepoint           sequence nr.                  node name     dropped samples
latency

Statistics:
  latency:                  39.3272ms [min=9.75328ms, max=48.2833ms, average=22.505ms, deviation=12.9968ms]
----------------------------------------------------------

----------------------------------------------------------
sample path: (IntersectionOutput) 
  order timepoint           sequence nr.                  node name     dropped samples
latency

Statistics:
  latency:                  58.9136ms [min=9.75328ms, max=58.9136ms, average=23.1438ms, deviation=13.7534ms]
----------------------------------------------------------

----------------------------------------------------------
sample path: (IntersectionOutput) 
  order timepoint           sequence nr.                  node name     dropped samples
latency

Statistics:
  latency:                  59.18ms [min=9.75328ms, max=59.18ms, average=23.7651ms, deviation=14.4301ms]
----------------------------------------------------------

----------------------------------------------------------
sample path: (VehicleDBWSystem) 
  order timepoint           sequence nr.                  node name     dropped samples
bp period
latency

Statistics:
  latency:                  187.318ms [min=151.528ms, max=256.491ms, average=194.921ms, deviation=36.624ms]
hotpath
  hot path:                 FrontLidarDriver/RearLidarDriver -> ObjectCollisionEstimator
  hot path latency:         61.2038ms [min=51.6279ms, max=76.5933ms, average=64.0264ms, deviation=5.85871ms]
  hot path drops:           0 [min=0, max=0, average=0, deviation=0]
  behavior planner period:  105.009ms [min=96.09ms, max=105.009ms, average=99.7166ms, deviation=3.09789ms]
----------------------------------------------------------

----------------------------------------------------------
sample path: (IntersectionOutput) 
  order timepoint           sequence nr.                  node name     dropped samples
latency

Statistics:
  latency:                  66.3681ms [min=9.75328ms, max=66.3681ms, average=24.4872ms, deviation=15.3428ms]
----------------------------------------------------------

----------------------------------------------------------
sample path: (IntersectionOutput) 
  order timepoint           sequence nr.                  node name     dropped samples
latency

Statistics:
  latency:                  51.7972ms [min=9.75328ms, max=66.3681ms, average=24.9423ms, deviation=15.6154ms]
----------------------------------------------------------

----------------------------------------------------------
sample path: (VehicleDBWSystem) 
  order timepoint           sequence nr.                  node name     dropped samples
bp period
latency

Statistics:
  latency:                  310.283ms [min=151.528ms, max=310.283ms, average=200.993ms, deviation=44.3536ms]
  behavior planner period:  100.748ms [min=96.09ms, max=105.009ms, average=99.7739ms, deviation=3.01522ms]
----------------------------------------------------------

----------------------------------------------------------
sample path: (IntersectionOutput) 
  order timepoint           sequence nr.                  node name     dropped samples
latency

Statistics:
  latency:                  40.4322ms [min=9.75328ms, max=66.3681ms, average=25.1963ms, deviation=15.6113ms]
----------------------------------------------------------

----------------------------------------------------------
sample path: (VehicleDBWSystem) 
  order timepoint           sequence nr.                  node name     dropped samples
bp period
latency

Statistics:
  latency:                  287.455ms [min=151.528ms, max=310.283ms, average=205.316ms, deviation=47.3021ms]
hotpath
  hot path:                 FrontLidarDriver/RearLidarDriver -> ObjectCollisionEstimator
  hot path latency:         141.038ms [min=51.6279ms, max=141.038ms, average=68.0797ms, deviation=18.5624ms]
  hot path drops:           0 [min=0, max=0, average=0, deviation=0]
  behavior planner period:  100.411ms [min=96.09ms, max=105.009ms, average=99.8075ms, deviation=2.93391ms]
----------------------------------------------------------

----------------------------------------------------------
sample path: (IntersectionOutput) 
  order timepoint           sequence nr.                  node name     dropped samples
latency

Statistics:
  latency:                  39.7279ms [min=9.75328ms, max=66.3681ms, average=25.4306ms, deviation=15.5924ms]
----------------------------------------------------------

----------------------------------------------------------
sample path: (IntersectionOutput) 
  order timepoint           sequence nr.                  node name     dropped samples
latency

Statistics:
  latency:                  47.9302ms [min=9.75328ms, max=66.3681ms, average=25.7878ms, deviation=15.7237ms]
----------------------------------------------------------

----------------------------------------------------------
sample path: (VehicleDBWSystem) 
  order timepoint           sequence nr.                  node name     dropped samples
bp period
latency

Statistics:
  latency:                  174.776ms [min=151.528ms, max=310.283ms, average=203.862ms, deviation=46.5835ms]
hotpath
  hot path:                 FrontLidarDriver/RearLidarDriver -> ObjectCollisionEstimator
  hot path latency:         97.0121ms [min=51.6279ms, max=141.038ms, average=69.5263ms, deviation=19.1907ms]
  hot path drops:           0 [min=0, max=0, average=0, deviation=0]
  behavior planner period:  95.8501ms [min=95.8501ms, max=105.009ms, average=99.6096ms, deviation=2.98962ms]
----------------------------------------------------------

----------------------------------------------------------
sample path: (IntersectionOutput) 
  order timepoint           sequence nr.                  node name     dropped samples
latency

Statistics:
  latency:                  57.5533ms [min=9.75328ms, max=66.3681ms, average=26.2841ms, deviation=16.0959ms]
----------------------------------------------------------

----------------------------------------------------------
sample path: (IntersectionOutput) 
  order timepoint           sequence nr.                  node name     dropped samples
latency

Statistics:
  latency:                  34.4295ms [min=9.75328ms, max=66.3681ms, average=26.4094ms, deviation=16.0016ms]
----------------------------------------------------------

----------------------------------------------------------
sample path: (IntersectionOutput) 
  order timepoint           sequence nr.                  node name     dropped samples
latency

Statistics:
  latency:                  24.1582ms [min=9.75328ms, max=66.3681ms, average=26.3753ms, deviation=15.8804ms]
----------------------------------------------------------

----------------------------------------------------------
sample path: (VehicleDBWSystem) 
  order timepoint           sequence nr.                  node name     dropped samples
bp period
latency

Statistics:
  latency:                  198.811ms [min=151.528ms, max=310.283ms, average=203.632ms, deviation=45.4736ms]
hotpath
  hot path:                 FrontLidarDriver/RearLidarDriver -> ObjectCollisionEstimator
  hot path latency:         78.1994ms [min=51.6279ms, max=141.038ms, average=69.9393ms, deviation=18.8003ms]
  hot path drops:           0 [min=0, max=0, average=0, deviation=0]
  behavior planner period:  101.634ms [min=95.8501ms, max=105.009ms, average=99.706ms, deviation=2.9472ms]
----------------------------------------------------------

----------------------------------------------------------
sample path: (IntersectionOutput) 
  order timepoint           sequence nr.                  node name     dropped samples
latency

Statistics:
  latency:                  48.0746ms [min=9.75328ms, max=66.3681ms, average=26.6992ms, deviation=15.9811ms]
----------------------------------------------------------

----------------------------------------------------------
sample path: (IntersectionOutput) 
  order timepoint           sequence nr.                  node name     dropped samples
latency

Statistics:
  latency:                  24.4275ms [min=9.75328ms, max=66.3681ms, average=26.6658ms, deviation=15.8638ms]
----------------------------------------------------------

----------------------------------------------------------
sample path: (IntersectionOutput) 
  order timepoint           sequence nr.                  node name     dropped samples
latency

Statistics:
  latency:                  11.3348ms [min=9.75328ms, max=66.3681ms, average=26.4436ms, deviation=15.8545ms]
----------------------------------------------------------

----------------------------------------------------------
sample path: (IntersectionOutput) 
  order timepoint           sequence nr.                  node name     dropped samples
latency

Statistics:
  latency:                  38.5967ms [min=9.75328ms, max=66.3681ms, average=26.6172ms, deviation=15.8061ms]
----------------------------------------------------------

----------------------------------------------------------
sample path: (VehicleDBWSystem) 
  order timepoint           sequence nr.                  node name     dropped samples
bp period
latency

Statistics:
  latency:                  208.235ms [min=151.528ms, max=310.283ms, average=203.832ms, deviation=44.4385ms]
hotpath
  hot path:                 FrontLidarDriver/RearLidarDriver -> ObjectCollisionEstimator
  hot path latency:         68.2636ms [min=51.6279ms, max=141.038ms, average=69.8631ms, deviation=18.3507ms]
  hot path drops:           0 [min=0, max=0, average=0, deviation=0]
  behavior planner period:  96.4249ms [min=95.8501ms, max=105.009ms, average=99.5568ms, deviation=2.96002ms]
----------------------------------------------------------

----------------------------------------------------------
sample path: (IntersectionOutput) 
  order timepoint           sequence nr.                  node name     dropped samples
latency

Statistics:
  latency:                  41.1075ms [min=9.75328ms, max=66.3681ms, average=26.8213ms, deviation=15.7867ms]
----------------------------------------------------------

----------------------------------------------------------
sample path: (IntersectionOutput) 
  order timepoint           sequence nr.                  node name     dropped samples
latency

Statistics:
  latency:                  19.5533ms [min=9.75328ms, max=66.3681ms, average=26.7204ms, deviation=15.6985ms]
----------------------------------------------------------

----------------------------------------------------------
sample path: (IntersectionOutput) 
  order timepoint           sequence nr.                  node name     dropped samples
latency

Statistics:
  latency:                  9.90539ms [min=9.75328ms, max=66.3681ms, average=26.49ms, deviation=15.7129ms]
----------------------------------------------------------

----------------------------------------------------------
sample path: (IntersectionOutput) 
  order timepoint           sequence nr.                  node name     dropped samples
latency

Statistics:
  latency:                  31.1264ms [min=9.75328ms, max=66.3681ms, average=26.5527ms, deviation=15.6142ms]
----------------------------------------------------------

----------------------------------------------------------
sample path: (VehicleDBWSystem) 
  order timepoint           sequence nr.                  node name     dropped samples
bp period
latency

Statistics:
  latency:                  164.247ms [min=151.528ms, max=310.283ms, average=202.183ms, deviation=44.2065ms]
hotpath
  hot path:                 FrontLidarDriver/RearLidarDriver -> ObjectCollisionEstimator
  hot path latency:         60.6413ms [min=51.6279ms, max=141.038ms, average=69.4622ms, deviation=18.0316ms]
  hot path drops:           0 [min=0, max=0, average=0, deviation=0]
  behavior planner period:  99.899ms [min=95.8501ms, max=105.009ms, average=99.5717ms, deviation=2.89284ms]
----------------------------------------------------------

----------------------------------------------------------
sample path: (IntersectionOutput) 
  order timepoint           sequence nr.                  node name     dropped samples
latency

Statistics:
  latency:                  19.9522ms [min=9.75328ms, max=66.3681ms, average=26.4647ms, deviation=15.527ms]
----------------------------------------------------------

----------------------------------------------------------
sample path: (IntersectionOutput) 
  order timepoint           sequence nr.                  node name     dropped samples
latency

Statistics:
  latency:                  9.78959ms [min=9.75328ms, max=66.3681ms, average=26.2452ms, deviation=15.5413ms]
----------------------------------------------------------

----------------------------------------------------------
sample path: (IntersectionOutput) 
  order timepoint           sequence nr.                  node name     dropped samples
latency

Statistics:
  latency:                  9.97159ms [min=9.75328ms, max=66.3681ms, average=26.0339ms, deviation=15.5497ms]
----------------------------------------------------------

----------------------------------------------------------
sample path: (IntersectionOutput) 
  order timepoint           sequence nr.                  node name     dropped samples
latency

Statistics:
  latency:                  30.3802ms [min=9.75328ms, max=66.3681ms, average=26.0896ms, deviation=15.4563ms]
----------------------------------------------------------

----------------------------------------------------------
sample path: (VehicleDBWSystem) 
  order timepoint           sequence nr.                  node name     dropped samples
bp period
latency

Statistics:
  latency:                  169.694ms [min=151.528ms, max=310.283ms, average=200.883ms, deviation=43.7608ms]
hotpath
  hot path:                 FrontLidarDriver/RearLidarDriver -> ObjectCollisionEstimator
  hot path latency:         51.2742ms [min=51.2742ms, max=141.038ms, average=68.7043ms, deviation=18.0218ms]
  hot path drops:           0 [min=0, max=0, average=0, deviation=0]
  behavior planner period:  105.502ms [min=95.8501ms, max=105.502ms, average=99.8188ms, deviation=3.0773ms]
----------------------------------------------------------

----------------------------------------------------------
sample path: (IntersectionOutput) 
  order timepoint           sequence nr.                  node name     dropped samples
latency

Statistics:
  latency:                  29.414ms [min=9.75328ms, max=66.3681ms, average=26.1317ms, deviation=15.3614ms]
----------------------------------------------------------

----------------------------------------------------------
sample path: (IntersectionOutput) 
  order timepoint           sequence nr.                  node name     dropped samples
latency

Statistics:
  latency:                  11.2983ms [min=9.75328ms, max=66.3681ms, average=25.9463ms, deviation=15.3537ms]
----------------------------------------------------------

----------------------------------------------------------
sample path: (IntersectionOutput) 
  order timepoint           sequence nr.                  node name     dropped samples
latency

Statistics:
  latency:                  17.1596ms [min=9.75328ms, max=66.3681ms, average=25.8378ms, deviation=15.2886ms]
----------------------------------------------------------

----------------------------------------------------------
sample path: (IntersectionOutput) 
  order timepoint           sequence nr.                  node name     dropped samples
latency

Statistics:
  latency:                  38.6059ms [min=9.75328ms, max=66.3681ms, average=25.9935ms, deviation=15.2593ms]
----------------------------------------------------------

----------------------------------------------------------
sample path: (VehicleDBWSystem) 
  order timepoint           sequence nr.                  node name     dropped samples
bp period
latency

Statistics:
  latency:                  157.921ms [min=151.528ms, max=310.283ms, average=199.231ms, deviation=43.6966ms]
hotpath
  hot path:                 FrontLidarDriver/RearLidarDriver -> ObjectCollisionEstimator
  hot path latency:         56.8053ms [min=51.2742ms, max=141.038ms, average=68.2284ms, deviation=17.8021ms]
  hot path drops:           0 [min=0, max=0, average=0, deviation=0]
  behavior planner period:  97.7669ms [min=95.8501ms, max=105.502ms, average=99.7367ms, deviation=3.04034ms]
----------------------------------------------------------

----------------------------------------------------------
sample path: (IntersectionOutput) 
  order timepoint           sequence nr.                  node name     dropped samples
latency

Statistics:
  latency:                  19.6947ms [min=9.75328ms, max=66.3681ms, average=25.9176ms, deviation=15.1817ms]
----------------------------------------------------------

----------------------------------------------------------
sample path: (IntersectionOutput) 
  order timepoint           sequence nr.                  node name     dropped samples
latency

Statistics:
  latency:                  20.6413ms [min=9.75328ms, max=66.3681ms, average=25.8548ms, deviation=15.1009ms]
----------------------------------------------------------

----------------------------------------------------------
sample path: (IntersectionOutput) 
  order timepoint           sequence nr.                  node name     dropped samples
latency

Statistics:
  latency:                  9.83599ms [min=9.75328ms, max=66.3681ms, average=25.6664ms, deviation=15.111ms]
----------------------------------------------------------

----------------------------------------------------------
sample path: (IntersectionOutput) 
  order timepoint           sequence nr.                  node name     dropped samples
latency

Statistics:
  latency:                  52.1328ms [min=9.75328ms, max=66.3681ms, average=25.9741ms, deviation=15.2905ms]
----------------------------------------------------------

----------------------------------------------------------
sample path: (VehicleDBWSystem) 
  order timepoint           sequence nr.                  node name     dropped samples
bp period
latency

Statistics:
  latency:                  256.307ms [min=151.528ms, max=310.283ms, average=201.345ms, deviation=44.2336ms]
hotpath
  hot path:                 FrontLidarDriver/RearLidarDriver -> ObjectCollisionEstimator
  hot path latency:         68.4998ms [min=51.2742ms, max=141.038ms, average=68.2388ms, deviation=17.4425ms]
  hot path drops:           0 [min=0, max=0, average=0, deviation=0]
  behavior planner period:  97.7538ms [min=95.8501ms, max=105.502ms, average=99.6604ms, deviation=3.00419ms]
----------------------------------------------------------

----------------------------------------------------------
sample path: (IntersectionOutput) 
  order timepoint           sequence nr.                  node name     dropped samples
latency

Statistics:
  latency:                  15.8812ms [min=9.75328ms, max=66.3681ms, average=25.8581ms, deviation=15.2399ms]
----------------------------------------------------------

----------------------------------------------------------
sample path: (IntersectionOutput) 
  order timepoint           sequence nr.                  node name     dropped samples
latency

Statistics:
  latency:                  9.79379ms [min=9.75328ms, max=66.3681ms, average=25.6755ms, deviation=15.2485ms]
----------------------------------------------------------

----------------------------------------------------------
sample path: (VehicleDBWSystem) 
  order timepoint           sequence nr.                  node name     dropped samples
bp period
latency

Statistics:
  latency:                  211.999ms [min=151.528ms, max=310.283ms, average=201.725ms, deviation=43.4534ms]
hotpath
  hot path:                 FrontLidarDriver/RearLidarDriver -> ObjectCollisionEstimator
  hot path latency:         68.2705ms [min=51.2742ms, max=141.038ms, average=68.24ms, deviation=17.1038ms]
  hot path drops:           0 [min=0, max=0, average=0, deviation=0]
  behavior planner period:  102.411ms [min=95.8501ms, max=105.502ms, average=99.7623ms, deviation=2.99305ms]
----------------------------------------------------------

----------------------------------------------------------
sample path: (IntersectionOutput) 
  order timepoint           sequence nr.                  node name     dropped samples
latency

Statistics:
  latency:                  41.0812ms [min=9.75328ms, max=66.3681ms, average=25.8486ms, deviation=15.2493ms]
----------------------------------------------------------

----------------------------------------------------------
sample path: (IntersectionOutput) 
  order timepoint           sequence nr.                  node name     dropped samples
latency

Statistics:
  latency:                  19.3731ms [min=9.75328ms, max=66.3681ms, average=25.7767ms, deviation=15.1787ms]
----------------------------------------------------------

----------------------------------------------------------
sample path: (IntersectionOutput) 
  order timepoint           sequence nr.                  node name     dropped samples
latency

Statistics:
  latency:                  9.79919ms [min=9.75328ms, max=66.3681ms, average=25.6011ms, deviation=15.1868ms]
----------------------------------------------------------

----------------------------------------------------------
sample path: (IntersectionOutput) 
  order timepoint           sequence nr.                  node name     dropped samples
latency

Statistics:
  latency:                  38.4828ms [min=9.75328ms, max=66.3681ms, average=25.7411ms, deviation=15.1627ms]
----------------------------------------------------------

----------------------------------------------------------
sample path: (VehicleDBWSystem) 
  order timepoint           sequence nr.                  node name     dropped samples
bp period
latency

Statistics:
  latency:                  223.052ms [min=151.528ms, max=310.283ms, average=202.461ms, deviation=42.8538ms]
hotpath
  hot path:                 FrontLidarDriver/RearLidarDriver -> ObjectCollisionEstimator
  hot path latency:         65.0441ms [min=51.2742ms, max=141.038ms, average=68.1258ms, deviation=16.7949ms]
  hot path drops:           0 [min=0, max=0, average=0, deviation=0]
  behavior planner period:  96.5602ms [min=95.8501ms, max=105.502ms, average=99.648ms, deviation=2.99879ms]
----------------------------------------------------------

----------------------------------------------------------
sample path: (IntersectionOutput) 
  order timepoint           sequence nr.                  node name     dropped samples
latency

Statistics:
  latency:                  41.1365ms [min=9.75328ms, max=66.3681ms, average=25.9067ms, deviation=15.1644ms]
----------------------------------------------------------

----------------------------------------------------------
sample path: (IntersectionOutput) 
  order timepoint           sequence nr.                  node name     dropped samples
latency

Statistics:
  latency:                  19.5004ms [min=9.75328ms, max=66.3681ms, average=25.8385ms, deviation=15.0971ms]
----------------------------------------------------------

----------------------------------------------------------
sample path: (IntersectionOutput) 
  order timepoint           sequence nr.                  node name     dropped samples
latency

Statistics:
  latency:                  9.87269ms [min=9.75328ms, max=66.3681ms, average=25.6705ms, deviation=15.1056ms]
----------------------------------------------------------

----------------------------------------------------------
sample path: (IntersectionOutput) 
  order timepoint           sequence nr.                  node name     dropped samples
latency

Statistics:
  latency:                  28.951ms [min=9.75328ms, max=66.3681ms, average=25.7046ms, deviation=15.0296ms]
----------------------------------------------------------

----------------------------------------------------------
sample path: (VehicleDBWSystem) 
  order timepoint           sequence nr.                  node name     dropped samples
bp period
latency

Statistics:
  latency:                  152.043ms [min=151.528ms, max=310.283ms, average=200.78ms, deviation=43.1028ms]
hotpath
  hot path:                 FrontLidarDriver/RearLidarDriver -> ObjectCollisionEstimator
  hot path latency:         60.9027ms [min=51.2742ms, max=141.038ms, average=67.8768ms, deviation=16.5468ms]
  hot path drops:           0 [min=0, max=0, average=0, deviation=0]
  behavior planner period:  99.9965ms [min=95.8501ms, max=105.502ms, average=99.66ms, deviation=2.94546ms]
----------------------------------------------------------

----------------------------------------------------------
sample path: (IntersectionOutput) 
  order timepoint           sequence nr.                  node name     dropped samples
latency

Statistics:
  latency:                  29.5132ms [min=9.75328ms, max=66.3681ms, average=25.7439ms, deviation=14.9562ms]
----------------------------------------------------------

----------------------------------------------------------
sample path: (IntersectionOutput) 
  order timepoint           sequence nr.                  node name     dropped samples
latency

Statistics:
  latency:                  9.87379ms [min=9.75328ms, max=66.3681ms, average=25.582ms, deviation=14.965ms]
----------------------------------------------------------

----------------------------------------------------------
sample path: (IntersectionOutput) 
  order timepoint           sequence nr.                  node name     dropped samples
latency

Statistics:
  latency:                  11.1676ms [min=9.75328ms, max=66.3681ms, average=25.4364ms, deviation=14.9588ms]
----------------------------------------------------------

----------------------------------------------------------
sample path: (IntersectionOutput) 
  order timepoint           sequence nr.                  node name     dropped samples
latency

Statistics:
  latency:                  33.2223ms [min=9.75328ms, max=66.3681ms, average=25.5142ms, deviation=14.9034ms]
----------------------------------------------------------

----------------------------------------------------------
sample path: (VehicleDBWSystem) 
  order timepoint           sequence nr.                  node name     dropped samples
bp period
latency

Statistics:
  latency:                  154.582ms [min=151.528ms, max=310.283ms, average=199.29ms, deviation=43.183ms]
hotpath
  hot path:                 FrontLidarDriver/RearLidarDriver -> ObjectCollisionEstimator
  hot path latency:         51.6336ms [min=51.2742ms, max=141.038ms, average=67.3353ms, deviation=16.5272ms]
  hot path drops:           0 [min=0, max=0, average=0, deviation=0]
  behavior planner period:  100.088ms [min=95.8501ms, max=105.502ms, average=99.6743ms, deviation=2.89529ms]
----------------------------------------------------------

----------------------------------------------------------
sample path: (IntersectionOutput) 
  order timepoint           sequence nr.                  node name     dropped samples
latency

Statistics:
  latency:                  29.2712ms [min=9.75328ms, max=66.3681ms, average=25.5514ms, deviation=14.8334ms]
----------------------------------------------------------

----------------------------------------------------------
sample path: (IntersectionOutput) 
  order timepoint           sequence nr.                  node name     dropped samples
latency

Statistics:
  latency:                  10.1471ms [min=9.75328ms, max=66.3681ms, average=25.4004ms, deviation=14.8384ms]
----------------------------------------------------------

----------------------------------------------------------
sample path: (IntersectionOutput) 
  order timepoint           sequence nr.                  node name     dropped samples
latency

Statistics:
  latency:                  9.82959ms [min=9.75328ms, max=66.3681ms, average=25.2492ms, deviation=14.8449ms]
----------------------------------------------------------

----------------------------------------------------------
sample path: (IntersectionOutput) 
  order timepoint           sequence nr.                  node name     dropped samples
latency

Statistics:
  latency:                  38.6541ms [min=9.75328ms, max=66.3681ms, average=25.3781ms, deviation=14.8311ms]
----------------------------------------------------------

----------------------------------------------------------
sample path: (VehicleDBWSystem) 
  order timepoint           sequence nr.                  node name     dropped samples
bp period
latency

Statistics:
  latency:                  156.203ms [min=151.528ms, max=310.283ms, average=197.943ms, deviation=43.1582ms]
hotpath
  hot path:                 FrontLidarDriver/RearLidarDriver -> ObjectCollisionEstimator
  hot path latency:         56.5241ms [min=51.2742ms, max=141.038ms, average=66.9866ms, deviation=16.365ms]
  hot path drops:           0 [min=0, max=0, average=0, deviation=0]
  behavior planner period:  102.494ms [min=95.8501ms, max=105.502ms, average=99.7652ms, deviation=2.89133ms]
----------------------------------------------------------

----------------------------------------------------------
sample path: (IntersectionOutput) 
  order timepoint           sequence nr.                  node name     dropped samples
latency

Statistics:
  latency:                  19.5793ms [min=9.75328ms, max=66.3681ms, average=25.3229ms, deviation=14.7704ms]
----------------------------------------------------------

----------------------------------------------------------
sample path: (IntersectionOutput) 
  order timepoint           sequence nr.                  node name     dropped samples
latency

Statistics:
  latency:                  20.3913ms [min=9.75328ms, max=66.3681ms, average=25.2764ms, deviation=14.7077ms]
----------------------------------------------------------

----------------------------------------------------------
sample path: (IntersectionOutput) 
  order timepoint           sequence nr.                  node name     dropped samples
latency

Statistics:
  latency:                  9.87179ms [min=9.75328ms, max=66.3681ms, average=25.1324ms, deviation=14.7137ms]
----------------------------------------------------------

----------------------------------------------------------
sample path: (VehicleDBWSystem) 
  order timepoint           sequence nr.                  node name     dropped samples
bp period
latency

Statistics:
  latency:                  251.421ms [min=151.528ms, max=310.283ms, average=199.564ms, deviation=43.4866ms]
hotpath
  hot path:                 FrontLidarDriver/RearLidarDriver -> ObjectCollisionEstimator
  hot path latency:         68.3504ms [min=51.2742ms, max=141.038ms, average=67.0292ms, deviation=16.1007ms]
  hot path drops:           0 [min=0, max=0, average=0, deviation=0]
  behavior planner period:  97.5961ms [min=95.8501ms, max=105.502ms, average=99.6975ms, deviation=2.87004ms]
----------------------------------------------------------

----------------------------------------------------------
sample path: (IntersectionOutput) 
  order timepoint           sequence nr.                  node name     dropped samples
latency

Statistics:
  latency:                  43.4603ms [min=9.75328ms, max=66.3681ms, average=25.3021ms, deviation=14.7506ms]
----------------------------------------------------------

----------------------------------------------------------
sample path: (IntersectionOutput) 
  order timepoint           sequence nr.                  node name     dropped samples
latency

Statistics:
  latency:                  19.5582ms [min=9.75328ms, max=66.3681ms, average=25.2494ms, deviation=14.6925ms]
----------------------------------------------------------

----------------------------------------------------------
sample path: (IntersectionOutput) 
  order timepoint           sequence nr.                  node name     dropped samples
latency

Statistics:
  latency:                  24.4423ms [min=9.75328ms, max=66.3681ms, average=25.2421ms, deviation=14.6251ms]
----------------------------------------------------------

----------------------------------------------------------
sample path: (IntersectionOutput) 
  order timepoint           sequence nr.                  node name     dropped samples
latency

Statistics:
  latency:                  9.79778ms [min=9.75328ms, max=66.3681ms, average=25.1029ms, deviation=14.6321ms]
----------------------------------------------------------

----------------------------------------------------------
sample path: (VehicleDBWSystem) 
  order timepoint           sequence nr.                  node name     dropped samples
bp period
latency

Statistics:
  latency:                  213.932ms [min=151.528ms, max=310.283ms, average=199.987ms, deviation=42.8935ms]
hotpath
  hot path:                 FrontLidarDriver/RearLidarDriver -> ObjectCollisionEstimator
  hot path latency:         77.8738ms [min=51.2742ms, max=141.038ms, average=67.3578ms, deviation=15.9592ms]
  hot path drops:           0 [min=0, max=0, average=0, deviation=0]
  behavior planner period:  103.458ms [min=95.8501ms, max=105.502ms, average=99.8114ms, deviation=2.89971ms]
----------------------------------------------------------

----------------------------------------------------------
sample path: (IntersectionOutput) 
  order timepoint           sequence nr.                  node name     dropped samples
latency

Statistics:
  latency:                  42.148ms [min=9.75328ms, max=66.3681ms, average=25.2551ms, deviation=14.6548ms]
----------------------------------------------------------

----------------------------------------------------------
sample path: (IntersectionOutput) 
  order timepoint           sequence nr.                  node name     dropped samples
latency

Statistics:
  latency:                  19.758ms [min=9.75328ms, max=66.3681ms, average=25.2065ms, deviation=14.5984ms]
----------------------------------------------------------

----------------------------------------------------------
sample path: (IntersectionOutput) 
  order timepoint           sequence nr.                  node name     dropped samples
latency

Statistics:
  latency:                  9.84649ms [min=9.75328ms, max=66.3681ms, average=25.0717ms, deviation=14.6047ms]
----------------------------------------------------------

----------------------------------------------------------
sample path: (IntersectionOutput) 
  order timepoint           sequence nr.                  node name     dropped samples
latency

Statistics:
  latency:                  38.3776ms [min=9.75328ms, max=66.3681ms, average=25.1874ms, deviation=14.5934ms]
----------------------------------------------------------

----------------------------------------------------------
sample path: (VehicleDBWSystem) 
  order timepoint           sequence nr.                  node name     dropped samples
bp period
latency

Statistics:
  latency:                  208.625ms [min=151.528ms, max=310.283ms, average=200.233ms, deviation=42.2832ms]
hotpath
  hot path:                 FrontLidarDriver/RearLidarDriver -> ObjectCollisionEstimator
  hot path latency:         66.4149ms [min=51.2742ms, max=141.038ms, average=67.3301ms, deviation=15.7164ms]
  hot path drops:           0 [min=0, max=0, average=0, deviation=0]
  behavior planner period:  96.3579ms [min=95.8501ms, max=105.502ms, average=99.7098ms, deviation=2.91621ms]
----------------------------------------------------------

----------------------------------------------------------
sample path: (IntersectionOutput) 
  order timepoint           sequence nr.                  node name     dropped samples
latency

Statistics:
  latency:                  41.1778ms [min=9.75328ms, max=66.3681ms, average=25.3253ms, deviation=14.6054ms]
----------------------------------------------------------

----------------------------------------------------------
sample path: (IntersectionOutput) 
  order timepoint           sequence nr.                  node name     dropped samples
latency

Statistics:
  latency:                  19.4718ms [min=9.75328ms, max=66.3681ms, average=25.2752ms, deviation=14.5524ms]
----------------------------------------------------------

----------------------------------------------------------
sample path: (IntersectionOutput) 
  order timepoint           sequence nr.                  node name     dropped samples
latency

Statistics:
  latency:                  9.90129ms [min=9.75328ms, max=66.3681ms, average=25.145ms, deviation=14.559ms]
----------------------------------------------------------

----------------------------------------------------------
sample path: (IntersectionOutput) 
  order timepoint           sequence nr.                  node name     dropped samples
latency

Statistics:
  latency:                  28.8824ms [min=9.75328ms, max=66.3681ms, average=25.1764ms, deviation=14.5013ms]
----------------------------------------------------------

----------------------------------------------------------
sample path: (VehicleDBWSystem) 
  order timepoint           sequence nr.                  node name     dropped samples
bp period
latency

Statistics:
  latency:                  151.889ms [min=151.528ms, max=310.283ms, average=198.89ms, deviation=42.4465ms]
hotpath
  hot path:                 FrontLidarDriver/RearLidarDriver -> ObjectCollisionEstimator
  hot path latency:         60.8246ms [min=51.2742ms, max=141.038ms, average=67.1442ms, deviation=15.5225ms]
  hot path drops:           0 [min=0, max=0, average=0, deviation=0]
  behavior planner period:  100.002ms [min=95.8501ms, max=105.502ms, average=99.7182ms, deviation=2.87343ms]
----------------------------------------------------------

----------------------------------------------------------
sample path: (IntersectionOutput) 
  order timepoint           sequence nr.                  node name     dropped samples
latency

Statistics:
  latency:                  29.4448ms [min=9.75328ms, max=66.3681ms, average=25.2119ms, deviation=14.4455ms]
----------------------------------------------------------

----------------------------------------------------------
sample path: (IntersectionOutput) 
  order timepoint           sequence nr.                  node name     dropped samples
latency

Statistics:
  latency:                  9.86319ms [min=9.75328ms, max=66.3681ms, average=25.0851ms, deviation=14.4527ms]
----------------------------------------------------------

----------------------------------------------------------
sample path: (IntersectionOutput) 
  order timepoint           sequence nr.                  node name     dropped samples
latency

Statistics:
  latency:                  11.0887ms [min=9.75328ms, max=66.3681ms, average=24.9704ms, deviation=14.4485ms]
----------------------------------------------------------

----------------------------------------------------------
sample path: (IntersectionOutput) 
  order timepoint           sequence nr.                  node name     dropped samples
latency

Statistics:
  latency:                  33.6532ms [min=9.75328ms, max=66.3681ms, average=25.041ms, deviation=14.4104ms]
----------------------------------------------------------

----------------------------------------------------------
sample path: (VehicleDBWSystem) 
  order timepoint           sequence nr.                  node name     dropped samples
bp period
latency

Statistics:
  latency:                  155.163ms [min=151.528ms, max=310.283ms, average=197.709ms, deviation=42.4658ms]
hotpath
  hot path:                 FrontLidarDriver/RearLidarDriver -> ObjectCollisionEstimator
  hot path latency:         51.6502ms [min=51.2742ms, max=141.038ms, average=66.7138ms, deviation=15.5156ms]
  hot path drops:           0 [min=0, max=0, average=0, deviation=0]
  behavior planner period:  100.117ms [min=95.8501ms, max=105.502ms, average=99.7293ms, deviation=2.83286ms]
----------------------------------------------------------

----------------------------------------------------------
sample path: (IntersectionOutput) 
  order timepoint           sequence nr.                  node name     dropped samples
latency

Statistics:
  latency:                  29.2039ms [min=9.75328ms, max=66.3681ms, average=25.0745ms, deviation=14.3566ms]
----------------------------------------------------------

----------------------------------------------------------
sample path: (IntersectionOutput) 
  order timepoint           sequence nr.                  node name     dropped samples
latency

Statistics:
  latency:                  10.1088ms [min=9.75328ms, max=66.3681ms, average=24.9548ms, deviation=14.3611ms]
----------------------------------------------------------

----------------------------------------------------------
sample path: (IntersectionOutput) 
  order timepoint           sequence nr.                  node name     dropped samples
latency

Statistics:
  latency:                  9.83479ms [min=9.75328ms, max=66.3681ms, average=24.8348ms, deviation=14.3668ms]
----------------------------------------------------------

----------------------------------------------------------
sample path: (IntersectionOutput) 
  order timepoint           sequence nr.                  node name     dropped samples
latency

Statistics:
  latency:                  39.0337ms [min=9.75328ms, max=66.3681ms, average=24.9466ms, deviation=14.3651ms]
----------------------------------------------------------

----------------------------------------------------------
sample path: (VehicleDBWSystem) 
  order timepoint           sequence nr.                  node name     dropped samples
bp period
latency

Statistics:
  latency:                  156.034ms [min=151.528ms, max=310.283ms, average=196.612ms, deviation=42.43ms]
hotpath
  hot path:                 FrontLidarDriver/RearLidarDriver -> ObjectCollisionEstimator
  hot path latency:         56.5834ms [min=51.2742ms, max=141.038ms, average=66.44ms, deviation=15.3889ms]
  hot path drops:           0 [min=0, max=0, average=0, deviation=0]
  behavior planner period:  102.797ms [min=95.8501ms, max=105.502ms, average=99.8122ms, deviation=2.83841ms]
----------------------------------------------------------

----------------------------------------------------------
sample path: (IntersectionOutput) 
  order timepoint           sequence nr.                  node name     dropped samples
latency

Statistics:
  latency:                  19.6131ms [min=9.75328ms, max=66.3681ms, average=24.9049ms, deviation=14.3162ms]
----------------------------------------------------------

----------------------------------------------------------
sample path: (IntersectionOutput) 
  order timepoint           sequence nr.                  node name     dropped samples
latency

Statistics:
  latency:                  20.4189ms [min=9.75328ms, max=66.3681ms, average=24.8702ms, deviation=14.2656ms]
----------------------------------------------------------

----------------------------------------------------------
sample path: (IntersectionOutput) 
  order timepoint           sequence nr.                  node name     dropped samples
latency

Statistics:
  latency:                  9.82849ms [min=9.75328ms, max=66.3681ms, average=24.7545ms, deviation=14.2713ms]
----------------------------------------------------------

----------------------------------------------------------
sample path: (IntersectionOutput) 
  order timepoint           sequence nr.                  node name     dropped samples
latency

Statistics:
  latency:                  52.1837ms [min=9.75328ms, max=66.3681ms, average=24.9638ms, deviation=14.4169ms]
----------------------------------------------------------

----------------------------------------------------------
sample path: (VehicleDBWSystem) 
  order timepoint           sequence nr.                  node name     dropped samples
bp period
latency

Statistics:
  latency:                  256.785ms [min=151.528ms, max=310.283ms, average=198.155ms, deviation=42.9624ms]
hotpath
  hot path:                 FrontLidarDriver/RearLidarDriver -> ObjectCollisionEstimator
  hot path latency:         68.7196ms [min=51.2742ms, max=141.038ms, average=66.5ms, deviation=15.1841ms]
  hot path drops:           0 [min=0, max=0, average=0, deviation=0]
  behavior planner period:  98.3635ms [min=95.8501ms, max=105.502ms, average=99.7741ms, deviation=2.80964ms]
----------------------------------------------------------

----------------------------------------------------------
sample path: (IntersectionOutput) 
  order timepoint           sequence nr.                  node name     dropped samples
latency

Statistics:
  latency:                  15.2176ms [min=9.75328ms, max=66.3681ms, average=24.89ms, deviation=14.3868ms]
----------------------------------------------------------

----------------------------------------------------------
sample path: (IntersectionOutput) 
  order timepoint           sequence nr.                  node name     dropped samples
latency

Statistics:
  latency:                  9.87479ms [min=9.75328ms, max=66.3681ms, average=24.7771ms, deviation=14.3912ms]
----------------------------------------------------------

----------------------------------------------------------
sample path: (VehicleDBWSystem) 
  order timepoint           sequence nr.                  node name     dropped samples
bp period
latency

Statistics:
  latency:                  212.295ms [min=151.528ms, max=310.283ms, average=198.508ms, deviation=42.4669ms]
hotpath
  hot path:                 FrontLidarDriver/RearLidarDriver -> ObjectCollisionEstimator
  hot path latency:         67.7244ms [min=51.2742ms, max=141.038ms, average=66.5314ms, deviation=14.9842ms]
  hot path drops:           0 [min=0, max=0, average=0, deviation=0]
  behavior planner period:  102.232ms [min=95.8501ms, max=105.502ms, average=99.8371ms, deviation=2.80023ms]
----------------------------------------------------------

----------------------------------------------------------
sample path: (IntersectionOutput) 
  order timepoint           sequence nr.                  node name     dropped samples
latency

Statistics:
  latency:                  41.2348ms [min=9.75328ms, max=66.3681ms, average=24.8999ms, deviation=14.4073ms]
----------------------------------------------------------

----------------------------------------------------------
sample path: (IntersectionOutput) 
  order timepoint           sequence nr.                  node name     dropped samples
latency

Statistics:
  latency:                  19.3288ms [min=9.75328ms, max=66.3681ms, average=24.8587ms, deviation=14.3615ms]
----------------------------------------------------------

----------------------------------------------------------
sample path: (IntersectionOutput) 
  order timepoint           sequence nr.                  node name     dropped samples
latency

Statistics:
  latency:                  9.84699ms [min=9.75328ms, max=66.3681ms, average=24.7483ms, deviation=14.366ms]
----------------------------------------------------------

----------------------------------------------------------
sample path: (IntersectionOutput) 
  order timepoint           sequence nr.                  node name     dropped samples
latency

Statistics:
  latency:                  38.8349ms [min=9.75328ms, max=66.3681ms, average=24.8511ms, deviation=14.3636ms]
----------------------------------------------------------

----------------------------------------------------------
sample path: (VehicleDBWSystem) 
  order timepoint           sequence nr.                  node name     dropped samples
bp period
latency

Statistics:
  latency:                  222.772ms [min=151.528ms, max=310.283ms, average=199.1ms, deviation=42.1036ms]
hotpath
  hot path:                 FrontLidarDriver/RearLidarDriver -> ObjectCollisionEstimator
  hot path latency:         64.5842ms [min=51.2742ms, max=141.038ms, average=66.4827ms, deviation=14.7941ms]
  hot path drops:           0 [min=0, max=0, average=0, deviation=0]
  behavior planner period:  96.504ms [min=95.8501ms, max=105.502ms, average=99.7538ms, deviation=2.81389ms]
----------------------------------------------------------

----------------------------------------------------------
sample path: (IntersectionOutput) 
  order timepoint           sequence nr.                  node name     dropped samples
latency

Statistics:
  latency:                  41.0044ms [min=9.75328ms, max=66.3681ms, average=24.9682ms, deviation=14.377ms]
----------------------------------------------------------

----------------------------------------------------------
sample path: (IntersectionOutput) 
  order timepoint           sequence nr.                  node name     dropped samples
latency

Statistics:
  latency:                  19.555ms [min=9.75328ms, max=66.3681ms, average=24.9292ms, deviation=14.3321ms]
----------------------------------------------------------

----------------------------------------------------------
sample path: (IntersectionOutput) 
  order timepoint           sequence nr.                  node name     dropped samples
latency

Statistics:
  latency:                  9.87089ms [min=9.75328ms, max=66.3681ms, average=24.8217ms, deviation=14.3371ms]
----------------------------------------------------------

----------------------------------------------------------
sample path: (IntersectionOutput) 
  order timepoint           sequence nr.                  node name     dropped samples
latency

Statistics:
  latency:                  28.9262ms [min=9.75328ms, max=66.3681ms, average=24.8508ms, deviation=14.29ms]
----------------------------------------------------------

----------------------------------------------------------
sample path: (VehicleDBWSystem) 
  order timepoint           sequence nr.                  node name     dropped samples
bp period
latency

Statistics:
  latency:                  151.861ms [min=151.528ms, max=310.283ms, average=197.975ms, deviation=42.221ms]
hotpath
  hot path:                 FrontLidarDriver/RearLidarDriver -> ObjectCollisionEstimator
  hot path latency:         60.938ms [min=51.2742ms, max=141.038ms, average=66.3475ms, deviation=14.6336ms]
  hot path drops:           0 [min=0, max=0, average=0, deviation=0]
  behavior planner period:  100.007ms [min=95.8501ms, max=105.502ms, average=99.7599ms, deviation=2.77877ms]
----------------------------------------------------------

----------------------------------------------------------
sample path: (IntersectionOutput) 
  order timepoint           sequence nr.                  node name     dropped samples
latency

Statistics:
  latency:                  29.2825ms [min=9.75328ms, max=66.3681ms, average=24.882ms, deviation=14.2441ms]
----------------------------------------------------------

----------------------------------------------------------
sample path: (IntersectionOutput) 
  order timepoint           sequence nr.                  node name     dropped samples
latency

Statistics:
  latency:                  9.88539ms [min=9.75328ms, max=66.3681ms, average=24.7771ms, deviation=14.2491ms]
----------------------------------------------------------

----------------------------------------------------------
sample path: (IntersectionOutput) 
  order timepoint           sequence nr.                  node name     dropped samples
latency

Statistics:
  latency:                  11.6556ms [min=9.75328ms, max=66.3681ms, average=24.686ms, deviation=14.2412ms]
----------------------------------------------------------

----------------------------------------------------------
sample path: (IntersectionOutput) 
  order timepoint           sequence nr.                  node name     dropped samples
latency

Statistics:
  latency:                  33.7589ms [min=9.75328ms, max=66.3681ms, average=24.7485ms, deviation=14.2117ms]
----------------------------------------------------------

----------------------------------------------------------
sample path: (VehicleDBWSystem) 
  order timepoint           sequence nr.                  node name     dropped samples
bp period
latency

Statistics:
  latency:                  155.11ms [min=151.528ms, max=310.283ms, average=196.979ms, deviation=42.2244ms]
hotpath
  hot path:                 FrontLidarDriver/RearLidarDriver -> ObjectCollisionEstimator
  hot path latency:         51.6989ms [min=51.2742ms, max=141.038ms, average=65.9987ms, deviation=14.6297ms]
  hot path drops:           0 [min=0, max=0, average=0, deviation=0]
  behavior planner period:  100.085ms [min=95.8501ms, max=105.502ms, average=99.7677ms, deviation=2.74514ms]
----------------------------------------------------------

----------------------------------------------------------
sample path: (IntersectionOutput) 
  order timepoint           sequence nr.                  node name     dropped samples
latency

Statistics:
  latency:                  29.1639ms [min=9.75328ms, max=66.3681ms, average=24.7788ms, deviation=14.1673ms]
----------------------------------------------------------

----------------------------------------------------------
sample path: (IntersectionOutput) 
  order timepoint           sequence nr.                  node name     dropped samples
latency

Statistics:
  latency:                  9.97059ms [min=9.75328ms, max=66.3681ms, average=24.6781ms, deviation=14.1714ms]
----------------------------------------------------------

----------------------------------------------------------
sample path: (IntersectionOutput) 
  order timepoint           sequence nr.                  node name     dropped samples
latency

Statistics:
  latency:                  9.81339ms [min=9.75328ms, max=66.3681ms, average=24.5776ms, deviation=14.1759ms]
----------------------------------------------------------

----------------------------------------------------------
sample path: (IntersectionOutput) 
  order timepoint           sequence nr.                  node name     dropped samples
latency

Statistics:
  latency:                  39.0692ms [min=9.75328ms, max=66.3681ms, average=24.6749ms, deviation=14.1777ms]
----------------------------------------------------------

----------------------------------------------------------
sample path: (VehicleDBWSystem) 
  order timepoint           sequence nr.                  node name     dropped samples
bp period
latency

Statistics:
  latency:                  157.416ms [min=151.528ms, max=310.283ms, average=196.079ms, deviation=42.1546ms]
hotpath
  hot path:                 FrontLidarDriver/RearLidarDriver -> ObjectCollisionEstimator
  hot path latency:         55.9807ms [min=51.2742ms, max=141.038ms, average=65.7657ms, deviation=14.535ms]
  hot path drops:           0 [min=0, max=0, average=0, deviation=0]
  behavior planner period:  102.133ms [min=95.8501ms, max=105.502ms, average=99.8227ms, deviation=2.73613ms]
----------------------------------------------------------

----------------------------------------------------------
sample path: (IntersectionOutput) 
  order timepoint           sequence nr.                  node name     dropped samples
latency

Statistics:
  latency:                  19.5163ms [min=9.75328ms, max=66.3681ms, average=24.6405ms, deviation=14.1364ms]
----------------------------------------------------------

----------------------------------------------------------
sample path: (IntersectionOutput) 
  order timepoint           sequence nr.                  node name     dropped samples
latency

Statistics:
  latency:                  20.013ms [min=9.75328ms, max=66.3681ms, average=24.6098ms, deviation=14.0942ms]
----------------------------------------------------------

----------------------------------------------------------
sample path: (IntersectionOutput) 
  order timepoint           sequence nr.                  node name     dropped samples
latency

Statistics:
  latency:                  10.1094ms [min=9.75328ms, max=66.3681ms, average=24.5144ms, deviation=14.0966ms]
----------------------------------------------------------

----------------------------------------------------------
sample path: (VehicleDBWSystem) 
  order timepoint           sequence nr.                  node name     dropped samples
bp period
latency

Statistics:
  latency:                  251.186ms [min=151.528ms, max=310.283ms, average=197.304ms, deviation=42.4748ms]
hotpath
  hot path:                 FrontLidarDriver/RearLidarDriver -> ObjectCollisionEstimator
  hot path latency:         68.7073ms [min=51.2742ms, max=141.038ms, average=65.8326ms, deviation=14.3719ms]
  hot path drops:           0 [min=0, max=0, average=0, deviation=0]
  behavior planner period:  98.0543ms [min=95.8501ms, max=105.502ms, average=99.7825ms, deviation=2.71724ms]
----------------------------------------------------------

----------------------------------------------------------
sample path: (IntersectionOutput) 
  order timepoint           sequence nr.                  node name     dropped samples
latency

Statistics:
  latency:                  42.775ms [min=9.75328ms, max=66.3681ms, average=24.6338ms, deviation=14.1275ms]
----------------------------------------------------------

----------------------------------------------------------
sample path: (IntersectionOutput) 
  order timepoint           sequence nr.                  node name     dropped samples
latency

Statistics:
  latency:                  19.677ms [min=9.75328ms, max=66.3681ms, average=24.6016ms, deviation=14.0869ms]
----------------------------------------------------------

----------------------------------------------------------
sample path: (IntersectionOutput) 
  order timepoint           sequence nr.                  node name     dropped samples
latency

Statistics:
  latency:                  9.77088ms [min=9.75328ms, max=66.3681ms, average=24.5059ms, deviation=14.0915ms]
----------------------------------------------------------

----------------------------------------------------------
sample path: (VehicleDBWSystem) 
  order timepoint           sequence nr.                  node name     dropped samples
bp period
latency

Statistics:
  latency:                  219.471ms [min=151.528ms, max=310.283ms, average=197.786ms, deviation=42.1271ms]
hotpath
  hot path:                 FrontLidarDriver/RearLidarDriver -> ObjectCollisionEstimator
  hot path latency:         79.4175ms [min=51.2742ms, max=141.038ms, average=66.1345ms, deviation=14.3512ms]
  hot path drops:           0 [min=0, max=0, average=0, deviation=0]
  behavior planner period:  103.15ms [min=95.8501ms, max=105.502ms, average=99.8573ms, deviation=2.73269ms]
----------------------------------------------------------

----------------------------------------------------------
sample path: (IntersectionOutput) 
  order timepoint           sequence nr.                  node name     dropped samples
latency

Statistics:
  latency:                  47.9132ms [min=9.75328ms, max=66.3681ms, average=24.656ms, deviation=14.1705ms]
----------------------------------------------------------

----------------------------------------------------------
sample path: (IntersectionOutput) 
  order timepoint           sequence nr.                  node name     dropped samples
latency

Statistics:
  latency:                  28.9895ms [min=9.75328ms, max=66.3681ms, average=24.6836ms, deviation=14.1292ms]
----------------------------------------------------------

----------------------------------------------------------
sample path: (IntersectionOutput) 
  order timepoint           sequence nr.                  node name     dropped samples
latency

Statistics:
  latency:                  17.5284ms [min=9.75328ms, max=66.3681ms, average=24.6383ms, deviation=14.0957ms]
----------------------------------------------------------

