FrontLidarDriver
RearLidarDriver
PointCloudMap
Visualizer
Lanelet2Map
EuclideanClusterSettings
PointsTransformerFront
PointsTransformerRear
VoxelGridDownsampler
PointCloudMapLoader
RayGroundFilter
ObjectCollisionEstimator
MPCController
ParkingPlanner
LanePlanner
PointCloudFusion
NDTLocalizer
VehicleInterface
Lanelet2GlobalPlanner
Lanelet2MapLoader
BehaviorPlanner
EuclideanClusterDetector
VehicleDBWSystem
IntersectionOutput
EuclideanClusterDetector
ObjectCollisionEstimator
PointCloudFusion
RayGroundFilter
----------------------------------------------------------
sample path: (IntersectionOutput) 
  order timepoint           sequence nr.                  node name     dropped samples
latency

Statistics:
  latency:                  95.1427ms [min=95.1427ms, max=95.1427ms, average=95.1427ms, deviation=-nanms]
----------------------------------------------------------

----------------------------------------------------------
sample path: (IntersectionOutput) 
  order timepoint           sequence nr.                  node name     dropped samples
latency

Statistics:
  latency:                  94.7814ms [min=94.7814ms, max=95.1427ms, average=94.962ms, deviation=0.2555ms]
----------------------------------------------------------

----------------------------------------------------------
sample path: (IntersectionOutput) 
  order timepoint           sequence nr.                  node name     dropped samples
latency

Statistics:
  latency:                  70.168ms [min=70.168ms, max=95.1427ms, average=86.6973ms, deviation=14.316ms]
----------------------------------------------------------

----------------------------------------------------------
sample path: (VehicleDBWSystem) 
  order timepoint           sequence nr.                  node name     dropped samples
latency

Statistics:
  latency:                  354.456ms [min=354.456ms, max=354.456ms, average=354.456ms, deviation=-nanms]
hotpath
  hot path:                 FrontLidarDriver/RearLidarDriver -> ObjectCollisionEstimator
  hot path latency:         94.5766ms [min=94.5766ms, max=94.5766ms, average=94.5766ms, deviation=-nanms]
  hot path drops:           0 [min=0, max=0, average=0, deviation=-nan]
  behavior planner period:  0ms [min=1.84467e+13ms, max=0ms, average=0ms, deviation=0ms]
----------------------------------------------------------

----------------------------------------------------------
sample path: (IntersectionOutput) 
  order timepoint           sequence nr.                  node name     dropped samples
latency

Statistics:
  latency:                  134.966ms [min=70.168ms, max=134.966ms, average=98.7646ms, deviation=26.8161ms]
----------------------------------------------------------

----------------------------------------------------------
sample path: (VehicleDBWSystem) 
  order timepoint           sequence nr.                  node name     dropped samples
bp period
latency

Statistics:
  latency:                  315.689ms [min=315.689ms, max=354.456ms, average=335.073ms, deviation=27.4119ms]
hotpath
  hot path:                 FrontLidarDriver/RearLidarDriver -> ObjectCollisionEstimator
  hot path latency:         79.1428ms [min=79.1428ms, max=94.5766ms, average=86.8597ms, deviation=10.9133ms]
  hot path drops:           0 [min=0, max=0, average=0, deviation=0]
  behavior planner period:  99.9995ms [min=99.9995ms, max=99.9995ms, average=99.9995ms, deviation=-nanms]
----------------------------------------------------------

----------------------------------------------------------
sample path: (IntersectionOutput) 
  order timepoint           sequence nr.                  node name     dropped samples
latency

Statistics:
  latency:                  124.348ms [min=70.168ms, max=134.966ms, average=103.881ms, deviation=25.8888ms]
----------------------------------------------------------

----------------------------------------------------------
sample path: (IntersectionOutput) 
  order timepoint           sequence nr.                  node name     dropped samples
latency

Statistics:
  latency:                  134.221ms [min=70.168ms, max=134.966ms, average=108.938ms, deviation=26.2602ms]
----------------------------------------------------------

----------------------------------------------------------
sample path: (VehicleDBWSystem) 
  order timepoint           sequence nr.                  node name     dropped samples
bp period
latency

Statistics:
  latency:                  380.129ms [min=315.689ms, max=380.129ms, average=350.091ms, deviation=32.4408ms]
hotpath
  hot path:                 FrontLidarDriver/RearLidarDriver -> ObjectCollisionEstimator
  hot path latency:         79.5022ms [min=79.1428ms, max=94.5766ms, average=84.4072ms, deviation=8.80876ms]
  hot path drops:           0 [min=0, max=0, average=0, deviation=0]
  behavior planner period:  100.007ms [min=99.9995ms, max=100.007ms, average=100.003ms, deviation=0.00544472ms]
----------------------------------------------------------

----------------------------------------------------------
sample path: (IntersectionOutput) 
  order timepoint           sequence nr.                  node name     dropped samples
latency

Statistics:
  latency:                  113.046ms [min=70.168ms, max=134.966ms, average=109.525ms, deviation=24.0224ms]
----------------------------------------------------------

----------------------------------------------------------
sample path: (IntersectionOutput) 
  order timepoint           sequence nr.                  node name     dropped samples
latency

Statistics:
  latency:                  123.286ms [min=70.168ms, max=134.966ms, average=111.245ms, deviation=22.7664ms]
----------------------------------------------------------

----------------------------------------------------------
sample path: (IntersectionOutput) 
  order timepoint           sequence nr.                  node name     dropped samples
latency

Statistics:
  latency:                  121.728ms [min=70.168ms, max=134.966ms, average=112.41ms, deviation=21.5808ms]
----------------------------------------------------------

----------------------------------------------------------
sample path: (VehicleDBWSystem) 
  order timepoint           sequence nr.                  node name     dropped samples
bp period
latency

Statistics:
  latency:                  400.805ms [min=315.689ms, max=400.805ms, average=362.77ms, deviation=36.6683ms]
hotpath
  hot path:                 FrontLidarDriver/RearLidarDriver -> ObjectCollisionEstimator
  hot path latency:         71.9032ms [min=71.9032ms, max=94.5766ms, average=81.2812ms, deviation=9.52979ms]
  hot path drops:           0 [min=0, max=0, average=0, deviation=0]
  behavior planner period:  100.033ms [min=99.9995ms, max=100.033ms, average=100.013ms, deviation=0.0174345ms]
----------------------------------------------------------

----------------------------------------------------------
sample path: (IntersectionOutput) 
  order timepoint           sequence nr.                  node name     dropped samples
latency

Statistics:
  latency:                  82.1638ms [min=70.168ms, max=134.966ms, average=109.385ms, deviation=22.4825ms]
----------------------------------------------------------

----------------------------------------------------------
sample path: (VehicleDBWSystem) 
  order timepoint           sequence nr.                  node name     dropped samples
bp period
latency

Statistics:
  latency:                  354.098ms [min=315.689ms, max=400.805ms, average=361.035ms, deviation=31.9915ms]
  behavior planner period:  100.013ms [min=99.9995ms, max=100.033ms, average=100.013ms, deviation=0.014238ms]
----------------------------------------------------------

----------------------------------------------------------
sample path: (IntersectionOutput) 
  order timepoint           sequence nr.                  node name     dropped samples
latency

Statistics:
  latency:                  142.606ms [min=70.168ms, max=142.606ms, average=112.405ms, deviation=23.5637ms]
----------------------------------------------------------

----------------------------------------------------------
sample path: (VehicleDBWSystem) 
  order timepoint           sequence nr.                  node name     dropped samples
bp period
latency

Statistics:
  latency:                  319.127ms [min=315.689ms, max=400.805ms, average=354.051ms, deviation=33.3389ms]
hotpath
  hot path:                 FrontLidarDriver/RearLidarDriver -> ObjectCollisionEstimator
  hot path latency:         85.6134ms [min=71.9032ms, max=94.5766ms, average=82.1476ms, deviation=8.47739ms]
  hot path drops:           0 [min=0, max=0, average=0, deviation=0]
  behavior planner period:  100.006ms [min=99.9995ms, max=100.033ms, average=100.012ms, deviation=0.0127356ms]
----------------------------------------------------------

----------------------------------------------------------
sample path: (IntersectionOutput) 
  order timepoint           sequence nr.                  node name     dropped samples
latency

Statistics:
  latency:                  103.214ms [min=70.168ms, max=142.606ms, average=111.639ms, deviation=22.6232ms]
----------------------------------------------------------

----------------------------------------------------------
sample path: (IntersectionOutput) 
  order timepoint           sequence nr.                  node name     dropped samples
latency

Statistics:
  latency:                  126.003ms [min=70.168ms, max=142.606ms, average=112.744ms, deviation=22.0234ms]
----------------------------------------------------------

----------------------------------------------------------
sample path: (IntersectionOutput) 
  order timepoint           sequence nr.                  node name     dropped samples
latency

Statistics:
  latency:                  78.2458ms [min=70.168ms, max=142.606ms, average=110.28ms, deviation=23.0809ms]
----------------------------------------------------------

----------------------------------------------------------
sample path: (VehicleDBWSystem) 
  order timepoint           sequence nr.                  node name     dropped samples
bp period
latency

Statistics:
  latency:                  493.714ms [min=315.689ms, max=493.714ms, average=374.003ms, deviation=60.9325ms]
  behavior planner period:  100.03ms [min=99.9995ms, max=100.033ms, average=100.015ms, deviation=0.0136005ms]
----------------------------------------------------------

----------------------------------------------------------
sample path: (IntersectionOutput) 
  order timepoint           sequence nr.                  node name     dropped samples
latency

Statistics:
  latency:                  146.691ms [min=70.168ms, max=146.691ms, average=112.707ms, deviation=24.1467ms]
----------------------------------------------------------

----------------------------------------------------------
sample path: (VehicleDBWSystem) 
  order timepoint           sequence nr.                  node name     dropped samples
bp period
latency

Statistics:
  latency:                  434.985ms [min=315.689ms, max=493.714ms, average=381.625ms, deviation=60.3924ms]
  behavior planner period:  99.9762ms [min=99.9762ms, max=100.033ms, average=100.009ms, deviation=0.01911ms]
----------------------------------------------------------

----------------------------------------------------------
sample path: (IntersectionOutput) 
  order timepoint           sequence nr.                  node name     dropped samples
latency

Statistics:
  latency:                  149.186ms [min=70.168ms, max=149.186ms, average=114.987ms, deviation=25.0472ms]
----------------------------------------------------------

----------------------------------------------------------
sample path: (IntersectionOutput) 
  order timepoint           sequence nr.                  node name     dropped samples
latency

Statistics:
  latency:                  148.4ms [min=70.168ms, max=149.186ms, average=116.953ms, deviation=25.5699ms]
----------------------------------------------------------

----------------------------------------------------------
sample path: (VehicleDBWSystem) 
  order timepoint           sequence nr.                  node name     dropped samples
bp period
latency

Statistics:
  latency:                  428.472ms [min=315.689ms, max=493.714ms, average=386.831ms, deviation=58.6104ms]
hotpath
  hot path:                 FrontLidarDriver/RearLidarDriver -> ObjectCollisionEstimator
  hot path latency:         135.955ms [min=71.9032ms, max=135.955ms, average=91.1155ms, deviation=23.2386ms]
  hot path drops:           0 [min=0, max=0, average=0, deviation=0]
  behavior planner period:  100.009ms [min=99.9762ms, max=100.033ms, average=100.009ms, deviation=0.0176924ms]
----------------------------------------------------------

----------------------------------------------------------
sample path: (IntersectionOutput) 
  order timepoint           sequence nr.                  node name     dropped samples
latency

Statistics:
  latency:                  156.256ms [min=70.168ms, max=156.256ms, average=119.136ms, deviation=26.4798ms]
----------------------------------------------------------

----------------------------------------------------------
sample path: (IntersectionOutput) 
  order timepoint           sequence nr.                  node name     dropped samples
latency

Statistics:
  latency:                  177.728ms [min=70.168ms, max=177.728ms, average=122.22ms, deviation=29.0329ms]
----------------------------------------------------------

----------------------------------------------------------
sample path: (VehicleDBWSystem) 
  order timepoint           sequence nr.                  node name     dropped samples
bp period
latency

Statistics:
  latency:                  421.081ms [min=315.689ms, max=493.714ms, average=390.256ms, deviation=56.3099ms]
hotpath
  hot path:                 FrontLidarDriver/RearLidarDriver -> ObjectCollisionEstimator
  hot path latency:         76.405ms [min=71.9032ms, max=135.955ms, average=89.014ms, deviation=21.9304ms]
  hot path drops:           0 [min=0, max=0, average=0, deviation=0]
  behavior planner period:  100.009ms [min=99.9762ms, max=100.033ms, average=100.009ms, deviation=0.0165499ms]
----------------------------------------------------------

----------------------------------------------------------
sample path: (IntersectionOutput) 
  order timepoint           sequence nr.                  node name     dropped samples
latency

Statistics:
  latency:                  170.641ms [min=70.168ms, max=177.728ms, average=124.641ms, deviation=30.2618ms]
----------------------------------------------------------

----------------------------------------------------------
sample path: (IntersectionOutput) 
  order timepoint           sequence nr.                  node name     dropped samples
latency

Statistics:
  latency:                  192.424ms [min=70.168ms, max=192.424ms, average=127.869ms, deviation=32.9965ms]
----------------------------------------------------------

----------------------------------------------------------
sample path: (VehicleDBWSystem) 
  order timepoint           sequence nr.                  node name     dropped samples
bp period
latency

Statistics:
  latency:                  383.069ms [min=315.689ms, max=493.714ms, average=389.602ms, deviation=53.4642ms]
hotpath
  hot path:                 FrontLidarDriver/RearLidarDriver -> ObjectCollisionEstimator
  hot path latency:         62.1431ms [min=62.1431ms, max=135.955ms, average=85.6552ms, deviation=22.4163ms]
  hot path drops:           0 [min=0, max=0, average=0, deviation=0]
  behavior planner period:  100.01ms [min=99.9762ms, max=100.033ms, average=100.009ms, deviation=0.0156069ms]
----------------------------------------------------------

----------------------------------------------------------
sample path: (IntersectionOutput) 
  order timepoint           sequence nr.                  node name     dropped samples
latency

Statistics:
  latency:                  158.277ms [min=70.168ms, max=192.424ms, average=129.251ms, deviation=32.8474ms]
----------------------------------------------------------

----------------------------------------------------------
sample path: (IntersectionOutput) 
  order timepoint           sequence nr.                  node name     dropped samples
latency

Statistics:
  latency:                  153.854ms [min=70.168ms, max=192.424ms, average=130.321ms, deviation=32.4997ms]
----------------------------------------------------------

----------------------------------------------------------
sample path: (IntersectionOutput) 
  order timepoint           sequence nr.                  node name     dropped samples
latency

Statistics:
  latency:                  142.967ms [min=70.168ms, max=192.424ms, average=130.848ms, deviation=31.89ms]
----------------------------------------------------------

----------------------------------------------------------
sample path: (VehicleDBWSystem) 
  order timepoint           sequence nr.                  node name     dropped samples
bp period
latency

Statistics:
  latency:                  421.891ms [min=315.689ms, max=493.714ms, average=392.293ms, deviation=51.8212ms]
hotpath
  hot path:                 FrontLidarDriver/RearLidarDriver -> ObjectCollisionEstimator
  hot path latency:         67.6239ms [min=62.1431ms, max=135.955ms, average=83.6517ms, deviation=21.813ms]
  hot path drops:           0 [min=0, max=0, average=0, deviation=0]
  behavior planner period:  100.006ms [min=99.9762ms, max=100.033ms, average=100.009ms, deviation=0.0148339ms]
----------------------------------------------------------

----------------------------------------------------------
sample path: (IntersectionOutput) 
  order timepoint           sequence nr.                  node name     dropped samples
latency

Statistics:
  latency:                  141.863ms [min=70.168ms, max=192.424ms, average=131.288ms, deviation=31.2962ms]
----------------------------------------------------------

----------------------------------------------------------
sample path: (IntersectionOutput) 
  order timepoint           sequence nr.                  node name     dropped samples
latency

Statistics:
  latency:                  151.239ms [min=70.168ms, max=192.424ms, average=132.056ms, deviation=30.9125ms]
----------------------------------------------------------

----------------------------------------------------------
sample path: (VehicleDBWSystem) 
  order timepoint           sequence nr.                  node name     dropped samples
bp period
latency

Statistics:
  latency:                  409.277ms [min=315.689ms, max=493.714ms, average=393.599ms, deviation=49.8381ms]
hotpath
  hot path:                 FrontLidarDriver/RearLidarDriver -> ObjectCollisionEstimator
  hot path latency:         62.5552ms [min=62.1431ms, max=135.955ms, average=81.542ms, deviation=21.6205ms]
  hot path drops:           0 [min=0, max=0, average=0, deviation=0]
  behavior planner period:  101.592ms [min=99.9762ms, max=101.592ms, average=100.141ms, deviation=0.457305ms]
----------------------------------------------------------

----------------------------------------------------------
sample path: (IntersectionOutput) 
  order timepoint           sequence nr.                  node name     dropped samples
latency

Statistics:
  latency:                  141.405ms [min=70.168ms, max=192.424ms, average=132.402ms, deviation=30.3655ms]
----------------------------------------------------------

----------------------------------------------------------
sample path: (IntersectionOutput) 
  order timepoint           sequence nr.                  node name     dropped samples
latency

Statistics:
  latency:                  162.876ms [min=70.168ms, max=192.424ms, average=133.49ms, deviation=30.3493ms]
----------------------------------------------------------

----------------------------------------------------------
sample path: (VehicleDBWSystem) 
  order timepoint           sequence nr.                  node name     dropped samples
bp period
latency

Statistics:
  latency:                  469.016ms [min=315.689ms, max=493.714ms, average=398.986ms, deviation=51.9522ms]
  behavior planner period:  98.4318ms [min=98.4318ms, max=101.592ms, average=100.009ms, deviation=0.645292ms]
----------------------------------------------------------

----------------------------------------------------------
sample path: (IntersectionOutput) 
  order timepoint           sequence nr.                  node name     dropped samples
latency

Statistics:
  latency:                  163.207ms [min=70.168ms, max=192.424ms, average=134.515ms, deviation=30.309ms]
----------------------------------------------------------

----------------------------------------------------------
sample path: (IntersectionOutput) 
  order timepoint           sequence nr.                  node name     dropped samples
latency

Statistics:
  latency:                  161.223ms [min=70.168ms, max=192.424ms, average=135.405ms, deviation=30.1785ms]
----------------------------------------------------------

----------------------------------------------------------
sample path: (VehicleDBWSystem) 
  order timepoint           sequence nr.                  node name     dropped samples
bp period
latency

Statistics:
  latency:                  357.313ms [min=315.689ms, max=493.714ms, average=396.208ms, deviation=51.2057ms]
hotpath
  hot path:                 FrontLidarDriver/RearLidarDriver -> ObjectCollisionEstimator
  hot path latency:         66.3862ms [min=62.1431ms, max=135.955ms, average=80.1642ms, deviation=21.0139ms]
  hot path drops:           0 [min=0, max=0, average=0, deviation=0]
  behavior planner period:  99.9942ms [min=98.4318ms, max=101.592ms, average=100.008ms, deviation=0.619989ms]
----------------------------------------------------------

----------------------------------------------------------
sample path: (IntersectionOutput) 
  order timepoint           sequence nr.                  node name     dropped samples
latency

Statistics:
  latency:                  161.307ms [min=70.168ms, max=192.424ms, average=136.241ms, deviation=30.0337ms]
----------------------------------------------------------

----------------------------------------------------------
sample path: (IntersectionOutput) 
  order timepoint           sequence nr.                  node name     dropped samples
latency

Statistics:
  latency:                  139.699ms [min=70.168ms, max=192.424ms, average=136.349ms, deviation=29.5516ms]
----------------------------------------------------------

----------------------------------------------------------
sample path: (VehicleDBWSystem) 
  order timepoint           sequence nr.                  node name     dropped samples
bp period
latency

Statistics:
  latency:                  336.455ms [min=315.689ms, max=493.714ms, average=392.473ms, deviation=51.6757ms]
hotpath
  hot path:                 FrontLidarDriver/RearLidarDriver -> ObjectCollisionEstimator
  hot path latency:         70.8296ms [min=62.1431ms, max=135.955ms, average=79.3863ms, deviation=20.2163ms]
  hot path drops:           0 [min=0, max=0, average=0, deviation=0]
  behavior planner period:  99.9959ms [min=98.4318ms, max=101.592ms, average=100.008ms, deviation=0.597445ms]
----------------------------------------------------------

----------------------------------------------------------
sample path: (IntersectionOutput) 
  order timepoint           sequence nr.                  node name     dropped samples
latency

Statistics:
  latency:                  120.687ms [min=70.168ms, max=192.424ms, average=135.874ms, deviation=29.2137ms]
----------------------------------------------------------

----------------------------------------------------------
sample path: (IntersectionOutput) 
  order timepoint           sequence nr.                  node name     dropped samples
latency

Statistics:
  latency:                  131.428ms [min=70.168ms, max=192.424ms, average=135.743ms, deviation=28.7778ms]
----------------------------------------------------------

----------------------------------------------------------
sample path: (VehicleDBWSystem) 
  order timepoint           sequence nr.                  node name     dropped samples
bp period
latency

Statistics:
  latency:                  326.981ms [min=315.689ms, max=493.714ms, average=388.621ms, deviation=52.4956ms]
hotpath
  hot path:                 FrontLidarDriver/RearLidarDriver -> ObjectCollisionEstimator
  hot path latency:         65.5877ms [min=62.1431ms, max=135.955ms, average=78.3249ms, deviation=19.7304ms]
  hot path drops:           0 [min=0, max=0, average=0, deviation=0]
  behavior planner period:  100.021ms [min=98.4318ms, max=101.592ms, average=100.008ms, deviation=0.577197ms]
----------------------------------------------------------

----------------------------------------------------------
sample path: (IntersectionOutput) 
  order timepoint           sequence nr.                  node name     dropped samples
latency

Statistics:
  latency:                  132.18ms [min=70.168ms, max=192.424ms, average=135.642ms, deviation=28.3578ms]
----------------------------------------------------------

----------------------------------------------------------
sample path: (IntersectionOutput) 
  order timepoint           sequence nr.                  node name     dropped samples
latency

Statistics:
  latency:                  175.768ms [min=70.168ms, max=192.424ms, average=136.756ms, deviation=28.7388ms]
----------------------------------------------------------

----------------------------------------------------------
sample path: (VehicleDBWSystem) 
  order timepoint           sequence nr.                  node name     dropped samples
bp period
latency

Statistics:
  latency:                  545.571ms [min=315.689ms, max=545.571ms, average=397.34ms, deviation=62.9459ms]
hotpath
  hot path:                 FrontLidarDriver/RearLidarDriver -> ObjectCollisionEstimator
  hot path latency:         78.6933ms [min=62.1431ms, max=135.955ms, average=78.3512ms, deviation=18.9566ms]
  hot path drops:           0 [min=0, max=0, average=0, deviation=0]
  behavior planner period:  99.9999ms [min=98.4318ms, max=101.592ms, average=100.008ms, deviation=0.558872ms]
----------------------------------------------------------

----------------------------------------------------------
sample path: (IntersectionOutput) 
  order timepoint           sequence nr.                  node name     dropped samples
latency

Statistics:
  latency:                  143.568ms [min=70.168ms, max=192.424ms, average=136.94ms, deviation=28.3589ms]
----------------------------------------------------------

----------------------------------------------------------
sample path: (IntersectionOutput) 
  order timepoint           sequence nr.                  node name     dropped samples
latency

Statistics:
  latency:                  185.039ms [min=70.168ms, max=192.424ms, average=138.206ms, deviation=29.0409ms]
----------------------------------------------------------

----------------------------------------------------------
sample path: (VehicleDBWSystem) 
  order timepoint           sequence nr.                  node name     dropped samples
bp period
latency

Statistics:
  latency:                  394.407ms [min=315.689ms, max=545.571ms, average=397.186ms, deviation=61.1761ms]
hotpath
  hot path:                 FrontLidarDriver/RearLidarDriver -> ObjectCollisionEstimator
  hot path latency:         81.3523ms [min=62.1431ms, max=135.955ms, average=78.5513ms, deviation=18.2834ms]
  hot path drops:           0 [min=0, max=0, average=0, deviation=0]
  behavior planner period:  100.006ms [min=98.4318ms, max=101.592ms, average=100.008ms, deviation=0.542186ms]
----------------------------------------------------------

----------------------------------------------------------
sample path: (IntersectionOutput) 
  order timepoint           sequence nr.                  node name     dropped samples
latency

Statistics:
  latency:                  151.804ms [min=70.168ms, max=192.424ms, average=138.555ms, deviation=28.7388ms]
----------------------------------------------------------

----------------------------------------------------------
sample path: (IntersectionOutput) 
  order timepoint           sequence nr.                  node name     dropped samples
latency

Statistics:
  latency:                  180.863ms [min=70.168ms, max=192.424ms, average=139.613ms, deviation=29.146ms]
----------------------------------------------------------

----------------------------------------------------------
sample path: (VehicleDBWSystem) 
  order timepoint           sequence nr.                  node name     dropped samples
bp period
latency

Statistics:
  latency:                  361.883ms [min=315.689ms, max=545.571ms, average=395.421ms, deviation=60.0655ms]
hotpath
  hot path:                 FrontLidarDriver/RearLidarDriver -> ObjectCollisionEstimator
  hot path latency:         68.0367ms [min=62.1431ms, max=135.955ms, average=77.8941ms, deviation=17.858ms]
  hot path drops:           0 [min=0, max=0, average=0, deviation=0]
  behavior planner period:  100.01ms [min=98.4318ms, max=101.592ms, average=100.008ms, deviation=0.52691ms]
----------------------------------------------------------

----------------------------------------------------------
sample path: (IntersectionOutput) 
  order timepoint           sequence nr.                  node name     dropped samples
latency

Statistics:
  latency:                  142.663ms [min=70.168ms, max=192.424ms, average=139.687ms, deviation=28.7834ms]
----------------------------------------------------------

----------------------------------------------------------
sample path: (IntersectionOutput) 
  order timepoint           sequence nr.                  node name     dropped samples
latency

Statistics:
  latency:                  163.694ms [min=70.168ms, max=192.424ms, average=140.259ms, deviation=28.6705ms]
----------------------------------------------------------

----------------------------------------------------------
sample path: (VehicleDBWSystem) 
  order timepoint           sequence nr.                  node name     dropped samples
bp period
latency

Statistics:
  latency:                  348.855ms [min=315.689ms, max=545.571ms, average=393.203ms, deviation=59.4199ms]
hotpath
  hot path:                 FrontLidarDriver/RearLidarDriver -> ObjectCollisionEstimator
  hot path latency:         64.2021ms [min=62.1431ms, max=135.955ms, average=77.0887ms, deviation=17.6069ms]
  hot path drops:           0 [min=0, max=0, average=0, deviation=0]
  behavior planner period:  100.035ms [min=98.4318ms, max=101.592ms, average=100.009ms, deviation=0.512893ms]
----------------------------------------------------------

----------------------------------------------------------
sample path: (IntersectionOutput) 
  order timepoint           sequence nr.                  node name     dropped samples
latency

Statistics:
  latency:                  134.794ms [min=70.168ms, max=192.424ms, average=140.131ms, deviation=28.3394ms]
----------------------------------------------------------

----------------------------------------------------------
sample path: (IntersectionOutput) 
  order timepoint           sequence nr.                  node name     dropped samples
latency

Statistics:
  latency:                  152.307ms [min=70.168ms, max=192.424ms, average=140.408ms, deviation=28.068ms]
----------------------------------------------------------

----------------------------------------------------------
sample path: (VehicleDBWSystem) 
  order timepoint           sequence nr.                  node name     dropped samples
bp period
latency

Statistics:
  latency:                  458.376ms [min=315.689ms, max=545.571ms, average=396.166ms, deviation=59.6294ms]
hotpath
  hot path:                 FrontLidarDriver/RearLidarDriver -> ObjectCollisionEstimator
  hot path latency:         53.5018ms [min=53.5018ms, max=135.955ms, average=75.7783ms, deviation=17.9632ms]
  hot path drops:           0 [min=0, max=0, average=0, deviation=0]
  behavior planner period:  100.009ms [min=98.4318ms, max=101.592ms, average=100.009ms, deviation=0.499906ms]
----------------------------------------------------------

----------------------------------------------------------
sample path: (IntersectionOutput) 
  order timepoint           sequence nr.                  node name     dropped samples
latency

Statistics:
  latency:                  142.267ms [min=70.168ms, max=192.424ms, average=140.449ms, deviation=27.7486ms]
----------------------------------------------------------

----------------------------------------------------------
sample path: (IntersectionOutput) 
  order timepoint           sequence nr.                  node name     dropped samples
latency

Statistics:
  latency:                  153.765ms [min=70.168ms, max=192.424ms, average=140.739ms, deviation=27.5087ms]
----------------------------------------------------------

----------------------------------------------------------
sample path: (VehicleDBWSystem) 
  order timepoint           sequence nr.                  node name     dropped samples
bp period
latency

Statistics:
  latency:                  449.453ms [min=315.689ms, max=545.571ms, average=398.483ms, deviation=59.3085ms]
hotpath
  hot path:                 FrontLidarDriver/RearLidarDriver -> ObjectCollisionEstimator
  hot path latency:         52.8177ms [min=52.8177ms, max=135.955ms, average=74.5699ms, deviation=18.2345ms]
  hot path drops:           0 [min=0, max=0, average=0, deviation=0]
  behavior planner period:  100.002ms [min=98.4318ms, max=101.592ms, average=100.009ms, deviation=0.48786ms]
----------------------------------------------------------

----------------------------------------------------------
sample path: (IntersectionOutput) 
  order timepoint           sequence nr.                  node name     dropped samples
latency

Statistics:
  latency:                  153.879ms [min=70.168ms, max=192.424ms, average=141.019ms, deviation=27.2755ms]
----------------------------------------------------------

----------------------------------------------------------
sample path: (IntersectionOutput) 
  order timepoint           sequence nr.                  node name     dropped samples
latency

Statistics:
  latency:                  144.262ms [min=70.168ms, max=192.424ms, average=141.086ms, deviation=26.9878ms]
----------------------------------------------------------

----------------------------------------------------------
sample path: (VehicleDBWSystem) 
  order timepoint           sequence nr.                  node name     dropped samples
bp period
latency

Statistics:
  latency:                  465.7ms [min=315.689ms, max=545.571ms, average=401.283ms, deviation=59.6056ms]
hotpath
  hot path:                 FrontLidarDriver/RearLidarDriver -> ObjectCollisionEstimator
  hot path latency:         71.119ms [min=52.8177ms, max=135.955ms, average=74.3973ms, deviation=17.7649ms]
  hot path drops:           0 [min=0, max=0, average=0, deviation=0]
  behavior planner period:  100.007ms [min=98.4318ms, max=101.592ms, average=100.009ms, deviation=0.476644ms]
----------------------------------------------------------

----------------------------------------------------------
sample path: (IntersectionOutput) 
  order timepoint           sequence nr.                  node name     dropped samples
latency

Statistics:
  latency:                  176.585ms [min=70.168ms, max=192.424ms, average=141.811ms, deviation=27.1825ms]
----------------------------------------------------------

----------------------------------------------------------
sample path: (IntersectionOutput) 
  order timepoint           sequence nr.                  node name     dropped samples
latency

Statistics:
  latency:                  154.88ms [min=70.168ms, max=192.424ms, average=142.072ms, deviation=26.9671ms]
----------------------------------------------------------

----------------------------------------------------------
sample path: (VehicleDBWSystem) 
  order timepoint           sequence nr.                  node name     dropped samples
bp period
latency

Statistics:
  latency:                  429.758ms [min=315.689ms, max=545.571ms, average=402.422ms, deviation=58.6278ms]
hotpath
  hot path:                 FrontLidarDriver/RearLidarDriver -> ObjectCollisionEstimator
  hot path latency:         65.2656ms [min=52.8177ms, max=135.955ms, average=73.9625ms, deviation=17.4294ms]
  hot path drops:           0 [min=0, max=0, average=0, deviation=0]
  behavior planner period:  99.9881ms [min=98.4318ms, max=101.592ms, average=100.008ms, deviation=0.466186ms]
----------------------------------------------------------

----------------------------------------------------------
sample path: (IntersectionOutput) 
  order timepoint           sequence nr.                  node name     dropped samples
latency

Statistics:
  latency:                  142.55ms [min=70.168ms, max=192.424ms, average=142.081ms, deviation=26.6961ms]
----------------------------------------------------------

----------------------------------------------------------
sample path: (IntersectionOutput) 
  order timepoint           sequence nr.                  node name     dropped samples
latency

Statistics:
  latency:                  109.735ms [min=70.168ms, max=192.424ms, average=141.459ms, deviation=26.811ms]
----------------------------------------------------------

----------------------------------------------------------
sample path: (IntersectionOutput) 
  order timepoint           sequence nr.                  node name     dropped samples
latency

Statistics:
  latency:                  99.0601ms [min=70.168ms, max=192.424ms, average=140.659ms, deviation=27.1832ms]
----------------------------------------------------------

----------------------------------------------------------
sample path: (IntersectionOutput) 
  order timepoint           sequence nr.                  node name     dropped samples
latency

Statistics:
  latency:                  99.2712ms [min=70.168ms, max=192.424ms, average=139.893ms, deviation=27.5083ms]
----------------------------------------------------------

----------------------------------------------------------
sample path: (VehicleDBWSystem) 
  order timepoint           sequence nr.                  node name     dropped samples
bp period
latency

Statistics:
  latency:                  439.202ms [min=315.689ms, max=545.571ms, average=403.837ms, deviation=57.8944ms]
hotpath
  hot path:                 FrontLidarDriver/RearLidarDriver -> ObjectCollisionEstimator
  hot path latency:         75.681ms [min=52.8177ms, max=135.955ms, average=74.0406ms, deviation=17.0133ms]
  hot path drops:           0 [min=0, max=0, average=0, deviation=0]
  behavior planner period:  100.043ms [min=98.4318ms, max=101.592ms, average=100.009ms, deviation=0.456426ms]
----------------------------------------------------------

----------------------------------------------------------
sample path: (IntersectionOutput) 
  order timepoint           sequence nr.                  node name     dropped samples
latency

Statistics:
  latency:                  107.749ms [min=70.168ms, max=192.424ms, average=139.308ms, deviation=27.5949ms]
----------------------------------------------------------

----------------------------------------------------------
sample path: (IntersectionOutput) 
  order timepoint           sequence nr.                  node name     dropped samples
latency

Statistics:
  latency:                  107.231ms [min=70.168ms, max=192.424ms, average=138.736ms, deviation=27.6768ms]
----------------------------------------------------------

----------------------------------------------------------
sample path: (IntersectionOutput) 
  order timepoint           sequence nr.                  node name     dropped samples
latency

Statistics:
  latency:                  106.717ms [min=70.168ms, max=192.424ms, average=138.174ms, deviation=27.7545ms]
----------------------------------------------------------

----------------------------------------------------------
sample path: (VehicleDBWSystem) 
  order timepoint           sequence nr.                  node name     dropped samples
bp period
latency

Statistics:
  latency:                  446.789ms [min=315.689ms, max=545.571ms, average=405.428ms, deviation=57.3688ms]
hotpath
  hot path:                 FrontLidarDriver/RearLidarDriver -> ObjectCollisionEstimator
  hot path latency:         73.0278ms [min=52.8177ms, max=135.955ms, average=73.9966ms, deviation=16.6235ms]
  hot path drops:           0 [min=0, max=0, average=0, deviation=0]
  behavior planner period:  100.013ms [min=98.4318ms, max=101.592ms, average=100.009ms, deviation=0.447205ms]
----------------------------------------------------------

----------------------------------------------------------
sample path: (IntersectionOutput) 
  order timepoint           sequence nr.                  node name     dropped samples
latency

Statistics:
  latency:                  106.722ms [min=70.168ms, max=192.424ms, average=137.632ms, deviation=27.8182ms]
----------------------------------------------------------

----------------------------------------------------------
sample path: (IntersectionOutput) 
  order timepoint           sequence nr.                  node name     dropped samples
latency

Statistics:
  latency:                  117.996ms [min=70.168ms, max=192.424ms, average=137.299ms, deviation=27.6956ms]
----------------------------------------------------------

----------------------------------------------------------
sample path: (IntersectionOutput) 
  order timepoint           sequence nr.                  node name     dropped samples
latency

Statistics:
  latency:                  128.734ms [min=70.168ms, max=192.424ms, average=137.156ms, deviation=27.4821ms]
----------------------------------------------------------

----------------------------------------------------------
sample path: (VehicleDBWSystem) 
  order timepoint           sequence nr.                  node name     dropped samples
bp period
latency

Statistics:
  latency:                  456.509ms [min=315.689ms, max=545.571ms, average=407.252ms, deviation=57.118ms]
hotpath
  hot path:                 FrontLidarDriver/RearLidarDriver -> ObjectCollisionEstimator
  hot path latency:         73.2901ms [min=52.8177ms, max=135.955ms, average=73.9671ms, deviation=16.2587ms]
  hot path drops:           0 [min=0, max=0, average=0, deviation=0]
  behavior planner period:  100ms [min=98.4318ms, max=101.592ms, average=100.009ms, deviation=0.438524ms]
----------------------------------------------------------

----------------------------------------------------------
sample path: (IntersectionOutput) 
  order timepoint           sequence nr.                  node name     dropped samples
latency

Statistics:
  latency:                  131.422ms [min=70.168ms, max=192.424ms, average=137.062ms, deviation=27.2621ms]
----------------------------------------------------------

----------------------------------------------------------
sample path: (IntersectionOutput) 
  order timepoint           sequence nr.                  node name     dropped samples
latency

Statistics:
  latency:                  142.179ms [min=70.168ms, max=192.424ms, average=137.145ms, deviation=27.0455ms]
----------------------------------------------------------

----------------------------------------------------------
sample path: (VehicleDBWSystem) 
  order timepoint           sequence nr.                  node name     dropped samples
bp period
latency

Statistics:
  latency:                  331.063ms [min=315.689ms, max=545.571ms, average=404.625ms, deviation=57.8456ms]
hotpath
  hot path:                 FrontLidarDriver/RearLidarDriver -> ObjectCollisionEstimator
  hot path latency:         62.7644ms [min=52.8177ms, max=135.955ms, average=73.519ms, deviation=16.0733ms]
  hot path drops:           0 [min=0, max=0, average=0, deviation=0]
  behavior planner period:  100.007ms [min=98.4318ms, max=101.592ms, average=100.009ms, deviation=0.430326ms]
----------------------------------------------------------

----------------------------------------------------------
sample path: (IntersectionOutput) 
  order timepoint           sequence nr.                  node name     dropped samples
latency

Statistics:
  latency:                  147.807ms [min=70.168ms, max=192.424ms, average=137.314ms, deviation=26.8601ms]
----------------------------------------------------------

----------------------------------------------------------
sample path: (IntersectionOutput) 
  order timepoint           sequence nr.                  node name     dropped samples
latency

Statistics:
  latency:                  146.643ms [min=70.168ms, max=192.424ms, average=137.46ms, deviation=26.6716ms]
----------------------------------------------------------

----------------------------------------------------------
sample path: (VehicleDBWSystem) 
  order timepoint           sequence nr.                  node name     dropped samples
bp period
latency

Statistics:
  latency:                  396.785ms [min=315.689ms, max=545.571ms, average=404.364ms, deviation=56.8576ms]
hotpath
  hot path:                 FrontLidarDriver/RearLidarDriver -> ObjectCollisionEstimator
  hot path latency:         62.4007ms [min=52.8177ms, max=135.955ms, average=73.0914ms, deviation=15.8988ms]
  hot path drops:           0 [min=0, max=0, average=0, deviation=0]
  behavior planner period:  100.019ms [min=98.4318ms, max=101.592ms, average=100.009ms, deviation=0.422576ms]
----------------------------------------------------------

----------------------------------------------------------
sample path: (IntersectionOutput) 
  order timepoint           sequence nr.                  node name     dropped samples
latency

Statistics:
  latency:                  135.936ms [min=70.168ms, max=192.424ms, average=137.436ms, deviation=26.4631ms]
----------------------------------------------------------

----------------------------------------------------------
sample path: (IntersectionOutput) 
  order timepoint           sequence nr.                  node name     dropped samples
latency

Statistics:
  latency:                  163.787ms [min=70.168ms, max=192.424ms, average=137.835ms, deviation=26.4583ms]
----------------------------------------------------------

----------------------------------------------------------
sample path: (VehicleDBWSystem) 
  order timepoint           sequence nr.                  node name     dropped samples
bp period
latency

Statistics:
  latency:                  388.577ms [min=315.689ms, max=545.571ms, average=403.854ms, deviation=55.9738ms]
hotpath
  hot path:                 FrontLidarDriver/RearLidarDriver -> ObjectCollisionEstimator
  hot path latency:         69.3246ms [min=52.8177ms, max=135.955ms, average=72.9519ms, deviation=15.6069ms]
  hot path drops:           0 [min=0, max=0, average=0, deviation=0]
  behavior planner period:  99.9984ms [min=98.4318ms, max=101.592ms, average=100.009ms, deviation=0.415231ms]
----------------------------------------------------------

----------------------------------------------------------
sample path: (IntersectionOutput) 
  order timepoint           sequence nr.                  node name     dropped samples
latency

Statistics:
  latency:                  143.052ms [min=70.168ms, max=192.424ms, average=137.913ms, deviation=26.2648ms]
----------------------------------------------------------

----------------------------------------------------------
sample path: (IntersectionOutput) 
  order timepoint           sequence nr.                  node name     dropped samples
latency

Statistics:
  latency:                  185.641ms [min=70.168ms, max=192.424ms, average=138.615ms, deviation=26.7029ms]
----------------------------------------------------------

----------------------------------------------------------
sample path: (VehicleDBWSystem) 
  order timepoint           sequence nr.                  node name     dropped samples
bp period
latency

Statistics:
  latency:                  368.944ms [min=315.689ms, max=545.571ms, average=402.763ms, deviation=55.4083ms]
  behavior planner period:  100.003ms [min=98.4318ms, max=101.592ms, average=100.009ms, deviation=0.408254ms]
----------------------------------------------------------

----------------------------------------------------------
sample path: (IntersectionOutput) 
  order timepoint           sequence nr.                  node name     dropped samples
latency

Statistics:
  latency:                  142.099ms [min=70.168ms, max=192.424ms, average=138.666ms, deviation=26.5091ms]
----------------------------------------------------------

----------------------------------------------------------
sample path: (IntersectionOutput) 
  order timepoint           sequence nr.                  node name     dropped samples
latency

Statistics:
  latency:                  170.074ms [min=70.168ms, max=192.424ms, average=139.114ms, deviation=26.5827ms]
----------------------------------------------------------

----------------------------------------------------------
sample path: (VehicleDBWSystem) 
  order timepoint           sequence nr.                  node name     dropped samples
bp period
latency

Statistics:
  latency:                  346.601ms [min=315.689ms, max=545.571ms, average=401.062ms, deviation=55.4051ms]
hotpath
  hot path:                 FrontLidarDriver/RearLidarDriver -> ObjectCollisionEstimator
  hot path latency:         65.6349ms [min=52.8177ms, max=135.955ms, average=72.6906ms, deviation=15.3775ms]
  hot path drops:           0 [min=0, max=0, average=0, deviation=0]
  behavior planner period:  100.008ms [min=98.4318ms, max=101.592ms, average=100.009ms, deviation=0.401615ms]
----------------------------------------------------------

----------------------------------------------------------
sample path: (IntersectionOutput) 
  order timepoint           sequence nr.                  node name     dropped samples
latency

Statistics:
  latency:                  127.37ms [min=70.168ms, max=192.424ms, average=138.949ms, deviation=26.4289ms]
----------------------------------------------------------

----------------------------------------------------------
sample path: (IntersectionOutput) 
  order timepoint           sequence nr.                  node name     dropped samples
latency

Statistics:
  latency:                  159.754ms [min=70.168ms, max=192.424ms, average=139.238ms, deviation=26.3565ms]
----------------------------------------------------------

----------------------------------------------------------
sample path: (VehicleDBWSystem) 
  order timepoint           sequence nr.                  node name     dropped samples
bp period
latency

Statistics:
  latency:                  324.443ms [min=315.689ms, max=545.571ms, average=398.808ms, deviation=56.1192ms]
hotpath
  hot path:                 FrontLidarDriver/RearLidarDriver -> ObjectCollisionEstimator
  hot path latency:         70.0554ms [min=52.8177ms, max=135.955ms, average=72.5997ms, deviation=15.1083ms]
  hot path drops:           0 [min=0, max=0, average=0, deviation=0]
  behavior planner period:  100.015ms [min=98.4318ms, max=101.592ms, average=100.009ms, deviation=0.395291ms]
----------------------------------------------------------

----------------------------------------------------------
sample path: (IntersectionOutput) 
  order timepoint           sequence nr.                  node name     dropped samples
latency

Statistics:
  latency:                  120.561ms [min=70.168ms, max=192.424ms, average=138.982ms, deviation=26.2639ms]
----------------------------------------------------------

----------------------------------------------------------
sample path: (IntersectionOutput) 
  order timepoint           sequence nr.                  node name     dropped samples
latency

Statistics:
  latency:                  140.117ms [min=70.168ms, max=192.424ms, average=138.997ms, deviation=26.0837ms]
----------------------------------------------------------

----------------------------------------------------------
sample path: (VehicleDBWSystem) 
  order timepoint           sequence nr.                  node name     dropped samples
bp period
latency

Statistics:
  latency:                  413.826ms [min=315.689ms, max=545.571ms, average=399.237ms, deviation=55.346ms]
hotpath
  hot path:                 FrontLidarDriver/RearLidarDriver -> ObjectCollisionEstimator
  hot path latency:         68.0554ms [min=52.8177ms, max=135.955ms, average=72.4482ms, deviation=14.8687ms]
  hot path drops:           0 [min=0, max=0, average=0, deviation=0]
  behavior planner period:  100.001ms [min=98.4318ms, max=101.592ms, average=100.009ms, deviation=0.389258ms]
----------------------------------------------------------

----------------------------------------------------------
sample path: (IntersectionOutput) 
  order timepoint           sequence nr.                  node name     dropped samples
latency

Statistics:
  latency:                  111.35ms [min=70.168ms, max=192.424ms, average=138.629ms, deviation=26.1028ms]
----------------------------------------------------------

----------------------------------------------------------
sample path: (IntersectionOutput) 
  order timepoint           sequence nr.                  node name     dropped samples
latency

Statistics:
  latency:                  122.35ms [min=70.168ms, max=192.424ms, average=138.415ms, deviation=25.9954ms]
----------------------------------------------------------

----------------------------------------------------------
sample path: (IntersectionOutput) 
  order timepoint           sequence nr.                  node name     dropped samples
latency

Statistics:
  latency:                  113.439ms [min=70.168ms, max=192.424ms, average=138.09ms, deviation=25.9802ms]
----------------------------------------------------------

----------------------------------------------------------
sample path: (VehicleDBWSystem) 
  order timepoint           sequence nr.                  node name     dropped samples
bp period
latency

Statistics:
  latency:                  426.499ms [min=315.689ms, max=545.571ms, average=399.994ms, deviation=54.7385ms]
hotpath
  hot path:                 FrontLidarDriver/RearLidarDriver -> ObjectCollisionEstimator
  hot path latency:         74.4659ms [min=52.8177ms, max=135.955ms, average=72.5133ms, deviation=14.6233ms]
  hot path drops:           0 [min=0, max=0, average=0, deviation=0]
  behavior planner period:  100.027ms [min=98.4318ms, max=101.592ms, average=100.009ms, deviation=0.383503ms]
----------------------------------------------------------

----------------------------------------------------------
sample path: (IntersectionOutput) 
  order timepoint           sequence nr.                  node name     dropped samples
latency

Statistics:
  latency:                  121.784ms [min=70.168ms, max=192.424ms, average=137.881ms, deviation=25.8769ms]
----------------------------------------------------------

----------------------------------------------------------
sample path: (IntersectionOutput) 
  order timepoint           sequence nr.                  node name     dropped samples
latency

Statistics:
  latency:                  143.335ms [min=70.168ms, max=192.424ms, average=137.95ms, deviation=25.7178ms]
----------------------------------------------------------

----------------------------------------------------------
sample path: (VehicleDBWSystem) 
  order timepoint           sequence nr.                  node name     dropped samples
bp period
latency

Statistics:
  latency:                  322.243ms [min=315.689ms, max=545.571ms, average=397.893ms, deviation=55.4658ms]
hotpath
  hot path:                 FrontLidarDriver/RearLidarDriver -> ObjectCollisionEstimator
  hot path latency:         74.5015ms [min=52.8177ms, max=135.955ms, average=72.5754ms, deviation=14.3898ms]
  hot path drops:           0 [min=0, max=0, average=0, deviation=0]
  behavior planner period:  99.9984ms [min=98.4318ms, max=101.592ms, average=100.009ms, deviation=0.377989ms]
----------------------------------------------------------

----------------------------------------------------------
sample path: (IntersectionOutput) 
  order timepoint           sequence nr.                  node name     dropped samples
latency

Statistics:
  latency:                  133.539ms [min=70.168ms, max=192.424ms, average=137.895ms, deviation=25.5593ms]
----------------------------------------------------------

----------------------------------------------------------
sample path: (IntersectionOutput) 
  order timepoint           sequence nr.                  node name     dropped samples
latency

Statistics:
  latency:                  153.431ms [min=70.168ms, max=192.424ms, average=138.087ms, deviation=25.4576ms]
----------------------------------------------------------

----------------------------------------------------------
sample path: (VehicleDBWSystem) 
  order timepoint           sequence nr.                  node name     dropped samples
bp period
latency

Statistics:
  latency:                  346.026ms [min=315.689ms, max=545.571ms, average=396.528ms, deviation=55.3544ms]
hotpath
  hot path:                 FrontLidarDriver/RearLidarDriver -> ObjectCollisionEstimator
  hot path latency:         63.3165ms [min=52.8177ms, max=135.955ms, average=72.2949ms, deviation=14.2546ms]
  hot path drops:           0 [min=0, max=0, average=0, deviation=0]
  behavior planner period:  100.011ms [min=98.4318ms, max=101.592ms, average=100.009ms, deviation=0.372702ms]
----------------------------------------------------------

----------------------------------------------------------
sample path: (IntersectionOutput) 
  order timepoint           sequence nr.                  node name     dropped samples
latency

Statistics:
  latency:                  132.495ms [min=70.168ms, max=192.424ms, average=138.019ms, deviation=25.3075ms]
----------------------------------------------------------

----------------------------------------------------------
sample path: (IntersectionOutput) 
  order timepoint           sequence nr.                  node name     dropped samples
latency

Statistics:
  latency:                  163.454ms [min=70.168ms, max=192.424ms, average=138.325ms, deviation=25.3072ms]
----------------------------------------------------------

----------------------------------------------------------
sample path: (VehicleDBWSystem) 
  order timepoint           sequence nr.                  node name     dropped samples
bp period
latency

Statistics:
  latency:                  330.741ms [min=315.689ms, max=545.571ms, average=394.841ms, deviation=55.6277ms]
hotpath
  hot path:                 FrontLidarDriver/RearLidarDriver -> ObjectCollisionEstimator
  hot path latency:         73.6176ms [min=52.8177ms, max=135.955ms, average=72.3338ms, deviation=14.0388ms]
  hot path drops:           0 [min=0, max=0, average=0, deviation=0]
  behavior planner period:  100.006ms [min=98.4318ms, max=101.592ms, average=100.009ms, deviation=0.367632ms]
----------------------------------------------------------

----------------------------------------------------------
sample path: (IntersectionOutput) 
  order timepoint           sequence nr.                  node name     dropped samples
latency

Statistics:
  latency:                  131.983ms [min=70.168ms, max=192.424ms, average=138.25ms, deviation=25.1638ms]
----------------------------------------------------------

----------------------------------------------------------
sample path: (IntersectionOutput) 
  order timepoint           sequence nr.                  node name     dropped samples
latency

Statistics:
  latency:                  156.098ms [min=70.168ms, max=192.424ms, average=138.46ms, deviation=25.0884ms]
----------------------------------------------------------

----------------------------------------------------------
sample path: (VehicleDBWSystem) 
  order timepoint           sequence nr.                  node name     dropped samples
bp period
latency

Statistics:
  latency:                  333.154ms [min=315.689ms, max=545.571ms, average=393.299ms, deviation=55.7694ms]
hotpath
  hot path:                 FrontLidarDriver/RearLidarDriver -> ObjectCollisionEstimator
  hot path latency:         73.7495ms [min=52.8177ms, max=135.955ms, average=72.3742ms, deviation=13.8328ms]
  hot path drops:           0 [min=0, max=0, average=0, deviation=0]
  behavior planner period:  100.001ms [min=98.4318ms, max=101.592ms, average=100.009ms, deviation=0.362764ms]
----------------------------------------------------------

----------------------------------------------------------
sample path: (IntersectionOutput) 
  order timepoint           sequence nr.                  node name     dropped samples
latency

Statistics:
  latency:                  135.331ms [min=70.168ms, max=192.424ms, average=138.423ms, deviation=24.9426ms]
----------------------------------------------------------

----------------------------------------------------------
sample path: (IntersectionOutput) 
  order timepoint           sequence nr.                  node name     dropped samples
latency

Statistics:
  latency:                  134.838ms [min=70.168ms, max=192.424ms, average=138.382ms, deviation=24.8002ms]
----------------------------------------------------------

----------------------------------------------------------
sample path: (VehicleDBWSystem) 
  order timepoint           sequence nr.                  node name     dropped samples
bp period
latency

Statistics:
  latency:                  265.304ms [min=265.304ms, max=545.571ms, average=390.177ms, deviation=58.5837ms]
hotpath
  hot path:                 FrontLidarDriver/RearLidarDriver -> ObjectCollisionEstimator
  hot path latency:         74.0558ms [min=52.8177ms, max=135.955ms, average=72.4209ms, deviation=13.6367ms]
  hot path drops:           0 [min=0, max=0, average=0, deviation=0]
  behavior planner period:  100.016ms [min=98.4318ms, max=101.592ms, average=100.009ms, deviation=0.358085ms]
----------------------------------------------------------

----------------------------------------------------------
sample path: (IntersectionOutput) 
  order timepoint           sequence nr.                  node name     dropped samples
latency

Statistics:
  latency:                  108.845ms [min=70.168ms, max=192.424ms, average=138.046ms, deviation=24.8574ms]
----------------------------------------------------------

----------------------------------------------------------
sample path: (IntersectionOutput) 
  order timepoint           sequence nr.                  node name     dropped samples
latency

Statistics:
  latency:                  108.909ms [min=70.168ms, max=192.424ms, average=137.719ms, deviation=24.908ms]
----------------------------------------------------------

----------------------------------------------------------
sample path: (IntersectionOutput) 
  order timepoint           sequence nr.                  node name     dropped samples
latency

Statistics:
  latency:                  127.748ms [min=70.168ms, max=192.424ms, average=137.608ms, deviation=24.79ms]
----------------------------------------------------------

----------------------------------------------------------
sample path: (VehicleDBWSystem) 
  order timepoint           sequence nr.                  node name     dropped samples
bp period
latency

Statistics:
  latency:                  418.264ms [min=265.304ms, max=545.571ms, average=390.846ms, deviation=58.0269ms]
hotpath
  hot path:                 FrontLidarDriver/RearLidarDriver -> ObjectCollisionEstimator
  hot path latency:         74.1044ms [min=52.8177ms, max=135.955ms, average=72.4664ms, deviation=13.4488ms]
  hot path drops:           0 [min=0, max=0, average=0, deviation=0]
  behavior planner period:  100.011ms [min=98.4318ms, max=101.592ms, average=100.009ms, deviation=0.353581ms]
----------------------------------------------------------

----------------------------------------------------------
sample path: (IntersectionOutput) 
  order timepoint           sequence nr.                  node name     dropped samples
latency

Statistics:
  latency:                  152.682ms [min=70.168ms, max=192.424ms, average=137.774ms, deviation=24.7025ms]
----------------------------------------------------------

----------------------------------------------------------
sample path: (IntersectionOutput) 
  order timepoint           sequence nr.                  node name     dropped samples
latency

Statistics:
  latency:                  159.226ms [min=70.168ms, max=192.424ms, average=138.007ms, deviation=24.668ms]
----------------------------------------------------------

----------------------------------------------------------
sample path: (VehicleDBWSystem) 
  order timepoint           sequence nr.                  node name     dropped samples
bp period
latency

Statistics:
  latency:                  345.979ms [min=265.304ms, max=545.571ms, average=389.803ms, deviation=57.7388ms]
hotpath
  hot path:                 FrontLidarDriver/RearLidarDriver -> ObjectCollisionEstimator
  hot path latency:         63.0521ms [min=52.8177ms, max=135.955ms, average=72.2187ms, deviation=13.3534ms]
  hot path drops:           0 [min=0, max=0, average=0, deviation=0]
  behavior planner period:  100.013ms [min=98.4318ms, max=101.592ms, average=100.009ms, deviation=0.349243ms]
----------------------------------------------------------

----------------------------------------------------------
sample path: (IntersectionOutput) 
  order timepoint           sequence nr.                  node name     dropped samples
latency

Statistics:
  latency:                  140.994ms [min=70.168ms, max=192.424ms, average=138.039ms, deviation=24.5355ms]
----------------------------------------------------------

