----------------------------------------------------------
sample path: (IntersectionOutput) 
  order timepoint           sequence nr.                  node name     dropped samples
latency

Statistics:
  latency:                  213.725ms [min=213.725ms, max=213.725ms, average=213.725ms, deviation=-nanms]
----------------------------------------------------------

----------------------------------------------------------
sample path: (VehicleDBWSystem) 
  order timepoint           sequence nr.                  node name     dropped samples
latency

Statistics:
  latency:                  573.211ms [min=573.211ms, max=573.211ms, average=573.211ms, deviation=-nanms]
  behavior planner period:  0ms [min=1.84467e+13ms, max=0ms, average=0ms, deviation=0ms]
----------------------------------------------------------

----------------------------------------------------------
sample path: (IntersectionOutput) 
  order timepoint           sequence nr.                  node name     dropped samples
latency

Statistics:
  latency:                  151.513ms [min=151.513ms, max=213.725ms, average=182.619ms, deviation=43.991ms]
----------------------------------------------------------

----------------------------------------------------------
sample path: (VehicleDBWSystem) 
  order timepoint           sequence nr.                  node name     dropped samples
bp period
latency

Statistics:
  latency:                  603.616ms [min=573.211ms, max=603.616ms, average=588.414ms, deviation=21.4997ms]
  behavior planner period:  106.97ms [min=106.97ms, max=106.97ms, average=106.97ms, deviation=-nanms]
----------------------------------------------------------

----------------------------------------------------------
sample path: (IntersectionOutput) 
  order timepoint           sequence nr.                  node name     dropped samples
latency

Statistics:
  latency:                  245.855ms [min=151.513ms, max=245.855ms, average=203.698ms, deviation=47.9637ms]
----------------------------------------------------------

----------------------------------------------------------
sample path: (VehicleDBWSystem) 
  order timepoint           sequence nr.                  node name     dropped samples
bp period
latency

Statistics:
  latency:                  634.62ms [min=573.211ms, max=634.62ms, average=603.816ms, deviation=30.705ms]
hotpath
  hot path:                 FrontLidarDriver/RearLidarDriver -> ObjectCollisionEstimator
  hot path latency:         379.388ms [min=379.388ms, max=379.388ms, average=379.388ms, deviation=-nanms]
  hot path drops:           0 [min=0, max=0, average=0, deviation=-nan]
  behavior planner period:  86.8112ms [min=86.8112ms, max=106.97ms, average=96.8905ms, deviation=14.2543ms]
----------------------------------------------------------

----------------------------------------------------------
sample path: (IntersectionOutput) 
  order timepoint           sequence nr.                  node name     dropped samples
latency

Statistics:
  latency:                  136.683ms [min=136.683ms, max=245.855ms, average=186.944ms, deviation=51.5405ms]
----------------------------------------------------------

----------------------------------------------------------
sample path: (VehicleDBWSystem) 
  order timepoint           sequence nr.                  node name     dropped samples
bp period
latency

Statistics:
  latency:                  692.854ms [min=573.211ms, max=692.854ms, average=626.075ms, deviation=51.093ms]
  behavior planner period:  100.362ms [min=86.8112ms, max=106.97ms, average=98.0477ms, deviation=10.2767ms]
----------------------------------------------------------

----------------------------------------------------------
sample path: (IntersectionOutput) 
  order timepoint           sequence nr.                  node name     dropped samples
latency

Statistics:
  latency:                  240.678ms [min=136.683ms, max=245.855ms, average=197.691ms, deviation=50.6932ms]
----------------------------------------------------------

----------------------------------------------------------
sample path: (IntersectionOutput) 
  order timepoint           sequence nr.                  node name     dropped samples
latency

Statistics:
  latency:                  157.03ms [min=136.683ms, max=245.855ms, average=190.914ms, deviation=48.2845ms]
----------------------------------------------------------

----------------------------------------------------------
sample path: (VehicleDBWSystem) 
  order timepoint           sequence nr.                  node name     dropped samples
bp period
latency

Statistics:
  latency:                  781.832ms [min=573.211ms, max=781.832ms, average=657.227ms, deviation=82.522ms]
hotpath
  hot path:                 FrontLidarDriver/RearLidarDriver -> ObjectCollisionEstimator
  hot path latency:         428.825ms [min=379.388ms, max=428.825ms, average=404.107ms, deviation=34.9575ms]
  hot path drops:           0 [min=0, max=0, average=0, deviation=0]
  behavior planner period:  108.946ms [min=86.8112ms, max=108.946ms, average=100.772ms, deviation=10.005ms]
----------------------------------------------------------

----------------------------------------------------------
sample path: (IntersectionOutput) 
  order timepoint           sequence nr.                  node name     dropped samples
latency

Statistics:
  latency:                  159.925ms [min=136.683ms, max=245.855ms, average=186.487ms, deviation=45.6071ms]
----------------------------------------------------------

----------------------------------------------------------
sample path: (VehicleDBWSystem) 
  order timepoint           sequence nr.                  node name     dropped samples
bp period
latency

Statistics:
  latency:                  695.437ms [min=573.211ms, max=781.832ms, average=663.595ms, deviation=75.4403ms]
  behavior planner period:  102.268ms [min=86.8112ms, max=108.946ms, average=101.071ms, deviation=8.69033ms]
----------------------------------------------------------

----------------------------------------------------------
sample path: (IntersectionOutput) 
  order timepoint           sequence nr.                  node name     dropped samples
latency

Statistics:
  latency:                  152.403ms [min=136.683ms, max=245.855ms, average=182.226ms, deviation=43.9099ms]
----------------------------------------------------------

----------------------------------------------------------
sample path: (VehicleDBWSystem) 
  order timepoint           sequence nr.                  node name     dropped samples
bp period
latency

Statistics:
  latency:                  775.226ms [min=573.211ms, max=781.832ms, average=679.542ms, deviation=80.7646ms]
hotpath
  hot path:                 FrontLidarDriver/RearLidarDriver -> ObjectCollisionEstimator
  hot path latency:         414.884ms [min=379.388ms, max=428.825ms, average=407.699ms, deviation=25.4898ms]
  hot path drops:           0 [min=0, max=0, average=0, deviation=0]
  behavior planner period:  94.2332ms [min=86.8112ms, max=108.946ms, average=99.9316ms, deviation=8.25899ms]
----------------------------------------------------------

----------------------------------------------------------
sample path: (IntersectionOutput) 
  order timepoint           sequence nr.                  node name     dropped samples
latency

Statistics:
  latency:                  162.561ms [min=136.683ms, max=245.855ms, average=180.041ms, deviation=41.5937ms]
----------------------------------------------------------

----------------------------------------------------------
sample path: (VehicleDBWSystem) 
  order timepoint           sequence nr.                  node name     dropped samples
bp period
latency

Statistics:
  latency:                  681.986ms [min=573.211ms, max=781.832ms, average=679.848ms, deviation=74.7785ms]
hotpath
  hot path:                 FrontLidarDriver/RearLidarDriver -> ObjectCollisionEstimator
  hot path latency:         353.819ms [min=353.819ms, max=428.825ms, average=394.229ms, deviation=34.0428ms]
  hot path drops:           2 [min=0, max=2, average=0.5, deviation=1]
  behavior planner period:  109.242ms [min=86.8112ms, max=109.242ms, average=101.262ms, deviation=8.32023ms]
----------------------------------------------------------

----------------------------------------------------------
sample path: (IntersectionOutput) 
  order timepoint           sequence nr.                  node name     dropped samples
latency

Statistics:
  latency:                  122.978ms [min=122.978ms, max=245.855ms, average=174.335ms, deviation=43.1675ms]
----------------------------------------------------------

----------------------------------------------------------
sample path: (VehicleDBWSystem) 
  order timepoint           sequence nr.                  node name     dropped samples
bp period
latency

Statistics:
  latency:                  821.712ms [min=573.211ms, max=821.712ms, average=695.61ms, deviation=84.4334ms]
  behavior planner period:  94.6805ms [min=86.8112ms, max=109.242ms, average=100.439ms, deviation=8.04679ms]
----------------------------------------------------------

----------------------------------------------------------
sample path: (IntersectionOutput) 
  order timepoint           sequence nr.                  node name     dropped samples
latency

Statistics:
  latency:                  131.386ms [min=122.978ms, max=245.855ms, average=170.431ms, deviation=42.951ms]
----------------------------------------------------------

----------------------------------------------------------
sample path: (VehicleDBWSystem) 
  order timepoint           sequence nr.                  node name     dropped samples
bp period
latency

Statistics:
  latency:                  865.457ms [min=573.211ms, max=865.457ms, average=712.595ms, deviation=96.0296ms]
hotpath
  hot path:                 FrontLidarDriver/RearLidarDriver -> ObjectCollisionEstimator
  hot path latency:         442.765ms [min=353.819ms, max=442.765ms, average=403.936ms, deviation=36.6105ms]
  hot path drops:           0 [min=0, max=2, average=0.4, deviation=0.894427]
  behavior planner period:  117.59ms [min=86.8112ms, max=117.59ms, average=102.345ms, deviation=9.452ms]
----------------------------------------------------------

----------------------------------------------------------
sample path: (IntersectionOutput) 
  order timepoint           sequence nr.                  node name     dropped samples
latency

Statistics:
  latency:                  135.972ms [min=122.978ms, max=245.855ms, average=167.559ms, deviation=42.1429ms]
----------------------------------------------------------

----------------------------------------------------------
sample path: (VehicleDBWSystem) 
  order timepoint           sequence nr.                  node name     dropped samples
bp period
latency

Statistics:
  latency:                  742.993ms [min=573.211ms, max=865.457ms, average=715.359ms, deviation=91.5615ms]
hotpath
  hot path:                 FrontLidarDriver/RearLidarDriver -> ObjectCollisionEstimator
  hot path latency:         533.558ms [min=353.819ms, max=533.558ms, average=425.54ms, deviation=62.2299ms]
  hot path drops:           2 [min=0, max=2, average=0.666667, deviation=1.0328]
  behavior planner period:  73.5312ms [min=73.5312ms, max=117.59ms, average=99.4634ms, deviation=12.745ms]
----------------------------------------------------------

----------------------------------------------------------
sample path: (IntersectionOutput) 
  order timepoint           sequence nr.                  node name     dropped samples
latency

Statistics:
  latency:                  96.1578ms [min=96.1578ms, max=245.855ms, average=162.067ms, deviation=44.9465ms]
----------------------------------------------------------

----------------------------------------------------------
sample path: (VehicleDBWSystem) 
  order timepoint           sequence nr.                  node name     dropped samples
bp period
latency

Statistics:
  latency:                  812.071ms [min=573.211ms, max=865.457ms, average=723.418ms, deviation=91.656ms]
hotpath
  hot path:                 FrontLidarDriver/RearLidarDriver -> ObjectCollisionEstimator
  hot path latency:         380.945ms [min=353.819ms, max=533.558ms, average=419.169ms, deviation=59.2557ms]
  hot path drops:           2 [min=0, max=2, average=0.857143, deviation=1.06904]
  behavior planner period:  97.1962ms [min=73.5312ms, max=117.59ms, average=99.2573ms, deviation=12.1103ms]
----------------------------------------------------------

----------------------------------------------------------
sample path: (IntersectionOutput) 
  order timepoint           sequence nr.                  node name     dropped samples
latency

Statistics:
  latency:                  162.394ms [min=96.1578ms, max=245.855ms, average=162.09ms, deviation=43.1833ms]
----------------------------------------------------------

----------------------------------------------------------
sample path: (VehicleDBWSystem) 
  order timepoint           sequence nr.                  node name     dropped samples
bp period
latency

Statistics:
  latency:                  774.92ms [min=573.211ms, max=865.457ms, average=727.38ms, deviation=88.9089ms]
hotpath
  hot path:                 FrontLidarDriver/RearLidarDriver -> ObjectCollisionEstimator
  hot path latency:         277.446ms [min=277.446ms, max=533.558ms, average=401.454ms, deviation=74.2989ms]
  hot path drops:           2 [min=0, max=2, average=1, deviation=1.06904]
  behavior planner period:  110.274ms [min=73.5312ms, max=117.59ms, average=100.175ms, deviation=11.9767ms]
----------------------------------------------------------

----------------------------------------------------------
sample path: (IntersectionOutput) 
  order timepoint           sequence nr.                  node name     dropped samples
latency

Statistics:
  latency:                  263.856ms [min=96.1578ms, max=263.856ms, average=168.874ms, deviation=49.214ms]
----------------------------------------------------------

----------------------------------------------------------
sample path: (VehicleDBWSystem) 
  order timepoint           sequence nr.                  node name     dropped samples
bp period
latency

Statistics:
  latency:                  729.966ms [min=573.211ms, max=865.457ms, average=727.564ms, deviation=85.4237ms]
  behavior planner period:  110.943ms [min=73.5312ms, max=117.59ms, average=101.004ms, deviation=11.8493ms]
----------------------------------------------------------

----------------------------------------------------------
sample path: (IntersectionOutput) 
  order timepoint           sequence nr.                  node name     dropped samples
latency

Statistics:
  latency:                  159.974ms [min=96.1578ms, max=263.856ms, average=168.318ms, deviation=47.5972ms]
----------------------------------------------------------

----------------------------------------------------------
sample path: (VehicleDBWSystem) 
  order timepoint           sequence nr.                  node name     dropped samples
bp period
latency

Statistics:
  latency:                  746.111ms [min=573.211ms, max=865.457ms, average=728.801ms, deviation=82.4555ms]
hotpath
  hot path:                 FrontLidarDriver/RearLidarDriver -> ObjectCollisionEstimator
  hot path latency:         412.767ms [min=277.446ms, max=533.558ms, average=402.711ms, deviation=69.6025ms]
  hot path drops:           0 [min=0, max=2, average=0.888889, deviation=1.05409]
  behavior planner period:  87.5083ms [min=73.5312ms, max=117.59ms, average=100.04ms, deviation=11.9421ms]
----------------------------------------------------------

----------------------------------------------------------
sample path: (IntersectionOutput) 
  order timepoint           sequence nr.                  node name     dropped samples
latency

Statistics:
  latency:                  247.332ms [min=96.1578ms, max=263.856ms, average=172.966ms, deviation=49.9114ms]
----------------------------------------------------------

----------------------------------------------------------
sample path: (VehicleDBWSystem) 
  order timepoint           sequence nr.                  node name     dropped samples
bp period
latency

Statistics:
  latency:                  896.85ms [min=573.211ms, max=896.85ms, average=739.304ms, deviation=90.0593ms]
hotpath
  hot path:                 FrontLidarDriver/RearLidarDriver -> ObjectCollisionEstimator
  hot path latency:         412.767ms [min=277.446ms, max=533.558ms, average=403.716ms, deviation=65.6989ms]
  hot path drops:           0 [min=0, max=2, average=0.8, deviation=1.0328]
  behavior planner period:  89.0693ms [min=73.5312ms, max=117.59ms, average=99.3083ms, deviation=11.8512ms]
----------------------------------------------------------

----------------------------------------------------------
sample path: (IntersectionOutput) 
  order timepoint           sequence nr.                  node name     dropped samples
latency

Statistics:
  latency:                  217.901ms [min=96.1578ms, max=263.856ms, average=175.462ms, deviation=49.566ms]
----------------------------------------------------------

----------------------------------------------------------
sample path: (VehicleDBWSystem) 
  order timepoint           sequence nr.                  node name     dropped samples
bp period
latency

Statistics:
  latency:                  667.039ms [min=573.211ms, max=896.85ms, average=735.053ms, deviation=88.9435ms]
hotpath
  hot path:                 FrontLidarDriver/RearLidarDriver -> ObjectCollisionEstimator
  hot path latency:         333.688ms [min=277.446ms, max=533.558ms, average=397.35ms, deviation=65.8067ms]
  hot path drops:           2 [min=0, max=2, average=0.909091, deviation=1.04447]
  behavior planner period:  111.674ms [min=73.5312ms, max=117.59ms, average=100.081ms, deviation=11.8594ms]
----------------------------------------------------------

----------------------------------------------------------
sample path: (IntersectionOutput) 
  order timepoint           sequence nr.                  node name     dropped samples
latency

Statistics:
  latency:                  214.927ms [min=96.1578ms, max=263.856ms, average=177.54ms, deviation=49.0129ms]
----------------------------------------------------------

----------------------------------------------------------
sample path: (VehicleDBWSystem) 
  order timepoint           sequence nr.                  node name     dropped samples
bp period
latency

Statistics:
  latency:                  790.164ms [min=573.211ms, max=896.85ms, average=738.115ms, deviation=87.2601ms]
hotpath
  hot path:                 FrontLidarDriver/RearLidarDriver -> ObjectCollisionEstimator
  hot path latency:         333.688ms [min=277.446ms, max=533.558ms, average=392.045ms, deviation=65.3803ms]
  hot path drops:           2 [min=0, max=2, average=1, deviation=1.04447]
  behavior planner period:  95.1772ms [min=73.5312ms, max=117.59ms, average=99.7927ms, deviation=11.5443ms]
----------------------------------------------------------

----------------------------------------------------------
sample path: (IntersectionOutput) 
  order timepoint           sequence nr.                  node name     dropped samples
latency

Statistics:
  latency:                  196.835ms [min=96.1578ms, max=263.856ms, average=178.504ms, deviation=47.9004ms]
----------------------------------------------------------

----------------------------------------------------------
sample path: (VehicleDBWSystem) 
  order timepoint           sequence nr.                  node name     dropped samples
bp period
latency

Statistics:
  latency:                  787.309ms [min=573.211ms, max=896.85ms, average=740.704ms, deviation=85.5493ms]
hotpath
  hot path:                 FrontLidarDriver/RearLidarDriver -> ObjectCollisionEstimator
  hot path latency:         321.039ms [min=277.446ms, max=533.558ms, average=386.583ms, deviation=65.6216ms]
  hot path drops:           2 [min=0, max=2, average=1.07692, deviation=1.03775]
  behavior planner period:  93.3666ms [min=73.5312ms, max=117.59ms, average=99.4357ms, deviation=11.3015ms]
----------------------------------------------------------

----------------------------------------------------------
sample path: (IntersectionOutput) 
  order timepoint           sequence nr.                  node name     dropped samples
latency

Statistics:
  latency:                  158.92ms [min=96.1578ms, max=263.856ms, average=177.572ms, deviation=46.8828ms]
----------------------------------------------------------

----------------------------------------------------------
sample path: (IntersectionOutput) 
  order timepoint           sequence nr.                  node name     dropped samples
latency

Statistics:
  latency:                  83.4232ms [min=83.4232ms, max=263.856ms, average=173.292ms, deviation=49.9623ms]
----------------------------------------------------------

----------------------------------------------------------
sample path: (VehicleDBWSystem) 
  order timepoint           sequence nr.                  node name     dropped samples
bp period
latency

Statistics:
  latency:                  825.653ms [min=573.211ms, max=896.85ms, average=744.951ms, deviation=85.4067ms]
  behavior planner period:  98.4764ms [min=73.5312ms, max=117.59ms, average=99.3852ms, deviation=10.9853ms]
----------------------------------------------------------

----------------------------------------------------------
sample path: (IntersectionOutput) 
  order timepoint           sequence nr.                  node name     dropped samples
latency

Statistics:
  latency:                  206.893ms [min=83.4232ms, max=263.856ms, average=174.753ms, deviation=49.3139ms]
----------------------------------------------------------

----------------------------------------------------------
sample path: (IntersectionOutput) 
  order timepoint           sequence nr.                  node name     dropped samples
latency

Statistics:
  latency:                  148.566ms [min=83.4232ms, max=263.856ms, average=173.662ms, deviation=48.5252ms]
----------------------------------------------------------

----------------------------------------------------------
sample path: (VehicleDBWSystem) 
  order timepoint           sequence nr.                  node name     dropped samples
bp period
latency

Statistics:
  latency:                  609.61ms [min=573.211ms, max=896.85ms, average=738.506ms, deviation=88.328ms]
hotpath
  hot path:                 FrontLidarDriver/RearLidarDriver -> ObjectCollisionEstimator
  hot path latency:         222.615ms [min=222.615ms, max=533.558ms, average=374.871ms, deviation=76.7811ms]
  hot path drops:           2 [min=0, max=2, average=1.14286, deviation=1.02711]
  behavior planner period:  103.002ms [min=73.5312ms, max=117.59ms, average=99.5661ms, deviation=10.7229ms]
----------------------------------------------------------

----------------------------------------------------------
sample path: (IntersectionOutput) 
  order timepoint           sequence nr.                  node name     dropped samples
latency

Statistics:
  latency:                  173.406ms [min=83.4232ms, max=263.856ms, average=173.652ms, deviation=47.5036ms]
----------------------------------------------------------

----------------------------------------------------------
sample path: (VehicleDBWSystem) 
  order timepoint           sequence nr.                  node name     dropped samples
bp period
latency

Statistics:
  latency:                  783.79ms [min=573.211ms, max=896.85ms, average=740.565ms, deviation=86.7382ms]
hotpath
  hot path:                 FrontLidarDriver/RearLidarDriver -> ObjectCollisionEstimator
  hot path latency:         222.615ms [min=222.615ms, max=533.558ms, average=364.721ms, deviation=83.7837ms]
  hot path drops:           2 [min=0, max=2, average=1.2, deviation=1.01419]
  behavior planner period:  85.3168ms [min=73.5312ms, max=117.59ms, average=98.8875ms, deviation=10.9041ms]
----------------------------------------------------------

----------------------------------------------------------
sample path: (IntersectionOutput) 
  order timepoint           sequence nr.                  node name     dropped samples
latency

Statistics:
  latency:                  162.329ms [min=83.4232ms, max=263.856ms, average=173.216ms, deviation=46.5967ms]
----------------------------------------------------------

----------------------------------------------------------
sample path: (VehicleDBWSystem) 
  order timepoint           sequence nr.                  node name     dropped samples
bp period
latency

Statistics:
  latency:                  777.377ms [min=573.211ms, max=896.85ms, average=742.165ms, deviation=85.0909ms]
hotpath
  hot path:                 FrontLidarDriver/RearLidarDriver -> ObjectCollisionEstimator
  hot path latency:         337.423ms [min=222.615ms, max=533.558ms, average=363.015ms, deviation=81.2299ms]
  hot path drops:           0 [min=0, max=2, average=1.125, deviation=1.0247]
  behavior planner period:  102.676ms [min=73.5312ms, max=117.59ms, average=99.0598ms, deviation=10.6719ms]
----------------------------------------------------------

----------------------------------------------------------
sample path: (IntersectionOutput) 
  order timepoint           sequence nr.                  node name     dropped samples
latency

Statistics:
  latency:                  180.17ms [min=83.4232ms, max=263.856ms, average=173.474ms, deviation=45.7115ms]
----------------------------------------------------------

----------------------------------------------------------
sample path: (VehicleDBWSystem) 
  order timepoint           sequence nr.                  node name     dropped samples
bp period
latency

Statistics:
  latency:                  876.306ms [min=573.211ms, max=896.85ms, average=747.755ms, deviation=87.6094ms]
hotpath
  hot path:                 FrontLidarDriver/RearLidarDriver -> ObjectCollisionEstimator
  hot path latency:         579.654ms [min=222.615ms, max=579.654ms, average=375.758ms, deviation=94.5867ms]
  hot path drops:           0 [min=0, max=2, average=1.05882, deviation=1.02899]
  behavior planner period:  116.979ms [min=73.5312ms, max=117.59ms, average=99.8389ms, deviation=11.0759ms]
----------------------------------------------------------

----------------------------------------------------------
sample path: (IntersectionOutput) 
  order timepoint           sequence nr.                  node name     dropped samples
latency

Statistics:
  latency:                  173.858ms [min=83.4232ms, max=263.856ms, average=173.488ms, deviation=44.857ms]
----------------------------------------------------------

----------------------------------------------------------
sample path: (VehicleDBWSystem) 
  order timepoint           sequence nr.                  node name     dropped samples
bp period
latency

Statistics:
  latency:                  894.885ms [min=573.211ms, max=896.85ms, average=753.64ms, deviation=90.6724ms]
hotpath
  hot path:                 FrontLidarDriver/RearLidarDriver -> ObjectCollisionEstimator
  hot path latency:         372.604ms [min=222.615ms, max=579.654ms, average=375.583ms, deviation=91.7656ms]
  hot path drops:           2 [min=0, max=2, average=1.11111, deviation=1.02262]
  behavior planner period:  110.08ms [min=73.5312ms, max=117.59ms, average=100.266ms, deviation=11.0323ms]
----------------------------------------------------------

----------------------------------------------------------
sample path: (IntersectionOutput) 
  order timepoint           sequence nr.                  node name     dropped samples
latency

Statistics:
  latency:                  154.053ms [min=83.4232ms, max=263.856ms, average=172.817ms, deviation=44.1963ms]
----------------------------------------------------------

----------------------------------------------------------
sample path: (VehicleDBWSystem) 
  order timepoint           sequence nr.                  node name     dropped samples
bp period
latency

Statistics:
  latency:                  903.829ms [min=573.211ms, max=903.829ms, average=759.416ms, deviation=93.5959ms]
hotpath
  hot path:                 FrontLidarDriver/RearLidarDriver -> ObjectCollisionEstimator
  hot path latency:         453.798ms [min=222.615ms, max=579.654ms, average=379.699ms, deviation=90.9674ms]
  hot path drops:           0 [min=0, max=2, average=1.05263, deviation=1.02598]
  behavior planner period:  91.2577ms [min=73.5312ms, max=117.59ms, average=99.9053ms, deviation=10.9492ms]
----------------------------------------------------------

----------------------------------------------------------
sample path: (IntersectionOutput) 
  order timepoint           sequence nr.                  node name     dropped samples
latency

Statistics:
  latency:                  183.539ms [min=83.4232ms, max=263.856ms, average=173.175ms, deviation=43.4717ms]
----------------------------------------------------------

