----------------------------------------------------------
sample path: (IntersectionOutput) 
  order timepoint           sequence nr.                  node name     dropped samples
latency

Statistics:
  latency:                  126.042ms [min=126.042ms, max=126.042ms, average=126.042ms, deviation=-nanms]
----------------------------------------------------------

----------------------------------------------------------
sample path: (VehicleDBWSystem) 
  order timepoint           sequence nr.                  node name     dropped samples
latency

Statistics:
  latency:                  308.986ms [min=308.986ms, max=308.986ms, average=308.986ms, deviation=-nanms]
hotpath
  hot path:                 FrontLidarDriver/RearLidarDriver -> ObjectCollisionEstimator
  hot path latency:         92.2739ms [min=92.2739ms, max=92.2739ms, average=92.2739ms, deviation=-nanms]
  hot path drops:           0 [min=0, max=0, average=0, deviation=-nan]
  behavior planner period:  0ms [min=1.84467e+13ms, max=0ms, average=0ms, deviation=0ms]
----------------------------------------------------------

----------------------------------------------------------
sample path: (IntersectionOutput) 
  order timepoint           sequence nr.                  node name     dropped samples
latency

Statistics:
  latency:                  77.5523ms [min=77.5523ms, max=126.042ms, average=101.797ms, deviation=34.2876ms]
----------------------------------------------------------

----------------------------------------------------------
sample path: (VehicleDBWSystem) 
  order timepoint           sequence nr.                  node name     dropped samples
bp period
latency

Statistics:
  latency:                  419.069ms [min=308.986ms, max=419.069ms, average=364.028ms, deviation=77.8407ms]
hotpath
  hot path:                 FrontLidarDriver/RearLidarDriver -> ObjectCollisionEstimator
  hot path latency:         138.832ms [min=92.2739ms, max=138.832ms, average=115.553ms, deviation=32.9218ms]
  hot path drops:           0 [min=0, max=0, average=0, deviation=0]
  behavior planner period:  100.008ms [min=100.008ms, max=100.008ms, average=100.008ms, deviation=-nanms]
----------------------------------------------------------

----------------------------------------------------------
sample path: (IntersectionOutput) 
  order timepoint           sequence nr.                  node name     dropped samples
latency

Statistics:
  latency:                  107.676ms [min=77.5523ms, max=126.042ms, average=103.757ms, deviation=24.4814ms]
----------------------------------------------------------

----------------------------------------------------------
sample path: (VehicleDBWSystem) 
  order timepoint           sequence nr.                  node name     dropped samples
bp period
latency

Statistics:
  latency:                  390.349ms [min=308.986ms, max=419.069ms, average=372.801ms, deviation=57.1009ms]
hotpath
  hot path:                 FrontLidarDriver/RearLidarDriver -> ObjectCollisionEstimator
  hot path latency:         94.4919ms [min=92.2739ms, max=138.832ms, average=108.533ms, deviation=26.2637ms]
  hot path drops:           0 [min=0, max=0, average=0, deviation=0]
  behavior planner period:  99.9917ms [min=99.9917ms, max=100.008ms, average=100ms, deviation=0.011668ms]
----------------------------------------------------------

----------------------------------------------------------
sample path: (IntersectionOutput) 
  order timepoint           sequence nr.                  node name     dropped samples
latency

Statistics:
  latency:                  105.354ms [min=77.5523ms, max=126.042ms, average=104.156ms, deviation=20.0049ms]
----------------------------------------------------------

----------------------------------------------------------
sample path: (VehicleDBWSystem) 
  order timepoint           sequence nr.                  node name     dropped samples
bp period
latency

Statistics:
  latency:                  393.914ms [min=308.986ms, max=419.069ms, average=378.08ms, deviation=47.8029ms]
hotpath
  hot path:                 FrontLidarDriver/RearLidarDriver -> ObjectCollisionEstimator
  hot path latency:         132.393ms [min=92.2739ms, max=138.832ms, average=114.498ms, deviation=24.5393ms]
  hot path drops:           0 [min=0, max=0, average=0, deviation=0]
  behavior planner period:  100.004ms [min=99.9917ms, max=100.008ms, average=100.001ms, deviation=0.00859129ms]
----------------------------------------------------------

----------------------------------------------------------
sample path: (IntersectionOutput) 
  order timepoint           sequence nr.                  node name     dropped samples
latency

Statistics:
  latency:                  92.6126ms [min=77.5523ms, max=126.042ms, average=101.847ms, deviation=18.0776ms]
----------------------------------------------------------

----------------------------------------------------------
sample path: (VehicleDBWSystem) 
  order timepoint           sequence nr.                  node name     dropped samples
bp period
latency

Statistics:
  latency:                  465.415ms [min=308.986ms, max=465.415ms, average=395.547ms, deviation=56.915ms]
hotpath
  hot path:                 FrontLidarDriver/RearLidarDriver -> ObjectCollisionEstimator
  hot path latency:         91.1397ms [min=91.1397ms, max=138.832ms, average=109.826ms, deviation=23.6802ms]
  hot path drops:           0 [min=0, max=0, average=0, deviation=0]
  behavior planner period:  99.998ms [min=99.9917ms, max=100.008ms, average=100.001ms, deviation=0.00720996ms]
----------------------------------------------------------

----------------------------------------------------------
sample path: (IntersectionOutput) 
  order timepoint           sequence nr.                  node name     dropped samples
latency

Statistics:
  latency:                  101.366ms [min=77.5523ms, max=126.042ms, average=101.767ms, deviation=16.1703ms]
----------------------------------------------------------

----------------------------------------------------------
sample path: (VehicleDBWSystem) 
  order timepoint           sequence nr.                  node name     dropped samples
bp period
latency

Statistics:
  latency:                  473.262ms [min=308.986ms, max=473.262ms, average=408.499ms, deviation=59.984ms]
hotpath
  hot path:                 FrontLidarDriver/RearLidarDriver -> ObjectCollisionEstimator
  hot path latency:         114.13ms [min=91.1397ms, max=138.832ms, average=110.543ms, deviation=21.253ms]
  hot path drops:           0 [min=0, max=0, average=0, deviation=0]
  behavior planner period:  100.015ms [min=99.9917ms, max=100.015ms, average=100.003ms, deviation=0.00893771ms]
----------------------------------------------------------

----------------------------------------------------------
sample path: (IntersectionOutput) 
  order timepoint           sequence nr.                  node name     dropped samples
latency

Statistics:
  latency:                  97.9705ms [min=77.5523ms, max=126.042ms, average=101.225ms, deviation=14.831ms]
----------------------------------------------------------

----------------------------------------------------------
sample path: (VehicleDBWSystem) 
  order timepoint           sequence nr.                  node name     dropped samples
bp period
latency

Statistics:
  latency:                  295.213ms [min=295.213ms, max=473.262ms, average=392.315ms, deviation=69.5112ms]
hotpath
  hot path:                 FrontLidarDriver/RearLidarDriver -> ObjectCollisionEstimator
  hot path latency:         132.551ms [min=91.1397ms, max=138.832ms, average=113.687ms, deviation=21.1091ms]
  hot path drops:           0 [min=0, max=0, average=0, deviation=0]
  behavior planner period:  99.9913ms [min=99.9913ms, max=100.015ms, average=100.001ms, deviation=0.00939946ms]
----------------------------------------------------------

----------------------------------------------------------
sample path: (IntersectionOutput) 
  order timepoint           sequence nr.                  node name     dropped samples
latency

Statistics:
  latency:                  77.056ms [min=77.056ms, max=126.042ms, average=98.2037ms, deviation=16.1725ms]
----------------------------------------------------------

----------------------------------------------------------
sample path: (IntersectionOutput) 
  order timepoint           sequence nr.                  node name     dropped samples
latency

Statistics:
  latency:                  75.9162ms [min=75.9162ms, max=126.042ms, average=95.7273ms, deviation=16.8538ms]
----------------------------------------------------------

----------------------------------------------------------
sample path: (VehicleDBWSystem) 
  order timepoint           sequence nr.                  node name     dropped samples
bp period
latency

Statistics:
  latency:                  355.187ms [min=295.213ms, max=473.262ms, average=387.674ms, deviation=65.68ms]
hotpath
  hot path:                 FrontLidarDriver/RearLidarDriver -> ObjectCollisionEstimator
  hot path latency:         71.9373ms [min=71.9373ms, max=138.832ms, average=108.469ms, deviation=24.4913ms]
  hot path drops:           0 [min=0, max=0, average=0, deviation=0]
  behavior planner period:  100.003ms [min=99.9913ms, max=100.015ms, average=100.002ms, deviation=0.00859165ms]
----------------------------------------------------------

----------------------------------------------------------
sample path: (IntersectionOutput) 
  order timepoint           sequence nr.                  node name     dropped samples
latency

Statistics:
  latency:                  91.4962ms [min=75.9162ms, max=126.042ms, average=95.3042ms, deviation=15.9461ms]
----------------------------------------------------------

----------------------------------------------------------
sample path: (VehicleDBWSystem) 
  order timepoint           sequence nr.                  node name     dropped samples
bp period
latency

Statistics:
  latency:                  477.777ms [min=295.213ms, max=477.777ms, average=397.686ms, deviation=68.3863ms]
  behavior planner period:  100.003ms [min=99.9913ms, max=100.015ms, average=100.002ms, deviation=0.00798241ms]
----------------------------------------------------------

----------------------------------------------------------
sample path: (IntersectionOutput) 
  order timepoint           sequence nr.                  node name     dropped samples
latency

Statistics:
  latency:                  116.675ms [min=75.9162ms, max=126.042ms, average=97.2469ms, deviation=16.4429ms]
----------------------------------------------------------

----------------------------------------------------------
sample path: (VehicleDBWSystem) 
  order timepoint           sequence nr.                  node name     dropped samples
bp period
latency

Statistics:
  latency:                  402.197ms [min=295.213ms, max=477.777ms, average=398.137ms, deviation=64.491ms]
hotpath
  hot path:                 FrontLidarDriver/RearLidarDriver -> ObjectCollisionEstimator
  hot path latency:         111.616ms [min=71.9373ms, max=138.832ms, average=108.818ms, deviation=22.9335ms]
  hot path drops:           0 [min=0, max=0, average=0, deviation=0]
  behavior planner period:  100.001ms [min=99.9913ms, max=100.015ms, average=100.002ms, deviation=0.00747349ms]
----------------------------------------------------------

----------------------------------------------------------
sample path: (IntersectionOutput) 
  order timepoint           sequence nr.                  node name     dropped samples
latency

Statistics:
  latency:                  137.735ms [min=75.9162ms, max=137.735ms, average=100.621ms, deviation=19.5549ms]
----------------------------------------------------------

----------------------------------------------------------
sample path: (IntersectionOutput) 
  order timepoint           sequence nr.                  node name     dropped samples
latency

Statistics:
  latency:                  109.641ms [min=75.9162ms, max=137.735ms, average=101.315ms, deviation=18.8888ms]
----------------------------------------------------------

----------------------------------------------------------
sample path: (VehicleDBWSystem) 
  order timepoint           sequence nr.                  node name     dropped samples
bp period
latency

Statistics:
  latency:                  424.831ms [min=295.213ms, max=477.777ms, average=400.564ms, deviation=61.7086ms]
hotpath
  hot path:                 FrontLidarDriver/RearLidarDriver -> ObjectCollisionEstimator
  hot path latency:         42.5723ms [min=42.5723ms, max=138.832ms, average=102.194ms, deviation=30.1058ms]
  hot path drops:           0 [min=0, max=0, average=0, deviation=0]
  behavior planner period:  100.008ms [min=99.9913ms, max=100.015ms, average=100.002ms, deviation=0.0073679ms]
----------------------------------------------------------

----------------------------------------------------------
sample path: (IntersectionOutput) 
  order timepoint           sequence nr.                  node name     dropped samples
latency

Statistics:
  latency:                  74.2178ms [min=74.2178ms, max=137.735ms, average=99.3793ms, deviation=19.5394ms]
----------------------------------------------------------

----------------------------------------------------------
sample path: (VehicleDBWSystem) 
  order timepoint           sequence nr.                  node name     dropped samples
bp period
latency

Statistics:
  latency:                  444.682ms [min=295.213ms, max=477.777ms, average=404.24ms, deviation=60.1995ms]
hotpath
  hot path:                 FrontLidarDriver/RearLidarDriver -> ObjectCollisionEstimator
  hot path latency:         87.9104ms [min=42.5723ms, max=138.832ms, average=100.895ms, deviation=28.8837ms]
  hot path drops:           1 [min=0, max=1, average=0.0909091, deviation=0.301511]
  behavior planner period:  99.9802ms [min=99.9802ms, max=100.015ms, average=100ms, deviation=0.00966103ms]
----------------------------------------------------------

----------------------------------------------------------
sample path: (IntersectionOutput) 
  order timepoint           sequence nr.                  node name     dropped samples
latency

Statistics:
  latency:                  99.5476ms [min=74.2178ms, max=137.735ms, average=99.3905ms, deviation=18.8287ms]
----------------------------------------------------------

----------------------------------------------------------
sample path: (VehicleDBWSystem) 
  order timepoint           sequence nr.                  node name     dropped samples
bp period
latency

Statistics:
  latency:                  467.485ms [min=295.213ms, max=477.777ms, average=409.105ms, deviation=60.2468ms]
hotpath
  hot path:                 FrontLidarDriver/RearLidarDriver -> ObjectCollisionEstimator
  hot path latency:         113.701ms [min=42.5723ms, max=138.832ms, average=101.962ms, deviation=27.7866ms]
  hot path drops:           0 [min=0, max=1, average=0.0833333, deviation=0.288675]
  behavior planner period:  99.9953ms [min=99.9802ms, max=100.015ms, average=99.9999ms, deviation=0.00932425ms]
----------------------------------------------------------

----------------------------------------------------------
sample path: (IntersectionOutput) 
  order timepoint           sequence nr.                  node name     dropped samples
latency

Statistics:
  latency:                  99.5561ms [min=74.2178ms, max=137.735ms, average=99.4009ms, deviation=18.1903ms]
----------------------------------------------------------

----------------------------------------------------------
sample path: (VehicleDBWSystem) 
  order timepoint           sequence nr.                  node name     dropped samples
bp period
latency

Statistics:
  latency:                  468.537ms [min=295.213ms, max=477.777ms, average=413.35ms, deviation=60.023ms]
hotpath
  hot path:                 FrontLidarDriver/RearLidarDriver -> ObjectCollisionEstimator
  hot path latency:         92.62ms [min=42.5723ms, max=138.832ms, average=101.244ms, deviation=26.7295ms]
  hot path drops:           0 [min=0, max=1, average=0.0769231, deviation=0.27735]
  behavior planner period:  100.003ms [min=99.9802ms, max=100.015ms, average=100ms, deviation=0.0089612ms]
----------------------------------------------------------

----------------------------------------------------------
sample path: (IntersectionOutput) 
  order timepoint           sequence nr.                  node name     dropped samples
latency

Statistics:
  latency:                  112.42ms [min=74.2178ms, max=137.735ms, average=100.167ms, deviation=17.8935ms]
----------------------------------------------------------

----------------------------------------------------------
sample path: (VehicleDBWSystem) 
  order timepoint           sequence nr.                  node name     dropped samples
bp period
latency

Statistics:
  latency:                  339.724ms [min=295.213ms, max=477.777ms, average=408.442ms, deviation=60.8836ms]
hotpath
  hot path:                 FrontLidarDriver/RearLidarDriver -> ObjectCollisionEstimator
  hot path latency:         113.208ms [min=42.5723ms, max=138.832ms, average=102.098ms, deviation=25.8792ms]
  hot path drops:           0 [min=0, max=1, average=0.0714286, deviation=0.267261]
  behavior planner period:  99.9992ms [min=99.9802ms, max=100.015ms, average=100ms, deviation=0.00861344ms]
----------------------------------------------------------

----------------------------------------------------------
sample path: (IntersectionOutput) 
  order timepoint           sequence nr.                  node name     dropped samples
latency

Statistics:
  latency:                  95.4015ms [min=74.2178ms, max=137.735ms, average=99.902ms, deviation=17.3955ms]
----------------------------------------------------------

----------------------------------------------------------
sample path: (IntersectionOutput) 
  order timepoint           sequence nr.                  node name     dropped samples
latency

Statistics:
  latency:                  96.1179ms [min=74.2178ms, max=137.735ms, average=99.7028ms, deviation=16.9277ms]
----------------------------------------------------------

----------------------------------------------------------
sample path: (VehicleDBWSystem) 
  order timepoint           sequence nr.                  node name     dropped samples
bp period
latency

Statistics:
  latency:                  345.893ms [min=295.213ms, max=477.777ms, average=404.533ms, deviation=60.8623ms]
hotpath
  hot path:                 FrontLidarDriver/RearLidarDriver -> ObjectCollisionEstimator
  hot path latency:         86.1479ms [min=42.5723ms, max=138.832ms, average=101.035ms, deviation=25.2756ms]
  hot path drops:           0 [min=0, max=1, average=0.0666667, deviation=0.258199]
  behavior planner period:  99.9962ms [min=99.9802ms, max=100.015ms, average=99.9998ms, deviation=0.00835912ms]
----------------------------------------------------------

----------------------------------------------------------
sample path: (IntersectionOutput) 
  order timepoint           sequence nr.                  node name     dropped samples
latency

Statistics:
  latency:                  76.324ms [min=74.2178ms, max=137.735ms, average=98.5339ms, deviation=17.2856ms]
----------------------------------------------------------

----------------------------------------------------------
sample path: (VehicleDBWSystem) 
  order timepoint           sequence nr.                  node name     dropped samples
bp period
latency

Statistics:
  latency:                  359.889ms [min=295.213ms, max=477.777ms, average=401.906ms, deviation=59.9161ms]
hotpath
  hot path:                 FrontLidarDriver/RearLidarDriver -> ObjectCollisionEstimator
  hot path latency:         77.683ms [min=42.5723ms, max=138.832ms, average=99.5754ms, deviation=25.1067ms]
  hot path drops:           0 [min=0, max=1, average=0.0625, deviation=0.25]
  behavior planner period:  100.005ms [min=99.9802ms, max=100.015ms, average=100ms, deviation=0.00817251ms]
----------------------------------------------------------

----------------------------------------------------------
sample path: (IntersectionOutput) 
  order timepoint           sequence nr.                  node name     dropped samples
latency

Statistics:
  latency:                  90.6227ms [min=74.2178ms, max=137.735ms, average=98.1571ms, deviation=16.9362ms]
----------------------------------------------------------

----------------------------------------------------------
sample path: (VehicleDBWSystem) 
  order timepoint           sequence nr.                  node name     dropped samples
bp period
latency

Statistics:
  latency:                  391.28ms [min=295.213ms, max=477.777ms, average=401.316ms, deviation=58.1811ms]
  behavior planner period:  100ms [min=99.9802ms, max=100.015ms, average=100ms, deviation=0.007913ms]
----------------------------------------------------------

----------------------------------------------------------
sample path: (IntersectionOutput) 
  order timepoint           sequence nr.                  node name     dropped samples
latency

Statistics:
  latency:                  123.283ms [min=74.2178ms, max=137.735ms, average=99.2992ms, deviation=17.3744ms]
----------------------------------------------------------

----------------------------------------------------------
sample path: (VehicleDBWSystem) 
  order timepoint           sequence nr.                  node name     dropped samples
bp period
latency

Statistics:
  latency:                  403.262ms [min=295.213ms, max=477.777ms, average=401.418ms, deviation=56.5436ms]
hotpath
  hot path:                 FrontLidarDriver/RearLidarDriver -> ObjectCollisionEstimator
  hot path latency:         137.025ms [min=42.5723ms, max=138.832ms, average=101.778ms, deviation=25.9508ms]
  hot path drops:           0 [min=0, max=1, average=0.0588235, deviation=0.242536]
  behavior planner period:  100.021ms [min=99.9802ms, max=100.021ms, average=100.001ms, deviation=0.00905861ms]
----------------------------------------------------------

----------------------------------------------------------
sample path: (IntersectionOutput) 
  order timepoint           sequence nr.                  node name     dropped samples
latency

Statistics:
  latency:                  141.943ms [min=74.2178ms, max=141.943ms, average=101.153ms, deviation=19.1628ms]
----------------------------------------------------------

----------------------------------------------------------
sample path: (VehicleDBWSystem) 
  order timepoint           sequence nr.                  node name     dropped samples
bp period
latency

Statistics:
  latency:                  413.291ms [min=295.213ms, max=477.777ms, average=402.012ms, deviation=55.0995ms]
hotpath
  hot path:                 FrontLidarDriver/RearLidarDriver -> ObjectCollisionEstimator
  hot path latency:         149.091ms [min=42.5723ms, max=149.091ms, average=104.407ms, deviation=27.5353ms]
  hot path drops:           0 [min=0, max=1, average=0.0555556, deviation=0.235702]
  behavior planner period:  99.9618ms [min=99.9618ms, max=100.021ms, average=99.9992ms, deviation=0.0126226ms]
----------------------------------------------------------

----------------------------------------------------------
sample path: (IntersectionOutput) 
  order timepoint           sequence nr.                  node name     dropped samples
latency

Statistics:
  latency:                  102.925ms [min=74.2178ms, max=141.943ms, average=101.227ms, deviation=18.7451ms]
----------------------------------------------------------

----------------------------------------------------------
sample path: (VehicleDBWSystem) 
  order timepoint           sequence nr.                  node name     dropped samples
bp period
latency

Statistics:
  latency:                  544.459ms [min=295.213ms, max=544.459ms, average=408.795ms, deviation=62.0517ms]
hotpath
  hot path:                 FrontLidarDriver/RearLidarDriver -> ObjectCollisionEstimator
  hot path latency:         138.604ms [min=42.5723ms, max=149.091ms, average=106.207ms, deviation=27.8858ms]
  hot path drops:           0 [min=0, max=1, average=0.0526316, deviation=0.229416]
  behavior planner period:  99.9984ms [min=99.9618ms, max=100.021ms, average=99.9991ms, deviation=0.0122871ms]
----------------------------------------------------------

----------------------------------------------------------
sample path: (IntersectionOutput) 
  order timepoint           sequence nr.                  node name     dropped samples
latency

Statistics:
  latency:                  121.879ms [min=74.2178ms, max=141.943ms, average=102.053ms, deviation=18.8096ms]
----------------------------------------------------------

----------------------------------------------------------
sample path: (VehicleDBWSystem) 
  order timepoint           sequence nr.                  node name     dropped samples
bp period
latency

Statistics:
  latency:                  368.062ms [min=295.213ms, max=544.459ms, average=406.944ms, deviation=61.1758ms]
hotpath
  hot path:                 FrontLidarDriver/RearLidarDriver -> ObjectCollisionEstimator
  hot path latency:         114.263ms [min=42.5723ms, max=149.091ms, average=106.609ms, deviation=27.2018ms]
  hot path drops:           0 [min=0, max=1, average=0.05, deviation=0.223607]
  behavior planner period:  100.003ms [min=99.9618ms, max=100.021ms, average=99.9993ms, deviation=0.0120059ms]
----------------------------------------------------------

----------------------------------------------------------
sample path: (IntersectionOutput) 
  order timepoint           sequence nr.                  node name     dropped samples
latency

Statistics:
  latency:                  92.3019ms [min=74.2178ms, max=141.943ms, average=101.678ms, deviation=18.5285ms]
----------------------------------------------------------

----------------------------------------------------------
sample path: (IntersectionOutput) 
  order timepoint           sequence nr.                  node name     dropped samples
latency

Statistics:
  latency:                  96.9095ms [min=74.2178ms, max=141.943ms, average=101.502ms, deviation=18.1918ms]
----------------------------------------------------------

----------------------------------------------------------
sample path: (VehicleDBWSystem) 
  order timepoint           sequence nr.                  node name     dropped samples
bp period
latency

Statistics:
  latency:                  434.677ms [min=295.213ms, max=544.459ms, average=408.15ms, deviation=60.0483ms]
hotpath
  hot path:                 FrontLidarDriver/RearLidarDriver -> ObjectCollisionEstimator
  hot path latency:         145.052ms [min=42.5723ms, max=149.091ms, average=108.44ms, deviation=27.8085ms]
  hot path drops:           0 [min=0, max=1, average=0.047619, deviation=0.218218]
  behavior planner period:  99.9932ms [min=99.9618ms, max=100.021ms, average=99.999ms, deviation=0.0117886ms]
----------------------------------------------------------

----------------------------------------------------------
sample path: (IntersectionOutput) 
  order timepoint           sequence nr.                  node name     dropped samples
latency

Statistics:
  latency:                  102.761ms [min=74.2178ms, max=141.943ms, average=101.547ms, deviation=17.8534ms]
----------------------------------------------------------

----------------------------------------------------------
sample path: (VehicleDBWSystem) 
  order timepoint           sequence nr.                  node name     dropped samples
bp period
latency

Statistics:
  latency:                  422.738ms [min=295.213ms, max=544.459ms, average=408.757ms, deviation=58.8039ms]
hotpath
  hot path:                 FrontLidarDriver/RearLidarDriver -> ObjectCollisionEstimator
  hot path latency:         111.615ms [min=42.5723ms, max=149.091ms, average=108.584ms, deviation=27.1468ms]
  hot path drops:           0 [min=0, max=1, average=0.0454545, deviation=0.213201]
  behavior planner period:  99.9985ms [min=99.9618ms, max=100.021ms, average=99.999ms, deviation=0.0115181ms]
----------------------------------------------------------

----------------------------------------------------------
sample path: (IntersectionOutput) 
  order timepoint           sequence nr.                  node name     dropped samples
latency

Statistics:
  latency:                  138.146ms [min=74.2178ms, max=141.943ms, average=102.809ms, deviation=18.8029ms]
----------------------------------------------------------

----------------------------------------------------------
sample path: (VehicleDBWSystem) 
  order timepoint           sequence nr.                  node name     dropped samples
bp period
latency

Statistics:
  latency:                  419.229ms [min=295.213ms, max=544.459ms, average=409.176ms, deviation=57.6039ms]
hotpath
  hot path:                 FrontLidarDriver/RearLidarDriver -> ObjectCollisionEstimator
  hot path latency:         44.5997ms [min=42.5723ms, max=149.091ms, average=105.802ms, deviation=29.6892ms]
  hot path drops:           1 [min=0, max=1, average=0.0869565, deviation=0.288104]
  behavior planner period:  100ms [min=99.9618ms, max=100.021ms, average=99.9991ms, deviation=0.0112671ms]
----------------------------------------------------------

----------------------------------------------------------
sample path: (IntersectionOutput) 
  order timepoint           sequence nr.                  node name     dropped samples
latency

Statistics:
  latency:                  76.5477ms [min=74.2178ms, max=141.943ms, average=101.933ms, deviation=19.0878ms]
----------------------------------------------------------

----------------------------------------------------------
sample path: (VehicleDBWSystem) 
  order timepoint           sequence nr.                  node name     dropped samples
bp period
latency

Statistics:
  latency:                  476.135ms [min=295.213ms, max=544.459ms, average=411.752ms, deviation=57.9475ms]
hotpath
  hot path:                 FrontLidarDriver/RearLidarDriver -> ObjectCollisionEstimator
  hot path latency:         137.477ms [min=42.5723ms, max=149.091ms, average=107.122ms, deviation=29.7477ms]
  hot path drops:           0 [min=0, max=1, average=0.0833333, deviation=0.28233]
  behavior planner period:  99.9996ms [min=99.9618ms, max=100.021ms, average=99.9991ms, deviation=0.0110305ms]
----------------------------------------------------------

----------------------------------------------------------
sample path: (IntersectionOutput) 
  order timepoint           sequence nr.                  node name     dropped samples
latency

Statistics:
  latency:                  99.5971ms [min=74.2178ms, max=141.943ms, average=101.858ms, deviation=18.7717ms]
----------------------------------------------------------

----------------------------------------------------------
sample path: (VehicleDBWSystem) 
  order timepoint           sequence nr.                  node name     dropped samples
bp period
latency

Statistics:
  latency:                  356.058ms [min=295.213ms, max=544.459ms, average=409.689ms, deviation=57.8243ms]
hotpath
  hot path:                 FrontLidarDriver/RearLidarDriver -> ObjectCollisionEstimator
  hot path latency:         82.7537ms [min=42.5723ms, max=149.091ms, average=106.147ms, deviation=29.5264ms]
  hot path drops:           0 [min=0, max=1, average=0.08, deviation=0.276887]
  behavior planner period:  100.003ms [min=99.9618ms, max=100.021ms, average=99.9992ms, deviation=0.0108285ms]
----------------------------------------------------------

----------------------------------------------------------
sample path: (IntersectionOutput) 
  order timepoint           sequence nr.                  node name     dropped samples
latency

Statistics:
  latency:                  115.096ms [min=74.2178ms, max=141.943ms, average=102.272ms, deviation=18.6142ms]
----------------------------------------------------------

----------------------------------------------------------
sample path: (VehicleDBWSystem) 
  order timepoint           sequence nr.                  node name     dropped samples
bp period
latency

Statistics:
  latency:                  378.281ms [min=295.213ms, max=544.459ms, average=408.567ms, deviation=57.0529ms]
  behavior planner period:  100.041ms [min=99.9618ms, max=100.041ms, average=100.001ms, deviation=0.0133444ms]
----------------------------------------------------------

----------------------------------------------------------
sample path: (IntersectionOutput) 
  order timepoint           sequence nr.                  node name     dropped samples
latency

Statistics:
  latency:                  119.385ms [min=74.2178ms, max=141.943ms, average=102.79ms, deviation=18.5616ms]
----------------------------------------------------------

----------------------------------------------------------
sample path: (VehicleDBWSystem) 
  order timepoint           sequence nr.                  node name     dropped samples
bp period
latency

Statistics:
  latency:                  318.661ms [min=295.213ms, max=544.459ms, average=405.467ms, deviation=58.4595ms]
hotpath
  hot path:                 FrontLidarDriver/RearLidarDriver -> ObjectCollisionEstimator
  hot path latency:         138.449ms [min=42.5723ms, max=149.091ms, average=107.39ms, deviation=29.6153ms]
  hot path drops:           0 [min=0, max=1, average=0.0769231, deviation=0.271746]
  behavior planner period:  99.977ms [min=99.9618ms, max=100.041ms, average=99.9999ms, deviation=0.0138463ms]
----------------------------------------------------------

----------------------------------------------------------
sample path: (IntersectionOutput) 
  order timepoint           sequence nr.                  node name     dropped samples
latency

Statistics:
  latency:                  87.9451ms [min=74.2178ms, max=141.943ms, average=102.354ms, deviation=18.4547ms]
----------------------------------------------------------

----------------------------------------------------------
sample path: (IntersectionOutput) 
  order timepoint           sequence nr.                  node name     dropped samples
latency

Statistics:
  latency:                  120.855ms [min=74.2178ms, max=141.943ms, average=102.882ms, deviation=18.4482ms]
----------------------------------------------------------

----------------------------------------------------------
sample path: (VehicleDBWSystem) 
  order timepoint           sequence nr.                  node name     dropped samples
bp period
latency

Statistics:
  latency:                  388.84ms [min=295.213ms, max=544.459ms, average=404.913ms, deviation=57.5229ms]
hotpath
  hot path:                 FrontLidarDriver/RearLidarDriver -> ObjectCollisionEstimator
  hot path latency:         52.6082ms [min=42.5723ms, max=149.091ms, average=105.361ms, deviation=30.8947ms]
  hot path drops:           1 [min=0, max=1, average=0.111111, deviation=0.320256]
  behavior planner period:  100.004ms [min=99.9618ms, max=100.041ms, average=100ms, deviation=0.0136133ms]
----------------------------------------------------------

----------------------------------------------------------
sample path: (IntersectionOutput) 
  order timepoint           sequence nr.                  node name     dropped samples
latency

Statistics:
  latency:                  137.065ms [min=74.2178ms, max=141.943ms, average=103.832ms, deviation=19.0544ms]
----------------------------------------------------------

----------------------------------------------------------
sample path: (VehicleDBWSystem) 
  order timepoint           sequence nr.                  node name     dropped samples
bp period
latency

Statistics:
  latency:                  385.691ms [min=295.213ms, max=544.459ms, average=404.293ms, deviation=56.6613ms]
hotpath
  hot path:                 FrontLidarDriver/RearLidarDriver -> ObjectCollisionEstimator
  hot path latency:         111.62ms [min=42.5723ms, max=149.091ms, average=105.584ms, deviation=30.3403ms]
  hot path drops:           0 [min=0, max=1, average=0.107143, deviation=0.31497]
  behavior planner period:  99.9994ms [min=99.9618ms, max=100.041ms, average=100ms, deviation=0.0133771ms]
----------------------------------------------------------

----------------------------------------------------------
sample path: (IntersectionOutput) 
  order timepoint           sequence nr.                  node name     dropped samples
latency

Statistics:
  latency:                  78.3582ms [min=74.2178ms, max=141.943ms, average=103.143ms, deviation=19.249ms]
----------------------------------------------------------

----------------------------------------------------------
sample path: (VehicleDBWSystem) 
  order timepoint           sequence nr.                  node name     dropped samples
bp period
latency

Statistics:
  latency:                  460.004ms [min=295.213ms, max=544.459ms, average=406.034ms, deviation=56.6033ms]
hotpath
  hot path:                 FrontLidarDriver/RearLidarDriver -> ObjectCollisionEstimator
  hot path latency:         135.426ms [min=42.5723ms, max=149.091ms, average=106.613ms, deviation=30.3045ms]
  hot path drops:           0 [min=0, max=1, average=0.103448, deviation=0.309934]
  behavior planner period:  100.006ms [min=99.9618ms, max=100.041ms, average=100ms, deviation=0.0132024ms]
----------------------------------------------------------

----------------------------------------------------------
sample path: (IntersectionOutput) 
  order timepoint           sequence nr.                  node name     dropped samples
latency

Statistics:
  latency:                  112.345ms [min=74.2178ms, max=141.943ms, average=103.385ms, deviation=19.0457ms]
----------------------------------------------------------

----------------------------------------------------------
sample path: (VehicleDBWSystem) 
  order timepoint           sequence nr.                  node name     dropped samples
bp period
latency

Statistics:
  latency:                  483.65ms [min=295.213ms, max=544.459ms, average=408.386ms, deviation=57.3268ms]
hotpath
  hot path:                 FrontLidarDriver/RearLidarDriver -> ObjectCollisionEstimator
  hot path latency:         111.607ms [min=42.5723ms, max=149.091ms, average=106.78ms, deviation=29.7914ms]
  hot path drops:           0 [min=0, max=1, average=0.1, deviation=0.305129]
  behavior planner period:  100.001ms [min=99.9618ms, max=100.041ms, average=100ms, deviation=0.0129882ms]
----------------------------------------------------------

----------------------------------------------------------
sample path: (IntersectionOutput) 
  order timepoint           sequence nr.                  node name     dropped samples
latency

Statistics:
  latency:                  129.286ms [min=74.2178ms, max=141.943ms, average=104.049ms, deviation=19.2456ms]
----------------------------------------------------------

