FrontLidarDriver
RearLidarDriver
PointCloudMap
Visualizer
Lanelet2Map
EuclideanClusterSettings
PointsTransformerFront
PointsTransformerRear
VoxelGridDownsampler
PointCloudMapLoader
RayGroundFilter
ObjectCollisionEstimator
MPCController
ParkingPlanner
LanePlanner
PointCloudFusion
NDTLocalizer
VehicleInterface
Lanelet2GlobalPlanner
Lanelet2MapLoader
BehaviorPlanner
EuclideanClusterDetector
VehicleDBWSystem
IntersectionOutput
EuclideanClusterDetector
ObjectCollisionEstimator
PointCloudFusion
RayGroundFilter
----------------------------------------------------------
sample path: (IntersectionOutput) 
  order timepoint           sequence nr.                  node name     dropped samples
latency

Statistics:
  latency:                  46.3823ms [min=46.3823ms, max=46.3823ms, average=46.3823ms, deviation=-nanms]
----------------------------------------------------------

----------------------------------------------------------
sample path: (IntersectionOutput) 
  order timepoint           sequence nr.                  node name     dropped samples
latency

Statistics:
  latency:                  43.9803ms [min=43.9803ms, max=46.3823ms, average=45.1813ms, deviation=1.69843ms]
----------------------------------------------------------

----------------------------------------------------------
sample path: (IntersectionOutput) 
  order timepoint           sequence nr.                  node name     dropped samples
latency

Statistics:
  latency:                  22.2216ms [min=22.2216ms, max=46.3823ms, average=37.5281ms, deviation=13.3101ms]
----------------------------------------------------------

----------------------------------------------------------
sample path: (IntersectionOutput) 
  order timepoint           sequence nr.                  node name     dropped samples
latency

Statistics:
  latency:                  21.9363ms [min=21.9363ms, max=46.3823ms, average=33.6301ms, deviation=13.3747ms]
----------------------------------------------------------

----------------------------------------------------------
sample path: (VehicleDBWSystem) 
  order timepoint           sequence nr.                  node name     dropped samples
latency

Statistics:
  latency:                  292.623ms [min=292.623ms, max=292.623ms, average=292.623ms, deviation=-nanms]
hotpath
  hot path:                 FrontLidarDriver/RearLidarDriver -> ObjectCollisionEstimator
  hot path latency:         139.371ms [min=139.371ms, max=139.371ms, average=139.371ms, deviation=-nanms]
  hot path drops:           0 [min=0, max=0, average=0, deviation=-nan]
  behavior planner period:  0ms [min=1.84467e+13ms, max=0ms, average=0ms, deviation=0ms]
----------------------------------------------------------

----------------------------------------------------------
sample path: (IntersectionOutput) 
  order timepoint           sequence nr.                  node name     dropped samples
latency

Statistics:
  latency:                  54.9866ms [min=21.9363ms, max=54.9866ms, average=37.9014ms, deviation=15.0127ms]
----------------------------------------------------------

----------------------------------------------------------
sample path: (IntersectionOutput) 
  order timepoint           sequence nr.                  node name     dropped samples
latency

Statistics:
  latency:                  43.5584ms [min=21.9363ms, max=54.9866ms, average=38.8442ms, deviation=13.6249ms]
----------------------------------------------------------

----------------------------------------------------------
sample path: (IntersectionOutput) 
  order timepoint           sequence nr.                  node name     dropped samples
latency

Statistics:
  latency:                  21.668ms [min=21.668ms, max=54.9866ms, average=36.3905ms, deviation=14.0302ms]
----------------------------------------------------------

----------------------------------------------------------
sample path: (VehicleDBWSystem) 
  order timepoint           sequence nr.                  node name     dropped samples
bp period
latency

Statistics:
  latency:                  290.172ms [min=290.172ms, max=292.623ms, average=291.397ms, deviation=1.73279ms]
hotpath
  hot path:                 FrontLidarDriver/RearLidarDriver -> ObjectCollisionEstimator
  hot path latency:         128.432ms [min=128.432ms, max=139.371ms, average=133.902ms, deviation=7.73474ms]
  hot path drops:           0 [min=0, max=0, average=0, deviation=0]
  behavior planner period:  100.001ms [min=100.001ms, max=100.001ms, average=100.001ms, deviation=-nanms]
----------------------------------------------------------

----------------------------------------------------------
sample path: (IntersectionOutput) 
  order timepoint           sequence nr.                  node name     dropped samples
latency

Statistics:
  latency:                  90.6994ms [min=21.668ms, max=90.6994ms, average=43.1791ms, deviation=23.182ms]
----------------------------------------------------------

----------------------------------------------------------
sample path: (IntersectionOutput) 
  order timepoint           sequence nr.                  node name     dropped samples
latency

Statistics:
  latency:                  85.1907ms [min=21.668ms, max=90.6994ms, average=47.8471ms, deviation=25.8135ms]
----------------------------------------------------------

----------------------------------------------------------
sample path: (VehicleDBWSystem) 
  order timepoint           sequence nr.                  node name     dropped samples
bp period
latency

Statistics:
  latency:                  322.056ms [min=290.172ms, max=322.056ms, average=301.617ms, deviation=17.7431ms]
hotpath
  hot path:                 FrontLidarDriver/RearLidarDriver -> ObjectCollisionEstimator
  hot path latency:         139.526ms [min=128.432ms, max=139.526ms, average=135.776ms, deviation=6.36058ms]
  hot path drops:           0 [min=0, max=0, average=0, deviation=0]
  behavior planner period:  100.006ms [min=100.001ms, max=100.006ms, average=100.004ms, deviation=0.00388979ms]
----------------------------------------------------------

----------------------------------------------------------
sample path: (IntersectionOutput) 
  order timepoint           sequence nr.                  node name     dropped samples
latency

Statistics:
  latency:                  52.6136ms [min=21.668ms, max=90.6994ms, average=48.3237ms, deviation=24.3839ms]
----------------------------------------------------------

----------------------------------------------------------
sample path: (IntersectionOutput) 
  order timepoint           sequence nr.                  node name     dropped samples
latency

Statistics:
  latency:                  33.3539ms [min=21.668ms, max=90.6994ms, average=46.9628ms, deviation=23.5688ms]
----------------------------------------------------------

----------------------------------------------------------
sample path: (IntersectionOutput) 
  order timepoint           sequence nr.                  node name     dropped samples
latency

Statistics:
  latency:                  58.4264ms [min=21.668ms, max=90.6994ms, average=47.9181ms, deviation=22.7143ms]
----------------------------------------------------------

----------------------------------------------------------
sample path: (VehicleDBWSystem) 
  order timepoint           sequence nr.                  node name     dropped samples
bp period
latency

Statistics:
  latency:                  292.827ms [min=290.172ms, max=322.056ms, average=299.419ms, deviation=15.1392ms]
hotpath
  hot path:                 FrontLidarDriver/RearLidarDriver -> ObjectCollisionEstimator
  hot path latency:         136.894ms [min=128.432ms, max=139.526ms, average=136.056ms, deviation=5.22336ms]
  hot path drops:           0 [min=0, max=0, average=0, deviation=0]
  behavior planner period:  99.997ms [min=99.997ms, max=100.006ms, average=100.001ms, deviation=0.00467588ms]
----------------------------------------------------------

----------------------------------------------------------
sample path: (IntersectionOutput) 
  order timepoint           sequence nr.                  node name     dropped samples
latency

Statistics:
  latency:                  55.8851ms [min=21.668ms, max=90.6994ms, average=48.531ms, deviation=21.8593ms]
----------------------------------------------------------

----------------------------------------------------------
sample path: (IntersectionOutput) 
  order timepoint           sequence nr.                  node name     dropped samples
latency

Statistics:
  latency:                  46.3231ms [min=21.668ms, max=90.6994ms, average=48.3733ms, deviation=21.01ms]
----------------------------------------------------------

----------------------------------------------------------
sample path: (VehicleDBWSystem) 
  order timepoint           sequence nr.                  node name     dropped samples
bp period
latency

Statistics:
  latency:                  281.197ms [min=281.197ms, max=322.056ms, average=295.775ms, deviation=15.4372ms]
hotpath
  hot path:                 FrontLidarDriver/RearLidarDriver -> ObjectCollisionEstimator
  hot path latency:         76.216ms [min=76.216ms, max=139.526ms, average=124.088ms, deviation=27.1408ms]
  hot path drops:           0 [min=0, max=0, average=0, deviation=0]
  behavior planner period:  100.015ms [min=99.997ms, max=100.015ms, average=100.005ms, deviation=0.00790054ms]
----------------------------------------------------------

----------------------------------------------------------
sample path: (IntersectionOutput) 
  order timepoint           sequence nr.                  node name     dropped samples
latency

Statistics:
  latency:                  45.8262ms [min=21.668ms, max=90.6994ms, average=48.2034ms, deviation=20.2564ms]
----------------------------------------------------------

----------------------------------------------------------
sample path: (IntersectionOutput) 
  order timepoint           sequence nr.                  node name     dropped samples
latency

Statistics:
  latency:                  44.6466ms [min=21.668ms, max=90.6994ms, average=47.9811ms, deviation=19.5898ms]
----------------------------------------------------------

----------------------------------------------------------
sample path: (IntersectionOutput) 
  order timepoint           sequence nr.                  node name     dropped samples
latency

Statistics:
  latency:                  21.8625ms [min=21.668ms, max=90.6994ms, average=46.4448ms, deviation=19.9976ms]
----------------------------------------------------------

----------------------------------------------------------
sample path: (IntersectionOutput) 
  order timepoint           sequence nr.                  node name     dropped samples
latency

Statistics:
  latency:                  35.5753ms [min=21.668ms, max=90.6994ms, average=45.8409ms, deviation=19.5689ms]
----------------------------------------------------------

----------------------------------------------------------
sample path: (VehicleDBWSystem) 
  order timepoint           sequence nr.                  node name     dropped samples
bp period
latency

Statistics:
  latency:                  294.899ms [min=281.197ms, max=322.056ms, average=295.629ms, deviation=13.8121ms]
  behavior planner period:  99.9899ms [min=99.9899ms, max=100.015ms, average=100.002ms, deviation=0.00955874ms]
----------------------------------------------------------

----------------------------------------------------------
sample path: (IntersectionOutput) 
  order timepoint           sequence nr.                  node name     dropped samples
latency

Statistics:
  latency:                  64.6591ms [min=21.668ms, max=90.6994ms, average=46.8313ms, deviation=19.5014ms]
----------------------------------------------------------

----------------------------------------------------------
sample path: (IntersectionOutput) 
  order timepoint           sequence nr.                  node name     dropped samples
latency

Statistics:
  latency:                  31.9617ms [min=21.668ms, max=90.6994ms, average=46.0878ms, deviation=19.2703ms]
----------------------------------------------------------

----------------------------------------------------------
sample path: (IntersectionOutput) 
  order timepoint           sequence nr.                  node name     dropped samples
latency

Statistics:
  latency:                  31.2402ms [min=21.668ms, max=90.6994ms, average=45.3808ms, deviation=19.0598ms]
----------------------------------------------------------

----------------------------------------------------------
sample path: (VehicleDBWSystem) 
  order timepoint           sequence nr.                  node name     dropped samples
bp period
latency

Statistics:
  latency:                  304.719ms [min=281.197ms, max=322.056ms, average=296.928ms, deviation=13.0684ms]
hotpath
  hot path:                 FrontLidarDriver/RearLidarDriver -> ObjectCollisionEstimator
  hot path latency:         79.5364ms [min=76.216ms, max=139.526ms, average=116.663ms, deviation=30.3332ms]
  hot path drops:           0 [min=0, max=0, average=0, deviation=0]
  behavior planner period:  100.003ms [min=99.9899ms, max=100.015ms, average=100.002ms, deviation=0.00855523ms]
----------------------------------------------------------

----------------------------------------------------------
sample path: (IntersectionOutput) 
  order timepoint           sequence nr.                  node name     dropped samples
latency

Statistics:
  latency:                  54.1088ms [min=21.668ms, max=90.6994ms, average=45.7775ms, deviation=18.6933ms]
----------------------------------------------------------

----------------------------------------------------------
sample path: (IntersectionOutput) 
  order timepoint           sequence nr.                  node name     dropped samples
latency

Statistics:
  latency:                  75.7337ms [min=21.668ms, max=90.6994ms, average=47.08ms, deviation=19.3021ms]
----------------------------------------------------------

----------------------------------------------------------
sample path: (VehicleDBWSystem) 
  order timepoint           sequence nr.                  node name     dropped samples
bp period
latency

Statistics:
  latency:                  295.317ms [min=281.197ms, max=322.056ms, average=296.726ms, deviation=12.1124ms]
hotpath
  hot path:                 FrontLidarDriver/RearLidarDriver -> ObjectCollisionEstimator
  hot path latency:         64.9176ms [min=64.9176ms, max=139.526ms, average=109.27ms, deviation=33.9007ms]
  hot path drops:           0 [min=0, max=0, average=0, deviation=0]
  behavior planner period:  100.013ms [min=99.9899ms, max=100.015ms, average=100.004ms, deviation=0.00878333ms]
----------------------------------------------------------

----------------------------------------------------------
sample path: (IntersectionOutput) 
  order timepoint           sequence nr.                  node name     dropped samples
latency

Statistics:
  latency:                  56.8588ms [min=21.668ms, max=90.6994ms, average=47.4874ms, deviation=18.9831ms]
----------------------------------------------------------

----------------------------------------------------------
sample path: (IntersectionOutput) 
  order timepoint           sequence nr.                  node name     dropped samples
latency

Statistics:
  latency:                  64.1962ms [min=21.668ms, max=90.6994ms, average=48.1558ms, deviation=18.8815ms]
----------------------------------------------------------

----------------------------------------------------------
sample path: (IntersectionOutput) 
  order timepoint           sequence nr.                  node name     dropped samples
latency

Statistics:
  latency:                  110.674ms [min=21.668ms, max=110.674ms, average=50.5603ms, deviation=22.1941ms]
----------------------------------------------------------

----------------------------------------------------------
sample path: (VehicleDBWSystem) 
  order timepoint           sequence nr.                  node name     dropped samples
bp period
latency

Statistics:
  latency:                  305.742ms [min=281.197ms, max=322.056ms, average=297.728ms, deviation=11.7218ms]
hotpath
  hot path:                 FrontLidarDriver/RearLidarDriver -> ObjectCollisionEstimator
  hot path latency:         79.3475ms [min=64.9176ms, max=139.526ms, average=105.53ms, deviation=33.121ms]
  hot path drops:           0 [min=0, max=0, average=0, deviation=0]
  behavior planner period:  100.082ms [min=99.9899ms, max=100.082ms, average=100.013ms, deviation=0.0289599ms]
----------------------------------------------------------

----------------------------------------------------------
sample path: (IntersectionOutput) 
  order timepoint           sequence nr.                  node name     dropped samples
latency

Statistics:
  latency:                  103.456ms [min=21.668ms, max=110.674ms, average=52.5194ms, deviation=24.0262ms]
----------------------------------------------------------

----------------------------------------------------------
sample path: (IntersectionOutput) 
  order timepoint           sequence nr.                  node name     dropped samples
latency

Statistics:
  latency:                  66.3976ms [min=21.668ms, max=110.674ms, average=53.0151ms, deviation=23.7225ms]
----------------------------------------------------------

----------------------------------------------------------
sample path: (VehicleDBWSystem) 
  order timepoint           sequence nr.                  node name     dropped samples
bp period
latency

Statistics:
  latency:                  277.167ms [min=277.167ms, max=322.056ms, average=295.672ms, deviation=12.8223ms]
hotpath
  hot path:                 FrontLidarDriver/RearLidarDriver -> ObjectCollisionEstimator
  hot path latency:         79.8915ms [min=64.9176ms, max=139.526ms, average=102.681ms, deviation=32.139ms]
  hot path drops:           0 [min=0, max=0, average=0, deviation=0]
  behavior planner period:  99.909ms [min=99.909ms, max=100.082ms, average=100.002ms, deviation=0.0440783ms]
----------------------------------------------------------

----------------------------------------------------------
sample path: (IntersectionOutput) 
  order timepoint           sequence nr.                  node name     dropped samples
latency

Statistics:
  latency:                  77.7882ms [min=21.668ms, max=110.674ms, average=53.8693ms, deviation=23.7449ms]
----------------------------------------------------------

----------------------------------------------------------
sample path: (IntersectionOutput) 
  order timepoint           sequence nr.                  node name     dropped samples
latency

Statistics:
  latency:                  76.2718ms [min=21.668ms, max=110.674ms, average=54.6161ms, deviation=23.6877ms]
----------------------------------------------------------

----------------------------------------------------------
sample path: (IntersectionOutput) 
  order timepoint           sequence nr.                  node name     dropped samples
latency

Statistics:
  latency:                  54.2523ms [min=21.668ms, max=110.674ms, average=54.6043ms, deviation=23.2897ms]
----------------------------------------------------------

----------------------------------------------------------
sample path: (VehicleDBWSystem) 
  order timepoint           sequence nr.                  node name     dropped samples
bp period
latency

Statistics:
  latency:                  354.838ms [min=277.167ms, max=354.838ms, average=301.051ms, deviation=21.5919ms]
hotpath
  hot path:                 FrontLidarDriver/RearLidarDriver -> ObjectCollisionEstimator
  hot path latency:         60.2709ms [min=60.2709ms, max=139.526ms, average=98.4403ms, deviation=33.1363ms]
  hot path drops:           0 [min=0, max=0, average=0, deviation=0]
  behavior planner period:  100.003ms [min=99.909ms, max=100.082ms, average=100.002ms, deviation=0.0415583ms]
----------------------------------------------------------

----------------------------------------------------------
sample path: (IntersectionOutput) 
  order timepoint           sequence nr.                  node name     dropped samples
latency

Statistics:
  latency:                  66.4299ms [min=21.668ms, max=110.674ms, average=54.9739ms, deviation=23.0061ms]
----------------------------------------------------------

----------------------------------------------------------
sample path: (IntersectionOutput) 
  order timepoint           sequence nr.                  node name     dropped samples
latency

Statistics:
  latency:                  78.2602ms [min=21.668ms, max=110.674ms, average=55.6795ms, deviation=23.0038ms]
----------------------------------------------------------

----------------------------------------------------------
sample path: (IntersectionOutput) 
  order timepoint           sequence nr.                  node name     dropped samples
latency

Statistics:
  latency:                  56.0325ms [min=21.668ms, max=110.674ms, average=55.6899ms, deviation=22.6526ms]
----------------------------------------------------------

----------------------------------------------------------
sample path: (VehicleDBWSystem) 
  order timepoint           sequence nr.                  node name     dropped samples
bp period
latency

Statistics:
  latency:                  297.06ms [min=277.167ms, max=354.838ms, average=300.718ms, deviation=20.6193ms]
hotpath
  hot path:                 FrontLidarDriver/RearLidarDriver -> ObjectCollisionEstimator
  hot path latency:         69.4791ms [min=60.2709ms, max=139.526ms, average=95.8075ms, deviation=32.6261ms]
  hot path drops:           0 [min=0, max=0, average=0, deviation=0]
  behavior planner period:  100.001ms [min=99.909ms, max=100.082ms, average=100.002ms, deviation=0.0394265ms]
----------------------------------------------------------

----------------------------------------------------------
sample path: (IntersectionOutput) 
  order timepoint           sequence nr.                  node name     dropped samples
latency

Statistics:
  latency:                  54.9907ms [min=21.668ms, max=110.674ms, average=55.6699ms, deviation=22.3173ms]
----------------------------------------------------------

----------------------------------------------------------
sample path: (IntersectionOutput) 
  order timepoint           sequence nr.                  node name     dropped samples
latency

Statistics:
  latency:                  79.652ms [min=21.668ms, max=110.674ms, average=56.3361ms, deviation=22.3564ms]
----------------------------------------------------------

----------------------------------------------------------
sample path: (IntersectionOutput) 
  order timepoint           sequence nr.                  node name     dropped samples
latency

Statistics:
  latency:                  68.2091ms [min=21.668ms, max=110.674ms, average=56.657ms, deviation=22.13ms]
----------------------------------------------------------

----------------------------------------------------------
sample path: (VehicleDBWSystem) 
  order timepoint           sequence nr.                  node name     dropped samples
bp period
latency

Statistics:
  latency:                  275.828ms [min=275.828ms, max=354.838ms, average=298.803ms, deviation=20.9136ms]
hotpath
  hot path:                 FrontLidarDriver/RearLidarDriver -> ObjectCollisionEstimator
  hot path latency:         69.5179ms [min=60.2709ms, max=139.526ms, average=93.6167ms, deviation=32.0201ms]
  hot path drops:           0 [min=0, max=0, average=0, deviation=0]
  behavior planner period:  100.005ms [min=99.909ms, max=100.082ms, average=100.002ms, deviation=0.0376041ms]
----------------------------------------------------------

----------------------------------------------------------
sample path: (IntersectionOutput) 
  order timepoint           sequence nr.                  node name     dropped samples
latency

Statistics:
  latency:                  42.2543ms [min=21.668ms, max=110.674ms, average=56.278ms, deviation=21.9535ms]
----------------------------------------------------------

----------------------------------------------------------
sample path: (IntersectionOutput) 
  order timepoint           sequence nr.                  node name     dropped samples
latency

Statistics:
  latency:                  31.6964ms [min=21.668ms, max=110.674ms, average=55.6477ms, deviation=22.0175ms]
----------------------------------------------------------

----------------------------------------------------------
sample path: (IntersectionOutput) 
  order timepoint           sequence nr.                  node name     dropped samples
latency

Statistics:
  latency:                  32.5912ms [min=21.668ms, max=110.674ms, average=55.0713ms, deviation=22.037ms]
----------------------------------------------------------

----------------------------------------------------------
sample path: (IntersectionOutput) 
  order timepoint           sequence nr.                  node name     dropped samples
latency

Statistics:
  latency:                  57.086ms [min=21.668ms, max=110.674ms, average=55.1204ms, deviation=21.7621ms]
----------------------------------------------------------

----------------------------------------------------------
sample path: (VehicleDBWSystem) 
  order timepoint           sequence nr.                  node name     dropped samples
bp period
latency

Statistics:
  latency:                  298.709ms [min=275.828ms, max=354.838ms, average=298.797ms, deviation=20.0932ms]
hotpath
  hot path:                 FrontLidarDriver/RearLidarDriver -> ObjectCollisionEstimator
  hot path latency:         69.8742ms [min=60.2709ms, max=139.526ms, average=91.7903ms, deviation=31.3561ms]
  hot path drops:           0 [min=0, max=0, average=0, deviation=0]
  behavior planner period:  99.9979ms [min=99.909ms, max=100.082ms, average=100.002ms, deviation=0.0360218ms]
----------------------------------------------------------

----------------------------------------------------------
sample path: (IntersectionOutput) 
  order timepoint           sequence nr.                  node name     dropped samples
latency

Statistics:
  latency:                  21.4227ms [min=21.4227ms, max=110.674ms, average=54.3181ms, deviation=22.115ms]
----------------------------------------------------------

----------------------------------------------------------
sample path: (IntersectionOutput) 
  order timepoint           sequence nr.                  node name     dropped samples
latency

Statistics:
  latency:                  30.5379ms [min=21.4227ms, max=110.674ms, average=53.765ms, deviation=22.149ms]
----------------------------------------------------------

----------------------------------------------------------
sample path: (VehicleDBWSystem) 
  order timepoint           sequence nr.                  node name     dropped samples
bp period
latency

Statistics:
  latency:                  222.593ms [min=222.593ms, max=354.838ms, average=293.716ms, deviation=27.6049ms]
hotpath
  hot path:                 FrontLidarDriver/RearLidarDriver -> ObjectCollisionEstimator
  hot path latency:         78.7688ms [min=60.2709ms, max=139.526ms, average=90.8602ms, deviation=30.3264ms]
  hot path drops:           0 [min=0, max=0, average=0, deviation=0]
  behavior planner period:  100.008ms [min=99.909ms, max=100.082ms, average=100.002ms, deviation=0.0346502ms]
----------------------------------------------------------

----------------------------------------------------------
sample path: (IntersectionOutput) 
  order timepoint           sequence nr.                  node name     dropped samples
latency

Statistics:
  latency:                  53.4867ms [min=21.4227ms, max=110.674ms, average=53.7587ms, deviation=21.89ms]
----------------------------------------------------------

----------------------------------------------------------
sample path: (IntersectionOutput) 
  order timepoint           sequence nr.                  node name     dropped samples
latency

Statistics:
  latency:                  42.9258ms [min=21.4227ms, max=110.674ms, average=53.518ms, deviation=21.7ms]
----------------------------------------------------------

----------------------------------------------------------
sample path: (VehicleDBWSystem) 
  order timepoint           sequence nr.                  node name     dropped samples
bp period
latency

Statistics:
  latency:                  192.647ms [min=192.647ms, max=354.838ms, average=287.4ms, deviation=36.7378ms]
hotpath
  hot path:                 FrontLidarDriver/RearLidarDriver -> ObjectCollisionEstimator
  hot path latency:         79.0317ms [min=60.2709ms, max=139.526ms, average=90.0717ms, deviation=29.3824ms]
  hot path drops:           0 [min=0, max=0, average=0, deviation=0]
  behavior planner period:  99.9954ms [min=99.909ms, max=100.082ms, average=100.002ms, deviation=0.0334359ms]
----------------------------------------------------------

----------------------------------------------------------
sample path: (IntersectionOutput) 
  order timepoint           sequence nr.                  node name     dropped samples
latency

Statistics:
  latency:                  21.5226ms [min=21.4227ms, max=110.674ms, average=52.8224ms, deviation=21.97ms]
----------------------------------------------------------

----------------------------------------------------------
sample path: (IntersectionOutput) 
  order timepoint           sequence nr.                  node name     dropped samples
latency

Statistics:
  latency:                  42.9253ms [min=21.4227ms, max=110.674ms, average=52.6119ms, deviation=21.7778ms]
----------------------------------------------------------

----------------------------------------------------------
sample path: (IntersectionOutput) 
  order timepoint           sequence nr.                  node name     dropped samples
latency

Statistics:
  latency:                  43.385ms [min=21.4227ms, max=110.674ms, average=52.4196ms, deviation=21.586ms]
----------------------------------------------------------

----------------------------------------------------------
sample path: (VehicleDBWSystem) 
  order timepoint           sequence nr.                  node name     dropped samples
bp period
latency

Statistics:
  latency:                  290.696ms [min=192.647ms, max=354.838ms, average=287.594ms, deviation=35.5802ms]
hotpath
  hot path:                 FrontLidarDriver/RearLidarDriver -> ObjectCollisionEstimator
  hot path latency:         60.1684ms [min=60.1684ms, max=139.526ms, average=88.2027ms, deviation=29.354ms]
  hot path drops:           0 [min=0, max=0, average=0, deviation=0]
  behavior planner period:  100.002ms [min=99.909ms, max=100.082ms, average=100.002ms, deviation=0.0323022ms]
----------------------------------------------------------

----------------------------------------------------------
sample path: (IntersectionOutput) 
  order timepoint           sequence nr.                  node name     dropped samples
latency

Statistics:
  latency:                  56.9108ms [min=21.4227ms, max=110.674ms, average=52.5113ms, deviation=21.3696ms]
----------------------------------------------------------

----------------------------------------------------------
sample path: (IntersectionOutput) 
  order timepoint           sequence nr.                  node name     dropped samples
latency

Statistics:
  latency:                  22.8844ms [min=21.4227ms, max=110.674ms, average=51.9187ms, deviation=21.5614ms]
----------------------------------------------------------

----------------------------------------------------------
sample path: (IntersectionOutput) 
  order timepoint           sequence nr.                  node name     dropped samples
latency

Statistics:
  latency:                  33.774ms [min=21.4227ms, max=110.674ms, average=51.563ms, deviation=21.4954ms]
----------------------------------------------------------

----------------------------------------------------------
sample path: (VehicleDBWSystem) 
  order timepoint           sequence nr.                  node name     dropped samples
bp period
latency

Statistics:
  latency:                  264.329ms [min=192.647ms, max=354.838ms, average=286.301ms, deviation=34.9507ms]
hotpath
  hot path:                 FrontLidarDriver/RearLidarDriver -> ObjectCollisionEstimator
  hot path latency:         61.051ms [min=60.1684ms, max=139.526ms, average=86.6055ms, deviation=29.1748ms]
  hot path drops:           0 [min=0, max=0, average=0, deviation=0]
  behavior planner period:  100.009ms [min=99.909ms, max=100.082ms, average=100.002ms, deviation=0.03133ms]
----------------------------------------------------------

----------------------------------------------------------
sample path: (IntersectionOutput) 
  order timepoint           sequence nr.                  node name     dropped samples
latency

Statistics:
  latency:                  11.9629ms [min=11.9629ms, max=110.674ms, average=50.8014ms, deviation=21.9806ms]
----------------------------------------------------------

----------------------------------------------------------
sample path: (IntersectionOutput) 
  order timepoint           sequence nr.                  node name     dropped samples
latency

Statistics:
  latency:                  45.9403ms [min=11.9629ms, max=110.674ms, average=50.7097ms, deviation=21.7785ms]
----------------------------------------------------------

----------------------------------------------------------
sample path: (IntersectionOutput) 
  order timepoint           sequence nr.                  node name     dropped samples
latency

Statistics:
  latency:                  34.1029ms [min=11.9629ms, max=110.674ms, average=50.4022ms, deviation=21.6901ms]
----------------------------------------------------------

----------------------------------------------------------
sample path: (IntersectionOutput) 
  order timepoint           sequence nr.                  node name     dropped samples
latency

Statistics:
  latency:                  33.373ms [min=11.9629ms, max=110.674ms, average=50.0926ms, deviation=21.6107ms]
----------------------------------------------------------

----------------------------------------------------------
sample path: (VehicleDBWSystem) 
  order timepoint           sequence nr.                  node name     dropped samples
bp period
latency

Statistics:
  latency:                  303.781ms [min=192.647ms, max=354.838ms, average=287.221ms, deviation=34.2019ms]
hotpath
  hot path:                 FrontLidarDriver/RearLidarDriver -> ObjectCollisionEstimator
  hot path latency:         73.5403ms [min=60.1684ms, max=139.526ms, average=85.8797ms, deviation=28.4707ms]
  hot path drops:           0 [min=0, max=0, average=0, deviation=0]
  behavior planner period:  100.012ms [min=99.909ms, max=100.082ms, average=100.003ms, deviation=0.0304753ms]
----------------------------------------------------------

----------------------------------------------------------
sample path: (IntersectionOutput) 
  order timepoint           sequence nr.                  node name     dropped samples
latency

Statistics:
  latency:                  55.2377ms [min=11.9629ms, max=110.674ms, average=50.1844ms, deviation=21.4243ms]
----------------------------------------------------------

----------------------------------------------------------
sample path: (IntersectionOutput) 
  order timepoint           sequence nr.                  node name     dropped samples
latency

Statistics:
  latency:                  86.1601ms [min=11.9629ms, max=110.674ms, average=50.8156ms, deviation=21.7603ms]
----------------------------------------------------------

----------------------------------------------------------
sample path: (VehicleDBWSystem) 
  order timepoint           sequence nr.                  node name     dropped samples
bp period
latency

Statistics:
  latency:                  321.811ms [min=192.647ms, max=354.838ms, average=288.951ms, deviation=34.1764ms]
  behavior planner period:  99.9856ms [min=99.909ms, max=100.082ms, average=100.002ms, deviation=0.0298759ms]
----------------------------------------------------------

----------------------------------------------------------
sample path: (IntersectionOutput) 
  order timepoint           sequence nr.                  node name     dropped samples
latency

Statistics:
  latency:                  54.9478ms [min=11.9629ms, max=110.674ms, average=50.8868ms, deviation=21.5754ms]
----------------------------------------------------------

----------------------------------------------------------
sample path: (IntersectionOutput) 
  order timepoint           sequence nr.                  node name     dropped samples
latency

Statistics:
  latency:                  43.6273ms [min=11.9629ms, max=110.674ms, average=50.7638ms, deviation=21.4095ms]
----------------------------------------------------------

----------------------------------------------------------
sample path: (IntersectionOutput) 
  order timepoint           sequence nr.                  node name     dropped samples
latency

Statistics:
  latency:                  64.6925ms [min=11.9629ms, max=110.674ms, average=50.9959ms, deviation=21.3033ms]
----------------------------------------------------------

----------------------------------------------------------
sample path: (VehicleDBWSystem) 
  order timepoint           sequence nr.                  node name     dropped samples
bp period
latency

Statistics:
  latency:                  253.415ms [min=192.647ms, max=354.838ms, average=287.258ms, deviation=34.2017ms]
hotpath
  hot path:                 FrontLidarDriver/RearLidarDriver -> ObjectCollisionEstimator
  hot path latency:         84.7619ms [min=60.1684ms, max=139.526ms, average=85.8209ms, deviation=27.6698ms]
  hot path drops:           0 [min=0, max=0, average=0, deviation=0]
  behavior planner period:  99.999ms [min=99.909ms, max=100.082ms, average=100.002ms, deviation=0.0290859ms]
----------------------------------------------------------

----------------------------------------------------------
sample path: (IntersectionOutput) 
  order timepoint           sequence nr.                  node name     dropped samples
latency

Statistics:
  latency:                  36.1704ms [min=11.9629ms, max=110.674ms, average=50.7529ms, deviation=21.2102ms]
----------------------------------------------------------

----------------------------------------------------------
sample path: (IntersectionOutput) 
  order timepoint           sequence nr.                  node name     dropped samples
latency

Statistics:
  latency:                  21.6987ms [min=11.9629ms, max=110.674ms, average=50.2843ms, deviation=21.3568ms]
----------------------------------------------------------

----------------------------------------------------------
sample path: (VehicleDBWSystem) 
  order timepoint           sequence nr.                  node name     dropped samples
bp period
latency

Statistics:
  latency:                  294.307ms [min=192.647ms, max=354.838ms, average=287.579ms, deviation=33.4113ms]
hotpath
  hot path:                 FrontLidarDriver/RearLidarDriver -> ObjectCollisionEstimator
  hot path latency:         69.9105ms [min=60.1684ms, max=139.526ms, average=85.0253ms, deviation=27.1658ms]
  hot path drops:           0 [min=0, max=0, average=0, deviation=0]
  behavior planner period:  100.002ms [min=99.909ms, max=100.082ms, average=100.002ms, deviation=0.0283495ms]
----------------------------------------------------------

----------------------------------------------------------
sample path: (IntersectionOutput) 
  order timepoint           sequence nr.                  node name     dropped samples
latency

Statistics:
  latency:                  42.4701ms [min=11.9629ms, max=110.674ms, average=50.1602ms, deviation=21.2067ms]
----------------------------------------------------------

----------------------------------------------------------
sample path: (IntersectionOutput) 
  order timepoint           sequence nr.                  node name     dropped samples
latency

Statistics:
  latency:                  24.7881ms [min=11.9629ms, max=110.674ms, average=49.7638ms, deviation=21.2754ms]
----------------------------------------------------------

----------------------------------------------------------
sample path: (IntersectionOutput) 
  order timepoint           sequence nr.                  node name     dropped samples
latency

Statistics:
  latency:                  43.5707ms [min=11.9629ms, max=110.674ms, average=49.6685ms, deviation=21.1225ms]
----------------------------------------------------------

----------------------------------------------------------
sample path: (VehicleDBWSystem) 
  order timepoint           sequence nr.                  node name     dropped samples
bp period
latency

Statistics:
  latency:                  286.101ms [min=192.647ms, max=354.838ms, average=287.515ms, deviation=32.6445ms]
hotpath
  hot path:                 FrontLidarDriver/RearLidarDriver -> ObjectCollisionEstimator
  hot path latency:         60.373ms [min=60.1684ms, max=139.526ms, average=83.8514ms, deviation=27.0189ms]
  hot path drops:           0 [min=0, max=0, average=0, deviation=0]
  behavior planner period:  99.9982ms [min=99.909ms, max=100.082ms, average=100.002ms, deviation=0.0276764ms]
----------------------------------------------------------

----------------------------------------------------------
sample path: (IntersectionOutput) 
  order timepoint           sequence nr.                  node name     dropped samples
latency

Statistics:
  latency:                  21.5605ms [min=11.9629ms, max=110.674ms, average=49.2426ms, deviation=21.2431ms]
----------------------------------------------------------

----------------------------------------------------------
sample path: (IntersectionOutput) 
  order timepoint           sequence nr.                  node name     dropped samples
latency

Statistics:
  latency:                  43.6529ms [min=11.9629ms, max=110.674ms, average=49.1592ms, deviation=21.0926ms]
----------------------------------------------------------

----------------------------------------------------------
sample path: (IntersectionOutput) 
  order timepoint           sequence nr.                  node name     dropped samples
latency

Statistics:
  latency:                  22.8501ms [min=11.9629ms, max=110.674ms, average=48.7723ms, deviation=21.1763ms]
----------------------------------------------------------

----------------------------------------------------------
sample path: (IntersectionOutput) 
  order timepoint           sequence nr.                  node name     dropped samples
latency

Statistics:
  latency:                  31.4049ms [min=11.9629ms, max=110.674ms, average=48.5206ms, deviation=21.1237ms]
----------------------------------------------------------

----------------------------------------------------------
sample path: (VehicleDBWSystem) 
  order timepoint           sequence nr.                  node name     dropped samples
bp period
latency

Statistics:
  latency:                  250.24ms [min=192.647ms, max=354.838ms, average=285.961ms, deviation=32.8211ms]
hotpath
  hot path:                 FrontLidarDriver/RearLidarDriver -> ObjectCollisionEstimator
  hot path latency:         82.1194ms [min=60.1684ms, max=139.526ms, average=83.7727ms, deviation=26.3703ms]
  hot path drops:           0 [min=0, max=0, average=0, deviation=0]
  behavior planner period:  100.007ms [min=99.909ms, max=100.082ms, average=100.002ms, deviation=0.0270632ms]
----------------------------------------------------------

----------------------------------------------------------
sample path: (IntersectionOutput) 
  order timepoint           sequence nr.                  node name     dropped samples
latency

Statistics:
  latency:                  54.2271ms [min=11.9629ms, max=110.674ms, average=48.6021ms, deviation=20.9812ms]
----------------------------------------------------------

----------------------------------------------------------
sample path: (IntersectionOutput) 
  order timepoint           sequence nr.                  node name     dropped samples
latency

Statistics:
  latency:                  32.2111ms [min=11.9629ms, max=110.674ms, average=48.3713ms, deviation=20.9214ms]
----------------------------------------------------------

----------------------------------------------------------
sample path: (IntersectionOutput) 
  order timepoint           sequence nr.                  node name     dropped samples
latency

Statistics:
  latency:                  20.9752ms [min=11.9629ms, max=110.674ms, average=47.9908ms, deviation=21.023ms]
----------------------------------------------------------

----------------------------------------------------------
sample path: (VehicleDBWSystem) 
  order timepoint           sequence nr.                  node name     dropped samples
bp period
latency

Statistics:
  latency:                  247.753ms [min=192.647ms, max=354.838ms, average=284.433ms, deviation=33.0263ms]
hotpath
  hot path:                 FrontLidarDriver/RearLidarDriver -> ObjectCollisionEstimator
  hot path latency:         78.5822ms [min=60.1684ms, max=139.526ms, average=83.547ms, deviation=25.7867ms]
  hot path drops:           0 [min=0, max=0, average=0, deviation=0]
  behavior planner period:  99.9988ms [min=99.909ms, max=100.082ms, average=100.002ms, deviation=0.0264752ms]
----------------------------------------------------------

----------------------------------------------------------
sample path: (IntersectionOutput) 
  order timepoint           sequence nr.                  node name     dropped samples
latency

Statistics:
  latency:                  32.7608ms [min=11.9629ms, max=110.674ms, average=47.7821ms, deviation=20.9524ms]
----------------------------------------------------------

----------------------------------------------------------
sample path: (IntersectionOutput) 
  order timepoint           sequence nr.                  node name     dropped samples
latency

Statistics:
  latency:                  53.4283ms [min=11.9629ms, max=110.674ms, average=47.8584ms, deviation=20.8188ms]
----------------------------------------------------------

----------------------------------------------------------
sample path: (IntersectionOutput) 
  order timepoint           sequence nr.                  node name     dropped samples
latency

Statistics:
  latency:                  73.6045ms [min=11.9629ms, max=110.674ms, average=48.2017ms, deviation=20.8902ms]
----------------------------------------------------------

----------------------------------------------------------
sample path: (VehicleDBWSystem) 
  order timepoint           sequence nr.                  node name     dropped samples
bp period
latency

Statistics:
  latency:                  289.383ms [min=192.647ms, max=354.838ms, average=284.623ms, deviation=32.3736ms]
hotpath
  hot path:                 FrontLidarDriver/RearLidarDriver -> ObjectCollisionEstimator
  hot path latency:         63.5223ms [min=60.1684ms, max=139.526ms, average=82.7127ms, deviation=25.549ms]
  hot path drops:           0 [min=0, max=0, average=0, deviation=0]
  behavior planner period:  100.007ms [min=99.909ms, max=100.082ms, average=100.002ms, deviation=0.0259416ms]
----------------------------------------------------------

----------------------------------------------------------
sample path: (IntersectionOutput) 
  order timepoint           sequence nr.                  node name     dropped samples
latency

Statistics:
  latency:                  53.3275ms [min=11.9629ms, max=110.674ms, average=48.2692ms, deviation=20.7588ms]
----------------------------------------------------------

----------------------------------------------------------
sample path: (IntersectionOutput) 
  order timepoint           sequence nr.                  node name     dropped samples
latency

Statistics:
  latency:                  54.189ms [min=11.9629ms, max=110.674ms, average=48.3461ms, deviation=20.6328ms]
----------------------------------------------------------

----------------------------------------------------------
sample path: (IntersectionOutput) 
  order timepoint           sequence nr.                  node name     dropped samples
latency

Statistics:
  latency:                  32.2919ms [min=11.9629ms, max=110.674ms, average=48.1402ms, deviation=20.5789ms]
----------------------------------------------------------

----------------------------------------------------------
sample path: (VehicleDBWSystem) 
  order timepoint           sequence nr.                  node name     dropped samples
bp period
latency

Statistics:
  latency:                  256.343ms [min=192.647ms, max=354.838ms, average=283.576ms, deviation=32.2081ms]
hotpath
  hot path:                 FrontLidarDriver/RearLidarDriver -> ObjectCollisionEstimator
  hot path latency:         82.0665ms [min=60.1684ms, max=139.526ms, average=82.6868ms, deviation=25.0114ms]
  hot path drops:           0 [min=0, max=0, average=0, deviation=0]
  behavior planner period:  100.031ms [min=99.909ms, max=100.082ms, average=100.003ms, deviation=0.0260474ms]
----------------------------------------------------------

----------------------------------------------------------
sample path: (IntersectionOutput) 
  order timepoint           sequence nr.                  node name     dropped samples
latency

Statistics:
  latency:                  11.1398ms [min=11.1398ms, max=110.674ms, average=47.6719ms, deviation=20.866ms]
----------------------------------------------------------

----------------------------------------------------------
sample path: (IntersectionOutput) 
  order timepoint           sequence nr.                  node name     dropped samples
latency

Statistics:
  latency:                  23.3765ms [min=11.1398ms, max=110.674ms, average=47.3682ms, deviation=20.9107ms]
----------------------------------------------------------

----------------------------------------------------------
sample path: (IntersectionOutput) 
  order timepoint           sequence nr.                  node name     dropped samples
latency

Statistics:
  latency:                  32.911ms [min=11.1398ms, max=110.674ms, average=47.1897ms, deviation=20.8416ms]
----------------------------------------------------------

----------------------------------------------------------
sample path: (VehicleDBWSystem) 
  order timepoint           sequence nr.                  node name     dropped samples
bp period
latency

Statistics:
  latency:                  271.178ms [min=192.647ms, max=354.838ms, average=283.133ms, deviation=31.6927ms]
hotpath
  hot path:                 FrontLidarDriver/RearLidarDriver -> ObjectCollisionEstimator
  hot path latency:         67.4656ms [min=60.1684ms, max=139.526ms, average=82.1014ms, deviation=24.6872ms]
  hot path drops:           0 [min=0, max=0, average=0, deviation=0]
  behavior planner period:  99.982ms [min=99.909ms, max=100.082ms, average=100.002ms, deviation=0.0258589ms]
----------------------------------------------------------

----------------------------------------------------------
sample path: (IntersectionOutput) 
  order timepoint           sequence nr.                  node name     dropped samples
latency

Statistics:
  latency:                  21.3911ms [min=11.1398ms, max=110.674ms, average=46.8751ms, deviation=20.9076ms]
----------------------------------------------------------

----------------------------------------------------------
sample path: (IntersectionOutput) 
  order timepoint           sequence nr.                  node name     dropped samples
latency

Statistics:
  latency:                  21.8004ms [min=11.1398ms, max=110.674ms, average=46.573ms, deviation=20.9612ms]
----------------------------------------------------------

----------------------------------------------------------
sample path: (IntersectionOutput) 
  order timepoint           sequence nr.                  node name     dropped samples
latency

Statistics:
  latency:                  22.5985ms [min=11.1398ms, max=110.674ms, average=46.2876ms, deviation=20.9981ms]
----------------------------------------------------------

----------------------------------------------------------
sample path: (VehicleDBWSystem) 
  order timepoint           sequence nr.                  node name     dropped samples
bp period
latency

Statistics:
  latency:                  281.989ms [min=192.647ms, max=354.838ms, average=283.094ms, deviation=31.1224ms]
  behavior planner period:  99.9932ms [min=99.909ms, max=100.082ms, average=100.002ms, deviation=0.0254325ms]
----------------------------------------------------------

----------------------------------------------------------
sample path: (IntersectionOutput) 
  order timepoint           sequence nr.                  node name     dropped samples
latency

Statistics:
  latency:                  32.054ms [min=11.1398ms, max=110.674ms, average=46.1201ms, deviation=20.9297ms]
----------------------------------------------------------

----------------------------------------------------------
sample path: (IntersectionOutput) 
  order timepoint           sequence nr.                  node name     dropped samples
latency

Statistics:
  latency:                  46.7126ms [min=11.1398ms, max=110.674ms, average=46.127ms, deviation=20.8063ms]
----------------------------------------------------------

----------------------------------------------------------
sample path: (IntersectionOutput) 
  order timepoint           sequence nr.                  node name     dropped samples
latency

Statistics:
  latency:                  47.2274ms [min=11.1398ms, max=110.674ms, average=46.1396ms, deviation=20.6854ms]
----------------------------------------------------------

----------------------------------------------------------
sample path: (VehicleDBWSystem) 
  order timepoint           sequence nr.                  node name     dropped samples
bp period
latency

Statistics:
  latency:                  233.027ms [min=192.647ms, max=354.838ms, average=281.425ms, deviation=31.918ms]
hotpath
  hot path:                 FrontLidarDriver/RearLidarDriver -> ObjectCollisionEstimator
  hot path latency:         83.6813ms [min=60.1684ms, max=139.526ms, average=82.1599ms, deviation=24.2097ms]
  hot path drops:           0 [min=0, max=0, average=0, deviation=0]
  behavior planner period:  100.102ms [min=99.909ms, max=100.102ms, average=100.005ms, deviation=0.0311121ms]
----------------------------------------------------------

----------------------------------------------------------
sample path: (IntersectionOutput) 
  order timepoint           sequence nr.                  node name     dropped samples
latency

Statistics:
  latency:                  46.1756ms [min=11.1398ms, max=110.674ms, average=46.1401ms, deviation=20.5661ms]
----------------------------------------------------------

----------------------------------------------------------
sample path: (IntersectionOutput) 
  order timepoint           sequence nr.                  node name     dropped samples
latency

Statistics:
  latency:                  55.4434ms [min=11.1398ms, max=110.674ms, average=46.2446ms, deviation=20.4727ms]
----------------------------------------------------------

----------------------------------------------------------
sample path: (IntersectionOutput) 
  order timepoint           sequence nr.                  node name     dropped samples
latency

Statistics:
  latency:                  43.9853ms [min=11.1398ms, max=110.674ms, average=46.2195ms, deviation=20.3588ms]
----------------------------------------------------------

----------------------------------------------------------
sample path: (VehicleDBWSystem) 
  order timepoint           sequence nr.                  node name     dropped samples
bp period
latency

Statistics:
  latency:                  273.98ms [min=192.647ms, max=354.838ms, average=281.185ms, deviation=31.41ms]
  behavior planner period:  99.8975ms [min=99.8975ms, max=100.102ms, average=100.002ms, deviation=0.0363618ms]
----------------------------------------------------------

----------------------------------------------------------
sample path: (IntersectionOutput) 
  order timepoint           sequence nr.                  node name     dropped samples
latency

Statistics:
  latency:                  43.9149ms [min=11.1398ms, max=110.674ms, average=46.1942ms, deviation=20.2468ms]
----------------------------------------------------------

----------------------------------------------------------
sample path: (IntersectionOutput) 
  order timepoint           sequence nr.                  node name     dropped samples
latency

Statistics:
  latency:                  44.2614ms [min=11.1398ms, max=110.674ms, average=46.1732ms, deviation=20.1362ms]
----------------------------------------------------------

----------------------------------------------------------
sample path: (IntersectionOutput) 
  order timepoint           sequence nr.                  node name     dropped samples
latency

Statistics:
  latency:                  21.9581ms [min=11.1398ms, max=110.674ms, average=45.9128ms, deviation=20.1833ms]
----------------------------------------------------------

----------------------------------------------------------
sample path: (IntersectionOutput) 
  order timepoint           sequence nr.                  node name     dropped samples
latency

Statistics:
  latency:                  23.1988ms [min=11.1398ms, max=110.674ms, average=45.6711ms, deviation=20.2107ms]
----------------------------------------------------------

----------------------------------------------------------
sample path: (VehicleDBWSystem) 
  order timepoint           sequence nr.                  node name     dropped samples
bp period
latency

Statistics:
  latency:                  284.472ms [min=192.647ms, max=354.838ms, average=281.287ms, deviation=30.9047ms]
hotpath
  hot path:                 FrontLidarDriver/RearLidarDriver -> ObjectCollisionEstimator
  hot path latency:         132.604ms [min=60.1684ms, max=139.526ms, average=83.9615ms, deviation=25.5985ms]
  hot path drops:           0 [min=0, max=0, average=0, deviation=0]
  behavior planner period:  100.002ms [min=99.8975ms, max=100.102ms, average=100.002ms, deviation=0.0357506ms]
----------------------------------------------------------

----------------------------------------------------------
sample path: (IntersectionOutput) 
  order timepoint           sequence nr.                  node name     dropped samples
latency

Statistics:
  latency:                  56.3397ms [min=11.1398ms, max=110.674ms, average=45.7834ms, deviation=20.1327ms]
----------------------------------------------------------

----------------------------------------------------------
sample path: (IntersectionOutput) 
  order timepoint           sequence nr.                  node name     dropped samples
latency

Statistics:
  latency:                  81.063ms [min=11.1398ms, max=110.674ms, average=46.1509ms, deviation=20.3476ms]
----------------------------------------------------------

----------------------------------------------------------
sample path: (IntersectionOutput) 
  order timepoint           sequence nr.                  node name     dropped samples
latency

Statistics:
  latency:                  103.798ms [min=11.1398ms, max=110.674ms, average=46.7452ms, deviation=21.0707ms]
----------------------------------------------------------

----------------------------------------------------------
sample path: (IntersectionOutput) 
  order timepoint           sequence nr.                  node name     dropped samples
latency

Statistics:
  latency:                  58.9292ms [min=11.1398ms, max=110.674ms, average=46.8696ms, deviation=20.9979ms]
----------------------------------------------------------

----------------------------------------------------------
sample path: (VehicleDBWSystem) 
  order timepoint           sequence nr.                  node name     dropped samples
bp period
latency

Statistics:
  latency:                  359.605ms [min=192.647ms, max=359.605ms, average=283.661ms, deviation=33.3334ms]
hotpath
  hot path:                 FrontLidarDriver/RearLidarDriver -> ObjectCollisionEstimator
  hot path latency:         120.13ms [min=60.1684ms, max=139.526ms, average=85.2087ms, deviation=26.019ms]
  hot path drops:           0 [min=0, max=0, average=0, deviation=0]
  behavior planner period:  100.004ms [min=99.8975ms, max=100.102ms, average=100.002ms, deviation=0.0351717ms]
----------------------------------------------------------

----------------------------------------------------------
sample path: (IntersectionOutput) 
  order timepoint           sequence nr.                  node name     dropped samples
latency

Statistics:
  latency:                  34.8157ms [min=11.1398ms, max=110.674ms, average=46.7478ms, deviation=20.9256ms]
----------------------------------------------------------

----------------------------------------------------------
sample path: (IntersectionOutput) 
  order timepoint           sequence nr.                  node name     dropped samples
latency

Statistics:
  latency:                  64.227ms [min=11.1398ms, max=110.674ms, average=46.9226ms, deviation=20.8928ms]
----------------------------------------------------------

----------------------------------------------------------
sample path: (VehicleDBWSystem) 
  order timepoint           sequence nr.                  node name     dropped samples
bp period
latency

Statistics:
  latency:                  352.242ms [min=192.647ms, max=359.605ms, average=285.678ms, deviation=34.8681ms]
hotpath
  hot path:                 FrontLidarDriver/RearLidarDriver -> ObjectCollisionEstimator
  hot path latency:         131.644ms [min=60.1684ms, max=139.526ms, average=86.7565ms, deviation=26.9355ms]
  hot path drops:           0 [min=0, max=0, average=0, deviation=0]
  behavior planner period:  100.02ms [min=99.8975ms, max=100.102ms, average=100.002ms, deviation=0.0347656ms]
----------------------------------------------------------

----------------------------------------------------------
sample path: (IntersectionOutput) 
  order timepoint           sequence nr.                  node name     dropped samples
latency

Statistics:
  latency:                  24.4896ms [min=11.1398ms, max=110.674ms, average=46.7005ms, deviation=20.9076ms]
----------------------------------------------------------

----------------------------------------------------------
sample path: (IntersectionOutput) 
  order timepoint           sequence nr.                  node name     dropped samples
latency

Statistics:
  latency:                  35.7992ms [min=11.1398ms, max=110.674ms, average=46.5936ms, deviation=20.8318ms]
----------------------------------------------------------

----------------------------------------------------------
sample path: (VehicleDBWSystem) 
  order timepoint           sequence nr.                  node name     dropped samples
bp period
latency

Statistics:
  latency:                  332.806ms [min=192.647ms, max=359.605ms, average=287.024ms, deviation=35.2631ms]
hotpath
  hot path:                 FrontLidarDriver/RearLidarDriver -> ObjectCollisionEstimator
  hot path latency:         133.209ms [min=60.1684ms, max=139.526ms, average=88.255ms, deviation=27.7659ms]
  hot path drops:           0 [min=0, max=0, average=0, deviation=0]
  behavior planner period:  99.9781ms [min=99.8975ms, max=100.102ms, average=100.002ms, deviation=0.0344868ms]
----------------------------------------------------------

----------------------------------------------------------
sample path: (IntersectionOutput) 
  order timepoint           sequence nr.                  node name     dropped samples
latency

Statistics:
  latency:                  82.6204ms [min=11.1398ms, max=110.674ms, average=46.9434ms, deviation=21.0312ms]
----------------------------------------------------------

----------------------------------------------------------
sample path: (IntersectionOutput) 
  order timepoint           sequence nr.                  node name     dropped samples
latency

Statistics:
  latency:                  96.1811ms [min=11.1398ms, max=110.674ms, average=47.4168ms, deviation=21.4786ms]
----------------------------------------------------------

----------------------------------------------------------
sample path: (VehicleDBWSystem) 
  order timepoint           sequence nr.                  node name     dropped samples
bp period
latency

Statistics:
  latency:                  289.576ms [min=192.647ms, max=359.605ms, average=287.095ms, deviation=34.7583ms]
hotpath
  hot path:                 FrontLidarDriver/RearLidarDriver -> ObjectCollisionEstimator
  hot path latency:         77.1009ms [min=60.1684ms, max=139.526ms, average=87.9064ms, deviation=27.3854ms]
  hot path drops:           0 [min=0, max=0, average=0, deviation=0]
  behavior planner period:  100ms [min=99.8975ms, max=100.102ms, average=100.002ms, deviation=0.0339767ms]
----------------------------------------------------------

----------------------------------------------------------
sample path: (IntersectionOutput) 
  order timepoint           sequence nr.                  node name     dropped samples
latency

Statistics:
  latency:                  59.7091ms [min=11.1398ms, max=110.674ms, average=47.5339ms, deviation=21.4087ms]
----------------------------------------------------------

----------------------------------------------------------
sample path: (IntersectionOutput) 
  order timepoint           sequence nr.                  node name     dropped samples
latency

Statistics:
  latency:                  58.0963ms [min=11.1398ms, max=110.674ms, average=47.6335ms, deviation=21.3312ms]
----------------------------------------------------------

----------------------------------------------------------
sample path: (IntersectionOutput) 
  order timepoint           sequence nr.                  node name     dropped samples
latency

Statistics:
  latency:                  88.6644ms [min=11.1398ms, max=110.674ms, average=48.017ms, deviation=21.5977ms]
----------------------------------------------------------

----------------------------------------------------------
sample path: (VehicleDBWSystem) 
  order timepoint           sequence nr.                  node name     dropped samples
bp period
latency

Statistics:
  latency:                  304.173ms [min=192.647ms, max=359.605ms, average=287.557ms, deviation=34.3869ms]
hotpath
  hot path:                 FrontLidarDriver/RearLidarDriver -> ObjectCollisionEstimator
  hot path latency:         78.0741ms [min=60.1684ms, max=139.526ms, average=87.6085ms, deviation=27.0084ms]
  hot path drops:           0 [min=0, max=0, average=0, deviation=0]
  behavior planner period:  100.006ms [min=99.8975ms, max=100.102ms, average=100.002ms, deviation=0.0334973ms]
----------------------------------------------------------

----------------------------------------------------------
sample path: (IntersectionOutput) 
  order timepoint           sequence nr.                  node name     dropped samples
latency

Statistics:
  latency:                  56.4937ms [min=11.1398ms, max=110.674ms, average=48.0955ms, deviation=21.512ms]
----------------------------------------------------------

----------------------------------------------------------
sample path: (IntersectionOutput) 
  order timepoint           sequence nr.                  node name     dropped samples
latency

Statistics:
  latency:                  49.7284ms [min=11.1398ms, max=110.674ms, average=48.1105ms, deviation=21.4128ms]
----------------------------------------------------------

----------------------------------------------------------
sample path: (IntersectionOutput) 
  order timepoint           sequence nr.                  node name     dropped samples
latency

Statistics:
  latency:                  113.965ms [min=11.1398ms, max=113.965ms, average=48.7091ms, deviation=22.2199ms]
----------------------------------------------------------

----------------------------------------------------------
sample path: (VehicleDBWSystem) 
  order timepoint           sequence nr.                  node name     dropped samples
bp period
latency

Statistics:
  latency:                  364.578ms [min=192.647ms, max=364.578ms, average=289.584ms, deviation=36.1471ms]
  behavior planner period:  100.013ms [min=99.8975ms, max=100.102ms, average=100.002ms, deviation=0.0330834ms]
----------------------------------------------------------

----------------------------------------------------------
sample path: (IntersectionOutput) 
  order timepoint           sequence nr.                  node name     dropped samples
latency

Statistics:
  latency:                  100.463ms [min=11.1398ms, max=113.965ms, average=49.1754ms, deviation=22.6576ms]
----------------------------------------------------------

----------------------------------------------------------
sample path: (IntersectionOutput) 
  order timepoint           sequence nr.                  node name     dropped samples
latency

Statistics:
  latency:                  77.3252ms [min=11.1398ms, max=113.965ms, average=49.4267ms, deviation=22.7116ms]
----------------------------------------------------------

----------------------------------------------------------
sample path: (VehicleDBWSystem) 
  order timepoint           sequence nr.                  node name     dropped samples
bp period
latency

Statistics:
  latency:                  364.26ms [min=192.647ms, max=364.578ms, average=291.498ms, deviation=37.6194ms]
hotpath
  hot path:                 FrontLidarDriver/RearLidarDriver -> ObjectCollisionEstimator
  hot path latency:         86.6534ms [min=60.1684ms, max=139.526ms, average=87.5804ms, deviation=26.5966ms]
  hot path drops:           0 [min=0, max=0, average=0, deviation=0]
  behavior planner period:  99.9851ms [min=99.8975ms, max=100.102ms, average=100.002ms, deviation=0.032749ms]
----------------------------------------------------------

----------------------------------------------------------
sample path: (IntersectionOutput) 
  order timepoint           sequence nr.                  node name     dropped samples
latency

Statistics:
  latency:                  99.8749ms [min=11.1398ms, max=113.965ms, average=49.8732ms, deviation=23.1027ms]
----------------------------------------------------------

----------------------------------------------------------
sample path: (IntersectionOutput) 
  order timepoint           sequence nr.                  node name     dropped samples
latency

Statistics:
  latency:                  77.5573ms [min=11.1398ms, max=113.965ms, average=50.116ms, deviation=23.1459ms]
----------------------------------------------------------

----------------------------------------------------------
sample path: (VehicleDBWSystem) 
  order timepoint           sequence nr.                  node name     dropped samples
bp period
latency

Statistics:
  latency:                  346.638ms [min=192.647ms, max=364.578ms, average=292.877ms, deviation=38.1437ms]
hotpath
  hot path:                 FrontLidarDriver/RearLidarDriver -> ObjectCollisionEstimator
  hot path latency:         88.3253ms [min=60.1684ms, max=139.526ms, average=87.6017ms, deviation=26.2028ms]
  hot path drops:           0 [min=0, max=0, average=0, deviation=0]
  behavior planner period:  100.011ms [min=99.8975ms, max=100.102ms, average=100.002ms, deviation=0.0323502ms]
----------------------------------------------------------

----------------------------------------------------------
sample path: (IntersectionOutput) 
  order timepoint           sequence nr.                  node name     dropped samples
latency

Statistics:
  latency:                  76.7737ms [min=11.1398ms, max=113.965ms, average=50.3478ms, deviation=23.1779ms]
----------------------------------------------------------

----------------------------------------------------------
sample path: (IntersectionOutput) 
  order timepoint           sequence nr.                  node name     dropped samples
latency

Statistics:
  latency:                  89.3613ms [min=11.1398ms, max=113.965ms, average=50.6842ms, deviation=23.3594ms]
----------------------------------------------------------

----------------------------------------------------------
sample path: (IntersectionOutput) 
  order timepoint           sequence nr.                  node name     dropped samples
latency

Statistics:
  latency:                  89.6593ms [min=11.1398ms, max=113.965ms, average=51.0173ms, deviation=23.536ms]
----------------------------------------------------------

----------------------------------------------------------
sample path: (VehicleDBWSystem) 
  order timepoint           sequence nr.                  node name     dropped samples
bp period
latency

Statistics:
  latency:                  321.225ms [min=192.647ms, max=364.578ms, average=293.568ms, deviation=37.9232ms]
hotpath
  hot path:                 FrontLidarDriver/RearLidarDriver -> ObjectCollisionEstimator
  hot path latency:         60.7263ms [min=60.1684ms, max=139.526ms, average=86.8551ms, deviation=26.2113ms]
  hot path drops:           0 [min=0, max=0, average=0, deviation=0]
  behavior planner period:  100.002ms [min=99.8975ms, max=100.102ms, average=100.002ms, deviation=0.0319328ms]
----------------------------------------------------------

----------------------------------------------------------
sample path: (IntersectionOutput) 
  order timepoint           sequence nr.                  node name     dropped samples
latency

Statistics:
  latency:                  77.494ms [min=11.1398ms, max=113.965ms, average=51.2417ms, deviation=23.5616ms]
----------------------------------------------------------

----------------------------------------------------------
sample path: (IntersectionOutput) 
  order timepoint           sequence nr.                  node name     dropped samples
latency

Statistics:
  latency:                  99.8596ms [min=11.1398ms, max=113.965ms, average=51.6502ms, deviation=23.8811ms]
----------------------------------------------------------

----------------------------------------------------------
sample path: (VehicleDBWSystem) 
  order timepoint           sequence nr.                  node name     dropped samples
bp period
latency

Statistics:
  latency:                  333.993ms [min=192.647ms, max=364.578ms, average=294.531ms, deviation=37.9736ms]
hotpath
  hot path:                 FrontLidarDriver/RearLidarDriver -> ObjectCollisionEstimator
  hot path latency:         69.8446ms [min=60.1684ms, max=139.526ms, average=86.3954ms, deviation=25.9956ms]
  hot path drops:           0 [min=0, max=0, average=0, deviation=0]
  behavior planner period:  100.028ms [min=99.8975ms, max=100.102ms, average=100.002ms, deviation=0.0317944ms]
----------------------------------------------------------

----------------------------------------------------------
sample path: (IntersectionOutput) 
  order timepoint           sequence nr.                  node name     dropped samples
latency

Statistics:
  latency:                  90.0761ms [min=11.1398ms, max=113.965ms, average=51.9704ms, deviation=24.0379ms]
----------------------------------------------------------

----------------------------------------------------------
sample path: (IntersectionOutput) 
  order timepoint           sequence nr.                  node name     dropped samples
latency

Statistics:
  latency:                  68.0079ms [min=11.1398ms, max=113.965ms, average=52.103ms, deviation=23.9819ms]
----------------------------------------------------------

----------------------------------------------------------
sample path: (VehicleDBWSystem) 
  order timepoint           sequence nr.                  node name     dropped samples
bp period
latency

Statistics:
  latency:                  364.533ms [min=192.647ms, max=364.578ms, average=296.159ms, deviation=39.008ms]
hotpath
  hot path:                 FrontLidarDriver/RearLidarDriver -> ObjectCollisionEstimator
  hot path latency:         70.8888ms [min=60.1684ms, max=139.526ms, average=85.9873ms, deviation=25.765ms]
  hot path drops:           0 [min=0, max=0, average=0, deviation=0]
  behavior planner period:  99.9623ms [min=99.8975ms, max=100.102ms, average=100.002ms, deviation=0.0320108ms]
----------------------------------------------------------

----------------------------------------------------------
sample path: (IntersectionOutput) 
  order timepoint           sequence nr.                  node name     dropped samples
latency

Statistics:
  latency:                  108.291ms [min=11.1398ms, max=113.965ms, average=52.5635ms, deviation=24.4183ms]
----------------------------------------------------------

----------------------------------------------------------
sample path: (IntersectionOutput) 
  order timepoint           sequence nr.                  node name     dropped samples
latency

Statistics:
  latency:                  122.297ms [min=11.1398ms, max=122.297ms, average=53.1305ms, deviation=25.1178ms]
----------------------------------------------------------

----------------------------------------------------------
sample path: (IntersectionOutput) 
  order timepoint           sequence nr.                  node name     dropped samples
latency

Statistics:
  latency:                  101.718ms [min=11.1398ms, max=122.297ms, average=53.5223ms, deviation=25.3931ms]
----------------------------------------------------------

----------------------------------------------------------
sample path: (VehicleDBWSystem) 
  order timepoint           sequence nr.                  node name     dropped samples
bp period
latency

Statistics:
  latency:                  286.069ms [min=192.647ms, max=364.578ms, average=295.93ms, deviation=38.5818ms]
hotpath
  hot path:                 FrontLidarDriver/RearLidarDriver -> ObjectCollisionEstimator
  hot path latency:         70.7793ms [min=60.1684ms, max=139.526ms, average=85.5974ms, deviation=25.5401ms]
  hot path drops:           0 [min=0, max=0, average=0, deviation=0]
  behavior planner period:  100.004ms [min=99.8975ms, max=100.102ms, average=100.002ms, deviation=0.0316296ms]
----------------------------------------------------------

----------------------------------------------------------
sample path: (IntersectionOutput) 
  order timepoint           sequence nr.                  node name     dropped samples
latency

Statistics:
  latency:                  111.685ms [min=11.1398ms, max=122.297ms, average=53.9876ms, deviation=25.82ms]
----------------------------------------------------------

----------------------------------------------------------
sample path: (IntersectionOutput) 
  order timepoint           sequence nr.                  node name     dropped samples
latency

Statistics:
  latency:                  102.63ms [min=11.1398ms, max=122.297ms, average=54.3737ms, deviation=26.0791ms]
----------------------------------------------------------

