FrontLidarDriver
RearLidarDriver
PointCloudMap
Visualizer
Lanelet2Map
EuclideanClusterSettings
PointsTransformerFront
PointsTransformerRear
VoxelGridDownsampler
PointCloudMapLoader
RayGroundFilter
ObjectCollisionEstimator
MPCController
ParkingPlanner
LanePlanner
PointCloudFusion
NDTLocalizer
VehicleInterface
Lanelet2GlobalPlanner
Lanelet2MapLoader
BehaviorPlanner
EuclideanClusterDetector
VehicleDBWSystem
IntersectionOutput
EuclideanClusterDetector
ObjectCollisionEstimator
PointCloudFusion
RayGroundFilter
----------------------------------------------------------
sample path: (VehicleDBWSystem) 
  order timepoint           sequence nr.                  node name     dropped samples
latency

Statistics:
  latency:                  331.387ms [min=331.387ms, max=331.387ms, average=331.387ms, deviation=-nanms]
hotpath
  hot path:                 FrontLidarDriver/RearLidarDriver -> ObjectCollisionEstimator
  hot path latency:         75.8441ms [min=75.8441ms, max=75.8441ms, average=75.8441ms, deviation=-nanms]
  hot path drops:           0 [min=0, max=0, average=0, deviation=-nan]
  behavior planner period:  0ms [min=1.84467e+13ms, max=0ms, average=0ms, deviation=0ms]
----------------------------------------------------------

----------------------------------------------------------
sample path: (IntersectionOutput) 
  order timepoint           sequence nr.                  node name     dropped samples
latency

Statistics:
  latency:                  108.93ms [min=108.93ms, max=108.93ms, average=108.93ms, deviation=-nanms]
----------------------------------------------------------

----------------------------------------------------------
sample path: (IntersectionOutput) 
  order timepoint           sequence nr.                  node name     dropped samples
latency

Statistics:
  latency:                  120.256ms [min=108.93ms, max=120.256ms, average=114.593ms, deviation=8.00823ms]
----------------------------------------------------------

----------------------------------------------------------
sample path: (VehicleDBWSystem) 
  order timepoint           sequence nr.                  node name     dropped samples
bp period
latency

Statistics:
  latency:                  330.552ms [min=330.552ms, max=331.387ms, average=330.97ms, deviation=0.590059ms]
hotpath
  hot path:                 FrontLidarDriver/RearLidarDriver -> ObjectCollisionEstimator
  hot path latency:         62.2016ms [min=62.2016ms, max=75.8441ms, average=69.0229ms, deviation=9.64673ms]
  hot path drops:           0 [min=0, max=0, average=0, deviation=0]
  behavior planner period:  99.9986ms [min=99.9986ms, max=99.9986ms, average=99.9986ms, deviation=-nanms]
----------------------------------------------------------

----------------------------------------------------------
sample path: (IntersectionOutput) 
  order timepoint           sequence nr.                  node name     dropped samples
latency

Statistics:
  latency:                  131.387ms [min=108.93ms, max=131.387ms, average=120.191ms, deviation=11.2287ms]
----------------------------------------------------------

----------------------------------------------------------
sample path: (IntersectionOutput) 
  order timepoint           sequence nr.                  node name     dropped samples
latency

Statistics:
  latency:                  127.634ms [min=108.93ms, max=131.387ms, average=122.052ms, deviation=9.89472ms]
----------------------------------------------------------

----------------------------------------------------------
sample path: (VehicleDBWSystem) 
  order timepoint           sequence nr.                  node name     dropped samples
bp period
latency

Statistics:
  latency:                  334.441ms [min=330.552ms, max=334.441ms, average=332.127ms, deviation=2.04723ms]
hotpath
  hot path:                 FrontLidarDriver/RearLidarDriver -> ObjectCollisionEstimator
  hot path latency:         83.2436ms [min=62.2016ms, max=83.2436ms, average=73.7631ms, deviation=10.6742ms]
  hot path drops:           0 [min=0, max=0, average=0, deviation=0]
  behavior planner period:  100.002ms [min=99.9986ms, max=100.002ms, average=100ms, deviation=0.00268701ms]
----------------------------------------------------------

----------------------------------------------------------
sample path: (IntersectionOutput) 
  order timepoint           sequence nr.                  node name     dropped samples
latency

Statistics:
  latency:                  131.872ms [min=108.93ms, max=131.872ms, average=124.016ms, deviation=9.62896ms]
----------------------------------------------------------

----------------------------------------------------------
sample path: (IntersectionOutput) 
  order timepoint           sequence nr.                  node name     dropped samples
latency

Statistics:
  latency:                  120.812ms [min=108.93ms, max=131.872ms, average=123.482ms, deviation=8.71117ms]
----------------------------------------------------------

----------------------------------------------------------
sample path: (VehicleDBWSystem) 
  order timepoint           sequence nr.                  node name     dropped samples
bp period
latency

Statistics:
  latency:                  317.619ms [min=317.619ms, max=334.441ms, average=328.5ms, deviation=7.44404ms]
hotpath
  hot path:                 FrontLidarDriver/RearLidarDriver -> ObjectCollisionEstimator
  hot path latency:         73.3352ms [min=62.2016ms, max=83.2436ms, average=73.6561ms, deviation=8.71809ms]
  hot path drops:           0 [min=0, max=0, average=0, deviation=0]
  behavior planner period:  99.9982ms [min=99.9982ms, max=100.002ms, average=99.9997ms, deviation=0.00231805ms]
----------------------------------------------------------

----------------------------------------------------------
sample path: (IntersectionOutput) 
  order timepoint           sequence nr.                  node name     dropped samples
latency

Statistics:
  latency:                  109.644ms [min=108.93ms, max=131.872ms, average=121.505ms, deviation=9.518ms]
----------------------------------------------------------

----------------------------------------------------------
sample path: (IntersectionOutput) 
  order timepoint           sequence nr.                  node name     dropped samples
latency

Statistics:
  latency:                  109.933ms [min=108.93ms, max=131.872ms, average=120.059ms, deviation=9.71549ms]
----------------------------------------------------------

----------------------------------------------------------
sample path: (IntersectionOutput) 
  order timepoint           sequence nr.                  node name     dropped samples
latency

Statistics:
  latency:                  110.163ms [min=108.93ms, max=131.872ms, average=118.959ms, deviation=9.66812ms]
----------------------------------------------------------

----------------------------------------------------------
sample path: (VehicleDBWSystem) 
  order timepoint           sequence nr.                  node name     dropped samples
bp period
latency

Statistics:
  latency:                  341.054ms [min=317.619ms, max=341.054ms, average=331.011ms, deviation=8.54875ms]
hotpath
  hot path:                 FrontLidarDriver/RearLidarDriver -> ObjectCollisionEstimator
  hot path latency:         51.893ms [min=51.893ms, max=83.2436ms, average=69.3035ms, deviation=12.3179ms]
  hot path drops:           0 [min=0, max=0, average=0, deviation=0]
  behavior planner period:  99.9939ms [min=99.9939ms, max=100.002ms, average=99.9982ms, deviation=0.00347737ms]
----------------------------------------------------------

----------------------------------------------------------
sample path: (IntersectionOutput) 
  order timepoint           sequence nr.                  node name     dropped samples
latency

Statistics:
  latency:                  109.71ms [min=108.93ms, max=131.872ms, average=118.034ms, deviation=9.57292ms]
----------------------------------------------------------

----------------------------------------------------------
sample path: (IntersectionOutput) 
  order timepoint           sequence nr.                  node name     dropped samples
latency

Statistics:
  latency:                  110.089ms [min=108.93ms, max=131.872ms, average=117.312ms, deviation=9.39229ms]
----------------------------------------------------------

----------------------------------------------------------
sample path: (IntersectionOutput) 
  order timepoint           sequence nr.                  node name     dropped samples
latency

Statistics:
  latency:                  99.1167ms [min=99.1167ms, max=131.872ms, average=115.796ms, deviation=10.3819ms]
----------------------------------------------------------

----------------------------------------------------------
sample path: (VehicleDBWSystem) 
  order timepoint           sequence nr.                  node name     dropped samples
bp period
latency

Statistics:
  latency:                  318.976ms [min=317.619ms, max=341.054ms, average=329.005ms, deviation=9.08863ms]
hotpath
  hot path:                 FrontLidarDriver/RearLidarDriver -> ObjectCollisionEstimator
  hot path latency:         72.468ms [min=51.893ms, max=83.2436ms, average=69.8309ms, deviation=11.0929ms]
  hot path drops:           0 [min=0, max=0, average=0, deviation=0]
  behavior planner period:  100.006ms [min=99.9939ms, max=100.006ms, average=99.9997ms, deviation=0.00444982ms]
----------------------------------------------------------

----------------------------------------------------------
sample path: (IntersectionOutput) 
  order timepoint           sequence nr.                  node name     dropped samples
latency

Statistics:
  latency:                  99.4032ms [min=99.1167ms, max=131.872ms, average=114.535ms, deviation=10.9303ms]
----------------------------------------------------------

----------------------------------------------------------
sample path: (IntersectionOutput) 
  order timepoint           sequence nr.                  node name     dropped samples
latency

Statistics:
  latency:                  99.0602ms [min=99.0602ms, max=131.872ms, average=113.429ms, deviation=11.2866ms]
----------------------------------------------------------

----------------------------------------------------------
sample path: (IntersectionOutput) 
  order timepoint           sequence nr.                  node name     dropped samples
latency

Statistics:
  latency:                  99.7919ms [min=99.0602ms, max=131.872ms, average=112.52ms, deviation=11.4318ms]
----------------------------------------------------------

----------------------------------------------------------
sample path: (VehicleDBWSystem) 
  order timepoint           sequence nr.                  node name     dropped samples
bp period
latency

Statistics:
  latency:                  283.208ms [min=283.208ms, max=341.054ms, average=322.462ms, deviation=19.1952ms]
hotpath
  hot path:                 FrontLidarDriver/RearLidarDriver -> ObjectCollisionEstimator
  hot path latency:         61.5434ms [min=51.893ms, max=83.2436ms, average=68.647ms, deviation=10.5998ms]
  hot path drops:           0 [min=0, max=0, average=0, deviation=0]
  behavior planner period:  99.9995ms [min=99.9939ms, max=100.006ms, average=99.9997ms, deviation=0.00398125ms]
----------------------------------------------------------

----------------------------------------------------------
sample path: (IntersectionOutput) 
  order timepoint           sequence nr.                  node name     dropped samples
latency

Statistics:
  latency:                  89.9167ms [min=89.9167ms, max=131.872ms, average=111.107ms, deviation=12.4059ms]
----------------------------------------------------------

----------------------------------------------------------
sample path: (IntersectionOutput) 
  order timepoint           sequence nr.                  node name     dropped samples
latency

Statistics:
  latency:                  112.795ms [min=89.9167ms, max=131.872ms, average=111.207ms, deviation=12.0189ms]
----------------------------------------------------------

----------------------------------------------------------
sample path: (IntersectionOutput) 
  order timepoint           sequence nr.                  node name     dropped samples
latency

Statistics:
  latency:                  118.643ms [min=89.9167ms, max=131.872ms, average=111.62ms, deviation=11.7911ms]
----------------------------------------------------------

----------------------------------------------------------
sample path: (VehicleDBWSystem) 
  order timepoint           sequence nr.                  node name     dropped samples
bp period
latency

Statistics:
  latency:                  334.033ms [min=283.208ms, max=341.054ms, average=323.909ms, deviation=18.2361ms]
hotpath
  hot path:                 FrontLidarDriver/RearLidarDriver -> ObjectCollisionEstimator
  hot path latency:         70.5456ms [min=51.893ms, max=83.2436ms, average=68.8843ms, deviation=9.83645ms]
  hot path drops:           0 [min=0, max=0, average=0, deviation=0]
  behavior planner period:  100.009ms [min=99.9939ms, max=100.009ms, average=100.001ms, deviation=0.00503022ms]
----------------------------------------------------------

----------------------------------------------------------
sample path: (IntersectionOutput) 
  order timepoint           sequence nr.                  node name     dropped samples
latency

Statistics:
  latency:                  111.806ms [min=89.9167ms, max=131.872ms, average=111.63ms, deviation=11.4589ms]
----------------------------------------------------------

----------------------------------------------------------
sample path: (IntersectionOutput) 
  order timepoint           sequence nr.                  node name     dropped samples
latency

Statistics:
  latency:                  110.698ms [min=89.9167ms, max=131.872ms, average=111.583ms, deviation=11.1552ms]
----------------------------------------------------------

----------------------------------------------------------
sample path: (IntersectionOutput) 
  order timepoint           sequence nr.                  node name     dropped samples
latency

Statistics:
  latency:                  114.689ms [min=89.9167ms, max=131.872ms, average=111.731ms, deviation=10.8939ms]
----------------------------------------------------------

----------------------------------------------------------
sample path: (VehicleDBWSystem) 
  order timepoint           sequence nr.                  node name     dropped samples
bp period
latency

Statistics:
  latency:                  355.67ms [min=283.208ms, max=355.67ms, average=327.438ms, deviation=20.0767ms]
hotpath
  hot path:                 FrontLidarDriver/RearLidarDriver -> ObjectCollisionEstimator
  hot path latency:         82.4946ms [min=51.893ms, max=83.2436ms, average=70.3966ms, deviation=10.2588ms]
  hot path drops:           0 [min=0, max=0, average=0, deviation=0]
  behavior planner period:  100.001ms [min=99.9939ms, max=100.009ms, average=100.001ms, deviation=0.00465817ms]
----------------------------------------------------------

----------------------------------------------------------
sample path: (IntersectionOutput) 
  order timepoint           sequence nr.                  node name     dropped samples
latency

Statistics:
  latency:                  121.124ms [min=89.9167ms, max=131.872ms, average=112.158ms, deviation=10.8183ms]
----------------------------------------------------------

----------------------------------------------------------
sample path: (IntersectionOutput) 
  order timepoint           sequence nr.                  node name     dropped samples
latency

Statistics:
  latency:                  122.128ms [min=89.9167ms, max=131.872ms, average=112.591ms, deviation=10.7721ms]
----------------------------------------------------------

----------------------------------------------------------
sample path: (VehicleDBWSystem) 
  order timepoint           sequence nr.                  node name     dropped samples
bp period
latency

Statistics:
  latency:                  345.465ms [min=283.208ms, max=355.67ms, average=329.241ms, deviation=19.7684ms]
hotpath
  hot path:                 FrontLidarDriver/RearLidarDriver -> ObjectCollisionEstimator
  hot path latency:         84.3204ms [min=51.893ms, max=84.3204ms, average=71.789ms, deviation=10.6272ms]
  hot path drops:           0 [min=0, max=0, average=0, deviation=0]
  behavior planner period:  99.9913ms [min=99.9913ms, max=100.009ms, average=99.9999ms, deviation=0.00543608ms]
----------------------------------------------------------

----------------------------------------------------------
sample path: (IntersectionOutput) 
  order timepoint           sequence nr.                  node name     dropped samples
latency

Statistics:
  latency:                  122.999ms [min=89.9167ms, max=131.872ms, average=113.025ms, deviation=10.7474ms]
----------------------------------------------------------

----------------------------------------------------------
sample path: (IntersectionOutput) 
  order timepoint           sequence nr.                  node name     dropped samples
latency

Statistics:
  latency:                  111.532ms [min=89.9167ms, max=131.872ms, average=112.965ms, deviation=10.5253ms]
----------------------------------------------------------

----------------------------------------------------------
sample path: (VehicleDBWSystem) 
  order timepoint           sequence nr.                  node name     dropped samples
bp period
latency

Statistics:
  latency:                  356.055ms [min=283.208ms, max=356.055ms, average=331.678ms, deviation=20.4223ms]
hotpath
  hot path:                 FrontLidarDriver/RearLidarDriver -> ObjectCollisionEstimator
  hot path latency:         72.3261ms [min=51.893ms, max=84.3204ms, average=71.8378ms, deviation=10.0831ms]
  hot path drops:           0 [min=0, max=0, average=0, deviation=0]
  behavior planner period:  99.9958ms [min=99.9913ms, max=100.009ms, average=99.9995ms, deviation=0.00529191ms]
----------------------------------------------------------

----------------------------------------------------------
sample path: (IntersectionOutput) 
  order timepoint           sequence nr.                  node name     dropped samples
latency

Statistics:
  latency:                  77.8474ms [min=77.8474ms, max=131.872ms, average=111.615ms, deviation=12.401ms]
----------------------------------------------------------

----------------------------------------------------------
sample path: (IntersectionOutput) 
  order timepoint           sequence nr.                  node name     dropped samples
latency

Statistics:
  latency:                  87.9065ms [min=77.8474ms, max=131.872ms, average=110.737ms, deviation=12.988ms]
----------------------------------------------------------

----------------------------------------------------------
sample path: (IntersectionOutput) 
  order timepoint           sequence nr.                  node name     dropped samples
latency

Statistics:
  latency:                  98.827ms [min=77.8474ms, max=131.872ms, average=110.311ms, deviation=12.9424ms]
----------------------------------------------------------

----------------------------------------------------------
sample path: (IntersectionOutput) 
  order timepoint           sequence nr.                  node name     dropped samples
latency

Statistics:
  latency:                  98.1073ms [min=77.8474ms, max=131.872ms, average=109.89ms, deviation=12.9096ms]
----------------------------------------------------------

----------------------------------------------------------
sample path: (VehicleDBWSystem) 
  order timepoint           sequence nr.                  node name     dropped samples
bp period
latency

Statistics:
  latency:                  309.749ms [min=283.208ms, max=356.055ms, average=329.851ms, deviation=20.4751ms]
hotpath
  hot path:                 FrontLidarDriver/RearLidarDriver -> ObjectCollisionEstimator
  hot path latency:         62.8765ms [min=51.893ms, max=84.3204ms, average=71.091ms, deviation=9.95586ms]
  hot path drops:           0 [min=0, max=0, average=0, deviation=0]
  behavior planner period:  100.003ms [min=99.9913ms, max=100.009ms, average=99.9999ms, deviation=0.00515976ms]
----------------------------------------------------------

----------------------------------------------------------
sample path: (IntersectionOutput) 
  order timepoint           sequence nr.                  node name     dropped samples
latency

Statistics:
  latency:                  98.6364ms [min=77.8474ms, max=131.872ms, average=109.515ms, deviation=12.8504ms]
----------------------------------------------------------

----------------------------------------------------------
sample path: (IntersectionOutput) 
  order timepoint           sequence nr.                  node name     dropped samples
latency

Statistics:
  latency:                  98.3463ms [min=77.8474ms, max=131.872ms, average=109.155ms, deviation=12.7927ms]
----------------------------------------------------------

----------------------------------------------------------
sample path: (IntersectionOutput) 
  order timepoint           sequence nr.                  node name     dropped samples
latency

Statistics:
  latency:                  54.4158ms [min=54.4158ms, max=131.872ms, average=107.444ms, deviation=15.8749ms]
----------------------------------------------------------

----------------------------------------------------------
sample path: (VehicleDBWSystem) 
  order timepoint           sequence nr.                  node name     dropped samples
bp period
latency

Statistics:
  latency:                  292.138ms [min=283.208ms, max=356.055ms, average=326.95ms, deviation=22.2193ms]
hotpath
  hot path:                 FrontLidarDriver/RearLidarDriver -> ObjectCollisionEstimator
  hot path latency:         71.1727ms [min=51.893ms, max=84.3204ms, average=71.0973ms, deviation=9.53204ms]
  hot path drops:           0 [min=0, max=0, average=0, deviation=0]
  behavior planner period:  99.9987ms [min=99.9913ms, max=100.009ms, average=99.9998ms, deviation=0.00493203ms]
----------------------------------------------------------

----------------------------------------------------------
sample path: (IntersectionOutput) 
  order timepoint           sequence nr.                  node name     dropped samples
latency

Statistics:
  latency:                  110.187ms [min=54.4158ms, max=131.872ms, average=107.527ms, deviation=15.6321ms]
----------------------------------------------------------

----------------------------------------------------------
sample path: (IntersectionOutput) 
  order timepoint           sequence nr.                  node name     dropped samples
latency

Statistics:
  latency:                  66.7731ms [min=54.4158ms, max=131.872ms, average=106.329ms, deviation=16.9059ms]
----------------------------------------------------------

----------------------------------------------------------
sample path: (VehicleDBWSystem) 
  order timepoint           sequence nr.                  node name     dropped samples
bp period
latency

Statistics:
  latency:                  296.68ms [min=283.208ms, max=356.055ms, average=324.788ms, deviation=22.8291ms]
hotpath
  hot path:                 FrontLidarDriver/RearLidarDriver -> ObjectCollisionEstimator
  hot path latency:         59.4205ms [min=51.893ms, max=84.3204ms, average=70.2632ms, deviation=9.67521ms]
  hot path drops:           0 [min=0, max=0, average=0, deviation=0]
  behavior planner period:  100.003ms [min=99.9913ms, max=100.009ms, average=100ms, deviation=0.00478969ms]
----------------------------------------------------------

----------------------------------------------------------
sample path: (IntersectionOutput) 
  order timepoint           sequence nr.                  node name     dropped samples
latency

Statistics:
  latency:                  111.481ms [min=54.4158ms, max=131.872ms, average=106.476ms, deviation=16.6782ms]
----------------------------------------------------------

----------------------------------------------------------
sample path: (IntersectionOutput) 
  order timepoint           sequence nr.                  node name     dropped samples
latency

Statistics:
  latency:                  115.409ms [min=54.4158ms, max=131.872ms, average=106.724ms, deviation=16.5055ms]
----------------------------------------------------------

----------------------------------------------------------
sample path: (VehicleDBWSystem) 
  order timepoint           sequence nr.                  node name     dropped samples
bp period
latency

Statistics:
  latency:                  353.736ms [min=283.208ms, max=356.055ms, average=326.718ms, deviation=23.2338ms]
hotpath
  hot path:                 FrontLidarDriver/RearLidarDriver -> ObjectCollisionEstimator
  hot path latency:         57.3257ms [min=51.893ms, max=84.3204ms, average=69.4007ms, deviation=9.90363ms]
  hot path drops:           0 [min=0, max=0, average=0, deviation=0]
  behavior planner period:  100.003ms [min=99.9913ms, max=100.009ms, average=100ms, deviation=0.00466097ms]
----------------------------------------------------------

----------------------------------------------------------
sample path: (IntersectionOutput) 
  order timepoint           sequence nr.                  node name     dropped samples
latency

Statistics:
  latency:                  111.024ms [min=54.4158ms, max=131.872ms, average=106.84ms, deviation=16.29ms]
----------------------------------------------------------

----------------------------------------------------------
sample path: (IntersectionOutput) 
  order timepoint           sequence nr.                  node name     dropped samples
latency

Statistics:
  latency:                  116.854ms [min=54.4158ms, max=131.872ms, average=107.104ms, deviation=16.1502ms]
----------------------------------------------------------

----------------------------------------------------------
sample path: (VehicleDBWSystem) 
  order timepoint           sequence nr.                  node name     dropped samples
bp period
latency

Statistics:
  latency:                  250.473ms [min=250.473ms, max=356.055ms, average=321.952ms, deviation=29.4474ms]
hotpath
  hot path:                 FrontLidarDriver/RearLidarDriver -> ObjectCollisionEstimator
  hot path latency:         73.8639ms [min=51.893ms, max=84.3204ms, average=69.6797ms, deviation=9.63266ms]
  hot path drops:           0 [min=0, max=0, average=0, deviation=0]
  behavior planner period:  99.9952ms [min=99.9913ms, max=100.009ms, average=99.9999ms, deviation=0.00467539ms]
----------------------------------------------------------

----------------------------------------------------------
sample path: (IntersectionOutput) 
  order timepoint           sequence nr.                  node name     dropped samples
latency

Statistics:
  latency:                  110.555ms [min=54.4158ms, max=131.872ms, average=107.192ms, deviation=15.9459ms]
----------------------------------------------------------

----------------------------------------------------------
sample path: (IntersectionOutput) 
  order timepoint           sequence nr.                  node name     dropped samples
latency

Statistics:
  latency:                  99.5811ms [min=54.4158ms, max=131.872ms, average=107.002ms, deviation=15.7861ms]
----------------------------------------------------------

----------------------------------------------------------
sample path: (IntersectionOutput) 
  order timepoint           sequence nr.                  node name     dropped samples
latency

Statistics:
  latency:                  82.1215ms [min=54.4158ms, max=131.872ms, average=106.395ms, deviation=16.0645ms]
----------------------------------------------------------

----------------------------------------------------------
sample path: (VehicleDBWSystem) 
  order timepoint           sequence nr.                  node name     dropped samples
bp period
latency

Statistics:
  latency:                  332.81ms [min=250.473ms, max=356.055ms, average=322.591ms, deviation=28.6337ms]
hotpath
  hot path:                 FrontLidarDriver/RearLidarDriver -> ObjectCollisionEstimator
  hot path latency:         73.6035ms [min=51.893ms, max=84.3204ms, average=69.9105ms, deviation=9.37521ms]
  hot path drops:           0 [min=0, max=0, average=0, deviation=0]
  behavior planner period:  99.9986ms [min=99.9913ms, max=100.009ms, average=99.9998ms, deviation=0.00452841ms]
----------------------------------------------------------

----------------------------------------------------------
sample path: (IntersectionOutput) 
  order timepoint           sequence nr.                  node name     dropped samples
latency

Statistics:
  latency:                  100.189ms [min=54.4158ms, max=131.872ms, average=106.247ms, deviation=15.8963ms]
----------------------------------------------------------

----------------------------------------------------------
sample path: (IntersectionOutput) 
  order timepoint           sequence nr.                  node name     dropped samples
latency

Statistics:
  latency:                  110.559ms [min=54.4158ms, max=131.872ms, average=106.348ms, deviation=15.7196ms]
----------------------------------------------------------

----------------------------------------------------------
sample path: (IntersectionOutput) 
  order timepoint           sequence nr.                  node name     dropped samples
latency

Statistics:
  latency:                  99.7244ms [min=54.4158ms, max=131.872ms, average=106.197ms, deviation=15.5678ms]
----------------------------------------------------------

----------------------------------------------------------
sample path: (VehicleDBWSystem) 
  order timepoint           sequence nr.                  node name     dropped samples
bp period
latency

Statistics:
  latency:                  309.448ms [min=250.473ms, max=356.055ms, average=321.861ms, deviation=27.9509ms]
hotpath
  hot path:                 FrontLidarDriver/RearLidarDriver -> ObjectCollisionEstimator
  hot path latency:         61.8303ms [min=51.893ms, max=84.3204ms, average=69.4616ms, deviation=9.29255ms]
  hot path drops:           0 [min=0, max=0, average=0, deviation=0]
  behavior planner period:  100.003ms [min=99.9913ms, max=100.009ms, average=100ms, deviation=0.00446093ms]
----------------------------------------------------------

----------------------------------------------------------
sample path: (IntersectionOutput) 
  order timepoint           sequence nr.                  node name     dropped samples
latency

Statistics:
  latency:                  98.5174ms [min=54.4158ms, max=131.872ms, average=106.027ms, deviation=15.4324ms]
----------------------------------------------------------

----------------------------------------------------------
sample path: (IntersectionOutput) 
  order timepoint           sequence nr.                  node name     dropped samples
latency

Statistics:
  latency:                  98.578ms [min=54.4158ms, max=131.872ms, average=105.865ms, deviation=15.2995ms]
----------------------------------------------------------

----------------------------------------------------------
sample path: (IntersectionOutput) 
  order timepoint           sequence nr.                  node name     dropped samples
latency

Statistics:
  latency:                  55.0727ms [min=54.4158ms, max=131.872ms, average=104.784ms, deviation=16.8486ms]
----------------------------------------------------------

----------------------------------------------------------
sample path: (VehicleDBWSystem) 
  order timepoint           sequence nr.                  node name     dropped samples
bp period
latency

Statistics:
  latency:                  302.129ms [min=250.473ms, max=356.055ms, average=320.822ms, deviation=27.538ms]
hotpath
  hot path:                 FrontLidarDriver/RearLidarDriver -> ObjectCollisionEstimator
  hot path latency:         62.4367ms [min=51.893ms, max=84.3204ms, average=69.0919ms, deviation=9.17341ms]
  hot path drops:           0 [min=0, max=0, average=0, deviation=0]
  behavior planner period:  100.001ms [min=99.9913ms, max=100.009ms, average=100ms, deviation=0.00433078ms]
----------------------------------------------------------

----------------------------------------------------------
sample path: (IntersectionOutput) 
  order timepoint           sequence nr.                  node name     dropped samples
latency

Statistics:
  latency:                  110.19ms [min=54.4158ms, max=131.872ms, average=104.897ms, deviation=16.6866ms]
----------------------------------------------------------

----------------------------------------------------------
sample path: (IntersectionOutput) 
  order timepoint           sequence nr.                  node name     dropped samples
latency

Statistics:
  latency:                  99.5764ms [min=54.4158ms, max=131.872ms, average=104.788ms, deviation=16.5294ms]
----------------------------------------------------------

----------------------------------------------------------
sample path: (VehicleDBWSystem) 
  order timepoint           sequence nr.                  node name     dropped samples
bp period
latency

Statistics:
  latency:                  298.349ms [min=250.473ms, max=356.055ms, average=319.699ms, deviation=27.2705ms]
hotpath
  hot path:                 FrontLidarDriver/RearLidarDriver -> ObjectCollisionEstimator
  hot path latency:         56.7463ms [min=51.893ms, max=84.3204ms, average=68.4746ms, deviation=9.34575ms]
  hot path drops:           0 [min=0, max=0, average=0, deviation=0]
  behavior planner period:  100.003ms [min=99.9913ms, max=100.009ms, average=100ms, deviation=0.00425245ms]
----------------------------------------------------------

----------------------------------------------------------
sample path: (IntersectionOutput) 
  order timepoint           sequence nr.                  node name     dropped samples
latency

Statistics:
  latency:                  84.3656ms [min=54.4158ms, max=131.872ms, average=104.38ms, deviation=16.6128ms]
----------------------------------------------------------

----------------------------------------------------------
sample path: (IntersectionOutput) 
  order timepoint           sequence nr.                  node name     dropped samples
latency

Statistics:
  latency:                  55.2085ms [min=54.4158ms, max=131.872ms, average=103.415ms, deviation=17.829ms]
----------------------------------------------------------

----------------------------------------------------------
sample path: (IntersectionOutput) 
  order timepoint           sequence nr.                  node name     dropped samples
latency

Statistics:
  latency:                  91.3826ms [min=54.4158ms, max=131.872ms, average=103.184ms, deviation=17.732ms]
----------------------------------------------------------

----------------------------------------------------------
sample path: (VehicleDBWSystem) 
  order timepoint           sequence nr.                  node name     dropped samples
bp period
latency

Statistics:
  latency:                  307.497ms [min=250.473ms, max=356.055ms, average=319.118ms, deviation=26.7131ms]
hotpath
  hot path:                 FrontLidarDriver/RearLidarDriver -> ObjectCollisionEstimator
  hot path latency:         77.7043ms [min=51.893ms, max=84.3204ms, average=68.9141ms, deviation=9.32912ms]
  hot path drops:           0 [min=0, max=0, average=0, deviation=0]
  behavior planner period:  100.001ms [min=99.9913ms, max=100.009ms, average=100ms, deviation=0.0041406ms]
----------------------------------------------------------

----------------------------------------------------------
sample path: (IntersectionOutput) 
  order timepoint           sequence nr.                  node name     dropped samples
latency

Statistics:
  latency:                  87.3589ms [min=54.4158ms, max=131.872ms, average=102.885ms, deviation=17.6947ms]
----------------------------------------------------------

----------------------------------------------------------
sample path: (IntersectionOutput) 
  order timepoint           sequence nr.                  node name     dropped samples
latency

Statistics:
  latency:                  66.3768ms [min=54.4158ms, max=131.872ms, average=102.209ms, deviation=18.2176ms]
----------------------------------------------------------

----------------------------------------------------------
sample path: (IntersectionOutput) 
  order timepoint           sequence nr.                  node name     dropped samples
latency

Statistics:
  latency:                  100.01ms [min=54.4158ms, max=131.872ms, average=102.169ms, deviation=18.0505ms]
----------------------------------------------------------

----------------------------------------------------------
sample path: (VehicleDBWSystem) 
  order timepoint           sequence nr.                  node name     dropped samples
bp period
latency

Statistics:
  latency:                  276.182ms [min=250.473ms, max=356.055ms, average=317.166ms, deviation=27.6297ms]
hotpath
  hot path:                 FrontLidarDriver/RearLidarDriver -> ObjectCollisionEstimator
  hot path latency:         83.0392ms [min=51.893ms, max=84.3204ms, average=69.5561ms, deviation=9.58943ms]
  hot path drops:           0 [min=0, max=0, average=0, deviation=0]
  behavior planner period:  100.009ms [min=99.9913ms, max=100.009ms, average=100.001ms, deviation=0.00451593ms]
----------------------------------------------------------

----------------------------------------------------------
sample path: (IntersectionOutput) 
  order timepoint           sequence nr.                  node name     dropped samples
latency

Statistics:
  latency:                  100.089ms [min=54.4158ms, max=131.872ms, average=102.132ms, deviation=17.8878ms]
----------------------------------------------------------

----------------------------------------------------------
sample path: (IntersectionOutput) 
  order timepoint           sequence nr.                  node name     dropped samples
latency

Statistics:
  latency:                  99.4149ms [min=54.4158ms, max=131.872ms, average=102.085ms, deviation=17.7311ms]
----------------------------------------------------------

----------------------------------------------------------
sample path: (IntersectionOutput) 
  order timepoint           sequence nr.                  node name     dropped samples
latency

Statistics:
  latency:                  88.8449ms [min=54.4158ms, max=131.872ms, average=101.856ms, deviation=17.6606ms]
----------------------------------------------------------

----------------------------------------------------------
sample path: (VehicleDBWSystem) 
  order timepoint           sequence nr.                  node name     dropped samples
bp period
latency

Statistics:
  latency:                  399.556ms [min=250.473ms, max=399.556ms, average=320.748ms, deviation=31.9974ms]
hotpath
  hot path:                 FrontLidarDriver/RearLidarDriver -> ObjectCollisionEstimator
  hot path latency:         83.825ms [min=51.893ms, max=84.3204ms, average=70.1765ms, deviation=9.83003ms]
  hot path drops:           0 [min=0, max=0, average=0, deviation=0]
  behavior planner period:  99.994ms [min=99.9913ms, max=100.009ms, average=100ms, deviation=0.00463007ms]
----------------------------------------------------------

----------------------------------------------------------
sample path: (IntersectionOutput) 
  order timepoint           sequence nr.                  node name     dropped samples
latency

Statistics:
  latency:                  112.123ms [min=54.4158ms, max=131.872ms, average=102.03ms, deviation=17.5586ms]
----------------------------------------------------------

----------------------------------------------------------
sample path: (IntersectionOutput) 
  order timepoint           sequence nr.                  node name     dropped samples
latency

Statistics:
  latency:                  112.49ms [min=54.4158ms, max=131.872ms, average=102.205ms, deviation=17.4615ms]
----------------------------------------------------------

----------------------------------------------------------
sample path: (IntersectionOutput) 
  order timepoint           sequence nr.                  node name     dropped samples
latency

Statistics:
  latency:                  99.8739ms [min=54.4158ms, max=131.872ms, average=102.166ms, deviation=17.3179ms]
----------------------------------------------------------

----------------------------------------------------------
sample path: (VehicleDBWSystem) 
  order timepoint           sequence nr.                  node name     dropped samples
bp period
latency

Statistics:
  latency:                  310.749ms [min=250.473ms, max=399.556ms, average=320.332ms, deviation=31.3605ms]
hotpath
  hot path:                 FrontLidarDriver/RearLidarDriver -> ObjectCollisionEstimator
  hot path latency:         82.1451ms [min=51.893ms, max=84.3204ms, average=70.6752ms, deviation=9.91951ms]
  hot path drops:           0 [min=0, max=0, average=0, deviation=0]
  behavior planner period:  99.9994ms [min=99.9913ms, max=100.009ms, average=100ms, deviation=0.00452799ms]
----------------------------------------------------------

----------------------------------------------------------
sample path: (IntersectionOutput) 
  order timepoint           sequence nr.                  node name     dropped samples
latency

Statistics:
  latency:                  98.4191ms [min=54.4158ms, max=131.872ms, average=102.106ms, deviation=17.182ms]
----------------------------------------------------------

----------------------------------------------------------
sample path: (IntersectionOutput) 
  order timepoint           sequence nr.                  node name     dropped samples
latency

Statistics:
  latency:                  99.2876ms [min=54.4158ms, max=131.872ms, average=102.061ms, deviation=17.0466ms]
----------------------------------------------------------

----------------------------------------------------------
sample path: (IntersectionOutput) 
  order timepoint           sequence nr.                  node name     dropped samples
latency

Statistics:
  latency:                  100.095ms [min=54.4158ms, max=131.872ms, average=102.031ms, deviation=16.9125ms]
----------------------------------------------------------

----------------------------------------------------------
sample path: (VehicleDBWSystem) 
  order timepoint           sequence nr.                  node name     dropped samples
bp period
latency

Statistics:
  latency:                  284.56ms [min=250.473ms, max=399.556ms, average=318.901ms, deviation=31.5228ms]
hotpath
  hot path:                 FrontLidarDriver/RearLidarDriver -> ObjectCollisionEstimator
  hot path latency:         78.2361ms [min=51.893ms, max=84.3204ms, average=70.9777ms, deviation=9.82769ms]
  hot path drops:           0 [min=0, max=0, average=0, deviation=0]
  behavior planner period:  99.9948ms [min=99.9913ms, max=100.009ms, average=100ms, deviation=0.00456925ms]
----------------------------------------------------------

----------------------------------------------------------
sample path: (IntersectionOutput) 
  order timepoint           sequence nr.                  node name     dropped samples
latency

Statistics:
  latency:                  89.4528ms [min=54.4158ms, max=131.872ms, average=101.837ms, deviation=16.8522ms]
----------------------------------------------------------

----------------------------------------------------------
sample path: (IntersectionOutput) 
  order timepoint           sequence nr.                  node name     dropped samples
latency

Statistics:
  latency:                  111.03ms [min=54.4158ms, max=131.872ms, average=101.976ms, deviation=16.7603ms]
----------------------------------------------------------

----------------------------------------------------------
sample path: (IntersectionOutput) 
  order timepoint           sequence nr.                  node name     dropped samples
latency

Statistics:
  latency:                  99.9482ms [min=54.4158ms, max=131.872ms, average=101.946ms, deviation=16.6347ms]
----------------------------------------------------------

----------------------------------------------------------
sample path: (VehicleDBWSystem) 
  order timepoint           sequence nr.                  node name     dropped samples
bp period
latency

Statistics:
  latency:                  254.926ms [min=250.473ms, max=399.556ms, average=316.44ms, deviation=33.337ms]
hotpath
  hot path:                 FrontLidarDriver/RearLidarDriver -> ObjectCollisionEstimator
  hot path latency:         64.9363ms [min=51.893ms, max=84.3204ms, average=70.7453ms, deviation=9.70175ms]
  hot path drops:           0 [min=0, max=0, average=0, deviation=0]
  behavior planner period:  100ms [min=99.9913ms, max=100.009ms, average=100ms, deviation=0.00447382ms]
----------------------------------------------------------

----------------------------------------------------------
sample path: (IntersectionOutput) 
  order timepoint           sequence nr.                  node name     dropped samples
latency

Statistics:
  latency:                  84.0164ms [min=54.4158ms, max=131.872ms, average=101.682ms, deviation=16.6527ms]
----------------------------------------------------------

----------------------------------------------------------
sample path: (IntersectionOutput) 
  order timepoint           sequence nr.                  node name     dropped samples
latency

Statistics:
  latency:                  109.7ms [min=54.4158ms, max=131.872ms, average=101.799ms, deviation=16.5579ms]
----------------------------------------------------------

----------------------------------------------------------
sample path: (IntersectionOutput) 
  order timepoint           sequence nr.                  node name     dropped samples
latency

Statistics:
  latency:                  92.1786ms [min=54.4158ms, max=131.872ms, average=101.661ms, deviation=16.4777ms]
----------------------------------------------------------

----------------------------------------------------------
sample path: (VehicleDBWSystem) 
  order timepoint           sequence nr.                  node name     dropped samples
bp period
latency

Statistics:
  latency:                  266.112ms [min=250.473ms, max=399.556ms, average=314.576ms, deviation=34.0944ms]
hotpath
  hot path:                 FrontLidarDriver/RearLidarDriver -> ObjectCollisionEstimator
  hot path latency:         76.8343ms [min=51.893ms, max=84.3204ms, average=70.9708ms, deviation=9.58525ms]
  hot path drops:           0 [min=0, max=0, average=0, deviation=0]
  behavior planner period:  100.002ms [min=99.9913ms, max=100.009ms, average=100ms, deviation=0.00440864ms]
----------------------------------------------------------

----------------------------------------------------------
sample path: (IntersectionOutput) 
  order timepoint           sequence nr.                  node name     dropped samples
latency

Statistics:
  latency:                  88.4633ms [min=54.4158ms, max=131.872ms, average=101.475ms, deviation=16.4344ms]
----------------------------------------------------------

----------------------------------------------------------
sample path: (IntersectionOutput) 
  order timepoint           sequence nr.                  node name     dropped samples
latency

Statistics:
  latency:                  66.2902ms [min=54.4158ms, max=131.872ms, average=100.987ms, deviation=16.8368ms]
----------------------------------------------------------

----------------------------------------------------------
sample path: (IntersectionOutput) 
  order timepoint           sequence nr.                  node name     dropped samples
latency

Statistics:
  latency:                  99.2298ms [min=54.4158ms, max=131.872ms, average=100.963ms, deviation=16.7208ms]
----------------------------------------------------------

----------------------------------------------------------
sample path: (VehicleDBWSystem) 
  order timepoint           sequence nr.                  node name     dropped samples
bp period
latency

Statistics:
  latency:                  275.918ms [min=250.473ms, max=399.556ms, average=313.196ms, deviation=34.2454ms]
hotpath
  hot path:                 FrontLidarDriver/RearLidarDriver -> ObjectCollisionEstimator
  hot path latency:         82.8466ms [min=51.893ms, max=84.3204ms, average=71.395ms, deviation=9.67012ms]
  hot path drops:           0 [min=0, max=0, average=0, deviation=0]
  behavior planner period:  100.004ms [min=99.9913ms, max=100.009ms, average=100ms, deviation=0.00439129ms]
----------------------------------------------------------

----------------------------------------------------------
sample path: (IntersectionOutput) 
  order timepoint           sequence nr.                  node name     dropped samples
latency

Statistics:
  latency:                  98.8087ms [min=54.4158ms, max=131.872ms, average=100.933ms, deviation=16.6077ms]
----------------------------------------------------------

----------------------------------------------------------
sample path: (IntersectionOutput) 
  order timepoint           sequence nr.                  node name     dropped samples
latency

Statistics:
  latency:                  98.2286ms [min=54.4158ms, max=131.872ms, average=100.897ms, deviation=16.4981ms]
----------------------------------------------------------

----------------------------------------------------------
sample path: (IntersectionOutput) 
  order timepoint           sequence nr.                  node name     dropped samples
latency

Statistics:
  latency:                  75.6993ms [min=54.4158ms, max=131.872ms, average=100.566ms, deviation=16.6407ms]
----------------------------------------------------------

----------------------------------------------------------
sample path: (VehicleDBWSystem) 
  order timepoint           sequence nr.                  node name     dropped samples
bp period
latency

Statistics:
  latency:                  395.776ms [min=250.473ms, max=399.556ms, average=316.043ms, deviation=36.9597ms]
hotpath
  hot path:                 FrontLidarDriver/RearLidarDriver -> ObjectCollisionEstimator
  hot path latency:         83.8753ms [min=51.893ms, max=84.3204ms, average=71.8253ms, deviation=9.77458ms]
  hot path drops:           0 [min=0, max=0, average=0, deviation=0]
  behavior planner period:  99.9942ms [min=99.9913ms, max=100.009ms, average=100ms, deviation=0.00446273ms]
----------------------------------------------------------

----------------------------------------------------------
sample path: (IntersectionOutput) 
  order timepoint           sequence nr.                  node name     dropped samples
latency

Statistics:
  latency:                  98.342ms [min=54.4158ms, max=131.872ms, average=100.537ms, deviation=16.5328ms]
----------------------------------------------------------

----------------------------------------------------------
sample path: (IntersectionOutput) 
  order timepoint           sequence nr.                  node name     dropped samples
latency

Statistics:
  latency:                  88.2272ms [min=54.4158ms, max=131.872ms, average=100.379ms, deviation=16.4841ms]
----------------------------------------------------------

----------------------------------------------------------
sample path: (IntersectionOutput) 
  order timepoint           sequence nr.                  node name     dropped samples
latency

Statistics:
  latency:                  100.168ms [min=54.4158ms, max=131.872ms, average=100.376ms, deviation=16.3781ms]
----------------------------------------------------------

----------------------------------------------------------
sample path: (VehicleDBWSystem) 
  order timepoint           sequence nr.                  node name     dropped samples
bp period
latency

Statistics:
  latency:                  253.365ms [min=250.473ms, max=399.556ms, average=313.954ms, deviation=38.0771ms]
hotpath
  hot path:                 FrontLidarDriver/RearLidarDriver -> ObjectCollisionEstimator
  hot path latency:         81.104ms [min=51.893ms, max=84.3204ms, average=72.1346ms, deviation=9.75283ms]
  hot path drops:           0 [min=0, max=0, average=0, deviation=0]
  behavior planner period:  99.9911ms [min=99.9911ms, max=100.009ms, average=99.9998ms, deviation=0.00469165ms]
----------------------------------------------------------

----------------------------------------------------------
sample path: (IntersectionOutput) 
  order timepoint           sequence nr.                  node name     dropped samples
latency

Statistics:
  latency:                  67.3653ms [min=54.4158ms, max=131.872ms, average=99.9638ms, deviation=16.6874ms]
----------------------------------------------------------

----------------------------------------------------------
sample path: (IntersectionOutput) 
  order timepoint           sequence nr.                  node name     dropped samples
latency

Statistics:
  latency:                  89.3776ms [min=54.4158ms, max=131.872ms, average=99.8331ms, deviation=16.6244ms]
----------------------------------------------------------

----------------------------------------------------------
sample path: (IntersectionOutput) 
  order timepoint           sequence nr.                  node name     dropped samples
latency

Statistics:
  latency:                  88.2912ms [min=54.4158ms, max=131.872ms, average=99.6923ms, deviation=16.5706ms]
----------------------------------------------------------

----------------------------------------------------------
sample path: (IntersectionOutput) 
  order timepoint           sequence nr.                  node name     dropped samples
latency

Statistics:
  latency:                  54.4611ms [min=54.4158ms, max=131.872ms, average=99.1474ms, deviation=17.2013ms]
----------------------------------------------------------

----------------------------------------------------------
sample path: (VehicleDBWSystem) 
  order timepoint           sequence nr.                  node name     dropped samples
bp period
latency

Statistics:
  latency:                  321.148ms [min=250.473ms, max=399.556ms, average=314.186ms, deviation=37.4593ms]
  behavior planner period:  100.007ms [min=99.9911ms, max=100.009ms, average=100ms, deviation=0.00478833ms]
----------------------------------------------------------

----------------------------------------------------------
sample path: (IntersectionOutput) 
  order timepoint           sequence nr.                  node name     dropped samples
latency

Statistics:
  latency:                  96.8174ms [min=54.4158ms, max=131.872ms, average=99.1196ms, deviation=17.0992ms]
----------------------------------------------------------

----------------------------------------------------------
sample path: (IntersectionOutput) 
  order timepoint           sequence nr.                  node name     dropped samples
latency

Statistics:
  latency:                  95.9621ms [min=54.4158ms, max=131.872ms, average=99.0825ms, deviation=17.0006ms]
----------------------------------------------------------

----------------------------------------------------------
sample path: (IntersectionOutput) 
  order timepoint           sequence nr.                  node name     dropped samples
latency

Statistics:
  latency:                  95.2327ms [min=54.4158ms, max=131.872ms, average=99.0377ms, deviation=16.9054ms]
----------------------------------------------------------

----------------------------------------------------------
sample path: (VehicleDBWSystem) 
  order timepoint           sequence nr.                  node name     dropped samples
bp period
latency

Statistics:
  latency:                  326.549ms [min=250.473ms, max=399.556ms, average=314.572ms, deviation=36.915ms]
hotpath
  hot path:                 FrontLidarDriver/RearLidarDriver -> ObjectCollisionEstimator
  hot path latency:         78.8926ms [min=51.893ms, max=84.3204ms, average=72.3526ms, deviation=9.66542ms]
  hot path drops:           0 [min=0, max=0, average=0, deviation=0]
  behavior planner period:  100.001ms [min=99.9911ms, max=100.009ms, average=100ms, deviation=0.00471323ms]
----------------------------------------------------------

----------------------------------------------------------
sample path: (IntersectionOutput) 
  order timepoint           sequence nr.                  node name     dropped samples
latency

Statistics:
  latency:                  85.429ms [min=54.4158ms, max=131.872ms, average=98.8813ms, deviation=16.87ms]
----------------------------------------------------------

----------------------------------------------------------
sample path: (IntersectionOutput) 
  order timepoint           sequence nr.                  node name     dropped samples
latency

Statistics:
  latency:                  85.8138ms [min=54.4158ms, max=131.872ms, average=98.7328ms, deviation=16.8306ms]
----------------------------------------------------------

----------------------------------------------------------
sample path: (IntersectionOutput) 
  order timepoint           sequence nr.                  node name     dropped samples
latency

Statistics:
  latency:                  80.7814ms [min=54.4158ms, max=131.872ms, average=98.5311ms, deviation=16.8425ms]
----------------------------------------------------------

----------------------------------------------------------
sample path: (VehicleDBWSystem) 
  order timepoint           sequence nr.                  node name     dropped samples
bp period
latency

Statistics:
  latency:                  259.176ms [min=250.473ms, max=399.556ms, average=312.894ms, deviation=37.5915ms]
hotpath
  hot path:                 FrontLidarDriver/RearLidarDriver -> ObjectCollisionEstimator
  hot path latency:         75.4879ms [min=51.893ms, max=84.3204ms, average=72.4506ms, deviation=9.52439ms]
  hot path drops:           0 [min=0, max=0, average=0, deviation=0]
  behavior planner period:  100.015ms [min=99.9911ms, max=100.015ms, average=100.001ms, deviation=0.00532503ms]
----------------------------------------------------------

----------------------------------------------------------
sample path: (IntersectionOutput) 
  order timepoint           sequence nr.                  node name     dropped samples
latency

Statistics:
  latency:                  61.6263ms [min=54.4158ms, max=131.872ms, average=98.1211ms, deviation=17.1935ms]
----------------------------------------------------------

----------------------------------------------------------
sample path: (IntersectionOutput) 
  order timepoint           sequence nr.                  node name     dropped samples
latency

Statistics:
  latency:                  88.0473ms [min=54.4158ms, max=131.872ms, average=98.0103ms, deviation=17.1303ms]
----------------------------------------------------------

----------------------------------------------------------
sample path: (IntersectionOutput) 
  order timepoint           sequence nr.                  node name     dropped samples
latency

Statistics:
  latency:                  99.3245ms [min=54.4158ms, max=131.872ms, average=98.0246ms, deviation=17.0364ms]
----------------------------------------------------------

----------------------------------------------------------
sample path: (VehicleDBWSystem) 
  order timepoint           sequence nr.                  node name     dropped samples
bp period
latency

Statistics:
  latency:                  321.72ms [min=250.473ms, max=399.556ms, average=313.153ms, deviation=37.0485ms]
hotpath
  hot path:                 FrontLidarDriver/RearLidarDriver -> ObjectCollisionEstimator
  hot path latency:         70.85ms [min=51.893ms, max=84.3204ms, average=72.4021ms, deviation=9.37853ms]
  hot path drops:           0 [min=0, max=0, average=0, deviation=0]
  behavior planner period:  99.9866ms [min=99.9866ms, max=100.015ms, average=100ms, deviation=0.00577647ms]
----------------------------------------------------------

----------------------------------------------------------
sample path: (IntersectionOutput) 
  order timepoint           sequence nr.                  node name     dropped samples
latency

Statistics:
  latency:                  99.7496ms [min=54.4158ms, max=131.872ms, average=98.0432ms, deviation=16.9445ms]
----------------------------------------------------------

----------------------------------------------------------
sample path: (IntersectionOutput) 
  order timepoint           sequence nr.                  node name     dropped samples
latency

Statistics:
  latency:                  48.9583ms [min=48.9583ms, max=131.872ms, average=97.521ms, deviation=17.5972ms]
----------------------------------------------------------

----------------------------------------------------------
sample path: (IntersectionOutput) 
  order timepoint           sequence nr.                  node name     dropped samples
latency

Statistics:
  latency:                  76.2883ms [min=48.9583ms, max=131.872ms, average=97.2975ms, deviation=17.6384ms]
----------------------------------------------------------

----------------------------------------------------------
sample path: (VehicleDBWSystem) 
  order timepoint           sequence nr.                  node name     dropped samples
bp period
latency

Statistics:
  latency:                  290.533ms [min=250.473ms, max=399.556ms, average=312.507ms, deviation=36.6993ms]
hotpath
  hot path:                 FrontLidarDriver/RearLidarDriver -> ObjectCollisionEstimator
  hot path latency:         84.2538ms [min=51.893ms, max=84.3204ms, average=72.7507ms, deviation=9.45636ms]
  hot path drops:           0 [min=0, max=0, average=0, deviation=0]
  behavior planner period:  99.994ms [min=99.9866ms, max=100.015ms, average=99.9999ms, deviation=0.00578452ms]
----------------------------------------------------------

----------------------------------------------------------
sample path: (IntersectionOutput) 
  order timepoint           sequence nr.                  node name     dropped samples
latency

Statistics:
  latency:                  65.2006ms [min=48.9583ms, max=131.872ms, average=96.9632ms, deviation=17.8485ms]
----------------------------------------------------------

----------------------------------------------------------
sample path: (IntersectionOutput) 
  order timepoint           sequence nr.                  node name     dropped samples
latency

Statistics:
  latency:                  76.7317ms [min=48.9583ms, max=131.872ms, average=96.7546ms, deviation=17.8737ms]
----------------------------------------------------------

----------------------------------------------------------
sample path: (VehicleDBWSystem) 
  order timepoint           sequence nr.                  node name     dropped samples
bp period
latency

Statistics:
  latency:                  313.613ms [min=250.473ms, max=399.556ms, average=312.538ms, deviation=36.1717ms]
hotpath
  hot path:                 FrontLidarDriver/RearLidarDriver -> ObjectCollisionEstimator
  hot path latency:         73.2763ms [min=51.893ms, max=84.3204ms, average=72.7657ms, deviation=9.31668ms]
  hot path drops:           0 [min=0, max=0, average=0, deviation=0]
  behavior planner period:  100.012ms [min=99.9866ms, max=100.015ms, average=100ms, deviation=0.00606351ms]
----------------------------------------------------------

----------------------------------------------------------
sample path: (IntersectionOutput) 
  order timepoint           sequence nr.                  node name     dropped samples
latency

Statistics:
  latency:                  99.851ms [min=48.9583ms, max=131.872ms, average=96.7862ms, deviation=17.7841ms]
----------------------------------------------------------

----------------------------------------------------------
sample path: (IntersectionOutput) 
  order timepoint           sequence nr.                  node name     dropped samples
latency

Statistics:
  latency:                  100.635ms [min=48.9583ms, max=131.872ms, average=96.8251ms, deviation=17.6974ms]
----------------------------------------------------------

----------------------------------------------------------
sample path: (IntersectionOutput) 
  order timepoint           sequence nr.                  node name     dropped samples
latency

Statistics:
  latency:                  100.826ms [min=48.9583ms, max=131.872ms, average=96.8651ms, deviation=17.6123ms]
----------------------------------------------------------

----------------------------------------------------------
sample path: (VehicleDBWSystem) 
  order timepoint           sequence nr.                  node name     dropped samples
bp period
latency

Statistics:
  latency:                  254.391ms [min=250.473ms, max=399.556ms, average=310.966ms, deviation=36.9247ms]
hotpath
  hot path:                 FrontLidarDriver/RearLidarDriver -> ObjectCollisionEstimator
  hot path latency:         71.7986ms [min=51.893ms, max=84.3204ms, average=72.7388ms, deviation=9.18404ms]
  hot path drops:           0 [min=0, max=0, average=0, deviation=0]
  behavior planner period:  99.9947ms [min=99.9866ms, max=100.015ms, average=100ms, deviation=0.00604862ms]
----------------------------------------------------------

----------------------------------------------------------
sample path: (IntersectionOutput) 
  order timepoint           sequence nr.                  node name     dropped samples
latency

Statistics:
  latency:                  67.2801ms [min=48.9583ms, max=131.872ms, average=96.5722ms, deviation=17.7696ms]
----------------------------------------------------------

----------------------------------------------------------
sample path: (IntersectionOutput) 
  order timepoint           sequence nr.                  node name     dropped samples
latency

Statistics:
  latency:                  111.629ms [min=48.9583ms, max=131.872ms, average=96.7198ms, deviation=17.7441ms]
----------------------------------------------------------

----------------------------------------------------------
sample path: (IntersectionOutput) 
  order timepoint           sequence nr.                  node name     dropped samples
latency

Statistics:
  latency:                  111.807ms [min=48.9583ms, max=131.872ms, average=96.8662ms, deviation=17.7194ms]
----------------------------------------------------------

----------------------------------------------------------
sample path: (VehicleDBWSystem) 
  order timepoint           sequence nr.                  node name     dropped samples
bp period
latency

Statistics:
  latency:                  267.863ms [min=250.473ms, max=399.556ms, average=309.832ms, deviation=37.0874ms]
hotpath
  hot path:                 FrontLidarDriver/RearLidarDriver -> ObjectCollisionEstimator
  hot path latency:         74.3989ms [min=51.893ms, max=84.3204ms, average=72.7837ms, deviation=9.05969ms]
  hot path drops:           0 [min=0, max=0, average=0, deviation=0]
  behavior planner period:  99.9986ms [min=99.9866ms, max=100.015ms, average=100ms, deviation=0.00596941ms]
----------------------------------------------------------

----------------------------------------------------------
sample path: (IntersectionOutput) 
  order timepoint           sequence nr.                  node name     dropped samples
latency

Statistics:
  latency:                  73.6861ms [min=48.9583ms, max=131.872ms, average=96.6434ms, deviation=17.7791ms]
----------------------------------------------------------

----------------------------------------------------------
sample path: (IntersectionOutput) 
  order timepoint           sequence nr.                  node name     dropped samples
latency

Statistics:
  latency:                  78.602ms [min=48.9583ms, max=131.872ms, average=96.4715ms, deviation=17.7808ms]
----------------------------------------------------------

----------------------------------------------------------
sample path: (IntersectionOutput) 
  order timepoint           sequence nr.                  node name     dropped samples
latency

Statistics:
  latency:                  89.5541ms [min=48.9583ms, max=131.872ms, average=96.4063ms, deviation=17.7086ms]
----------------------------------------------------------

----------------------------------------------------------
sample path: (IntersectionOutput) 
  order timepoint           sequence nr.                  node name     dropped samples
latency

Statistics:
  latency:                  105.492ms [min=48.9583ms, max=131.872ms, average=96.4912ms, deviation=17.6468ms]
----------------------------------------------------------

----------------------------------------------------------
sample path: (VehicleDBWSystem) 
  order timepoint           sequence nr.                  node name     dropped samples
bp period
latency

Statistics:
  latency:                  302.522ms [min=250.473ms, max=399.556ms, average=309.644ms, deviation=36.6148ms]
hotpath
  hot path:                 FrontLidarDriver/RearLidarDriver -> ObjectCollisionEstimator
  hot path latency:         62.7246ms [min=51.893ms, max=84.3204ms, average=72.519ms, deviation=9.08419ms]
  hot path drops:           0 [min=0, max=0, average=0, deviation=0]
  behavior planner period:  100.013ms [min=99.9866ms, max=100.015ms, average=100ms, deviation=0.00626552ms]
----------------------------------------------------------

----------------------------------------------------------
sample path: (IntersectionOutput) 
  order timepoint           sequence nr.                  node name     dropped samples
latency

Statistics:
  latency:                  89.9328ms [min=48.9583ms, max=131.872ms, average=96.4305ms, deviation=17.5755ms]
----------------------------------------------------------

----------------------------------------------------------
sample path: (IntersectionOutput) 
  order timepoint           sequence nr.                  node name     dropped samples
latency

Statistics:
  latency:                  112.144ms [min=48.9583ms, max=131.872ms, average=96.5746ms, deviation=17.5585ms]
----------------------------------------------------------

----------------------------------------------------------
sample path: (VehicleDBWSystem) 
  order timepoint           sequence nr.                  node name     dropped samples
bp period
latency

Statistics:
  latency:                  258.241ms [min=250.473ms, max=399.556ms, average=308.359ms, deviation=37.045ms]
hotpath
  hot path:                 FrontLidarDriver/RearLidarDriver -> ObjectCollisionEstimator
  hot path latency:         76.8261ms [min=51.893ms, max=84.3204ms, average=72.6294ms, deviation=8.99036ms]
  hot path drops:           0 [min=0, max=0, average=0, deviation=0]
  behavior planner period:  99.9935ms [min=99.9866ms, max=100.015ms, average=100ms, deviation=0.00628185ms]
----------------------------------------------------------

----------------------------------------------------------
sample path: (IntersectionOutput) 
  order timepoint           sequence nr.                  node name     dropped samples
latency

Statistics:
  latency:                  96.3404ms [min=48.9583ms, max=131.872ms, average=96.5725ms, deviation=17.4778ms]
----------------------------------------------------------

----------------------------------------------------------
sample path: (IntersectionOutput) 
  order timepoint           sequence nr.                  node name     dropped samples
latency

Statistics:
  latency:                  89.9881ms [min=48.9583ms, max=131.872ms, average=96.5132ms, deviation=17.4094ms]
----------------------------------------------------------

----------------------------------------------------------
sample path: (IntersectionOutput) 
  order timepoint           sequence nr.                  node name     dropped samples
latency

Statistics:
  latency:                  67.5263ms [min=48.9583ms, max=131.872ms, average=96.2544ms, deviation=17.5459ms]
----------------------------------------------------------

----------------------------------------------------------
sample path: (IntersectionOutput) 
  order timepoint           sequence nr.                  node name     dropped samples
latency

Statistics:
  latency:                  100.601ms [min=48.9583ms, max=131.872ms, average=96.2928ms, deviation=17.4722ms]
----------------------------------------------------------

----------------------------------------------------------
sample path: (VehicleDBWSystem) 
  order timepoint           sequence nr.                  node name     dropped samples
bp period
latency

Statistics:
  latency:                  376.817ms [min=250.473ms, max=399.556ms, average=310.029ms, deviation=38.1094ms]
hotpath
  hot path:                 FrontLidarDriver/RearLidarDriver -> ObjectCollisionEstimator
  hot path latency:         88.1972ms [min=51.893ms, max=88.1972ms, average=73.0186ms, deviation=9.20939ms]
  hot path drops:           0 [min=0, max=0, average=0, deviation=0]
  behavior planner period:  99.9861ms [min=99.9861ms, max=100.015ms, average=99.9999ms, deviation=0.00659315ms]
----------------------------------------------------------

----------------------------------------------------------
sample path: (IntersectionOutput) 
  order timepoint           sequence nr.                  node name     dropped samples
latency

Statistics:
  latency:                  100.506ms [min=48.9583ms, max=131.872ms, average=96.3298ms, deviation=17.3992ms]
----------------------------------------------------------

----------------------------------------------------------
sample path: (IntersectionOutput) 
  order timepoint           sequence nr.                  node name     dropped samples
latency

Statistics:
  latency:                  100.331ms [min=48.9583ms, max=131.872ms, average=96.3646ms, deviation=17.3267ms]
----------------------------------------------------------

----------------------------------------------------------
sample path: (IntersectionOutput) 
  order timepoint           sequence nr.                  node name     dropped samples
latency

Statistics:
  latency:                  71.6874ms [min=48.9583ms, max=131.872ms, average=96.1518ms, deviation=17.4027ms]
----------------------------------------------------------

----------------------------------------------------------
sample path: (VehicleDBWSystem) 
  order timepoint           sequence nr.                  node name     dropped samples
bp period
latency

Statistics:
  latency:                  351.325ms [min=250.473ms, max=399.556ms, average=311.012ms, deviation=38.1773ms]
  behavior planner period:  100.001ms [min=99.9861ms, max=100.015ms, average=99.9999ms, deviation=0.00651434ms]
----------------------------------------------------------

----------------------------------------------------------
sample path: (IntersectionOutput) 
  order timepoint           sequence nr.                  node name     dropped samples
latency

Statistics:
  latency:                  100.424ms [min=48.9583ms, max=131.872ms, average=96.1884ms, deviation=17.332ms]
----------------------------------------------------------

----------------------------------------------------------
sample path: (IntersectionOutput) 
  order timepoint           sequence nr.                  node name     dropped samples
latency

Statistics:
  latency:                  78.1204ms [min=48.9583ms, max=131.872ms, average=96.0352ms, deviation=17.3378ms]
----------------------------------------------------------

----------------------------------------------------------
sample path: (IntersectionOutput) 
  order timepoint           sequence nr.                  node name     dropped samples
latency

Statistics:
  latency:                  55.5689ms [min=48.9583ms, max=131.872ms, average=95.6952ms, deviation=17.6582ms]
----------------------------------------------------------

----------------------------------------------------------
sample path: (VehicleDBWSystem) 
  order timepoint           sequence nr.                  node name     dropped samples
bp period
latency

Statistics:
  latency:                  257.055ms [min=250.473ms, max=399.556ms, average=309.757ms, deviation=38.6071ms]
hotpath
  hot path:                 FrontLidarDriver/RearLidarDriver -> ObjectCollisionEstimator
  hot path latency:         87.812ms [min=51.893ms, max=88.1972ms, average=73.3794ms, deviation=9.38245ms]
  hot path drops:           0 [min=0, max=0, average=0, deviation=0]
  behavior planner period:  99.9985ms [min=99.9861ms, max=100.015ms, average=99.9999ms, deviation=0.00643831ms]
----------------------------------------------------------

----------------------------------------------------------
sample path: (IntersectionOutput) 
  order timepoint           sequence nr.                  node name     dropped samples
latency

Statistics:
  latency:                  112.226ms [min=48.9583ms, max=131.872ms, average=95.8329ms, deviation=17.6485ms]
----------------------------------------------------------

----------------------------------------------------------
sample path: (IntersectionOutput) 
  order timepoint           sequence nr.                  node name     dropped samples
latency

Statistics:
  latency:                  111.963ms [min=48.9583ms, max=131.872ms, average=95.9663ms, deviation=17.6359ms]
----------------------------------------------------------

----------------------------------------------------------
sample path: (VehicleDBWSystem) 
  order timepoint           sequence nr.                  node name     dropped samples
bp period
latency

Statistics:
  latency:                  268.539ms [min=250.473ms, max=399.556ms, average=308.821ms, deviation=38.6583ms]
hotpath
  hot path:                 FrontLidarDriver/RearLidarDriver -> ObjectCollisionEstimator
  hot path latency:         76.403ms [min=51.893ms, max=88.1972ms, average=73.4514ms, deviation=9.27906ms]
  hot path drops:           0 [min=0, max=0, average=0, deviation=0]
  behavior planner period:  100.004ms [min=99.9861ms, max=100.015ms, average=100ms, deviation=0.00639624ms]
----------------------------------------------------------

----------------------------------------------------------
sample path: (IntersectionOutput) 
  order timepoint           sequence nr.                  node name     dropped samples
latency

Statistics:
  latency:                  73.3675ms [min=48.9583ms, max=131.872ms, average=95.781ms, deviation=17.6816ms]
----------------------------------------------------------

----------------------------------------------------------
sample path: (IntersectionOutput) 
  order timepoint           sequence nr.                  node name     dropped samples
latency

Statistics:
  latency:                  77.7701ms [min=48.9583ms, max=131.872ms, average=95.6346ms, deviation=17.6837ms]
----------------------------------------------------------

----------------------------------------------------------
sample path: (IntersectionOutput) 
  order timepoint           sequence nr.                  node name     dropped samples
latency

Statistics:
  latency:                  88.2737ms [min=48.9583ms, max=131.872ms, average=95.5752ms, deviation=17.6241ms]
----------------------------------------------------------

----------------------------------------------------------
sample path: (IntersectionOutput) 
  order timepoint           sequence nr.                  node name     dropped samples
latency

Statistics:
  latency:                  61.2408ms [min=48.9583ms, max=131.872ms, average=95.3005ms, deviation=17.8195ms]
----------------------------------------------------------

----------------------------------------------------------
sample path: (VehicleDBWSystem) 
  order timepoint           sequence nr.                  node name     dropped samples
bp period
latency

Statistics:
  latency:                  285.119ms [min=250.473ms, max=399.556ms, average=308.294ms, deviation=38.3794ms]
hotpath
  hot path:                 FrontLidarDriver/RearLidarDriver -> ObjectCollisionEstimator
  hot path latency:         65.7556ms [min=51.893ms, max=88.1972ms, average=73.2724ms, deviation=9.24274ms]
  hot path drops:           0 [min=0, max=0, average=0, deviation=0]
  behavior planner period:  100.004ms [min=99.9861ms, max=100.015ms, average=100ms, deviation=0.00634986ms]
----------------------------------------------------------

----------------------------------------------------------
sample path: (IntersectionOutput) 
  order timepoint           sequence nr.                  node name     dropped samples
latency

Statistics:
  latency:                  44.6801ms [min=44.6801ms, max=131.872ms, average=94.8988ms, deviation=18.312ms]
----------------------------------------------------------

