----------------------------------------------------------
sample path: (VehicleDBWSystem) 
  order timepoint           sequence nr.                  node name     dropped samples
latency

Statistics:
  latency:                  535.049ms [min=535.049ms, max=535.049ms, average=535.049ms, deviation=-nanms]
  behavior planner period:  0ms [min=1.84467e+13ms, max=0ms, average=0ms, deviation=0ms]
----------------------------------------------------------

----------------------------------------------------------
sample path: (IntersectionOutput) 
  order timepoint           sequence nr.                  node name     dropped samples
latency

Statistics:
  latency:                  162.432ms [min=162.432ms, max=162.432ms, average=162.432ms, deviation=-nanms]
----------------------------------------------------------

----------------------------------------------------------
sample path: (IntersectionOutput) 
  order timepoint           sequence nr.                  node name     dropped samples
latency

Statistics:
  latency:                  133.791ms [min=133.791ms, max=162.432ms, average=148.111ms, deviation=20.2519ms]
----------------------------------------------------------

----------------------------------------------------------
sample path: (VehicleDBWSystem) 
  order timepoint           sequence nr.                  node name     dropped samples
bp period
latency

Statistics:
  latency:                  697.381ms [min=535.049ms, max=697.381ms, average=616.215ms, deviation=114.786ms]
hotpath
  hot path:                 FrontLidarDriver/RearLidarDriver -> ObjectCollisionEstimator
  hot path latency:         334.383ms [min=334.383ms, max=334.383ms, average=334.383ms, deviation=-nanms]
  hot path drops:           0 [min=0, max=0, average=0, deviation=-nan]
  behavior planner period:  210.418ms [min=210.418ms, max=210.418ms, average=210.418ms, deviation=-nanms]
----------------------------------------------------------

----------------------------------------------------------
sample path: (IntersectionOutput) 
  order timepoint           sequence nr.                  node name     dropped samples
latency

Statistics:
  latency:                  143.428ms [min=133.791ms, max=162.432ms, average=146.55ms, deviation=14.5733ms]
----------------------------------------------------------

----------------------------------------------------------
sample path: (VehicleDBWSystem) 
  order timepoint           sequence nr.                  node name     dropped samples
bp period
latency

Statistics:
  latency:                  678.614ms [min=535.049ms, max=697.381ms, average=637.015ms, deviation=88.802ms]
hotpath
  hot path:                 FrontLidarDriver/RearLidarDriver -> ObjectCollisionEstimator
  hot path latency:         334.633ms [min=334.383ms, max=334.633ms, average=334.508ms, deviation=0.177133ms]
  hot path drops:           0 [min=0, max=0, average=0, deviation=0]
  behavior planner period:  152.874ms [min=152.874ms, max=210.418ms, average=181.646ms, deviation=40.6899ms]
----------------------------------------------------------

----------------------------------------------------------
sample path: (IntersectionOutput) 
  order timepoint           sequence nr.                  node name     dropped samples
latency

Statistics:
  latency:                  124.479ms [min=124.479ms, max=162.432ms, average=141.032ms, deviation=16.2289ms]
----------------------------------------------------------

----------------------------------------------------------
sample path: (VehicleDBWSystem) 
  order timepoint           sequence nr.                  node name     dropped samples
bp period
latency

Statistics:
  latency:                  583.679ms [min=535.049ms, max=697.381ms, average=623.681ms, deviation=77.2552ms]
hotpath
  hot path:                 FrontLidarDriver/RearLidarDriver -> ObjectCollisionEstimator
  hot path latency:         296.69ms [min=296.69ms, max=334.633ms, average=321.902ms, deviation=21.8347ms]
  hot path drops:           0 [min=0, max=0, average=0, deviation=0]
  behavior planner period:  133.94ms [min=133.94ms, max=210.418ms, average=165.744ms, deviation=39.8303ms]
----------------------------------------------------------

----------------------------------------------------------
sample path: (IntersectionOutput) 
  order timepoint           sequence nr.                  node name     dropped samples
latency

Statistics:
  latency:                  95.8247ms [min=95.8247ms, max=162.432ms, average=131.991ms, deviation=24.6228ms]
----------------------------------------------------------

----------------------------------------------------------
sample path: (IntersectionOutput) 
  order timepoint           sequence nr.                  node name     dropped samples
latency

Statistics:
  latency:                  143.384ms [min=95.8247ms, max=162.432ms, average=133.89ms, deviation=22.5091ms]
----------------------------------------------------------

----------------------------------------------------------
sample path: (VehicleDBWSystem) 
  order timepoint           sequence nr.                  node name     dropped samples
bp period
latency

Statistics:
  latency:                  583.76ms [min=535.049ms, max=697.381ms, average=615.697ms, deviation=69.246ms]
hotpath
  hot path:                 FrontLidarDriver/RearLidarDriver -> ObjectCollisionEstimator
  hot path latency:         268.295ms [min=268.295ms, max=334.633ms, average=308.5ms, deviation=32.1913ms]
  hot path drops:           0 [min=0, max=0, average=0, deviation=0]
  behavior planner period:  163.066ms [min=133.94ms, max=210.418ms, average=165.075ms, deviation=32.5489ms]
----------------------------------------------------------

----------------------------------------------------------
sample path: (IntersectionOutput) 
  order timepoint           sequence nr.                  node name     dropped samples
latency

Statistics:
  latency:                  124.464ms [min=95.8247ms, max=162.432ms, average=132.543ms, deviation=20.8545ms]
----------------------------------------------------------

----------------------------------------------------------
sample path: (VehicleDBWSystem) 
  order timepoint           sequence nr.                  node name     dropped samples
bp period
latency

Statistics:
  latency:                  516.643ms [min=516.643ms, max=697.381ms, average=599.188ms, deviation=73.968ms]
  behavior planner period:  143.498ms [min=133.94ms, max=210.418ms, average=160.759ms, deviation=29.794ms]
----------------------------------------------------------

----------------------------------------------------------
sample path: (IntersectionOutput) 
  order timepoint           sequence nr.                  node name     dropped samples
latency

Statistics:
  latency:                  133.669ms [min=95.8247ms, max=162.432ms, average=132.684ms, deviation=19.3116ms]
----------------------------------------------------------

----------------------------------------------------------
sample path: (IntersectionOutput) 
  order timepoint           sequence nr.                  node name     dropped samples
latency

Statistics:
  latency:                  162.31ms [min=95.8247ms, max=162.432ms, average=135.976ms, deviation=20.5875ms]
----------------------------------------------------------

----------------------------------------------------------
sample path: (VehicleDBWSystem) 
  order timepoint           sequence nr.                  node name     dropped samples
bp period
latency

Statistics:
  latency:                  554.539ms [min=516.643ms, max=697.381ms, average=592.809ms, deviation=69.6001ms]
hotpath
  hot path:                 FrontLidarDriver/RearLidarDriver -> ObjectCollisionEstimator
  hot path latency:         287.104ms [min=268.295ms, max=334.633ms, average=304.221ms, deviation=29.4749ms]
  hot path drops:           0 [min=0, max=0, average=0, deviation=0]
  behavior planner period:  210.232ms [min=133.94ms, max=210.418ms, average=169.005ms, deviation=33.4375ms]
----------------------------------------------------------

----------------------------------------------------------
sample path: (IntersectionOutput) 
  order timepoint           sequence nr.                  node name     dropped samples
latency

Statistics:
  latency:                  124.395ms [min=95.8247ms, max=162.432ms, average=134.818ms, deviation=19.7525ms]
----------------------------------------------------------

----------------------------------------------------------
sample path: (VehicleDBWSystem) 
  order timepoint           sequence nr.                  node name     dropped samples
bp period
latency

Statistics:
  latency:                  659.369ms [min=516.643ms, max=697.381ms, average=601.129ms, deviation=68.5998ms]
hotpath
  hot path:                 FrontLidarDriver/RearLidarDriver -> ObjectCollisionEstimator
  hot path latency:         277.449ms [min=268.295ms, max=334.633ms, average=299.759ms, deviation=28.5389ms]
  hot path drops:           0 [min=0, max=0, average=0, deviation=0]
  behavior planner period:  200.937ms [min=133.94ms, max=210.418ms, average=173.567ms, deviation=32.8236ms]
----------------------------------------------------------

----------------------------------------------------------
sample path: (IntersectionOutput) 
  order timepoint           sequence nr.                  node name     dropped samples
latency

Statistics:
  latency:                  162.347ms [min=95.8247ms, max=162.432ms, average=137.32ms, deviation=20.495ms]
----------------------------------------------------------

----------------------------------------------------------
sample path: (VehicleDBWSystem) 
  order timepoint           sequence nr.                  node name     dropped samples
bp period
latency

Statistics:
  latency:                  678.57ms [min=516.643ms, max=697.381ms, average=609.734ms, deviation=69.1666ms]
hotpath
  hot path:                 FrontLidarDriver/RearLidarDriver -> ObjectCollisionEstimator
  hot path latency:         277.673ms [min=268.295ms, max=334.633ms, average=296.604ms, deviation=27.357ms]
  hot path drops:           0 [min=0, max=0, average=0, deviation=0]
  behavior planner period:  162.324ms [min=133.94ms, max=210.418ms, average=172.161ms, deviation=30.6476ms]
----------------------------------------------------------

----------------------------------------------------------
sample path: (IntersectionOutput) 
  order timepoint           sequence nr.                  node name     dropped samples
latency

Statistics:
  latency:                  162.477ms [min=95.8247ms, max=162.477ms, average=139.417ms, deviation=20.8469ms]
----------------------------------------------------------

----------------------------------------------------------
sample path: (VehicleDBWSystem) 
  order timepoint           sequence nr.                  node name     dropped samples
bp period
latency

Statistics:
  latency:                  688.155ms [min=516.643ms, max=697.381ms, average=617.576ms, deviation=69.7671ms]
hotpath
  hot path:                 FrontLidarDriver/RearLidarDriver -> ObjectCollisionEstimator
  hot path latency:         306.146ms [min=268.295ms, max=334.633ms, average=297.797ms, deviation=25.5514ms]
  hot path drops:           0 [min=0, max=0, average=0, deviation=0]
  behavior planner period:  171.875ms [min=133.94ms, max=210.418ms, average=172.13ms, deviation=28.6684ms]
----------------------------------------------------------

----------------------------------------------------------
sample path: (IntersectionOutput) 
  order timepoint           sequence nr.                  node name     dropped samples
latency

Statistics:
  latency:                  143.324ms [min=95.8247ms, max=162.477ms, average=139.717ms, deviation=19.9888ms]
----------------------------------------------------------

----------------------------------------------------------
sample path: (VehicleDBWSystem) 
  order timepoint           sequence nr.                  node name     dropped samples
bp period
latency

Statistics:
  latency:                  678.521ms [min=516.643ms, max=697.381ms, average=623.116ms, deviation=68.6904ms]
hotpath
  hot path:                 FrontLidarDriver/RearLidarDriver -> ObjectCollisionEstimator
  hot path latency:         344.151ms [min=268.295ms, max=344.151ms, average=302.947ms, deviation=28.4607ms]
  hot path drops:           0 [min=0, max=0, average=0, deviation=0]
  behavior planner period:  153.064ms [min=133.94ms, max=210.418ms, average=170.223ms, deviation=27.693ms]
----------------------------------------------------------

----------------------------------------------------------
sample path: (IntersectionOutput) 
  order timepoint           sequence nr.                  node name     dropped samples
latency

Statistics:
  latency:                  124.276ms [min=95.8247ms, max=162.477ms, average=138.614ms, deviation=19.6431ms]
----------------------------------------------------------

----------------------------------------------------------
sample path: (IntersectionOutput) 
  order timepoint           sequence nr.                  node name     dropped samples
latency

Statistics:
  latency:                  143.252ms [min=95.8247ms, max=162.477ms, average=138.923ms, deviation=18.9664ms]
----------------------------------------------------------

----------------------------------------------------------
sample path: (VehicleDBWSystem) 
  order timepoint           sequence nr.                  node name     dropped samples
bp period
latency

Statistics:
  latency:                  774.167ms [min=516.643ms, max=774.167ms, average=635.704ms, deviation=78.6816ms]
hotpath
  hot path:                 FrontLidarDriver/RearLidarDriver -> ObjectCollisionEstimator
  hot path latency:         334.771ms [min=268.295ms, max=344.151ms, average=306.129ms, deviation=28.658ms]
  hot path drops:           0 [min=0, max=0, average=0, deviation=0]
  behavior planner period:  191.478ms [min=133.94ms, max=210.418ms, average=172.155ms, deviation=27.0423ms]
----------------------------------------------------------

----------------------------------------------------------
sample path: (IntersectionOutput) 
  order timepoint           sequence nr.                  node name     dropped samples
latency

Statistics:
  latency:                  171.809ms [min=95.8247ms, max=171.809ms, average=140.979ms, deviation=20.0832ms]
----------------------------------------------------------

----------------------------------------------------------
sample path: (VehicleDBWSystem) 
  order timepoint           sequence nr.                  node name     dropped samples
bp period
latency

Statistics:
  latency:                  678.447ms [min=516.643ms, max=774.167ms, average=638.992ms, deviation=76.2589ms]
hotpath
  hot path:                 FrontLidarDriver/RearLidarDriver -> ObjectCollisionEstimator
  hot path latency:         277.702ms [min=268.295ms, max=344.151ms, average=303.545ms, deviation=28.5065ms]
  hot path drops:           0 [min=0, max=0, average=0, deviation=0]
  behavior planner period:  143.397ms [min=133.94ms, max=210.418ms, average=169.759ms, deviation=27.0873ms]
----------------------------------------------------------

----------------------------------------------------------
sample path: (IntersectionOutput) 
  order timepoint           sequence nr.                  node name     dropped samples
latency

Statistics:
  latency:                  152.872ms [min=95.8247ms, max=171.809ms, average=141.678ms, deviation=19.6582ms]
----------------------------------------------------------

----------------------------------------------------------
sample path: (VehicleDBWSystem) 
  order timepoint           sequence nr.                  node name     dropped samples
bp period
latency

Statistics:
  latency:                  697.386ms [min=516.643ms, max=774.167ms, average=643.163ms, deviation=74.9109ms]
hotpath
  hot path:                 FrontLidarDriver/RearLidarDriver -> ObjectCollisionEstimator
  hot path latency:         277.63ms [min=268.295ms, max=344.151ms, average=301.385ms, deviation=28.1907ms]
  hot path drops:           0 [min=0, max=0, average=0, deviation=0]
  behavior planner period:  171.909ms [min=133.94ms, max=210.418ms, average=169.924ms, deviation=25.941ms]
----------------------------------------------------------

----------------------------------------------------------
sample path: (IntersectionOutput) 
  order timepoint           sequence nr.                  node name     dropped samples
latency

Statistics:
  latency:                  162.314ms [min=95.8247ms, max=171.809ms, average=142.825ms, deviation=19.6817ms]
----------------------------------------------------------

----------------------------------------------------------
sample path: (VehicleDBWSystem) 
  order timepoint           sequence nr.                  node name     dropped samples
bp period
latency

Statistics:
  latency:                  725.969ms [min=516.643ms, max=774.167ms, average=648.683ms, deviation=75.2858ms]
hotpath
  hot path:                 FrontLidarDriver/RearLidarDriver -> ObjectCollisionEstimator
  hot path latency:         325.174ms [min=268.295ms, max=344.151ms, average=303.215ms, deviation=27.7852ms]
  hot path drops:           0 [min=0, max=0, average=0, deviation=0]
  behavior planner period:  162.345ms [min=133.94ms, max=210.418ms, average=169.383ms, deviation=25.0055ms]
----------------------------------------------------------

----------------------------------------------------------
sample path: (IntersectionOutput) 
  order timepoint           sequence nr.                  node name     dropped samples
latency

Statistics:
  latency:                  152.874ms [min=95.8247ms, max=171.809ms, average=143.354ms, deviation=19.2656ms]
----------------------------------------------------------

----------------------------------------------------------
sample path: (VehicleDBWSystem) 
  order timepoint           sequence nr.                  node name     dropped samples
bp period
latency

Statistics:
  latency:                  721.362ms [min=516.643ms, max=774.167ms, average=653.226ms, deviation=74.9681ms]
hotpath
  hot path:                 FrontLidarDriver/RearLidarDriver -> ObjectCollisionEstimator
  hot path latency:         344.08ms [min=268.295ms, max=344.151ms, average=306.134ms, deviation=28.8429ms]
  hot path drops:           0 [min=0, max=0, average=0, deviation=0]
  behavior planner period:  162.33ms [min=133.94ms, max=210.418ms, average=168.913ms, deviation=24.1646ms]
----------------------------------------------------------

----------------------------------------------------------
sample path: (IntersectionOutput) 
  order timepoint           sequence nr.                  node name     dropped samples
latency

Statistics:
  latency:                  138.733ms [min=95.8247ms, max=171.809ms, average=143.123ms, deviation=18.7802ms]
----------------------------------------------------------

----------------------------------------------------------
sample path: (VehicleDBWSystem) 
  order timepoint           sequence nr.                  node name     dropped samples
bp period
latency

Statistics:
  latency:                  674.142ms [min=516.643ms, max=774.167ms, average=654.456ms, deviation=72.7646ms]
hotpath
  hot path:                 FrontLidarDriver/RearLidarDriver -> ObjectCollisionEstimator
  hot path latency:         334.487ms [min=268.295ms, max=344.151ms, average=308.024ms, deviation=28.7416ms]
  hot path drops:           0 [min=0, max=0, average=0, deviation=0]
  behavior planner period:  157.628ms [min=133.94ms, max=210.418ms, average=168.207ms, deviation=23.5151ms]
----------------------------------------------------------

----------------------------------------------------------
sample path: (IntersectionOutput) 
  order timepoint           sequence nr.                  node name     dropped samples
latency

Statistics:
  latency:                  124.631ms [min=95.8247ms, max=171.809ms, average=142.242ms, deviation=18.7442ms]
----------------------------------------------------------

----------------------------------------------------------
sample path: (IntersectionOutput) 
  order timepoint           sequence nr.                  node name     dropped samples
latency

Statistics:
  latency:                  162.294ms [min=95.8247ms, max=171.809ms, average=143.154ms, deviation=18.7854ms]
----------------------------------------------------------

----------------------------------------------------------
sample path: (VehicleDBWSystem) 
  order timepoint           sequence nr.                  node name     dropped samples
bp period
latency

Statistics:
  latency:                  502.316ms [min=502.316ms, max=774.167ms, average=646.004ms, deviation=79.1781ms]
  behavior planner period:  139.012ms [min=133.94ms, max=210.418ms, average=166.49ms, deviation=23.844ms]
----------------------------------------------------------

----------------------------------------------------------
sample path: (IntersectionOutput) 
  order timepoint           sequence nr.                  node name     dropped samples
latency

Statistics:
  latency:                  152.868ms [min=95.8247ms, max=171.809ms, average=143.576ms, deviation=18.4649ms]
----------------------------------------------------------

----------------------------------------------------------
sample path: (IntersectionOutput) 
  order timepoint           sequence nr.                  node name     dropped samples
latency

Statistics:
  latency:                  143.167ms [min=95.8247ms, max=171.809ms, average=143.559ms, deviation=18.0592ms]
----------------------------------------------------------

----------------------------------------------------------
sample path: (VehicleDBWSystem) 
  order timepoint           sequence nr.                  node name     dropped samples
bp period
latency

Statistics:
  latency:                  583.323ms [min=502.316ms, max=774.167ms, average=642.705ms, deviation=78.2794ms]
hotpath
  hot path:                 FrontLidarDriver/RearLidarDriver -> ObjectCollisionEstimator
  hot path latency:         287.447ms [min=268.295ms, max=344.151ms, average=306.738ms, deviation=28.2395ms]
  hot path drops:           0 [min=0, max=0, average=0, deviation=0]
  behavior planner period:  152.931ms [min=133.94ms, max=210.418ms, average=165.737ms, deviation=23.3518ms]
----------------------------------------------------------

----------------------------------------------------------
sample path: (IntersectionOutput) 
  order timepoint           sequence nr.                  node name     dropped samples
latency

Statistics:
  latency:                  152.855ms [min=95.8247ms, max=171.809ms, average=143.931ms, deviation=17.7765ms]
----------------------------------------------------------

----------------------------------------------------------
sample path: (VehicleDBWSystem) 
  order timepoint           sequence nr.                  node name     dropped samples
bp period
latency

Statistics:
  latency:                  611.543ms [min=502.316ms, max=774.167ms, average=641.147ms, deviation=76.5095ms]
hotpath
  hot path:                 FrontLidarDriver/RearLidarDriver -> ObjectCollisionEstimator
  hot path latency:         306.095ms [min=268.295ms, max=344.151ms, average=306.7ms, deviation=27.3433ms]
  hot path drops:           0 [min=0, max=0, average=0, deviation=0]
  behavior planner period:  143.266ms [min=133.94ms, max=210.418ms, average=164.554ms, deviation=23.2721ms]
----------------------------------------------------------

----------------------------------------------------------
sample path: (IntersectionOutput) 
  order timepoint           sequence nr.                  node name     dropped samples
latency

Statistics:
  latency:                  152.968ms [min=95.8247ms, max=171.809ms, average=144.278ms, deviation=17.5073ms]
----------------------------------------------------------

----------------------------------------------------------
sample path: (VehicleDBWSystem) 
  order timepoint           sequence nr.                  node name     dropped samples
bp period
latency

Statistics:
  latency:                  592.654ms [min=502.316ms, max=774.167ms, average=638.838ms, deviation=75.3193ms]
hotpath
  hot path:                 FrontLidarDriver/RearLidarDriver -> ObjectCollisionEstimator
  hot path latency:         296.575ms [min=268.295ms, max=344.151ms, average=306.138ms, deviation=26.634ms]
  hot path drops:           0 [min=0, max=0, average=0, deviation=0]
  behavior planner period:  152.954ms [min=133.94ms, max=210.418ms, average=163.974ms, deviation=22.7994ms]
----------------------------------------------------------

----------------------------------------------------------
sample path: (IntersectionOutput) 
  order timepoint           sequence nr.                  node name     dropped samples
latency

Statistics:
  latency:                  152.849ms [min=95.8247ms, max=171.809ms, average=144.596ms, deviation=17.2464ms]
----------------------------------------------------------

----------------------------------------------------------
sample path: (VehicleDBWSystem) 
  order timepoint           sequence nr.                  node name     dropped samples
bp period
latency

Statistics:
  latency:                  602.216ms [min=502.316ms, max=774.167ms, average=637.173ms, deviation=73.9177ms]
hotpath
  hot path:                 FrontLidarDriver/RearLidarDriver -> ObjectCollisionEstimator
  hot path latency:         306.162ms [min=268.295ms, max=344.151ms, average=306.139ms, deviation=25.8836ms]
  hot path drops:           0 [min=0, max=0, average=0, deviation=0]
  behavior planner period:  153.062ms [min=133.94ms, max=210.418ms, average=163.454ms, deviation=22.3493ms]
----------------------------------------------------------

----------------------------------------------------------
sample path: (IntersectionOutput) 
  order timepoint           sequence nr.                  node name     dropped samples
latency

Statistics:
  latency:                  152.761ms [min=95.8247ms, max=171.809ms, average=144.887ms, deviation=16.9942ms]
----------------------------------------------------------

----------------------------------------------------------
sample path: (VehicleDBWSystem) 
  order timepoint           sequence nr.                  node name     dropped samples
bp period
latency

Statistics:
  latency:                  592.742ms [min=502.316ms, max=774.167ms, average=635.241ms, deviation=72.81ms]
hotpath
  hot path:                 FrontLidarDriver/RearLidarDriver -> ObjectCollisionEstimator
  hot path latency:         296.836ms [min=268.295ms, max=344.151ms, average=305.674ms, deviation=25.279ms]
  hot path drops:           0 [min=0, max=0, average=0, deviation=0]
  behavior planner period:  152.963ms [min=133.94ms, max=210.418ms, average=162.978ms, deviation=21.9251ms]
----------------------------------------------------------

----------------------------------------------------------
sample path: (IntersectionOutput) 
  order timepoint           sequence nr.                  node name     dropped samples
latency

Statistics:
  latency:                  133.909ms [min=95.8247ms, max=171.809ms, average=144.509ms, deviation=16.812ms]
----------------------------------------------------------

----------------------------------------------------------
sample path: (VehicleDBWSystem) 
  order timepoint           sequence nr.                  node name     dropped samples
bp period
latency

Statistics:
  latency:                  592.684ms [min=502.316ms, max=774.167ms, average=633.468ms, deviation=71.7375ms]
hotpath
  hot path:                 FrontLidarDriver/RearLidarDriver -> ObjectCollisionEstimator
  hot path latency:         296.772ms [min=268.295ms, max=344.151ms, average=305.25ms, deviation=24.7154ms]
  hot path drops:           0 [min=0, max=0, average=0, deviation=0]
  behavior planner period:  152.857ms [min=133.94ms, max=210.418ms, average=162.538ms, deviation=21.5247ms]
----------------------------------------------------------

----------------------------------------------------------
sample path: (IntersectionOutput) 
  order timepoint           sequence nr.                  node name     dropped samples
latency

Statistics:
  latency:                  162.327ms [min=95.8247ms, max=171.809ms, average=145.103ms, deviation=16.8369ms]
----------------------------------------------------------

----------------------------------------------------------
sample path: (VehicleDBWSystem) 
  order timepoint           sequence nr.                  node name     dropped samples
bp period
latency

Statistics:
  latency:                  573.489ms [min=502.316ms, max=774.167ms, average=631.069ms, deviation=71.2442ms]
hotpath
  hot path:                 FrontLidarDriver/RearLidarDriver -> ObjectCollisionEstimator
  hot path latency:         296.661ms [min=268.295ms, max=344.151ms, average=304.86ms, deviation=24.1891ms]
  hot path drops:           0 [min=0, max=0, average=0, deviation=0]
  behavior planner period:  133.993ms [min=133.94ms, max=210.418ms, average=161.348ms, deviation=21.843ms]
----------------------------------------------------------

----------------------------------------------------------
sample path: (IntersectionOutput) 
  order timepoint           sequence nr.                  node name     dropped samples
latency

Statistics:
  latency:                  124.346ms [min=95.8247ms, max=171.809ms, average=144.433ms, deviation=16.9685ms]
----------------------------------------------------------

