FrontLidarDriver
RearLidarDriver
PointCloudMap
Visualizer
Lanelet2Map
EuclideanClusterSettings
PointsTransformerFront
PointsTransformerRear
VoxelGridDownsampler
PointCloudMapLoader
RayGroundFilter
ObjectCollisionEstimator
MPCController
ParkingPlanner
LanePlanner
PointCloudFusion
NDTLocalizer
VehicleInterface
Lanelet2GlobalPlanner
Lanelet2MapLoader
BehaviorPlanner
EuclideanClusterDetector
VehicleDBWSystem
IntersectionOutput
EuclideanClusterDetector
ObjectCollisionEstimator
PointCloudFusion
RayGroundFilter
----------------------------------------------------------
sample path: (IntersectionOutput) 
  order timepoint           sequence nr.                  node name     dropped samples
latency

Statistics:
  latency:                  37.5933ms [min=37.5933ms, max=37.5933ms, average=37.5933ms, deviation=-nanms]
----------------------------------------------------------

----------------------------------------------------------
sample path: (IntersectionOutput) 
  order timepoint           sequence nr.                  node name     dropped samples
latency

Statistics:
  latency:                  45.966ms [min=37.5933ms, max=45.966ms, average=41.7797ms, deviation=5.92043ms]
----------------------------------------------------------

----------------------------------------------------------
sample path: (IntersectionOutput) 
  order timepoint           sequence nr.                  node name     dropped samples
latency

Statistics:
  latency:                  65.0306ms [min=37.5933ms, max=65.0306ms, average=49.53ms, deviation=14.0616ms]
----------------------------------------------------------

----------------------------------------------------------
sample path: (IntersectionOutput) 
  order timepoint           sequence nr.                  node name     dropped samples
latency

Statistics:
  latency:                  48.2186ms [min=37.5933ms, max=65.0306ms, average=49.2021ms, deviation=11.4999ms]
----------------------------------------------------------

----------------------------------------------------------
sample path: (VehicleDBWSystem) 
  order timepoint           sequence nr.                  node name     dropped samples
latency

Statistics:
  latency:                  246.344ms [min=246.344ms, max=246.344ms, average=246.344ms, deviation=-nanms]
hotpath
  hot path:                 FrontLidarDriver/RearLidarDriver -> ObjectCollisionEstimator
  hot path latency:         72.8375ms [min=72.8375ms, max=72.8375ms, average=72.8375ms, deviation=-nanms]
  hot path drops:           0 [min=0, max=0, average=0, deviation=-nan]
  behavior planner period:  0ms [min=1.84467e+13ms, max=0ms, average=0ms, deviation=0ms]
----------------------------------------------------------

----------------------------------------------------------
sample path: (IntersectionOutput) 
  order timepoint           sequence nr.                  node name     dropped samples
latency

Statistics:
  latency:                  11.4433ms [min=11.4433ms, max=65.0306ms, average=41.6504ms, deviation=19.6044ms]
----------------------------------------------------------

----------------------------------------------------------
sample path: (IntersectionOutput) 
  order timepoint           sequence nr.                  node name     dropped samples
latency

Statistics:
  latency:                  49.1896ms [min=11.4433ms, max=65.0306ms, average=42.9069ms, deviation=17.8028ms]
----------------------------------------------------------

----------------------------------------------------------
sample path: (VehicleDBWSystem) 
  order timepoint           sequence nr.                  node name     dropped samples
bp period
latency

Statistics:
  latency:                  255.461ms [min=246.344ms, max=255.461ms, average=250.903ms, deviation=6.44653ms]
hotpath
  hot path:                 FrontLidarDriver/RearLidarDriver -> ObjectCollisionEstimator
  hot path latency:         58.1154ms [min=58.1154ms, max=72.8375ms, average=65.4764ms, deviation=10.4101ms]
  hot path drops:           0 [min=0, max=0, average=0, deviation=0]
  behavior planner period:  100.006ms [min=100.006ms, max=100.006ms, average=100.006ms, deviation=-nanms]
----------------------------------------------------------

----------------------------------------------------------
sample path: (IntersectionOutput) 
  order timepoint           sequence nr.                  node name     dropped samples
latency

Statistics:
  latency:                  57.6432ms [min=11.4433ms, max=65.0306ms, average=45.0121ms, deviation=17.1796ms]
----------------------------------------------------------

----------------------------------------------------------
sample path: (IntersectionOutput) 
  order timepoint           sequence nr.                  node name     dropped samples
latency

Statistics:
  latency:                  38.5317ms [min=11.4433ms, max=65.0306ms, average=44.202ms, deviation=16.0694ms]
----------------------------------------------------------

----------------------------------------------------------
sample path: (IntersectionOutput) 
  order timepoint           sequence nr.                  node name     dropped samples
latency

Statistics:
  latency:                  9.36057ms [min=9.36057ms, max=65.0306ms, average=40.3308ms, deviation=18.9955ms]
----------------------------------------------------------

----------------------------------------------------------
sample path: (IntersectionOutput) 
  order timepoint           sequence nr.                  node name     dropped samples
latency

Statistics:
  latency:                  53.7206ms [min=9.36057ms, max=65.0306ms, average=41.6697ms, deviation=18.4028ms]
----------------------------------------------------------

----------------------------------------------------------
sample path: (VehicleDBWSystem) 
  order timepoint           sequence nr.                  node name     dropped samples
bp period
latency

Statistics:
  latency:                  253.494ms [min=246.344ms, max=255.461ms, average=251.766ms, deviation=4.79757ms]
hotpath
  hot path:                 FrontLidarDriver/RearLidarDriver -> ObjectCollisionEstimator
  hot path latency:         66.4724ms [min=58.1154ms, max=72.8375ms, average=65.8084ms, deviation=7.38351ms]
  hot path drops:           0 [min=0, max=0, average=0, deviation=0]
  behavior planner period:  100.005ms [min=100.005ms, max=100.006ms, average=100.005ms, deviation=0.000707107ms]
----------------------------------------------------------

----------------------------------------------------------
sample path: (IntersectionOutput) 
  order timepoint           sequence nr.                  node name     dropped samples
latency

Statistics:
  latency:                  56.7056ms [min=9.36057ms, max=65.0306ms, average=43.0366ms, deviation=18.0375ms]
----------------------------------------------------------

----------------------------------------------------------
sample path: (IntersectionOutput) 
  order timepoint           sequence nr.                  node name     dropped samples
latency

Statistics:
  latency:                  56.2337ms [min=9.36057ms, max=65.0306ms, average=44.1364ms, deviation=17.615ms]
----------------------------------------------------------

----------------------------------------------------------
sample path: (IntersectionOutput) 
  order timepoint           sequence nr.                  node name     dropped samples
latency

Statistics:
  latency:                  28.3652ms [min=9.36057ms, max=65.0306ms, average=42.9232ms, deviation=17.4231ms]
----------------------------------------------------------

----------------------------------------------------------
sample path: (IntersectionOutput) 
  order timepoint           sequence nr.                  node name     dropped samples
latency

Statistics:
  latency:                  36.2942ms [min=9.36057ms, max=65.0306ms, average=42.4497ms, deviation=16.833ms]
----------------------------------------------------------

----------------------------------------------------------
sample path: (VehicleDBWSystem) 
  order timepoint           sequence nr.                  node name     dropped samples
bp period
latency

Statistics:
  latency:                  202.735ms [min=202.735ms, max=255.461ms, average=239.508ms, deviation=24.8267ms]
hotpath
  hot path:                 FrontLidarDriver/RearLidarDriver -> ObjectCollisionEstimator
  hot path latency:         63.3608ms [min=58.1154ms, max=72.8375ms, average=65.1965ms, deviation=6.15157ms]
  hot path drops:           0 [min=0, max=0, average=0, deviation=0]
  behavior planner period:  100.018ms [min=100.005ms, max=100.018ms, average=100.009ms, deviation=0.00740755ms]
----------------------------------------------------------

----------------------------------------------------------
sample path: (IntersectionOutput) 
  order timepoint           sequence nr.                  node name     dropped samples
latency

Statistics:
  latency:                  28.579ms [min=9.36057ms, max=65.0306ms, average=41.525ms, deviation=16.6114ms]
----------------------------------------------------------

----------------------------------------------------------
sample path: (IntersectionOutput) 
  order timepoint           sequence nr.                  node name     dropped samples
latency

Statistics:
  latency:                  37.2244ms [min=9.36057ms, max=65.0306ms, average=41.2562ms, deviation=16.0841ms]
----------------------------------------------------------

----------------------------------------------------------
sample path: (IntersectionOutput) 
  order timepoint           sequence nr.                  node name     dropped samples
latency

Statistics:
  latency:                  28.286ms [min=9.36057ms, max=65.0306ms, average=40.4933ms, deviation=15.8879ms]
----------------------------------------------------------

----------------------------------------------------------
sample path: (IntersectionOutput) 
  order timepoint           sequence nr.                  node name     dropped samples
latency

Statistics:
  latency:                  33.656ms [min=9.36057ms, max=65.0306ms, average=40.1134ms, deviation=15.4975ms]
----------------------------------------------------------

----------------------------------------------------------
sample path: (VehicleDBWSystem) 
  order timepoint           sequence nr.                  node name     dropped samples
bp period
latency

Statistics:
  latency:                  191.98ms [min=191.98ms, max=255.461ms, average=230.003ms, deviation=30.2335ms]
hotpath
  hot path:                 FrontLidarDriver/RearLidarDriver -> ObjectCollisionEstimator
  hot path latency:         71.3036ms [min=58.1154ms, max=72.8375ms, average=66.4179ms, deviation=5.9867ms]
  hot path drops:           0 [min=0, max=0, average=0, deviation=0]
  behavior planner period:  99.9891ms [min=99.9891ms, max=100.018ms, average=100.004ms, deviation=0.0117583ms]
----------------------------------------------------------

----------------------------------------------------------
sample path: (IntersectionOutput) 
  order timepoint           sequence nr.                  node name     dropped samples
latency

Statistics:
  latency:                  20.0522ms [min=9.36057ms, max=65.0306ms, average=39.0576ms, deviation=15.7484ms]
----------------------------------------------------------

----------------------------------------------------------
sample path: (IntersectionOutput) 
  order timepoint           sequence nr.                  node name     dropped samples
latency

Statistics:
  latency:                  32.1774ms [min=9.36057ms, max=65.0306ms, average=38.7136ms, deviation=15.4054ms]
----------------------------------------------------------

----------------------------------------------------------
sample path: (IntersectionOutput) 
  order timepoint           sequence nr.                  node name     dropped samples
latency

Statistics:
  latency:                  45.4712ms [min=9.36057ms, max=65.0306ms, average=39.0354ms, deviation=15.0876ms]
----------------------------------------------------------

----------------------------------------------------------
sample path: (IntersectionOutput) 
  order timepoint           sequence nr.                  node name     dropped samples
latency

Statistics:
  latency:                  26.9676ms [min=9.36057ms, max=65.0306ms, average=38.4868ms, deviation=14.947ms]
----------------------------------------------------------

----------------------------------------------------------
sample path: (VehicleDBWSystem) 
  order timepoint           sequence nr.                  node name     dropped samples
bp period
latency

Statistics:
  latency:                  149.022ms [min=149.022ms, max=255.461ms, average=216.506ms, deviation=42.7111ms]
hotpath
  hot path:                 FrontLidarDriver/RearLidarDriver -> ObjectCollisionEstimator
  hot path latency:         70.8956ms [min=58.1154ms, max=72.8375ms, average=67.1642ms, deviation=5.65809ms]
  hot path drops:           0 [min=0, max=0, average=0, deviation=0]
  behavior planner period:  99.9923ms [min=99.9891ms, max=100.018ms, average=100.002ms, deviation=0.011495ms]
----------------------------------------------------------

----------------------------------------------------------
sample path: (IntersectionOutput) 
  order timepoint           sequence nr.                  node name     dropped samples
latency

Statistics:
  latency:                  29.4761ms [min=9.36057ms, max=65.0306ms, average=38.095ms, deviation=14.7238ms]
----------------------------------------------------------

----------------------------------------------------------
sample path: (IntersectionOutput) 
  order timepoint           sequence nr.                  node name     dropped samples
latency

Statistics:
  latency:                  45.2666ms [min=9.36057ms, max=65.0306ms, average=38.3939ms, deviation=14.4743ms]
----------------------------------------------------------

----------------------------------------------------------
sample path: (IntersectionOutput) 
  order timepoint           sequence nr.                  node name     dropped samples
latency

Statistics:
  latency:                  28.1141ms [min=9.36057ms, max=65.0306ms, average=37.9827ms, deviation=14.318ms]
----------------------------------------------------------

----------------------------------------------------------
sample path: (IntersectionOutput) 
  order timepoint           sequence nr.                  node name     dropped samples
latency

Statistics:
  latency:                  56.3168ms [min=9.36057ms, max=65.0306ms, average=38.6878ms, deviation=14.4821ms]
----------------------------------------------------------

----------------------------------------------------------
sample path: (VehicleDBWSystem) 
  order timepoint           sequence nr.                  node name     dropped samples
bp period
latency

Statistics:
  latency:                  160.088ms [min=149.022ms, max=255.461ms, average=208.446ms, deviation=44.4399ms]
hotpath
  hot path:                 FrontLidarDriver/RearLidarDriver -> ObjectCollisionEstimator
  hot path latency:         54.5271ms [min=54.5271ms, max=72.8375ms, average=65.3589ms, deviation=7.03507ms]
  hot path drops:           0 [min=0, max=0, average=0, deviation=0]
  behavior planner period:  100.004ms [min=99.9891ms, max=100.018ms, average=100.002ms, deviation=0.0103158ms]
----------------------------------------------------------

----------------------------------------------------------
sample path: (IntersectionOutput) 
  order timepoint           sequence nr.                  node name     dropped samples
latency

Statistics:
  latency:                  28.3337ms [min=9.36057ms, max=65.0306ms, average=38.3043ms, deviation=14.34ms]
----------------------------------------------------------

----------------------------------------------------------
sample path: (IntersectionOutput) 
  order timepoint           sequence nr.                  node name     dropped samples
latency

Statistics:
  latency:                  11.3599ms [min=9.36057ms, max=65.0306ms, average=37.342ms, deviation=14.9649ms]
----------------------------------------------------------

----------------------------------------------------------
sample path: (IntersectionOutput) 
  order timepoint           sequence nr.                  node name     dropped samples
latency

Statistics:
  latency:                  41.0065ms [min=9.36057ms, max=65.0306ms, average=37.4684ms, deviation=14.711ms]
----------------------------------------------------------

----------------------------------------------------------
sample path: (IntersectionOutput) 
  order timepoint           sequence nr.                  node name     dropped samples
latency

Statistics:
  latency:                  60.9828ms [min=9.36057ms, max=65.0306ms, average=38.2522ms, deviation=15.0792ms]
----------------------------------------------------------

----------------------------------------------------------
sample path: (VehicleDBWSystem) 
  order timepoint           sequence nr.                  node name     dropped samples
bp period
latency

Statistics:
  latency:                  264.593ms [min=149.022ms, max=264.593ms, average=215.465ms, deviation=45.6819ms]
hotpath
  hot path:                 FrontLidarDriver/RearLidarDriver -> ObjectCollisionEstimator
  hot path latency:         56.7796ms [min=54.5271ms, max=72.8375ms, average=64.2865ms, deviation=7.18487ms]
  hot path drops:           0 [min=0, max=0, average=0, deviation=0]
  behavior planner period:  100.002ms [min=99.9891ms, max=100.018ms, average=100.002ms, deviation=0.00941711ms]
----------------------------------------------------------

----------------------------------------------------------
sample path: (IntersectionOutput) 
  order timepoint           sequence nr.                  node name     dropped samples
latency

Statistics:
  latency:                  19.2469ms [min=9.36057ms, max=65.0306ms, average=37.6391ms, deviation=15.2136ms]
----------------------------------------------------------

----------------------------------------------------------
sample path: (IntersectionOutput) 
  order timepoint           sequence nr.                  node name     dropped samples
latency

Statistics:
  latency:                  9.74288ms [min=9.36057ms, max=65.0306ms, average=36.7674ms, deviation=15.7578ms]
----------------------------------------------------------

----------------------------------------------------------
sample path: (IntersectionOutput) 
  order timepoint           sequence nr.                  node name     dropped samples
latency

Statistics:
  latency:                  57.3901ms [min=9.36057ms, max=65.0306ms, average=37.3923ms, deviation=15.9196ms]
----------------------------------------------------------

----------------------------------------------------------
sample path: (VehicleDBWSystem) 
  order timepoint           sequence nr.                  node name     dropped samples
bp period
latency

Statistics:
  latency:                  245.381ms [min=149.022ms, max=264.593ms, average=218.789ms, deviation=43.8797ms]
hotpath
  hot path:                 FrontLidarDriver/RearLidarDriver -> ObjectCollisionEstimator
  hot path latency:         63.3977ms [min=54.5271ms, max=72.8375ms, average=64.1878ms, deviation=6.72736ms]
  hot path drops:           0 [min=0, max=0, average=0, deviation=0]
  behavior planner period:  100.009ms [min=99.9891ms, max=100.018ms, average=100.003ms, deviation=0.00900736ms]
----------------------------------------------------------

----------------------------------------------------------
sample path: (IntersectionOutput) 
  order timepoint           sequence nr.                  node name     dropped samples
latency

Statistics:
  latency:                  57.2104ms [min=9.36057ms, max=65.0306ms, average=37.9752ms, deviation=16.0408ms]
----------------------------------------------------------

----------------------------------------------------------
sample path: (IntersectionOutput) 
  order timepoint           sequence nr.                  node name     dropped samples
latency

Statistics:
  latency:                  56.1017ms [min=9.36057ms, max=65.0306ms, average=38.4931ms, deviation=16.0974ms]
----------------------------------------------------------

----------------------------------------------------------
sample path: (IntersectionOutput) 
  order timepoint           sequence nr.                  node name     dropped samples
latency

Statistics:
  latency:                  28.3477ms [min=9.36057ms, max=65.0306ms, average=38.2113ms, deviation=15.9556ms]
----------------------------------------------------------

----------------------------------------------------------
sample path: (IntersectionOutput) 
  order timepoint           sequence nr.                  node name     dropped samples
latency

Statistics:
  latency:                  32.0117ms [min=9.36057ms, max=65.0306ms, average=38.0437ms, deviation=15.7654ms]
----------------------------------------------------------

----------------------------------------------------------
sample path: (VehicleDBWSystem) 
  order timepoint           sequence nr.                  node name     dropped samples
bp period
latency

Statistics:
  latency:                  190.7ms [min=149.022ms, max=264.593ms, average=215.98ms, deviation=42.313ms]
hotpath
  hot path:                 FrontLidarDriver/RearLidarDriver -> ObjectCollisionEstimator
  hot path latency:         65.1582ms [min=54.5271ms, max=72.8375ms, average=64.2848ms, deviation=6.35004ms]
  hot path drops:           0 [min=0, max=0, average=0, deviation=0]
  behavior planner period:  100.004ms [min=99.9891ms, max=100.018ms, average=100.003ms, deviation=0.00842799ms]
----------------------------------------------------------

----------------------------------------------------------
sample path: (IntersectionOutput) 
  order timepoint           sequence nr.                  node name     dropped samples
latency

Statistics:
  latency:                  48.0548ms [min=9.36057ms, max=65.0306ms, average=38.3072ms, deviation=15.6355ms]
----------------------------------------------------------

----------------------------------------------------------
sample path: (IntersectionOutput) 
  order timepoint           sequence nr.                  node name     dropped samples
latency

Statistics:
  latency:                  46.5615ms [min=9.36057ms, max=65.0306ms, average=38.5188ms, deviation=15.4849ms]
----------------------------------------------------------

----------------------------------------------------------
sample path: (IntersectionOutput) 
  order timepoint           sequence nr.                  node name     dropped samples
latency

Statistics:
  latency:                  28.0089ms [min=9.36057ms, max=65.0306ms, average=38.2561ms, deviation=15.3752ms]
----------------------------------------------------------

----------------------------------------------------------
sample path: (IntersectionOutput) 
  order timepoint           sequence nr.                  node name     dropped samples
latency

Statistics:
  latency:                  34.4218ms [min=9.36057ms, max=65.0306ms, average=38.1626ms, deviation=15.1936ms]
----------------------------------------------------------

----------------------------------------------------------
sample path: (VehicleDBWSystem) 
  order timepoint           sequence nr.                  node name     dropped samples
bp period
latency

Statistics:
  latency:                  137.62ms [min=137.62ms, max=264.593ms, average=208.856ms, deviation=46.5785ms]
hotpath
  hot path:                 FrontLidarDriver/RearLidarDriver -> ObjectCollisionEstimator
  hot path latency:         61.7575ms [min=54.5271ms, max=72.8375ms, average=64.055ms, deviation=6.07217ms]
  hot path drops:           0 [min=0, max=0, average=0, deviation=0]
  behavior planner period:  100.009ms [min=99.9891ms, max=100.018ms, average=100.004ms, deviation=0.00813642ms]
----------------------------------------------------------

----------------------------------------------------------
sample path: (IntersectionOutput) 
  order timepoint           sequence nr.                  node name     dropped samples
latency

Statistics:
  latency:                  20.0274ms [min=9.36057ms, max=65.0306ms, average=37.7308ms, deviation=15.2658ms]
----------------------------------------------------------

----------------------------------------------------------
sample path: (IntersectionOutput) 
  order timepoint           sequence nr.                  node name     dropped samples
latency

Statistics:
  latency:                  32.2072ms [min=9.36057ms, max=65.0306ms, average=37.6023ms, deviation=15.1065ms]
----------------------------------------------------------

----------------------------------------------------------
sample path: (IntersectionOutput) 
  order timepoint           sequence nr.                  node name     dropped samples
latency

Statistics:
  latency:                  45.4257ms [min=9.36057ms, max=65.0306ms, average=37.7801ms, deviation=14.9763ms]
----------------------------------------------------------

----------------------------------------------------------
sample path: (IntersectionOutput) 
  order timepoint           sequence nr.                  node name     dropped samples
latency

Statistics:
  latency:                  26.9529ms [min=9.36057ms, max=65.0306ms, average=37.5395ms, deviation=14.8929ms]
----------------------------------------------------------

----------------------------------------------------------
sample path: (VehicleDBWSystem) 
  order timepoint           sequence nr.                  node name     dropped samples
bp period
latency

Statistics:
  latency:                  149.119ms [min=137.62ms, max=264.593ms, average=203.878ms, deviation=47.6414ms]
hotpath
  hot path:                 FrontLidarDriver/RearLidarDriver -> ObjectCollisionEstimator
  hot path latency:         70.8522ms [min=54.5271ms, max=72.8375ms, average=64.6215ms, deviation=6.11306ms]
  hot path drops:           0 [min=0, max=0, average=0, deviation=0]
  behavior planner period:  99.9932ms [min=99.9891ms, max=100.018ms, average=100.003ms, deviation=0.00833381ms]
----------------------------------------------------------

----------------------------------------------------------
sample path: (IntersectionOutput) 
  order timepoint           sequence nr.                  node name     dropped samples
latency

Statistics:
  latency:                  29.5541ms [min=9.36057ms, max=65.0306ms, average=37.3659ms, deviation=14.7734ms]
----------------------------------------------------------

----------------------------------------------------------
sample path: (IntersectionOutput) 
  order timepoint           sequence nr.                  node name     dropped samples
latency

Statistics:
  latency:                  45.1154ms [min=9.36057ms, max=65.0306ms, average=37.5308ms, deviation=14.6556ms]
----------------------------------------------------------

----------------------------------------------------------
sample path: (IntersectionOutput) 
  order timepoint           sequence nr.                  node name     dropped samples
latency

Statistics:
  latency:                  28.0216ms [min=9.36057ms, max=65.0306ms, average=37.3327ms, deviation=14.5637ms]
----------------------------------------------------------

----------------------------------------------------------
sample path: (IntersectionOutput) 
  order timepoint           sequence nr.                  node name     dropped samples
latency

Statistics:
  latency:                  55.9638ms [min=9.36057ms, max=65.0306ms, average=37.7129ms, deviation=14.6549ms]
----------------------------------------------------------

----------------------------------------------------------
sample path: (VehicleDBWSystem) 
  order timepoint           sequence nr.                  node name     dropped samples
bp period
latency

Statistics:
  latency:                  159.721ms [min=137.62ms, max=264.593ms, average=200.481ms, deviation=47.2287ms]
hotpath
  hot path:                 FrontLidarDriver/RearLidarDriver -> ObjectCollisionEstimator
  hot path latency:         54.7189ms [min=54.5271ms, max=72.8375ms, average=63.8597ms, deviation=6.46518ms]
  hot path drops:           0 [min=0, max=0, average=0, deviation=0]
  behavior planner period:  100.008ms [min=99.9891ms, max=100.018ms, average=100.003ms, deviation=0.00809894ms]
----------------------------------------------------------

----------------------------------------------------------
sample path: (IntersectionOutput) 
  order timepoint           sequence nr.                  node name     dropped samples
latency

Statistics:
  latency:                  28.2605ms [min=9.36057ms, max=65.0306ms, average=37.5239ms, deviation=14.5661ms]
----------------------------------------------------------

----------------------------------------------------------
sample path: (IntersectionOutput) 
  order timepoint           sequence nr.                  node name     dropped samples
latency

Statistics:
  latency:                  10.8789ms [min=9.36057ms, max=65.0306ms, average=37.0014ms, deviation=14.8946ms]
----------------------------------------------------------

----------------------------------------------------------
sample path: (IntersectionOutput) 
  order timepoint           sequence nr.                  node name     dropped samples
latency

Statistics:
  latency:                  47.487ms [min=9.36057ms, max=65.0306ms, average=37.2031ms, deviation=14.8193ms]
----------------------------------------------------------

----------------------------------------------------------
sample path: (VehicleDBWSystem) 
  order timepoint           sequence nr.                  node name     dropped samples
bp period
latency

Statistics:
  latency:                  261.363ms [min=137.62ms, max=264.593ms, average=204.83ms, deviation=48.205ms]
hotpath
  hot path:                 FrontLidarDriver/RearLidarDriver -> ObjectCollisionEstimator
  hot path latency:         56.2304ms [min=54.5271ms, max=72.8375ms, average=63.3148ms, deviation=6.53765ms]
  hot path drops:           0 [min=0, max=0, average=0, deviation=0]
  behavior planner period:  99.9967ms [min=99.9891ms, max=100.018ms, average=100.003ms, deviation=0.00795622ms]
----------------------------------------------------------

----------------------------------------------------------
sample path: (IntersectionOutput) 
  order timepoint           sequence nr.                  node name     dropped samples
latency

Statistics:
  latency:                  56.1027ms [min=9.36057ms, max=65.0306ms, average=37.5597ms, deviation=14.904ms]
----------------------------------------------------------

----------------------------------------------------------
sample path: (IntersectionOutput) 
  order timepoint           sequence nr.                  node name     dropped samples
latency

Statistics:
  latency:                  37.322ms [min=9.36057ms, max=65.0306ms, average=37.5553ms, deviation=14.7627ms]
----------------------------------------------------------

----------------------------------------------------------
sample path: (IntersectionOutput) 
  order timepoint           sequence nr.                  node name     dropped samples
latency

Statistics:
  latency:                  9.34977ms [min=9.34977ms, max=65.0306ms, average=37.0424ms, deviation=15.1118ms]
----------------------------------------------------------

----------------------------------------------------------
sample path: (IntersectionOutput) 
  order timepoint           sequence nr.                  node name     dropped samples
latency

Statistics:
  latency:                  43.404ms [min=9.34977ms, max=65.0306ms, average=37.156ms, deviation=14.9979ms]
----------------------------------------------------------

----------------------------------------------------------
sample path: (IntersectionOutput) 
  order timepoint           sequence nr.                  node name     dropped samples
latency

Statistics:
  latency:                  57.7881ms [min=9.34977ms, max=65.0306ms, average=37.518ms, deviation=15.1126ms]
----------------------------------------------------------

----------------------------------------------------------
sample path: (VehicleDBWSystem) 
  order timepoint           sequence nr.                  node name     dropped samples
bp period
latency

Statistics:
  latency:                  269.197ms [min=137.62ms, max=269.197ms, average=209.121ms, deviation=49.3351ms]
hotpath
  hot path:                 FrontLidarDriver/RearLidarDriver -> ObjectCollisionEstimator
  hot path latency:         67.7577ms [min=54.5271ms, max=72.8375ms, average=63.611ms, deviation=6.40343ms]
  hot path drops:           0 [min=0, max=0, average=0, deviation=0]
  behavior planner period:  100.011ms [min=99.9891ms, max=100.018ms, average=100.003ms, deviation=0.00797215ms]
----------------------------------------------------------

----------------------------------------------------------
sample path: (IntersectionOutput) 
  order timepoint           sequence nr.                  node name     dropped samples
latency

Statistics:
  latency:                  37.5297ms [min=9.34977ms, max=65.0306ms, average=37.5182ms, deviation=14.9794ms]
----------------------------------------------------------

----------------------------------------------------------
sample path: (IntersectionOutput) 
  order timepoint           sequence nr.                  node name     dropped samples
latency

Statistics:
  latency:                  18.9039ms [min=9.34977ms, max=65.0306ms, average=37.2027ms, deviation=15.0461ms]
----------------------------------------------------------

----------------------------------------------------------
sample path: (IntersectionOutput) 
  order timepoint           sequence nr.                  node name     dropped samples
latency

Statistics:
  latency:                  36.7113ms [min=9.34977ms, max=65.0306ms, average=37.1945ms, deviation=14.9182ms]
----------------------------------------------------------

----------------------------------------------------------
sample path: (VehicleDBWSystem) 
  order timepoint           sequence nr.                  node name     dropped samples
bp period
latency

Statistics:
  latency:                  203.237ms [min=137.62ms, max=269.197ms, average=208.753ms, deviation=47.6849ms]
hotpath
  hot path:                 FrontLidarDriver/RearLidarDriver -> ObjectCollisionEstimator
  hot path latency:         53.7101ms [min=53.7101ms, max=72.8375ms, average=62.9922ms, deviation=6.66311ms]
  hot path drops:           0 [min=0, max=0, average=0, deviation=0]
  behavior planner period:  100.009ms [min=99.9891ms, max=100.018ms, average=100.004ms, deviation=0.00783497ms]
----------------------------------------------------------

----------------------------------------------------------
sample path: (IntersectionOutput) 
  order timepoint           sequence nr.                  node name     dropped samples
latency

Statistics:
  latency:                  29.6353ms [min=9.34977ms, max=65.0306ms, average=37.0706ms, deviation=14.825ms]
----------------------------------------------------------

----------------------------------------------------------
sample path: (IntersectionOutput) 
  order timepoint           sequence nr.                  node name     dropped samples
latency

Statistics:
  latency:                  37.2221ms [min=9.34977ms, max=65.0306ms, average=37.073ms, deviation=14.703ms]
----------------------------------------------------------

----------------------------------------------------------
sample path: (IntersectionOutput) 
  order timepoint           sequence nr.                  node name     dropped samples
latency

Statistics:
  latency:                  28.0802ms [min=9.34977ms, max=65.0306ms, average=36.9303ms, deviation=14.6279ms]
----------------------------------------------------------

----------------------------------------------------------
sample path: (IntersectionOutput) 
  order timepoint           sequence nr.                  node name     dropped samples
latency

Statistics:
  latency:                  34.5144ms [min=9.34977ms, max=65.0306ms, average=36.8925ms, deviation=14.5145ms]
----------------------------------------------------------

----------------------------------------------------------
sample path: (VehicleDBWSystem) 
  order timepoint           sequence nr.                  node name     dropped samples
bp period
latency

Statistics:
  latency:                  202.719ms [min=137.62ms, max=269.197ms, average=208.398ms, deviation=46.1939ms]
hotpath
  hot path:                 FrontLidarDriver/RearLidarDriver -> ObjectCollisionEstimator
  hot path latency:         71.0469ms [min=53.7101ms, max=72.8375ms, average=63.466ms, deviation=6.74082ms]
  hot path drops:           0 [min=0, max=0, average=0, deviation=0]
  behavior planner period:  99.998ms [min=99.9891ms, max=100.018ms, average=100.003ms, deviation=0.00769917ms]
----------------------------------------------------------

----------------------------------------------------------
sample path: (IntersectionOutput) 
  order timepoint           sequence nr.                  node name     dropped samples
latency

Statistics:
  latency:                  20.4257ms [min=9.34977ms, max=65.0306ms, average=36.6392ms, deviation=14.5448ms]
----------------------------------------------------------

----------------------------------------------------------
sample path: (IntersectionOutput) 
  order timepoint           sequence nr.                  node name     dropped samples
latency

Statistics:
  latency:                  42.0475ms [min=9.34977ms, max=65.0306ms, average=36.7212ms, deviation=14.4478ms]
----------------------------------------------------------

----------------------------------------------------------
sample path: (IntersectionOutput) 
  order timepoint           sequence nr.                  node name     dropped samples
latency

Statistics:
  latency:                  46.67ms [min=9.34977ms, max=65.0306ms, average=36.8696ms, deviation=14.3893ms]
----------------------------------------------------------

----------------------------------------------------------
sample path: (IntersectionOutput) 
  order timepoint           sequence nr.                  node name     dropped samples
latency

Statistics:
  latency:                  37.3557ms [min=9.34977ms, max=65.0306ms, average=36.8768ms, deviation=14.2817ms]
----------------------------------------------------------

----------------------------------------------------------
sample path: (VehicleDBWSystem) 
  order timepoint           sequence nr.                  node name     dropped samples
bp period
latency

Statistics:
  latency:                  201.968ms [min=137.62ms, max=269.197ms, average=208.041ms, deviation=44.8403ms]
hotpath
  hot path:                 FrontLidarDriver/RearLidarDriver -> ObjectCollisionEstimator
  hot path latency:         71.226ms [min=53.7101ms, max=72.8375ms, average=63.8971ms, deviation=6.79052ms]
  hot path drops:           0 [min=0, max=0, average=0, deviation=0]
  behavior planner period:  99.9882ms [min=99.9882ms, max=100.018ms, average=100.002ms, deviation=0.00830374ms]
----------------------------------------------------------

----------------------------------------------------------
sample path: (IntersectionOutput) 
  order timepoint           sequence nr.                  node name     dropped samples
latency

Statistics:
  latency:                  28.2791ms [min=9.34977ms, max=65.0306ms, average=36.7522ms, deviation=14.214ms]
----------------------------------------------------------

----------------------------------------------------------
sample path: (IntersectionOutput) 
  order timepoint           sequence nr.                  node name     dropped samples
latency

Statistics:
  latency:                  44.7841ms [min=9.34977ms, max=65.0306ms, average=36.8669ms, deviation=14.1433ms]
----------------------------------------------------------

----------------------------------------------------------
sample path: (IntersectionOutput) 
  order timepoint           sequence nr.                  node name     dropped samples
latency

Statistics:
  latency:                  27.9878ms [min=9.34977ms, max=65.0306ms, average=36.7419ms, deviation=14.0814ms]
----------------------------------------------------------

----------------------------------------------------------
sample path: (IntersectionOutput) 
  order timepoint           sequence nr.                  node name     dropped samples
latency

Statistics:
  latency:                  56.4889ms [min=9.34977ms, max=65.0306ms, average=37.0161ms, deviation=14.1742ms]
----------------------------------------------------------

----------------------------------------------------------
sample path: (VehicleDBWSystem) 
  order timepoint           sequence nr.                  node name     dropped samples
bp period
latency

Statistics:
  latency:                  160.293ms [min=137.62ms, max=269.197ms, average=205.528ms, deviation=44.9327ms]
hotpath
  hot path:                 FrontLidarDriver/RearLidarDriver -> ObjectCollisionEstimator
  hot path latency:         55.2528ms [min=53.7101ms, max=72.8375ms, average=63.4421ms, deviation=6.89074ms]
  hot path drops:           0 [min=0, max=0, average=0, deviation=0]
  behavior planner period:  99.9949ms [min=99.9882ms, max=100.018ms, average=100.002ms, deviation=0.0082472ms]
----------------------------------------------------------

----------------------------------------------------------
sample path: (IntersectionOutput) 
  order timepoint           sequence nr.                  node name     dropped samples
latency

Statistics:
  latency:                  28.3911ms [min=9.34977ms, max=65.0306ms, average=36.898ms, deviation=14.1116ms]
----------------------------------------------------------

----------------------------------------------------------
sample path: (IntersectionOutput) 
  order timepoint           sequence nr.                  node name     dropped samples
latency

Statistics:
  latency:                  10.513ms [min=9.34977ms, max=65.0306ms, average=36.5414ms, deviation=14.3463ms]
----------------------------------------------------------

----------------------------------------------------------
sample path: (IntersectionOutput) 
  order timepoint           sequence nr.                  node name     dropped samples
latency

Statistics:
  latency:                  74.432ms [min=9.34977ms, max=74.432ms, average=37.0466ms, deviation=14.9056ms]
----------------------------------------------------------

----------------------------------------------------------
sample path: (IntersectionOutput) 
  order timepoint           sequence nr.                  node name     dropped samples
latency

Statistics:
  latency:                  57.056ms [min=9.34977ms, max=74.432ms, average=37.3099ms, deviation=14.9828ms]
----------------------------------------------------------

----------------------------------------------------------
sample path: (VehicleDBWSystem) 
  order timepoint           sequence nr.                  node name     dropped samples
bp period
latency

Statistics:
  latency:                  258.895ms [min=137.62ms, max=269.197ms, average=208.197ms, deviation=45.3331ms]
hotpath
  hot path:                 FrontLidarDriver/RearLidarDriver -> ObjectCollisionEstimator
  hot path latency:         56.0019ms [min=53.7101ms, max=72.8375ms, average=63.0701ms, deviation=6.91021ms]
  hot path drops:           0 [min=0, max=0, average=0, deviation=0]
  behavior planner period:  99.999ms [min=99.9882ms, max=100.018ms, average=100.002ms, deviation=0.00804391ms]
----------------------------------------------------------

----------------------------------------------------------
sample path: (IntersectionOutput) 
  order timepoint           sequence nr.                  node name     dropped samples
latency

Statistics:
  latency:                  9.50577ms [min=9.34977ms, max=74.432ms, average=36.9488ms, deviation=15.2174ms]
----------------------------------------------------------

----------------------------------------------------------
sample path: (IntersectionOutput) 
  order timepoint           sequence nr.                  node name     dropped samples
latency

Statistics:
  latency:                  43.3558ms [min=9.34977ms, max=74.432ms, average=37.031ms, deviation=15.1357ms]
----------------------------------------------------------

----------------------------------------------------------
sample path: (IntersectionOutput) 
  order timepoint           sequence nr.                  node name     dropped samples
latency

Statistics:
  latency:                  57.7401ms [min=9.34977ms, max=74.432ms, average=37.2931ms, deviation=15.2177ms]
----------------------------------------------------------

----------------------------------------------------------
sample path: (VehicleDBWSystem) 
  order timepoint           sequence nr.                  node name     dropped samples
bp period
latency

Statistics:
  latency:                  268.5ms [min=137.62ms, max=269.197ms, average=211.068ms, deviation=46.1031ms]
hotpath
  hot path:                 FrontLidarDriver/RearLidarDriver -> ObjectCollisionEstimator
  hot path latency:         57.9897ms [min=53.7101ms, max=72.8375ms, average=62.8282ms, deviation=6.82588ms]
  hot path drops:           0 [min=0, max=0, average=0, deviation=0]
  behavior planner period:  100.01ms [min=99.9882ms, max=100.018ms, average=100.002ms, deviation=0.00806093ms]
----------------------------------------------------------

----------------------------------------------------------
sample path: (IntersectionOutput) 
  order timepoint           sequence nr.                  node name     dropped samples
latency

Statistics:
  latency:                  37.3212ms [min=9.34977ms, max=74.432ms, average=37.2935ms, deviation=15.1211ms]
----------------------------------------------------------

----------------------------------------------------------
sample path: (IntersectionOutput) 
  order timepoint           sequence nr.                  node name     dropped samples
latency

Statistics:
  latency:                  18.7179ms [min=9.34977ms, max=74.432ms, average=37.0641ms, deviation=15.1674ms]
----------------------------------------------------------

----------------------------------------------------------
sample path: (IntersectionOutput) 
  order timepoint           sequence nr.                  node name     dropped samples
latency

Statistics:
  latency:                  37.0723ms [min=9.34977ms, max=74.432ms, average=37.0642ms, deviation=15.0735ms]
----------------------------------------------------------

----------------------------------------------------------
sample path: (VehicleDBWSystem) 
  order timepoint           sequence nr.                  node name     dropped samples
bp period
latency

Statistics:
  latency:                  223.045ms [min=137.62ms, max=269.197ms, average=211.613ms, deviation=45.0645ms]
hotpath
  hot path:                 FrontLidarDriver/RearLidarDriver -> ObjectCollisionEstimator
  hot path latency:         53.6698ms [min=53.6698ms, max=72.8375ms, average=62.4119ms, deviation=6.94165ms]
  hot path drops:           0 [min=0, max=0, average=0, deviation=0]
  behavior planner period:  100.004ms [min=99.9882ms, max=100.018ms, average=100.002ms, deviation=0.00786956ms]
----------------------------------------------------------

----------------------------------------------------------
sample path: (IntersectionOutput) 
  order timepoint           sequence nr.                  node name     dropped samples
latency

Statistics:
  latency:                  48.2719ms [min=9.34977ms, max=74.432ms, average=37.1993ms, deviation=15.0317ms]
----------------------------------------------------------

----------------------------------------------------------
sample path: (IntersectionOutput) 
  order timepoint           sequence nr.                  node name     dropped samples
latency

Statistics:
  latency:                  46.6448ms [min=9.34977ms, max=74.432ms, average=37.3117ms, deviation=14.9764ms]
----------------------------------------------------------

----------------------------------------------------------
sample path: (IntersectionOutput) 
  order timepoint           sequence nr.                  node name     dropped samples
latency

Statistics:
  latency:                  27.9221ms [min=9.34977ms, max=74.432ms, average=37.2012ms, deviation=14.9218ms]
----------------------------------------------------------

----------------------------------------------------------
sample path: (IntersectionOutput) 
  order timepoint           sequence nr.                  node name     dropped samples
latency

Statistics:
  latency:                  34.231ms [min=9.34977ms, max=74.432ms, average=37.1667ms, deviation=14.8372ms]
----------------------------------------------------------

----------------------------------------------------------
sample path: (VehicleDBWSystem) 
  order timepoint           sequence nr.                  node name     dropped samples
bp period
latency

Statistics:
  latency:                  137.775ms [min=137.62ms, max=269.197ms, average=208.402ms, deviation=46.6427ms]
hotpath
  hot path:                 FrontLidarDriver/RearLidarDriver -> ObjectCollisionEstimator
  hot path latency:         61.7074ms [min=53.6698ms, max=72.8375ms, average=62.3813ms, deviation=6.78364ms]
  hot path drops:           0 [min=0, max=0, average=0, deviation=0]
  behavior planner period:  100.002ms [min=99.9882ms, max=100.018ms, average=100.002ms, deviation=0.00767997ms]
----------------------------------------------------------

----------------------------------------------------------
sample path: (IntersectionOutput) 
  order timepoint           sequence nr.                  node name     dropped samples
latency

Statistics:
  latency:                  20.1806ms [min=9.34977ms, max=74.432ms, average=36.9715ms, deviation=14.8627ms]
----------------------------------------------------------

----------------------------------------------------------
sample path: (IntersectionOutput) 
  order timepoint           sequence nr.                  node name     dropped samples
latency

Statistics:
  latency:                  32.2655ms [min=9.34977ms, max=74.432ms, average=36.918ms, deviation=14.7855ms]
----------------------------------------------------------

----------------------------------------------------------
sample path: (IntersectionOutput) 
  order timepoint           sequence nr.                  node name     dropped samples
latency

Statistics:
  latency:                  45.4342ms [min=9.34977ms, max=74.432ms, average=37.0137ms, deviation=14.729ms]
----------------------------------------------------------

----------------------------------------------------------
sample path: (IntersectionOutput) 
  order timepoint           sequence nr.                  node name     dropped samples
latency

Statistics:
  latency:                  27.0071ms [min=9.34977ms, max=74.432ms, average=36.9025ms, deviation=14.6839ms]
----------------------------------------------------------

----------------------------------------------------------
sample path: (IntersectionOutput) 
  order timepoint           sequence nr.                  node name     dropped samples
latency

Statistics:
  latency:                  20.0972ms [min=9.34977ms, max=74.432ms, average=36.7178ms, deviation=14.708ms]
----------------------------------------------------------

----------------------------------------------------------
sample path: (VehicleDBWSystem) 
  order timepoint           sequence nr.                  node name     dropped samples
bp period
latency

Statistics:
  latency:                  149.336ms [min=137.62ms, max=269.197ms, average=205.941ms, deviation=47.1839ms]
hotpath
  hot path:                 FrontLidarDriver/RearLidarDriver -> ObjectCollisionEstimator
  hot path latency:         70.8755ms [min=53.6698ms, max=72.8375ms, average=62.7352ms, deviation=6.85735ms]
  hot path drops:           0 [min=0, max=0, average=0, deviation=0]
  behavior planner period:  99.9929ms [min=99.9882ms, max=100.018ms, average=100.002ms, deviation=0.00775735ms]
----------------------------------------------------------

----------------------------------------------------------
sample path: (IntersectionOutput) 
  order timepoint           sequence nr.                  node name     dropped samples
latency

Statistics:
  latency:                  44.6316ms [min=9.34977ms, max=74.432ms, average=36.8038ms, deviation=14.6502ms]
----------------------------------------------------------

----------------------------------------------------------
sample path: (IntersectionOutput) 
  order timepoint           sequence nr.                  node name     dropped samples
latency

Statistics:
  latency:                  28.1197ms [min=9.34977ms, max=74.432ms, average=36.7105ms, deviation=14.5982ms]
----------------------------------------------------------

----------------------------------------------------------
sample path: (IntersectionOutput) 
  order timepoint           sequence nr.                  node name     dropped samples
latency

Statistics:
  latency:                  56.072ms [min=9.34977ms, max=74.432ms, average=36.9164ms, deviation=14.6562ms]
----------------------------------------------------------

----------------------------------------------------------
sample path: (VehicleDBWSystem) 
  order timepoint           sequence nr.                  node name     dropped samples
bp period
latency

Statistics:
  latency:                  159.725ms [min=137.62ms, max=269.197ms, average=204.092ms, deviation=47.1062ms]
hotpath
  hot path:                 FrontLidarDriver/RearLidarDriver -> ObjectCollisionEstimator
  hot path latency:         54.7676ms [min=53.6698ms, max=72.8375ms, average=62.4165ms, deviation=6.89952ms]
  hot path drops:           0 [min=0, max=0, average=0, deviation=0]
  behavior planner period:  100.002ms [min=99.9882ms, max=100.018ms, average=100.002ms, deviation=0.00758688ms]
----------------------------------------------------------

----------------------------------------------------------
sample path: (IntersectionOutput) 
  order timepoint           sequence nr.                  node name     dropped samples
latency

Statistics:
  latency:                  28.1937ms [min=9.34977ms, max=74.432ms, average=36.8246ms, deviation=14.6054ms]
----------------------------------------------------------

----------------------------------------------------------
sample path: (IntersectionOutput) 
  order timepoint           sequence nr.                  node name     dropped samples
latency

Statistics:
  latency:                  10.6924ms [min=9.34977ms, max=74.432ms, average=36.5524ms, deviation=14.7712ms]
----------------------------------------------------------

----------------------------------------------------------
sample path: (IntersectionOutput) 
  order timepoint           sequence nr.                  node name     dropped samples
latency

Statistics:
  latency:                  37.2427ms [min=9.34977ms, max=74.432ms, average=36.5595ms, deviation=14.6942ms]
----------------------------------------------------------

----------------------------------------------------------
sample path: (IntersectionOutput) 
  order timepoint           sequence nr.                  node name     dropped samples
latency

Statistics:
  latency:                  57.1897ms [min=9.34977ms, max=74.432ms, average=36.77ms, deviation=14.766ms]
----------------------------------------------------------

----------------------------------------------------------
sample path: (VehicleDBWSystem) 
  order timepoint           sequence nr.                  node name     dropped samples
bp period
latency

Statistics:
  latency:                  260.684ms [min=137.62ms, max=269.197ms, average=206.269ms, deviation=47.4701ms]
hotpath
  hot path:                 FrontLidarDriver/RearLidarDriver -> ObjectCollisionEstimator
  hot path latency:         56.1311ms [min=53.6698ms, max=72.8375ms, average=62.1747ms, deviation=6.87158ms]
  hot path drops:           0 [min=0, max=0, average=0, deviation=0]
  behavior planner period:  99.9989ms [min=99.9882ms, max=100.018ms, average=100.002ms, deviation=0.00745173ms]
----------------------------------------------------------

----------------------------------------------------------
sample path: (IntersectionOutput) 
  order timepoint           sequence nr.                  node name     dropped samples
latency

Statistics:
  latency:                  9.57367ms [min=9.34977ms, max=74.432ms, average=36.4953ms, deviation=14.9426ms]
----------------------------------------------------------

----------------------------------------------------------
sample path: (IntersectionOutput) 
  order timepoint           sequence nr.                  node name     dropped samples
latency

Statistics:
  latency:                  43.3982ms [min=9.34977ms, max=74.432ms, average=36.5644ms, deviation=14.883ms]
----------------------------------------------------------

----------------------------------------------------------
sample path: (IntersectionOutput) 
  order timepoint           sequence nr.                  node name     dropped samples
latency

Statistics:
  latency:                  57.6993ms [min=9.34977ms, max=74.432ms, average=36.7736ms, deviation=14.957ms]
----------------------------------------------------------

----------------------------------------------------------
sample path: (VehicleDBWSystem) 
  order timepoint           sequence nr.                  node name     dropped samples
bp period
latency

Statistics:
  latency:                  268.985ms [min=137.62ms, max=269.197ms, average=208.592ms, deviation=48.0876ms]
hotpath
  hot path:                 FrontLidarDriver/RearLidarDriver -> ObjectCollisionEstimator
  hot path latency:         58.1102ms [min=53.6698ms, max=72.8375ms, average=62.0242ms, deviation=6.78339ms]
  hot path drops:           0 [min=0, max=0, average=0, deviation=0]
  behavior planner period:  100.015ms [min=99.9882ms, max=100.018ms, average=100.002ms, deviation=0.00772039ms]
----------------------------------------------------------

----------------------------------------------------------
sample path: (IntersectionOutput) 
  order timepoint           sequence nr.                  node name     dropped samples
latency

Statistics:
  latency:                  37.3746ms [min=9.34977ms, max=74.432ms, average=36.7795ms, deviation=14.8829ms]
----------------------------------------------------------

----------------------------------------------------------
sample path: (IntersectionOutput) 
  order timepoint           sequence nr.                  node name     dropped samples
latency

Statistics:
  latency:                  18.8377ms [min=9.34977ms, max=74.432ms, average=36.6053ms, deviation=14.9149ms]
----------------------------------------------------------

----------------------------------------------------------
sample path: (IntersectionOutput) 
  order timepoint           sequence nr.                  node name     dropped samples
latency

Statistics:
  latency:                  36.7465ms [min=9.34977ms, max=74.432ms, average=36.6067ms, deviation=14.8423ms]
----------------------------------------------------------

----------------------------------------------------------
sample path: (VehicleDBWSystem) 
  order timepoint           sequence nr.                  node name     dropped samples
bp period
latency

Statistics:
  latency:                  213.415ms [min=137.62ms, max=269.197ms, average=208.764ms, deviation=47.1975ms]
hotpath
  hot path:                 FrontLidarDriver/RearLidarDriver -> ObjectCollisionEstimator
  hot path latency:         53.6691ms [min=53.6691ms, max=72.8375ms, average=61.7258ms, deviation=6.8413ms]
  hot path drops:           0 [min=0, max=0, average=0, deviation=0]
  behavior planner period:  100.005ms [min=99.9882ms, max=100.018ms, average=100.002ms, deviation=0.00758578ms]
----------------------------------------------------------

----------------------------------------------------------
sample path: (IntersectionOutput) 
  order timepoint           sequence nr.                  node name     dropped samples
latency

Statistics:
  latency:                  29.4911ms [min=9.34977ms, max=74.432ms, average=36.5389ms, deviation=14.7871ms]
----------------------------------------------------------

----------------------------------------------------------
sample path: (IntersectionOutput) 
  order timepoint           sequence nr.                  node name     dropped samples
latency

Statistics:
  latency:                  37.4254ms [min=9.34977ms, max=74.432ms, average=36.5473ms, deviation=14.7168ms]
----------------------------------------------------------

----------------------------------------------------------
sample path: (IntersectionOutput) 
  order timepoint           sequence nr.                  node name     dropped samples
latency

Statistics:
  latency:                  28.0324ms [min=9.34977ms, max=74.432ms, average=36.4677ms, deviation=14.6703ms]
----------------------------------------------------------

----------------------------------------------------------
sample path: (IntersectionOutput) 
  order timepoint           sequence nr.                  node name     dropped samples
latency

Statistics:
  latency:                  34.5293ms [min=9.34977ms, max=74.432ms, average=36.4497ms, deviation=14.6028ms]
----------------------------------------------------------

----------------------------------------------------------
sample path: (VehicleDBWSystem) 
  order timepoint           sequence nr.                  node name     dropped samples
bp period
latency

Statistics:
  latency:                  212.069ms [min=137.62ms, max=269.197ms, average=208.878ms, deviation=46.351ms]
hotpath
  hot path:                 FrontLidarDriver/RearLidarDriver -> ObjectCollisionEstimator
  hot path latency:         71.0876ms [min=53.6691ms, max=72.8375ms, average=62.0486ms, deviation=6.93931ms]
  hot path drops:           0 [min=0, max=0, average=0, deviation=0]
  behavior planner period:  100.002ms [min=99.9882ms, max=100.018ms, average=100.002ms, deviation=0.00744587ms]
----------------------------------------------------------

----------------------------------------------------------
sample path: (IntersectionOutput) 
  order timepoint           sequence nr.                  node name     dropped samples
latency

Statistics:
  latency:                  29.9594ms [min=9.34977ms, max=74.432ms, average=36.3902ms, deviation=14.5483ms]
----------------------------------------------------------

----------------------------------------------------------
sample path: (IntersectionOutput) 
  order timepoint           sequence nr.                  node name     dropped samples
latency

Statistics:
  latency:                  37.4024ms [min=9.34977ms, max=74.432ms, average=36.3994ms, deviation=14.4817ms]
----------------------------------------------------------

----------------------------------------------------------
sample path: (IntersectionOutput) 
  order timepoint           sequence nr.                  node name     dropped samples
latency

Statistics:
  latency:                  28.1096ms [min=9.34977ms, max=74.432ms, average=36.3247ms, deviation=14.4372ms]
----------------------------------------------------------

----------------------------------------------------------
sample path: (IntersectionOutput) 
  order timepoint           sequence nr.                  node name     dropped samples
latency

Statistics:
  latency:                  33.9741ms [min=9.34977ms, max=74.432ms, average=36.3037ms, deviation=14.3737ms]
----------------------------------------------------------

----------------------------------------------------------
sample path: (VehicleDBWSystem) 
  order timepoint           sequence nr.                  node name     dropped samples
bp period
latency

Statistics:
  latency:                  147.134ms [min=137.62ms, max=269.197ms, average=206.82ms, deviation=46.9192ms]
hotpath
  hot path:                 FrontLidarDriver/RearLidarDriver -> ObjectCollisionEstimator
  hot path latency:         70.9164ms [min=53.6691ms, max=72.8375ms, average=62.3442ms, deviation=7.00819ms]
  hot path drops:           0 [min=0, max=0, average=0, deviation=0]
  behavior planner period:  99.9984ms [min=99.9882ms, max=100.018ms, average=100.002ms, deviation=0.00734854ms]
----------------------------------------------------------

----------------------------------------------------------
sample path: (IntersectionOutput) 
  order timepoint           sequence nr.                  node name     dropped samples
latency

Statistics:
  latency:                  29.6612ms [min=9.34977ms, max=74.432ms, average=36.2449ms, deviation=14.3231ms]
----------------------------------------------------------

----------------------------------------------------------
sample path: (IntersectionOutput) 
  order timepoint           sequence nr.                  node name     dropped samples
latency

Statistics:
  latency:                  37.4813ms [min=9.34977ms, max=74.432ms, average=36.2558ms, deviation=14.26ms]
----------------------------------------------------------

----------------------------------------------------------
sample path: (IntersectionOutput) 
  order timepoint           sequence nr.                  node name     dropped samples
latency

Statistics:
  latency:                  28.0045ms [min=9.34977ms, max=74.432ms, average=36.184ms, deviation=14.2182ms]
----------------------------------------------------------

----------------------------------------------------------
sample path: (IntersectionOutput) 
  order timepoint           sequence nr.                  node name     dropped samples
latency

Statistics:
  latency:                  55.8738ms [min=9.34977ms, max=74.432ms, average=36.3538ms, deviation=14.2738ms]
----------------------------------------------------------

----------------------------------------------------------
sample path: (VehicleDBWSystem) 
  order timepoint           sequence nr.                  node name     dropped samples
bp period
latency

Statistics:
  latency:                  159.488ms [min=137.62ms, max=269.197ms, average=205.293ms, deviation=46.9074ms]
hotpath
  hot path:                 FrontLidarDriver/RearLidarDriver -> ObjectCollisionEstimator
  hot path latency:         70.9166ms [min=53.6691ms, max=72.8375ms, average=62.6207ms, deviation=7.06032ms]
  hot path drops:           0 [min=0, max=0, average=0, deviation=0]
  behavior planner period:  99.9946ms [min=99.9882ms, max=100.018ms, average=100.002ms, deviation=0.00735356ms]
----------------------------------------------------------

----------------------------------------------------------
sample path: (IntersectionOutput) 
  order timepoint           sequence nr.                  node name     dropped samples
latency

Statistics:
  latency:                  28.2039ms [min=9.34977ms, max=74.432ms, average=36.2841ms, deviation=14.2321ms]
----------------------------------------------------------

----------------------------------------------------------
sample path: (IntersectionOutput) 
  order timepoint           sequence nr.                  node name     dropped samples
latency

Statistics:
  latency:                  10.4319ms [min=9.34977ms, max=74.432ms, average=36.065ms, deviation=14.3696ms]
----------------------------------------------------------

----------------------------------------------------------
sample path: (IntersectionOutput) 
  order timepoint           sequence nr.                  node name     dropped samples
latency

Statistics:
  latency:                  37.3336ms [min=9.34977ms, max=74.432ms, average=36.0757ms, deviation=14.309ms]
----------------------------------------------------------

----------------------------------------------------------
sample path: (IntersectionOutput) 
  order timepoint           sequence nr.                  node name     dropped samples
latency

Statistics:
  latency:                  57.2558ms [min=9.34977ms, max=74.432ms, average=36.2522ms, deviation=14.3794ms]
----------------------------------------------------------

----------------------------------------------------------
sample path: (VehicleDBWSystem) 
  order timepoint           sequence nr.                  node name     dropped samples
bp period
latency

Statistics:
  latency:                  262.688ms [min=137.62ms, max=269.197ms, average=207.087ms, deviation=47.2469ms]
hotpath
  hot path:                 FrontLidarDriver/RearLidarDriver -> ObjectCollisionEstimator
  hot path latency:         55.8633ms [min=53.6691ms, max=72.8375ms, average=62.4096ms, deviation=7.04748ms]
  hot path drops:           0 [min=0, max=0, average=0, deviation=0]
  behavior planner period:  100.004ms [min=99.9882ms, max=100.018ms, average=100.002ms, deviation=0.00724316ms]
----------------------------------------------------------

----------------------------------------------------------
sample path: (IntersectionOutput) 
  order timepoint           sequence nr.                  node name     dropped samples
latency

Statistics:
  latency:                  9.55807ms [min=9.34977ms, max=74.432ms, average=36.0316ms, deviation=14.5235ms]
----------------------------------------------------------

----------------------------------------------------------
sample path: (IntersectionOutput) 
  order timepoint           sequence nr.                  node name     dropped samples
latency

Statistics:
  latency:                  54.1888ms [min=9.34977ms, max=74.432ms, average=36.1804ms, deviation=14.5565ms]
----------------------------------------------------------

----------------------------------------------------------
sample path: (VehicleDBWSystem) 
  order timepoint           sequence nr.                  node name     dropped samples
bp period
latency

Statistics:
  latency:                  242.799ms [min=137.62ms, max=269.197ms, average=208.169ms, deviation=46.9165ms]
hotpath
  hot path:                 FrontLidarDriver/RearLidarDriver -> ObjectCollisionEstimator
  hot path latency:         58.1692ms [min=53.6691ms, max=72.8375ms, average=62.2811ms, deviation=6.97566ms]
  hot path drops:           0 [min=0, max=0, average=0, deviation=0]
  behavior planner period:  100.004ms [min=99.9882ms, max=100.018ms, average=100.002ms, deviation=0.00713002ms]
----------------------------------------------------------

----------------------------------------------------------
sample path: (IntersectionOutput) 
  order timepoint           sequence nr.                  node name     dropped samples
latency

Statistics:
  latency:                  37.5428ms [min=9.34977ms, max=74.432ms, average=36.1915ms, deviation=14.4972ms]
----------------------------------------------------------

----------------------------------------------------------
sample path: (VehicleDBWSystem) 
  order timepoint           sequence nr.                  node name     dropped samples
bp period
latency

Statistics:
  latency:                  292.151ms [min=137.62ms, max=292.151ms, average=210.639ms, deviation=48.3932ms]
  behavior planner period:  100.009ms [min=99.9882ms, max=100.018ms, average=100.002ms, deviation=0.00711425ms]
----------------------------------------------------------

----------------------------------------------------------
sample path: (IntersectionOutput) 
  order timepoint           sequence nr.                  node name     dropped samples
latency

Statistics:
  latency:                  73.1137ms [min=9.34977ms, max=74.432ms, average=36.4892ms, deviation=14.814ms]
----------------------------------------------------------

----------------------------------------------------------
sample path: (IntersectionOutput) 
  order timepoint           sequence nr.                  node name     dropped samples
latency

Statistics:
  latency:                  63.7274ms [min=9.34977ms, max=74.432ms, average=36.7072ms, deviation=14.9539ms]
----------------------------------------------------------

----------------------------------------------------------
sample path: (IntersectionOutput) 
  order timepoint           sequence nr.                  node name     dropped samples
latency

Statistics:
  latency:                  30.5857ms [min=9.34977ms, max=74.432ms, average=36.6586ms, deviation=14.904ms]
----------------------------------------------------------

----------------------------------------------------------
sample path: (VehicleDBWSystem) 
  order timepoint           sequence nr.                  node name     dropped samples
bp period
latency

Statistics:
  latency:                  300.073ms [min=137.62ms, max=300.073ms, average=213.194ms, deviation=50.0154ms]
hotpath
  hot path:                 FrontLidarDriver/RearLidarDriver -> ObjectCollisionEstimator
  hot path latency:         90.3586ms [min=53.6691ms, max=90.3586ms, average=63.1069ms, deviation=8.3888ms]
  hot path drops:           0 [min=0, max=0, average=0, deviation=0]
  behavior planner period:  99.9963ms [min=99.9882ms, max=100.018ms, average=100.002ms, deviation=0.00708065ms]
----------------------------------------------------------

----------------------------------------------------------
sample path: (IntersectionOutput) 
  order timepoint           sequence nr.                  node name     dropped samples
latency

Statistics:
  latency:                  46.7088ms [min=9.34977ms, max=74.432ms, average=36.7377ms, deviation=14.8715ms]
----------------------------------------------------------

----------------------------------------------------------
sample path: (IntersectionOutput) 
  order timepoint           sequence nr.                  node name     dropped samples
latency

Statistics:
  latency:                  37.6423ms [min=9.34977ms, max=74.432ms, average=36.7448ms, deviation=14.813ms]
----------------------------------------------------------

----------------------------------------------------------
sample path: (IntersectionOutput) 
  order timepoint           sequence nr.                  node name     dropped samples
latency

Statistics:
  latency:                  47.0209ms [min=9.34977ms, max=74.432ms, average=36.8244ms, deviation=14.7828ms]
----------------------------------------------------------

----------------------------------------------------------
sample path: (IntersectionOutput) 
  order timepoint           sequence nr.                  node name     dropped samples
latency

Statistics:
  latency:                  66.7669ms [min=9.34977ms, max=74.432ms, average=37.0548ms, deviation=14.9577ms]
----------------------------------------------------------

----------------------------------------------------------
sample path: (VehicleDBWSystem) 
  order timepoint           sequence nr.                  node name     dropped samples
bp period
latency

Statistics:
  latency:                  338.691ms [min=137.62ms, max=338.691ms, average=216.68ms, deviation=53.5496ms]
hotpath
  hot path:                 FrontLidarDriver/RearLidarDriver -> ObjectCollisionEstimator
  hot path latency:         57.5898ms [min=53.6691ms, max=90.3586ms, average=62.9493ms, deviation=8.31696ms]
  hot path drops:           0 [min=0, max=0, average=0, deviation=0]
  behavior planner period:  100.008ms [min=99.9882ms, max=100.018ms, average=100.002ms, deviation=0.00703929ms]
----------------------------------------------------------

----------------------------------------------------------
sample path: (IntersectionOutput) 
  order timepoint           sequence nr.                  node name     dropped samples
latency

Statistics:
  latency:                  37.5018ms [min=9.34977ms, max=74.432ms, average=37.0582ms, deviation=14.9001ms]
----------------------------------------------------------

----------------------------------------------------------
sample path: (IntersectionOutput) 
  order timepoint           sequence nr.                  node name     dropped samples
latency

Statistics:
  latency:                  18.9024ms [min=9.34977ms, max=74.432ms, average=36.9206ms, deviation=14.927ms]
----------------------------------------------------------

----------------------------------------------------------
sample path: (IntersectionOutput) 
  order timepoint           sequence nr.                  node name     dropped samples
latency

Statistics:
  latency:                  26.9405ms [min=9.34977ms, max=74.432ms, average=36.8456ms, deviation=14.8955ms]
----------------------------------------------------------

----------------------------------------------------------
sample path: (IntersectionOutput) 
  order timepoint           sequence nr.                  node name     dropped samples
latency

Statistics:
  latency:                  57.8438ms [min=9.34977ms, max=74.432ms, average=37.0023ms, deviation=14.9499ms]
----------------------------------------------------------

----------------------------------------------------------
sample path: (VehicleDBWSystem) 
  order timepoint           sequence nr.                  node name     dropped samples
bp period
latency

Statistics:
  latency:                  225.695ms [min=137.62ms, max=338.691ms, average=216.924ms, deviation=52.8214ms]
hotpath
  hot path:                 FrontLidarDriver/RearLidarDriver -> ObjectCollisionEstimator
  hot path latency:         71.4431ms [min=53.6691ms, max=90.3586ms, average=63.1852ms, deviation=8.31863ms]
  hot path drops:           0 [min=0, max=0, average=0, deviation=0]
  behavior planner period:  99.9955ms [min=99.9882ms, max=100.018ms, average=100.002ms, deviation=0.00702935ms]
----------------------------------------------------------

----------------------------------------------------------
sample path: (IntersectionOutput) 
  order timepoint           sequence nr.                  node name     dropped samples
latency

Statistics:
  latency:                  9.64438ms [min=9.34977ms, max=74.432ms, average=36.7996ms, deviation=15.079ms]
----------------------------------------------------------

----------------------------------------------------------
sample path: (IntersectionOutput) 
  order timepoint           sequence nr.                  node name     dropped samples
latency

Statistics:
  latency:                  37.432ms [min=9.34977ms, max=74.432ms, average=36.8043ms, deviation=15.0231ms]
----------------------------------------------------------

----------------------------------------------------------
sample path: (VehicleDBWSystem) 
  order timepoint           sequence nr.                  node name     dropped samples
bp period
latency

Statistics:
  latency:                  195.054ms [min=137.62ms, max=338.691ms, average=216.348ms, deviation=52.2234ms]
hotpath
  hot path:                 FrontLidarDriver/RearLidarDriver -> ObjectCollisionEstimator
  hot path latency:         56.4107ms [min=53.6691ms, max=90.3586ms, average=63.0021ms, deviation=8.27755ms]
  hot path drops:           0 [min=0, max=0, average=0, deviation=0]
  behavior planner period:  99.9923ms [min=99.9882ms, max=100.018ms, average=100.002ms, deviation=0.00711542ms]
----------------------------------------------------------

----------------------------------------------------------
sample path: (IntersectionOutput) 
  order timepoint           sequence nr.                  node name     dropped samples
latency

Statistics:
  latency:                  56.3862ms [min=9.34977ms, max=74.432ms, average=36.9472ms, deviation=15.061ms]
----------------------------------------------------------

----------------------------------------------------------
sample path: (IntersectionOutput) 
  order timepoint           sequence nr.                  node name     dropped samples
latency

Statistics:
  latency:                  18.9387ms [min=9.34977ms, max=74.432ms, average=36.8167ms, deviation=15.084ms]
----------------------------------------------------------

----------------------------------------------------------
sample path: (IntersectionOutput) 
  order timepoint           sequence nr.                  node name     dropped samples
latency

Statistics:
  latency:                  9.32597ms [min=9.32597ms, max=74.432ms, average=36.619ms, deviation=15.2091ms]
----------------------------------------------------------

----------------------------------------------------------
sample path: (IntersectionOutput) 
  order timepoint           sequence nr.                  node name     dropped samples
latency

Statistics:
  latency:                  52.8911ms [min=9.32597ms, max=74.432ms, average=36.7352ms, deviation=15.2165ms]
----------------------------------------------------------

----------------------------------------------------------
sample path: (VehicleDBWSystem) 
  order timepoint           sequence nr.                  node name     dropped samples
bp period
latency

Statistics:
  latency:                  240.943ms [min=137.62ms, max=338.691ms, average=216.979ms, deviation=51.6819ms]
hotpath
  hot path:                 FrontLidarDriver/RearLidarDriver -> ObjectCollisionEstimator
  hot path latency:         57.645ms [min=53.6691ms, max=90.3586ms, average=62.8611ms, deviation=8.21104ms]
  hot path drops:           0 [min=0, max=0, average=0, deviation=0]
  behavior planner period:  100.01ms [min=99.9882ms, max=100.018ms, average=100.002ms, deviation=0.007152ms]
----------------------------------------------------------

----------------------------------------------------------
sample path: (IntersectionOutput) 
  order timepoint           sequence nr.                  node name     dropped samples
latency

Statistics:
  latency:                  56.3511ms [min=9.32597ms, max=74.432ms, average=36.8743ms, deviation=15.2518ms]
----------------------------------------------------------

----------------------------------------------------------
sample path: (IntersectionOutput) 
  order timepoint           sequence nr.                  node name     dropped samples
latency

Statistics:
  latency:                  56.3019ms [min=9.32597ms, max=74.432ms, average=37.0111ms, deviation=15.2848ms]
----------------------------------------------------------

----------------------------------------------------------
sample path: (IntersectionOutput) 
  order timepoint           sequence nr.                  node name     dropped samples
latency

Statistics:
  latency:                  28.3849ms [min=9.32597ms, max=74.432ms, average=36.9508ms, deviation=15.248ms]
----------------------------------------------------------

----------------------------------------------------------
sample path: (IntersectionOutput) 
  order timepoint           sequence nr.                  node name     dropped samples
latency

Statistics:
  latency:                  36.3866ms [min=9.32597ms, max=74.432ms, average=36.9469ms, deviation=15.1947ms]
----------------------------------------------------------

----------------------------------------------------------
sample path: (VehicleDBWSystem) 
  order timepoint           sequence nr.                  node name     dropped samples
bp period
latency

Statistics:
  latency:                  213.996ms [min=137.62ms, max=338.691ms, average=216.904ms, deviation=51.0172ms]
hotpath
  hot path:                 FrontLidarDriver/RearLidarDriver -> ObjectCollisionEstimator
  hot path latency:         62.7827ms [min=53.6691ms, max=90.3586ms, average=62.8591ms, deviation=8.10229ms]
  hot path drops:           0 [min=0, max=0, average=0, deviation=0]
  behavior planner period:  100.007ms [min=99.9882ms, max=100.018ms, average=100.002ms, deviation=0.00709483ms]
----------------------------------------------------------

----------------------------------------------------------
sample path: (IntersectionOutput) 
  order timepoint           sequence nr.                  node name     dropped samples
latency

Statistics:
  latency:                  29.6021ms [min=9.32597ms, max=74.432ms, average=36.8962ms, deviation=15.1541ms]
----------------------------------------------------------

----------------------------------------------------------
sample path: (IntersectionOutput) 
  order timepoint           sequence nr.                  node name     dropped samples
latency

Statistics:
  latency:                  37.2701ms [min=9.32597ms, max=74.432ms, average=36.8988ms, deviation=15.1018ms]
----------------------------------------------------------

----------------------------------------------------------
sample path: (IntersectionOutput) 
  order timepoint           sequence nr.                  node name     dropped samples
latency

Statistics:
  latency:                  28.3226ms [min=9.32597ms, max=74.432ms, average=36.8404ms, deviation=15.0666ms]
----------------------------------------------------------

----------------------------------------------------------
sample path: (IntersectionOutput) 
  order timepoint           sequence nr.                  node name     dropped samples
latency

Statistics:
  latency:                  33.9583ms [min=9.32597ms, max=74.432ms, average=36.821ms, deviation=15.0171ms]
----------------------------------------------------------

----------------------------------------------------------
sample path: (VehicleDBWSystem) 
  order timepoint           sequence nr.                  node name     dropped samples
bp period
latency

Statistics:
  latency:                  192.745ms [min=137.62ms, max=338.691ms, average=216.315ms, deviation=50.5165ms]
hotpath
  hot path:                 FrontLidarDriver/RearLidarDriver -> ObjectCollisionEstimator
  hot path latency:         70.9844ms [min=53.6691ms, max=90.3586ms, average=63.0623ms, deviation=8.10026ms]
  hot path drops:           0 [min=0, max=0, average=0, deviation=0]
  behavior planner period:  99.9978ms [min=99.9882ms, max=100.018ms, average=100.002ms, deviation=0.0070372ms]
----------------------------------------------------------

----------------------------------------------------------
sample path: (IntersectionOutput) 
  order timepoint           sequence nr.                  node name     dropped samples
latency

Statistics:
  latency:                  20.0656ms [min=9.32597ms, max=74.432ms, average=36.7085ms, deviation=15.0291ms]
----------------------------------------------------------

----------------------------------------------------------
sample path: (IntersectionOutput) 
  order timepoint           sequence nr.                  node name     dropped samples
latency

Statistics:
  latency:                  32.4556ms [min=9.32597ms, max=74.432ms, average=36.6802ms, deviation=14.9826ms]
----------------------------------------------------------

----------------------------------------------------------
sample path: (IntersectionOutput) 
  order timepoint           sequence nr.                  node name     dropped samples
latency

Statistics:
  latency:                  45.2398ms [min=9.32597ms, max=74.432ms, average=36.7368ms, deviation=14.9488ms]
----------------------------------------------------------

----------------------------------------------------------
sample path: (IntersectionOutput) 
  order timepoint           sequence nr.                  node name     dropped samples
latency

Statistics:
  latency:                  37.2802ms [min=9.32597ms, max=74.432ms, average=36.7404ms, deviation=14.8993ms]
----------------------------------------------------------

----------------------------------------------------------
sample path: (VehicleDBWSystem) 
  order timepoint           sequence nr.                  node name     dropped samples
bp period
latency

Statistics:
  latency:                  149.057ms [min=137.62ms, max=338.691ms, average=214.714ms, deviation=50.9645ms]
hotpath
  hot path:                 FrontLidarDriver/RearLidarDriver -> ObjectCollisionEstimator
  hot path latency:         70.7934ms [min=53.6691ms, max=90.3586ms, average=63.2508ms, deviation=8.08899ms]
  hot path drops:           0 [min=0, max=0, average=0, deviation=0]
  behavior planner period:  99.9958ms [min=99.9882ms, max=100.018ms, average=100.002ms, deviation=0.00701701ms]
----------------------------------------------------------

----------------------------------------------------------
sample path: (IntersectionOutput) 
  order timepoint           sequence nr.                  node name     dropped samples
latency

Statistics:
  latency:                  29.465ms [min=9.32597ms, max=74.432ms, average=36.6929ms, deviation=14.8619ms]
----------------------------------------------------------

----------------------------------------------------------
sample path: (IntersectionOutput) 
  order timepoint           sequence nr.                  node name     dropped samples
latency

Statistics:
  latency:                  37.0802ms [min=9.32597ms, max=74.432ms, average=36.6954ms, deviation=14.8132ms]
----------------------------------------------------------

----------------------------------------------------------
sample path: (IntersectionOutput) 
  order timepoint           sequence nr.                  node name     dropped samples
latency

Statistics:
  latency:                  18.6565ms [min=9.32597ms, max=74.432ms, average=36.579ms, deviation=14.836ms]
----------------------------------------------------------

----------------------------------------------------------
sample path: (IntersectionOutput) 
  order timepoint           sequence nr.                  node name     dropped samples
latency

Statistics:
  latency:                  55.9507ms [min=9.32597ms, max=74.432ms, average=36.7032ms, deviation=14.8692ms]
----------------------------------------------------------

----------------------------------------------------------
sample path: (VehicleDBWSystem) 
  order timepoint           sequence nr.                  node name     dropped samples
bp period
latency

Statistics:
  latency:                  160.941ms [min=137.62ms, max=338.691ms, average=213.463ms, deviation=51.0175ms]
hotpath
  hot path:                 FrontLidarDriver/RearLidarDriver -> ObjectCollisionEstimator
  hot path latency:         54.798ms [min=53.6691ms, max=90.3586ms, average=63.0496ms, deviation=8.0955ms]
  hot path drops:           0 [min=0, max=0, average=0, deviation=0]
  behavior planner period:  99.9996ms [min=99.9882ms, max=100.018ms, average=100.002ms, deviation=0.00694001ms]
----------------------------------------------------------

----------------------------------------------------------
sample path: (IntersectionOutput) 
  order timepoint           sequence nr.                  node name     dropped samples
latency

Statistics:
  latency:                  28.2967ms [min=9.32597ms, max=74.432ms, average=36.6496ms, deviation=14.8366ms]
----------------------------------------------------------

----------------------------------------------------------
sample path: (IntersectionOutput) 
  order timepoint           sequence nr.                  node name     dropped samples
latency

Statistics:
  latency:                  11.7936ms [min=9.32597ms, max=74.432ms, average=36.4923ms, deviation=14.9209ms]
----------------------------------------------------------

----------------------------------------------------------
sample path: (IntersectionOutput) 
  order timepoint           sequence nr.                  node name     dropped samples
latency

Statistics:
  latency:                  46.8637ms [min=9.32597ms, max=74.432ms, average=36.5576ms, deviation=14.8963ms]
----------------------------------------------------------

----------------------------------------------------------
sample path: (VehicleDBWSystem) 
  order timepoint           sequence nr.                  node name     dropped samples
bp period
latency

Statistics:
  latency:                  260.281ms [min=137.62ms, max=338.691ms, average=214.527ms, deviation=50.9124ms]
hotpath
  hot path:                 FrontLidarDriver/RearLidarDriver -> ObjectCollisionEstimator
  hot path latency:         57.171ms [min=53.6691ms, max=90.3586ms, average=62.9128ms, deviation=8.04862ms]
  hot path drops:           0 [min=0, max=0, average=0, deviation=0]
  behavior planner period:  100.002ms [min=99.9882ms, max=100.018ms, average=100.002ms, deviation=0.006857ms]
----------------------------------------------------------

----------------------------------------------------------
sample path: (IntersectionOutput) 
  order timepoint           sequence nr.                  node name     dropped samples
latency

Statistics:
  latency:                  56.2807ms [min=9.32597ms, max=74.432ms, average=36.6808ms, deviation=14.9311ms]
----------------------------------------------------------

----------------------------------------------------------
sample path: (IntersectionOutput) 
  order timepoint           sequence nr.                  node name     dropped samples
latency

Statistics:
  latency:                  37.5586ms [min=9.32597ms, max=74.432ms, average=36.6863ms, deviation=14.8845ms]
----------------------------------------------------------

----------------------------------------------------------
sample path: (IntersectionOutput) 
  order timepoint           sequence nr.                  node name     dropped samples
latency

Statistics:
  latency:                  9.24827ms [min=9.24827ms, max=74.432ms, average=36.5169ms, deviation=14.994ms]
----------------------------------------------------------

----------------------------------------------------------
sample path: (IntersectionOutput) 
  order timepoint           sequence nr.                  node name     dropped samples
latency

Statistics:
  latency:                  51.9778ms [min=9.24827ms, max=74.432ms, average=36.6118ms, deviation=14.9966ms]
----------------------------------------------------------

----------------------------------------------------------
sample path: (VehicleDBWSystem) 
  order timepoint           sequence nr.                  node name     dropped samples
bp period
latency

Statistics:
  latency:                  239.215ms [min=137.62ms, max=338.691ms, average=215.076ms, deviation=50.4649ms]
hotpath
  hot path:                 FrontLidarDriver/RearLidarDriver -> ObjectCollisionEstimator
  hot path latency:         66.5052ms [min=53.6691ms, max=90.3586ms, average=62.9945ms, deviation=7.9729ms]
  hot path drops:           0 [min=0, max=0, average=0, deviation=0]
  behavior planner period:  100.007ms [min=99.9882ms, max=100.018ms, average=100.002ms, deviation=0.00681626ms]
----------------------------------------------------------

----------------------------------------------------------
sample path: (IntersectionOutput) 
  order timepoint           sequence nr.                  node name     dropped samples
latency

Statistics:
  latency:                  56.1867ms [min=9.24827ms, max=74.432ms, average=36.7311ms, deviation=15.0285ms]
----------------------------------------------------------

----------------------------------------------------------
sample path: (IntersectionOutput) 
  order timepoint           sequence nr.                  node name     dropped samples
latency

Statistics:
  latency:                  56.1106ms [min=9.24827ms, max=74.432ms, average=36.8486ms, deviation=15.0583ms]
----------------------------------------------------------

----------------------------------------------------------
sample path: (IntersectionOutput) 
  order timepoint           sequence nr.                  node name     dropped samples
latency

Statistics:
  latency:                  28.2348ms [min=9.24827ms, max=74.432ms, average=36.7967ms, deviation=15.0275ms]
----------------------------------------------------------

----------------------------------------------------------
sample path: (VehicleDBWSystem) 
  order timepoint           sequence nr.                  node name     dropped samples
bp period
latency

Statistics:
  latency:                  204.222ms [min=137.62ms, max=338.691ms, average=214.84ms, deviation=49.9267ms]
hotpath
  hot path:                 FrontLidarDriver/RearLidarDriver -> ObjectCollisionEstimator
  hot path latency:         62.5975ms [min=53.6691ms, max=90.3586ms, average=62.9857ms, deviation=7.882ms]
  hot path drops:           0 [min=0, max=0, average=0, deviation=0]
  behavior planner period:  100.008ms [min=99.9882ms, max=100.018ms, average=100.002ms, deviation=0.0067926ms]
----------------------------------------------------------

----------------------------------------------------------
sample path: (IntersectionOutput) 
  order timepoint           sequence nr.                  node name     dropped samples
latency

Statistics:
  latency:                  46.9863ms [min=9.24827ms, max=74.432ms, average=36.8577ms, deviation=15.0029ms]
----------------------------------------------------------

----------------------------------------------------------
sample path: (IntersectionOutput) 
  order timepoint           sequence nr.                  node name     dropped samples
latency

Statistics:
  latency:                  57.5485ms [min=9.24827ms, max=74.432ms, average=36.9809ms, deviation=15.0429ms]
----------------------------------------------------------

