FrontLidarDriver
RearLidarDriver
PointCloudMap
Visualizer
Lanelet2Map
EuclideanClusterSettings
PointsTransformerFront
PointsTransformerRear
VoxelGridDownsampler
PointCloudMapLoader
RayGroundFilter
ObjectCollisionEstimator
MPCController
ParkingPlanner
LanePlanner
PointCloudFusion
NDTLocalizer
VehicleInterface
Lanelet2GlobalPlanner
Lanelet2MapLoader
BehaviorPlanner
EuclideanClusterDetector
VehicleDBWSystem
IntersectionOutput
EuclideanClusterDetector
ObjectCollisionEstimator
PointCloudFusion
RayGroundFilter
----------------------------------------------------------
sample path: (IntersectionOutput) 
  order timepoint           sequence nr.                  node name     dropped samples
latency

Statistics:
  latency:                  38.4893ms [min=38.4893ms, max=38.4893ms, average=38.4893ms, deviation=-nanms]
----------------------------------------------------------

----------------------------------------------------------
sample path: (IntersectionOutput) 
  order timepoint           sequence nr.                  node name     dropped samples
latency

Statistics:
  latency:                  28.0885ms [min=28.0885ms, max=38.4893ms, average=33.2889ms, deviation=7.3545ms]
----------------------------------------------------------

----------------------------------------------------------
sample path: (IntersectionOutput) 
  order timepoint           sequence nr.                  node name     dropped samples
latency

Statistics:
  latency:                  55.852ms [min=28.0885ms, max=55.852ms, average=40.8099ms, deviation=14.0265ms]
----------------------------------------------------------

----------------------------------------------------------
sample path: (VehicleDBWSystem) 
  order timepoint           sequence nr.                  node name     dropped samples
latency

Statistics:
  latency:                  159.748ms [min=159.748ms, max=159.748ms, average=159.748ms, deviation=-nanms]
hotpath
  hot path:                 FrontLidarDriver/RearLidarDriver -> ObjectCollisionEstimator
  hot path latency:         61.3036ms [min=61.3036ms, max=61.3036ms, average=61.3036ms, deviation=-nanms]
  hot path drops:           0 [min=0, max=0, average=0, deviation=-nan]
  behavior planner period:  0ms [min=1.84467e+13ms, max=0ms, average=0ms, deviation=0ms]
----------------------------------------------------------

----------------------------------------------------------
sample path: (IntersectionOutput) 
  order timepoint           sequence nr.                  node name     dropped samples
latency

Statistics:
  latency:                  27.918ms [min=27.918ms, max=55.852ms, average=37.5869ms, deviation=13.142ms]
----------------------------------------------------------

----------------------------------------------------------
sample path: (IntersectionOutput) 
  order timepoint           sequence nr.                  node name     dropped samples
latency

Statistics:
  latency:                  10.3196ms [min=10.3196ms, max=55.852ms, average=32.1335ms, deviation=16.6804ms]
----------------------------------------------------------

----------------------------------------------------------
sample path: (IntersectionOutput) 
  order timepoint           sequence nr.                  node name     dropped samples
latency

Statistics:
  latency:                  65.0568ms [min=10.3196ms, max=65.0568ms, average=37.6207ms, deviation=20.081ms]
----------------------------------------------------------

----------------------------------------------------------
sample path: (IntersectionOutput) 
  order timepoint           sequence nr.                  node name     dropped samples
latency

Statistics:
  latency:                  56.169ms [min=10.3196ms, max=65.0568ms, average=40.2705ms, deviation=19.6262ms]
----------------------------------------------------------

----------------------------------------------------------
sample path: (VehicleDBWSystem) 
  order timepoint           sequence nr.                  node name     dropped samples
bp period
latency

Statistics:
  latency:                  243.674ms [min=159.748ms, max=243.674ms, average=201.711ms, deviation=59.345ms]
hotpath
  hot path:                 FrontLidarDriver/RearLidarDriver -> ObjectCollisionEstimator
  hot path latency:         55.9609ms [min=55.9609ms, max=61.3036ms, average=58.6323ms, deviation=3.77784ms]
  hot path drops:           0 [min=0, max=0, average=0, deviation=0]
  behavior planner period:  100.003ms [min=100.003ms, max=100.003ms, average=100.003ms, deviation=-nanms]
----------------------------------------------------------

----------------------------------------------------------
sample path: (IntersectionOutput) 
  order timepoint           sequence nr.                  node name     dropped samples
latency

Statistics:
  latency:                  19.1139ms [min=10.3196ms, max=65.0568ms, average=37.6259ms, deviation=19.6497ms]
----------------------------------------------------------

----------------------------------------------------------
sample path: (IntersectionOutput) 
  order timepoint           sequence nr.                  node name     dropped samples
latency

Statistics:
  latency:                  9.75043ms [min=9.75043ms, max=65.0568ms, average=34.5286ms, deviation=20.5957ms]
----------------------------------------------------------

----------------------------------------------------------
sample path: (IntersectionOutput) 
  order timepoint           sequence nr.                  node name     dropped samples
latency

Statistics:
  latency:                  42.1564ms [min=9.75043ms, max=65.0568ms, average=35.2914ms, deviation=19.5671ms]
----------------------------------------------------------

----------------------------------------------------------
sample path: (IntersectionOutput) 
  order timepoint           sequence nr.                  node name     dropped samples
latency

Statistics:
  latency:                  56.6258ms [min=9.75043ms, max=65.0568ms, average=37.2309ms, deviation=19.6459ms]
----------------------------------------------------------

----------------------------------------------------------
sample path: (VehicleDBWSystem) 
  order timepoint           sequence nr.                  node name     dropped samples
bp period
latency

Statistics:
  latency:                  268.119ms [min=159.748ms, max=268.119ms, average=223.847ms, deviation=56.8411ms]
hotpath
  hot path:                 FrontLidarDriver/RearLidarDriver -> ObjectCollisionEstimator
  hot path latency:         59.9027ms [min=55.9609ms, max=61.3036ms, average=59.0557ms, deviation=2.7702ms]
  hot path drops:           0 [min=0, max=0, average=0, deviation=0]
  behavior planner period:  100.003ms [min=100.003ms, max=100.003ms, average=100.003ms, deviation=0ms]
----------------------------------------------------------

----------------------------------------------------------
sample path: (IntersectionOutput) 
  order timepoint           sequence nr.                  node name     dropped samples
latency

Statistics:
  latency:                  37.4023ms [min=9.75043ms, max=65.0568ms, average=37.2452ms, deviation=18.7317ms]
----------------------------------------------------------

----------------------------------------------------------
sample path: (IntersectionOutput) 
  order timepoint           sequence nr.                  node name     dropped samples
latency

Statistics:
  latency:                  18.9089ms [min=9.75043ms, max=65.0568ms, average=35.8347ms, deviation=18.6414ms]
----------------------------------------------------------

----------------------------------------------------------
sample path: (VehicleDBWSystem) 
  order timepoint           sequence nr.                  node name     dropped samples
bp period
latency

Statistics:
  latency:                  195.513ms [min=159.748ms, max=268.119ms, average=216.763ms, deviation=48.5247ms]
hotpath
  hot path:                 FrontLidarDriver/RearLidarDriver -> ObjectCollisionEstimator
  hot path latency:         54.257ms [min=54.257ms, max=61.3036ms, average=57.856ms, deviation=3.29742ms]
  hot path drops:           0 [min=0, max=0, average=0, deviation=0]
  behavior planner period:  100.007ms [min=100.003ms, max=100.007ms, average=100.004ms, deviation=0.00271355ms]
----------------------------------------------------------

----------------------------------------------------------
sample path: (IntersectionOutput) 
  order timepoint           sequence nr.                  node name     dropped samples
latency

Statistics:
  latency:                  37.3321ms [min=9.75043ms, max=65.0568ms, average=35.9417ms, deviation=17.9145ms]
----------------------------------------------------------

----------------------------------------------------------
sample path: (IntersectionOutput) 
  order timepoint           sequence nr.                  node name     dropped samples
latency

Statistics:
  latency:                  37.3612ms [min=9.75043ms, max=65.0568ms, average=36.0363ms, deviation=17.2667ms]
----------------------------------------------------------

----------------------------------------------------------
sample path: (IntersectionOutput) 
  order timepoint           sequence nr.                  node name     dropped samples
latency

Statistics:
  latency:                  37.1461ms [min=9.75043ms, max=65.0568ms, average=36.1057ms, deviation=16.6836ms]
----------------------------------------------------------

----------------------------------------------------------
sample path: (VehicleDBWSystem) 
  order timepoint           sequence nr.                  node name     dropped samples
bp period
latency

Statistics:
  latency:                  148.867ms [min=148.867ms, max=268.119ms, average=203.184ms, deviation=51.8455ms]
hotpath
  hot path:                 FrontLidarDriver/RearLidarDriver -> ObjectCollisionEstimator
  hot path latency:         52.1184ms [min=52.1184ms, max=61.3036ms, average=56.7085ms, deviation=3.83913ms]
  hot path drops:           0 [min=0, max=0, average=0, deviation=0]
  behavior planner period:  100ms [min=100ms, max=100.007ms, average=100.003ms, deviation=0.00307571ms]
----------------------------------------------------------

----------------------------------------------------------
sample path: (IntersectionOutput) 
  order timepoint           sequence nr.                  node name     dropped samples
latency

Statistics:
  latency:                  28.7444ms [min=9.75043ms, max=65.0568ms, average=35.6726ms, deviation=16.2522ms]
----------------------------------------------------------

----------------------------------------------------------
sample path: (IntersectionOutput) 
  order timepoint           sequence nr.                  node name     dropped samples
latency

Statistics:
  latency:                  37.1728ms [min=9.75043ms, max=65.0568ms, average=35.756ms, deviation=15.7709ms]
----------------------------------------------------------

----------------------------------------------------------
sample path: (IntersectionOutput) 
  order timepoint           sequence nr.                  node name     dropped samples
latency

Statistics:
  latency:                  37.0305ms [min=9.75043ms, max=65.0568ms, average=35.8231ms, deviation=15.3293ms]
----------------------------------------------------------

----------------------------------------------------------
sample path: (VehicleDBWSystem) 
  order timepoint           sequence nr.                  node name     dropped samples
bp period
latency

Statistics:
  latency:                  148.674ms [min=148.674ms, max=268.119ms, average=194.099ms, deviation=51.4353ms]
hotpath
  hot path:                 FrontLidarDriver/RearLidarDriver -> ObjectCollisionEstimator
  hot path latency:         52.124ms [min=52.1184ms, max=61.3036ms, average=55.9444ms, deviation=3.91077ms]
  hot path drops:           0 [min=0, max=0, average=0, deviation=0]
  behavior planner period:  99.9978ms [min=99.9978ms, max=100.007ms, average=100.002ms, deviation=0.00359541ms]
----------------------------------------------------------

----------------------------------------------------------
sample path: (IntersectionOutput) 
  order timepoint           sequence nr.                  node name     dropped samples
latency

Statistics:
  latency:                  28.5517ms [min=9.75043ms, max=65.0568ms, average=35.4595ms, deviation=15.0088ms]
----------------------------------------------------------

----------------------------------------------------------
sample path: (IntersectionOutput) 
  order timepoint           sequence nr.                  node name     dropped samples
latency

Statistics:
  latency:                  37.509ms [min=9.75043ms, max=65.0568ms, average=35.5571ms, deviation=14.6356ms]
----------------------------------------------------------

----------------------------------------------------------
sample path: (IntersectionOutput) 
  order timepoint           sequence nr.                  node name     dropped samples
latency

Statistics:
  latency:                  18.6505ms [min=9.75043ms, max=65.0568ms, average=34.7886ms, deviation=14.7307ms]
----------------------------------------------------------

----------------------------------------------------------
sample path: (IntersectionOutput) 
  order timepoint           sequence nr.                  node name     dropped samples
latency

Statistics:
  latency:                  55.8534ms [min=9.75043ms, max=65.0568ms, average=35.7045ms, deviation=15.0473ms]
----------------------------------------------------------

----------------------------------------------------------
sample path: (VehicleDBWSystem) 
  order timepoint           sequence nr.                  node name     dropped samples
bp period
latency

Statistics:
  latency:                  160.832ms [min=148.674ms, max=268.119ms, average=189.347ms, deviation=48.6083ms]
hotpath
  hot path:                 FrontLidarDriver/RearLidarDriver -> ObjectCollisionEstimator
  hot path latency:         52.1424ms [min=52.1184ms, max=61.3036ms, average=55.4013ms, deviation=3.8484ms]
  hot path drops:           0 [min=0, max=0, average=0, deviation=0]
  behavior planner period:  99.9973ms [min=99.9973ms, max=100.007ms, average=100.001ms, deviation=0.0037701ms]
----------------------------------------------------------

----------------------------------------------------------
sample path: (IntersectionOutput) 
  order timepoint           sequence nr.                  node name     dropped samples
latency

Statistics:
  latency:                  27.9204ms [min=9.75043ms, max=65.0568ms, average=35.3801ms, deviation=14.8021ms]
----------------------------------------------------------

----------------------------------------------------------
sample path: (IntersectionOutput) 
  order timepoint           sequence nr.                  node name     dropped samples
latency

Statistics:
  latency:                  11.3489ms [min=9.75043ms, max=65.0568ms, average=34.4189ms, deviation=15.2667ms]
----------------------------------------------------------

----------------------------------------------------------
sample path: (IntersectionOutput) 
  order timepoint           sequence nr.                  node name     dropped samples
latency

Statistics:
  latency:                  65.0255ms [min=9.75043ms, max=65.0568ms, average=35.5961ms, deviation=16.1177ms]
----------------------------------------------------------

----------------------------------------------------------
sample path: (IntersectionOutput) 
  order timepoint           sequence nr.                  node name     dropped samples
latency

Statistics:
  latency:                  56.1545ms [min=9.75043ms, max=65.0568ms, average=36.3575ms, deviation=16.2924ms]
----------------------------------------------------------

----------------------------------------------------------
sample path: (VehicleDBWSystem) 
  order timepoint           sequence nr.                  node name     dropped samples
bp period
latency

Statistics:
  latency:                  260.609ms [min=148.674ms, max=268.119ms, average=198.254ms, deviation=51.5753ms]
hotpath
  hot path:                 FrontLidarDriver/RearLidarDriver -> ObjectCollisionEstimator
  hot path latency:         57.0052ms [min=52.1184ms, max=61.3036ms, average=55.6018ms, deviation=3.60777ms]
  hot path drops:           0 [min=0, max=0, average=0, deviation=0]
  behavior planner period:  100ms [min=99.9973ms, max=100.007ms, average=100.001ms, deviation=0.0034674ms]
----------------------------------------------------------

----------------------------------------------------------
sample path: (IntersectionOutput) 
  order timepoint           sequence nr.                  node name     dropped samples
latency

Statistics:
  latency:                  18.9699ms [min=9.75043ms, max=65.0568ms, average=35.7365ms, deviation=16.322ms]
----------------------------------------------------------

----------------------------------------------------------
sample path: (IntersectionOutput) 
  order timepoint           sequence nr.                  node name     dropped samples
latency

Statistics:
  latency:                  9.62162ms [min=9.62162ms, max=65.0568ms, average=34.836ms, deviation=16.7455ms]
----------------------------------------------------------

----------------------------------------------------------
sample path: (IntersectionOutput) 
  order timepoint           sequence nr.                  node name     dropped samples
latency

Statistics:
  latency:                  43.6692ms [min=9.62162ms, max=65.0568ms, average=35.1304ms, deviation=16.5331ms]
----------------------------------------------------------

----------------------------------------------------------
sample path: (IntersectionOutput) 
  order timepoint           sequence nr.                  node name     dropped samples
latency

Statistics:
  latency:                  56.9873ms [min=9.62162ms, max=65.0568ms, average=35.8355ms, deviation=16.7225ms]
----------------------------------------------------------

----------------------------------------------------------
sample path: (VehicleDBWSystem) 
  order timepoint           sequence nr.                  node name     dropped samples
bp period
latency

Statistics:
  latency:                  267.852ms [min=148.674ms, max=268.119ms, average=205.987ms, deviation=53.5324ms]
hotpath
  hot path:                 FrontLidarDriver/RearLidarDriver -> ObjectCollisionEstimator
  hot path latency:         59.6296ms [min=52.1184ms, max=61.3036ms, average=56.0493ms, deviation=3.63202ms]
  hot path drops:           0 [min=0, max=0, average=0, deviation=0]
  behavior planner period:  100.008ms [min=99.9973ms, max=100.008ms, average=100.002ms, deviation=0.00408447ms]
----------------------------------------------------------

----------------------------------------------------------
sample path: (IntersectionOutput) 
  order timepoint           sequence nr.                  node name     dropped samples
latency

Statistics:
  latency:                  37.242ms [min=9.62162ms, max=65.0568ms, average=35.8794ms, deviation=16.4524ms]
----------------------------------------------------------

----------------------------------------------------------
sample path: (IntersectionOutput) 
  order timepoint           sequence nr.                  node name     dropped samples
latency

Statistics:
  latency:                  18.7359ms [min=9.62162ms, max=65.0568ms, average=35.3599ms, deviation=16.466ms]
----------------------------------------------------------

----------------------------------------------------------
sample path: (IntersectionOutput) 
  order timepoint           sequence nr.                  node name     dropped samples
latency

Statistics:
  latency:                  38.5377ms [min=9.62162ms, max=65.0568ms, average=35.4534ms, deviation=16.2238ms]
----------------------------------------------------------

----------------------------------------------------------
sample path: (VehicleDBWSystem) 
  order timepoint           sequence nr.                  node name     dropped samples
bp period
latency

Statistics:
  latency:                  195.834ms [min=148.674ms, max=268.119ms, average=204.972ms, deviation=50.5728ms]
hotpath
  hot path:                 FrontLidarDriver/RearLidarDriver -> ObjectCollisionEstimator
  hot path latency:         53.6695ms [min=52.1184ms, max=61.3036ms, average=55.8113ms, deviation=3.50603ms]
  hot path drops:           0 [min=0, max=0, average=0, deviation=0]
  behavior planner period:  100.005ms [min=99.9973ms, max=100.008ms, average=100.002ms, deviation=0.00394518ms]
----------------------------------------------------------

----------------------------------------------------------
sample path: (IntersectionOutput) 
  order timepoint           sequence nr.                  node name     dropped samples
latency

Statistics:
  latency:                  47.2967ms [min=9.62162ms, max=65.0568ms, average=35.7918ms, deviation=16.1083ms]
----------------------------------------------------------

----------------------------------------------------------
sample path: (IntersectionOutput) 
  order timepoint           sequence nr.                  node name     dropped samples
latency

Statistics:
  latency:                  27.856ms [min=9.62162ms, max=65.0568ms, average=35.5713ms, deviation=15.9315ms]
----------------------------------------------------------

----------------------------------------------------------
sample path: (IntersectionOutput) 
  order timepoint           sequence nr.                  node name     dropped samples
latency

Statistics:
  latency:                  99.0286ms [min=9.62162ms, max=99.0286ms, average=37.2864ms, deviation=18.8572ms]
----------------------------------------------------------

----------------------------------------------------------
sample path: (IntersectionOutput) 
  order timepoint           sequence nr.                  node name     dropped samples
latency

Statistics:
  latency:                  70.3744ms [min=9.62162ms, max=99.0286ms, average=38.1571ms, deviation=19.3596ms]
----------------------------------------------------------

----------------------------------------------------------
sample path: (VehicleDBWSystem) 
  order timepoint           sequence nr.                  node name     dropped samples
bp period
latency

Statistics:
  latency:                  255.67ms [min=148.674ms, max=268.119ms, average=209.581ms, deviation=50.3538ms]
hotpath
  hot path:                 FrontLidarDriver/RearLidarDriver -> ObjectCollisionEstimator
  hot path latency:         61.3885ms [min=52.1184ms, max=61.3885ms, average=56.3183ms, deviation=3.72702ms]
  hot path drops:           0 [min=0, max=0, average=0, deviation=0]
  behavior planner period:  106.931ms [min=99.9973ms, max=106.931ms, average=100.695ms, deviation=2.19115ms]
----------------------------------------------------------

----------------------------------------------------------
sample path: (IntersectionOutput) 
  order timepoint           sequence nr.                  node name     dropped samples
latency

Statistics:
  latency:                  70.3188ms [min=9.62162ms, max=99.0286ms, average=38.9818ms, deviation=19.7852ms]
----------------------------------------------------------

----------------------------------------------------------
sample path: (IntersectionOutput) 
  order timepoint           sequence nr.                  node name     dropped samples
latency

Statistics:
  latency:                  46.3638ms [min=9.62162ms, max=99.0286ms, average=39.1664ms, deviation=19.5647ms]
----------------------------------------------------------

----------------------------------------------------------
sample path: (VehicleDBWSystem) 
  order timepoint           sequence nr.                  node name     dropped samples
bp period
latency

Statistics:
  latency:                  263.583ms [min=148.674ms, max=268.119ms, average=214.081ms, deviation=50.478ms]
hotpath
  hot path:                 FrontLidarDriver/RearLidarDriver -> ObjectCollisionEstimator
  hot path latency:         47.7911ms [min=47.7911ms, max=61.3885ms, average=55.6077ms, deviation=4.32289ms]
  hot path drops:           0 [min=0, max=0, average=0, deviation=0]
  behavior planner period:  93.068ms [min=93.068ms, max=106.931ms, average=100.002ms, deviation=3.09995ms]
----------------------------------------------------------

----------------------------------------------------------
sample path: (IntersectionOutput) 
  order timepoint           sequence nr.                  node name     dropped samples
latency

Statistics:
  latency:                  28.0086ms [min=9.62162ms, max=99.0286ms, average=38.8942ms, deviation=19.3971ms]
----------------------------------------------------------

----------------------------------------------------------
sample path: (IntersectionOutput) 
  order timepoint           sequence nr.                  node name     dropped samples
latency

Statistics:
  latency:                  46.3377ms [min=9.62162ms, max=99.0286ms, average=39.0714ms, deviation=19.1935ms]
----------------------------------------------------------

----------------------------------------------------------
sample path: (IntersectionOutput) 
  order timepoint           sequence nr.                  node name     dropped samples
latency

Statistics:
  latency:                  65.2015ms [min=9.62162ms, max=99.0286ms, average=39.6791ms, deviation=19.3777ms]
----------------------------------------------------------

----------------------------------------------------------
sample path: (IntersectionOutput) 
  order timepoint           sequence nr.                  node name     dropped samples
latency

Statistics:
  latency:                  46.9928ms [min=9.62162ms, max=99.0286ms, average=39.8453ms, deviation=19.1828ms]
----------------------------------------------------------

----------------------------------------------------------
sample path: (VehicleDBWSystem) 
  order timepoint           sequence nr.                  node name     dropped samples
bp period
latency

Statistics:
  latency:                  210.686ms [min=148.674ms, max=268.119ms, average=213.82ms, deviation=48.3381ms]
hotpath
  hot path:                 FrontLidarDriver/RearLidarDriver -> ObjectCollisionEstimator
  hot path latency:         56.0868ms [min=47.7911ms, max=61.3885ms, average=55.6446ms, deviation=4.14098ms]
  hot path drops:           0 [min=0, max=0, average=0, deviation=0]
  behavior planner period:  99.9953ms [min=93.068ms, max=106.931ms, average=100.001ms, deviation=2.95569ms]
----------------------------------------------------------

----------------------------------------------------------
sample path: (IntersectionOutput) 
  order timepoint           sequence nr.                  node name     dropped samples
latency

Statistics:
  latency:                  28.171ms [min=9.62162ms, max=99.0286ms, average=39.5859ms, deviation=19.0432ms]
----------------------------------------------------------

----------------------------------------------------------
sample path: (IntersectionOutput) 
  order timepoint           sequence nr.                  node name     dropped samples
latency

Statistics:
  latency:                  28.036ms [min=9.62162ms, max=99.0286ms, average=39.3348ms, deviation=18.9073ms]
----------------------------------------------------------

----------------------------------------------------------
sample path: (IntersectionOutput) 
  order timepoint           sequence nr.                  node name     dropped samples
latency

Statistics:
  latency:                  46.5568ms [min=9.62162ms, max=99.0286ms, average=39.4885ms, deviation=18.7303ms]
----------------------------------------------------------

----------------------------------------------------------
sample path: (VehicleDBWSystem) 
  order timepoint           sequence nr.                  node name     dropped samples
bp period
latency

Statistics:
  latency:                  233.569ms [min=148.674ms, max=268.119ms, average=215.231ms, deviation=46.7408ms]
hotpath
  hot path:                 FrontLidarDriver/RearLidarDriver -> ObjectCollisionEstimator
  hot path latency:         54.7587ms [min=47.7911ms, max=61.3885ms, average=55.5813ms, deviation=3.98557ms]
  hot path drops:           0 [min=0, max=0, average=0, deviation=0]
  behavior planner period:  100.005ms [min=93.068ms, max=106.931ms, average=100.002ms, deviation=2.82985ms]
----------------------------------------------------------

----------------------------------------------------------
sample path: (IntersectionOutput) 
  order timepoint           sequence nr.                  node name     dropped samples
latency

Statistics:
  latency:                  37.3513ms [min=9.62162ms, max=99.0286ms, average=39.444ms, deviation=18.5325ms]
----------------------------------------------------------

----------------------------------------------------------
sample path: (IntersectionOutput) 
  order timepoint           sequence nr.                  node name     dropped samples
latency

Statistics:
  latency:                  28.124ms [min=9.62162ms, max=99.0286ms, average=39.2129ms, deviation=18.4097ms]
----------------------------------------------------------

----------------------------------------------------------
sample path: (IntersectionOutput) 
  order timepoint           sequence nr.                  node name     dropped samples
latency

Statistics:
  latency:                  54.1604ms [min=9.62162ms, max=99.0286ms, average=39.5119ms, deviation=18.343ms]
----------------------------------------------------------

----------------------------------------------------------
sample path: (IntersectionOutput) 
  order timepoint           sequence nr.                  node name     dropped samples
latency

Statistics:
  latency:                  56.1872ms [min=9.62162ms, max=99.0286ms, average=39.8388ms, deviation=18.3082ms]
----------------------------------------------------------

----------------------------------------------------------
sample path: (VehicleDBWSystem) 
  order timepoint           sequence nr.                  node name     dropped samples
bp period
latency

Statistics:
  latency:                  269.196ms [min=148.674ms, max=269.196ms, average=218.828ms, deviation=47.1466ms]
hotpath
  hot path:                 FrontLidarDriver/RearLidarDriver -> ObjectCollisionEstimator
  hot path latency:         61.4545ms [min=47.7911ms, max=61.4545ms, average=55.9729ms, deviation=4.12913ms]
  hot path drops:           0 [min=0, max=0, average=0, deviation=0]
  behavior planner period:  99.9975ms [min=93.068ms, max=106.931ms, average=100.001ms, deviation=2.71884ms]
----------------------------------------------------------

----------------------------------------------------------
sample path: (IntersectionOutput) 
  order timepoint           sequence nr.                  node name     dropped samples
latency

Statistics:
  latency:                  46.4064ms [min=9.62162ms, max=99.0286ms, average=39.9651ms, deviation=18.1507ms]
----------------------------------------------------------

----------------------------------------------------------
sample path: (IntersectionOutput) 
  order timepoint           sequence nr.                  node name     dropped samples
latency

Statistics:
  latency:                  18.7529ms [min=9.62162ms, max=99.0286ms, average=39.5649ms, deviation=18.2099ms]
----------------------------------------------------------

----------------------------------------------------------
sample path: (IntersectionOutput) 
  order timepoint           sequence nr.                  node name     dropped samples
latency

Statistics:
  latency:                  39.8405ms [min=9.62162ms, max=99.0286ms, average=39.57ms, deviation=18.0374ms]
----------------------------------------------------------

----------------------------------------------------------
sample path: (VehicleDBWSystem) 
  order timepoint           sequence nr.                  node name     dropped samples
bp period
latency

Statistics:
  latency:                  205.805ms [min=148.674ms, max=269.196ms, average=218.014ms, deviation=45.6641ms]
hotpath
  hot path:                 FrontLidarDriver/RearLidarDriver -> ObjectCollisionEstimator
  hot path latency:         69.5428ms [min=47.7911ms, max=69.5428ms, average=56.821ms, deviation=5.23661ms]
  hot path drops:           0 [min=0, max=0, average=0, deviation=0]
  behavior planner period:  100.009ms [min=93.068ms, max=106.931ms, average=100.002ms, deviation=2.61994ms]
----------------------------------------------------------

----------------------------------------------------------
sample path: (IntersectionOutput) 
  order timepoint           sequence nr.                  node name     dropped samples
latency

Statistics:
  latency:                  28.6496ms [min=9.62162ms, max=99.0286ms, average=39.3715ms, deviation=17.9301ms]
----------------------------------------------------------

----------------------------------------------------------
sample path: (IntersectionOutput) 
  order timepoint           sequence nr.                  node name     dropped samples
latency

Statistics:
  latency:                  37.0689ms [min=9.62162ms, max=99.0286ms, average=39.3304ms, deviation=17.769ms]
----------------------------------------------------------

----------------------------------------------------------
sample path: (IntersectionOutput) 
  order timepoint           sequence nr.                  node name     dropped samples
latency

Statistics:
  latency:                  37.1887ms [min=9.62162ms, max=99.0286ms, average=39.2928ms, deviation=17.612ms]
----------------------------------------------------------

----------------------------------------------------------
sample path: (VehicleDBWSystem) 
  order timepoint           sequence nr.                  node name     dropped samples
bp period
latency

Statistics:
  latency:                  195.458ms [min=148.674ms, max=269.196ms, average=216.687ms, deviation=44.5513ms]
hotpath
  hot path:                 FrontLidarDriver/RearLidarDriver -> ObjectCollisionEstimator
  hot path latency:         70.2419ms [min=47.7911ms, max=70.2419ms, average=57.6104ms, deviation=6.02524ms]
  hot path drops:           0 [min=0, max=0, average=0, deviation=0]
  behavior planner period:  99.9998ms [min=93.068ms, max=106.931ms, average=100.002ms, deviation=2.5311ms]
----------------------------------------------------------

----------------------------------------------------------
sample path: (IntersectionOutput) 
  order timepoint           sequence nr.                  node name     dropped samples
latency

Statistics:
  latency:                  28.535ms [min=9.62162ms, max=99.0286ms, average=39.1073ms, deviation=17.5138ms]
----------------------------------------------------------

----------------------------------------------------------
sample path: (IntersectionOutput) 
  order timepoint           sequence nr.                  node name     dropped samples
latency

Statistics:
  latency:                  37.3105ms [min=9.62162ms, max=99.0286ms, average=39.0768ms, deviation=17.3638ms]
----------------------------------------------------------

----------------------------------------------------------
sample path: (IntersectionOutput) 
  order timepoint           sequence nr.                  node name     dropped samples
latency

Statistics:
  latency:                  37.1492ms [min=9.62162ms, max=99.0286ms, average=39.0447ms, deviation=17.2178ms]
----------------------------------------------------------

----------------------------------------------------------
sample path: (VehicleDBWSystem) 
  order timepoint           sequence nr.                  node name     dropped samples
bp period
latency

Statistics:
  latency:                  148.646ms [min=148.646ms, max=269.196ms, average=212.907ms, deviation=46.1006ms]
hotpath
  hot path:                 FrontLidarDriver/RearLidarDriver -> ObjectCollisionEstimator
  hot path latency:         52.0956ms [min=47.7911ms, max=70.2419ms, average=57.3041ms, deviation=5.98813ms]
  hot path drops:           0 [min=0, max=0, average=0, deviation=0]
  behavior planner period:  99.9994ms [min=93.068ms, max=106.931ms, average=100.002ms, deviation=2.45073ms]
----------------------------------------------------------

----------------------------------------------------------
sample path: (IntersectionOutput) 
  order timepoint           sequence nr.                  node name     dropped samples
latency

Statistics:
  latency:                  28.5443ms [min=9.62162ms, max=99.0286ms, average=38.8726ms, deviation=17.1266ms]
----------------------------------------------------------

----------------------------------------------------------
sample path: (IntersectionOutput) 
  order timepoint           sequence nr.                  node name     dropped samples
latency

Statistics:
  latency:                  36.4105ms [min=9.62162ms, max=99.0286ms, average=38.8329ms, deviation=16.9885ms]
----------------------------------------------------------

----------------------------------------------------------
sample path: (IntersectionOutput) 
  order timepoint           sequence nr.                  node name     dropped samples
latency

Statistics:
  latency:                  18.6169ms [min=9.62162ms, max=99.0286ms, average=38.512ms, deviation=17.0423ms]
----------------------------------------------------------

----------------------------------------------------------
sample path: (IntersectionOutput) 
  order timepoint           sequence nr.                  node name     dropped samples
latency

Statistics:
  latency:                  55.6357ms [min=9.62162ms, max=99.0286ms, average=38.7795ms, deviation=17.0415ms]
----------------------------------------------------------

----------------------------------------------------------
sample path: (VehicleDBWSystem) 
  order timepoint           sequence nr.                  node name     dropped samples
bp period
latency

Statistics:
  latency:                  159.482ms [min=148.646ms, max=269.196ms, average=210.096ms, deviation=46.448ms]
hotpath
  hot path:                 FrontLidarDriver/RearLidarDriver -> ObjectCollisionEstimator
  hot path latency:         53.4696ms [min=47.7911ms, max=70.2419ms, average=57.1022ms, deviation=5.88553ms]
  hot path drops:           0 [min=0, max=0, average=0, deviation=0]
  behavior planner period:  99.9955ms [min=93.068ms, max=106.931ms, average=100.001ms, deviation=2.37755ms]
----------------------------------------------------------

----------------------------------------------------------
sample path: (IntersectionOutput) 
  order timepoint           sequence nr.                  node name     dropped samples
latency

Statistics:
  latency:                  28.1043ms [min=9.62162ms, max=99.0286ms, average=38.6153ms, deviation=16.9596ms]
----------------------------------------------------------

----------------------------------------------------------
sample path: (IntersectionOutput) 
  order timepoint           sequence nr.                  node name     dropped samples
latency

Statistics:
  latency:                  10.1368ms [min=9.62162ms, max=99.0286ms, average=38.1838ms, deviation=17.1898ms]
----------------------------------------------------------

----------------------------------------------------------
sample path: (IntersectionOutput) 
  order timepoint           sequence nr.                  node name     dropped samples
latency

Statistics:
  latency:                  65.0211ms [min=9.62162ms, max=99.0286ms, average=38.5844ms, deviation=17.3713ms]
----------------------------------------------------------

----------------------------------------------------------
sample path: (IntersectionOutput) 
  order timepoint           sequence nr.                  node name     dropped samples
latency

Statistics:
  latency:                  56.1764ms [min=9.62162ms, max=99.0286ms, average=38.8431ms, deviation=17.3727ms]
----------------------------------------------------------

----------------------------------------------------------
sample path: (VehicleDBWSystem) 
  order timepoint           sequence nr.                  node name     dropped samples
bp period
latency

Statistics:
  latency:                  260.115ms [min=148.646ms, max=269.196ms, average=212.597ms, deviation=46.5721ms]
hotpath
  hot path:                 FrontLidarDriver/RearLidarDriver -> ObjectCollisionEstimator
  hot path latency:         55.8628ms [min=47.7911ms, max=70.2419ms, average=57.0403ms, deviation=5.73525ms]
  hot path drops:           0 [min=0, max=0, average=0, deviation=0]
  behavior planner period:  100ms [min=93.068ms, max=106.931ms, average=100.001ms, deviation=2.31057ms]
----------------------------------------------------------

----------------------------------------------------------
sample path: (IntersectionOutput) 
  order timepoint           sequence nr.                  node name     dropped samples
latency

Statistics:
  latency:                  19.4391ms [min=9.62162ms, max=99.0286ms, average=38.5619ms, deviation=17.402ms]
----------------------------------------------------------

----------------------------------------------------------
sample path: (IntersectionOutput) 
  order timepoint           sequence nr.                  node name     dropped samples
latency

Statistics:
  latency:                  10.1534ms [min=9.62162ms, max=99.0286ms, average=38.156ms, deviation=17.606ms]
----------------------------------------------------------

----------------------------------------------------------
sample path: (IntersectionOutput) 
  order timepoint           sequence nr.                  node name     dropped samples
latency

Statistics:
  latency:                  43.2626ms [min=9.62162ms, max=99.0286ms, average=38.2279ms, deviation=17.4902ms]
----------------------------------------------------------

----------------------------------------------------------
sample path: (IntersectionOutput) 
  order timepoint           sequence nr.                  node name     dropped samples
latency

Statistics:
  latency:                  56.421ms [min=9.62162ms, max=99.0286ms, average=38.4806ms, deviation=17.4985ms]
----------------------------------------------------------

----------------------------------------------------------
sample path: (VehicleDBWSystem) 
  order timepoint           sequence nr.                  node name     dropped samples
bp period
latency

Statistics:
  latency:                  268.886ms [min=148.646ms, max=269.196ms, average=215.277ms, deviation=47.0255ms]
hotpath
  hot path:                 FrontLidarDriver/RearLidarDriver -> ObjectCollisionEstimator
  hot path latency:         59.0128ms [min=47.7911ms, max=70.2419ms, average=57.1342ms, deviation=5.60658ms]
  hot path drops:           0 [min=0, max=0, average=0, deviation=0]
  behavior planner period:  100.005ms [min=93.068ms, max=106.931ms, average=100.001ms, deviation=2.24894ms]
----------------------------------------------------------

----------------------------------------------------------
sample path: (IntersectionOutput) 
  order timepoint           sequence nr.                  node name     dropped samples
latency

Statistics:
  latency:                  37.2629ms [min=9.62162ms, max=99.0286ms, average=38.4639ms, deviation=17.3771ms]
----------------------------------------------------------

----------------------------------------------------------
sample path: (IntersectionOutput) 
  order timepoint           sequence nr.                  node name     dropped samples
latency

Statistics:
  latency:                  18.7868ms [min=9.62162ms, max=99.0286ms, average=38.198ms, deviation=17.4086ms]
----------------------------------------------------------

----------------------------------------------------------
sample path: (VehicleDBWSystem) 
  order timepoint           sequence nr.                  node name     dropped samples
bp period
latency

Statistics:
  latency:                  196.09ms [min=148.646ms, max=269.196ms, average=214.405ms, deviation=46.0741ms]
hotpath
  hot path:                 FrontLidarDriver/RearLidarDriver -> ObjectCollisionEstimator
  hot path latency:         53.5861ms [min=47.7911ms, max=70.2419ms, average=56.9729ms, deviation=5.52351ms]
  hot path drops:           0 [min=0, max=0, average=0, deviation=0]
  behavior planner period:  100.011ms [min=93.068ms, max=106.931ms, average=100.002ms, deviation=2.192ms]
----------------------------------------------------------

----------------------------------------------------------
sample path: (IntersectionOutput) 
  order timepoint           sequence nr.                  node name     dropped samples
latency

Statistics:
  latency:                  37.7897ms [min=9.62162ms, max=99.0286ms, average=38.1926ms, deviation=17.2907ms]
----------------------------------------------------------

----------------------------------------------------------
sample path: (IntersectionOutput) 
  order timepoint           sequence nr.                  node name     dropped samples
latency

Statistics:
  latency:                  37.2701ms [min=9.62162ms, max=99.0286ms, average=38.1805ms, deviation=17.1753ms]
----------------------------------------------------------

----------------------------------------------------------
sample path: (IntersectionOutput) 
  order timepoint           sequence nr.                  node name     dropped samples
latency

Statistics:
  latency:                  37.0978ms [min=9.62162ms, max=99.0286ms, average=38.1664ms, deviation=17.0624ms]
----------------------------------------------------------

----------------------------------------------------------
sample path: (VehicleDBWSystem) 
  order timepoint           sequence nr.                  node name     dropped samples
bp period
latency

Statistics:
  latency:                  149.25ms [min=148.646ms, max=269.196ms, average=211.572ms, deviation=47.0203ms]
hotpath
  hot path:                 FrontLidarDriver/RearLidarDriver -> ObjectCollisionEstimator
  hot path latency:         52.1805ms [min=47.7911ms, max=70.2419ms, average=56.7646ms, deviation=5.48826ms]
  hot path drops:           0 [min=0, max=0, average=0, deviation=0]
  behavior planner period:  99.9981ms [min=93.068ms, max=106.931ms, average=100.002ms, deviation=2.13917ms]
----------------------------------------------------------

----------------------------------------------------------
sample path: (IntersectionOutput) 
  order timepoint           sequence nr.                  node name     dropped samples
latency

Statistics:
  latency:                  29.1496ms [min=9.62162ms, max=99.0286ms, average=38.0508ms, deviation=16.982ms]
----------------------------------------------------------

----------------------------------------------------------
sample path: (IntersectionOutput) 
  order timepoint           sequence nr.                  node name     dropped samples
latency

Statistics:
  latency:                  37.4154ms [min=9.62162ms, max=99.0286ms, average=38.0428ms, deviation=16.8729ms]
----------------------------------------------------------

----------------------------------------------------------
sample path: (IntersectionOutput) 
  order timepoint           sequence nr.                  node name     dropped samples
latency

Statistics:
  latency:                  37.2244ms [min=9.62162ms, max=99.0286ms, average=38.0325ms, deviation=16.766ms]
----------------------------------------------------------

----------------------------------------------------------
sample path: (IntersectionOutput) 
  order timepoint           sequence nr.                  node name     dropped samples
latency

Statistics:
  latency:                  34.2585ms [min=9.62162ms, max=99.0286ms, average=37.9859ms, deviation=16.6662ms]
----------------------------------------------------------

----------------------------------------------------------
sample path: (VehicleDBWSystem) 
  order timepoint           sequence nr.                  node name     dropped samples
bp period
latency

Statistics:
  latency:                  148.95ms [min=148.646ms, max=269.196ms, average=208.963ms, deviation=47.7302ms]
hotpath
  hot path:                 FrontLidarDriver/RearLidarDriver -> ObjectCollisionEstimator
  hot path latency:         52.2567ms [min=47.7911ms, max=70.2419ms, average=56.5767ms, deviation=5.44592ms]
  hot path drops:           0 [min=0, max=0, average=0, deviation=0]
  behavior planner period:  99.9992ms [min=93.068ms, max=106.931ms, average=100.002ms, deviation=2.08999ms]
----------------------------------------------------------

----------------------------------------------------------
sample path: (IntersectionOutput) 
  order timepoint           sequence nr.                  node name     dropped samples
latency

Statistics:
  latency:                  30.6906ms [min=9.62162ms, max=99.0286ms, average=37.897ms, deviation=16.5826ms]
----------------------------------------------------------

----------------------------------------------------------
sample path: (IntersectionOutput) 
  order timepoint           sequence nr.                  node name     dropped samples
latency

Statistics:
  latency:                  35.9621ms [min=9.62162ms, max=99.0286ms, average=37.8736ms, deviation=16.4825ms]
----------------------------------------------------------

----------------------------------------------------------
sample path: (IntersectionOutput) 
  order timepoint           sequence nr.                  node name     dropped samples
latency

Statistics:
  latency:                  28.0351ms [min=9.62162ms, max=99.0286ms, average=37.7565ms, deviation=16.4181ms]
----------------------------------------------------------

----------------------------------------------------------
sample path: (IntersectionOutput) 
  order timepoint           sequence nr.                  node name     dropped samples
latency

Statistics:
  latency:                  55.9326ms [min=9.62162ms, max=99.0286ms, average=37.9704ms, deviation=16.4387ms]
----------------------------------------------------------

----------------------------------------------------------
sample path: (VehicleDBWSystem) 
  order timepoint           sequence nr.                  node name     dropped samples
bp period
latency

Statistics:
  latency:                  159.811ms [min=148.646ms, max=269.196ms, average=206.997ms, deviation=47.7482ms]
hotpath
  hot path:                 FrontLidarDriver/RearLidarDriver -> ObjectCollisionEstimator
  hot path latency:         71.9736ms [min=47.7911ms, max=71.9736ms, average=57.1926ms, deviation=6.15669ms]
  hot path drops:           0 [min=0, max=0, average=0, deviation=0]
  behavior planner period:  99.9963ms [min=93.068ms, max=106.931ms, average=100.001ms, deviation=2.04405ms]
----------------------------------------------------------

----------------------------------------------------------
sample path: (IntersectionOutput) 
  order timepoint           sequence nr.                  node name     dropped samples
latency

Statistics:
  latency:                  28.2585ms [min=9.62162ms, max=99.0286ms, average=37.8574ms, deviation=16.3752ms]
----------------------------------------------------------

----------------------------------------------------------
sample path: (IntersectionOutput) 
  order timepoint           sequence nr.                  node name     dropped samples
latency

Statistics:
  latency:                  10.4561ms [min=9.62162ms, max=99.0286ms, average=37.5425ms, deviation=16.5427ms]
----------------------------------------------------------

----------------------------------------------------------
sample path: (IntersectionOutput) 
  order timepoint           sequence nr.                  node name     dropped samples
latency

Statistics:
  latency:                  74.228ms [min=9.62162ms, max=99.0286ms, average=37.9594ms, deviation=16.9059ms]
----------------------------------------------------------

----------------------------------------------------------
sample path: (IntersectionOutput) 
  order timepoint           sequence nr.                  node name     dropped samples
latency

Statistics:
  latency:                  56.2201ms [min=9.62162ms, max=99.0286ms, average=38.1645ms, deviation=16.9206ms]
----------------------------------------------------------

----------------------------------------------------------
sample path: (VehicleDBWSystem) 
  order timepoint           sequence nr.                  node name     dropped samples
bp period
latency

Statistics:
  latency:                  261.692ms [min=148.646ms, max=269.196ms, average=209.1ms, deviation=47.9974ms]
hotpath
  hot path:                 FrontLidarDriver/RearLidarDriver -> ObjectCollisionEstimator
  hot path latency:         55.8912ms [min=47.7911ms, max=71.9736ms, average=57.1426ms, deviation=6.0377ms]
  hot path drops:           0 [min=0, max=0, average=0, deviation=0]
  behavior planner period:  99.9987ms [min=93.068ms, max=106.931ms, average=100.001ms, deviation=2.00101ms]
----------------------------------------------------------

----------------------------------------------------------
sample path: (IntersectionOutput) 
  order timepoint           sequence nr.                  node name     dropped samples
latency

Statistics:
  latency:                  9.51212ms [min=9.51212ms, max=99.0286ms, average=37.8462ms, deviation=17.0942ms]
----------------------------------------------------------

----------------------------------------------------------
sample path: (IntersectionOutput) 
  order timepoint           sequence nr.                  node name     dropped samples
latency

Statistics:
  latency:                  43.1832ms [min=9.51212ms, max=99.0286ms, average=37.9048ms, deviation=17.0082ms]
----------------------------------------------------------

----------------------------------------------------------
sample path: (IntersectionOutput) 
  order timepoint           sequence nr.                  node name     dropped samples
latency

Statistics:
  latency:                  56.7291ms [min=9.51212ms, max=99.0286ms, average=38.1094ms, deviation=17.028ms]
----------------------------------------------------------

----------------------------------------------------------
sample path: (VehicleDBWSystem) 
  order timepoint           sequence nr.                  node name     dropped samples
bp period
latency

Statistics:
  latency:                  268.915ms [min=148.646ms, max=269.196ms, average=211.316ms, deviation=48.4526ms]
hotpath
  hot path:                 FrontLidarDriver/RearLidarDriver -> ObjectCollisionEstimator
  hot path latency:         57.8013ms [min=47.7911ms, max=71.9736ms, average=57.167ms, deviation=5.92181ms]
  hot path drops:           0 [min=0, max=0, average=0, deviation=0]
  behavior planner period:  100.005ms [min=93.068ms, max=106.931ms, average=100.001ms, deviation=1.96058ms]
----------------------------------------------------------

----------------------------------------------------------
sample path: (IntersectionOutput) 
  order timepoint           sequence nr.                  node name     dropped samples
latency

Statistics:
  latency:                  37.1714ms [min=9.51212ms, max=99.0286ms, average=38.0993ms, deviation=16.9354ms]
----------------------------------------------------------

----------------------------------------------------------
sample path: (IntersectionOutput) 
  order timepoint           sequence nr.                  node name     dropped samples
latency

Statistics:
  latency:                  18.6923ms [min=9.51212ms, max=99.0286ms, average=37.8929ms, deviation=16.9627ms]
----------------------------------------------------------

----------------------------------------------------------
sample path: (VehicleDBWSystem) 
  order timepoint           sequence nr.                  node name     dropped samples
bp period
latency

Statistics:
  latency:                  224.263ms [min=148.646ms, max=269.196ms, average=211.778ms, deviation=47.6098ms]
hotpath
  hot path:                 FrontLidarDriver/RearLidarDriver -> ObjectCollisionEstimator
  hot path latency:         53.6521ms [min=47.7911ms, max=71.9736ms, average=57.0414ms, deviation=5.84895ms]
  hot path drops:           0 [min=0, max=0, average=0, deviation=0]
  behavior planner period:  100.01ms [min=93.068ms, max=106.931ms, average=100.002ms, deviation=1.92251ms]
----------------------------------------------------------

----------------------------------------------------------
sample path: (IntersectionOutput) 
  order timepoint           sequence nr.                  node name     dropped samples
latency

Statistics:
  latency:                  37.8717ms [min=9.51212ms, max=99.0286ms, average=37.8927ms, deviation=16.8722ms]
----------------------------------------------------------

----------------------------------------------------------
sample path: (IntersectionOutput) 
  order timepoint           sequence nr.                  node name     dropped samples
latency

Statistics:
  latency:                  37.277ms [min=9.51212ms, max=99.0286ms, average=37.8863ms, deviation=16.7833ms]
----------------------------------------------------------

----------------------------------------------------------
sample path: (IntersectionOutput) 
  order timepoint           sequence nr.                  node name     dropped samples
latency

Statistics:
  latency:                  37.0992ms [min=9.51212ms, max=99.0286ms, average=37.8781ms, deviation=16.6958ms]
----------------------------------------------------------

----------------------------------------------------------
sample path: (VehicleDBWSystem) 
  order timepoint           sequence nr.                  node name     dropped samples
bp period
latency

Statistics:
  latency:                  149.033ms [min=148.646ms, max=269.196ms, average=209.615ms, deviation=48.1819ms]
hotpath
  hot path:                 FrontLidarDriver/RearLidarDriver -> ObjectCollisionEstimator
  hot path latency:         52.1938ms [min=47.7911ms, max=71.9736ms, average=56.8743ms, deviation=5.81367ms]
  hot path drops:           0 [min=0, max=0, average=0, deviation=0]
  behavior planner period:  100.002ms [min=93.068ms, max=106.931ms, average=100.002ms, deviation=1.88657ms]
----------------------------------------------------------

----------------------------------------------------------
sample path: (IntersectionOutput) 
  order timepoint           sequence nr.                  node name     dropped samples
latency

Statistics:
  latency:                  28.9358ms [min=9.51212ms, max=99.0286ms, average=37.7869ms, deviation=16.6341ms]
----------------------------------------------------------

----------------------------------------------------------
sample path: (IntersectionOutput) 
  order timepoint           sequence nr.                  node name     dropped samples
latency

Statistics:
  latency:                  37.5054ms [min=9.51212ms, max=99.0286ms, average=37.784ms, deviation=16.549ms]
----------------------------------------------------------

----------------------------------------------------------
sample path: (IntersectionOutput) 
  order timepoint           sequence nr.                  node name     dropped samples
latency

Statistics:
  latency:                  37.251ms [min=9.51212ms, max=99.0286ms, average=37.7787ms, deviation=16.4653ms]
----------------------------------------------------------

----------------------------------------------------------
sample path: (VehicleDBWSystem) 
  order timepoint           sequence nr.                  node name     dropped samples
bp period
latency

Statistics:
  latency:                  148.81ms [min=148.646ms, max=269.196ms, average=207.588ms, deviation=48.6281ms]
hotpath
  hot path:                 FrontLidarDriver/RearLidarDriver -> ObjectCollisionEstimator
  hot path latency:         52.3867ms [min=47.7911ms, max=71.9736ms, average=56.7247ms, deviation=5.77101ms]
  hot path drops:           0 [min=0, max=0, average=0, deviation=0]
  behavior planner period:  99.9951ms [min=93.068ms, max=106.931ms, average=100.002ms, deviation=1.85258ms]
----------------------------------------------------------

----------------------------------------------------------
sample path: (IntersectionOutput) 
  order timepoint           sequence nr.                  node name     dropped samples
latency

Statistics:
  latency:                  28.7142ms [min=9.51212ms, max=99.0286ms, average=37.689ms, deviation=16.4076ms]
----------------------------------------------------------

----------------------------------------------------------
sample path: (IntersectionOutput) 
  order timepoint           sequence nr.                  node name     dropped samples
latency

Statistics:
  latency:                  37.0966ms [min=9.51212ms, max=99.0286ms, average=37.6832ms, deviation=16.3263ms]
----------------------------------------------------------

----------------------------------------------------------
sample path: (IntersectionOutput) 
  order timepoint           sequence nr.                  node name     dropped samples
latency

Statistics:
  latency:                  19.1387ms [min=9.51212ms, max=99.0286ms, average=37.5031ms, deviation=16.3485ms]
----------------------------------------------------------

----------------------------------------------------------
sample path: (IntersectionOutput) 
  order timepoint           sequence nr.                  node name     dropped samples
latency

Statistics:
  latency:                  46.4536ms [min=9.51212ms, max=99.0286ms, average=37.5892ms, deviation=16.2926ms]
----------------------------------------------------------

----------------------------------------------------------
sample path: (VehicleDBWSystem) 
  order timepoint           sequence nr.                  node name     dropped samples
bp period
latency

Statistics:
  latency:                  160.348ms [min=148.646ms, max=269.196ms, average=206.064ms, deviation=48.5577ms]
hotpath
  hot path:                 FrontLidarDriver/RearLidarDriver -> ObjectCollisionEstimator
  hot path latency:         52.3363ms [min=47.7911ms, max=71.9736ms, average=56.5831ms, deviation=5.7285ms]
  hot path drops:           0 [min=0, max=0, average=0, deviation=0]
  behavior planner period:  100.001ms [min=93.068ms, max=106.931ms, average=100.001ms, deviation=1.82036ms]
----------------------------------------------------------

----------------------------------------------------------
sample path: (IntersectionOutput) 
  order timepoint           sequence nr.                  node name     dropped samples
latency

Statistics:
  latency:                  28.0881ms [min=9.51212ms, max=99.0286ms, average=37.4987ms, deviation=16.2405ms]
----------------------------------------------------------

----------------------------------------------------------
sample path: (IntersectionOutput) 
  order timepoint           sequence nr.                  node name     dropped samples
latency

Statistics:
  latency:                  11.1853ms [min=9.51212ms, max=99.0286ms, average=37.2505ms, deviation=16.3638ms]
----------------------------------------------------------

----------------------------------------------------------
sample path: (IntersectionOutput) 
  order timepoint           sequence nr.                  node name     dropped samples
latency

Statistics:
  latency:                  74.1061ms [min=9.51212ms, max=99.0286ms, average=37.5949ms, deviation=16.6716ms]
----------------------------------------------------------

----------------------------------------------------------
sample path: (IntersectionOutput) 
  order timepoint           sequence nr.                  node name     dropped samples
latency

Statistics:
  latency:                  56.0803ms [min=9.51212ms, max=99.0286ms, average=37.7661ms, deviation=16.6886ms]
----------------------------------------------------------

----------------------------------------------------------
sample path: (VehicleDBWSystem) 
  order timepoint           sequence nr.                  node name     dropped samples
bp period
latency

Statistics:
  latency:                  259.913ms [min=148.646ms, max=269.196ms, average=207.747ms, deviation=48.7074ms]
hotpath
  hot path:                 FrontLidarDriver/RearLidarDriver -> ObjectCollisionEstimator
  hot path latency:         56.7341ms [min=47.7911ms, max=71.9736ms, average=56.5878ms, deviation=5.63541ms]
  hot path drops:           0 [min=0, max=0, average=0, deviation=0]
  behavior planner period:  99.9948ms [min=93.068ms, max=106.931ms, average=100.001ms, deviation=1.78976ms]
----------------------------------------------------------

----------------------------------------------------------
sample path: (IntersectionOutput) 
  order timepoint           sequence nr.                  node name     dropped samples
latency

Statistics:
  latency:                  9.46302ms [min=9.46302ms, max=99.0286ms, average=37.5064ms, deviation=16.8309ms]
----------------------------------------------------------

----------------------------------------------------------
sample path: (IntersectionOutput) 
  order timepoint           sequence nr.                  node name     dropped samples
latency

Statistics:
  latency:                  43.0968ms [min=9.46302ms, max=99.0286ms, average=37.5572ms, deviation=16.762ms]
----------------------------------------------------------

----------------------------------------------------------
sample path: (IntersectionOutput) 
  order timepoint           sequence nr.                  node name     dropped samples
latency

Statistics:
  latency:                  56.9247ms [min=9.46302ms, max=99.0286ms, average=37.7317ms, deviation=16.7866ms]
----------------------------------------------------------

----------------------------------------------------------
sample path: (VehicleDBWSystem) 
  order timepoint           sequence nr.                  node name     dropped samples
bp period
latency

Statistics:
  latency:                  268.454ms [min=148.646ms, max=269.196ms, average=209.586ms, deviation=49.0913ms]
hotpath
  hot path:                 FrontLidarDriver/RearLidarDriver -> ObjectCollisionEstimator
  hot path latency:         57.7174ms [min=47.7911ms, max=71.9736ms, average=56.6221ms, deviation=5.55014ms]
  hot path drops:           0 [min=0, max=0, average=0, deviation=0]
  behavior planner period:  100.007ms [min=93.068ms, max=106.931ms, average=100.001ms, deviation=1.76066ms]
----------------------------------------------------------

----------------------------------------------------------
sample path: (IntersectionOutput) 
  order timepoint           sequence nr.                  node name     dropped samples
latency

Statistics:
  latency:                  37.2561ms [min=9.46302ms, max=99.0286ms, average=37.7275ms, deviation=16.7109ms]
----------------------------------------------------------

----------------------------------------------------------
sample path: (IntersectionOutput) 
  order timepoint           sequence nr.                  node name     dropped samples
latency

Statistics:
  latency:                  18.7348ms [min=9.46302ms, max=99.0286ms, average=37.5594ms, deviation=16.7318ms]
----------------------------------------------------------

----------------------------------------------------------
sample path: (VehicleDBWSystem) 
  order timepoint           sequence nr.                  node name     dropped samples
bp period
latency

Statistics:
  latency:                  224.516ms [min=148.646ms, max=269.196ms, average=210.025ms, deviation=48.4095ms]
hotpath
  hot path:                 FrontLidarDriver/RearLidarDriver -> ObjectCollisionEstimator
  hot path latency:         53.6499ms [min=47.7911ms, max=71.9736ms, average=56.5346ms, deviation=5.48912ms]
  hot path drops:           0 [min=0, max=0, average=0, deviation=0]
  behavior planner period:  100.004ms [min=93.068ms, max=106.931ms, average=100.002ms, deviation=1.73293ms]
----------------------------------------------------------

----------------------------------------------------------
sample path: (IntersectionOutput) 
  order timepoint           sequence nr.                  node name     dropped samples
latency

Statistics:
  latency:                  38.769ms [min=9.46302ms, max=99.0286ms, average=37.57ms, deviation=16.658ms]
----------------------------------------------------------

----------------------------------------------------------
sample path: (IntersectionOutput) 
  order timepoint           sequence nr.                  node name     dropped samples
latency

Statistics:
  latency:                  37.2809ms [min=9.46302ms, max=99.0286ms, average=37.5675ms, deviation=16.5848ms]
----------------------------------------------------------

----------------------------------------------------------
sample path: (IntersectionOutput) 
  order timepoint           sequence nr.                  node name     dropped samples
latency

Statistics:
  latency:                  37.1023ms [min=9.46302ms, max=99.0286ms, average=37.5635ms, deviation=16.5126ms]
----------------------------------------------------------

----------------------------------------------------------
sample path: (VehicleDBWSystem) 
  order timepoint           sequence nr.                  node name     dropped samples
bp period
latency

Statistics:
  latency:                  148.712ms [min=148.646ms, max=269.196ms, average=208.274ms, deviation=48.8053ms]
hotpath
  hot path:                 FrontLidarDriver/RearLidarDriver -> ObjectCollisionEstimator
  hot path latency:         52.12ms [min=47.7911ms, max=71.9736ms, average=56.4085ms, deviation=5.45903ms]
  hot path drops:           0 [min=0, max=0, average=0, deviation=0]
  behavior planner period:  100.002ms [min=93.068ms, max=106.931ms, average=100.002ms, deviation=1.70647ms]
----------------------------------------------------------

----------------------------------------------------------
sample path: (IntersectionOutput) 
  order timepoint           sequence nr.                  node name     dropped samples
latency

Statistics:
  latency:                  28.6493ms [min=9.46302ms, max=99.0286ms, average=37.4873ms, deviation=16.4619ms]
----------------------------------------------------------

----------------------------------------------------------
sample path: (IntersectionOutput) 
  order timepoint           sequence nr.                  node name     dropped samples
latency

Statistics:
  latency:                  37.8066ms [min=9.46302ms, max=99.0286ms, average=37.49ms, deviation=16.3914ms]
----------------------------------------------------------

----------------------------------------------------------
sample path: (IntersectionOutput) 
  order timepoint           sequence nr.                  node name     dropped samples
latency

Statistics:
  latency:                  37.4798ms [min=9.46302ms, max=99.0286ms, average=37.4899ms, deviation=16.3218ms]
----------------------------------------------------------

----------------------------------------------------------
sample path: (VehicleDBWSystem) 
  order timepoint           sequence nr.                  node name     dropped samples
bp period
latency

Statistics:
  latency:                  148.608ms [min=148.608ms, max=269.196ms, average=206.616ms, deviation=49.1202ms]
hotpath
  hot path:                 FrontLidarDriver/RearLidarDriver -> ObjectCollisionEstimator
  hot path latency:         52.113ms [min=47.7911ms, max=71.9736ms, average=56.2892ms, deviation=5.4279ms]
  hot path drops:           0 [min=0, max=0, average=0, deviation=0]
  behavior planner period:  99.9985ms [min=93.068ms, max=106.931ms, average=100.001ms, deviation=1.68119ms]
----------------------------------------------------------

----------------------------------------------------------
sample path: (IntersectionOutput) 
  order timepoint           sequence nr.                  node name     dropped samples
latency

Statistics:
  latency:                  28.5291ms [min=9.46302ms, max=99.0286ms, average=37.4152ms, deviation=16.2737ms]
----------------------------------------------------------

----------------------------------------------------------
sample path: (IntersectionOutput) 
  order timepoint           sequence nr.                  node name     dropped samples
latency

Statistics:
  latency:                  36.4618ms [min=9.46302ms, max=99.0286ms, average=37.4073ms, deviation=16.2059ms]
----------------------------------------------------------

----------------------------------------------------------
sample path: (IntersectionOutput) 
  order timepoint           sequence nr.                  node name     dropped samples
latency

Statistics:
  latency:                  18.6761ms [min=9.46302ms, max=99.0286ms, average=37.2538ms, deviation=16.2277ms]
----------------------------------------------------------

----------------------------------------------------------
sample path: (IntersectionOutput) 
  order timepoint           sequence nr.                  node name     dropped samples
latency

Statistics:
  latency:                  55.686ms [min=9.46302ms, max=99.0286ms, average=37.4037ms, deviation=16.2463ms]
----------------------------------------------------------

----------------------------------------------------------
sample path: (VehicleDBWSystem) 
  order timepoint           sequence nr.                  node name     dropped samples
bp period
latency

Statistics:
  latency:                  159.566ms [min=148.608ms, max=269.196ms, average=205.345ms, deviation=49.0469ms]
hotpath
  hot path:                 FrontLidarDriver/RearLidarDriver -> ObjectCollisionEstimator
  hot path latency:         52.1786ms [min=47.7911ms, max=71.9736ms, average=56.1781ms, deviation=5.39448ms]
  hot path drops:           0 [min=0, max=0, average=0, deviation=0]
  behavior planner period:  99.9967ms [min=93.068ms, max=106.931ms, average=100.001ms, deviation=1.657ms]
----------------------------------------------------------

----------------------------------------------------------
sample path: (IntersectionOutput) 
  order timepoint           sequence nr.                  node name     dropped samples
latency

Statistics:
  latency:                  28.1237ms [min=9.46302ms, max=99.0286ms, average=37.3288ms, deviation=16.2016ms]
----------------------------------------------------------

----------------------------------------------------------
sample path: (IntersectionOutput) 
  order timepoint           sequence nr.                  node name     dropped samples
latency

Statistics:
  latency:                  10.2781ms [min=9.46302ms, max=99.0286ms, average=37.1124ms, deviation=16.3165ms]
----------------------------------------------------------

----------------------------------------------------------
sample path: (IntersectionOutput) 
  order timepoint           sequence nr.                  node name     dropped samples
latency

Statistics:
  latency:                  74.0309ms [min=9.46302ms, max=99.0286ms, average=37.4054ms, deviation=16.5806ms]
----------------------------------------------------------

----------------------------------------------------------
sample path: (IntersectionOutput) 
  order timepoint           sequence nr.                  node name     dropped samples
latency

Statistics:
  latency:                  56.0544ms [min=9.46302ms, max=99.0286ms, average=37.5523ms, deviation=16.5973ms]
----------------------------------------------------------

----------------------------------------------------------
sample path: (VehicleDBWSystem) 
  order timepoint           sequence nr.                  node name     dropped samples
bp period
latency

Statistics:
  latency:                  260.184ms [min=148.608ms, max=269.196ms, average=206.788ms, deviation=49.1907ms]
hotpath
  hot path:                 FrontLidarDriver/RearLidarDriver -> ObjectCollisionEstimator
  hot path latency:         55.9667ms [min=47.7911ms, max=71.9736ms, average=56.1725ms, deviation=5.32119ms]
  hot path drops:           0 [min=0, max=0, average=0, deviation=0]
  behavior planner period:  100.001ms [min=93.068ms, max=106.931ms, average=100.001ms, deviation=1.63382ms]
----------------------------------------------------------

----------------------------------------------------------
sample path: (IntersectionOutput) 
  order timepoint           sequence nr.                  node name     dropped samples
latency

Statistics:
  latency:                  9.46162ms [min=9.46162ms, max=99.0286ms, average=37.3328ms, deviation=16.7173ms]
----------------------------------------------------------

----------------------------------------------------------
sample path: (IntersectionOutput) 
  order timepoint           sequence nr.                  node name     dropped samples
latency

Statistics:
  latency:                  42.5993ms [min=9.46162ms, max=99.0286ms, average=37.3736ms, deviation=16.6583ms]
----------------------------------------------------------

----------------------------------------------------------
sample path: (IntersectionOutput) 
  order timepoint           sequence nr.                  node name     dropped samples
latency

Statistics:
  latency:                  56.154ms [min=9.46162ms, max=99.0286ms, average=37.5181ms, deviation=16.6752ms]
----------------------------------------------------------

----------------------------------------------------------
sample path: (VehicleDBWSystem) 
  order timepoint           sequence nr.                  node name     dropped samples
bp period
latency

Statistics:
  latency:                  268.469ms [min=148.608ms, max=269.196ms, average=208.369ms, deviation=49.5339ms]
hotpath
  hot path:                 FrontLidarDriver/RearLidarDriver -> ObjectCollisionEstimator
  hot path latency:         58.2337ms [min=47.7911ms, max=71.9736ms, average=56.2254ms, deviation=5.26107ms]
  hot path drops:           0 [min=0, max=0, average=0, deviation=0]
  behavior planner period:  100.005ms [min=93.068ms, max=106.931ms, average=100.001ms, deviation=1.61159ms]
----------------------------------------------------------

----------------------------------------------------------
sample path: (IntersectionOutput) 
  order timepoint           sequence nr.                  node name     dropped samples
latency

Statistics:
  latency:                  37.3165ms [min=9.46162ms, max=99.0286ms, average=37.5166ms, deviation=16.6109ms]
----------------------------------------------------------

----------------------------------------------------------
sample path: (IntersectionOutput) 
  order timepoint           sequence nr.                  node name     dropped samples
latency

Statistics:
  latency:                  18.7901ms [min=9.46162ms, max=99.0286ms, average=37.3747ms, deviation=16.6275ms]
----------------------------------------------------------

----------------------------------------------------------
sample path: (IntersectionOutput) 
  order timepoint           sequence nr.                  node name     dropped samples
latency

Statistics:
  latency:                  39.3504ms [min=9.46162ms, max=99.0286ms, average=37.3895ms, deviation=16.5652ms]
----------------------------------------------------------

----------------------------------------------------------
sample path: (VehicleDBWSystem) 
  order timepoint           sequence nr.                  node name     dropped samples
bp period
latency

Statistics:
  latency:                  224.285ms [min=148.608ms, max=269.196ms, average=208.767ms, deviation=48.9594ms]
hotpath
  hot path:                 FrontLidarDriver/RearLidarDriver -> ObjectCollisionEstimator
  hot path latency:         54.9485ms [min=47.7911ms, max=71.9736ms, average=56.1935ms, deviation=5.19711ms]
  hot path drops:           0 [min=0, max=0, average=0, deviation=0]
  behavior planner period:  100.009ms [min=93.068ms, max=106.931ms, average=100.002ms, deviation=1.59025ms]
----------------------------------------------------------

----------------------------------------------------------
sample path: (IntersectionOutput) 
  order timepoint           sequence nr.                  node name     dropped samples
latency

Statistics:
  latency:                  47.4455ms [min=9.46162ms, max=99.0286ms, average=37.4646ms, deviation=16.5257ms]
----------------------------------------------------------

----------------------------------------------------------
sample path: (IntersectionOutput) 
  order timepoint           sequence nr.                  node name     dropped samples
latency

Statistics:
  latency:                  38.7477ms [min=9.46162ms, max=99.0286ms, average=37.4741ms, deviation=16.4643ms]
----------------------------------------------------------

----------------------------------------------------------
sample path: (VehicleDBWSystem) 
  order timepoint           sequence nr.                  node name     dropped samples
bp period
latency

Statistics:
  latency:                  149.131ms [min=148.608ms, max=269.196ms, average=207.313ms, deviation=49.2325ms]
hotpath
  hot path:                 FrontLidarDriver/RearLidarDriver -> ObjectCollisionEstimator
  hot path latency:         61.7284ms [min=47.7911ms, max=71.9736ms, average=56.3285ms, deviation=5.20403ms]
  hot path drops:           0 [min=0, max=0, average=0, deviation=0]
  behavior planner period:  100.011ms [min=93.068ms, max=106.931ms, average=100.002ms, deviation=1.56973ms]
----------------------------------------------------------

----------------------------------------------------------
sample path: (IntersectionOutput) 
  order timepoint           sequence nr.                  node name     dropped samples
latency

Statistics:
  latency:                  29.0502ms [min=9.46162ms, max=99.0286ms, average=37.4122ms, deviation=16.4191ms]
----------------------------------------------------------

----------------------------------------------------------
sample path: (IntersectionOutput) 
  order timepoint           sequence nr.                  node name     dropped samples
latency

Statistics:
  latency:                  37.7616ms [min=9.46162ms, max=99.0286ms, average=37.4147ms, deviation=16.3586ms]
----------------------------------------------------------

----------------------------------------------------------
sample path: (IntersectionOutput) 
  order timepoint           sequence nr.                  node name     dropped samples
latency

Statistics:
  latency:                  37.6356ms [min=9.46162ms, max=99.0286ms, average=37.4163ms, deviation=16.2988ms]
----------------------------------------------------------

----------------------------------------------------------
sample path: (VehicleDBWSystem) 
  order timepoint           sequence nr.                  node name     dropped samples
bp period
latency

Statistics:
  latency:                  149.241ms [min=148.608ms, max=269.196ms, average=205.93ms, deviation=49.4471ms]
hotpath
  hot path:                 FrontLidarDriver/RearLidarDriver -> ObjectCollisionEstimator
  hot path latency:         52.625ms [min=47.7911ms, max=71.9736ms, average=56.2403ms, deviation=5.17184ms]
  hot path drops:           0 [min=0, max=0, average=0, deviation=0]
  behavior planner period:  99.9936ms [min=93.068ms, max=106.931ms, average=100.002ms, deviation=1.54998ms]
----------------------------------------------------------

----------------------------------------------------------
sample path: (IntersectionOutput) 
  order timepoint           sequence nr.                  node name     dropped samples
latency

Statistics:
  latency:                  29.1735ms [min=9.46162ms, max=99.0286ms, average=37.357ms, deviation=16.2547ms]
----------------------------------------------------------

----------------------------------------------------------
sample path: (IntersectionOutput) 
  order timepoint           sequence nr.                  node name     dropped samples
latency

Statistics:
  latency:                  37.4693ms [min=9.46162ms, max=99.0286ms, average=37.3578ms, deviation=16.1962ms]
----------------------------------------------------------

----------------------------------------------------------
sample path: (IntersectionOutput) 
  order timepoint           sequence nr.                  node name     dropped samples
latency

Statistics:
  latency:                  19.0078ms [min=9.46162ms, max=99.0286ms, average=37.2277ms, deviation=16.212ms]
----------------------------------------------------------

----------------------------------------------------------
sample path: (IntersectionOutput) 
  order timepoint           sequence nr.                  node name     dropped samples
latency

Statistics:
  latency:                  57.0118ms [min=9.46162ms, max=99.0286ms, average=37.367ms, deviation=16.2395ms]
----------------------------------------------------------

----------------------------------------------------------
sample path: (VehicleDBWSystem) 
  order timepoint           sequence nr.                  node name     dropped samples
bp period
latency

Statistics:
  latency:                  162.991ms [min=148.608ms, max=269.196ms, average=204.931ms, deviation=49.2918ms]
hotpath
  hot path:                 FrontLidarDriver/RearLidarDriver -> ObjectCollisionEstimator
  hot path latency:         52.7836ms [min=47.7911ms, max=71.9736ms, average=56.1599ms, deviation=5.13702ms]
  hot path drops:           0 [min=0, max=0, average=0, deviation=0]
  behavior planner period:  100.012ms [min=93.068ms, max=106.931ms, average=100.002ms, deviation=1.53096ms]
----------------------------------------------------------

----------------------------------------------------------
sample path: (IntersectionOutput) 
  order timepoint           sequence nr.                  node name     dropped samples
latency

Statistics:
  latency:                  29.1536ms [min=9.46162ms, max=99.0286ms, average=37.3096ms, deviation=16.1968ms]
----------------------------------------------------------

----------------------------------------------------------
sample path: (IntersectionOutput) 
  order timepoint           sequence nr.                  node name     dropped samples
latency

Statistics:
  latency:                  13.3736ms [min=9.46162ms, max=99.0286ms, average=37.1433ms, deviation=16.2629ms]
----------------------------------------------------------

----------------------------------------------------------
sample path: (IntersectionOutput) 
  order timepoint           sequence nr.                  node name     dropped samples
latency

Statistics:
  latency:                  75.7084ms [min=9.46162ms, max=99.0286ms, average=37.4093ms, deviation=16.5197ms]
----------------------------------------------------------

----------------------------------------------------------
sample path: (IntersectionOutput) 
  order timepoint           sequence nr.                  node name     dropped samples
latency

Statistics:
  latency:                  57.147ms [min=9.46162ms, max=99.0286ms, average=37.5445ms, deviation=16.5435ms]
----------------------------------------------------------

----------------------------------------------------------
sample path: (VehicleDBWSystem) 
  order timepoint           sequence nr.                  node name     dropped samples
bp period
latency

Statistics:
  latency:                  261.158ms [min=148.608ms, max=269.196ms, average=206.209ms, deviation=49.4472ms]
hotpath
  hot path:                 FrontLidarDriver/RearLidarDriver -> ObjectCollisionEstimator
  hot path latency:         58.8704ms [min=47.7911ms, max=71.9736ms, average=56.2215ms, deviation=5.09335ms]
  hot path drops:           0 [min=0, max=0, average=0, deviation=0]
  behavior planner period:  99.9955ms [min=93.068ms, max=106.931ms, average=100.002ms, deviation=1.51263ms]
----------------------------------------------------------

----------------------------------------------------------
sample path: (IntersectionOutput) 
  order timepoint           sequence nr.                  node name     dropped samples
latency

Statistics:
  latency:                  9.61372ms [min=9.46162ms, max=99.0286ms, average=37.3545ms, deviation=16.6469ms]
----------------------------------------------------------

----------------------------------------------------------
sample path: (IntersectionOutput) 
  order timepoint           sequence nr.                  node name     dropped samples
latency

Statistics:
  latency:                  42.8635ms [min=9.46162ms, max=99.0286ms, average=37.3917ms, deviation=16.5964ms]
----------------------------------------------------------

----------------------------------------------------------
sample path: (IntersectionOutput) 
  order timepoint           sequence nr.                  node name     dropped samples
latency

Statistics:
  latency:                  59.3455ms [min=9.46162ms, max=99.0286ms, average=37.539ms, deviation=16.6377ms]
----------------------------------------------------------

----------------------------------------------------------
sample path: (VehicleDBWSystem) 
  order timepoint           sequence nr.                  node name     dropped samples
bp period
latency

Statistics:
  latency:                  269.417ms [min=148.608ms, max=269.417ms, average=207.614ms, deviation=49.7819ms]
hotpath
  hot path:                 FrontLidarDriver/RearLidarDriver -> ObjectCollisionEstimator
  hot path latency:         58.2623ms [min=47.7911ms, max=71.9736ms, average=56.2668ms, deviation=5.04432ms]
  hot path drops:           0 [min=0, max=0, average=0, deviation=0]
  behavior planner period:  100.006ms [min=93.068ms, max=106.931ms, average=100.002ms, deviation=1.49494ms]
----------------------------------------------------------

----------------------------------------------------------
sample path: (IntersectionOutput) 
  order timepoint           sequence nr.                  node name     dropped samples
latency

Statistics:
  latency:                  39.9155ms [min=9.46162ms, max=99.0286ms, average=37.5549ms, deviation=16.5829ms]
----------------------------------------------------------

----------------------------------------------------------
sample path: (IntersectionOutput) 
  order timepoint           sequence nr.                  node name     dropped samples
latency

Statistics:
  latency:                  18.9466ms [min=9.46162ms, max=99.0286ms, average=37.4317ms, deviation=16.5968ms]
----------------------------------------------------------

----------------------------------------------------------
sample path: (VehicleDBWSystem) 
  order timepoint           sequence nr.                  node name     dropped samples
bp period
latency

Statistics:
  latency:                  223.934ms [min=148.608ms, max=269.417ms, average=207.969ms, deviation=49.2845ms]
hotpath
  hot path:                 FrontLidarDriver/RearLidarDriver -> ObjectCollisionEstimator
  hot path latency:         54.4382ms [min=47.7911ms, max=71.9736ms, average=56.2271ms, deviation=4.99524ms]
  hot path drops:           0 [min=0, max=0, average=0, deviation=0]
  behavior planner period:  99.9965ms [min=93.068ms, max=106.931ms, average=100.002ms, deviation=1.47785ms]
----------------------------------------------------------

----------------------------------------------------------
sample path: (IntersectionOutput) 
  order timepoint           sequence nr.                  node name     dropped samples
latency

Statistics:
  latency:                  37.4932ms [min=9.46162ms, max=99.0286ms, average=37.4321ms, deviation=16.5417ms]
----------------------------------------------------------

