----------------------------------------------------------
sample path: (IntersectionOutput) 
  order timepoint           sequence nr.                  node name     dropped samples
latency

Statistics:
  latency:                  106.545ms [min=106.545ms, max=106.545ms, average=106.545ms, deviation=-nanms]
----------------------------------------------------------

----------------------------------------------------------
sample path: (VehicleDBWSystem) 
  order timepoint           sequence nr.                  node name     dropped samples
latency

Statistics:
  latency:                  567.07ms [min=567.07ms, max=567.07ms, average=567.07ms, deviation=-nanms]
hotpath
  hot path:                 FrontLidarDriver/RearLidarDriver -> ObjectCollisionEstimator
  hot path latency:         189.409ms [min=189.409ms, max=189.409ms, average=189.409ms, deviation=-nanms]
  hot path drops:           0 [min=0, max=0, average=0, deviation=-nan]
  behavior planner period:  0ms [min=1.84467e+13ms, max=0ms, average=0ms, deviation=0ms]
----------------------------------------------------------

----------------------------------------------------------
sample path: (IntersectionOutput) 
  order timepoint           sequence nr.                  node name     dropped samples
latency

Statistics:
  latency:                  139.459ms [min=106.545ms, max=139.459ms, average=123.002ms, deviation=23.2737ms]
----------------------------------------------------------

----------------------------------------------------------
sample path: (VehicleDBWSystem) 
  order timepoint           sequence nr.                  node name     dropped samples
bp period
latency

Statistics:
  latency:                  575.267ms [min=567.07ms, max=575.267ms, average=571.168ms, deviation=5.79598ms]
  behavior planner period:  86.3339ms [min=86.3339ms, max=86.3339ms, average=86.3339ms, deviation=-nanms]
----------------------------------------------------------

----------------------------------------------------------
sample path: (IntersectionOutput) 
  order timepoint           sequence nr.                  node name     dropped samples
latency

Statistics:
  latency:                  114.846ms [min=106.545ms, max=139.459ms, average=120.283ms, deviation=17.1175ms]
----------------------------------------------------------

----------------------------------------------------------
sample path: (IntersectionOutput) 
  order timepoint           sequence nr.                  node name     dropped samples
latency

Statistics:
  latency:                  123.243ms [min=106.545ms, max=139.459ms, average=121.023ms, deviation=14.0545ms]
----------------------------------------------------------

----------------------------------------------------------
sample path: (VehicleDBWSystem) 
  order timepoint           sequence nr.                  node name     dropped samples
bp period
latency

Statistics:
  latency:                  641.398ms [min=567.07ms, max=641.398ms, average=594.578ms, deviation=40.7536ms]
hotpath
  hot path:                 FrontLidarDriver/RearLidarDriver -> ObjectCollisionEstimator
  hot path latency:         320.295ms [min=189.409ms, max=320.295ms, average=254.852ms, deviation=92.5498ms]
  hot path drops:           0 [min=0, max=0, average=0, deviation=0]
  behavior planner period:  123.483ms [min=86.3339ms, max=123.483ms, average=104.909ms, deviation=26.2687ms]
----------------------------------------------------------

----------------------------------------------------------
sample path: (IntersectionOutput) 
  order timepoint           sequence nr.                  node name     dropped samples
latency

Statistics:
  latency:                  114.923ms [min=106.545ms, max=139.459ms, average=119.803ms, deviation=12.4736ms]
----------------------------------------------------------

----------------------------------------------------------
sample path: (VehicleDBWSystem) 
  order timepoint           sequence nr.                  node name     dropped samples
bp period
latency

Statistics:
  latency:                  469.157ms [min=469.157ms, max=641.398ms, average=563.223ms, deviation=70.9917ms]
  behavior planner period:  94.6864ms [min=86.3339ms, max=123.483ms, average=101.501ms, deviation=19.4899ms]
----------------------------------------------------------

----------------------------------------------------------
sample path: (IntersectionOutput) 
  order timepoint           sequence nr.                  node name     dropped samples
latency

Statistics:
  latency:                  98.5187ms [min=98.5187ms, max=139.459ms, average=116.256ms, deviation=14.1413ms]
----------------------------------------------------------

----------------------------------------------------------
sample path: (VehicleDBWSystem) 
  order timepoint           sequence nr.                  node name     dropped samples
bp period
latency

Statistics:
  latency:                  666.357ms [min=469.157ms, max=666.357ms, average=583.85ms, deviation=76.8582ms]
hotpath
  hot path:                 FrontLidarDriver/RearLidarDriver -> ObjectCollisionEstimator
  hot path latency:         255.231ms [min=189.409ms, max=320.295ms, average=254.978ms, deviation=65.443ms]
  hot path drops:           2 [min=0, max=2, average=0.666667, deviation=1.1547]
  behavior planner period:  123.445ms [min=86.3339ms, max=123.483ms, average=106.987ms, deviation=19.3293ms]
----------------------------------------------------------

----------------------------------------------------------
sample path: (IntersectionOutput) 
  order timepoint           sequence nr.                  node name     dropped samples
latency

Statistics:
  latency:                  131.44ms [min=98.5187ms, max=139.459ms, average=118.425ms, deviation=14.1275ms]
----------------------------------------------------------

----------------------------------------------------------
sample path: (VehicleDBWSystem) 
  order timepoint           sequence nr.                  node name     dropped samples
bp period
latency

Statistics:
  latency:                  460.615ms [min=460.615ms, max=666.357ms, average=563.31ms, deviation=85.1874ms]
  behavior planner period:  86.3984ms [min=86.3339ms, max=123.483ms, average=102.869ms, deviation=19.1049ms]
----------------------------------------------------------

----------------------------------------------------------
sample path: (IntersectionOutput) 
  order timepoint           sequence nr.                  node name     dropped samples
latency

Statistics:
  latency:                  106.688ms [min=98.5187ms, max=139.459ms, average=116.958ms, deviation=13.722ms]
----------------------------------------------------------

----------------------------------------------------------
sample path: (IntersectionOutput) 
  order timepoint           sequence nr.                  node name     dropped samples
latency

Statistics:
  latency:                  122.855ms [min=98.5187ms, max=139.459ms, average=117.613ms, deviation=12.9854ms]
----------------------------------------------------------

----------------------------------------------------------
sample path: (VehicleDBWSystem) 
  order timepoint           sequence nr.                  node name     dropped samples
bp period
latency

Statistics:
  latency:                  641.411ms [min=460.615ms, max=666.357ms, average=574.468ms, deviation=83.1793ms]
hotpath
  hot path:                 FrontLidarDriver/RearLidarDriver -> ObjectCollisionEstimator
  hot path latency:         238.806ms [min=189.409ms, max=320.295ms, average=250.935ms, deviation=54.0424ms]
  hot path drops:           2 [min=0, max=2, average=1, deviation=1.1547]
  behavior planner period:  123.4ms [min=86.3339ms, max=123.483ms, average=106.291ms, deviation=19.0327ms]
----------------------------------------------------------

----------------------------------------------------------
sample path: (IntersectionOutput) 
  order timepoint           sequence nr.                  node name     dropped samples
latency

Statistics:
  latency:                  114.887ms [min=98.5187ms, max=139.459ms, average=117.34ms, deviation=12.2731ms]
----------------------------------------------------------

----------------------------------------------------------
sample path: (VehicleDBWSystem) 
  order timepoint           sequence nr.                  node name     dropped samples
bp period
latency

Statistics:
  latency:                  518.153ms [min=460.615ms, max=666.357ms, average=567.428ms, deviation=79.5412ms]
  behavior planner period:  86.3454ms [min=86.3339ms, max=123.483ms, average=103.442ms, deviation=18.9395ms]
----------------------------------------------------------

----------------------------------------------------------
sample path: (IntersectionOutput) 
  order timepoint           sequence nr.                  node name     dropped samples
latency

Statistics:
  latency:                  98.6003ms [min=98.5187ms, max=139.459ms, average=115.637ms, deviation=12.9419ms]
----------------------------------------------------------

----------------------------------------------------------
sample path: (VehicleDBWSystem) 
  order timepoint           sequence nr.                  node name     dropped samples
bp period
latency

Statistics:
  latency:                  715.285ms [min=460.615ms, max=715.285ms, average=583.857ms, deviation=89.2469ms]
hotpath
  hot path:                 FrontLidarDriver/RearLidarDriver -> ObjectCollisionEstimator
  hot path latency:         238.654ms [min=189.409ms, max=320.295ms, average=248.479ms, deviation=47.1232ms]
  hot path drops:           2 [min=0, max=2, average=1.2, deviation=1.09545]
  behavior planner period:  123.43ms [min=86.3339ms, max=123.483ms, average=105.94ms, deviation=18.9051ms]
----------------------------------------------------------

----------------------------------------------------------
sample path: (IntersectionOutput) 
  order timepoint           sequence nr.                  node name     dropped samples
latency

Statistics:
  latency:                  131.217ms [min=98.5187ms, max=139.459ms, average=116.935ms, deviation=13.1338ms]
----------------------------------------------------------

----------------------------------------------------------
sample path: (VehicleDBWSystem) 
  order timepoint           sequence nr.                  node name     dropped samples
bp period
latency

Statistics:
  latency:                  460.524ms [min=460.524ms, max=715.285ms, average=571.524ms, deviation=92.7422ms]
  behavior planner period:  86.3761ms [min=86.3339ms, max=123.483ms, average=103.767ms, deviation=18.8482ms]
----------------------------------------------------------

----------------------------------------------------------
sample path: (IntersectionOutput) 
  order timepoint           sequence nr.                  node name     dropped samples
latency

Statistics:
  latency:                  106.745ms [min=98.5187ms, max=139.459ms, average=116.151ms, deviation=12.8883ms]
----------------------------------------------------------

----------------------------------------------------------
sample path: (IntersectionOutput) 
  order timepoint           sequence nr.                  node name     dropped samples
latency

Statistics:
  latency:                  122.928ms [min=98.5187ms, max=139.459ms, average=116.635ms, deviation=12.5145ms]
----------------------------------------------------------

----------------------------------------------------------
sample path: (VehicleDBWSystem) 
  order timepoint           sequence nr.                  node name     dropped samples
bp period
latency

Statistics:
  latency:                  641.408ms [min=460.524ms, max=715.285ms, average=577.877ms, deviation=90.471ms]
hotpath
  hot path:                 FrontLidarDriver/RearLidarDriver -> ObjectCollisionEstimator
  hot path latency:         238.874ms [min=189.409ms, max=320.295ms, average=246.878ms, deviation=42.3303ms]
  hot path drops:           2 [min=0, max=2, average=1.33333, deviation=1.0328]
  behavior planner period:  123.418ms [min=86.3339ms, max=123.483ms, average=105.732ms, deviation=18.8255ms]
----------------------------------------------------------

----------------------------------------------------------
sample path: (IntersectionOutput) 
  order timepoint           sequence nr.                  node name     dropped samples
latency

Statistics:
  latency:                  114.901ms [min=98.5187ms, max=139.459ms, average=116.52ms, deviation=12.0676ms]
----------------------------------------------------------

----------------------------------------------------------
sample path: (VehicleDBWSystem) 
  order timepoint           sequence nr.                  node name     dropped samples
bp period
latency

Statistics:
  latency:                  518.094ms [min=460.524ms, max=715.285ms, average=572.895ms, deviation=87.9701ms]
  behavior planner period:  86.3831ms [min=86.3339ms, max=123.483ms, average=103.973ms, deviation=18.7881ms]
----------------------------------------------------------

----------------------------------------------------------
sample path: (IntersectionOutput) 
  order timepoint           sequence nr.                  node name     dropped samples
latency

Statistics:
  latency:                  98.5422ms [min=98.5187ms, max=139.459ms, average=115.396ms, deviation=12.4947ms]
----------------------------------------------------------

----------------------------------------------------------
sample path: (VehicleDBWSystem) 
  order timepoint           sequence nr.                  node name     dropped samples
bp period
latency

Statistics:
  latency:                  714.869ms [min=460.524ms, max=715.285ms, average=583.816ms, deviation=92.9751ms]
hotpath
  hot path:                 FrontLidarDriver/RearLidarDriver -> ObjectCollisionEstimator
  hot path latency:         238.728ms [min=189.409ms, max=320.295ms, average=245.714ms, deviation=38.7647ms]
  hot path drops:           2 [min=0, max=2, average=1.42857, deviation=0.9759]
  behavior planner period:  123.435ms [min=86.3339ms, max=123.483ms, average=105.595ms, deviation=18.7741ms]
----------------------------------------------------------

----------------------------------------------------------
sample path: (IntersectionOutput) 
  order timepoint           sequence nr.                  node name     dropped samples
latency

Statistics:
  latency:                  130.935ms [min=98.5187ms, max=139.459ms, average=116.31ms, deviation=12.6713ms]
----------------------------------------------------------

----------------------------------------------------------
sample path: (VehicleDBWSystem) 
  order timepoint           sequence nr.                  node name     dropped samples
bp period
latency

Statistics:
  latency:                  476.388ms [min=460.524ms, max=715.285ms, average=576.143ms, deviation=93.8283ms]
  behavior planner period:  86.2805ms [min=86.2805ms, max=123.483ms, average=104.109ms, deviation=18.7561ms]
----------------------------------------------------------

----------------------------------------------------------
sample path: (IntersectionOutput) 
  order timepoint           sequence nr.                  node name     dropped samples
latency

Statistics:
  latency:                  122.934ms [min=98.5187ms, max=139.459ms, average=116.678ms, deviation=12.3918ms]
----------------------------------------------------------

----------------------------------------------------------
sample path: (IntersectionOutput) 
  order timepoint           sequence nr.                  node name     dropped samples
latency

Statistics:
  latency:                  122.805ms [min=98.5187ms, max=139.459ms, average=117.001ms, deviation=12.1244ms]
----------------------------------------------------------

----------------------------------------------------------
sample path: (VehicleDBWSystem) 
  order timepoint           sequence nr.                  node name     dropped samples
bp period
latency

Statistics:
  latency:                  640.832ms [min=460.524ms, max=715.285ms, average=580.455ms, deviation=91.9451ms]
hotpath
  hot path:                 FrontLidarDriver/RearLidarDriver -> ObjectCollisionEstimator
  hot path latency:         238.815ms [min=189.409ms, max=320.295ms, average=244.851ms, deviation=35.972ms]
  hot path drops:           2 [min=0, max=2, average=1.5, deviation=0.92582]
  behavior planner period:  123.139ms [min=86.2805ms, max=123.483ms, average=105.468ms, deviation=18.7242ms]
----------------------------------------------------------

----------------------------------------------------------
sample path: (IntersectionOutput) 
  order timepoint           sequence nr.                  node name     dropped samples
latency

Statistics:
  latency:                  122.922ms [min=98.5187ms, max=139.459ms, average=117.297ms, deviation=11.875ms]
----------------------------------------------------------

----------------------------------------------------------
sample path: (VehicleDBWSystem) 
  order timepoint           sequence nr.                  node name     dropped samples
bp period
latency

Statistics:
  latency:                  525.593ms [min=460.524ms, max=715.285ms, average=577.026ms, deviation=89.8801ms]
  behavior planner period:  94.4594ms [min=86.2805ms, max=123.483ms, average=104.734ms, deviation=18.2656ms]
----------------------------------------------------------

----------------------------------------------------------
sample path: (IntersectionOutput) 
  order timepoint           sequence nr.                  node name     dropped samples
latency

Statistics:
  latency:                  98.4566ms [min=98.4566ms, max=139.459ms, average=116.4ms, deviation=12.2828ms]
----------------------------------------------------------

----------------------------------------------------------
sample path: (VehicleDBWSystem) 
  order timepoint           sequence nr.                  node name     dropped samples
bp period
latency

Statistics:
  latency:                  706.228ms [min=460.524ms, max=715.285ms, average=584.626ms, deviation=92.4958ms]
hotpath
  hot path:                 FrontLidarDriver/RearLidarDriver -> ObjectCollisionEstimator
  hot path latency:         328.434ms [min=189.409ms, max=328.434ms, average=254.138ms, deviation=43.6858ms]
  hot path drops:           0 [min=0, max=2, average=1.33333, deviation=1]
  behavior planner period:  123.301ms [min=86.2805ms, max=123.483ms, average=105.895ms, deviation=18.2465ms]
----------------------------------------------------------

----------------------------------------------------------
sample path: (IntersectionOutput) 
  order timepoint           sequence nr.                  node name     dropped samples
latency

Statistics:
  latency:                  106.661ms [min=98.4566ms, max=139.459ms, average=115.957ms, deviation=12.1653ms]
----------------------------------------------------------

----------------------------------------------------------
sample path: (VehicleDBWSystem) 
  order timepoint           sequence nr.                  node name     dropped samples
bp period
latency

Statistics:
  latency:                  714.48ms [min=460.524ms, max=715.285ms, average=591.84ms, deviation=94.8103ms]
hotpath
  hot path:                 FrontLidarDriver/RearLidarDriver -> ObjectCollisionEstimator
  hot path latency:         254.823ms [min=189.409ms, max=328.434ms, average=254.207ms, deviation=41.188ms]
  hot path drops:           2 [min=0, max=2, average=1.4, deviation=0.966092]
  behavior planner period:  106.969ms [min=86.2805ms, max=123.483ms, average=105.958ms, deviation=17.6691ms]
----------------------------------------------------------

----------------------------------------------------------
sample path: (IntersectionOutput) 
  order timepoint           sequence nr.                  node name     dropped samples
latency

Statistics:
  latency:                  139.234ms [min=98.4566ms, max=139.459ms, average=116.969ms, deviation=12.8385ms]
----------------------------------------------------------

----------------------------------------------------------
sample path: (VehicleDBWSystem) 
  order timepoint           sequence nr.                  node name     dropped samples
bp period
latency

Statistics:
  latency:                  583.272ms [min=460.524ms, max=715.285ms, average=591.39ms, deviation=92.16ms]
  behavior planner period:  86.3003ms [min=86.2805ms, max=123.483ms, average=104.866ms, deviation=17.7567ms]
----------------------------------------------------------

----------------------------------------------------------
sample path: (IntersectionOutput) 
  order timepoint           sequence nr.                  node name     dropped samples
latency

Statistics:
  latency:                  114.75ms [min=98.4566ms, max=139.459ms, average=116.876ms, deviation=12.5644ms]
----------------------------------------------------------

----------------------------------------------------------
sample path: (IntersectionOutput) 
  order timepoint           sequence nr.                  node name     dropped samples
latency

Statistics:
  latency:                  122.725ms [min=98.4566ms, max=139.459ms, average=117.11ms, deviation=12.3554ms]
----------------------------------------------------------

----------------------------------------------------------
sample path: (VehicleDBWSystem) 
  order timepoint           sequence nr.                  node name     dropped samples
bp period
latency

Statistics:
  latency:                  509.295ms [min=460.524ms, max=715.285ms, average=587.285ms, deviation=91.561ms]
  behavior planner period:  94.463ms [min=86.2805ms, max=123.483ms, average=104.318ms, deviation=17.4206ms]
----------------------------------------------------------

----------------------------------------------------------
sample path: (IntersectionOutput) 
  order timepoint           sequence nr.                  node name     dropped samples
latency

Statistics:
  latency:                  98.4064ms [min=98.4064ms, max=139.459ms, average=116.391ms, deviation=12.6493ms]
----------------------------------------------------------

----------------------------------------------------------
sample path: (VehicleDBWSystem) 
  order timepoint           sequence nr.                  node name     dropped samples
bp period
latency

Statistics:
  latency:                  689.896ms [min=460.524ms, max=715.285ms, average=592.171ms, deviation=92.0088ms]
hotpath
  hot path:                 FrontLidarDriver/RearLidarDriver -> ObjectCollisionEstimator
  hot path latency:         320.441ms [min=189.409ms, max=328.434ms, average=260.228ms, deviation=43.8819ms]
  hot path drops:           0 [min=0, max=2, average=1.27273, deviation=1.00905]
  behavior planner period:  123.076ms [min=86.2805ms, max=123.483ms, average=105.256ms, deviation=17.4671ms]
----------------------------------------------------------

----------------------------------------------------------
sample path: (IntersectionOutput) 
  order timepoint           sequence nr.                  node name     dropped samples
latency

Statistics:
  latency:                  106.651ms [min=98.4064ms, max=139.459ms, average=116.03ms, deviation=12.5445ms]
----------------------------------------------------------

----------------------------------------------------------
sample path: (VehicleDBWSystem) 
  order timepoint           sequence nr.                  node name     dropped samples
bp period
latency

Statistics:
  latency:                  722.51ms [min=460.524ms, max=722.51ms, average=598.096ms, deviation=93.993ms]
hotpath
  hot path:                 FrontLidarDriver/RearLidarDriver -> ObjectCollisionEstimator
  hot path latency:         254.648ms [min=189.409ms, max=328.434ms, average=259.763ms, deviation=41.8707ms]
  hot path drops:           2 [min=0, max=2, average=1.33333, deviation=0.984732]
  behavior planner period:  106.923ms [min=86.2805ms, max=123.483ms, average=105.335ms, deviation=17.0287ms]
----------------------------------------------------------

----------------------------------------------------------
sample path: (IntersectionOutput) 
  order timepoint           sequence nr.                  node name     dropped samples
latency

Statistics:
  latency:                  139.374ms [min=98.4064ms, max=139.459ms, average=116.864ms, deviation=13.0766ms]
----------------------------------------------------------

----------------------------------------------------------
sample path: (VehicleDBWSystem) 
  order timepoint           sequence nr.                  node name     dropped samples
bp period
latency

Statistics:
  latency:                  583.267ms [min=460.524ms, max=722.51ms, average=597.451ms, deviation=91.884ms]
  behavior planner period:  86.3231ms [min=86.2805ms, max=123.483ms, average=104.471ms, deviation=17.1055ms]
----------------------------------------------------------

----------------------------------------------------------
sample path: (IntersectionOutput) 
  order timepoint           sequence nr.                  node name     dropped samples
latency

Statistics:
  latency:                  114.911ms [min=98.4064ms, max=139.459ms, average=116.797ms, deviation=12.8461ms]
----------------------------------------------------------

----------------------------------------------------------
sample path: (IntersectionOutput) 
  order timepoint           sequence nr.                  node name     dropped samples
latency

Statistics:
  latency:                  122.852ms [min=98.4064ms, max=139.459ms, average=116.998ms, deviation=12.671ms]
----------------------------------------------------------

----------------------------------------------------------
sample path: (VehicleDBWSystem) 
  order timepoint           sequence nr.                  node name     dropped samples
bp period
latency

Statistics:
  latency:                  641.02ms [min=460.524ms, max=722.51ms, average=599.266ms, deviation=90.3033ms]
hotpath
  hot path:                 FrontLidarDriver/RearLidarDriver -> ObjectCollisionEstimator
  hot path latency:         320.475ms [min=189.409ms, max=328.434ms, average=264.433ms, deviation=43.481ms]
  hot path drops:           0 [min=0, max=2, average=1.23077, deviation=1.01274]
  behavior planner period:  123.429ms [min=86.2805ms, max=123.483ms, average=105.296ms, deviation=17.1733ms]
----------------------------------------------------------

----------------------------------------------------------
sample path: (IntersectionOutput) 
  order timepoint           sequence nr.                  node name     dropped samples
latency

Statistics:
  latency:                  114.786ms [min=98.4064ms, max=139.459ms, average=116.927ms, deviation=12.4643ms]
----------------------------------------------------------

----------------------------------------------------------
sample path: (VehicleDBWSystem) 
  order timepoint           sequence nr.                  node name     dropped samples
bp period
latency

Statistics:
  latency:                  534.145ms [min=460.524ms, max=722.51ms, average=596.661ms, deviation=89.3563ms]
  behavior planner period:  94.4769ms [min=86.2805ms, max=123.483ms, average=104.845ms, deviation=16.9404ms]
----------------------------------------------------------

----------------------------------------------------------
sample path: (IntersectionOutput) 
  order timepoint           sequence nr.                  node name     dropped samples
latency

Statistics:
  latency:                  98.4059ms [min=98.4059ms, max=139.459ms, average=116.348ms, deviation=12.6912ms]
----------------------------------------------------------

----------------------------------------------------------
sample path: (VehicleDBWSystem) 
  order timepoint           sequence nr.                  node name     dropped samples
bp period
latency

Statistics:
  latency:                  730.919ms [min=460.524ms, max=730.919ms, average=601.825ms, deviation=91.4245ms]
hotpath
  hot path:                 FrontLidarDriver/RearLidarDriver -> ObjectCollisionEstimator
  hot path latency:         254.968ms [min=189.409ms, max=328.434ms, average=263.757ms, deviation=41.8517ms]
  hot path drops:           2 [min=0, max=2, average=1.28571, deviation=0.99449]
  behavior planner period:  123.291ms [min=86.2805ms, max=123.483ms, average=105.583ms, deviation=16.9891ms]
----------------------------------------------------------

----------------------------------------------------------
sample path: (IntersectionOutput) 
  order timepoint           sequence nr.                  node name     dropped samples
latency

Statistics:
  latency:                  131.034ms [min=98.4059ms, max=139.459ms, average=116.793ms, deviation=12.7503ms]
----------------------------------------------------------

----------------------------------------------------------
sample path: (VehicleDBWSystem) 
  order timepoint           sequence nr.                  node name     dropped samples
bp period
latency

Statistics:
  latency:                  459.806ms [min=459.806ms, max=730.919ms, average=596.565ms, deviation=93.7228ms]
  behavior planner period:  86.24ms [min=86.24ms, max=123.483ms, average=104.839ms, deviation=17.0726ms]
----------------------------------------------------------

----------------------------------------------------------
sample path: (IntersectionOutput) 
  order timepoint           sequence nr.                  node name     dropped samples
latency

Statistics:
  latency:                  106.525ms [min=98.4059ms, max=139.459ms, average=116.491ms, deviation=12.6785ms]
----------------------------------------------------------

----------------------------------------------------------
sample path: (IntersectionOutput) 
  order timepoint           sequence nr.                  node name     dropped samples
latency

Statistics:
  latency:                  122.689ms [min=98.4059ms, max=139.459ms, average=116.668ms, deviation=12.5345ms]
----------------------------------------------------------

----------------------------------------------------------
sample path: (VehicleDBWSystem) 
  order timepoint           sequence nr.                  node name     dropped samples
bp period
latency

Statistics:
  latency:                  640.303ms [min=459.806ms, max=730.919ms, average=598.127ms, deviation=92.3415ms]
hotpath
  hot path:                 FrontLidarDriver/RearLidarDriver -> ObjectCollisionEstimator
  hot path latency:         238.526ms [min=189.409ms, max=328.434ms, average=262.075ms, deviation=40.8521ms]
  hot path drops:           2 [min=0, max=2, average=1.33333, deviation=0.9759]
  behavior planner period:  123.1ms [min=86.24ms, max=123.483ms, average=105.515ms, deviation=17.106ms]
----------------------------------------------------------

----------------------------------------------------------
sample path: (IntersectionOutput) 
  order timepoint           sequence nr.                  node name     dropped samples
latency

Statistics:
  latency:                  114.645ms [min=98.4059ms, max=139.459ms, average=116.612ms, deviation=12.3588ms]
----------------------------------------------------------

----------------------------------------------------------
sample path: (VehicleDBWSystem) 
  order timepoint           sequence nr.                  node name     dropped samples
bp period
latency

Statistics:
  latency:                  516.976ms [min=459.806ms, max=730.919ms, average=595.329ms, deviation=91.9212ms]
  behavior planner period:  86.2137ms [min=86.2137ms, max=123.483ms, average=104.826ms, deviation=17.178ms]
----------------------------------------------------------

----------------------------------------------------------
sample path: (IntersectionOutput) 
  order timepoint           sequence nr.                  node name     dropped samples
latency

Statistics:
  latency:                  98.3241ms [min=98.3241ms, max=139.459ms, average=116.118ms, deviation=12.5513ms]
----------------------------------------------------------

