----------------------------------------------------------
sample path: (IntersectionOutput) 
  order timepoint           sequence nr.                  node name     dropped samples
latency

Statistics:
  latency:                  126.009ms [min=126.009ms, max=126.009ms, average=126.009ms, deviation=-nanms]
----------------------------------------------------------

----------------------------------------------------------
sample path: (VehicleDBWSystem) 
  order timepoint           sequence nr.                  node name     dropped samples
latency

Statistics:
  latency:                  532.835ms [min=532.835ms, max=532.835ms, average=532.835ms, deviation=-nanms]
  behavior planner period:  0ms [min=1.84467e+13ms, max=0ms, average=0ms, deviation=0ms]
----------------------------------------------------------

----------------------------------------------------------
sample path: (IntersectionOutput) 
  order timepoint           sequence nr.                  node name     dropped samples
latency

Statistics:
  latency:                  155.086ms [min=126.009ms, max=155.086ms, average=140.547ms, deviation=20.5605ms]
----------------------------------------------------------

----------------------------------------------------------
sample path: (VehicleDBWSystem) 
  order timepoint           sequence nr.                  node name     dropped samples
bp period
latency

Statistics:
  latency:                  523.302ms [min=523.302ms, max=532.835ms, average=528.069ms, deviation=6.74066ms]
hotpath
  hot path:                 FrontLidarDriver/RearLidarDriver -> ObjectCollisionEstimator
  hot path latency:         203.336ms [min=203.336ms, max=203.336ms, average=203.336ms, deviation=-nanms]
  hot path drops:           0 [min=0, max=0, average=0, deviation=-nan]
  behavior planner period:  126.157ms [min=126.157ms, max=126.157ms, average=126.157ms, deviation=-nanms]
----------------------------------------------------------

----------------------------------------------------------
sample path: (IntersectionOutput) 
  order timepoint           sequence nr.                  node name     dropped samples
latency

Statistics:
  latency:                  145.138ms [min=126.009ms, max=155.086ms, average=142.077ms, deviation=14.7781ms]
----------------------------------------------------------

----------------------------------------------------------
sample path: (VehicleDBWSystem) 
  order timepoint           sequence nr.                  node name     dropped samples
bp period
latency

Statistics:
  latency:                  619.867ms [min=523.302ms, max=619.867ms, average=558.668ms, deviation=53.2136ms]
hotpath
  hot path:                 FrontLidarDriver/RearLidarDriver -> ObjectCollisionEstimator
  hot path latency:         300.617ms [min=203.336ms, max=300.617ms, average=251.976ms, deviation=68.7885ms]
  hot path drops:           0 [min=0, max=0, average=0, deviation=0]
  behavior planner period:  213.35ms [min=126.157ms, max=213.35ms, average=169.753ms, deviation=61.6547ms]
----------------------------------------------------------

----------------------------------------------------------
sample path: (IntersectionOutput) 
  order timepoint           sequence nr.                  node name     dropped samples
latency

Statistics:
  latency:                  145.003ms [min=126.009ms, max=155.086ms, average=142.809ms, deviation=12.1546ms]
----------------------------------------------------------

----------------------------------------------------------
sample path: (VehicleDBWSystem) 
  order timepoint           sequence nr.                  node name     dropped samples
bp period
latency

Statistics:
  latency:                  639.06ms [min=523.302ms, max=639.06ms, average=578.766ms, deviation=59.1904ms]
hotpath
  hot path:                 FrontLidarDriver/RearLidarDriver -> ObjectCollisionEstimator
  hot path latency:         320.104ms [min=203.336ms, max=320.104ms, average=274.685ms, deviation=62.5542ms]
  hot path drops:           0 [min=0, max=0, average=0, deviation=0]
  behavior planner period:  154.572ms [min=126.157ms, max=213.35ms, average=164.693ms, deviation=44.4687ms]
----------------------------------------------------------

----------------------------------------------------------
sample path: (IntersectionOutput) 
  order timepoint           sequence nr.                  node name     dropped samples
latency

Statistics:
  latency:                  135.374ms [min=126.009ms, max=155.086ms, average=141.322ms, deviation=11.0388ms]
----------------------------------------------------------

----------------------------------------------------------
sample path: (VehicleDBWSystem) 
  order timepoint           sequence nr.                  node name     dropped samples
bp period
latency

Statistics:
  latency:                  619.252ms [min=523.302ms, max=639.06ms, average=586.863ms, deviation=54.364ms]
hotpath
  hot path:                 FrontLidarDriver/RearLidarDriver -> ObjectCollisionEstimator
  hot path latency:         309.771ms [min=203.336ms, max=320.104ms, average=283.457ms, deviation=54.0041ms]
  hot path drops:           0 [min=0, max=0, average=0, deviation=0]
  behavior planner period:  135.493ms [min=126.157ms, max=213.35ms, average=157.393ms, deviation=39.1339ms]
----------------------------------------------------------

----------------------------------------------------------
sample path: (IntersectionOutput) 
  order timepoint           sequence nr.                  node name     dropped samples
latency

Statistics:
  latency:                  125.739ms [min=125.739ms, max=155.086ms, average=138.725ms, deviation=11.7453ms]
----------------------------------------------------------

----------------------------------------------------------
sample path: (IntersectionOutput) 
  order timepoint           sequence nr.                  node name     dropped samples
latency

Statistics:
  latency:                  164.394ms [min=125.739ms, max=164.394ms, average=142.392ms, deviation=14.4599ms]
----------------------------------------------------------

----------------------------------------------------------
sample path: (VehicleDBWSystem) 
  order timepoint           sequence nr.                  node name     dropped samples
bp period
latency

Statistics:
  latency:                  773.748ms [min=523.302ms, max=773.748ms, average=618.011ms, deviation=90.4727ms]
hotpath
  hot path:                 FrontLidarDriver/RearLidarDriver -> ObjectCollisionEstimator
  hot path latency:         319.138ms [min=203.336ms, max=320.104ms, average=290.593ms, deviation=49.4163ms]
  hot path drops:           0 [min=0, max=0, average=0, deviation=0]
  behavior planner period:  203.236ms [min=126.157ms, max=213.35ms, average=166.562ms, deviation=39.6096ms]
----------------------------------------------------------

----------------------------------------------------------
sample path: (IntersectionOutput) 
  order timepoint           sequence nr.                  node name     dropped samples
latency

Statistics:
  latency:                  174.256ms [min=125.739ms, max=174.256ms, average=146.375ms, deviation=17.4967ms]
----------------------------------------------------------

----------------------------------------------------------
sample path: (IntersectionOutput) 
  order timepoint           sequence nr.                  node name     dropped samples
latency

Statistics:
  latency:                  164.522ms [min=125.739ms, max=174.256ms, average=148.391ms, deviation=17.4488ms]
----------------------------------------------------------

----------------------------------------------------------
sample path: (VehicleDBWSystem) 
  order timepoint           sequence nr.                  node name     dropped samples
bp period
latency

Statistics:
  latency:                  783.777ms [min=523.302ms, max=783.777ms, average=641.692ms, deviation=103.666ms]
hotpath
  hot path:                 FrontLidarDriver/RearLidarDriver -> ObjectCollisionEstimator
  hot path latency:         319.282ms [min=203.336ms, max=320.104ms, average=295.375ms, deviation=45.7246ms]
  hot path drops:           0 [min=0, max=0, average=0, deviation=0]
  behavior planner period:  164.489ms [min=126.157ms, max=213.35ms, average=166.216ms, deviation=35.438ms]
----------------------------------------------------------

----------------------------------------------------------
sample path: (IntersectionOutput) 
  order timepoint           sequence nr.                  node name     dropped samples
latency

Statistics:
  latency:                  164.573ms [min=125.739ms, max=174.256ms, average=150.009ms, deviation=17.2284ms]
----------------------------------------------------------

----------------------------------------------------------
sample path: (VehicleDBWSystem) 
  order timepoint           sequence nr.                  node name     dropped samples
bp period
latency

Statistics:
  latency:                  716.224ms [min=523.302ms, max=783.777ms, average=651.008ms, deviation=99.5276ms]
hotpath
  hot path:                 FrontLidarDriver/RearLidarDriver -> ObjectCollisionEstimator
  hot path latency:         357.958ms [min=203.336ms, max=357.958ms, average=304.315ms, deviation=47.9771ms]
  hot path drops:           0 [min=0, max=0, average=0, deviation=0]
  behavior planner period:  164.597ms [min=126.157ms, max=213.35ms, average=165.985ms, deviation=32.3561ms]
----------------------------------------------------------

----------------------------------------------------------
sample path: (IntersectionOutput) 
  order timepoint           sequence nr.                  node name     dropped samples
latency

Statistics:
  latency:                  145.34ms [min=125.739ms, max=174.256ms, average=149.585ms, deviation=16.4048ms]
----------------------------------------------------------

----------------------------------------------------------
sample path: (VehicleDBWSystem) 
  order timepoint           sequence nr.                  node name     dropped samples
bp period
latency

Statistics:
  latency:                  754.898ms [min=523.302ms, max=783.777ms, average=662.552ms, deviation=99.3316ms]
hotpath
  hot path:                 FrontLidarDriver/RearLidarDriver -> ObjectCollisionEstimator
  hot path latency:         396.775ms [min=203.336ms, max=396.775ms, average=315.873ms, deviation=55.1505ms]
  hot path drops:           0 [min=0, max=0, average=0, deviation=0]
  behavior planner period:  164.65ms [min=126.157ms, max=213.35ms, average=165.818ms, deviation=29.9596ms]
----------------------------------------------------------

----------------------------------------------------------
sample path: (IntersectionOutput) 
  order timepoint           sequence nr.                  node name     dropped samples
latency

Statistics:
  latency:                  164.452ms [min=125.739ms, max=174.256ms, average=150.824ms, deviation=16.2196ms]
----------------------------------------------------------

----------------------------------------------------------
sample path: (VehicleDBWSystem) 
  order timepoint           sequence nr.                  node name     dropped samples
bp period
latency

Statistics:
  latency:                  754.867ms [min=523.302ms, max=783.777ms, average=671.783ms, deviation=98.0952ms]
hotpath
  hot path:                 FrontLidarDriver/RearLidarDriver -> ObjectCollisionEstimator
  hot path latency:         387.295ms [min=203.336ms, max=396.775ms, average=323.808ms, deviation=56.817ms]
  hot path drops:           0 [min=0, max=0, average=0, deviation=0]
  behavior planner period:  164.467ms [min=126.157ms, max=213.35ms, average=165.668ms, deviation=28.0283ms]
----------------------------------------------------------

----------------------------------------------------------
sample path: (IntersectionOutput) 
  order timepoint           sequence nr.                  node name     dropped samples
latency

Statistics:
  latency:                  164.402ms [min=125.739ms, max=174.256ms, average=151.868ms, deviation=15.9792ms]
----------------------------------------------------------

----------------------------------------------------------
sample path: (VehicleDBWSystem) 
  order timepoint           sequence nr.                  node name     dropped samples
bp period
latency

Statistics:
  latency:                  754.568ms [min=523.302ms, max=783.777ms, average=679.309ms, deviation=96.3506ms]
hotpath
  hot path:                 FrontLidarDriver/RearLidarDriver -> ObjectCollisionEstimator
  hot path latency:         387.172ms [min=203.336ms, max=396.775ms, average=330.145ms, deviation=57.1925ms]
  hot path drops:           0 [min=0, max=0, average=0, deviation=0]
  behavior planner period:  164.581ms [min=126.157ms, max=213.35ms, average=165.559ms, deviation=26.4276ms]
----------------------------------------------------------

----------------------------------------------------------
sample path: (IntersectionOutput) 
  order timepoint           sequence nr.                  node name     dropped samples
latency

Statistics:
  latency:                  164.261ms [min=125.739ms, max=174.256ms, average=152.753ms, deviation=15.7055ms]
----------------------------------------------------------

----------------------------------------------------------
sample path: (VehicleDBWSystem) 
  order timepoint           sequence nr.                  node name     dropped samples
bp period
latency

Statistics:
  latency:                  676.967ms [min=523.302ms, max=783.777ms, average=679.114ms, deviation=91.8692ms]
hotpath
  hot path:                 FrontLidarDriver/RearLidarDriver -> ObjectCollisionEstimator
  hot path latency:         222.566ms [min=203.336ms, max=396.775ms, average=320.365ms, deviation=63.2138ms]
  hot path drops:           0 [min=0, max=0, average=0, deviation=0]
  behavior planner period:  130.511ms [min=126.157ms, max=213.35ms, average=162.373ms, deviation=27.2075ms]
----------------------------------------------------------

----------------------------------------------------------
sample path: (IntersectionOutput) 
  order timepoint           sequence nr.                  node name     dropped samples
latency

Statistics:
  latency:                  183.862ms [min=125.739ms, max=183.862ms, average=154.827ms, deviation=17.1336ms]
----------------------------------------------------------

----------------------------------------------------------
sample path: (VehicleDBWSystem) 
  order timepoint           sequence nr.                  node name     dropped samples
bp period
latency

Statistics:
  latency:                  764.12ms [min=523.302ms, max=783.777ms, average=685.653ms, deviation=91.063ms]
hotpath
  hot path:                 FrontLidarDriver/RearLidarDriver -> ObjectCollisionEstimator
  hot path latency:         386.892ms [min=203.336ms, max=396.775ms, average=325.909ms, deviation=63.2577ms]
  hot path drops:           0 [min=0, max=0, average=0, deviation=0]
  behavior planner period:  86.974ms [min=86.974ms, max=213.35ms, average=156.09ms, deviation=33.863ms]
----------------------------------------------------------

----------------------------------------------------------
sample path: (IntersectionOutput) 
  order timepoint           sequence nr.                  node name     dropped samples
latency

Statistics:
  latency:                  154.72ms [min=125.739ms, max=183.862ms, average=154.821ms, deviation=16.5526ms]
----------------------------------------------------------

----------------------------------------------------------
sample path: (VehicleDBWSystem) 
  order timepoint           sequence nr.                  node name     dropped samples
bp period
latency

Statistics:
  latency:                  754.173ms [min=523.302ms, max=783.777ms, average=690.547ms, deviation=89.3865ms]
hotpath
  hot path:                 FrontLidarDriver/RearLidarDriver -> ObjectCollisionEstimator
  hot path latency:         406.168ms [min=203.336ms, max=406.168ms, average=332.083ms, deviation=64.5258ms]
  hot path drops:           0 [min=0, max=0, average=0, deviation=0]
  behavior planner period:  164.632ms [min=86.974ms, max=213.35ms, average=156.747ms, deviation=32.5078ms]
----------------------------------------------------------

----------------------------------------------------------
sample path: (IntersectionOutput) 
  order timepoint           sequence nr.                  node name     dropped samples
latency

Statistics:
  latency:                  154.598ms [min=125.739ms, max=183.862ms, average=154.808ms, deviation=16.0271ms]
----------------------------------------------------------

----------------------------------------------------------
sample path: (VehicleDBWSystem) 
  order timepoint           sequence nr.                  node name     dropped samples
bp period
latency

Statistics:
  latency:                  918.837ms [min=523.302ms, max=918.837ms, average=705.766ms, deviation=104.373ms]
hotpath
  hot path:                 FrontLidarDriver/RearLidarDriver -> ObjectCollisionEstimator
  hot path latency:         560.922ms [min=203.336ms, max=560.922ms, average=348.428ms, deviation=87.0852ms]
  hot path drops:           0 [min=0, max=0, average=0, deviation=0]
  behavior planner period:  120.849ms [min=86.974ms, max=213.35ms, average=154.183ms, deviation=32.6729ms]
----------------------------------------------------------

----------------------------------------------------------
sample path: (IntersectionOutput) 
  order timepoint           sequence nr.                  node name     dropped samples
latency

Statistics:
  latency:                  164.636ms [min=125.739ms, max=183.862ms, average=155.354ms, deviation=15.7202ms]
----------------------------------------------------------

----------------------------------------------------------
sample path: (IntersectionOutput) 
  order timepoint           sequence nr.                  node name     dropped samples
latency

Statistics:
  latency:                  145.247ms [min=125.739ms, max=183.862ms, average=154.822ms, deviation=15.4522ms]
----------------------------------------------------------

----------------------------------------------------------
sample path: (VehicleDBWSystem) 
  order timepoint           sequence nr.                  node name     dropped samples
bp period
latency

Statistics:
  latency:                  783.645ms [min=523.302ms, max=918.837ms, average=710.634ms, deviation=102.696ms]
hotpath
  hot path:                 FrontLidarDriver/RearLidarDriver -> ObjectCollisionEstimator
  hot path latency:         367.545ms [min=203.336ms, max=560.922ms, average=349.703ms, deviation=84.0625ms]
  hot path drops:           0 [min=0, max=0, average=0, deviation=0]
  behavior planner period:  164.659ms [min=86.974ms, max=213.35ms, average=154.881ms, deviation=31.6003ms]
----------------------------------------------------------

----------------------------------------------------------
sample path: (IntersectionOutput) 
  order timepoint           sequence nr.                  node name     dropped samples
latency

Statistics:
  latency:                  144.991ms [min=125.739ms, max=183.862ms, average=154.33ms, deviation=15.1999ms]
----------------------------------------------------------

----------------------------------------------------------
sample path: (VehicleDBWSystem) 
  order timepoint           sequence nr.                  node name     dropped samples
bp period
latency

Statistics:
  latency:                  765.454ms [min=523.302ms, max=918.837ms, average=713.859ms, deviation=100.32ms]
hotpath
  hot path:                 FrontLidarDriver/RearLidarDriver -> ObjectCollisionEstimator
  hot path latency:         377.228ms [min=203.336ms, max=560.922ms, average=351.423ms, deviation=81.5031ms]
  hot path drops:           0 [min=0, max=0, average=0, deviation=0]
  behavior planner period:  154.647ms [min=86.974ms, max=213.35ms, average=154.867ms, deviation=30.5289ms]
----------------------------------------------------------

----------------------------------------------------------
sample path: (IntersectionOutput) 
  order timepoint           sequence nr.                  node name     dropped samples
latency

Statistics:
  latency:                  146.377ms [min=125.739ms, max=183.862ms, average=153.951ms, deviation=14.9163ms]
----------------------------------------------------------

----------------------------------------------------------
sample path: (IntersectionOutput) 
  order timepoint           sequence nr.                  node name     dropped samples
latency

Statistics:
  latency:                  173.828ms [min=125.739ms, max=183.862ms, average=154.855ms, deviation=15.1612ms]
----------------------------------------------------------

----------------------------------------------------------
sample path: (VehicleDBWSystem) 
  order timepoint           sequence nr.                  node name     dropped samples
bp period
latency

Statistics:
  latency:                  697.754ms [min=523.302ms, max=918.837ms, average=712.964ms, deviation=97.3987ms]
hotpath
  hot path:                 FrontLidarDriver/RearLidarDriver -> ObjectCollisionEstimator
  hot path latency:         348.411ms [min=203.336ms, max=560.922ms, average=351.246ms, deviation=78.9184ms]
  hot path drops:           0 [min=0, max=0, average=0, deviation=0]
  behavior planner period:  204.632ms [min=86.974ms, max=213.35ms, average=157.794ms, deviation=31.9287ms]
----------------------------------------------------------

----------------------------------------------------------
sample path: (IntersectionOutput) 
  order timepoint           sequence nr.                  node name     dropped samples
latency

Statistics:
  latency:                  145.159ms [min=125.739ms, max=183.862ms, average=154.433ms, deviation=14.9499ms]
----------------------------------------------------------

----------------------------------------------------------
sample path: (VehicleDBWSystem) 
  order timepoint           sequence nr.                  node name     dropped samples
bp period
latency

Statistics:
  latency:                  707.505ms [min=523.302ms, max=918.837ms, average=712.677ms, deviation=94.6628ms]
hotpath
  hot path:                 FrontLidarDriver/RearLidarDriver -> ObjectCollisionEstimator
  hot path latency:         359.163ms [min=203.336ms, max=560.922ms, average=351.686ms, deviation=76.5848ms]
  hot path drops:           0 [min=0, max=0, average=0, deviation=0]
  behavior planner period:  173.951ms [min=86.974ms, max=213.35ms, average=158.692ms, deviation=31.2086ms]
----------------------------------------------------------

----------------------------------------------------------
sample path: (IntersectionOutput) 
  order timepoint           sequence nr.                  node name     dropped samples
latency

Statistics:
  latency:                  155.062ms [min=125.739ms, max=183.862ms, average=154.46ms, deviation=14.6219ms]
----------------------------------------------------------

----------------------------------------------------------
sample path: (VehicleDBWSystem) 
  order timepoint           sequence nr.                  node name     dropped samples
bp period
latency

Statistics:
  latency:                  717.167ms [min=523.302ms, max=918.837ms, average=712.901ms, deviation=92.1435ms]
hotpath
  hot path:                 FrontLidarDriver/RearLidarDriver -> ObjectCollisionEstimator
  hot path latency:         368.768ms [min=203.336ms, max=560.922ms, average=352.585ms, deviation=74.5302ms]
  hot path drops:           0 [min=0, max=0, average=0, deviation=0]
  behavior planner period:  154.914ms [min=86.974ms, max=213.35ms, average=158.493ms, deviation=30.3417ms]
----------------------------------------------------------

----------------------------------------------------------
sample path: (IntersectionOutput) 
  order timepoint           sequence nr.                  node name     dropped samples
latency

Statistics:
  latency:                  154.685ms [min=125.739ms, max=183.862ms, average=154.469ms, deviation=14.3141ms]
----------------------------------------------------------

----------------------------------------------------------
sample path: (VehicleDBWSystem) 
  order timepoint           sequence nr.                  node name     dropped samples
bp period
latency

Statistics:
  latency:                  735.385ms [min=523.302ms, max=918.837ms, average=713.972ms, deviation=89.9443ms]
hotpath
  hot path:                 FrontLidarDriver/RearLidarDriver -> ObjectCollisionEstimator
  hot path latency:         377.31ms [min=203.336ms, max=560.922ms, average=353.821ms, deviation=72.7527ms]
  hot path drops:           0 [min=0, max=0, average=0, deviation=0]
  behavior planner period:  121.003ms [min=86.974ms, max=213.35ms, average=156.618ms, deviation=30.6992ms]
----------------------------------------------------------

----------------------------------------------------------
sample path: (IntersectionOutput) 
  order timepoint           sequence nr.                  node name     dropped samples
latency

Statistics:
  latency:                  164.627ms [min=125.739ms, max=183.862ms, average=154.859ms, deviation=14.1657ms]
----------------------------------------------------------

----------------------------------------------------------
sample path: (IntersectionOutput) 
  order timepoint           sequence nr.                  node name     dropped samples
latency

Statistics:
  latency:                  126.063ms [min=125.739ms, max=183.862ms, average=153.793ms, deviation=14.9553ms]
----------------------------------------------------------

----------------------------------------------------------
sample path: (VehicleDBWSystem) 
  order timepoint           sequence nr.                  node name     dropped samples
bp period
latency

Statistics:
  latency:                  755.337ms [min=523.302ms, max=918.837ms, average=715.852ms, deviation=88.2186ms]
hotpath
  hot path:                 FrontLidarDriver/RearLidarDriver -> ObjectCollisionEstimator
  hot path latency:         367.748ms [min=203.336ms, max=560.922ms, average=354.484ms, deviation=70.9757ms]
  hot path drops:           0 [min=0, max=0, average=0, deviation=0]
  behavior planner period:  164.67ms [min=86.974ms, max=213.35ms, average=157.002ms, deviation=29.9734ms]
----------------------------------------------------------

----------------------------------------------------------
sample path: (IntersectionOutput) 
  order timepoint           sequence nr.                  node name     dropped samples
latency

Statistics:
  latency:                  135.671ms [min=125.739ms, max=183.862ms, average=153.146ms, deviation=15.07ms]
----------------------------------------------------------

----------------------------------------------------------
sample path: (VehicleDBWSystem) 
  order timepoint           sequence nr.                  node name     dropped samples
bp period
latency

Statistics:
  latency:                  726.238ms [min=523.302ms, max=918.837ms, average=716.304ms, deviation=86.2175ms]
hotpath
  hot path:                 FrontLidarDriver/RearLidarDriver -> ObjectCollisionEstimator
  hot path latency:         377.501ms [min=203.336ms, max=560.922ms, average=355.53ms, deviation=69.4388ms]
  hot path drops:           0 [min=0, max=0, average=0, deviation=0]
  behavior planner period:  135.557ms [min=86.974ms, max=213.35ms, average=156.027ms, deviation=29.6062ms]
----------------------------------------------------------

----------------------------------------------------------
sample path: (IntersectionOutput) 
  order timepoint           sequence nr.                  node name     dropped samples
latency

Statistics:
  latency:                  125.769ms [min=125.739ms, max=183.862ms, average=152.202ms, deviation=15.6473ms]
----------------------------------------------------------

----------------------------------------------------------
sample path: (VehicleDBWSystem) 
  order timepoint           sequence nr.                  node name     dropped samples
bp period
latency

Statistics:
  latency:                  523.043ms [min=523.043ms, max=918.837ms, average=708.251ms, deviation=93.094ms]
hotpath
  hot path:                 FrontLidarDriver/RearLidarDriver -> ObjectCollisionEstimator
  hot path latency:         271.571ms [min=203.336ms, max=560.922ms, average=351.88ms, deviation=70.0647ms]
  hot path drops:           0 [min=0, max=0, average=0, deviation=0]
  behavior planner period:  92.0843ms [min=86.974ms, max=213.35ms, average=153.247ms, deviation=31.8505ms]
----------------------------------------------------------

----------------------------------------------------------
sample path: (IntersectionOutput) 
  order timepoint           sequence nr.                  node name     dropped samples
latency

Statistics:
  latency:                  135.505ms [min=125.739ms, max=183.862ms, average=151.645ms, deviation=15.6744ms]
----------------------------------------------------------

----------------------------------------------------------
sample path: (IntersectionOutput) 
  order timepoint           sequence nr.                  node name     dropped samples
latency

Statistics:
  latency:                  125.862ms [min=125.739ms, max=183.862ms, average=150.813ms, deviation=16.0917ms]
----------------------------------------------------------

----------------------------------------------------------
sample path: (VehicleDBWSystem) 
  order timepoint           sequence nr.                  node name     dropped samples
bp period
latency

Statistics:
  latency:                  726.371ms [min=523.043ms, max=918.837ms, average=708.976ms, deviation=91.2059ms]
  behavior planner period:  135.539ms [min=86.974ms, max=213.35ms, average=152.509ms, deviation=31.3594ms]
----------------------------------------------------------

----------------------------------------------------------
sample path: (IntersectionOutput) 
  order timepoint           sequence nr.                  node name     dropped samples
latency

Statistics:
  latency:                  125.797ms [min=125.739ms, max=183.862ms, average=150.032ms, deviation=16.4361ms]
----------------------------------------------------------

----------------------------------------------------------
sample path: (IntersectionOutput) 
  order timepoint           sequence nr.                  node name     dropped samples
latency

Statistics:
  latency:                  106.527ms [min=106.527ms, max=183.862ms, average=148.713ms, deviation=17.8622ms]
----------------------------------------------------------

----------------------------------------------------------
sample path: (VehicleDBWSystem) 
  order timepoint           sequence nr.                  node name     dropped samples
bp period
latency

Statistics:
  latency:                  687.576ms [min=523.043ms, max=918.837ms, average=708.153ms, deviation=89.4617ms]
hotpath
  hot path:                 FrontLidarDriver/RearLidarDriver -> ObjectCollisionEstimator
  hot path latency:         271.287ms [min=203.336ms, max=560.922ms, average=348.522ms, deviation=70.4717ms]
  hot path drops:           0 [min=0, max=0, average=0, deviation=0]
  behavior planner period:  203.28ms [min=86.974ms, max=213.35ms, average=154.54ms, deviation=32.3349ms]
----------------------------------------------------------

