----------------------------------------------------------
sample path: (IntersectionOutput) 
  order timepoint           sequence nr.                  node name     dropped samples
latency

Statistics:
  latency:                  129.4ms [min=129.4ms, max=129.4ms, average=129.4ms, deviation=-nanms]
----------------------------------------------------------

----------------------------------------------------------
sample path: (VehicleDBWSystem) 
  order timepoint           sequence nr.                  node name     dropped samples
latency

Statistics:
  latency:                  592.847ms [min=592.847ms, max=592.847ms, average=592.847ms, deviation=-nanms]
hotpath
  hot path:                 FrontLidarDriver/RearLidarDriver -> ObjectCollisionEstimator
  hot path latency:         176.53ms [min=176.53ms, max=176.53ms, average=176.53ms, deviation=-nanms]
  hot path drops:           0 [min=0, max=0, average=0, deviation=-nan]
  behavior planner period:  0ms [min=1.84467e+13ms, max=0ms, average=0ms, deviation=0ms]
----------------------------------------------------------

----------------------------------------------------------
sample path: (IntersectionOutput) 
  order timepoint           sequence nr.                  node name     dropped samples
latency

Statistics:
  latency:                  129.54ms [min=129.4ms, max=129.54ms, average=129.47ms, deviation=0.0989257ms]
----------------------------------------------------------

----------------------------------------------------------
sample path: (VehicleDBWSystem) 
  order timepoint           sequence nr.                  node name     dropped samples
bp period
latency

Statistics:
  latency:                  629.446ms [min=592.847ms, max=629.446ms, average=611.147ms, deviation=25.8798ms]
hotpath
  hot path:                 FrontLidarDriver/RearLidarDriver -> ObjectCollisionEstimator
  hot path latency:         296.253ms [min=176.53ms, max=296.253ms, average=236.391ms, deviation=84.6569ms]
  hot path drops:           0 [min=0, max=0, average=0, deviation=0]
  behavior planner period:  212.78ms [min=212.78ms, max=212.78ms, average=212.78ms, deviation=-nanms]
----------------------------------------------------------

----------------------------------------------------------
sample path: (IntersectionOutput) 
  order timepoint           sequence nr.                  node name     dropped samples
latency

Statistics:
  latency:                  101.898ms [min=101.898ms, max=129.54ms, average=120.28ms, deviation=15.9187ms]
----------------------------------------------------------

----------------------------------------------------------
sample path: (IntersectionOutput) 
  order timepoint           sequence nr.                  node name     dropped samples
latency

Statistics:
  latency:                  166.001ms [min=101.898ms, max=166.001ms, average=131.71ms, deviation=26.2974ms]
----------------------------------------------------------

----------------------------------------------------------
sample path: (VehicleDBWSystem) 
  order timepoint           sequence nr.                  node name     dropped samples
bp period
latency

Statistics:
  latency:                  564.334ms [min=564.334ms, max=629.446ms, average=595.543ms, deviation=32.6395ms]
hotpath
  hot path:                 FrontLidarDriver/RearLidarDriver -> ObjectCollisionEstimator
  hot path latency:         287.013ms [min=176.53ms, max=296.253ms, average=253.265ms, deviation=66.6151ms]
  hot path drops:           0 [min=0, max=0, average=0, deviation=0]
  behavior planner period:  120.345ms [min=120.345ms, max=212.78ms, average=166.562ms, deviation=65.3615ms]
----------------------------------------------------------

----------------------------------------------------------
sample path: (IntersectionOutput) 
  order timepoint           sequence nr.                  node name     dropped samples
latency

Statistics:
  latency:                  110.988ms [min=101.898ms, max=166.001ms, average=127.566ms, deviation=24.5875ms]
----------------------------------------------------------

----------------------------------------------------------
sample path: (VehicleDBWSystem) 
  order timepoint           sequence nr.                  node name     dropped samples
bp period
latency

Statistics:
  latency:                  628.731ms [min=564.334ms, max=629.446ms, average=603.84ms, deviation=31.3941ms]
hotpath
  hot path:                 FrontLidarDriver/RearLidarDriver -> ObjectCollisionEstimator
  hot path latency:         268.412ms [min=176.53ms, max=296.253ms, average=257.052ms, deviation=54.9157ms]
  hot path drops:           0 [min=0, max=0, average=0, deviation=0]
  behavior planner period:  106.287ms [min=106.287ms, max=212.78ms, average=146.47ms, deviation=57.8542ms]
----------------------------------------------------------

----------------------------------------------------------
sample path: (IntersectionOutput) 
  order timepoint           sequence nr.                  node name     dropped samples
latency

Statistics:
  latency:                  110.847ms [min=101.898ms, max=166.001ms, average=124.779ms, deviation=23.0265ms]
----------------------------------------------------------

----------------------------------------------------------
sample path: (IntersectionOutput) 
  order timepoint           sequence nr.                  node name     dropped samples
latency

Statistics:
  latency:                  111.011ms [min=101.898ms, max=166.001ms, average=122.812ms, deviation=21.6548ms]
----------------------------------------------------------

----------------------------------------------------------
sample path: (VehicleDBWSystem) 
  order timepoint           sequence nr.                  node name     dropped samples
bp period
latency

Statistics:
  latency:                  591.695ms [min=564.334ms, max=629.446ms, average=601.411ms, deviation=27.7253ms]
hotpath
  hot path:                 FrontLidarDriver/RearLidarDriver -> ObjectCollisionEstimator
  hot path latency:         231.055ms [min=176.53ms, max=296.253ms, average=251.853ms, deviation=48.9588ms]
  hot path drops:           3 [min=0, max=3, average=0.6, deviation=1.34164]
  behavior planner period:  120.126ms [min=106.287ms, max=212.78ms, average=139.884ms, deviation=49.0399ms]
----------------------------------------------------------

----------------------------------------------------------
sample path: (IntersectionOutput) 
  order timepoint           sequence nr.                  node name     dropped samples
latency

Statistics:
  latency:                  83.4047ms [min=83.4047ms, max=166.001ms, average=117.886ms, deviation=24.4144ms]
----------------------------------------------------------

----------------------------------------------------------
sample path: (IntersectionOutput) 
  order timepoint           sequence nr.                  node name     dropped samples
latency

Statistics:
  latency:                  129.203ms [min=83.4047ms, max=166.001ms, average=119.144ms, deviation=23.147ms]
----------------------------------------------------------

----------------------------------------------------------
sample path: (VehicleDBWSystem) 
  order timepoint           sequence nr.                  node name     dropped samples
bp period
latency

Statistics:
  latency:                  554.593ms [min=554.593ms, max=629.446ms, average=593.608ms, deviation=31.3092ms]
hotpath
  hot path:                 FrontLidarDriver/RearLidarDriver -> ObjectCollisionEstimator
  hot path latency:         203.359ms [min=176.53ms, max=296.253ms, average=243.77ms, deviation=48.0574ms]
  hot path drops:           1 [min=0, max=3, average=0.666667, deviation=1.21106]
  behavior planner period:  166.574ms [min=106.287ms, max=212.78ms, average=145.222ms, deviation=44.1153ms]
----------------------------------------------------------

----------------------------------------------------------
sample path: (IntersectionOutput) 
  order timepoint           sequence nr.                  node name     dropped samples
latency

Statistics:
  latency:                  157.083ms [min=83.4047ms, max=166.001ms, average=122.938ms, deviation=24.9036ms]
----------------------------------------------------------

----------------------------------------------------------
sample path: (VehicleDBWSystem) 
  order timepoint           sequence nr.                  node name     dropped samples
bp period
latency

Statistics:
  latency:                  490.063ms [min=490.063ms, max=629.446ms, average=578.816ms, deviation=48.4616ms]
hotpath
  hot path:                 FrontLidarDriver/RearLidarDriver -> ObjectCollisionEstimator
  hot path latency:         249.747ms [min=176.53ms, max=296.253ms, average=244.624ms, deviation=43.9283ms]
  hot path drops:           0 [min=0, max=3, average=0.571429, deviation=1.13389]
  behavior planner period:  101.654ms [min=101.654ms, max=212.78ms, average=137.961ms, deviation=43.2816ms]
----------------------------------------------------------

----------------------------------------------------------
sample path: (IntersectionOutput) 
  order timepoint           sequence nr.                  node name     dropped samples
latency

Statistics:
  latency:                  111.062ms [min=83.4047ms, max=166.001ms, average=121.858ms, deviation=23.8955ms]
----------------------------------------------------------

----------------------------------------------------------
sample path: (VehicleDBWSystem) 
  order timepoint           sequence nr.                  node name     dropped samples
bp period
latency

Statistics:
  latency:                  508.56ms [min=490.063ms, max=629.446ms, average=570.034ms, deviation=51.2836ms]
  behavior planner period:  138.751ms [min=101.654ms, max=212.78ms, average=138.074ms, deviation=39.5116ms]
----------------------------------------------------------

----------------------------------------------------------
sample path: (IntersectionOutput) 
  order timepoint           sequence nr.                  node name     dropped samples
latency

Statistics:
  latency:                  101.859ms [min=83.4047ms, max=166.001ms, average=120.191ms, deviation=23.5035ms]
----------------------------------------------------------

----------------------------------------------------------
sample path: (IntersectionOutput) 
  order timepoint           sequence nr.                  node name     dropped samples
latency

Statistics:
  latency:                  120.086ms [min=83.4047ms, max=166.001ms, average=120.183ms, deviation=22.5029ms]
----------------------------------------------------------

----------------------------------------------------------
sample path: (VehicleDBWSystem) 
  order timepoint           sequence nr.                  node name     dropped samples
bp period
latency

Statistics:
  latency:                  582.681ms [min=490.063ms, max=629.446ms, average=571.439ms, deviation=48.1563ms]
hotpath
  hot path:                 FrontLidarDriver/RearLidarDriver -> ObjectCollisionEstimator
  hot path latency:         212.854ms [min=176.53ms, max=296.253ms, average=240.653ms, deviation=42.1924ms]
  hot path drops:           1 [min=0, max=3, average=0.625, deviation=1.06066]
  behavior planner period:  175.922ms [min=101.654ms, max=212.78ms, average=142.805ms, deviation=38.9514ms]
----------------------------------------------------------

----------------------------------------------------------
sample path: (IntersectionOutput) 
  order timepoint           sequence nr.                  node name     dropped samples
latency

Statistics:
  latency:                  120.234ms [min=83.4047ms, max=166.001ms, average=120.187ms, deviation=21.6201ms]
----------------------------------------------------------

----------------------------------------------------------
sample path: (VehicleDBWSystem) 
  order timepoint           sequence nr.                  node name     dropped samples
bp period
latency

Statistics:
  latency:                  481.008ms [min=481.008ms, max=629.446ms, average=562.396ms, deviation=53.6575ms]
  behavior planner period:  129.387ms [min=101.654ms, max=212.78ms, average=141.314ms, deviation=36.7092ms]
----------------------------------------------------------

----------------------------------------------------------
sample path: (IntersectionOutput) 
  order timepoint           sequence nr.                  node name     dropped samples
latency

Statistics:
  latency:                  111.036ms [min=83.4047ms, max=166.001ms, average=119.577ms, deviation=20.9672ms]
----------------------------------------------------------

----------------------------------------------------------
sample path: (IntersectionOutput) 
  order timepoint           sequence nr.                  node name     dropped samples
latency

Statistics:
  latency:                  138.621ms [min=83.4047ms, max=166.001ms, average=120.767ms, deviation=20.8082ms]
----------------------------------------------------------

----------------------------------------------------------
sample path: (VehicleDBWSystem) 
  order timepoint           sequence nr.                  node name     dropped samples
bp period
latency

Statistics:
  latency:                  647.678ms [min=481.008ms, max=647.678ms, average=570.149ms, deviation=57.0299ms]
hotpath
  hot path:                 FrontLidarDriver/RearLidarDriver -> ObjectCollisionEstimator
  hot path latency:         259.137ms [min=176.53ms, max=296.253ms, average=242.707ms, deviation=39.9454ms]
  hot path drops:           0 [min=0, max=3, average=0.555556, deviation=1.01379]
  behavior planner period:  185.117ms [min=101.654ms, max=212.78ms, average=145.694ms, deviation=37.2787ms]
----------------------------------------------------------

----------------------------------------------------------
sample path: (IntersectionOutput) 
  order timepoint           sequence nr.                  node name     dropped samples
latency

Statistics:
  latency:                  110.967ms [min=83.4047ms, max=166.001ms, average=120.191ms, deviation=20.2872ms]
----------------------------------------------------------

----------------------------------------------------------
sample path: (VehicleDBWSystem) 
  order timepoint           sequence nr.                  node name     dropped samples
bp period
latency

Statistics:
  latency:                  554.876ms [min=481.008ms, max=647.678ms, average=568.876ms, deviation=54.5543ms]
hotpath
  hot path:                 FrontLidarDriver/RearLidarDriver -> ObjectCollisionEstimator
  hot path latency:         259.21ms [min=176.53ms, max=296.253ms, average=244.357ms, deviation=38.0207ms]
  hot path drops:           0 [min=0, max=3, average=0.5, deviation=0.971825]
  behavior planner period:  175.833ms [min=101.654ms, max=212.78ms, average=148.434ms, deviation=36.5145ms]
----------------------------------------------------------

----------------------------------------------------------
sample path: (IntersectionOutput) 
  order timepoint           sequence nr.                  node name     dropped samples
latency

Statistics:
  latency:                  120.186ms [min=83.4047ms, max=166.001ms, average=120.19ms, deviation=19.6815ms]
----------------------------------------------------------

----------------------------------------------------------
sample path: (VehicleDBWSystem) 
  order timepoint           sequence nr.                  node name     dropped samples
bp period
latency

Statistics:
  latency:                  480.834ms [min=480.834ms, max=647.678ms, average=562.104ms, deviation=57.6578ms]
  behavior planner period:  129.324ms [min=101.654ms, max=212.78ms, average=146.842ms, deviation=35.2495ms]
----------------------------------------------------------

----------------------------------------------------------
sample path: (IntersectionOutput) 
  order timepoint           sequence nr.                  node name     dropped samples
latency

Statistics:
  latency:                  110.97ms [min=83.4047ms, max=166.001ms, average=119.705ms, deviation=19.2436ms]
----------------------------------------------------------

----------------------------------------------------------
sample path: (IntersectionOutput) 
  order timepoint           sequence nr.                  node name     dropped samples
latency

Statistics:
  latency:                  165.238ms [min=83.4047ms, max=166.001ms, average=121.982ms, deviation=21.3187ms]
----------------------------------------------------------

----------------------------------------------------------
sample path: (VehicleDBWSystem) 
  order timepoint           sequence nr.                  node name     dropped samples
bp period
latency

Statistics:
  latency:                  692.709ms [min=480.834ms, max=692.709ms, average=571.433ms, deviation=65.4761ms]
hotpath
  hot path:                 FrontLidarDriver/RearLidarDriver -> ObjectCollisionEstimator
  hot path latency:         259.033ms [min=176.53ms, max=296.253ms, average=245.691ms, deviation=36.3401ms]
  hot path drops:           0 [min=0, max=3, average=0.454545, deviation=0.934199]
  behavior planner period:  185.067ms [min=101.654ms, max=212.78ms, average=149.782ms, deviation=35.3749ms]
----------------------------------------------------------

----------------------------------------------------------
sample path: (IntersectionOutput) 
  order timepoint           sequence nr.                  node name     dropped samples
latency

Statistics:
  latency:                  120.342ms [min=83.4047ms, max=166.001ms, average=121.904ms, deviation=20.782ms]
----------------------------------------------------------

----------------------------------------------------------
sample path: (VehicleDBWSystem) 
  order timepoint           sequence nr.                  node name     dropped samples
bp period
latency

Statistics:
  latency:                  655.715ms [min=480.834ms, max=692.709ms, average=577.051ms, deviation=66.7418ms]
hotpath
  hot path:                 FrontLidarDriver/RearLidarDriver -> ObjectCollisionEstimator
  hot path latency:         286.548ms [min=176.53ms, max=296.253ms, average=249.096ms, deviation=36.6013ms]
  hot path drops:           0 [min=0, max=3, average=0.416667, deviation=0.900337]
  behavior planner period:  165.374ms [min=101.654ms, max=212.78ms, average=150.896ms, deviation=34.2416ms]
----------------------------------------------------------

----------------------------------------------------------
sample path: (IntersectionOutput) 
  order timepoint           sequence nr.                  node name     dropped samples
latency

Statistics:
  latency:                  129.539ms [min=83.4047ms, max=166.001ms, average=122.251ms, deviation=20.3464ms]
----------------------------------------------------------

----------------------------------------------------------
sample path: (VehicleDBWSystem) 
  order timepoint           sequence nr.                  node name     dropped samples
bp period
latency

Statistics:
  latency:                  517.09ms [min=480.834ms, max=692.709ms, average=573.304ms, deviation=66.1983ms]
hotpath
  hot path:                 FrontLidarDriver/RearLidarDriver -> ObjectCollisionEstimator
  hot path latency:         18.7547ms [min=18.7547ms, max=296.253ms, average=231.377ms, deviation=72.8652ms]
  hot path drops:           2 [min=0, max=3, average=0.538462, deviation=0.967418]
  behavior planner period:  92.691ms [min=92.691ms, max=212.78ms, average=147.016ms, deviation=36.2573ms]
----------------------------------------------------------

----------------------------------------------------------
sample path: (IntersectionOutput) 
  order timepoint           sequence nr.                  node name     dropped samples
latency

Statistics:
  latency:                  138.594ms [min=83.4047ms, max=166.001ms, average=122.961ms, deviation=20.1686ms]
----------------------------------------------------------

----------------------------------------------------------
sample path: (IntersectionOutput) 
  order timepoint           sequence nr.                  node name     dropped samples
latency

Statistics:
  latency:                  138.588ms [min=83.4047ms, max=166.001ms, average=123.612ms, deviation=19.9815ms]
----------------------------------------------------------

----------------------------------------------------------
sample path: (VehicleDBWSystem) 
  order timepoint           sequence nr.                  node name     dropped samples
bp period
latency

Statistics:
  latency:                  638.666ms [min=480.834ms, max=692.709ms, average=577.149ms, deviation=66.0275ms]
hotpath
  hot path:                 FrontLidarDriver/RearLidarDriver -> ObjectCollisionEstimator
  hot path latency:         231.721ms [min=18.7547ms, max=296.253ms, average=231.402ms, deviation=70.0066ms]
  hot path drops:           2 [min=0, max=3, average=0.642857, deviation=1.00821]
  behavior planner period:  147.856ms [min=92.691ms, max=212.78ms, average=147.068ms, deviation=35.0285ms]
----------------------------------------------------------

----------------------------------------------------------
sample path: (IntersectionOutput) 
  order timepoint           sequence nr.                  node name     dropped samples
latency

Statistics:
  latency:                  138.922ms [min=83.4047ms, max=166.001ms, average=124.225ms, deviation=19.799ms]
----------------------------------------------------------

----------------------------------------------------------
sample path: (VehicleDBWSystem) 
  order timepoint           sequence nr.                  node name     dropped samples
bp period
latency

Statistics:
  latency:                  647.415ms [min=480.834ms, max=692.709ms, average=581.052ms, deviation=66.1626ms]
hotpath
  hot path:                 FrontLidarDriver/RearLidarDriver -> ObjectCollisionEstimator
  hot path latency:         323.666ms [min=18.7547ms, max=323.666ms, average=237.553ms, deviation=71.5428ms]
  hot path drops:           0 [min=0, max=3, average=0.6, deviation=0.985611]
  behavior planner period:  147.901ms [min=92.691ms, max=212.78ms, average=147.117ms, deviation=33.9168ms]
----------------------------------------------------------

----------------------------------------------------------
sample path: (IntersectionOutput) 
  order timepoint           sequence nr.                  node name     dropped samples
latency

Statistics:
  latency:                  138.721ms [min=83.4047ms, max=166.001ms, average=124.782ms, deviation=19.6062ms]
----------------------------------------------------------

----------------------------------------------------------
sample path: (VehicleDBWSystem) 
  order timepoint           sequence nr.                  node name     dropped samples
bp period
latency

Statistics:
  latency:                  499.254ms [min=480.834ms, max=692.709ms, average=576.747ms, deviation=66.9809ms]
hotpath
  hot path:                 FrontLidarDriver/RearLidarDriver -> ObjectCollisionEstimator
  hot path latency:         101.952ms [min=18.7547ms, max=323.666ms, average=229.078ms, deviation=76.9829ms]
  hot path drops:           1 [min=0, max=3, average=0.625, deviation=0.957427]
  behavior planner period:  115.72ms [min=92.691ms, max=212.78ms, average=145.373ms, deviation=33.7261ms]
----------------------------------------------------------

----------------------------------------------------------
sample path: (IntersectionOutput) 
  order timepoint           sequence nr.                  node name     dropped samples
latency

Statistics:
  latency:                  129.247ms [min=83.4047ms, max=166.001ms, average=124.948ms, deviation=19.2446ms]
----------------------------------------------------------

----------------------------------------------------------
sample path: (IntersectionOutput) 
  order timepoint           sequence nr.                  node name     dropped samples
latency

Statistics:
  latency:                  120.127ms [min=83.4047ms, max=166.001ms, average=124.776ms, deviation=18.9068ms]
----------------------------------------------------------

----------------------------------------------------------
sample path: (VehicleDBWSystem) 
  order timepoint           sequence nr.                  node name     dropped samples
bp period
latency

Statistics:
  latency:                  711.866ms [min=480.834ms, max=711.866ms, average=583.503ms, deviation=71.8552ms]
hotpath
  hot path:                 FrontLidarDriver/RearLidarDriver -> ObjectCollisionEstimator
  hot path latency:         240.85ms [min=18.7547ms, max=323.666ms, average=229.77ms, deviation=74.5931ms]
  hot path drops:           1 [min=0, max=3, average=0.647059, deviation=0.931476]
  behavior planner period:  138.521ms [min=92.691ms, max=212.78ms, average=145.012ms, deviation=32.8136ms]
----------------------------------------------------------

----------------------------------------------------------
sample path: (IntersectionOutput) 
  order timepoint           sequence nr.                  node name     dropped samples
latency

Statistics:
  latency:                  120.419ms [min=83.4047ms, max=166.001ms, average=124.625ms, deviation=18.5838ms]
----------------------------------------------------------

----------------------------------------------------------
sample path: (IntersectionOutput) 
  order timepoint           sequence nr.                  node name     dropped samples
latency

Statistics:
  latency:                  138.607ms [min=83.4047ms, max=166.001ms, average=125.091ms, deviation=18.4381ms]
----------------------------------------------------------

----------------------------------------------------------
sample path: (VehicleDBWSystem) 
  order timepoint           sequence nr.                  node name     dropped samples
bp period
latency

Statistics:
  latency:                  739.836ms [min=480.834ms, max=739.836ms, average=590.948ms, deviation=77.9026ms]
hotpath
  hot path:                 FrontLidarDriver/RearLidarDriver -> ObjectCollisionEstimator
  hot path latency:         323.482ms [min=18.7547ms, max=323.666ms, average=234.976ms, deviation=75.6618ms]
  hot path drops:           0 [min=0, max=3, average=0.611111, deviation=0.916444]
  behavior planner period:  203.459ms [min=92.691ms, max=212.78ms, average=147.934ms, deviation=34.5088ms]
----------------------------------------------------------

----------------------------------------------------------
sample path: (IntersectionOutput) 
  order timepoint           sequence nr.                  node name     dropped samples
latency

Statistics:
  latency:                  92.5636ms [min=83.4047ms, max=166.001ms, average=124.042ms, deviation=19.0463ms]
----------------------------------------------------------

----------------------------------------------------------
sample path: (IntersectionOutput) 
  order timepoint           sequence nr.                  node name     dropped samples
latency

Statistics:
  latency:                  138.45ms [min=83.4047ms, max=166.001ms, average=124.492ms, deviation=18.9089ms]
----------------------------------------------------------

----------------------------------------------------------
sample path: (VehicleDBWSystem) 
  order timepoint           sequence nr.                  node name     dropped samples
bp period
latency

Statistics:
  latency:                  573.309ms [min=480.834ms, max=739.836ms, average=590.146ms, deviation=76.1181ms]
hotpath
  hot path:                 FrontLidarDriver/RearLidarDriver -> ObjectCollisionEstimator
  hot path latency:         277.571ms [min=18.7547ms, max=323.666ms, average=237.218ms, deviation=74.1765ms]
  hot path drops:           0 [min=0, max=3, average=0.578947, deviation=0.901591]
  behavior planner period:  166.663ms [min=92.691ms, max=212.78ms, average=148.826ms, deviation=33.8825ms]
----------------------------------------------------------

----------------------------------------------------------
sample path: (IntersectionOutput) 
  order timepoint           sequence nr.                  node name     dropped samples
latency

Statistics:
  latency:                  129.337ms [min=83.4047ms, max=166.001ms, average=124.639ms, deviation=18.6302ms]
----------------------------------------------------------

----------------------------------------------------------
sample path: (VehicleDBWSystem) 
  order timepoint           sequence nr.                  node name     dropped samples
bp period
latency

Statistics:
  latency:                  490.137ms [min=480.834ms, max=739.836ms, average=585.798ms, deviation=77.2364ms]
  behavior planner period:  138.602ms [min=92.691ms, max=212.78ms, average=148.362ms, deviation=33.1377ms]
----------------------------------------------------------

----------------------------------------------------------
sample path: (IntersectionOutput) 
  order timepoint           sequence nr.                  node name     dropped samples
latency

Statistics:
  latency:                  111.055ms [min=83.4047ms, max=166.001ms, average=124.24ms, deviation=18.4931ms]
----------------------------------------------------------

----------------------------------------------------------
sample path: (VehicleDBWSystem) 
  order timepoint           sequence nr.                  node name     dropped samples
bp period
latency

Statistics:
  latency:                  665.845ms [min=480.834ms, max=739.836ms, average=589.133ms, deviation=77.2857ms]
hotpath
  hot path:                 FrontLidarDriver/RearLidarDriver -> ObjectCollisionEstimator
  hot path latency:         249.809ms [min=18.7547ms, max=323.666ms, average=237.848ms, deviation=72.253ms]
  hot path drops:           0 [min=0, max=3, average=0.55, deviation=0.887041]
  behavior planner period:  203.396ms [min=92.691ms, max=212.78ms, average=150.754ms, deviation=34.3494ms]
----------------------------------------------------------

----------------------------------------------------------
sample path: (IntersectionOutput) 
  order timepoint           sequence nr.                  node name     dropped samples
latency

Statistics:
  latency:                  101.671ms [min=83.4047ms, max=166.001ms, average=123.595ms, deviation=18.6142ms]
----------------------------------------------------------

----------------------------------------------------------
sample path: (IntersectionOutput) 
  order timepoint           sequence nr.                  node name     dropped samples
latency

Statistics:
  latency:                  138.372ms [min=83.4047ms, max=166.001ms, average=124.005ms, deviation=18.511ms]
----------------------------------------------------------

----------------------------------------------------------
sample path: (VehicleDBWSystem) 
  order timepoint           sequence nr.                  node name     dropped samples
bp period
latency

Statistics:
  latency:                  570.629ms [min=480.834ms, max=739.836ms, average=588.393ms, deviation=75.7489ms]
hotpath
  hot path:                 FrontLidarDriver/RearLidarDriver -> ObjectCollisionEstimator
  hot path latency:         268.41ms [min=18.7547ms, max=323.666ms, average=239.303ms, deviation=70.7386ms]
  hot path drops:           0 [min=0, max=3, average=0.52381, deviation=0.872872]
  behavior planner period:  157.415ms [min=92.691ms, max=212.78ms, average=151.032ms, deviation=33.6218ms]
----------------------------------------------------------

