----------------------------------------------------------
sample path: (VehicleDBWSystem) 
  order timepoint           sequence nr.                  node name     dropped samples
latency

Statistics:
  latency:                  227.731ms [min=227.731ms, max=227.731ms, average=227.731ms, deviation=-nanms]
hotpath
  hot path:                 FrontLidarDriver/RearLidarDriver -> ObjectCollisionEstimator
  hot path latency:         96.7427ms [min=96.7427ms, max=96.7427ms, average=96.7427ms, deviation=-nanms]
  hot path drops:           0 [min=0, max=0, average=0, deviation=-nan]
  behavior planner period:  0ms [min=1.84467e+13ms, max=0ms, average=0ms, deviation=0ms]
----------------------------------------------------------

----------------------------------------------------------
sample path: (IntersectionOutput) 
  order timepoint           sequence nr.                  node name     dropped samples
latency

Statistics:
  latency:                  54.0165ms [min=54.0165ms, max=54.0165ms, average=54.0165ms, deviation=-nanms]
----------------------------------------------------------

----------------------------------------------------------
sample path: (IntersectionOutput) 
  order timepoint           sequence nr.                  node name     dropped samples
latency

Statistics:
  latency:                  42.8189ms [min=42.8189ms, max=54.0165ms, average=48.4177ms, deviation=7.91792ms]
----------------------------------------------------------

----------------------------------------------------------
sample path: (IntersectionOutput) 
  order timepoint           sequence nr.                  node name     dropped samples
latency

Statistics:
  latency:                  44.1459ms [min=42.8189ms, max=54.0165ms, average=46.9938ms, deviation=6.11797ms]
----------------------------------------------------------

----------------------------------------------------------
sample path: (VehicleDBWSystem) 
  order timepoint           sequence nr.                  node name     dropped samples
bp period
latency

Statistics:
  latency:                  272.414ms [min=227.731ms, max=272.414ms, average=250.072ms, deviation=31.5954ms]
  behavior planner period:  97.7229ms [min=97.7229ms, max=97.7229ms, average=97.7229ms, deviation=-nanms]
----------------------------------------------------------

----------------------------------------------------------
sample path: (IntersectionOutput) 
  order timepoint           sequence nr.                  node name     dropped samples
latency

Statistics:
  latency:                  55.5701ms [min=42.8189ms, max=55.5701ms, average=49.1379ms, deviation=6.58344ms]
----------------------------------------------------------

----------------------------------------------------------
sample path: (IntersectionOutput) 
  order timepoint           sequence nr.                  node name     dropped samples
latency

Statistics:
  latency:                  42.8638ms [min=42.8189ms, max=55.5701ms, average=47.883ms, deviation=6.35445ms]
----------------------------------------------------------

----------------------------------------------------------
sample path: (IntersectionOutput) 
  order timepoint           sequence nr.                  node name     dropped samples
latency

Statistics:
  latency:                  32.3011ms [min=32.3011ms, max=55.5701ms, average=45.2861ms, deviation=8.5305ms]
----------------------------------------------------------

----------------------------------------------------------
sample path: (IntersectionOutput) 
  order timepoint           sequence nr.                  node name     dropped samples
latency

Statistics:
  latency:                  55.0856ms [min=32.3011ms, max=55.5701ms, average=46.686ms, deviation=8.62322ms]
----------------------------------------------------------

----------------------------------------------------------
sample path: (VehicleDBWSystem) 
  order timepoint           sequence nr.                  node name     dropped samples
bp period
latency

Statistics:
  latency:                  219.136ms [min=219.136ms, max=272.414ms, average=239.76ms, deviation=28.6034ms]
hotpath
  hot path:                 FrontLidarDriver/RearLidarDriver -> ObjectCollisionEstimator
  hot path latency:         79.4788ms [min=79.4788ms, max=96.7427ms, average=88.1108ms, deviation=12.2074ms]
  hot path drops:           0 [min=0, max=0, average=0, deviation=0]
  behavior planner period:  99.4656ms [min=97.7229ms, max=99.4656ms, average=98.5942ms, deviation=1.23231ms]
----------------------------------------------------------

----------------------------------------------------------
sample path: (IntersectionOutput) 
  order timepoint           sequence nr.                  node name     dropped samples
latency

Statistics:
  latency:                  34.5598ms [min=32.3011ms, max=55.5701ms, average=45.1702ms, deviation=9.06188ms]
----------------------------------------------------------

----------------------------------------------------------
sample path: (IntersectionOutput) 
  order timepoint           sequence nr.                  node name     dropped samples
latency

Statistics:
  latency:                  44.1234ms [min=32.3011ms, max=55.5701ms, average=45.0539ms, deviation=8.48379ms]
----------------------------------------------------------

----------------------------------------------------------
sample path: (IntersectionOutput) 
  order timepoint           sequence nr.                  node name     dropped samples
latency

Statistics:
  latency:                  56.3914ms [min=32.3011ms, max=56.3914ms, average=46.1877ms, deviation=8.76535ms]
----------------------------------------------------------

----------------------------------------------------------
sample path: (VehicleDBWSystem) 
  order timepoint           sequence nr.                  node name     dropped samples
bp period
latency

Statistics:
  latency:                  210.664ms [min=210.664ms, max=272.414ms, average=232.486ms, deviation=27.5151ms]
hotpath
  hot path:                 FrontLidarDriver/RearLidarDriver -> ObjectCollisionEstimator
  hot path latency:         75.9455ms [min=75.9455ms, max=96.7427ms, average=84.0557ms, deviation=11.1284ms]
  hot path drops:           0 [min=0, max=0, average=0, deviation=0]
  behavior planner period:  99.1159ms [min=97.7229ms, max=99.4656ms, average=98.7681ms, deviation=0.921952ms]
----------------------------------------------------------

----------------------------------------------------------
sample path: (IntersectionOutput) 
  order timepoint           sequence nr.                  node name     dropped samples
latency

Statistics:
  latency:                  33.8665ms [min=32.3011ms, max=56.3914ms, average=45.0675ms, deviation=9.10764ms]
----------------------------------------------------------

----------------------------------------------------------
sample path: (IntersectionOutput) 
  order timepoint           sequence nr.                  node name     dropped samples
latency

Statistics:
  latency:                  55.7117ms [min=32.3011ms, max=56.3914ms, average=45.9546ms, deviation=9.21139ms]
----------------------------------------------------------

----------------------------------------------------------
sample path: (IntersectionOutput) 
  order timepoint           sequence nr.                  node name     dropped samples
latency

Statistics:
  latency:                  56.9861ms [min=32.3011ms, max=56.9861ms, average=46.8031ms, deviation=9.33488ms]
----------------------------------------------------------

----------------------------------------------------------
sample path: (VehicleDBWSystem) 
  order timepoint           sequence nr.                  node name     dropped samples
bp period
latency

Statistics:
  latency:                  267.974ms [min=210.664ms, max=272.414ms, average=239.584ms, deviation=28.6302ms]
hotpath
  hot path:                 FrontLidarDriver/RearLidarDriver -> ObjectCollisionEstimator
  hot path latency:         78.9291ms [min=75.9455ms, max=96.7427ms, average=82.774ms, deviation=9.44093ms]
  hot path drops:           0 [min=0, max=0, average=0, deviation=0]
  behavior planner period:  100.788ms [min=97.7229ms, max=100.788ms, average=99.2731ms, deviation=1.25963ms]
----------------------------------------------------------

----------------------------------------------------------
sample path: (IntersectionOutput) 
  order timepoint           sequence nr.                  node name     dropped samples
latency

Statistics:
  latency:                  34.1815ms [min=32.3011ms, max=56.9861ms, average=45.9016ms, deviation=9.58207ms]
----------------------------------------------------------

----------------------------------------------------------
sample path: (IntersectionOutput) 
  order timepoint           sequence nr.                  node name     dropped samples
latency

Statistics:
  latency:                  45.0266ms [min=32.3011ms, max=56.9861ms, average=45.8433ms, deviation=9.23628ms]
----------------------------------------------------------

----------------------------------------------------------
sample path: (IntersectionOutput) 
  order timepoint           sequence nr.                  node name     dropped samples
latency

Statistics:
  latency:                  56.7459ms [min=32.3011ms, max=56.9861ms, average=46.5247ms, deviation=9.3301ms]
----------------------------------------------------------

----------------------------------------------------------
sample path: (VehicleDBWSystem) 
  order timepoint           sequence nr.                  node name     dropped samples
bp period
latency

Statistics:
  latency:                  270.878ms [min=210.664ms, max=272.414ms, average=244.799ms, deviation=28.6176ms]
hotpath
  hot path:                 FrontLidarDriver/RearLidarDriver -> ObjectCollisionEstimator
  hot path latency:         79.6594ms [min=75.9455ms, max=96.7427ms, average=82.1511ms, deviation=8.29389ms]
  hot path drops:           0 [min=0, max=0, average=0, deviation=0]
  behavior planner period:  101.951ms [min=97.7229ms, max=101.951ms, average=99.8087ms, deviation=1.62002ms]
----------------------------------------------------------

----------------------------------------------------------
sample path: (IntersectionOutput) 
  order timepoint           sequence nr.                  node name     dropped samples
latency

Statistics:
  latency:                  33.8583ms [min=32.3011ms, max=56.9861ms, average=45.7796ms, deviation=9.54188ms]
----------------------------------------------------------

----------------------------------------------------------
sample path: (IntersectionOutput) 
  order timepoint           sequence nr.                  node name     dropped samples
latency

Statistics:
  latency:                  44.1976ms [min=32.3011ms, max=56.9861ms, average=45.6917ms, deviation=9.26449ms]
----------------------------------------------------------

----------------------------------------------------------
sample path: (VehicleDBWSystem) 
  order timepoint           sequence nr.                  node name     dropped samples
bp period
latency

Statistics:
  latency:                  258.365ms [min=210.664ms, max=272.414ms, average=246.737ms, deviation=26.6226ms]
hotpath
  hot path:                 FrontLidarDriver/RearLidarDriver -> ObjectCollisionEstimator
  hot path latency:         79.8099ms [min=75.9455ms, max=96.7427ms, average=81.7609ms, deviation=7.4796ms]
  hot path drops:           0 [min=0, max=0, average=0, deviation=0]
  behavior planner period:  100.524ms [min=97.7229ms, max=101.951ms, average=99.9279ms, deviation=1.47811ms]
----------------------------------------------------------

----------------------------------------------------------
sample path: (IntersectionOutput) 
  order timepoint           sequence nr.                  node name     dropped samples
latency

Statistics:
  latency:                  56.0312ms [min=32.3011ms, max=56.9861ms, average=46.2359ms, deviation=9.3107ms]
----------------------------------------------------------

----------------------------------------------------------
sample path: (IntersectionOutput) 
  order timepoint           sequence nr.                  node name     dropped samples
latency

Statistics:
  latency:                  33.5199ms [min=32.3011ms, max=56.9861ms, average=45.6001ms, deviation=9.49796ms]
----------------------------------------------------------

----------------------------------------------------------
sample path: (IntersectionOutput) 
  order timepoint           sequence nr.                  node name     dropped samples
latency

Statistics:
  latency:                  44.6575ms [min=32.3011ms, max=56.9861ms, average=45.5552ms, deviation=9.25975ms]
----------------------------------------------------------

----------------------------------------------------------
sample path: (VehicleDBWSystem) 
  order timepoint           sequence nr.                  node name     dropped samples
bp period
latency

Statistics:
  latency:                  222.795ms [min=210.664ms, max=272.414ms, average=243.745ms, deviation=26.0608ms]
hotpath
  hot path:                 FrontLidarDriver/RearLidarDriver -> ObjectCollisionEstimator
  hot path latency:         78.6547ms [min=75.9455ms, max=96.7427ms, average=81.3172ms, deviation=6.92811ms]
  hot path drops:           0 [min=0, max=0, average=0, deviation=0]
  behavior planner period:  99.7041ms [min=97.7229ms, max=101.951ms, average=99.896ms, deviation=1.35198ms]
----------------------------------------------------------

----------------------------------------------------------
sample path: (IntersectionOutput) 
  order timepoint           sequence nr.                  node name     dropped samples
latency

Statistics:
  latency:                  56.4042ms [min=32.3011ms, max=56.9861ms, average=46.0483ms, deviation=9.32792ms]
----------------------------------------------------------

----------------------------------------------------------
sample path: (IntersectionOutput) 
  order timepoint           sequence nr.                  node name     dropped samples
latency

Statistics:
  latency:                  33.3492ms [min=32.3011ms, max=56.9861ms, average=45.4962ms, deviation=9.49035ms]
----------------------------------------------------------

----------------------------------------------------------
sample path: (IntersectionOutput) 
  order timepoint           sequence nr.                  node name     dropped samples
latency

Statistics:
  latency:                  44.5095ms [min=32.3011ms, max=56.9861ms, average=45.4551ms, deviation=9.28393ms]
----------------------------------------------------------

----------------------------------------------------------
sample path: (IntersectionOutput) 
  order timepoint           sequence nr.                  node name     dropped samples
latency

Statistics:
  latency:                  56.0459ms [min=32.3011ms, max=56.9861ms, average=45.8787ms, deviation=9.33202ms]
----------------------------------------------------------

----------------------------------------------------------
sample path: (VehicleDBWSystem) 
  order timepoint           sequence nr.                  node name     dropped samples
bp period
latency

Statistics:
  latency:                  234.397ms [min=210.664ms, max=272.414ms, average=242.706ms, deviation=24.5759ms]
hotpath
  hot path:                 FrontLidarDriver/RearLidarDriver -> ObjectCollisionEstimator
  hot path latency:         78.7348ms [min=75.9455ms, max=96.7427ms, average=80.9944ms, deviation=6.47884ms]
  hot path drops:           0 [min=0, max=0, average=0, deviation=0]
  behavior planner period:  100.855ms [min=97.7229ms, max=101.951ms, average=100.016ms, deviation=1.2968ms]
----------------------------------------------------------

----------------------------------------------------------
sample path: (IntersectionOutput) 
  order timepoint           sequence nr.                  node name     dropped samples
latency

Statistics:
  latency:                  45.5237ms [min=32.3011ms, max=56.9861ms, average=45.8651ms, deviation=9.14374ms]
----------------------------------------------------------

----------------------------------------------------------
sample path: (IntersectionOutput) 
  order timepoint           sequence nr.                  node name     dropped samples
latency

Statistics:
  latency:                  55.9871ms [min=32.3011ms, max=56.9861ms, average=46.24ms, deviation=9.17535ms]
----------------------------------------------------------

----------------------------------------------------------
sample path: (IntersectionOutput) 
  order timepoint           sequence nr.                  node name     dropped samples
latency

Statistics:
  latency:                  44.638ms [min=32.3011ms, max=56.9861ms, average=46.1827ms, deviation=9.00892ms]
----------------------------------------------------------

----------------------------------------------------------
sample path: (VehicleDBWSystem) 
  order timepoint           sequence nr.                  node name     dropped samples
bp period
latency

Statistics:
  latency:                  235.762ms [min=210.664ms, max=272.414ms, average=242.012ms, deviation=23.2743ms]
hotpath
  hot path:                 FrontLidarDriver/RearLidarDriver -> ObjectCollisionEstimator
  hot path latency:         78.6896ms [min=75.9455ms, max=96.7427ms, average=80.7383ms, deviation=6.1089ms]
  hot path drops:           0 [min=0, max=0, average=0, deviation=0]
  behavior planner period:  112.264ms [min=97.7229ms, max=112.264ms, average=101.377ms, deviation=4.25921ms]
----------------------------------------------------------

----------------------------------------------------------
sample path: (IntersectionOutput) 
  order timepoint           sequence nr.                  node name     dropped samples
latency

Statistics:
  latency:                  44.4818ms [min=32.3011ms, max=56.9861ms, average=46.1241ms, deviation=8.85222ms]
----------------------------------------------------------

----------------------------------------------------------
sample path: (VehicleDBWSystem) 
  order timepoint           sequence nr.                  node name     dropped samples
bp period
latency

Statistics:
  latency:                  223.298ms [min=210.664ms, max=272.414ms, average=240.31ms, deviation=22.7894ms]
hotpath
  hot path:                 FrontLidarDriver/RearLidarDriver -> ObjectCollisionEstimator
  hot path latency:         100.78ms [min=75.9455ms, max=100.78ms, average=82.7425ms, deviation=8.56386ms]
  hot path drops:           0 [min=0, max=0, average=0, deviation=0]
  behavior planner period:  100.549ms [min=97.7229ms, max=112.264ms, average=101.294ms, deviation=4.02414ms]
----------------------------------------------------------

----------------------------------------------------------
sample path: (IntersectionOutput) 
  order timepoint           sequence nr.                  node name     dropped samples
latency

Statistics:
  latency:                  32.4059ms [min=32.3011ms, max=56.9861ms, average=45.6668ms, deviation=9.05166ms]
----------------------------------------------------------

----------------------------------------------------------
sample path: (IntersectionOutput) 
  order timepoint           sequence nr.                  node name     dropped samples
latency

Statistics:
  latency:                  54.5671ms [min=32.3011ms, max=56.9861ms, average=45.9539ms, deviation=9.04195ms]
----------------------------------------------------------

----------------------------------------------------------
sample path: (IntersectionOutput) 
  order timepoint           sequence nr.                  node name     dropped samples
latency

Statistics:
  latency:                  53.2528ms [min=32.3011ms, max=56.9861ms, average=46.182ms, deviation=8.98801ms]
----------------------------------------------------------

----------------------------------------------------------
sample path: (IntersectionOutput) 
  order timepoint           sequence nr.                  node name     dropped samples
latency

Statistics:
  latency:                  32.3454ms [min=32.3011ms, max=56.9861ms, average=45.7627ms, deviation=9.1685ms]
----------------------------------------------------------

----------------------------------------------------------
sample path: (VehicleDBWSystem) 
  order timepoint           sequence nr.                  node name     dropped samples
bp period
latency

Statistics:
  latency:                  253.123ms [min=210.664ms, max=272.414ms, average=241.378ms, deviation=22.0414ms]
hotpath
  hot path:                 FrontLidarDriver/RearLidarDriver -> ObjectCollisionEstimator
  hot path latency:         88.0958ms [min=75.9455ms, max=100.78ms, average=83.2291ms, deviation=8.28318ms]
  hot path drops:           0 [min=0, max=0, average=0, deviation=0]
  behavior planner period:  87.564ms [min=87.564ms, max=112.264ms, average=100.046ms, deviation=5.63133ms]
----------------------------------------------------------

----------------------------------------------------------
sample path: (IntersectionOutput) 
  order timepoint           sequence nr.                  node name     dropped samples
latency

Statistics:
  latency:                  22.8262ms [min=22.8262ms, max=56.9861ms, average=45.0881ms, deviation=9.8482ms]
----------------------------------------------------------

----------------------------------------------------------
sample path: (IntersectionOutput) 
  order timepoint           sequence nr.                  node name     dropped samples
latency

Statistics:
  latency:                  33.3402ms [min=22.8262ms, max=56.9861ms, average=44.7525ms, deviation=9.90342ms]
----------------------------------------------------------

----------------------------------------------------------
sample path: (IntersectionOutput) 
  order timepoint           sequence nr.                  node name     dropped samples
latency

Statistics:
  latency:                  55.8422ms [min=22.8262ms, max=56.9861ms, average=45.0605ms, deviation=9.93437ms]
----------------------------------------------------------

----------------------------------------------------------
sample path: (VehicleDBWSystem) 
  order timepoint           sequence nr.                  node name     dropped samples
bp period
latency

Statistics:
  latency:                  275.435ms [min=210.664ms, max=275.435ms, average=243.998ms, deviation=23.1205ms]
hotpath
  hot path:                 FrontLidarDriver/RearLidarDriver -> ObjectCollisionEstimator
  hot path latency:         87.0612ms [min=75.9455ms, max=100.78ms, average=83.5485ms, deviation=7.9748ms]
  hot path drops:           0 [min=0, max=0, average=0, deviation=0]
  behavior planner period:  98.9117ms [min=87.564ms, max=112.264ms, average=99.9513ms, deviation=5.37923ms]
----------------------------------------------------------

----------------------------------------------------------
sample path: (IntersectionOutput) 
  order timepoint           sequence nr.                  node name     dropped samples
latency

Statistics:
  latency:                  55.9536ms [min=22.8262ms, max=56.9861ms, average=45.3549ms, deviation=9.95777ms]
----------------------------------------------------------

----------------------------------------------------------
sample path: (IntersectionOutput) 
  order timepoint           sequence nr.                  node name     dropped samples
latency

Statistics:
  latency:                  44.9403ms [min=22.8262ms, max=56.9861ms, average=45.344ms, deviation=9.82252ms]
----------------------------------------------------------

----------------------------------------------------------
sample path: (VehicleDBWSystem) 
  order timepoint           sequence nr.                  node name     dropped samples
bp period
latency

Statistics:
  latency:                  213.4ms [min=210.664ms, max=275.435ms, average=241.812ms, deviation=23.671ms]
hotpath
  hot path:                 FrontLidarDriver/RearLidarDriver -> ObjectCollisionEstimator
  hot path latency:         78.2257ms [min=75.9455ms, max=100.78ms, average=83.139ms, deviation=7.77669ms]
  hot path drops:           0 [min=0, max=0, average=0, deviation=0]
  behavior planner period:  100.791ms [min=87.564ms, max=112.264ms, average=100.016ms, deviation=5.15548ms]
----------------------------------------------------------

----------------------------------------------------------
sample path: (IntersectionOutput) 
  order timepoint           sequence nr.                  node name     dropped samples
latency

Statistics:
  latency:                  33.8604ms [min=22.8262ms, max=56.9861ms, average=45.0496ms, deviation=9.8653ms]
----------------------------------------------------------

----------------------------------------------------------
sample path: (IntersectionOutput) 
  order timepoint           sequence nr.                  node name     dropped samples
latency

Statistics:
  latency:                  33.737ms [min=22.8262ms, max=56.9861ms, average=44.7667ms, deviation=9.90091ms]
----------------------------------------------------------

----------------------------------------------------------
sample path: (IntersectionOutput) 
  order timepoint           sequence nr.                  node name     dropped samples
latency

Statistics:
  latency:                  44.2332ms [min=22.8262ms, max=56.9861ms, average=44.7537ms, deviation=9.77672ms]
----------------------------------------------------------

----------------------------------------------------------
sample path: (VehicleDBWSystem) 
  order timepoint           sequence nr.                  node name     dropped samples
bp period
latency

Statistics:
  latency:                  224.408ms [min=210.664ms, max=275.435ms, average=240.652ms, deviation=23.2483ms]
hotpath
  hot path:                 FrontLidarDriver/RearLidarDriver -> ObjectCollisionEstimator
  hot path latency:         79.0996ms [min=75.9455ms, max=100.78ms, average=82.8505ms, deviation=7.54919ms]
  hot path drops:           0 [min=0, max=0, average=0, deviation=0]
  behavior planner period:  101.571ms [min=87.564ms, max=112.264ms, average=100.127ms, deviation=4.97063ms]
----------------------------------------------------------

----------------------------------------------------------
sample path: (IntersectionOutput) 
  order timepoint           sequence nr.                  node name     dropped samples
latency

Statistics:
  latency:                  34.5707ms [min=22.8262ms, max=56.9861ms, average=44.5113ms, deviation=9.78376ms]
----------------------------------------------------------

----------------------------------------------------------
sample path: (IntersectionOutput) 
  order timepoint           sequence nr.                  node name     dropped samples
latency

Statistics:
  latency:                  33.9763ms [min=22.8262ms, max=56.9861ms, average=44.2663ms, deviation=9.79917ms]
----------------------------------------------------------

----------------------------------------------------------
sample path: (IntersectionOutput) 
  order timepoint           sequence nr.                  node name     dropped samples
latency

Statistics:
  latency:                  46.4727ms [min=22.8262ms, max=56.9861ms, average=44.3164ms, deviation=9.69027ms]
----------------------------------------------------------

----------------------------------------------------------
sample path: (VehicleDBWSystem) 
  order timepoint           sequence nr.                  node name     dropped samples
bp period
latency

Statistics:
  latency:                  178.818ms [min=178.818ms, max=275.435ms, average=236.787ms, deviation=27.2657ms]
hotpath
  hot path:                 FrontLidarDriver/RearLidarDriver -> ObjectCollisionEstimator
  hot path latency:         78.5591ms [min=75.9455ms, max=100.78ms, average=82.5644ms, deviation=7.35849ms]
  hot path drops:           0 [min=0, max=0, average=0, deviation=0]
  behavior planner period:  99.6667ms [min=87.564ms, max=112.264ms, average=100.096ms, deviation=4.7913ms]
----------------------------------------------------------

----------------------------------------------------------
sample path: (IntersectionOutput) 
  order timepoint           sequence nr.                  node name     dropped samples
latency

Statistics:
  latency:                  34.2277ms [min=22.8262ms, max=56.9861ms, average=44.0922ms, deviation=9.69686ms]
----------------------------------------------------------

----------------------------------------------------------
sample path: (IntersectionOutput) 
  order timepoint           sequence nr.                  node name     dropped samples
latency

Statistics:
  latency:                  44.8552ms [min=22.8262ms, max=56.9861ms, average=44.1088ms, deviation=9.58917ms]
----------------------------------------------------------

----------------------------------------------------------
sample path: (IntersectionOutput) 
  order timepoint           sequence nr.                  node name     dropped samples
latency

Statistics:
  latency:                  45.028ms [min=22.8262ms, max=56.9861ms, average=44.1284ms, deviation=9.48532ms]
----------------------------------------------------------

----------------------------------------------------------
sample path: (VehicleDBWSystem) 
  order timepoint           sequence nr.                  node name     dropped samples
bp period
latency

Statistics:
  latency:                  179.793ms [min=178.818ms, max=275.435ms, average=233.435ms, deviation=29.7999ms]
hotpath
  hot path:                 FrontLidarDriver/RearLidarDriver -> ObjectCollisionEstimator
  hot path latency:         78.9966ms [min=75.9455ms, max=100.78ms, average=82.3414ms, deviation=7.16471ms]
  hot path drops:           0 [min=0, max=0, average=0, deviation=0]
  behavior planner period:  102.785ms [min=87.564ms, max=112.264ms, average=100.264ms, deviation=4.67738ms]
----------------------------------------------------------

----------------------------------------------------------
sample path: (IntersectionOutput) 
  order timepoint           sequence nr.                  node name     dropped samples
latency

Statistics:
  latency:                  34.1906ms [min=22.8262ms, max=56.9861ms, average=43.9213ms, deviation=9.49286ms]
----------------------------------------------------------

----------------------------------------------------------
sample path: (IntersectionOutput) 
  order timepoint           sequence nr.                  node name     dropped samples
latency

Statistics:
  latency:                  43.5481ms [min=22.8262ms, max=56.9861ms, average=43.9137ms, deviation=9.39361ms]
----------------------------------------------------------

----------------------------------------------------------
sample path: (IntersectionOutput) 
  order timepoint           sequence nr.                  node name     dropped samples
latency

Statistics:
  latency:                  46.0632ms [min=22.8262ms, max=56.9861ms, average=43.9567ms, deviation=9.30223ms]
----------------------------------------------------------

----------------------------------------------------------
sample path: (VehicleDBWSystem) 
  order timepoint           sequence nr.                  node name     dropped samples
bp period
latency

Statistics:
  latency:                  260.052ms [min=178.818ms, max=275.435ms, average=234.913ms, deviation=29.583ms]
hotpath
  hot path:                 FrontLidarDriver/RearLidarDriver -> ObjectCollisionEstimator
  hot path latency:         80.1289ms [min=75.9455ms, max=100.78ms, average=82.2113ms, deviation=6.95793ms]
  hot path drops:           0 [min=0, max=0, average=0, deviation=0]
  behavior planner period:  99.9365ms [min=87.564ms, max=112.264ms, average=100.245ms, deviation=4.52955ms]
----------------------------------------------------------

----------------------------------------------------------
sample path: (IntersectionOutput) 
  order timepoint           sequence nr.                  node name     dropped samples
latency

Statistics:
  latency:                  32.8309ms [min=22.8262ms, max=56.9861ms, average=43.7386ms, deviation=9.33959ms]
----------------------------------------------------------

----------------------------------------------------------
sample path: (IntersectionOutput) 
  order timepoint           sequence nr.                  node name     dropped samples
latency

Statistics:
  latency:                  43.7655ms [min=22.8262ms, max=56.9861ms, average=43.7391ms, deviation=9.24757ms]
----------------------------------------------------------

----------------------------------------------------------
sample path: (IntersectionOutput) 
  order timepoint           sequence nr.                  node name     dropped samples
latency

Statistics:
  latency:                  56.4381ms [min=22.8262ms, max=56.9861ms, average=43.9787ms, deviation=9.32286ms]
----------------------------------------------------------

----------------------------------------------------------
sample path: (VehicleDBWSystem) 
  order timepoint           sequence nr.                  node name     dropped samples
bp period
latency

Statistics:
  latency:                  259.244ms [min=178.818ms, max=275.435ms, average=236.194ms, deviation=29.2864ms]
hotpath
  hot path:                 FrontLidarDriver/RearLidarDriver -> ObjectCollisionEstimator
  hot path latency:         80.0663ms [min=75.9455ms, max=100.78ms, average=82.0921ms, deviation=6.76909ms]
  hot path drops:           0 [min=0, max=0, average=0, deviation=0]
  behavior planner period:  101.35ms [min=87.564ms, max=112.264ms, average=100.306ms, deviation=4.40202ms]
----------------------------------------------------------

----------------------------------------------------------
sample path: (IntersectionOutput) 
  order timepoint           sequence nr.                  node name     dropped samples
latency

Statistics:
  latency:                  23.9434ms [min=22.8262ms, max=56.9861ms, average=43.6077ms, deviation=9.62857ms]
----------------------------------------------------------

----------------------------------------------------------
sample path: (VehicleDBWSystem) 
  order timepoint           sequence nr.                  node name     dropped samples
bp period
latency

Statistics:
  latency:                  213.78ms [min=178.818ms, max=275.435ms, average=235.073ms, deviation=28.9425ms]
hotpath
  hot path:                 FrontLidarDriver/RearLidarDriver -> ObjectCollisionEstimator
  hot path latency:         90.3996ms [min=75.9455ms, max=100.78ms, average=82.5293ms, deviation=6.84889ms]
  hot path drops:           0 [min=0, max=0, average=0, deviation=0]
  behavior planner period:  91.93ms [min=87.564ms, max=112.264ms, average=99.8655ms, deviation=4.68978ms]
----------------------------------------------------------

----------------------------------------------------------
sample path: (IntersectionOutput) 
  order timepoint           sequence nr.                  node name     dropped samples
latency

Statistics:
  latency:                  54.3925ms [min=22.8262ms, max=56.9861ms, average=43.8037ms, deviation=9.64922ms]
----------------------------------------------------------

----------------------------------------------------------
sample path: (IntersectionOutput) 
  order timepoint           sequence nr.                  node name     dropped samples
latency

Statistics:
  latency:                  34.1794ms [min=22.8262ms, max=56.9861ms, average=43.6319ms, deviation=9.64721ms]
----------------------------------------------------------

----------------------------------------------------------
sample path: (IntersectionOutput) 
  order timepoint           sequence nr.                  node name     dropped samples
latency

Statistics:
  latency:                  33.7698ms [min=22.8262ms, max=56.9861ms, average=43.4589ms, deviation=9.64951ms]
----------------------------------------------------------

----------------------------------------------------------
sample path: (VehicleDBWSystem) 
  order timepoint           sequence nr.                  node name     dropped samples
bp period
latency

Statistics:
  latency:                  223.564ms [min=178.818ms, max=275.435ms, average=234.525ms, deviation=28.3213ms]
hotpath
  hot path:                 FrontLidarDriver/RearLidarDriver -> ObjectCollisionEstimator
  hot path latency:         80.2039ms [min=75.9455ms, max=100.78ms, average=82.4131ms, deviation=6.68647ms]
  hot path drops:           0 [min=0, max=0, average=0, deviation=0]
  behavior planner period:  101.186ms [min=87.564ms, max=112.264ms, average=99.9315ms, deviation=4.57423ms]
----------------------------------------------------------

----------------------------------------------------------
sample path: (IntersectionOutput) 
  order timepoint           sequence nr.                  node name     dropped samples
latency

Statistics:
  latency:                  54.9778ms [min=22.8262ms, max=56.9861ms, average=43.6575ms, deviation=9.68334ms]
----------------------------------------------------------

----------------------------------------------------------
sample path: (IntersectionOutput) 
  order timepoint           sequence nr.                  node name     dropped samples
latency

Statistics:
  latency:                  38.9908ms [min=22.8262ms, max=56.9861ms, average=43.5784ms, deviation=9.61871ms]
----------------------------------------------------------

----------------------------------------------------------
sample path: (IntersectionOutput) 
  order timepoint           sequence nr.                  node name     dropped samples
latency

Statistics:
  latency:                  38.5894ms [min=22.8262ms, max=56.9861ms, average=43.4952ms, deviation=9.55857ms]
----------------------------------------------------------

----------------------------------------------------------
sample path: (IntersectionOutput) 
  order timepoint           sequence nr.                  node name     dropped samples
latency

Statistics:
  latency:                  56.2456ms [min=22.8262ms, max=56.9861ms, average=43.7042ms, deviation=9.61814ms]
----------------------------------------------------------

----------------------------------------------------------
sample path: (VehicleDBWSystem) 
  order timepoint           sequence nr.                  node name     dropped samples
bp period
latency

Statistics:
  latency:                  230.51ms [min=178.818ms, max=275.435ms, average=234.343ms, deviation=27.652ms]
hotpath
  hot path:                 FrontLidarDriver/RearLidarDriver -> ObjectCollisionEstimator
  hot path latency:         79.268ms [min=75.9455ms, max=100.78ms, average=82.2633ms, deviation=6.5532ms]
  hot path drops:           0 [min=0, max=0, average=0, deviation=0]
  behavior planner period:  100.114ms [min=87.564ms, max=112.264ms, average=99.9402ms, deviation=4.45859ms]
----------------------------------------------------------

----------------------------------------------------------
sample path: (IntersectionOutput) 
  order timepoint           sequence nr.                  node name     dropped samples
latency

Statistics:
  latency:                  45.1544ms [min=22.8262ms, max=56.9861ms, average=43.7276ms, deviation=9.54075ms]
----------------------------------------------------------

----------------------------------------------------------
sample path: (IntersectionOutput) 
  order timepoint           sequence nr.                  node name     dropped samples
latency

Statistics:
  latency:                  45.048ms [min=22.8262ms, max=56.9861ms, average=43.7486ms, deviation=9.46496ms]
----------------------------------------------------------

----------------------------------------------------------
sample path: (IntersectionOutput) 
  order timepoint           sequence nr.                  node name     dropped samples
latency

Statistics:
  latency:                  51.2707ms [min=22.8262ms, max=56.9861ms, average=43.8661ms, deviation=9.4365ms]
----------------------------------------------------------

----------------------------------------------------------
sample path: (VehicleDBWSystem) 
  order timepoint           sequence nr.                  node name     dropped samples
bp period
latency

Statistics:
  latency:                  231.326ms [min=178.818ms, max=275.435ms, average=234.212ms, deviation=27.0235ms]
hotpath
  hot path:                 FrontLidarDriver/RearLidarDriver -> ObjectCollisionEstimator
  hot path latency:         90.4091ms [min=75.9455ms, max=100.78ms, average=82.6336ms, deviation=6.62688ms]
  hot path drops:           0 [min=0, max=0, average=0, deviation=0]
  behavior planner period:  106.35ms [min=87.564ms, max=112.264ms, average=100.232ms, deviation=4.56069ms]
----------------------------------------------------------

----------------------------------------------------------
sample path: (IntersectionOutput) 
  order timepoint           sequence nr.                  node name     dropped samples
latency

Statistics:
  latency:                  40.0028ms [min=22.8262ms, max=56.9861ms, average=43.8067ms, deviation=9.37475ms]
----------------------------------------------------------

----------------------------------------------------------
sample path: (IntersectionOutput) 
  order timepoint           sequence nr.                  node name     dropped samples
latency

Statistics:
  latency:                  45.764ms [min=22.8262ms, max=56.9861ms, average=43.8363ms, deviation=9.30547ms]
----------------------------------------------------------

----------------------------------------------------------
sample path: (IntersectionOutput) 
  order timepoint           sequence nr.                  node name     dropped samples
latency

Statistics:
  latency:                  50.2883ms [min=22.8262ms, max=56.9861ms, average=43.9326ms, deviation=9.26829ms]
----------------------------------------------------------

----------------------------------------------------------
sample path: (VehicleDBWSystem) 
  order timepoint           sequence nr.                  node name     dropped samples
bp period
latency

Statistics:
  latency:                  270.843ms [min=178.818ms, max=275.435ms, average=235.738ms, deviation=27.4669ms]
hotpath
  hot path:                 FrontLidarDriver/RearLidarDriver -> ObjectCollisionEstimator
  hot path latency:         90.3096ms [min=75.9455ms, max=100.78ms, average=82.9673ms, deviation=6.66942ms]
  hot path drops:           0 [min=0, max=0, average=0, deviation=0]
  behavior planner period:  102.833ms [min=87.564ms, max=112.264ms, average=100.345ms, deviation=4.48873ms]
----------------------------------------------------------

----------------------------------------------------------
sample path: (IntersectionOutput) 
  order timepoint           sequence nr.                  node name     dropped samples
latency

Statistics:
  latency:                  45.0914ms [min=22.8262ms, max=56.9861ms, average=43.9497ms, deviation=9.19993ms]
----------------------------------------------------------

----------------------------------------------------------
sample path: (IntersectionOutput) 
  order timepoint           sequence nr.                  node name     dropped samples
latency

Statistics:
  latency:                  61.2725ms [min=22.8262ms, max=61.2725ms, average=44.2007ms, deviation=9.36713ms]
----------------------------------------------------------

----------------------------------------------------------
sample path: (VehicleDBWSystem) 
  order timepoint           sequence nr.                  node name     dropped samples
bp period
latency

Statistics:
  latency:                  254.89ms [min=178.818ms, max=275.435ms, average=236.504ms, deviation=27.16ms]
hotpath
  hot path:                 FrontLidarDriver/RearLidarDriver -> ObjectCollisionEstimator
  hot path latency:         90.5495ms [min=75.9455ms, max=100.78ms, average=83.2832ms, deviation=6.70392ms]
  hot path drops:           0 [min=0, max=0, average=0, deviation=0]
  behavior planner period:  100.597ms [min=87.564ms, max=112.264ms, average=100.355ms, deviation=4.39036ms]
----------------------------------------------------------

----------------------------------------------------------
sample path: (IntersectionOutput) 
  order timepoint           sequence nr.                  node name     dropped samples
latency

Statistics:
  latency:                  34.0571ms [min=22.8262ms, max=61.2725ms, average=44.0558ms, deviation=9.3777ms]
----------------------------------------------------------

----------------------------------------------------------
sample path: (IntersectionOutput) 
  order timepoint           sequence nr.                  node name     dropped samples
latency

Statistics:
  latency:                  39.9276ms [min=22.8262ms, max=61.2725ms, average=43.9977ms, deviation=9.32336ms]
----------------------------------------------------------

----------------------------------------------------------
sample path: (VehicleDBWSystem) 
  order timepoint           sequence nr.                  node name     dropped samples
bp period
latency

Statistics:
  latency:                  220.43ms [min=178.818ms, max=275.435ms, average=235.886ms, deviation=26.7974ms]
hotpath
  hot path:                 FrontLidarDriver/RearLidarDriver -> ObjectCollisionEstimator
  hot path latency:         95.6264ms [min=75.9455ms, max=100.78ms, average=83.7769ms, deviation=7.01171ms]
  hot path drops:           0 [min=0, max=0, average=0, deviation=0]
  behavior planner period:  96.9477ms [min=87.564ms, max=112.264ms, average=100.219ms, deviation=4.35162ms]
----------------------------------------------------------

----------------------------------------------------------
sample path: (IntersectionOutput) 
  order timepoint           sequence nr.                  node name     dropped samples
latency

Statistics:
  latency:                  57.1027ms [min=22.8262ms, max=61.2725ms, average=44.1797ms, deviation=9.38542ms]
----------------------------------------------------------

----------------------------------------------------------
sample path: (IntersectionOutput) 
  order timepoint           sequence nr.                  node name     dropped samples
latency

Statistics:
  latency:                  32.8355ms [min=22.8262ms, max=61.2725ms, average=44.0243ms, deviation=9.41411ms]
----------------------------------------------------------

----------------------------------------------------------
sample path: (IntersectionOutput) 
  order timepoint           sequence nr.                  node name     dropped samples
latency

Statistics:
  latency:                  45.958ms [min=22.8262ms, max=61.2725ms, average=44.0504ms, deviation=9.35211ms]
----------------------------------------------------------

----------------------------------------------------------
sample path: (VehicleDBWSystem) 
  order timepoint           sequence nr.                  node name     dropped samples
bp period
latency

Statistics:
  latency:                  282.122ms [min=178.818ms, max=282.122ms, average=237.598ms, deviation=27.7427ms]
  behavior planner period:  101.041ms [min=87.564ms, max=112.264ms, average=100.251ms, deviation=4.26674ms]
----------------------------------------------------------

----------------------------------------------------------
sample path: (IntersectionOutput) 
  order timepoint           sequence nr.                  node name     dropped samples
latency

Statistics:
  latency:                  34.7924ms [min=22.8262ms, max=61.2725ms, average=43.927ms, deviation=9.35002ms]
----------------------------------------------------------

----------------------------------------------------------
sample path: (IntersectionOutput) 
  order timepoint           sequence nr.                  node name     dropped samples
latency

Statistics:
  latency:                  55.9932ms [min=22.8262ms, max=61.2725ms, average=44.0858ms, deviation=9.39004ms]
----------------------------------------------------------

----------------------------------------------------------
sample path: (IntersectionOutput) 
  order timepoint           sequence nr.                  node name     dropped samples
latency

Statistics:
  latency:                  67.4086ms [min=22.8262ms, max=67.4086ms, average=44.3886ms, deviation=9.69934ms]
----------------------------------------------------------

----------------------------------------------------------
sample path: (VehicleDBWSystem) 
  order timepoint           sequence nr.                  node name     dropped samples
bp period
latency

Statistics:
  latency:                  214.448ms [min=178.818ms, max=282.122ms, average=236.771ms, deviation=27.5734ms]
hotpath
  hot path:                 FrontLidarDriver/RearLidarDriver -> ObjectCollisionEstimator
  hot path latency:         80.2062ms [min=75.9455ms, max=100.78ms, average=83.6396ms, deviation=6.90564ms]
  hot path drops:           0 [min=0, max=0, average=0, deviation=0]
  behavior planner period:  90.8901ms [min=87.564ms, max=112.264ms, average=99.9038ms, deviation=4.55522ms]
----------------------------------------------------------

----------------------------------------------------------
sample path: (IntersectionOutput) 
  order timepoint           sequence nr.                  node name     dropped samples
latency

Statistics:
  latency:                  22.9722ms [min=22.8262ms, max=67.4086ms, average=44.1141ms, deviation=9.93658ms]
----------------------------------------------------------

----------------------------------------------------------
sample path: (IntersectionOutput) 
  order timepoint           sequence nr.                  node name     dropped samples
latency

Statistics:
  latency:                  34.0129ms [min=22.8262ms, max=67.4086ms, average=43.9862ms, deviation=9.93788ms]
----------------------------------------------------------

----------------------------------------------------------
sample path: (VehicleDBWSystem) 
  order timepoint           sequence nr.                  node name     dropped samples
bp period
latency

Statistics:
  latency:                  260.596ms [min=178.818ms, max=282.122ms, average=237.593ms, deviation=27.4356ms]
  behavior planner period:  102.139ms [min=87.564ms, max=112.264ms, average=99.9837ms, deviation=4.48998ms]
----------------------------------------------------------

----------------------------------------------------------
sample path: (IntersectionOutput) 
  order timepoint           sequence nr.                  node name     dropped samples
latency

Statistics:
  latency:                  45.6889ms [min=22.8262ms, max=67.4086ms, average=44.0075ms, deviation=9.87661ms]
----------------------------------------------------------

----------------------------------------------------------
sample path: (IntersectionOutput) 
  order timepoint           sequence nr.                  node name     dropped samples
latency

Statistics:
  latency:                  56.4528ms [min=22.8262ms, max=67.4086ms, average=44.1611ms, deviation=9.91162ms]
----------------------------------------------------------

----------------------------------------------------------
sample path: (IntersectionOutput) 
  order timepoint           sequence nr.                  node name     dropped samples
latency

Statistics:
  latency:                  34.0518ms [min=22.8262ms, max=67.4086ms, average=44.0379ms, deviation=9.91331ms]
----------------------------------------------------------

----------------------------------------------------------
sample path: (VehicleDBWSystem) 
  order timepoint           sequence nr.                  node name     dropped samples
bp period
latency

Statistics:
  latency:                  272.032ms [min=178.818ms, max=282.122ms, average=238.741ms, deviation=27.682ms]
hotpath
  hot path:                 FrontLidarDriver/RearLidarDriver -> ObjectCollisionEstimator
  hot path latency:         79.3672ms [min=75.9455ms, max=100.78ms, average=83.4814ms, deviation=6.82128ms]
  hot path drops:           0 [min=0, max=0, average=0, deviation=0]
  behavior planner period:  102.132ms [min=87.564ms, max=112.264ms, average=100.058ms, deviation=4.42709ms]
----------------------------------------------------------

----------------------------------------------------------
sample path: (IntersectionOutput) 
  order timepoint           sequence nr.                  node name     dropped samples
latency

Statistics:
  latency:                  33.9769ms [min=22.8262ms, max=67.4086ms, average=43.9166ms, deviation=9.91438ms]
----------------------------------------------------------

----------------------------------------------------------
sample path: (IntersectionOutput) 
  order timepoint           sequence nr.                  node name     dropped samples
latency

Statistics:
  latency:                  56.3346ms [min=22.8262ms, max=67.4086ms, average=44.0645ms, deviation=9.94718ms]
----------------------------------------------------------

----------------------------------------------------------
sample path: (VehicleDBWSystem) 
  order timepoint           sequence nr.                  node name     dropped samples
bp period
latency

Statistics:
  latency:                  270.864ms [min=178.818ms, max=282.122ms, average=239.777ms, deviation=27.8215ms]
hotpath
  hot path:                 FrontLidarDriver/RearLidarDriver -> ObjectCollisionEstimator
  hot path latency:         101.762ms [min=75.9455ms, max=101.762ms, average=84.1343ms, deviation=7.53269ms]
  hot path drops:           0 [min=0, max=0, average=0, deviation=0]
  behavior planner period:  101.41ms [min=87.564ms, max=112.264ms, average=100.103ms, deviation=4.35709ms]
----------------------------------------------------------

----------------------------------------------------------
sample path: (IntersectionOutput) 
  order timepoint           sequence nr.                  node name     dropped samples
latency

Statistics:
  latency:                  33.9055ms [min=22.8262ms, max=67.4086ms, average=43.945ms, deviation=9.949ms]
----------------------------------------------------------

----------------------------------------------------------
sample path: (IntersectionOutput) 
  order timepoint           sequence nr.                  node name     dropped samples
latency

Statistics:
  latency:                  56.3975ms [min=22.8262ms, max=67.4086ms, average=44.0898ms, deviation=9.98104ms]
----------------------------------------------------------

----------------------------------------------------------
sample path: (VehicleDBWSystem) 
  order timepoint           sequence nr.                  node name     dropped samples
bp period
latency

Statistics:
  latency:                  247.925ms [min=178.818ms, max=282.122ms, average=240.032ms, deviation=27.407ms]
hotpath
  hot path:                 FrontLidarDriver/RearLidarDriver -> ObjectCollisionEstimator
  hot path latency:         90.571ms [min=75.9455ms, max=101.762ms, average=84.3562ms, deviation=7.4929ms]
  hot path drops:           0 [min=0, max=0, average=0, deviation=0]
  behavior planner period:  101.308ms [min=87.564ms, max=112.264ms, average=100.142ms, deviation=4.28932ms]
----------------------------------------------------------

----------------------------------------------------------
sample path: (IntersectionOutput) 
  order timepoint           sequence nr.                  node name     dropped samples
latency

Statistics:
  latency:                  22.9355ms [min=22.8262ms, max=67.4086ms, average=43.8466ms, deviation=10.1787ms]
----------------------------------------------------------

----------------------------------------------------------
sample path: (VehicleDBWSystem) 
  order timepoint           sequence nr.                  node name     dropped samples
bp period
latency

Statistics:
  latency:                  214.362ms [min=178.818ms, max=282.122ms, average=239.254ms, deviation=27.3429ms]
hotpath
  hot path:                 FrontLidarDriver/RearLidarDriver -> ObjectCollisionEstimator
  hot path latency:         90.1128ms [min=75.9455ms, max=101.762ms, average=84.5481ms, deviation=7.43722ms]
  hot path drops:           0 [min=0, max=0, average=0, deviation=0]
  behavior planner period:  101.555ms [min=87.564ms, max=112.264ms, average=100.186ms, deviation=4.22697ms]
----------------------------------------------------------

----------------------------------------------------------
sample path: (IntersectionOutput) 
  order timepoint           sequence nr.                  node name     dropped samples
latency

Statistics:
  latency:                  45.0996ms [min=22.8262ms, max=67.4086ms, average=43.8608ms, deviation=10.1209ms]
----------------------------------------------------------

----------------------------------------------------------
sample path: (IntersectionOutput) 
  order timepoint           sequence nr.                  node name     dropped samples
latency

Statistics:
  latency:                  34.1605ms [min=22.8262ms, max=67.4086ms, average=43.7519ms, deviation=10.1157ms]
----------------------------------------------------------

----------------------------------------------------------
sample path: (VehicleDBWSystem) 
  order timepoint           sequence nr.                  node name     dropped samples
bp period
latency

Statistics:
  latency:                  234.453ms [min=178.818ms, max=282.122ms, average=239.113ms, deviation=26.9381ms]
hotpath
  hot path:                 FrontLidarDriver/RearLidarDriver -> ObjectCollisionEstimator
  hot path latency:         89.9214ms [min=75.9455ms, max=101.762ms, average=84.7214ms, deviation=7.37563ms]
  hot path drops:           0 [min=0, max=0, average=0, deviation=0]
  behavior planner period:  90.4182ms [min=87.564ms, max=112.264ms, average=99.8899ms, deviation=4.49445ms]
----------------------------------------------------------

----------------------------------------------------------
sample path: (IntersectionOutput) 
  order timepoint           sequence nr.                  node name     dropped samples
latency

Statistics:
  latency:                  76.5062ms [min=22.8262ms, max=76.5062ms, average=44.1158ms, deviation=10.6347ms]
----------------------------------------------------------

----------------------------------------------------------
sample path: (IntersectionOutput) 
  order timepoint           sequence nr.                  node name     dropped samples
latency

Statistics:
  latency:                  36.9824ms [min=22.8262ms, max=76.5062ms, average=44.0374ms, deviation=10.6019ms]
----------------------------------------------------------

----------------------------------------------------------
sample path: (VehicleDBWSystem) 
  order timepoint           sequence nr.                  node name     dropped samples
bp period
latency

Statistics:
  latency:                  67.4805ms [min=67.4805ms, max=282.122ms, average=234.209ms, deviation=39.3187ms]
  behavior planner period:  103.384ms [min=87.564ms, max=112.264ms, average=99.9926ms, deviation=4.4662ms]
----------------------------------------------------------

----------------------------------------------------------
sample path: (IntersectionOutput) 
  order timepoint           sequence nr.                  node name     dropped samples
latency

Statistics:
  latency:                  67.6698ms [min=22.8262ms, max=76.5062ms, average=44.2943ms, deviation=10.8275ms]
----------------------------------------------------------

----------------------------------------------------------
sample path: (IntersectionOutput) 
  order timepoint           sequence nr.                  node name     dropped samples
latency

Statistics:
  latency:                  45.1693ms [min=22.8262ms, max=76.5062ms, average=44.3037ms, deviation=10.7689ms]
----------------------------------------------------------

----------------------------------------------------------
sample path: (VehicleDBWSystem) 
  order timepoint           sequence nr.                  node name     dropped samples
bp period
latency

Statistics:
  latency:                  273.753ms [min=67.4805ms, max=282.122ms, average=235.307ms, deviation=39.3094ms]
hotpath
  hot path:                 FrontLidarDriver/RearLidarDriver -> ObjectCollisionEstimator
  hot path latency:         127.314ms [min=75.9455ms, max=127.314ms, average=86.0524ms, deviation=10.4564ms]
  hot path drops:           0 [min=0, max=0, average=0, deviation=0]
  behavior planner period:  101.819ms [min=87.564ms, max=112.264ms, average=100.045ms, deviation=4.41084ms]
----------------------------------------------------------

----------------------------------------------------------
sample path: (IntersectionOutput) 
  order timepoint           sequence nr.                  node name     dropped samples
latency

Statistics:
  latency:                  34.5689ms [min=22.8262ms, max=76.5062ms, average=44.2001ms, deviation=10.7578ms]
----------------------------------------------------------

----------------------------------------------------------
sample path: (IntersectionOutput) 
  order timepoint           sequence nr.                  node name     dropped samples
latency

Statistics:
  latency:                  54.772ms [min=22.8262ms, max=76.5062ms, average=44.3114ms, deviation=10.7553ms]
----------------------------------------------------------

----------------------------------------------------------
sample path: (VehicleDBWSystem) 
  order timepoint           sequence nr.                  node name     dropped samples
bp period
latency

Statistics:
  latency:                  280.878ms [min=67.4805ms, max=282.122ms, average=236.539ms, deviation=39.477ms]
hotpath
  hot path:                 FrontLidarDriver/RearLidarDriver -> ObjectCollisionEstimator
  hot path latency:         101.888ms [min=75.9455ms, max=127.314ms, average=86.5323ms, deviation=10.6545ms]
  hot path drops:           0 [min=0, max=0, average=0, deviation=0]
  behavior planner period:  101.255ms [min=87.564ms, max=112.264ms, average=100.078ms, deviation=4.35205ms]
----------------------------------------------------------

----------------------------------------------------------
sample path: (IntersectionOutput) 
  order timepoint           sequence nr.                  node name     dropped samples
latency

Statistics:
  latency:                  33.9084ms [min=22.8262ms, max=76.5062ms, average=44.203ms, deviation=10.7511ms]
----------------------------------------------------------

----------------------------------------------------------
sample path: (IntersectionOutput) 
  order timepoint           sequence nr.                  node name     dropped samples
latency

Statistics:
  latency:                  48.3766ms [min=22.8262ms, max=76.5062ms, average=44.2461ms, deviation=10.7033ms]
----------------------------------------------------------

----------------------------------------------------------
sample path: (VehicleDBWSystem) 
  order timepoint           sequence nr.                  node name     dropped samples
bp period
latency

Statistics:
  latency:                  268.036ms [min=67.4805ms, max=282.122ms, average=237.368ms, deviation=39.2737ms]
hotpath
  hot path:                 FrontLidarDriver/RearLidarDriver -> ObjectCollisionEstimator
  hot path latency:         91.271ms [min=75.9455ms, max=127.314ms, average=86.6717ms, deviation=10.5232ms]
  hot path drops:           0 [min=0, max=0, average=0, deviation=0]
  behavior planner period:  93.2101ms [min=87.564ms, max=112.264ms, average=99.8928ms, deviation=4.43725ms]
----------------------------------------------------------

----------------------------------------------------------
sample path: (IntersectionOutput) 
  order timepoint           sequence nr.                  node name     dropped samples
latency

Statistics:
  latency:                  62.3079ms [min=22.8262ms, max=76.5062ms, average=44.4304ms, deviation=10.8032ms]
----------------------------------------------------------

----------------------------------------------------------
sample path: (IntersectionOutput) 
  order timepoint           sequence nr.                  node name     dropped samples
latency

Statistics:
  latency:                  45.0835ms [min=22.8262ms, max=76.5062ms, average=44.437ms, deviation=10.7481ms]
----------------------------------------------------------

----------------------------------------------------------
sample path: (IntersectionOutput) 
  order timepoint           sequence nr.                  node name     dropped samples
latency

Statistics:
  latency:                  55.8782ms [min=22.8262ms, max=76.5062ms, average=44.5514ms, deviation=10.7547ms]
----------------------------------------------------------

----------------------------------------------------------
sample path: (VehicleDBWSystem) 
  order timepoint           sequence nr.                  node name     dropped samples
bp period
latency

Statistics:
  latency:                  226.677ms [min=67.4805ms, max=282.122ms, average=237.094ms, deviation=38.7913ms]
hotpath
  hot path:                 FrontLidarDriver/RearLidarDriver -> ObjectCollisionEstimator
  hot path latency:         88.7754ms [min=75.9455ms, max=127.314ms, average=86.7318ms, deviation=10.3734ms]
  hot path drops:           0 [min=0, max=0, average=0, deviation=0]
  behavior planner period:  111.448ms [min=87.564ms, max=112.264ms, average=100.197ms, deviation=4.76141ms]
----------------------------------------------------------

----------------------------------------------------------
sample path: (IntersectionOutput) 
  order timepoint           sequence nr.                  node name     dropped samples
latency

Statistics:
  latency:                  37.7508ms [min=22.8262ms, max=76.5062ms, average=44.484ms, deviation=10.7222ms]
----------------------------------------------------------

----------------------------------------------------------
sample path: (IntersectionOutput) 
  order timepoint           sequence nr.                  node name     dropped samples
latency

Statistics:
  latency:                  44.1013ms [min=22.8262ms, max=76.5062ms, average=44.4803ms, deviation=10.6691ms]
----------------------------------------------------------

----------------------------------------------------------
sample path: (IntersectionOutput) 
  order timepoint           sequence nr.                  node name     dropped samples
latency

Statistics:
  latency:                  62.6094ms [min=22.8262ms, max=76.5062ms, average=44.6563ms, deviation=10.7659ms]
----------------------------------------------------------

----------------------------------------------------------
sample path: (VehicleDBWSystem) 
  order timepoint           sequence nr.                  node name     dropped samples
bp period
latency

Statistics:
  latency:                  228.037ms [min=67.4805ms, max=282.122ms, average=236.867ms, deviation=38.3175ms]
hotpath
  hot path:                 FrontLidarDriver/RearLidarDriver -> ObjectCollisionEstimator
  hot path latency:         93.7939ms [min=75.9455ms, max=127.314ms, average=86.928ms, deviation=10.2917ms]
  hot path drops:           0 [min=0, max=0, average=0, deviation=0]
  behavior planner period:  89.4036ms [min=87.564ms, max=112.264ms, average=99.9201ms, deviation=5.00614ms]
----------------------------------------------------------

----------------------------------------------------------
sample path: (IntersectionOutput) 
  order timepoint           sequence nr.                  node name     dropped samples
latency

Statistics:
  latency:                  45.266ms [min=22.8262ms, max=76.5062ms, average=44.6622ms, deviation=10.7136ms]
----------------------------------------------------------

----------------------------------------------------------
sample path: (IntersectionOutput) 
  order timepoint           sequence nr.                  node name     dropped samples
latency

Statistics:
  latency:                  60.6138ms [min=22.8262ms, max=76.5062ms, average=44.8141ms, deviation=10.7751ms]
----------------------------------------------------------

----------------------------------------------------------
sample path: (IntersectionOutput) 
  order timepoint           sequence nr.                  node name     dropped samples
latency

Statistics:
  latency:                  39.8732ms [min=22.8262ms, max=76.5062ms, average=44.7675ms, deviation=10.7344ms]
----------------------------------------------------------

----------------------------------------------------------
sample path: (VehicleDBWSystem) 
  order timepoint           sequence nr.                  node name     dropped samples
bp period
latency

Statistics:
  latency:                  284.019ms [min=67.4805ms, max=284.019ms, average=238.017ms, deviation=38.5454ms]
  behavior planner period:  101.088ms [min=87.564ms, max=112.264ms, average=99.9493ms, deviation=4.94499ms]
----------------------------------------------------------

----------------------------------------------------------
sample path: (IntersectionOutput) 
  order timepoint           sequence nr.                  node name     dropped samples
latency

Statistics:
  latency:                  27.1852ms [min=22.8262ms, max=76.5062ms, average=44.6032ms, deviation=10.818ms]
----------------------------------------------------------

----------------------------------------------------------
sample path: (IntersectionOutput) 
  order timepoint           sequence nr.                  node name     dropped samples
latency

Statistics:
  latency:                  55.357ms [min=22.8262ms, max=76.5062ms, average=44.7027ms, deviation=10.8169ms]
----------------------------------------------------------

----------------------------------------------------------
sample path: (VehicleDBWSystem) 
  order timepoint           sequence nr.                  node name     dropped samples
bp period
latency

Statistics:
  latency:                  268.071ms [min=67.4805ms, max=284.019ms, average=238.733ms, deviation=38.3538ms]
hotpath
  hot path:                 FrontLidarDriver/RearLidarDriver -> ObjectCollisionEstimator
  hot path latency:         89.0019ms [min=75.9455ms, max=127.314ms, average=86.984ms, deviation=10.1535ms]
  hot path drops:           0 [min=0, max=0, average=0, deviation=0]
  behavior planner period:  100.698ms [min=87.564ms, max=112.264ms, average=99.9676ms, deviation=4.88419ms]
----------------------------------------------------------

----------------------------------------------------------
sample path: (IntersectionOutput) 
  order timepoint           sequence nr.                  node name     dropped samples
latency

Statistics:
  latency:                  33.207ms [min=22.8262ms, max=76.5062ms, average=44.5973ms, deviation=10.8229ms]
----------------------------------------------------------

----------------------------------------------------------
sample path: (IntersectionOutput) 
  order timepoint           sequence nr.                  node name     dropped samples
latency

Statistics:
  latency:                  44.4881ms [min=22.8262ms, max=76.5062ms, average=44.5963ms, deviation=10.7731ms]
----------------------------------------------------------

----------------------------------------------------------
sample path: (VehicleDBWSystem) 
  order timepoint           sequence nr.                  node name     dropped samples
bp period
latency

Statistics:
  latency:                  254.419ms [min=67.4805ms, max=284.019ms, average=239.098ms, deviation=37.9699ms]
hotpath
  hot path:                 FrontLidarDriver/RearLidarDriver -> ObjectCollisionEstimator
  hot path latency:         78.7897ms [min=75.9455ms, max=127.314ms, average=86.7684ms, deviation=10.1032ms]
  hot path drops:           0 [min=0, max=0, average=0, deviation=0]
  behavior planner period:  97.5511ms [min=87.564ms, max=112.264ms, average=99.91ms, deviation=4.83864ms]
----------------------------------------------------------

----------------------------------------------------------
sample path: (IntersectionOutput) 
  order timepoint           sequence nr.                  node name     dropped samples
latency

Statistics:
  latency:                  56.3322ms [min=22.8262ms, max=76.5062ms, average=44.702ms, deviation=10.7817ms]
----------------------------------------------------------

----------------------------------------------------------
sample path: (IntersectionOutput) 
  order timepoint           sequence nr.                  node name     dropped samples
latency

Statistics:
  latency:                  41.3263ms [min=22.8262ms, max=76.5062ms, average=44.6719ms, deviation=10.7378ms]
----------------------------------------------------------

----------------------------------------------------------
sample path: (IntersectionOutput) 
  order timepoint           sequence nr.                  node name     dropped samples
latency

Statistics:
  latency:                  44.8081ms [min=22.8262ms, max=76.5062ms, average=44.6731ms, deviation=10.6898ms]
----------------------------------------------------------

----------------------------------------------------------
sample path: (VehicleDBWSystem) 
  order timepoint           sequence nr.                  node name     dropped samples
bp period
latency

Statistics:
  latency:                  234.759ms [min=67.4805ms, max=284.019ms, average=238.999ms, deviation=37.5315ms]
hotpath
  hot path:                 FrontLidarDriver/RearLidarDriver -> ObjectCollisionEstimator
  hot path latency:         80.6362ms [min=75.9455ms, max=127.314ms, average=86.6111ms, deviation=10.0176ms]
  hot path drops:           0 [min=0, max=0, average=0, deviation=0]
  behavior planner period:  123.743ms [min=87.564ms, max=123.743ms, average=100.464ms, deviation=6.00534ms]
----------------------------------------------------------

----------------------------------------------------------
sample path: (IntersectionOutput) 
  order timepoint           sequence nr.                  node name     dropped samples
latency

Statistics:
  latency:                  45.5367ms [min=22.8262ms, max=76.5062ms, average=44.6806ms, deviation=10.6427ms]
----------------------------------------------------------

----------------------------------------------------------
sample path: (IntersectionOutput) 
  order timepoint           sequence nr.                  node name     dropped samples
latency

Statistics:
  latency:                  56.1954ms [min=22.8262ms, max=76.5062ms, average=44.7808ms, deviation=10.6501ms]
----------------------------------------------------------

----------------------------------------------------------
sample path: (IntersectionOutput) 
  order timepoint           sequence nr.                  node name     dropped samples
latency

Statistics:
  latency:                  68.2872ms [min=22.8262ms, max=76.5062ms, average=44.9834ms, deviation=10.826ms]
----------------------------------------------------------

----------------------------------------------------------
sample path: (VehicleDBWSystem) 
  order timepoint           sequence nr.                  node name     dropped samples
bp period
latency

Statistics:
  latency:                  301.625ms [min=67.4805ms, max=301.625ms, average=240.391ms, deviation=38.2591ms]
  behavior planner period:  78.8269ms [min=78.8269ms, max=123.743ms, average=99.9725ms, deviation=6.77243ms]
----------------------------------------------------------

----------------------------------------------------------
sample path: (IntersectionOutput) 
  order timepoint           sequence nr.                  node name     dropped samples
latency

Statistics:
  latency:                  34.2056ms [min=22.8262ms, max=76.5062ms, average=44.8913ms, deviation=10.8252ms]
----------------------------------------------------------

----------------------------------------------------------
sample path: (IntersectionOutput) 
  order timepoint           sequence nr.                  node name     dropped samples
latency

Statistics:
  latency:                  45.0103ms [min=22.8262ms, max=76.5062ms, average=44.8923ms, deviation=10.7789ms]
----------------------------------------------------------

