----------------------------------------------------------
sample path: (IntersectionOutput) 
  order timepoint           sequence nr.                  node name     dropped samples
latency

Statistics:
  latency:                  23.2556ms [min=23.2556ms, max=23.2556ms, average=23.2556ms, deviation=-nanms]
----------------------------------------------------------

----------------------------------------------------------
sample path: (VehicleDBWSystem) 
  order timepoint           sequence nr.                  node name     dropped samples
latency

Statistics:
  latency:                  258.321ms [min=258.321ms, max=258.321ms, average=258.321ms, deviation=-nanms]
  behavior planner period:  0ms [min=1.84467e+13ms, max=0ms, average=0ms, deviation=0ms]
----------------------------------------------------------

----------------------------------------------------------
sample path: (IntersectionOutput) 
  order timepoint           sequence nr.                  node name     dropped samples
latency

Statistics:
  latency:                  69.227ms [min=23.2556ms, max=69.227ms, average=46.2413ms, deviation=32.5067ms]
----------------------------------------------------------

----------------------------------------------------------
sample path: (IntersectionOutput) 
  order timepoint           sequence nr.                  node name     dropped samples
latency

Statistics:
  latency:                  43.8322ms [min=23.2556ms, max=69.227ms, average=45.4382ms, deviation=23.0278ms]
----------------------------------------------------------

----------------------------------------------------------
sample path: (IntersectionOutput) 
  order timepoint           sequence nr.                  node name     dropped samples
latency

Statistics:
  latency:                  57.8702ms [min=23.2556ms, max=69.227ms, average=48.5462ms, deviation=19.803ms]
----------------------------------------------------------

----------------------------------------------------------
sample path: (VehicleDBWSystem) 
  order timepoint           sequence nr.                  node name     dropped samples
bp period
latency

Statistics:
  latency:                  257.116ms [min=257.116ms, max=258.321ms, average=257.719ms, deviation=0.852065ms]
hotpath
  hot path:                 FrontLidarDriver/RearLidarDriver -> ObjectCollisionEstimator
  hot path latency:         105.056ms [min=105.056ms, max=105.056ms, average=105.056ms, deviation=-nanms]
  hot path drops:           0 [min=0, max=0, average=0, deviation=-nan]
  behavior planner period:  95.7765ms [min=95.7765ms, max=95.7765ms, average=95.7765ms, deviation=-nanms]
----------------------------------------------------------

----------------------------------------------------------
sample path: (IntersectionOutput) 
  order timepoint           sequence nr.                  node name     dropped samples
latency

Statistics:
  latency:                  69.9076ms [min=23.2556ms, max=69.9076ms, average=52.8185ms, deviation=19.6311ms]
----------------------------------------------------------

----------------------------------------------------------
sample path: (IntersectionOutput) 
  order timepoint           sequence nr.                  node name     dropped samples
latency

Statistics:
  latency:                  46.8798ms [min=23.2556ms, max=69.9076ms, average=51.8287ms, deviation=17.7252ms]
----------------------------------------------------------

----------------------------------------------------------
sample path: (IntersectionOutput) 
  order timepoint           sequence nr.                  node name     dropped samples
latency

Statistics:
  latency:                  45.6303ms [min=23.2556ms, max=69.9076ms, average=50.9432ms, deviation=16.3495ms]
----------------------------------------------------------

----------------------------------------------------------
sample path: (VehicleDBWSystem) 
  order timepoint           sequence nr.                  node name     dropped samples
bp period
latency

Statistics:
  latency:                  268.215ms [min=257.116ms, max=268.215ms, average=261.218ms, deviation=6.08971ms]
hotpath
  hot path:                 FrontLidarDriver/RearLidarDriver -> ObjectCollisionEstimator
  hot path latency:         93.6555ms [min=93.6555ms, max=105.056ms, average=99.3555ms, deviation=8.06106ms]
  hot path drops:           0 [min=0, max=0, average=0, deviation=0]
  behavior planner period:  103.407ms [min=95.7765ms, max=103.407ms, average=99.5919ms, deviation=5.39575ms]
----------------------------------------------------------

----------------------------------------------------------
sample path: (IntersectionOutput) 
  order timepoint           sequence nr.                  node name     dropped samples
latency

Statistics:
  latency:                  34.6313ms [min=23.2556ms, max=69.9076ms, average=48.9042ms, deviation=16.1981ms]
----------------------------------------------------------

----------------------------------------------------------
sample path: (IntersectionOutput) 
  order timepoint           sequence nr.                  node name     dropped samples
latency

Statistics:
  latency:                  45.7073ms [min=23.2556ms, max=69.9076ms, average=48.549ms, deviation=15.1894ms]
----------------------------------------------------------

----------------------------------------------------------
sample path: (VehicleDBWSystem) 
  order timepoint           sequence nr.                  node name     dropped samples
bp period
latency

Statistics:
  latency:                  243.834ms [min=243.834ms, max=268.215ms, average=256.872ms, deviation=10.0137ms]
hotpath
  hot path:                 FrontLidarDriver/RearLidarDriver -> ObjectCollisionEstimator
  hot path latency:         93.7769ms [min=93.6555ms, max=105.056ms, average=97.496ms, deviation=6.54706ms]
  hot path drops:           0 [min=0, max=0, average=0, deviation=0]
  behavior planner period:  104.244ms [min=95.7765ms, max=104.244ms, average=101.143ms, deviation=4.66589ms]
----------------------------------------------------------

----------------------------------------------------------
sample path: (IntersectionOutput) 
  order timepoint           sequence nr.                  node name     dropped samples
latency

Statistics:
  latency:                  46.5165ms [min=23.2556ms, max=69.9076ms, average=48.3458ms, deviation=14.3351ms]
----------------------------------------------------------

----------------------------------------------------------
sample path: (IntersectionOutput) 
  order timepoint           sequence nr.                  node name     dropped samples
latency

Statistics:
  latency:                  45.7888ms [min=23.2556ms, max=69.9076ms, average=48.1133ms, deviation=13.6213ms]
----------------------------------------------------------

----------------------------------------------------------
sample path: (IntersectionOutput) 
  order timepoint           sequence nr.                  node name     dropped samples
latency

Statistics:
  latency:                  69.1766ms [min=23.2556ms, max=69.9076ms, average=49.8686ms, deviation=14.3403ms]
----------------------------------------------------------

----------------------------------------------------------
sample path: (VehicleDBWSystem) 
  order timepoint           sequence nr.                  node name     dropped samples
bp period
latency

Statistics:
  latency:                  272.968ms [min=243.834ms, max=272.968ms, average=260.091ms, deviation=11.2704ms]
hotpath
  hot path:                 FrontLidarDriver/RearLidarDriver -> ObjectCollisionEstimator
  hot path latency:         81.5358ms [min=81.5358ms, max=105.056ms, average=93.5059ms, deviation=9.60506ms]
  hot path drops:           0 [min=0, max=0, average=0, deviation=0]
  behavior planner period:  92.1363ms [min=92.1363ms, max=104.244ms, average=98.891ms, deviation=5.89845ms]
----------------------------------------------------------

----------------------------------------------------------
sample path: (IntersectionOutput) 
  order timepoint           sequence nr.                  node name     dropped samples
latency

Statistics:
  latency:                  33.9ms [min=23.2556ms, max=69.9076ms, average=48.6403ms, deviation=14.4265ms]
----------------------------------------------------------

----------------------------------------------------------
sample path: (IntersectionOutput) 
  order timepoint           sequence nr.                  node name     dropped samples
latency

Statistics:
  latency:                  44.9655ms [min=23.2556ms, max=69.9076ms, average=48.3778ms, deviation=13.8952ms]
----------------------------------------------------------

----------------------------------------------------------
sample path: (VehicleDBWSystem) 
  order timepoint           sequence nr.                  node name     dropped samples
bp period
latency

Statistics:
  latency:                  308.609ms [min=243.834ms, max=308.609ms, average=268.177ms, deviation=22.2252ms]
hotpath
  hot path:                 FrontLidarDriver/RearLidarDriver -> ObjectCollisionEstimator
  hot path latency:         81.4064ms [min=81.4064ms, max=105.056ms, average=91.086ms, deviation=9.92333ms]
  hot path drops:           0 [min=0, max=0, average=0, deviation=0]
  behavior planner period:  99.8679ms [min=92.1363ms, max=104.244ms, average=99.0864ms, deviation=5.12686ms]
----------------------------------------------------------

----------------------------------------------------------
sample path: (IntersectionOutput) 
  order timepoint           sequence nr.                  node name     dropped samples
latency

Statistics:
  latency:                  44.7308ms [min=23.2556ms, max=69.9076ms, average=48.1346ms, deviation=13.4229ms]
----------------------------------------------------------

----------------------------------------------------------
sample path: (IntersectionOutput) 
  order timepoint           sequence nr.                  node name     dropped samples
latency

Statistics:
  latency:                  45.6806ms [min=23.2556ms, max=69.9076ms, average=47.9813ms, deviation=12.9822ms]
----------------------------------------------------------

----------------------------------------------------------
sample path: (VehicleDBWSystem) 
  order timepoint           sequence nr.                  node name     dropped samples
bp period
latency

Statistics:
  latency:                  250.209ms [min=243.834ms, max=308.609ms, average=265.61ms, deviation=21.3952ms]
hotpath
  hot path:                 FrontLidarDriver/RearLidarDriver -> ObjectCollisionEstimator
  hot path latency:         90.4105ms [min=81.4064ms, max=105.056ms, average=90.9734ms, deviation=8.87998ms]
  hot path drops:           0 [min=0, max=0, average=0, deviation=0]
  behavior planner period:  105.282ms [min=92.1363ms, max=105.282ms, average=100.119ms, deviation=5.23695ms]
----------------------------------------------------------

----------------------------------------------------------
sample path: (IntersectionOutput) 
  order timepoint           sequence nr.                  node name     dropped samples
latency

Statistics:
  latency:                  56.6543ms [min=23.2556ms, max=69.9076ms, average=48.4914ms, deviation=12.7448ms]
----------------------------------------------------------

----------------------------------------------------------
sample path: (IntersectionOutput) 
  order timepoint           sequence nr.                  node name     dropped samples
latency

Statistics:
  latency:                  33.959ms [min=23.2556ms, max=69.9076ms, average=47.6841ms, deviation=12.8299ms]
----------------------------------------------------------

----------------------------------------------------------
sample path: (IntersectionOutput) 
  order timepoint           sequence nr.                  node name     dropped samples
latency

Statistics:
  latency:                  34.151ms [min=23.2556ms, max=69.9076ms, average=46.9718ms, deviation=12.8492ms]
----------------------------------------------------------

----------------------------------------------------------
sample path: (VehicleDBWSystem) 
  order timepoint           sequence nr.                  node name     dropped samples
bp period
latency

Statistics:
  latency:                  261.713ms [min=243.834ms, max=308.609ms, average=265.123ms, deviation=19.856ms]
hotpath
  hot path:                 FrontLidarDriver/RearLidarDriver -> ObjectCollisionEstimator
  hot path latency:         80.2409ms [min=80.2409ms, max=105.056ms, average=89.4402ms, deviation=9.0646ms]
  hot path drops:           0 [min=0, max=0, average=0, deviation=0]
  behavior planner period:  102.141ms [min=92.1363ms, max=105.282ms, average=100.408ms, deviation=4.84136ms]
----------------------------------------------------------

----------------------------------------------------------
sample path: (IntersectionOutput) 
  order timepoint           sequence nr.                  node name     dropped samples
latency

Statistics:
  latency:                  49.8782ms [min=23.2556ms, max=69.9076ms, average=47.1171ms, deviation=12.5234ms]
----------------------------------------------------------

----------------------------------------------------------
sample path: (IntersectionOutput) 
  order timepoint           sequence nr.                  node name     dropped samples
latency

Statistics:
  latency:                  45.9139ms [min=23.2556ms, max=69.9076ms, average=47.0598ms, deviation=12.2091ms]
----------------------------------------------------------

----------------------------------------------------------
sample path: (IntersectionOutput) 
  order timepoint           sequence nr.                  node name     dropped samples
latency

Statistics:
  latency:                  56.8415ms [min=23.2556ms, max=69.9076ms, average=47.5044ms, deviation=12.096ms]
----------------------------------------------------------

----------------------------------------------------------
sample path: (IntersectionOutput) 
  order timepoint           sequence nr.                  node name     dropped samples
latency

Statistics:
  latency:                  68.2791ms [min=23.2556ms, max=69.9076ms, average=48.4077ms, deviation=12.5868ms]
----------------------------------------------------------

----------------------------------------------------------
sample path: (VehicleDBWSystem) 
  order timepoint           sequence nr.                  node name     dropped samples
bp period
latency

Statistics:
  latency:                  224.426ms [min=224.426ms, max=308.609ms, average=260.601ms, deviation=23.0001ms]
hotpath
  hot path:                 FrontLidarDriver/RearLidarDriver -> ObjectCollisionEstimator
  hot path latency:         68.7525ms [min=68.7525ms, max=105.056ms, average=86.8543ms, deviation=11.1322ms]
  hot path drops:           0 [min=0, max=0, average=0, deviation=0]
  behavior planner period:  103.236ms [min=92.1363ms, max=105.282ms, average=100.761ms, deviation=4.59241ms]
----------------------------------------------------------

----------------------------------------------------------
sample path: (IntersectionOutput) 
  order timepoint           sequence nr.                  node name     dropped samples
latency

Statistics:
  latency:                  56.1305ms [min=23.2556ms, max=69.9076ms, average=48.7295ms, deviation=12.4106ms]
----------------------------------------------------------

----------------------------------------------------------
sample path: (IntersectionOutput) 
  order timepoint           sequence nr.                  node name     dropped samples
latency

Statistics:
  latency:                  36.3162ms [min=23.2556ms, max=69.9076ms, average=48.233ms, deviation=12.4004ms]
----------------------------------------------------------

----------------------------------------------------------
sample path: (VehicleDBWSystem) 
  order timepoint           sequence nr.                  node name     dropped samples
bp period
latency

Statistics:
  latency:                  264.285ms [min=224.426ms, max=308.609ms, average=260.97ms, deviation=21.716ms]
  behavior planner period:  94.1667ms [min=92.1363ms, max=105.282ms, average=100.029ms, deviation=4.82557ms]
----------------------------------------------------------

----------------------------------------------------------
sample path: (IntersectionOutput) 
  order timepoint           sequence nr.                  node name     dropped samples
latency

Statistics:
  latency:                  44.5543ms [min=23.2556ms, max=69.9076ms, average=48.0915ms, deviation=12.1713ms]
----------------------------------------------------------

----------------------------------------------------------
sample path: (IntersectionOutput) 
  order timepoint           sequence nr.                  node name     dropped samples
latency

Statistics:
  latency:                  48.0664ms [min=23.2556ms, max=69.9076ms, average=48.0905ms, deviation=11.9349ms]
----------------------------------------------------------

----------------------------------------------------------
sample path: (VehicleDBWSystem) 
  order timepoint           sequence nr.                  node name     dropped samples
bp period
latency

Statistics:
  latency:                  272.4ms [min=224.426ms, max=308.609ms, average=262.009ms, deviation=20.8879ms]
hotpath
  hot path:                 FrontLidarDriver/RearLidarDriver -> ObjectCollisionEstimator
  hot path latency:         83.0217ms [min=68.7525ms, max=105.056ms, average=86.4284ms, deviation=10.4913ms]
  hot path drops:           0 [min=0, max=0, average=0, deviation=0]
  behavior planner period:  97.5777ms [min=92.1363ms, max=105.282ms, average=99.7836ms, deviation=4.61514ms]
----------------------------------------------------------

----------------------------------------------------------
sample path: (IntersectionOutput) 
  order timepoint           sequence nr.                  node name     dropped samples
latency

Statistics:
  latency:                  33.6393ms [min=23.2556ms, max=69.9076ms, average=47.5744ms, deviation=12.026ms]
----------------------------------------------------------

----------------------------------------------------------
sample path: (IntersectionOutput) 
  order timepoint           sequence nr.                  node name     dropped samples
latency

Statistics:
  latency:                  34.0114ms [min=23.2556ms, max=69.9076ms, average=47.1067ms, deviation=12.0749ms]
----------------------------------------------------------

----------------------------------------------------------
sample path: (VehicleDBWSystem) 
  order timepoint           sequence nr.                  node name     dropped samples
bp period
latency

Statistics:
  latency:                  292.453ms [min=224.426ms, max=308.609ms, average=264.546ms, deviation=21.7687ms]
hotpath
  hot path:                 FrontLidarDriver/RearLidarDriver -> ObjectCollisionEstimator
  hot path latency:         81.862ms [min=68.7525ms, max=105.056ms, average=85.9718ms, deviation=9.99617ms]
  hot path drops:           0 [min=0, max=0, average=0, deviation=0]
  behavior planner period:  104.096ms [min=92.1363ms, max=105.282ms, average=100.176ms, deviation=4.56727ms]
----------------------------------------------------------

----------------------------------------------------------
sample path: (IntersectionOutput) 
  order timepoint           sequence nr.                  node name     dropped samples
latency

Statistics:
  latency:                  55.9658ms [min=23.2556ms, max=69.9076ms, average=47.402ms, deviation=11.9746ms]
----------------------------------------------------------

----------------------------------------------------------
sample path: (IntersectionOutput) 
  order timepoint           sequence nr.                  node name     dropped samples
latency

Statistics:
  latency:                  44.4494ms [min=23.2556ms, max=69.9076ms, average=47.3068ms, deviation=11.7853ms]
----------------------------------------------------------

----------------------------------------------------------
sample path: (IntersectionOutput) 
  order timepoint           sequence nr.                  node name     dropped samples
latency

Statistics:
  latency:                  44.4658ms [min=23.2556ms, max=69.9076ms, average=47.218ms, deviation=11.6045ms]
----------------------------------------------------------

----------------------------------------------------------
sample path: (VehicleDBWSystem) 
  order timepoint           sequence nr.                  node name     dropped samples
bp period
latency

Statistics:
  latency:                  237.094ms [min=224.426ms, max=308.609ms, average=262.434ms, deviation=22.1891ms]
hotpath
  hot path:                 FrontLidarDriver/RearLidarDriver -> ObjectCollisionEstimator
  hot path latency:         68.6464ms [min=68.6464ms, max=105.056ms, average=84.3967ms, deviation=10.8268ms]
  hot path drops:           0 [min=0, max=0, average=0, deviation=0]
  behavior planner period:  102.019ms [min=92.1363ms, max=105.282ms, average=100.329ms, deviation=4.38713ms]
----------------------------------------------------------

----------------------------------------------------------
sample path: (IntersectionOutput) 
  order timepoint           sequence nr.                  node name     dropped samples
latency

Statistics:
  latency:                  67.9379ms [min=23.2556ms, max=69.9076ms, average=47.8459ms, deviation=11.9777ms]
----------------------------------------------------------

----------------------------------------------------------
sample path: (IntersectionOutput) 
  order timepoint           sequence nr.                  node name     dropped samples
latency

Statistics:
  latency:                  44.531ms [min=23.2556ms, max=69.9076ms, average=47.7484ms, deviation=11.8085ms]
----------------------------------------------------------

----------------------------------------------------------
sample path: (VehicleDBWSystem) 
  order timepoint           sequence nr.                  node name     dropped samples
bp period
latency

Statistics:
  latency:                  271.958ms [min=224.426ms, max=308.609ms, average=263.114ms, deviation=21.47ms]
  behavior planner period:  91.5039ms [min=91.5039ms, max=105.282ms, average=99.6503ms, deviation=4.86151ms]
----------------------------------------------------------

----------------------------------------------------------
sample path: (IntersectionOutput) 
  order timepoint           sequence nr.                  node name     dropped samples
latency

Statistics:
  latency:                  36.4895ms [min=23.2556ms, max=69.9076ms, average=47.4267ms, deviation=11.7882ms]
----------------------------------------------------------

----------------------------------------------------------
sample path: (IntersectionOutput) 
  order timepoint           sequence nr.                  node name     dropped samples
latency

Statistics:
  latency:                  36.8938ms [min=23.2556ms, max=69.9076ms, average=47.1341ms, deviation=11.7505ms]
----------------------------------------------------------

----------------------------------------------------------
sample path: (IntersectionOutput) 
  order timepoint           sequence nr.                  node name     dropped samples
latency

Statistics:
  latency:                  45.5351ms [min=23.2556ms, max=69.9076ms, average=47.0909ms, deviation=11.5891ms]
----------------------------------------------------------

----------------------------------------------------------
sample path: (VehicleDBWSystem) 
  order timepoint           sequence nr.                  node name     dropped samples
bp period
latency

Statistics:
  latency:                  271.183ms [min=224.426ms, max=308.609ms, average=263.652ms, deviation=20.7937ms]
hotpath
  hot path:                 FrontLidarDriver/RearLidarDriver -> ObjectCollisionEstimator
  hot path latency:         93.8738ms [min=68.6464ms, max=105.056ms, average=85.1865ms, deviation=10.6793ms]
  hot path drops:           0 [min=0, max=0, average=0, deviation=0]
  behavior planner period:  104.678ms [min=91.5039ms, max=105.282ms, average=100.009ms, deviation=4.8602ms]
----------------------------------------------------------

----------------------------------------------------------
sample path: (IntersectionOutput) 
  order timepoint           sequence nr.                  node name     dropped samples
latency

Statistics:
  latency:                  33.558ms [min=23.2556ms, max=69.9076ms, average=46.7348ms, deviation=11.6403ms]
----------------------------------------------------------

----------------------------------------------------------
sample path: (IntersectionOutput) 
  order timepoint           sequence nr.                  node name     dropped samples
latency

Statistics:
  latency:                  56.2408ms [min=23.2556ms, max=69.9076ms, average=46.9785ms, deviation=11.5865ms]
----------------------------------------------------------

----------------------------------------------------------
sample path: (IntersectionOutput) 
  order timepoint           sequence nr.                  node name     dropped samples
latency

Statistics:
  latency:                  55.9356ms [min=23.2556ms, max=69.9076ms, average=47.2025ms, deviation=11.5244ms]
----------------------------------------------------------

----------------------------------------------------------
sample path: (VehicleDBWSystem) 
  order timepoint           sequence nr.                  node name     dropped samples
bp period
latency

Statistics:
  latency:                  260.392ms [min=224.426ms, max=308.609ms, average=263.449ms, deviation=20.1051ms]
hotpath
  hot path:                 FrontLidarDriver/RearLidarDriver -> ObjectCollisionEstimator
  hot path latency:         79.5161ms [min=68.6464ms, max=105.056ms, average=84.7503ms, deviation=10.3449ms]
  hot path drops:           0 [min=0, max=0, average=0, deviation=0]
  behavior planner period:  99.6963ms [min=91.5039ms, max=105.282ms, average=99.9886ms, deviation=4.6841ms]
----------------------------------------------------------

----------------------------------------------------------
sample path: (IntersectionOutput) 
  order timepoint           sequence nr.                  node name     dropped samples
latency

Statistics:
  latency:                  33.7571ms [min=23.2556ms, max=69.9076ms, average=46.8745ms, deviation=11.5715ms]
----------------------------------------------------------

----------------------------------------------------------
sample path: (IntersectionOutput) 
  order timepoint           sequence nr.                  node name     dropped samples
latency

Statistics:
  latency:                  42.9648ms [min=23.2556ms, max=69.9076ms, average=46.7814ms, deviation=11.4455ms]
----------------------------------------------------------

----------------------------------------------------------
sample path: (IntersectionOutput) 
  order timepoint           sequence nr.                  node name     dropped samples
latency

Statistics:
  latency:                  44.9714ms [min=23.2556ms, max=69.9076ms, average=46.7393ms, deviation=11.3118ms]
----------------------------------------------------------

----------------------------------------------------------
sample path: (VehicleDBWSystem) 
  order timepoint           sequence nr.                  node name     dropped samples
bp period
latency

Statistics:
  latency:                  260.761ms [min=224.426ms, max=308.609ms, average=263.29ms, deviation=19.4776ms]
hotpath
  hot path:                 FrontLidarDriver/RearLidarDriver -> ObjectCollisionEstimator
  hot path latency:         68.1053ms [min=68.1053ms, max=105.056ms, average=83.5614ms, deviation=10.8892ms]
  hot path drops:           0 [min=0, max=0, average=0, deviation=0]
  behavior planner period:  101.544ms [min=91.5039ms, max=105.282ms, average=100.086ms, deviation=4.54195ms]
----------------------------------------------------------

----------------------------------------------------------
sample path: (IntersectionOutput) 
  order timepoint           sequence nr.                  node name     dropped samples
latency

Statistics:
  latency:                  57.4194ms [min=23.2556ms, max=69.9076ms, average=46.9821ms, deviation=11.2948ms]
----------------------------------------------------------

----------------------------------------------------------
sample path: (IntersectionOutput) 
  order timepoint           sequence nr.                  node name     dropped samples
latency

Statistics:
  latency:                  34.4219ms [min=23.2556ms, max=69.9076ms, average=46.7029ms, deviation=11.3216ms]
----------------------------------------------------------

----------------------------------------------------------
sample path: (VehicleDBWSystem) 
  order timepoint           sequence nr.                  node name     dropped samples
bp period
latency

Statistics:
  latency:                  261.067ms [min=224.426ms, max=308.609ms, average=263.167ms, deviation=18.9033ms]
  behavior planner period:  102.108ms [min=91.5039ms, max=105.282ms, average=100.205ms, deviation=4.42498ms]
----------------------------------------------------------

----------------------------------------------------------
sample path: (IntersectionOutput) 
  order timepoint           sequence nr.                  node name     dropped samples
latency

Statistics:
  latency:                  56.4042ms [min=23.2556ms, max=69.9076ms, average=46.9138ms, deviation=11.2861ms]
----------------------------------------------------------

----------------------------------------------------------
sample path: (IntersectionOutput) 
  order timepoint           sequence nr.                  node name     dropped samples
latency

Statistics:
  latency:                  45.7416ms [min=23.2556ms, max=69.9076ms, average=46.8889ms, deviation=11.1641ms]
----------------------------------------------------------

----------------------------------------------------------
sample path: (VehicleDBWSystem) 
  order timepoint           sequence nr.                  node name     dropped samples
bp period
latency

Statistics:
  latency:                  254.07ms [min=224.426ms, max=308.609ms, average=262.688ms, deviation=18.4889ms]
hotpath
  hot path:                 FrontLidarDriver/RearLidarDriver -> ObjectCollisionEstimator
  hot path latency:         78.713ms [min=68.1053ms, max=105.056ms, average=83.2382ms, deviation=10.5675ms]
  hot path drops:           0 [min=0, max=0, average=0, deviation=0]
  behavior planner period:  94.4403ms [min=91.5039ms, max=105.282ms, average=99.8845ms, deviation=4.50274ms]
----------------------------------------------------------

----------------------------------------------------------
sample path: (IntersectionOutput) 
  order timepoint           sequence nr.                  node name     dropped samples
latency

Statistics:
  latency:                  57.6815ms [min=23.2556ms, max=69.9076ms, average=47.1138ms, deviation=11.154ms]
----------------------------------------------------------

----------------------------------------------------------
sample path: (IntersectionOutput) 
  order timepoint           sequence nr.                  node name     dropped samples
latency

Statistics:
  latency:                  33.8682ms [min=23.2556ms, max=69.9076ms, average=46.8434ms, deviation=11.1982ms]
----------------------------------------------------------

----------------------------------------------------------
sample path: (IntersectionOutput) 
  order timepoint           sequence nr.                  node name     dropped samples
latency

Statistics:
  latency:                  56.0368ms [min=23.2556ms, max=69.9076ms, average=47.0273ms, deviation=11.1594ms]
----------------------------------------------------------

----------------------------------------------------------
sample path: (IntersectionOutput) 
  order timepoint           sequence nr.                  node name     dropped samples
latency

Statistics:
  latency:                  62.2856ms [min=23.2556ms, max=69.9076ms, average=47.3265ms, deviation=11.2519ms]
----------------------------------------------------------

----------------------------------------------------------
sample path: (VehicleDBWSystem) 
  order timepoint           sequence nr.                  node name     dropped samples
bp period
latency

Statistics:
  latency:                  277.291ms [min=224.426ms, max=308.609ms, average=263.418ms, deviation=18.2896ms]
hotpath
  hot path:                 FrontLidarDriver/RearLidarDriver -> ObjectCollisionEstimator
  hot path latency:         71.4285ms [min=68.1053ms, max=105.056ms, average=82.5ms, deviation=10.6275ms]
  hot path drops:           0 [min=0, max=0, average=0, deviation=0]
  behavior planner period:  103.495ms [min=91.5039ms, max=105.282ms, average=100.074ms, deviation=4.45358ms]
----------------------------------------------------------

----------------------------------------------------------
sample path: (IntersectionOutput) 
  order timepoint           sequence nr.                  node name     dropped samples
latency

Statistics:
  latency:                  39.2358ms [min=23.2556ms, max=69.9076ms, average=47.1709ms, deviation=11.1974ms]
----------------------------------------------------------

----------------------------------------------------------
sample path: (IntersectionOutput) 
  order timepoint           sequence nr.                  node name     dropped samples
latency

Statistics:
  latency:                  39.2375ms [min=23.2556ms, max=69.9076ms, average=47.0212ms, deviation=11.1426ms]
----------------------------------------------------------

----------------------------------------------------------
sample path: (VehicleDBWSystem) 
  order timepoint           sequence nr.                  node name     dropped samples
bp period
latency

Statistics:
  latency:                  265.63ms [min=224.426ms, max=308.609ms, average=263.524ms, deviation=17.833ms]
hotpath
  hot path:                 FrontLidarDriver/RearLidarDriver -> ObjectCollisionEstimator
  hot path latency:         80.6469ms [min=68.1053ms, max=105.056ms, average=82.391ms, deviation=10.2999ms]
  hot path drops:           0 [min=0, max=0, average=0, deviation=0]
  behavior planner period:  96.9831ms [min=91.5039ms, max=105.282ms, average=99.9199ms, deviation=4.38956ms]
----------------------------------------------------------

----------------------------------------------------------
sample path: (IntersectionOutput) 
  order timepoint           sequence nr.                  node name     dropped samples
latency

Statistics:
  latency:                  56.1543ms [min=23.2556ms, max=69.9076ms, average=47.1903ms, deviation=11.1068ms]
----------------------------------------------------------

----------------------------------------------------------
sample path: (IntersectionOutput) 
  order timepoint           sequence nr.                  node name     dropped samples
latency

Statistics:
  latency:                  45.4926ms [min=23.2556ms, max=69.9076ms, average=47.1595ms, deviation=11.0058ms]
----------------------------------------------------------

----------------------------------------------------------
sample path: (IntersectionOutput) 
  order timepoint           sequence nr.                  node name     dropped samples
latency

Statistics:
  latency:                  58.2306ms [min=23.2556ms, max=69.9076ms, average=47.3572ms, deviation=11.0052ms]
----------------------------------------------------------

----------------------------------------------------------
sample path: (VehicleDBWSystem) 
  order timepoint           sequence nr.                  node name     dropped samples
bp period
latency

Statistics:
  latency:                  287.183ms [min=224.426ms, max=308.609ms, average=264.599ms, deviation=18.1195ms]
hotpath
  hot path:                 FrontLidarDriver/RearLidarDriver -> ObjectCollisionEstimator
  hot path latency:         90.7373ms [min=68.1053ms, max=105.056ms, average=82.8547ms, deviation=10.1841ms]
  hot path drops:           0 [min=0, max=0, average=0, deviation=0]
  behavior planner period:  100.055ms [min=91.5039ms, max=105.282ms, average=99.9263ms, deviation=4.27852ms]
----------------------------------------------------------

----------------------------------------------------------
sample path: (IntersectionOutput) 
  order timepoint           sequence nr.                  node name     dropped samples
latency

Statistics:
  latency:                  34.4323ms [min=23.2556ms, max=69.9076ms, average=47.1304ms, deviation=11.04ms]
----------------------------------------------------------

----------------------------------------------------------
sample path: (IntersectionOutput) 
  order timepoint           sequence nr.                  node name     dropped samples
latency

Statistics:
  latency:                  45.2322ms [min=23.2556ms, max=69.9076ms, average=47.0977ms, deviation=10.9456ms]
----------------------------------------------------------

----------------------------------------------------------
sample path: (VehicleDBWSystem) 
  order timepoint           sequence nr.                  node name     dropped samples
bp period
latency

Statistics:
  latency:                  287.739ms [min=224.426ms, max=308.609ms, average=265.605ms, deviation=18.3487ms]
hotpath
  hot path:                 FrontLidarDriver/RearLidarDriver -> ObjectCollisionEstimator
  hot path latency:         71.9525ms [min=68.1053ms, max=105.056ms, average=82.2809ms, deviation=10.2083ms]
  hot path drops:           0 [min=0, max=0, average=0, deviation=0]
  behavior planner period:  101.992ms [min=91.5039ms, max=105.282ms, average=100.02ms, deviation=4.19857ms]
----------------------------------------------------------

----------------------------------------------------------
sample path: (IntersectionOutput) 
  order timepoint           sequence nr.                  node name     dropped samples
latency

Statistics:
  latency:                  57.0623ms [min=23.2556ms, max=69.9076ms, average=47.2666ms, deviation=10.9281ms]
----------------------------------------------------------

----------------------------------------------------------
sample path: (IntersectionOutput) 
  order timepoint           sequence nr.                  node name     dropped samples
latency

Statistics:
  latency:                  34.2197ms [min=23.2556ms, max=69.9076ms, average=47.0491ms, deviation=10.9652ms]
----------------------------------------------------------

----------------------------------------------------------
sample path: (IntersectionOutput) 
  order timepoint           sequence nr.                  node name     dropped samples
latency

Statistics:
  latency:                  44.6877ms [min=23.2556ms, max=69.9076ms, average=47.0104ms, deviation=10.8777ms]
----------------------------------------------------------

----------------------------------------------------------
sample path: (IntersectionOutput) 
  order timepoint           sequence nr.                  node name     dropped samples
latency

Statistics:
  latency:                  67.7647ms [min=23.2556ms, max=69.9076ms, average=47.3452ms, deviation=11.1055ms]
----------------------------------------------------------

----------------------------------------------------------
sample path: (VehicleDBWSystem) 
  order timepoint           sequence nr.                  node name     dropped samples
bp period
latency

Statistics:
  latency:                  284.503ms [min=224.426ms, max=308.609ms, average=266.392ms, deviation=18.3553ms]
hotpath
  hot path:                 FrontLidarDriver/RearLidarDriver -> ObjectCollisionEstimator
  hot path latency:         79.2517ms [min=68.1053ms, max=105.056ms, average=82.1295ms, deviation=9.95913ms]
  hot path drops:           0 [min=0, max=0, average=0, deviation=0]
  behavior planner period:  103.467ms [min=91.5039ms, max=105.282ms, average=100.17ms, deviation=4.16451ms]
----------------------------------------------------------

----------------------------------------------------------
sample path: (IntersectionOutput) 
  order timepoint           sequence nr.                  node name     dropped samples
latency

Statistics:
  latency:                  54.9822ms [min=23.2556ms, max=69.9076ms, average=47.4664ms, deviation=11.0575ms]
----------------------------------------------------------

----------------------------------------------------------
sample path: (IntersectionOutput) 
  order timepoint           sequence nr.                  node name     dropped samples
latency

Statistics:
  latency:                  56.4922ms [min=23.2556ms, max=69.9076ms, average=47.6074ms, deviation=11.0273ms]
----------------------------------------------------------

----------------------------------------------------------
sample path: (VehicleDBWSystem) 
  order timepoint           sequence nr.                  node name     dropped samples
bp period
latency

Statistics:
  latency:                  307.979ms [min=224.426ms, max=308.609ms, average=268.056ms, deviation=19.8004ms]
hotpath
  hot path:                 FrontLidarDriver/RearLidarDriver -> ObjectCollisionEstimator
  hot path latency:         80.4396ms [min=68.1053ms, max=105.056ms, average=82.049ms, deviation=9.71396ms]
  hot path drops:           0 [min=0, max=0, average=0, deviation=0]
  behavior planner period:  102.737ms [min=91.5039ms, max=105.282ms, average=100.277ms, deviation=4.10654ms]
----------------------------------------------------------

----------------------------------------------------------
sample path: (VehicleDBWSystem) 
  order timepoint           sequence nr.                  node name     dropped samples
bp period
latency

Statistics:
  latency:                  276.148ms [min=224.426ms, max=308.609ms, average=268.367ms, deviation=19.4652ms]
hotpath
  hot path:                 FrontLidarDriver/RearLidarDriver -> ObjectCollisionEstimator
  hot path latency:         91.2023ms [min=68.1053ms, max=105.056ms, average=82.465ms, deviation=9.67863ms]
  hot path drops:           0 [min=0, max=0, average=0, deviation=0]
  behavior planner period:  90.3471ms [min=90.3471ms, max=105.282ms, average=99.8798ms, deviation=4.48388ms]
----------------------------------------------------------

----------------------------------------------------------
sample path: (IntersectionOutput) 
  order timepoint           sequence nr.                  node name     dropped samples
latency

Statistics:
  latency:                  59.8734ms [min=23.2556ms, max=69.9076ms, average=47.7961ms, deviation=11.0461ms]
----------------------------------------------------------

----------------------------------------------------------
sample path: (IntersectionOutput) 
  order timepoint           sequence nr.                  node name     dropped samples
latency

Statistics:
  latency:                  26.4284ms [min=23.2556ms, max=69.9076ms, average=47.4724ms, deviation=11.2719ms]
----------------------------------------------------------

----------------------------------------------------------
sample path: (IntersectionOutput) 
  order timepoint           sequence nr.                  node name     dropped samples
latency

Statistics:
  latency:                  63.2632ms [min=23.2556ms, max=69.9076ms, average=47.7081ms, deviation=11.3513ms]
----------------------------------------------------------

----------------------------------------------------------
sample path: (IntersectionOutput) 
  order timepoint           sequence nr.                  node name     dropped samples
latency

Statistics:
  latency:                  67.5663ms [min=23.2556ms, max=69.9076ms, average=48.0001ms, deviation=11.5208ms]
----------------------------------------------------------

----------------------------------------------------------
sample path: (VehicleDBWSystem) 
  order timepoint           sequence nr.                  node name     dropped samples
bp period
latency

Statistics:
  latency:                  286.702ms [min=224.426ms, max=308.609ms, average=269.046ms, deviation=19.4106ms]
hotpath
  hot path:                 FrontLidarDriver/RearLidarDriver -> ObjectCollisionEstimator
  hot path latency:         124.85ms [min=68.1053ms, max=124.85ms, average=84.3079ms, deviation=12.9432ms]
  hot path drops:           0 [min=0, max=0, average=0, deviation=0]
  behavior planner period:  106.831ms [min=90.3471ms, max=106.831ms, average=100.147ms, deviation=4.59992ms]
----------------------------------------------------------

----------------------------------------------------------
sample path: (IntersectionOutput) 
  order timepoint           sequence nr.                  node name     dropped samples
latency

Statistics:
  latency:                  45.1301ms [min=23.2556ms, max=69.9076ms, average=47.9585ms, deviation=11.441ms]
----------------------------------------------------------

----------------------------------------------------------
sample path: (IntersectionOutput) 
  order timepoint           sequence nr.                  node name     dropped samples
latency

Statistics:
  latency:                  61.087ms [min=23.2556ms, max=69.9076ms, average=48.146ms, deviation=11.4657ms]
----------------------------------------------------------

----------------------------------------------------------
sample path: (VehicleDBWSystem) 
  order timepoint           sequence nr.                  node name     dropped samples
bp period
latency

Statistics:
  latency:                  282.499ms [min=224.426ms, max=308.609ms, average=269.527ms, deviation=19.2167ms]
hotpath
  hot path:                 FrontLidarDriver/RearLidarDriver -> ObjectCollisionEstimator
  hot path latency:         101.979ms [min=68.1053ms, max=124.85ms, average=85.0442ms, deviation=13.1626ms]
  hot path drops:           0 [min=0, max=0, average=0, deviation=0]
  behavior planner period:  101.503ms [min=90.3471ms, max=106.831ms, average=100.197ms, deviation=4.51814ms]
----------------------------------------------------------

----------------------------------------------------------
sample path: (IntersectionOutput) 
  order timepoint           sequence nr.                  node name     dropped samples
latency

Statistics:
  latency:                  34.3188ms [min=23.2556ms, max=69.9076ms, average=47.9513ms, deviation=11.5011ms]
----------------------------------------------------------

----------------------------------------------------------
sample path: (VehicleDBWSystem) 
  order timepoint           sequence nr.                  node name     dropped samples
bp period
latency

Statistics:
  latency:                  267.899ms [min=224.426ms, max=308.609ms, average=269.471ms, deviation=18.8728ms]
hotpath
  hot path:                 FrontLidarDriver/RearLidarDriver -> ObjectCollisionEstimator
  hot path latency:         90.0677ms [min=68.1053ms, max=124.85ms, average=85.2451ms, deviation=12.9246ms]
  hot path drops:           0 [min=0, max=0, average=0, deviation=0]
  behavior planner period:  97.9769ms [min=90.3471ms, max=106.831ms, average=100.118ms, deviation=4.45349ms]
----------------------------------------------------------

----------------------------------------------------------
sample path: (IntersectionOutput) 
  order timepoint           sequence nr.                  node name     dropped samples
latency

Statistics:
  latency:                  41.5156ms [min=23.2556ms, max=69.9076ms, average=47.8619ms, deviation=11.445ms]
----------------------------------------------------------

----------------------------------------------------------
sample path: (IntersectionOutput) 
  order timepoint           sequence nr.                  node name     dropped samples
latency

Statistics:
  latency:                  48.8347ms [min=23.2556ms, max=69.9076ms, average=47.8752ms, deviation=11.3658ms]
----------------------------------------------------------

----------------------------------------------------------
sample path: (VehicleDBWSystem) 
  order timepoint           sequence nr.                  node name     dropped samples
bp period
latency

Statistics:
  latency:                  249.762ms [min=224.426ms, max=308.609ms, average=268.814ms, deviation=18.8904ms]
hotpath
  hot path:                 FrontLidarDriver/RearLidarDriver -> ObjectCollisionEstimator
  hot path latency:         86.404ms [min=68.1053ms, max=124.85ms, average=85.2897ms, deviation=12.6655ms]
  hot path drops:           0 [min=0, max=0, average=0, deviation=0]
  behavior planner period:  94.9467ms [min=90.3471ms, max=106.831ms, average=99.9398ms, deviation=4.47744ms]
----------------------------------------------------------

----------------------------------------------------------
sample path: (IntersectionOutput) 
  order timepoint           sequence nr.                  node name     dropped samples
latency

Statistics:
  latency:                  56.9815ms [min=23.2556ms, max=69.9076ms, average=47.9983ms, deviation=11.3372ms]
----------------------------------------------------------

----------------------------------------------------------
sample path: (IntersectionOutput) 
  order timepoint           sequence nr.                  node name     dropped samples
latency

Statistics:
  latency:                  40.1165ms [min=23.2556ms, max=69.9076ms, average=47.8932ms, deviation=11.2971ms]
----------------------------------------------------------

----------------------------------------------------------
sample path: (IntersectionOutput) 
  order timepoint           sequence nr.                  node name     dropped samples
latency

Statistics:
  latency:                  51.023ms [min=23.2556ms, max=69.9076ms, average=47.9344ms, deviation=11.2273ms]
----------------------------------------------------------

----------------------------------------------------------
sample path: (VehicleDBWSystem) 
  order timepoint           sequence nr.                  node name     dropped samples
bp period
latency

Statistics:
  latency:                  255.347ms [min=224.426ms, max=308.609ms, average=268.379ms, deviation=18.7297ms]
hotpath
  hot path:                 FrontLidarDriver/RearLidarDriver -> ObjectCollisionEstimator
  hot path latency:         71.9684ms [min=68.1053ms, max=124.85ms, average=84.7963ms, deviation=12.6814ms]
  hot path drops:           0 [min=0, max=0, average=0, deviation=0]
  behavior planner period:  103.062ms [min=90.3471ms, max=106.831ms, average=100.044ms, deviation=4.43633ms]
----------------------------------------------------------

----------------------------------------------------------
sample path: (IntersectionOutput) 
  order timepoint           sequence nr.                  node name     dropped samples
latency

Statistics:
  latency:                  57.4853ms [min=23.2556ms, max=69.9076ms, average=48.0584ms, deviation=11.2061ms]
----------------------------------------------------------

----------------------------------------------------------
sample path: (IntersectionOutput) 
  order timepoint           sequence nr.                  node name     dropped samples
latency

Statistics:
  latency:                  33.9838ms [min=23.2556ms, max=69.9076ms, average=47.878ms, deviation=11.2466ms]
----------------------------------------------------------

----------------------------------------------------------
sample path: (IntersectionOutput) 
  order timepoint           sequence nr.                  node name     dropped samples
latency

Statistics:
  latency:                  40.1331ms [min=23.2556ms, max=69.9076ms, average=47.7799ms, deviation=11.2082ms]
----------------------------------------------------------

----------------------------------------------------------
sample path: (VehicleDBWSystem) 
  order timepoint           sequence nr.                  node name     dropped samples
bp period
latency

Statistics:
  latency:                  269.161ms [min=224.426ms, max=308.609ms, average=268.404ms, deviation=18.4257ms]
hotpath
  hot path:                 FrontLidarDriver/RearLidarDriver -> ObjectCollisionEstimator
  hot path latency:         80.0612ms [min=68.1053ms, max=124.85ms, average=84.6272ms, deviation=12.4764ms]
  hot path drops:           0 [min=0, max=0, average=0, deviation=0]
  behavior planner period:  103.664ms [min=90.3471ms, max=106.831ms, average=100.161ms, deviation=4.40997ms]
----------------------------------------------------------

----------------------------------------------------------
sample path: (IntersectionOutput) 
  order timepoint           sequence nr.                  node name     dropped samples
latency

Statistics:
  latency:                  62.5748ms [min=23.2556ms, max=69.9076ms, average=47.9649ms, deviation=11.2592ms]
----------------------------------------------------------

----------------------------------------------------------
sample path: (IntersectionOutput) 
  order timepoint           sequence nr.                  node name     dropped samples
latency

Statistics:
  latency:                  50.9639ms [min=23.2556ms, max=69.9076ms, average=48.0019ms, deviation=11.1936ms]
----------------------------------------------------------

----------------------------------------------------------
sample path: (IntersectionOutput) 
  order timepoint           sequence nr.                  node name     dropped samples
latency

Statistics:
  latency:                  67.3114ms [min=23.2556ms, max=69.9076ms, average=48.2374ms, deviation=11.3268ms]
----------------------------------------------------------

----------------------------------------------------------
sample path: (VehicleDBWSystem) 
  order timepoint           sequence nr.                  node name     dropped samples
bp period
latency

Statistics:
  latency:                  280.083ms [min=224.426ms, max=308.609ms, average=268.758ms, deviation=18.2491ms]
hotpath
  hot path:                 FrontLidarDriver/RearLidarDriver -> ObjectCollisionEstimator
  hot path latency:         80.6512ms [min=68.1053ms, max=124.85ms, average=84.4901ms, deviation=12.2739ms]
  hot path drops:           0 [min=0, max=0, average=0, deviation=0]
  behavior planner period:  91.1379ms [min=90.3471ms, max=106.831ms, average=99.8787ms, deviation=4.62218ms]
----------------------------------------------------------

----------------------------------------------------------
sample path: (IntersectionOutput) 
  order timepoint           sequence nr.                  node name     dropped samples
latency

Statistics:
  latency:                  38.7293ms [min=23.2556ms, max=69.9076ms, average=48.1228ms, deviation=11.3058ms]
----------------------------------------------------------

----------------------------------------------------------
sample path: (IntersectionOutput) 
  order timepoint           sequence nr.                  node name     dropped samples
latency

Statistics:
  latency:                  45.1764ms [min=23.2556ms, max=69.9076ms, average=48.0878ms, deviation=11.2421ms]
----------------------------------------------------------

----------------------------------------------------------
sample path: (IntersectionOutput) 
  order timepoint           sequence nr.                  node name     dropped samples
latency

Statistics:
  latency:                  64.1909ms [min=23.2556ms, max=69.9076ms, average=48.2772ms, deviation=11.3106ms]
----------------------------------------------------------

----------------------------------------------------------
sample path: (VehicleDBWSystem) 
  order timepoint           sequence nr.                  node name     dropped samples
bp period
latency

Statistics:
  latency:                  282.944ms [min=224.426ms, max=308.609ms, average=269.175ms, deviation=18.1344ms]
hotpath
  hot path:                 FrontLidarDriver/RearLidarDriver -> ObjectCollisionEstimator
  hot path latency:         79.9053ms [min=68.1053ms, max=124.85ms, average=84.3373ms, deviation=12.0894ms]
  hot path drops:           0 [min=0, max=0, average=0, deviation=0]
  behavior planner period:  108.823ms [min=90.3471ms, max=108.823ms, average=100.15ms, deviation=4.80843ms]
----------------------------------------------------------

----------------------------------------------------------
sample path: (IntersectionOutput) 
  order timepoint           sequence nr.                  node name     dropped samples
latency

Statistics:
  latency:                  49.1014ms [min=23.2556ms, max=69.9076ms, average=48.2868ms, deviation=11.2443ms]
----------------------------------------------------------

----------------------------------------------------------
sample path: (IntersectionOutput) 
  order timepoint           sequence nr.                  node name     dropped samples
latency

Statistics:
  latency:                  64.5118ms [min=23.2556ms, max=69.9076ms, average=48.4733ms, deviation=11.3132ms]
----------------------------------------------------------

----------------------------------------------------------
sample path: (VehicleDBWSystem) 
  order timepoint           sequence nr.                  node name     dropped samples
bp period
latency

Statistics:
  latency:                  266.661ms [min=224.426ms, max=308.609ms, average=269.103ms, deviation=17.8708ms]
hotpath
  hot path:                 FrontLidarDriver/RearLidarDriver -> ObjectCollisionEstimator
  hot path latency:         80.3971ms [min=68.1053ms, max=124.85ms, average=84.2102ms, deviation=11.9072ms]
  hot path drops:           0 [min=0, max=0, average=0, deviation=0]
  behavior planner period:  95.0703ms [min=90.3471ms, max=108.823ms, average=100ms, deviation=4.81448ms]
----------------------------------------------------------

----------------------------------------------------------
sample path: (IntersectionOutput) 
  order timepoint           sequence nr.                  node name     dropped samples
latency

Statistics:
  latency:                  34.1285ms [min=23.2556ms, max=69.9076ms, average=48.3103ms, deviation=11.3515ms]
----------------------------------------------------------

----------------------------------------------------------
sample path: (IntersectionOutput) 
  order timepoint           sequence nr.                  node name     dropped samples
latency

Statistics:
  latency:                  34.3201ms [min=23.2556ms, max=69.9076ms, average=48.1531ms, deviation=11.3838ms]
----------------------------------------------------------

----------------------------------------------------------
sample path: (VehicleDBWSystem) 
  order timepoint           sequence nr.                  node name     dropped samples
bp period
latency

Statistics:
  latency:                  273.006ms [min=224.426ms, max=308.609ms, average=269.211ms, deviation=17.6257ms]
hotpath
  hot path:                 FrontLidarDriver/RearLidarDriver -> ObjectCollisionEstimator
  hot path latency:         83.5149ms [min=68.1053ms, max=124.85ms, average=84.1884ms, deviation=11.7143ms]
  hot path drops:           0 [min=0, max=0, average=0, deviation=0]
  behavior planner period:  103.421ms [min=90.3471ms, max=108.823ms, average=100.098ms, deviation=4.77825ms]
----------------------------------------------------------

----------------------------------------------------------
sample path: (IntersectionOutput) 
  order timepoint           sequence nr.                  node name     dropped samples
latency

Statistics:
  latency:                  56.5225ms [min=23.2556ms, max=69.9076ms, average=48.2461ms, deviation=11.354ms]
----------------------------------------------------------

----------------------------------------------------------
sample path: (IntersectionOutput) 
  order timepoint           sequence nr.                  node name     dropped samples
latency

Statistics:
  latency:                  50.0724ms [min=23.2556ms, max=69.9076ms, average=48.2661ms, deviation=11.2924ms]
----------------------------------------------------------

----------------------------------------------------------
sample path: (VehicleDBWSystem) 
  order timepoint           sequence nr.                  node name     dropped samples
bp period
latency

Statistics:
  latency:                  247.519ms [min=224.426ms, max=308.609ms, average=268.625ms, deviation=17.7413ms]
hotpath
  hot path:                 FrontLidarDriver/RearLidarDriver -> ObjectCollisionEstimator
  hot path latency:         80.3772ms [min=68.1053ms, max=124.85ms, average=84.0729ms, deviation=11.5489ms]
  hot path drops:           0 [min=0, max=0, average=0, deviation=0]
  behavior planner period:  98.4543ms [min=90.3471ms, max=108.823ms, average=100.052ms, deviation=4.71746ms]
----------------------------------------------------------

----------------------------------------------------------
sample path: (IntersectionOutput) 
  order timepoint           sequence nr.                  node name     dropped samples
latency

Statistics:
  latency:                  57.3684ms [min=23.2556ms, max=69.9076ms, average=48.3651ms, deviation=11.2702ms]
----------------------------------------------------------

----------------------------------------------------------
sample path: (IntersectionOutput) 
  order timepoint           sequence nr.                  node name     dropped samples
latency

Statistics:
  latency:                  34.1661ms [min=23.2556ms, max=69.9076ms, average=48.2124ms, deviation=11.3051ms]
----------------------------------------------------------

----------------------------------------------------------
sample path: (IntersectionOutput) 
  order timepoint           sequence nr.                  node name     dropped samples
latency

Statistics:
  latency:                  37.2605ms [min=23.2556ms, max=69.9076ms, average=48.0959ms, deviation=11.3007ms]
----------------------------------------------------------

----------------------------------------------------------
sample path: (VehicleDBWSystem) 
  order timepoint           sequence nr.                  node name     dropped samples
bp period
latency

Statistics:
  latency:                  273.16ms [min=224.426ms, max=308.609ms, average=268.744ms, deviation=17.5153ms]
hotpath
  hot path:                 FrontLidarDriver/RearLidarDriver -> ObjectCollisionEstimator
  hot path latency:         75.2212ms [min=68.1053ms, max=124.85ms, average=83.8126ms, deviation=11.4734ms]
  hot path drops:           0 [min=0, max=0, average=0, deviation=0]
  behavior planner period:  103.681ms [min=90.3471ms, max=108.823ms, average=100.15ms, deviation=4.68957ms]
----------------------------------------------------------

----------------------------------------------------------
sample path: (IntersectionOutput) 
  order timepoint           sequence nr.                  node name     dropped samples
latency

Statistics:
  latency:                  59.6248ms [min=23.2556ms, max=69.9076ms, average=48.2172ms, deviation=11.3025ms]
----------------------------------------------------------

----------------------------------------------------------
sample path: (IntersectionOutput) 
  order timepoint           sequence nr.                  node name     dropped samples
latency

Statistics:
  latency:                  48.6638ms [min=23.2556ms, max=69.9076ms, average=48.2219ms, deviation=11.243ms]
----------------------------------------------------------

----------------------------------------------------------
sample path: (IntersectionOutput) 
  order timepoint           sequence nr.                  node name     dropped samples
latency

Statistics:
  latency:                  67.3624ms [min=23.2556ms, max=69.9076ms, average=48.4192ms, deviation=11.3518ms]
----------------------------------------------------------

----------------------------------------------------------
sample path: (VehicleDBWSystem) 
  order timepoint           sequence nr.                  node name     dropped samples
bp period
latency

Statistics:
  latency:                  278.202ms [min=224.426ms, max=308.609ms, average=268.987ms, deviation=17.3495ms]
hotpath
  hot path:                 FrontLidarDriver/RearLidarDriver -> ObjectCollisionEstimator
  hot path latency:         80.7087ms [min=68.1053ms, max=124.85ms, average=83.7239ms, deviation=11.3156ms]
  hot path drops:           0 [min=0, max=0, average=0, deviation=0]
  behavior planner period:  91.878ms [min=90.3471ms, max=108.823ms, average=99.9327ms, deviation=4.81649ms]
----------------------------------------------------------

----------------------------------------------------------
sample path: (IntersectionOutput) 
  order timepoint           sequence nr.                  node name     dropped samples
latency

Statistics:
  latency:                  41.6656ms [min=23.2556ms, max=69.9076ms, average=48.3503ms, deviation=11.3138ms]
----------------------------------------------------------

----------------------------------------------------------
sample path: (IntersectionOutput) 
  order timepoint           sequence nr.                  node name     dropped samples
latency

Statistics:
  latency:                  45.3042ms [min=23.2556ms, max=69.9076ms, average=48.3195ms, deviation=11.2601ms]
----------------------------------------------------------

----------------------------------------------------------
sample path: (IntersectionOutput) 
  order timepoint           sequence nr.                  node name     dropped samples
latency

Statistics:
  latency:                  61.4208ms [min=23.2556ms, max=69.9076ms, average=48.4506ms, deviation=11.2794ms]
----------------------------------------------------------

----------------------------------------------------------
sample path: (VehicleDBWSystem) 
  order timepoint           sequence nr.                  node name     dropped samples
bp period
latency

Statistics:
  latency:                  284.173ms [min=224.426ms, max=308.609ms, average=269.367ms, deviation=17.2932ms]
hotpath
  hot path:                 FrontLidarDriver/RearLidarDriver -> ObjectCollisionEstimator
  hot path latency:         80.4491ms [min=68.1053ms, max=124.85ms, average=83.633ms, deviation=11.1661ms]
  hot path drops:           0 [min=0, max=0, average=0, deviation=0]
  behavior planner period:  106.418ms [min=90.3471ms, max=108.823ms, average=100.099ms, deviation=4.86482ms]
----------------------------------------------------------

----------------------------------------------------------
sample path: (IntersectionOutput) 
  order timepoint           sequence nr.                  node name     dropped samples
latency

Statistics:
  latency:                  56.4608ms [min=23.2556ms, max=69.9076ms, average=48.5299ms, deviation=11.2511ms]
----------------------------------------------------------

----------------------------------------------------------
sample path: (IntersectionOutput) 
  order timepoint           sequence nr.                  node name     dropped samples
latency

Statistics:
  latency:                  62.1252ms [min=23.2556ms, max=69.9076ms, average=48.6632ms, deviation=11.2759ms]
----------------------------------------------------------

----------------------------------------------------------
sample path: (VehicleDBWSystem) 
  order timepoint           sequence nr.                  node name     dropped samples
bp period
latency

Statistics:
  latency:                  272.143ms [min=224.426ms, max=308.609ms, average=269.434ms, deviation=17.0811ms]
hotpath
  hot path:                 FrontLidarDriver/RearLidarDriver -> ObjectCollisionEstimator
  hot path latency:         80.5706ms [min=68.1053ms, max=124.85ms, average=83.5502ms, deviation=11.0214ms]
  hot path drops:           0 [min=0, max=0, average=0, deviation=0]
  behavior planner period:  98.0857ms [min=90.3471ms, max=108.823ms, average=100.049ms, deviation=4.81259ms]
----------------------------------------------------------

----------------------------------------------------------
sample path: (IntersectionOutput) 
  order timepoint           sequence nr.                  node name     dropped samples
latency

Statistics:
  latency:                  34.4837ms [min=23.2556ms, max=69.9076ms, average=48.5255ms, deviation=11.3072ms]
----------------------------------------------------------

----------------------------------------------------------
sample path: (IntersectionOutput) 
  order timepoint           sequence nr.                  node name     dropped samples
latency

Statistics:
  latency:                  44.9261ms [min=23.2556ms, max=69.9076ms, average=48.4909ms, deviation=11.2577ms]
----------------------------------------------------------

----------------------------------------------------------
sample path: (VehicleDBWSystem) 
  order timepoint           sequence nr.                  node name     dropped samples
bp period
latency

Statistics:
  latency:                  274.995ms [min=224.426ms, max=308.609ms, average=269.567ms, deviation=16.8934ms]
hotpath
  hot path:                 FrontLidarDriver/RearLidarDriver -> ObjectCollisionEstimator
  hot path latency:         86.4552ms [min=68.1053ms, max=124.85ms, average=83.6266ms, deviation=10.8817ms]
  hot path drops:           0 [min=0, max=0, average=0, deviation=0]
  behavior planner period:  94.1387ms [min=90.3471ms, max=108.823ms, average=99.9045ms, deviation=4.84085ms]
----------------------------------------------------------

----------------------------------------------------------
sample path: (IntersectionOutput) 
  order timepoint           sequence nr.                  node name     dropped samples
latency

Statistics:
  latency:                  47.609ms [min=23.2556ms, max=69.9076ms, average=48.4825ms, deviation=11.2037ms]
----------------------------------------------------------

----------------------------------------------------------
sample path: (IntersectionOutput) 
  order timepoint           sequence nr.                  node name     dropped samples
latency

Statistics:
  latency:                  34.2551ms [min=23.2556ms, max=69.9076ms, average=48.3483ms, deviation=11.2356ms]
----------------------------------------------------------

----------------------------------------------------------
sample path: (VehicleDBWSystem) 
  order timepoint           sequence nr.                  node name     dropped samples
bp period
latency

Statistics:
  latency:                  269.069ms [min=224.426ms, max=308.609ms, average=269.555ms, deviation=16.6912ms]
hotpath
  hot path:                 FrontLidarDriver/RearLidarDriver -> ObjectCollisionEstimator
  hot path latency:         85.0855ms [min=68.1053ms, max=124.85ms, average=83.664ms, deviation=10.7401ms]
  hot path drops:           0 [min=0, max=0, average=0, deviation=0]
  behavior planner period:  106.397ms [min=90.3471ms, max=108.823ms, average=100.059ms, deviation=4.88529ms]
----------------------------------------------------------

----------------------------------------------------------
sample path: (IntersectionOutput) 
  order timepoint           sequence nr.                  node name     dropped samples
latency

Statistics:
  latency:                  54.2175ms [min=23.2556ms, max=69.9076ms, average=48.4031ms, deviation=11.1968ms]
----------------------------------------------------------

----------------------------------------------------------
sample path: (IntersectionOutput) 
  order timepoint           sequence nr.                  node name     dropped samples
latency

Statistics:
  latency:                  34.3599ms [min=23.2556ms, max=69.9076ms, average=48.2731ms, deviation=11.226ms]
----------------------------------------------------------

----------------------------------------------------------
sample path: (VehicleDBWSystem) 
  order timepoint           sequence nr.                  node name     dropped samples
bp period
latency

Statistics:
  latency:                  261.722ms [min=224.426ms, max=308.609ms, average=269.377ms, deviation=16.5382ms]
hotpath
  hot path:                 FrontLidarDriver/RearLidarDriver -> ObjectCollisionEstimator
  hot path latency:         80.8284ms [min=68.1053ms, max=124.85ms, average=83.5931ms, deviation=10.611ms]
  hot path drops:           0 [min=0, max=0, average=0, deviation=0]
  behavior planner period:  100.985ms [min=90.3471ms, max=108.823ms, average=100.081ms, deviation=4.82884ms]
----------------------------------------------------------

----------------------------------------------------------
sample path: (IntersectionOutput) 
  order timepoint           sequence nr.                  node name     dropped samples
latency

Statistics:
  latency:                  46.1796ms [min=23.2556ms, max=69.9076ms, average=48.2539ms, deviation=11.1757ms]
----------------------------------------------------------

----------------------------------------------------------
sample path: (IntersectionOutput) 
  order timepoint           sequence nr.                  node name     dropped samples
latency

Statistics:
  latency:                  46.0493ms [min=23.2556ms, max=69.9076ms, average=48.2338ms, deviation=11.1263ms]
----------------------------------------------------------

----------------------------------------------------------
sample path: (IntersectionOutput) 
  order timepoint           sequence nr.                  node name     dropped samples
latency

Statistics:
  latency:                  68.6457ms [min=23.2556ms, max=69.9076ms, average=48.4177ms, deviation=11.2438ms]
----------------------------------------------------------

----------------------------------------------------------
sample path: (VehicleDBWSystem) 
  order timepoint           sequence nr.                  node name     dropped samples
bp period
latency

Statistics:
  latency:                  217.159ms [min=217.159ms, max=308.609ms, average=268.217ms, deviation=18.1077ms]
hotpath
  hot path:                 FrontLidarDriver/RearLidarDriver -> ObjectCollisionEstimator
  hot path latency:         69.0894ms [min=68.1053ms, max=124.85ms, average=83.2394ms, deviation=10.7195ms]
  hot path drops:           0 [min=0, max=0, average=0, deviation=0]
  behavior planner period:  103.764ms [min=90.3471ms, max=108.823ms, average=100.164ms, deviation=4.80455ms]
----------------------------------------------------------

----------------------------------------------------------
sample path: (IntersectionOutput) 
  order timepoint           sequence nr.                  node name     dropped samples
latency

Statistics:
  latency:                  34.9441ms [min=23.2556ms, max=69.9076ms, average=48.2974ms, deviation=11.2652ms]
----------------------------------------------------------

----------------------------------------------------------
sample path: (IntersectionOutput) 
  order timepoint           sequence nr.                  node name     dropped samples
latency

Statistics:
  latency:                  55.7105ms [min=23.2556ms, max=69.9076ms, average=48.363ms, deviation=11.2365ms]
----------------------------------------------------------

----------------------------------------------------------
sample path: (IntersectionOutput) 
  order timepoint           sequence nr.                  node name     dropped samples
latency

Statistics:
  latency:                  35.0072ms [min=23.2556ms, max=69.9076ms, average=48.2459ms, deviation=11.2564ms]
----------------------------------------------------------

----------------------------------------------------------
sample path: (VehicleDBWSystem) 
  order timepoint           sequence nr.                  node name     dropped samples
bp period
latency

Statistics:
  latency:                  264.918ms [min=217.159ms, max=308.609ms, average=268.145ms, deviation=17.912ms]
  behavior planner period:  93.1092ms [min=90.3471ms, max=108.823ms, average=100.008ms, deviation=4.86469ms]
----------------------------------------------------------

