FrontLidarDriver
RearLidarDriver
PointCloudMap
Visualizer
Lanelet2Map
EuclideanClusterSettings
PointsTransformerFront
PointsTransformerRear
VoxelGridDownsampler
PointCloudMapLoader
RayGroundFilter
ObjectCollisionEstimator
MPCController
ParkingPlanner
LanePlanner
PointCloudFusion
NDTLocalizer
VehicleInterface
Lanelet2GlobalPlanner
Lanelet2MapLoader
BehaviorPlanner
EuclideanClusterDetector
VehicleDBWSystem
IntersectionOutput
EuclideanClusterDetector
ObjectCollisionEstimator
PointCloudFusion
RayGroundFilter
----------------------------------------------------------
sample path: (IntersectionOutput) 
  order timepoint           sequence nr.                  node name     dropped samples
latency

Statistics:
  latency:                  38.3863ms [min=38.3863ms, max=38.3863ms, average=38.3863ms, deviation=-nanms]
----------------------------------------------------------

----------------------------------------------------------
sample path: (IntersectionOutput) 
  order timepoint           sequence nr.                  node name     dropped samples
latency

Statistics:
  latency:                  27.4866ms [min=27.4866ms, max=38.3863ms, average=32.9365ms, deviation=7.70729ms]
----------------------------------------------------------

----------------------------------------------------------
sample path: (IntersectionOutput) 
  order timepoint           sequence nr.                  node name     dropped samples
latency

Statistics:
  latency:                  54.5328ms [min=27.4866ms, max=54.5328ms, average=40.1352ms, deviation=13.6076ms]
----------------------------------------------------------

----------------------------------------------------------
sample path: (VehicleDBWSystem) 
  order timepoint           sequence nr.                  node name     dropped samples
latency

Statistics:
  latency:                  159.029ms [min=159.029ms, max=159.029ms, average=159.029ms, deviation=-nanms]
hotpath
  hot path:                 FrontLidarDriver/RearLidarDriver -> ObjectCollisionEstimator
  hot path latency:         61.3552ms [min=61.3552ms, max=61.3552ms, average=61.3552ms, deviation=-nanms]
  hot path drops:           0 [min=0, max=0, average=0, deviation=-nan]
  behavior planner period:  0ms [min=1.84467e+13ms, max=0ms, average=0ms, deviation=0ms]
----------------------------------------------------------

----------------------------------------------------------
sample path: (IntersectionOutput) 
  order timepoint           sequence nr.                  node name     dropped samples
latency

Statistics:
  latency:                  27.6467ms [min=27.4866ms, max=54.5328ms, average=37.0131ms, deviation=12.745ms]
----------------------------------------------------------

----------------------------------------------------------
sample path: (IntersectionOutput) 
  order timepoint           sequence nr.                  node name     dropped samples
latency

Statistics:
  latency:                  26.3969ms [min=26.3969ms, max=54.5328ms, average=34.8898ms, deviation=12.0153ms]
----------------------------------------------------------

----------------------------------------------------------
sample path: (IntersectionOutput) 
  order timepoint           sequence nr.                  node name     dropped samples
latency

Statistics:
  latency:                  39.4153ms [min=26.3969ms, max=54.5328ms, average=35.6441ms, deviation=10.9045ms]
----------------------------------------------------------

----------------------------------------------------------
sample path: (IntersectionOutput) 
  order timepoint           sequence nr.                  node name     dropped samples
latency

Statistics:
  latency:                  75.2073ms [min=26.3969ms, max=75.2073ms, average=41.296ms, deviation=17.9638ms]
----------------------------------------------------------

----------------------------------------------------------
sample path: (IntersectionOutput) 
  order timepoint           sequence nr.                  node name     dropped samples
latency

Statistics:
  latency:                  59.235ms [min=26.3969ms, max=75.2073ms, average=43.5384ms, deviation=17.7995ms]
----------------------------------------------------------

----------------------------------------------------------
sample path: (VehicleDBWSystem) 
  order timepoint           sequence nr.                  node name     dropped samples
bp period
latency

Statistics:
  latency:                  245.413ms [min=159.029ms, max=245.413ms, average=202.221ms, deviation=61.0823ms]
hotpath
  hot path:                 FrontLidarDriver/RearLidarDriver -> ObjectCollisionEstimator
  hot path latency:         54.7011ms [min=54.7011ms, max=61.3552ms, average=58.0282ms, deviation=4.70522ms]
  hot path drops:           0 [min=0, max=0, average=0, deviation=0]
  behavior planner period:  100.011ms [min=100.011ms, max=100.011ms, average=100.011ms, deviation=-nanms]
----------------------------------------------------------

----------------------------------------------------------
sample path: (IntersectionOutput) 
  order timepoint           sequence nr.                  node name     dropped samples
latency

Statistics:
  latency:                  10.9049ms [min=10.9049ms, max=75.2073ms, average=39.9124ms, deviation=19.8884ms]
----------------------------------------------------------

----------------------------------------------------------
sample path: (IntersectionOutput) 
  order timepoint           sequence nr.                  node name     dropped samples
latency

Statistics:
  latency:                  46.1825ms [min=10.9049ms, max=75.2073ms, average=40.5394ms, deviation=18.8555ms]
----------------------------------------------------------

----------------------------------------------------------
sample path: (IntersectionOutput) 
  order timepoint           sequence nr.                  node name     dropped samples
latency

Statistics:
  latency:                  68.6828ms [min=10.9049ms, max=75.2073ms, average=43.0979ms, deviation=19.7985ms]
----------------------------------------------------------

----------------------------------------------------------
sample path: (VehicleDBWSystem) 
  order timepoint           sequence nr.                  node name     dropped samples
bp period
latency

Statistics:
  latency:                  288.593ms [min=159.029ms, max=288.593ms, average=231.012ms, deviation=65.9714ms]
hotpath
  hot path:                 FrontLidarDriver/RearLidarDriver -> ObjectCollisionEstimator
  hot path latency:         58.4686ms [min=54.7011ms, max=61.3552ms, average=58.175ms, deviation=3.3368ms]
  hot path drops:           0 [min=0, max=0, average=0, deviation=0]
  behavior planner period:  99.9959ms [min=99.9959ms, max=100.011ms, average=100.004ms, deviation=0.0110309ms]
----------------------------------------------------------

----------------------------------------------------------
sample path: (IntersectionOutput) 
  order timepoint           sequence nr.                  node name     dropped samples
latency

Statistics:
  latency:                  50.147ms [min=10.9049ms, max=75.2073ms, average=43.6853ms, deviation=18.9865ms]
----------------------------------------------------------

----------------------------------------------------------
sample path: (IntersectionOutput) 
  order timepoint           sequence nr.                  node name     dropped samples
latency

Statistics:
  latency:                  39.538ms [min=10.9049ms, max=75.2073ms, average=43.3663ms, deviation=18.2146ms]
----------------------------------------------------------

----------------------------------------------------------
sample path: (VehicleDBWSystem) 
  order timepoint           sequence nr.                  node name     dropped samples
bp period
latency

Statistics:
  latency:                  227.048ms [min=159.029ms, max=288.593ms, average=230.021ms, deviation=53.9019ms]
hotpath
  hot path:                 FrontLidarDriver/RearLidarDriver -> ObjectCollisionEstimator
  hot path latency:         59.9792ms [min=54.7011ms, max=61.3552ms, average=58.626ms, deviation=2.86996ms]
  hot path drops:           0 [min=0, max=0, average=0, deviation=0]
  behavior planner period:  99.9991ms [min=99.9959ms, max=100.011ms, average=100.002ms, deviation=0.00823974ms]
----------------------------------------------------------

----------------------------------------------------------
sample path: (IntersectionOutput) 
  order timepoint           sequence nr.                  node name     dropped samples
latency

Statistics:
  latency:                  42.2336ms [min=10.9049ms, max=75.2073ms, average=43.2854ms, deviation=17.5026ms]
----------------------------------------------------------

----------------------------------------------------------
sample path: (IntersectionOutput) 
  order timepoint           sequence nr.                  node name     dropped samples
latency

Statistics:
  latency:                  38.3082ms [min=10.9049ms, max=75.2073ms, average=42.9536ms, deviation=16.9148ms]
----------------------------------------------------------

----------------------------------------------------------
sample path: (IntersectionOutput) 
  order timepoint           sequence nr.                  node name     dropped samples
latency

Statistics:
  latency:                  36.026ms [min=10.9049ms, max=75.2073ms, average=42.5206ms, deviation=16.4328ms]
----------------------------------------------------------

----------------------------------------------------------
sample path: (VehicleDBWSystem) 
  order timepoint           sequence nr.                  node name     dropped samples
bp period
latency

Statistics:
  latency:                  150.39ms [min=150.39ms, max=288.593ms, average=214.095ms, deviation=58.7135ms]
hotpath
  hot path:                 FrontLidarDriver/RearLidarDriver -> ObjectCollisionEstimator
  hot path latency:         57.7817ms [min=54.7011ms, max=61.3552ms, average=58.4572ms, deviation=2.51398ms]
  hot path drops:           0 [min=0, max=0, average=0, deviation=0]
  behavior planner period:  100.012ms [min=99.9959ms, max=100.012ms, average=100.005ms, deviation=0.00842219ms]
----------------------------------------------------------

----------------------------------------------------------
sample path: (IntersectionOutput) 
  order timepoint           sequence nr.                  node name     dropped samples
latency

Statistics:
  latency:                  30.7002ms [min=10.9049ms, max=75.2073ms, average=41.8253ms, deviation=16.1672ms]
----------------------------------------------------------

----------------------------------------------------------
sample path: (IntersectionOutput) 
  order timepoint           sequence nr.                  node name     dropped samples
latency

Statistics:
  latency:                  40.9296ms [min=10.9049ms, max=75.2073ms, average=41.7755ms, deviation=15.6859ms]
----------------------------------------------------------

----------------------------------------------------------
sample path: (IntersectionOutput) 
  order timepoint           sequence nr.                  node name     dropped samples
latency

Statistics:
  latency:                  37.7805ms [min=10.9049ms, max=75.2073ms, average=41.5653ms, deviation=15.2715ms]
----------------------------------------------------------

----------------------------------------------------------
sample path: (IntersectionOutput) 
  order timepoint           sequence nr.                  node name     dropped samples
latency

Statistics:
  latency:                  31.3987ms [min=10.9049ms, max=75.2073ms, average=41.057ms, deviation=15.037ms]
----------------------------------------------------------

----------------------------------------------------------
sample path: (VehicleDBWSystem) 
  order timepoint           sequence nr.                  node name     dropped samples
bp period
latency

Statistics:
  latency:                  150.475ms [min=150.39ms, max=288.593ms, average=203.491ms, deviation=58.5867ms]
hotpath
  hot path:                 FrontLidarDriver/RearLidarDriver -> ObjectCollisionEstimator
  hot path latency:         51.6129ms [min=51.6129ms, max=61.3552ms, average=57.3165ms, deviation=3.58655ms]
  hot path drops:           0 [min=0, max=0, average=0, deviation=0]
  behavior planner period:  99.9881ms [min=99.9881ms, max=100.012ms, average=100.001ms, deviation=0.0104076ms]
----------------------------------------------------------

----------------------------------------------------------
sample path: (IntersectionOutput) 
  order timepoint           sequence nr.                  node name     dropped samples
latency

Statistics:
  latency:                  30.9442ms [min=10.9049ms, max=75.2073ms, average=40.5754ms, deviation=14.8215ms]
----------------------------------------------------------

----------------------------------------------------------
sample path: (IntersectionOutput) 
  order timepoint           sequence nr.                  node name     dropped samples
latency

Statistics:
  latency:                  33.825ms [min=10.9049ms, max=75.2073ms, average=40.2686ms, deviation=14.5357ms]
----------------------------------------------------------

----------------------------------------------------------
sample path: (IntersectionOutput) 
  order timepoint           sequence nr.                  node name     dropped samples
latency

Statistics:
  latency:                  26.6298ms [min=10.9049ms, max=75.2073ms, average=39.6756ms, deviation=14.4834ms]
----------------------------------------------------------

----------------------------------------------------------
sample path: (IntersectionOutput) 
  order timepoint           sequence nr.                  node name     dropped samples
latency

Statistics:
  latency:                  33.8734ms [min=10.9049ms, max=75.2073ms, average=39.4338ms, deviation=14.2145ms]
----------------------------------------------------------

----------------------------------------------------------
sample path: (IntersectionOutput) 
  order timepoint           sequence nr.                  node name     dropped samples
latency

Statistics:
  latency:                  28.9711ms [min=10.9049ms, max=75.2073ms, average=39.0153ms, deviation=14.0717ms]
----------------------------------------------------------

----------------------------------------------------------
sample path: (VehicleDBWSystem) 
  order timepoint           sequence nr.                  node name     dropped samples
bp period
latency

Statistics:
  latency:                  156.689ms [min=150.39ms, max=288.593ms, average=196.805ms, deviation=56.3316ms]
hotpath
  hot path:                 FrontLidarDriver/RearLidarDriver -> ObjectCollisionEstimator
  hot path latency:         68.5112ms [min=51.6129ms, max=68.5112ms, average=58.9157ms, deviation=5.35003ms]
  hot path drops:           0 [min=0, max=0, average=0, deviation=0]
  behavior planner period:  99.9967ms [min=99.9881ms, max=100.012ms, average=100.001ms, deviation=0.00950289ms]
----------------------------------------------------------

----------------------------------------------------------
sample path: (IntersectionOutput) 
  order timepoint           sequence nr.                  node name     dropped samples
latency

Statistics:
  latency:                  25.6818ms [min=10.9049ms, max=75.2073ms, average=38.5025ms, deviation=14.0332ms]
----------------------------------------------------------

----------------------------------------------------------
sample path: (IntersectionOutput) 
  order timepoint           sequence nr.                  node name     dropped samples
latency

Statistics:
  latency:                  13.1933ms [min=10.9049ms, max=75.2073ms, average=37.5651ms, deviation=14.5972ms]
----------------------------------------------------------

----------------------------------------------------------
sample path: (IntersectionOutput) 
  order timepoint           sequence nr.                  node name     dropped samples
latency

Statistics:
  latency:                  53.3927ms [min=10.9049ms, max=75.2073ms, average=38.1304ms, deviation=14.6333ms]
----------------------------------------------------------

----------------------------------------------------------
sample path: (VehicleDBWSystem) 
  order timepoint           sequence nr.                  node name     dropped samples
bp period
latency

Statistics:
  latency:                  267.614ms [min=150.39ms, max=288.593ms, average=205.656ms, deviation=57.8503ms]
hotpath
  hot path:                 FrontLidarDriver/RearLidarDriver -> ObjectCollisionEstimator
  hot path latency:         52.7895ms [min=51.6129ms, max=68.5112ms, average=58.1499ms, deviation=5.40602ms]
  hot path drops:           0 [min=0, max=0, average=0, deviation=0]
  behavior planner period:  100.002ms [min=99.9881ms, max=100.012ms, average=100.001ms, deviation=0.00869104ms]
----------------------------------------------------------

----------------------------------------------------------
sample path: (IntersectionOutput) 
  order timepoint           sequence nr.                  node name     dropped samples
latency

Statistics:
  latency:                  57.848ms [min=10.9049ms, max=75.2073ms, average=38.8103ms, deviation=14.8288ms]
----------------------------------------------------------

----------------------------------------------------------
sample path: (IntersectionOutput) 
  order timepoint           sequence nr.                  node name     dropped samples
latency

Statistics:
  latency:                  38.252ms [min=10.9049ms, max=75.2073ms, average=38.7917ms, deviation=14.5712ms]
----------------------------------------------------------

----------------------------------------------------------
sample path: (IntersectionOutput) 
  order timepoint           sequence nr.                  node name     dropped samples
latency

Statistics:
  latency:                  8.36372ms [min=8.36372ms, max=75.2073ms, average=37.8101ms, deviation=15.3333ms]
----------------------------------------------------------

----------------------------------------------------------
sample path: (IntersectionOutput) 
  order timepoint           sequence nr.                  node name     dropped samples
latency

Statistics:
  latency:                  67.3868ms [min=8.36372ms, max=75.2073ms, average=38.7344ms, deviation=15.9644ms]
----------------------------------------------------------

----------------------------------------------------------
sample path: (IntersectionOutput) 
  order timepoint           sequence nr.                  node name     dropped samples
latency

Statistics:
  latency:                  57.2698ms [min=8.36372ms, max=75.2073ms, average=39.2961ms, deviation=16.0409ms]
----------------------------------------------------------

----------------------------------------------------------
sample path: (VehicleDBWSystem) 
  order timepoint           sequence nr.                  node name     dropped samples
bp period
latency

Statistics:
  latency:                  270.723ms [min=150.39ms, max=288.593ms, average=212.886ms, deviation=58.2987ms]
hotpath
  hot path:                 FrontLidarDriver/RearLidarDriver -> ObjectCollisionEstimator
  hot path latency:         71.6438ms [min=51.6129ms, max=71.6438ms, average=59.6493ms, deviation=6.76783ms]
  hot path drops:           0 [min=0, max=0, average=0, deviation=0]
  behavior planner period:  100.004ms [min=99.9881ms, max=100.012ms, average=100.001ms, deviation=0.0081255ms]
----------------------------------------------------------

----------------------------------------------------------
sample path: (IntersectionOutput) 
  order timepoint           sequence nr.                  node name     dropped samples
latency

Statistics:
  latency:                  37.2566ms [min=8.36372ms, max=75.2073ms, average=39.2361ms, deviation=15.7998ms]
----------------------------------------------------------

----------------------------------------------------------
sample path: (IntersectionOutput) 
  order timepoint           sequence nr.                  node name     dropped samples
latency

Statistics:
  latency:                  18.4401ms [min=8.36372ms, max=75.2073ms, average=38.6419ms, deviation=15.9577ms]
----------------------------------------------------------

----------------------------------------------------------
sample path: (IntersectionOutput) 
  order timepoint           sequence nr.                  node name     dropped samples
latency

Statistics:
  latency:                  41.8243ms [min=8.36372ms, max=75.2073ms, average=38.7303ms, deviation=15.737ms]
----------------------------------------------------------

----------------------------------------------------------
sample path: (VehicleDBWSystem) 
  order timepoint           sequence nr.                  node name     dropped samples
bp period
latency

Statistics:
  latency:                  208.406ms [min=150.39ms, max=288.593ms, average=212.438ms, deviation=54.9828ms]
hotpath
  hot path:                 FrontLidarDriver/RearLidarDriver -> ObjectCollisionEstimator
  hot path latency:         55.6308ms [min=51.6129ms, max=71.6438ms, average=59.2474ms, deviation=6.50608ms]
  hot path drops:           0 [min=0, max=0, average=0, deviation=0]
  behavior planner period:  100.007ms [min=99.9881ms, max=100.012ms, average=100.002ms, deviation=0.00781862ms]
----------------------------------------------------------

----------------------------------------------------------
sample path: (IntersectionOutput) 
  order timepoint           sequence nr.                  node name     dropped samples
latency

Statistics:
  latency:                  46.8109ms [min=8.36372ms, max=75.2073ms, average=38.9487ms, deviation=15.5737ms]
----------------------------------------------------------

----------------------------------------------------------
sample path: (IntersectionOutput) 
  order timepoint           sequence nr.                  node name     dropped samples
latency

Statistics:
  latency:                  50.574ms [min=8.36372ms, max=75.2073ms, average=39.2546ms, deviation=15.4771ms]
----------------------------------------------------------

----------------------------------------------------------
sample path: (IntersectionOutput) 
  order timepoint           sequence nr.                  node name     dropped samples
latency

Statistics:
  latency:                  33.1828ms [min=8.36372ms, max=75.2073ms, average=39.099ms, deviation=15.303ms]
----------------------------------------------------------

----------------------------------------------------------
sample path: (VehicleDBWSystem) 
  order timepoint           sequence nr.                  node name     dropped samples
bp period
latency

Statistics:
  latency:                  152.981ms [min=150.39ms, max=288.593ms, average=207.033ms, deviation=55.156ms]
hotpath
  hot path:                 FrontLidarDriver/RearLidarDriver -> ObjectCollisionEstimator
  hot path latency:         57.0613ms [min=51.6129ms, max=71.6438ms, average=59.0487ms, deviation=6.2073ms]
  hot path drops:           0 [min=0, max=0, average=0, deviation=0]
  behavior planner period:  100.006ms [min=99.9881ms, max=100.012ms, average=100.002ms, deviation=0.00747335ms]
----------------------------------------------------------

----------------------------------------------------------
sample path: (IntersectionOutput) 
  order timepoint           sequence nr.                  node name     dropped samples
latency

Statistics:
  latency:                  29.1702ms [min=8.36372ms, max=75.2073ms, average=38.8507ms, deviation=15.1869ms]
----------------------------------------------------------

----------------------------------------------------------
sample path: (IntersectionOutput) 
  order timepoint           sequence nr.                  node name     dropped samples
latency

Statistics:
  latency:                  37.2409ms [min=8.36372ms, max=75.2073ms, average=38.8115ms, deviation=14.998ms]
----------------------------------------------------------

----------------------------------------------------------
sample path: (IntersectionOutput) 
  order timepoint           sequence nr.                  node name     dropped samples
latency

Statistics:
  latency:                  36.5441ms [min=8.36372ms, max=75.2073ms, average=38.7575ms, deviation=14.8181ms]
----------------------------------------------------------

----------------------------------------------------------
sample path: (IntersectionOutput) 
  order timepoint           sequence nr.                  node name     dropped samples
latency

Statistics:
  latency:                  31.4274ms [min=8.36372ms, max=75.2073ms, average=38.587ms, deviation=14.6832ms]
----------------------------------------------------------

----------------------------------------------------------
sample path: (VehicleDBWSystem) 
  order timepoint           sequence nr.                  node name     dropped samples
bp period
latency

Statistics:
  latency:                  139.938ms [min=139.938ms, max=288.593ms, average=201.442ms, deviation=56.0425ms]
hotpath
  hot path:                 FrontLidarDriver/RearLidarDriver -> ObjectCollisionEstimator
  hot path latency:         70.2525ms [min=51.6129ms, max=71.6438ms, average=59.9823ms, deviation=6.7445ms]
  hot path drops:           0 [min=0, max=0, average=0, deviation=0]
  behavior planner period:  99.9926ms [min=99.9881ms, max=100.012ms, average=100.001ms, deviation=0.00765792ms]
----------------------------------------------------------

----------------------------------------------------------
sample path: (IntersectionOutput) 
  order timepoint           sequence nr.                  node name     dropped samples
latency

Statistics:
  latency:                  20.2242ms [min=8.36372ms, max=75.2073ms, average=38.1697ms, deviation=14.7732ms]
----------------------------------------------------------

----------------------------------------------------------
sample path: (IntersectionOutput) 
  order timepoint           sequence nr.                  node name     dropped samples
latency

Statistics:
  latency:                  18.1353ms [min=8.36372ms, max=75.2073ms, average=37.7245ms, deviation=14.9066ms]
----------------------------------------------------------

----------------------------------------------------------
sample path: (IntersectionOutput) 
  order timepoint           sequence nr.                  node name     dropped samples
latency

Statistics:
  latency:                  27.2719ms [min=8.36372ms, max=75.2073ms, average=37.4972ms, deviation=14.8204ms]
----------------------------------------------------------

----------------------------------------------------------
sample path: (IntersectionOutput) 
  order timepoint           sequence nr.                  node name     dropped samples
latency

Statistics:
  latency:                  54.0016ms [min=8.36372ms, max=75.2073ms, average=37.8484ms, deviation=14.8548ms]
----------------------------------------------------------

----------------------------------------------------------
sample path: (VehicleDBWSystem) 
  order timepoint           sequence nr.                  node name     dropped samples
bp period
latency

Statistics:
  latency:                  157.284ms [min=139.938ms, max=288.593ms, average=198.045ms, deviation=55.0365ms]
hotpath
  hot path:                 FrontLidarDriver/RearLidarDriver -> ObjectCollisionEstimator
  hot path latency:         67.3003ms [min=51.6129ms, max=71.6438ms, average=60.5452ms, deviation=6.76883ms]
  hot path drops:           0 [min=0, max=0, average=0, deviation=0]
  behavior planner period:  99.9974ms [min=99.9881ms, max=100.012ms, average=100.001ms, deviation=0.00738902ms]
----------------------------------------------------------

----------------------------------------------------------
sample path: (IntersectionOutput) 
  order timepoint           sequence nr.                  node name     dropped samples
latency

Statistics:
  latency:                  26.9678ms [min=8.36372ms, max=75.2073ms, average=37.6217ms, deviation=14.7796ms]
----------------------------------------------------------

----------------------------------------------------------
sample path: (IntersectionOutput) 
  order timepoint           sequence nr.                  node name     dropped samples
latency

Statistics:
  latency:                  29.155ms [min=8.36372ms, max=75.2073ms, average=37.4489ms, deviation=14.6747ms]
----------------------------------------------------------

----------------------------------------------------------
sample path: (IntersectionOutput) 
  order timepoint           sequence nr.                  node name     dropped samples
latency

Statistics:
  latency:                  16.8889ms [min=8.36372ms, max=75.2073ms, average=37.0377ms, deviation=14.8124ms]
----------------------------------------------------------

----------------------------------------------------------
sample path: (IntersectionOutput) 
  order timepoint           sequence nr.                  node name     dropped samples
latency

Statistics:
  latency:                  79.3399ms [min=8.36372ms, max=79.3399ms, average=37.8672ms, deviation=15.8148ms]
----------------------------------------------------------

----------------------------------------------------------
sample path: (IntersectionOutput) 
  order timepoint           sequence nr.                  node name     dropped samples
latency

Statistics:
  latency:                  60.9821ms [min=8.36372ms, max=79.3399ms, average=38.3117ms, deviation=15.9837ms]
----------------------------------------------------------

----------------------------------------------------------
sample path: (VehicleDBWSystem) 
  order timepoint           sequence nr.                  node name     dropped samples
bp period
latency

Statistics:
  latency:                  266.839ms [min=139.938ms, max=288.593ms, average=202.959ms, deviation=55.9827ms]
hotpath
  hot path:                 FrontLidarDriver/RearLidarDriver -> ObjectCollisionEstimator
  hot path latency:         52.3252ms [min=51.6129ms, max=71.6438ms, average=59.9581ms, deviation=6.86433ms]
  hot path drops:           0 [min=0, max=0, average=0, deviation=0]
  behavior planner period:  100.006ms [min=99.9881ms, max=100.012ms, average=100.001ms, deviation=0.00720381ms]
----------------------------------------------------------

----------------------------------------------------------
sample path: (IntersectionOutput) 
  order timepoint           sequence nr.                  node name     dropped samples
latency

Statistics:
  latency:                  9.64313ms [min=8.36372ms, max=79.3399ms, average=37.7708ms, deviation=16.3117ms]
----------------------------------------------------------

----------------------------------------------------------
sample path: (IntersectionOutput) 
  order timepoint           sequence nr.                  node name     dropped samples
latency

Statistics:
  latency:                  39.8897ms [min=8.36372ms, max=79.3399ms, average=37.81ms, deviation=16.1597ms]
----------------------------------------------------------

----------------------------------------------------------
sample path: (IntersectionOutput) 
  order timepoint           sequence nr.                  node name     dropped samples
latency

Statistics:
  latency:                  55.3801ms [min=8.36372ms, max=79.3399ms, average=38.1295ms, deviation=16.1837ms]
----------------------------------------------------------

----------------------------------------------------------
sample path: (VehicleDBWSystem) 
  order timepoint           sequence nr.                  node name     dropped samples
bp period
latency

Statistics:
  latency:                  265.674ms [min=139.938ms, max=288.593ms, average=207.14ms, deviation=56.3242ms]
hotpath
  hot path:                 FrontLidarDriver/RearLidarDriver -> ObjectCollisionEstimator
  hot path latency:         63.8172ms [min=51.6129ms, max=71.6438ms, average=60.2154ms, deviation=6.68926ms]
  hot path drops:           0 [min=0, max=0, average=0, deviation=0]
  behavior planner period:  100.005ms [min=99.9881ms, max=100.012ms, average=100.002ms, deviation=0.00698496ms]
----------------------------------------------------------

----------------------------------------------------------
sample path: (IntersectionOutput) 
  order timepoint           sequence nr.                  node name     dropped samples
latency

Statistics:
  latency:                  36.096ms [min=8.36372ms, max=79.3399ms, average=38.0932ms, deviation=16.0382ms]
----------------------------------------------------------

----------------------------------------------------------
sample path: (IntersectionOutput) 
  order timepoint           sequence nr.                  node name     dropped samples
latency

Statistics:
  latency:                  18.0833ms [min=8.36372ms, max=79.3399ms, average=37.7421ms, deviation=16.1138ms]
----------------------------------------------------------

----------------------------------------------------------
sample path: (IntersectionOutput) 
  order timepoint           sequence nr.                  node name     dropped samples
latency

Statistics:
  latency:                  43.86ms [min=8.36372ms, max=79.3399ms, average=37.8476ms, deviation=15.992ms]
----------------------------------------------------------

----------------------------------------------------------
sample path: (VehicleDBWSystem) 
  order timepoint           sequence nr.                  node name     dropped samples
bp period
latency

Statistics:
  latency:                  221.543ms [min=139.938ms, max=288.593ms, average=208.04ms, deviation=54.5333ms]
hotpath
  hot path:                 FrontLidarDriver/RearLidarDriver -> ObjectCollisionEstimator
  hot path latency:         52.0448ms [min=51.6129ms, max=71.6438ms, average=59.7047ms, deviation=6.77757ms]
  hot path drops:           0 [min=0, max=0, average=0, deviation=0]
  behavior planner period:  100.014ms [min=99.9881ms, max=100.014ms, average=100.002ms, deviation=0.00749526ms]
----------------------------------------------------------

----------------------------------------------------------
sample path: (IntersectionOutput) 
  order timepoint           sequence nr.                  node name     dropped samples
latency

Statistics:
  latency:                  48.0029ms [min=8.36372ms, max=79.3399ms, average=38.0197ms, deviation=15.9086ms]
----------------------------------------------------------

----------------------------------------------------------
sample path: (IntersectionOutput) 
  order timepoint           sequence nr.                  node name     dropped samples
latency

Statistics:
  latency:                  27.8018ms [min=8.36372ms, max=79.3399ms, average=37.8494ms, deviation=15.8283ms]
----------------------------------------------------------

----------------------------------------------------------
sample path: (IntersectionOutput) 
  order timepoint           sequence nr.                  node name     dropped samples
latency

Statistics:
  latency:                  28.1457ms [min=8.36372ms, max=79.3399ms, average=37.6903ms, deviation=15.7449ms]
----------------------------------------------------------

----------------------------------------------------------
sample path: (IntersectionOutput) 
  order timepoint           sequence nr.                  node name     dropped samples
latency

Statistics:
  latency:                  37.3561ms [min=8.36372ms, max=79.3399ms, average=37.685ms, deviation=15.6154ms]
----------------------------------------------------------

----------------------------------------------------------
sample path: (VehicleDBWSystem) 
  order timepoint           sequence nr.                  node name     dropped samples
bp period
latency

Statistics:
  latency:                  153.299ms [min=139.938ms, max=288.593ms, average=204.82ms, deviation=54.4452ms]
hotpath
  hot path:                 FrontLidarDriver/RearLidarDriver -> ObjectCollisionEstimator
  hot path latency:         55.6506ms [min=51.6129ms, max=71.6438ms, average=59.4662ms, deviation=6.63561ms]
  hot path drops:           0 [min=0, max=0, average=0, deviation=0]
  behavior planner period:  99.9866ms [min=99.9866ms, max=100.014ms, average=100.001ms, deviation=0.0082581ms]
----------------------------------------------------------

----------------------------------------------------------
sample path: (IntersectionOutput) 
  order timepoint           sequence nr.                  node name     dropped samples
latency

Statistics:
  latency:                  33.7857ms [min=8.36372ms, max=79.3399ms, average=37.6231ms, deviation=15.4967ms]
----------------------------------------------------------

----------------------------------------------------------
sample path: (IntersectionOutput) 
  order timepoint           sequence nr.                  node name     dropped samples
latency

Statistics:
  latency:                  38.8276ms [min=8.36372ms, max=79.3399ms, average=37.6419ms, deviation=15.374ms]
----------------------------------------------------------

----------------------------------------------------------
sample path: (IntersectionOutput) 
  order timepoint           sequence nr.                  node name     dropped samples
latency

Statistics:
  latency:                  37.7191ms [min=8.36372ms, max=79.3399ms, average=37.6431ms, deviation=15.2534ms]
----------------------------------------------------------

----------------------------------------------------------
sample path: (IntersectionOutput) 
  order timepoint           sequence nr.                  node name     dropped samples
latency

Statistics:
  latency:                  59.3229ms [min=8.36372ms, max=79.3399ms, average=37.9716ms, deviation=15.3691ms]
----------------------------------------------------------

----------------------------------------------------------
sample path: (IntersectionOutput) 
  order timepoint           sequence nr.                  node name     dropped samples
latency

Statistics:
  latency:                  40.2784ms [min=8.36372ms, max=79.3399ms, average=38.006ms, deviation=15.2548ms]
----------------------------------------------------------

----------------------------------------------------------
sample path: (IntersectionOutput) 
  order timepoint           sequence nr.                  node name     dropped samples
latency

Statistics:
  latency:                  41.6599ms [min=8.36372ms, max=79.3399ms, average=38.0597ms, deviation=15.147ms]
----------------------------------------------------------

----------------------------------------------------------
sample path: (VehicleDBWSystem) 
  order timepoint           sequence nr.                  node name     dropped samples
bp period
latency

Statistics:
  latency:                  230.243ms [min=139.938ms, max=288.593ms, average=206.232ms, deviation=53.1584ms]
hotpath
  hot path:                 FrontLidarDriver/RearLidarDriver -> ObjectCollisionEstimator
  hot path latency:         75.4152ms [min=51.6129ms, max=75.4152ms, average=60.3523ms, deviation=7.45473ms]
  hot path drops:           0 [min=0, max=0, average=0, deviation=0]
  behavior planner period:  100.001ms [min=99.9866ms, max=100.014ms, average=100.001ms, deviation=0.00799618ms]
----------------------------------------------------------

----------------------------------------------------------
sample path: (IntersectionOutput) 
  order timepoint           sequence nr.                  node name     dropped samples
latency

Statistics:
  latency:                  35.4625ms [min=8.36372ms, max=79.3399ms, average=38.0221ms, deviation=15.0385ms]
----------------------------------------------------------

----------------------------------------------------------
sample path: (VehicleDBWSystem) 
  order timepoint           sequence nr.                  node name     dropped samples
bp period
latency

Statistics:
  latency:                  192.648ms [min=139.938ms, max=288.593ms, average=205.517ms, deviation=51.7546ms]
hotpath
  hot path:                 FrontLidarDriver/RearLidarDriver -> ObjectCollisionEstimator
  hot path latency:         61.676ms [min=51.6129ms, max=75.4152ms, average=60.422ms, deviation=7.25106ms]
  hot path drops:           0 [min=0, max=0, average=0, deviation=0]
  behavior planner period:  100.003ms [min=99.9866ms, max=100.014ms, average=100.002ms, deviation=0.00776284ms]
----------------------------------------------------------

----------------------------------------------------------
sample path: (IntersectionOutput) 
  order timepoint           sequence nr.                  node name     dropped samples
latency

Statistics:
  latency:                  62.2617ms [min=8.36372ms, max=79.3399ms, average=38.3684ms, deviation=15.2076ms]
----------------------------------------------------------

----------------------------------------------------------
sample path: (IntersectionOutput) 
  order timepoint           sequence nr.                  node name     dropped samples
latency

Statistics:
  latency:                  44.9279ms [min=8.36372ms, max=79.3399ms, average=38.4607ms, deviation=15.1187ms]
----------------------------------------------------------

----------------------------------------------------------
sample path: (IntersectionOutput) 
  order timepoint           sequence nr.                  node name     dropped samples
latency

Statistics:
  latency:                  26.7145ms [min=8.36372ms, max=79.3399ms, average=38.2976ms, deviation=15.0755ms]
----------------------------------------------------------

----------------------------------------------------------
sample path: (IntersectionOutput) 
  order timepoint           sequence nr.                  node name     dropped samples
latency

Statistics:
  latency:                  46.3136ms [min=8.36372ms, max=79.3399ms, average=38.4074ms, deviation=14.9998ms]
----------------------------------------------------------

----------------------------------------------------------
sample path: (IntersectionOutput) 
  order timepoint           sequence nr.                  node name     dropped samples
latency

Statistics:
  latency:                  35.641ms [min=8.36372ms, max=79.3399ms, average=38.37ms, deviation=14.9002ms]
----------------------------------------------------------

----------------------------------------------------------
sample path: (VehicleDBWSystem) 
  order timepoint           sequence nr.                  node name     dropped samples
bp period
latency

Statistics:
  latency:                  211.472ms [min=139.938ms, max=288.593ms, average=205.815ms, deviation=50.3919ms]
hotpath
  hot path:                 FrontLidarDriver/RearLidarDriver -> ObjectCollisionEstimator
  hot path latency:         67.4419ms [min=51.6129ms, max=75.4152ms, average=60.773ms, deviation=7.23011ms]
  hot path drops:           0 [min=0, max=0, average=0, deviation=0]
  behavior planner period:  99.9944ms [min=99.9866ms, max=100.014ms, average=100.001ms, deviation=0.00771985ms]
----------------------------------------------------------

----------------------------------------------------------
sample path: (IntersectionOutput) 
  order timepoint           sequence nr.                  node name     dropped samples
latency

Statistics:
  latency:                  8.92342ms [min=8.36372ms, max=79.3399ms, average=37.9774ms, deviation=15.1848ms]
----------------------------------------------------------

----------------------------------------------------------
sample path: (IntersectionOutput) 
  order timepoint           sequence nr.                  node name     dropped samples
latency

Statistics:
  latency:                  40.9275ms [min=8.36372ms, max=79.3399ms, average=38.0162ms, deviation=15.087ms]
----------------------------------------------------------

----------------------------------------------------------
sample path: (IntersectionOutput) 
  order timepoint           sequence nr.                  node name     dropped samples
latency

Statistics:
  latency:                  60.264ms [min=8.36372ms, max=79.3399ms, average=38.3052ms, deviation=15.2003ms]
----------------------------------------------------------

----------------------------------------------------------
sample path: (VehicleDBWSystem) 
  order timepoint           sequence nr.                  node name     dropped samples
bp period
latency

Statistics:
  latency:                  252.6ms [min=139.938ms, max=288.593ms, average=208.043ms, deviation=50.1657ms]
hotpath
  hot path:                 FrontLidarDriver/RearLidarDriver -> ObjectCollisionEstimator
  hot path latency:         49.2896ms [min=49.2896ms, max=75.4152ms, average=60.2261ms, deviation=7.47932ms]
  hot path drops:           0 [min=0, max=0, average=0, deviation=0]
  behavior planner period:  100.006ms [min=99.9866ms, max=100.014ms, average=100.001ms, deviation=0.00758821ms]
----------------------------------------------------------

----------------------------------------------------------
sample path: (IntersectionOutput) 
  order timepoint           sequence nr.                  node name     dropped samples
latency

Statistics:
  latency:                  36.6015ms [min=8.36372ms, max=79.3399ms, average=38.2833ms, deviation=15.1025ms]
----------------------------------------------------------

----------------------------------------------------------
sample path: (IntersectionOutput) 
  order timepoint           sequence nr.                  node name     dropped samples
latency

Statistics:
  latency:                  17.7291ms [min=8.36372ms, max=79.3399ms, average=38.0231ms, deviation=15.1826ms]
----------------------------------------------------------

----------------------------------------------------------
sample path: (IntersectionOutput) 
  order timepoint           sequence nr.                  node name     dropped samples
latency

Statistics:
  latency:                  39.161ms [min=8.36372ms, max=79.3399ms, average=38.0374ms, deviation=15.0867ms]
----------------------------------------------------------

----------------------------------------------------------
sample path: (VehicleDBWSystem) 
  order timepoint           sequence nr.                  node name     dropped samples
bp period
latency

Statistics:
  latency:                  230.666ms [min=139.938ms, max=288.593ms, average=209.071ms, deviation=49.1938ms]
hotpath
  hot path:                 FrontLidarDriver/RearLidarDriver -> ObjectCollisionEstimator
  hot path latency:         56.9589ms [min=49.2896ms, max=75.4152ms, average=60.0776ms, deviation=7.33223ms]
  hot path drops:           0 [min=0, max=0, average=0, deviation=0]
  behavior planner period:  100.016ms [min=99.9866ms, max=100.016ms, average=100.002ms, deviation=0.00808804ms]
----------------------------------------------------------

----------------------------------------------------------
sample path: (IntersectionOutput) 
  order timepoint           sequence nr.                  node name     dropped samples
latency

Statistics:
  latency:                  46.802ms [min=8.36372ms, max=79.3399ms, average=38.1456ms, deviation=15.0237ms]
----------------------------------------------------------

----------------------------------------------------------
sample path: (IntersectionOutput) 
  order timepoint           sequence nr.                  node name     dropped samples
latency

Statistics:
  latency:                  44.226ms [min=8.36372ms, max=79.3399ms, average=38.2197ms, deviation=14.9458ms]
----------------------------------------------------------

----------------------------------------------------------
sample path: (IntersectionOutput) 
  order timepoint           sequence nr.                  node name     dropped samples
latency

Statistics:
  latency:                  26.7872ms [min=8.36372ms, max=79.3399ms, average=38.082ms, deviation=14.9073ms]
----------------------------------------------------------

----------------------------------------------------------
sample path: (IntersectionOutput) 
  order timepoint           sequence nr.                  node name     dropped samples
latency

Statistics:
  latency:                  39.9185ms [min=8.36372ms, max=79.3399ms, average=38.1038ms, deviation=14.8186ms]
----------------------------------------------------------

----------------------------------------------------------
sample path: (VehicleDBWSystem) 
  order timepoint           sequence nr.                  node name     dropped samples
bp period
latency

Statistics:
  latency:                  151.522ms [min=139.938ms, max=288.593ms, average=206.569ms, deviation=49.5381ms]
hotpath
  hot path:                 FrontLidarDriver/RearLidarDriver -> ObjectCollisionEstimator
  hot path latency:         57.3246ms [min=49.2896ms, max=75.4152ms, average=59.9579ms, deviation=7.18662ms]
  hot path drops:           0 [min=0, max=0, average=0, deviation=0]
  behavior planner period:  100.037ms [min=99.9866ms, max=100.037ms, average=100.004ms, deviation=0.0108601ms]
----------------------------------------------------------

----------------------------------------------------------
sample path: (IntersectionOutput) 
  order timepoint           sequence nr.                  node name     dropped samples
latency

Statistics:
  latency:                  32.0296ms [min=8.36372ms, max=79.3399ms, average=38.0324ms, deviation=14.7448ms]
----------------------------------------------------------

----------------------------------------------------------
sample path: (IntersectionOutput) 
  order timepoint           sequence nr.                  node name     dropped samples
latency

Statistics:
  latency:                  38.3672ms [min=8.36372ms, max=79.3399ms, average=38.0363ms, deviation=14.6579ms]
----------------------------------------------------------

----------------------------------------------------------
sample path: (IntersectionOutput) 
  order timepoint           sequence nr.                  node name     dropped samples
latency

Statistics:
  latency:                  37.6694ms [min=8.36372ms, max=79.3399ms, average=38.0321ms, deviation=14.5725ms]
----------------------------------------------------------

----------------------------------------------------------
sample path: (IntersectionOutput) 
  order timepoint           sequence nr.                  node name     dropped samples
latency

Statistics:
  latency:                  30.6748ms [min=8.36372ms, max=79.3399ms, average=37.9484ms, deviation=14.5097ms]
----------------------------------------------------------

----------------------------------------------------------
sample path: (VehicleDBWSystem) 
  order timepoint           sequence nr.                  node name     dropped samples
bp period
latency

Statistics:
  latency:                  148.402ms [min=139.938ms, max=288.593ms, average=204.145ms, deviation=49.8828ms]
hotpath
  hot path:                 FrontLidarDriver/RearLidarDriver -> ObjectCollisionEstimator
  hot path latency:         74.4354ms [min=49.2896ms, max=75.4152ms, average=60.5611ms, deviation=7.62464ms]
  hot path drops:           0 [min=0, max=0, average=0, deviation=0]
  behavior planner period:  99.9516ms [min=99.9516ms, max=100.037ms, average=100.001ms, deviation=0.0151863ms]
----------------------------------------------------------

----------------------------------------------------------
sample path: (IntersectionOutput) 
  order timepoint           sequence nr.                  node name     dropped samples
latency

Statistics:
  latency:                  29.0197ms [min=8.36372ms, max=79.3399ms, average=37.8481ms, deviation=14.458ms]
----------------------------------------------------------

----------------------------------------------------------
sample path: (IntersectionOutput) 
  order timepoint           sequence nr.                  node name     dropped samples
latency

Statistics:
  latency:                  37.4779ms [min=8.36372ms, max=79.3399ms, average=37.844ms, deviation=14.3766ms]
----------------------------------------------------------

----------------------------------------------------------
sample path: (IntersectionOutput) 
  order timepoint           sequence nr.                  node name     dropped samples
latency

Statistics:
  latency:                  27.1874ms [min=8.36372ms, max=79.3399ms, average=37.7269ms, deviation=14.3401ms]
----------------------------------------------------------

----------------------------------------------------------
sample path: (IntersectionOutput) 
  order timepoint           sequence nr.                  node name     dropped samples
latency

Statistics:
  latency:                  54.6455ms [min=8.36372ms, max=79.3399ms, average=37.9108ms, deviation=14.3697ms]
----------------------------------------------------------

----------------------------------------------------------
sample path: (VehicleDBWSystem) 
  order timepoint           sequence nr.                  node name     dropped samples
bp period
latency

Statistics:
  latency:                  158.571ms [min=139.938ms, max=288.593ms, average=202.322ms, deviation=49.676ms]
hotpath
  hot path:                 FrontLidarDriver/RearLidarDriver -> ObjectCollisionEstimator
  hot path latency:         67.7875ms [min=49.2896ms, max=75.4152ms, average=60.8502ms, deviation=7.60274ms]
  hot path drops:           0 [min=0, max=0, average=0, deviation=0]
  behavior planner period:  100.001ms [min=99.9516ms, max=100.037ms, average=100.001ms, deviation=0.0148529ms]
----------------------------------------------------------

----------------------------------------------------------
sample path: (IntersectionOutput) 
  order timepoint           sequence nr.                  node name     dropped samples
latency

Statistics:
  latency:                  27.539ms [min=8.36372ms, max=79.3399ms, average=37.7993ms, deviation=14.3319ms]
----------------------------------------------------------

----------------------------------------------------------
sample path: (IntersectionOutput) 
  order timepoint           sequence nr.                  node name     dropped samples
latency

Statistics:
  latency:                  26.2385ms [min=8.36372ms, max=79.3399ms, average=37.6763ms, deviation=14.3044ms]
----------------------------------------------------------

----------------------------------------------------------
sample path: (IntersectionOutput) 
  order timepoint           sequence nr.                  node name     dropped samples
latency

Statistics:
  latency:                  16.6678ms [min=8.36372ms, max=79.3399ms, average=37.4552ms, deviation=14.3904ms]
----------------------------------------------------------

----------------------------------------------------------
sample path: (IntersectionOutput) 
  order timepoint           sequence nr.                  node name     dropped samples
latency

Statistics:
  latency:                  61.6255ms [min=8.36372ms, max=79.3399ms, average=37.7069ms, deviation=14.5255ms]
----------------------------------------------------------

----------------------------------------------------------
sample path: (IntersectionOutput) 
  order timepoint           sequence nr.                  node name     dropped samples
latency

Statistics:
  latency:                  54.6419ms [min=8.36372ms, max=79.3399ms, average=37.8815ms, deviation=14.5516ms]
----------------------------------------------------------

----------------------------------------------------------
sample path: (VehicleDBWSystem) 
  order timepoint           sequence nr.                  node name     dropped samples
bp period
latency

Statistics:
  latency:                  265.173ms [min=139.938ms, max=288.593ms, average=204.74ms, deviation=50.2088ms]
hotpath
  hot path:                 FrontLidarDriver/RearLidarDriver -> ObjectCollisionEstimator
  hot path latency:         54.627ms [min=49.2896ms, max=75.4152ms, average=60.6108ms, deviation=7.54846ms]
  hot path drops:           0 [min=0, max=0, average=0, deviation=0]
  behavior planner period:  100.006ms [min=99.9516ms, max=100.037ms, average=100.002ms, deviation=0.0145743ms]
----------------------------------------------------------

----------------------------------------------------------
sample path: (IntersectionOutput) 
  order timepoint           sequence nr.                  node name     dropped samples
latency

Statistics:
  latency:                  26.7337ms [min=8.36372ms, max=79.3399ms, average=37.7678ms, deviation=14.5201ms]
----------------------------------------------------------

----------------------------------------------------------
sample path: (IntersectionOutput) 
  order timepoint           sequence nr.                  node name     dropped samples
latency

Statistics:
  latency:                  13.7376ms [min=8.36372ms, max=79.3399ms, average=37.525ms, deviation=14.6463ms]
----------------------------------------------------------

----------------------------------------------------------
sample path: (IntersectionOutput) 
  order timepoint           sequence nr.                  node name     dropped samples
latency

Statistics:
  latency:                  50.6224ms [min=8.36372ms, max=79.3399ms, average=37.656ms, deviation=14.6309ms]
----------------------------------------------------------

----------------------------------------------------------
sample path: (VehicleDBWSystem) 
  order timepoint           sequence nr.                  node name     dropped samples
bp period
latency

Statistics:
  latency:                  250.452ms [min=139.938ms, max=288.593ms, average=206.433ms, deviation=50.0136ms]
hotpath
  hot path:                 FrontLidarDriver/RearLidarDriver -> ObjectCollisionEstimator
  hot path latency:         60.4185ms [min=49.2896ms, max=75.4152ms, average=60.6037ms, deviation=7.40196ms]
  hot path drops:           0 [min=0, max=0, average=0, deviation=0]
  behavior planner period:  99.9927ms [min=99.9516ms, max=100.037ms, average=100.001ms, deviation=0.0143865ms]
----------------------------------------------------------

----------------------------------------------------------
sample path: (IntersectionOutput) 
  order timepoint           sequence nr.                  node name     dropped samples
latency

Statistics:
  latency:                  56.265ms [min=8.36372ms, max=79.3399ms, average=37.8403ms, deviation=14.6749ms]
----------------------------------------------------------

----------------------------------------------------------
sample path: (IntersectionOutput) 
  order timepoint           sequence nr.                  node name     dropped samples
latency

Statistics:
  latency:                  56.0228ms [min=8.36372ms, max=79.3399ms, average=38.0185ms, deviation=14.7126ms]
----------------------------------------------------------

----------------------------------------------------------
sample path: (IntersectionOutput) 
  order timepoint           sequence nr.                  node name     dropped samples
latency

Statistics:
  latency:                  28.3328ms [min=8.36372ms, max=79.3399ms, average=37.9245ms, deviation=14.6714ms]
----------------------------------------------------------

----------------------------------------------------------
sample path: (IntersectionOutput) 
  order timepoint           sequence nr.                  node name     dropped samples
latency

Statistics:
  latency:                  57.1076ms [min=8.36372ms, max=79.3399ms, average=38.1089ms, deviation=14.7207ms]
----------------------------------------------------------

----------------------------------------------------------
sample path: (IntersectionOutput) 
  order timepoint           sequence nr.                  node name     dropped samples
latency

Statistics:
  latency:                  64.9174ms [min=8.36372ms, max=79.3399ms, average=38.3642ms, deviation=14.8815ms]
----------------------------------------------------------

----------------------------------------------------------
sample path: (VehicleDBWSystem) 
  order timepoint           sequence nr.                  node name     dropped samples
bp period
latency

Statistics:
  latency:                  235.27ms [min=139.938ms, max=288.593ms, average=207.463ms, deviation=49.3803ms]
hotpath
  hot path:                 FrontLidarDriver/RearLidarDriver -> ObjectCollisionEstimator
  hot path latency:         62.7013ms [min=49.2896ms, max=75.4152ms, average=60.6786ms, deviation=7.27441ms]
  hot path drops:           0 [min=0, max=0, average=0, deviation=0]
  behavior planner period:  100.053ms [min=99.9516ms, max=100.053ms, average=100.003ms, deviation=0.0173216ms]
----------------------------------------------------------

----------------------------------------------------------
sample path: (IntersectionOutput) 
  order timepoint           sequence nr.                  node name     dropped samples
latency

Statistics:
  latency:                  35.646ms [min=8.36372ms, max=79.3399ms, average=38.3386ms, deviation=14.8128ms]
----------------------------------------------------------

----------------------------------------------------------
sample path: (IntersectionOutput) 
  order timepoint           sequence nr.                  node name     dropped samples
latency

Statistics:
  latency:                  36.9875ms [min=8.36372ms, max=79.3399ms, average=38.326ms, deviation=14.7434ms]
----------------------------------------------------------

----------------------------------------------------------
sample path: (IntersectionOutput) 
  order timepoint           sequence nr.                  node name     dropped samples
latency

Statistics:
  latency:                  48.4297ms [min=8.36372ms, max=79.3399ms, average=38.4195ms, deviation=14.7065ms]
----------------------------------------------------------

----------------------------------------------------------
sample path: (VehicleDBWSystem) 
  order timepoint           sequence nr.                  node name     dropped samples
bp period
latency

Statistics:
  latency:                  207.087ms [min=139.938ms, max=288.593ms, average=207.45ms, deviation=48.4905ms]
hotpath
  hot path:                 FrontLidarDriver/RearLidarDriver -> ObjectCollisionEstimator
  hot path latency:         77.4821ms [min=49.2896ms, max=77.4821ms, average=61.2581ms, deviation=7.79509ms]
  hot path drops:           0 [min=0, max=0, average=0, deviation=0]
  behavior planner period:  99.9572ms [min=99.9516ms, max=100.053ms, average=100.002ms, deviation=0.0190925ms]
----------------------------------------------------------

----------------------------------------------------------
sample path: (IntersectionOutput) 
  order timepoint           sequence nr.                  node name     dropped samples
latency

Statistics:
  latency:                  29.9246ms [min=8.36372ms, max=79.3399ms, average=38.3416ms, deviation=14.6608ms]
----------------------------------------------------------

----------------------------------------------------------
sample path: (IntersectionOutput) 
  order timepoint           sequence nr.                  node name     dropped samples
latency

Statistics:
  latency:                  36.175ms [min=8.36372ms, max=79.3399ms, average=38.3219ms, deviation=14.5949ms]
----------------------------------------------------------

----------------------------------------------------------
sample path: (IntersectionOutput) 
  order timepoint           sequence nr.                  node name     dropped samples
latency

Statistics:
  latency:                  35.3792ms [min=8.36372ms, max=79.3399ms, average=38.2954ms, deviation=14.5311ms]
----------------------------------------------------------

----------------------------------------------------------
sample path: (VehicleDBWSystem) 
  order timepoint           sequence nr.                  node name     dropped samples
bp period
latency

Statistics:
  latency:                  148.226ms [min=139.938ms, max=288.593ms, average=205.476ms, deviation=48.8586ms]
hotpath
  hot path:                 FrontLidarDriver/RearLidarDriver -> ObjectCollisionEstimator
  hot path latency:         67.9448ms [min=49.2896ms, max=77.4821ms, average=61.481ms, deviation=7.7562ms]
  hot path drops:           0 [min=0, max=0, average=0, deviation=0]
  behavior planner period:  99.9961ms [min=99.9516ms, max=100.053ms, average=100.001ms, deviation=0.0187759ms]
----------------------------------------------------------

----------------------------------------------------------
sample path: (IntersectionOutput) 
  order timepoint           sequence nr.                  node name     dropped samples
latency

Statistics:
  latency:                  26.5661ms [min=8.36372ms, max=79.3399ms, average=38.1907ms, deviation=14.5079ms]
----------------------------------------------------------

----------------------------------------------------------
sample path: (IntersectionOutput) 
  order timepoint           sequence nr.                  node name     dropped samples
latency

Statistics:
  latency:                  36.4665ms [min=8.36372ms, max=79.3399ms, average=38.1754ms, deviation=14.4439ms]
----------------------------------------------------------

----------------------------------------------------------
sample path: (IntersectionOutput) 
  order timepoint           sequence nr.                  node name     dropped samples
latency

Statistics:
  latency:                  18.3374ms [min=8.36372ms, max=79.3399ms, average=38.0014ms, deviation=14.4994ms]
----------------------------------------------------------

----------------------------------------------------------
sample path: (IntersectionOutput) 
  order timepoint           sequence nr.                  node name     dropped samples
latency

Statistics:
  latency:                  52.383ms [min=8.36372ms, max=79.3399ms, average=38.1264ms, deviation=14.4978ms]
----------------------------------------------------------

----------------------------------------------------------
sample path: (VehicleDBWSystem) 
  order timepoint           sequence nr.                  node name     dropped samples
bp period
latency

Statistics:
  latency:                  156.865ms [min=139.938ms, max=288.593ms, average=203.908ms, deviation=48.8244ms]
hotpath
  hot path:                 FrontLidarDriver/RearLidarDriver -> ObjectCollisionEstimator
  hot path latency:         49.1745ms [min=49.1745ms, max=77.4821ms, average=61.084ms, deviation=7.9397ms]
  hot path drops:           0 [min=0, max=0, average=0, deviation=0]
  behavior planner period:  99.9972ms [min=99.9516ms, max=100.053ms, average=100.001ms, deviation=0.0184651ms]
----------------------------------------------------------

----------------------------------------------------------
sample path: (IntersectionOutput) 
  order timepoint           sequence nr.                  node name     dropped samples
latency

Statistics:
  latency:                  27.1708ms [min=8.36372ms, max=79.3399ms, average=38.032ms, deviation=14.4704ms]
----------------------------------------------------------

----------------------------------------------------------
sample path: (IntersectionOutput) 
  order timepoint           sequence nr.                  node name     dropped samples
latency

Statistics:
  latency:                  28.0454ms [min=8.36372ms, max=79.3399ms, average=37.9466ms, deviation=14.4375ms]
----------------------------------------------------------

----------------------------------------------------------
sample path: (IntersectionOutput) 
  order timepoint           sequence nr.                  node name     dropped samples
latency

Statistics:
  latency:                  16.5124ms [min=8.36372ms, max=79.3399ms, average=37.765ms, deviation=14.5104ms]
----------------------------------------------------------

----------------------------------------------------------
sample path: (IntersectionOutput) 
  order timepoint           sequence nr.                  node name     dropped samples
latency

Statistics:
  latency:                  72.0737ms [min=8.36372ms, max=79.3399ms, average=38.0533ms, deviation=14.7871ms]
----------------------------------------------------------

----------------------------------------------------------
sample path: (IntersectionOutput) 
  order timepoint           sequence nr.                  node name     dropped samples
latency

Statistics:
  latency:                  56.4354ms [min=8.36372ms, max=79.3399ms, average=38.2065ms, deviation=14.8202ms]
----------------------------------------------------------

----------------------------------------------------------
sample path: (VehicleDBWSystem) 
  order timepoint           sequence nr.                  node name     dropped samples
bp period
latency

Statistics:
  latency:                  256.254ms [min=139.938ms, max=288.593ms, average=205.543ms, deviation=48.9137ms]
hotpath
  hot path:                 FrontLidarDriver/RearLidarDriver -> ObjectCollisionEstimator
  hot path latency:         53.1194ms [min=49.1745ms, max=77.4821ms, average=60.8351ms, deviation=7.93647ms]
  hot path drops:           0 [min=0, max=0, average=0, deviation=0]
  behavior planner period:  100.005ms [min=99.9516ms, max=100.053ms, average=100.001ms, deviation=0.0181648ms]
----------------------------------------------------------

----------------------------------------------------------
sample path: (IntersectionOutput) 
  order timepoint           sequence nr.                  node name     dropped samples
latency

Statistics:
  latency:                  8.95822ms [min=8.36372ms, max=79.3399ms, average=37.9648ms, deviation=14.9959ms]
----------------------------------------------------------

----------------------------------------------------------
sample path: (IntersectionOutput) 
  order timepoint           sequence nr.                  node name     dropped samples
latency

Statistics:
  latency:                  40.4285ms [min=8.36372ms, max=79.3399ms, average=37.985ms, deviation=14.9355ms]
----------------------------------------------------------

----------------------------------------------------------
sample path: (IntersectionOutput) 
  order timepoint           sequence nr.                  node name     dropped samples
latency

Statistics:
  latency:                  56.2752ms [min=8.36372ms, max=79.3399ms, average=38.1337ms, deviation=14.9653ms]
----------------------------------------------------------

----------------------------------------------------------
sample path: (VehicleDBWSystem) 
  order timepoint           sequence nr.                  node name     dropped samples
bp period
latency

Statistics:
  latency:                  266.804ms [min=139.938ms, max=288.593ms, average=207.4ms, deviation=49.3103ms]
hotpath
  hot path:                 FrontLidarDriver/RearLidarDriver -> ObjectCollisionEstimator
  hot path latency:         56.3003ms [min=49.1745ms, max=77.4821ms, average=60.6977ms, deviation=7.85127ms]
  hot path drops:           0 [min=0, max=0, average=0, deviation=0]
  behavior planner period:  100.002ms [min=99.9516ms, max=100.053ms, average=100.001ms, deviation=0.0178695ms]
----------------------------------------------------------

----------------------------------------------------------
sample path: (IntersectionOutput) 
  order timepoint           sequence nr.                  node name     dropped samples
latency

Statistics:
  latency:                  35.5983ms [min=8.36372ms, max=79.3399ms, average=38.1132ms, deviation=14.9061ms]
----------------------------------------------------------

----------------------------------------------------------
sample path: (IntersectionOutput) 
  order timepoint           sequence nr.                  node name     dropped samples
latency

Statistics:
  latency:                  17.9486ms [min=8.36372ms, max=79.3399ms, average=37.9519ms, deviation=14.955ms]
----------------------------------------------------------

----------------------------------------------------------
sample path: (IntersectionOutput) 
  order timepoint           sequence nr.                  node name     dropped samples
latency

Statistics:
  latency:                  42.3022ms [min=8.36372ms, max=79.3399ms, average=37.9864ms, deviation=14.9001ms]
----------------------------------------------------------

----------------------------------------------------------
sample path: (VehicleDBWSystem) 
  order timepoint           sequence nr.                  node name     dropped samples
bp period
latency

Statistics:
  latency:                  223.895ms [min=139.938ms, max=288.593ms, average=207.885ms, deviation=48.6398ms]
hotpath
  hot path:                 FrontLidarDriver/RearLidarDriver -> ObjectCollisionEstimator
  hot path latency:         51.7693ms [min=49.1745ms, max=77.4821ms, average=60.4351ms, deviation=7.88156ms]
  hot path drops:           0 [min=0, max=0, average=0, deviation=0]
  behavior planner period:  100.014ms [min=99.9516ms, max=100.053ms, average=100.002ms, deviation=0.0177275ms]
----------------------------------------------------------

----------------------------------------------------------
sample path: (IntersectionOutput) 
  order timepoint           sequence nr.                  node name     dropped samples
latency

Statistics:
  latency:                  45.7533ms [min=8.36372ms, max=79.3399ms, average=38.0476ms, deviation=14.8568ms]
----------------------------------------------------------

----------------------------------------------------------
sample path: (IntersectionOutput) 
  order timepoint           sequence nr.                  node name     dropped samples
latency

Statistics:
  latency:                  44.1747ms [min=8.36372ms, max=79.3399ms, average=38.0954ms, deviation=14.8081ms]
----------------------------------------------------------

----------------------------------------------------------
sample path: (IntersectionOutput) 
  order timepoint           sequence nr.                  node name     dropped samples
latency

Statistics:
  latency:                  26.8086ms [min=8.36372ms, max=79.3399ms, average=38.008ms, deviation=14.7836ms]
----------------------------------------------------------

----------------------------------------------------------
sample path: (VehicleDBWSystem) 
  order timepoint           sequence nr.                  node name     dropped samples
bp period
latency

Statistics:
  latency:                  149.325ms [min=139.938ms, max=288.593ms, average=206.212ms, deviation=48.9308ms]
hotpath
  hot path:                 FrontLidarDriver/RearLidarDriver -> ObjectCollisionEstimator
  hot path latency:         54.556ms [min=49.1745ms, max=77.4821ms, average=60.2671ms, deviation=7.82812ms]
  hot path drops:           0 [min=0, max=0, average=0, deviation=0]
  behavior planner period:  100.002ms [min=99.9516ms, max=100.053ms, average=100.002ms, deviation=0.0174572ms]
----------------------------------------------------------

----------------------------------------------------------
sample path: (IntersectionOutput) 
  order timepoint           sequence nr.                  node name     dropped samples
latency

Statistics:
  latency:                  29.7378ms [min=8.36372ms, max=79.3399ms, average=37.9443ms, deviation=14.7441ms]
----------------------------------------------------------

----------------------------------------------------------
sample path: (IntersectionOutput) 
  order timepoint           sequence nr.                  node name     dropped samples
latency

Statistics:
  latency:                  36.0296ms [min=8.36372ms, max=79.3399ms, average=37.9297ms, deviation=14.6882ms]
----------------------------------------------------------

----------------------------------------------------------
sample path: (IntersectionOutput) 
  order timepoint           sequence nr.                  node name     dropped samples
latency

Statistics:
  latency:                  27.0943ms [min=8.36372ms, max=79.3399ms, average=37.8476ms, deviation=14.6624ms]
----------------------------------------------------------

----------------------------------------------------------
sample path: (IntersectionOutput) 
  order timepoint           sequence nr.                  node name     dropped samples
latency

Statistics:
  latency:                  39.4231ms [min=8.36372ms, max=79.3399ms, average=37.8595ms, deviation=14.6074ms]
----------------------------------------------------------

----------------------------------------------------------
sample path: (VehicleDBWSystem) 
  order timepoint           sequence nr.                  node name     dropped samples
bp period
latency

Statistics:
  latency:                  151.78ms [min=139.938ms, max=288.593ms, average=204.7ms, deviation=49.0726ms]
hotpath
  hot path:                 FrontLidarDriver/RearLidarDriver -> ObjectCollisionEstimator
  hot path latency:         50.6282ms [min=49.1745ms, max=77.4821ms, average=59.9993ms, deviation=7.88096ms]
  hot path drops:           0 [min=0, max=0, average=0, deviation=0]
  behavior planner period:  99.995ms [min=99.9516ms, max=100.053ms, average=100.002ms, deviation=0.0172365ms]
----------------------------------------------------------

----------------------------------------------------------
sample path: (IntersectionOutput) 
  order timepoint           sequence nr.                  node name     dropped samples
latency

Statistics:
  latency:                  32.2304ms [min=8.36372ms, max=79.3399ms, average=37.8175ms, deviation=14.5605ms]
----------------------------------------------------------

----------------------------------------------------------
sample path: (IntersectionOutput) 
  order timepoint           sequence nr.                  node name     dropped samples
latency

Statistics:
  latency:                  32.7444ms [min=8.36372ms, max=79.3399ms, average=37.7799ms, deviation=14.5126ms]
----------------------------------------------------------

----------------------------------------------------------
sample path: (IntersectionOutput) 
  order timepoint           sequence nr.                  node name     dropped samples
latency

Statistics:
  latency:                  26.1168ms [min=8.36372ms, max=79.3399ms, average=37.6941ms, deviation=14.4933ms]
----------------------------------------------------------

----------------------------------------------------------
sample path: (IntersectionOutput) 
  order timepoint           sequence nr.                  node name     dropped samples
latency

Statistics:
  latency:                  33.0785ms [min=8.36372ms, max=79.3399ms, average=37.6604ms, deviation=14.4453ms]
----------------------------------------------------------

----------------------------------------------------------
sample path: (IntersectionOutput) 
  order timepoint           sequence nr.                  node name     dropped samples
latency

Statistics:
  latency:                  28.8635ms [min=8.36372ms, max=79.3399ms, average=37.5967ms, deviation=14.412ms]
----------------------------------------------------------

----------------------------------------------------------
sample path: (VehicleDBWSystem) 
  order timepoint           sequence nr.                  node name     dropped samples
bp period
latency

Statistics:
  latency:                  155.921ms [min=139.938ms, max=288.593ms, average=203.381ms, deviation=49.0463ms]
hotpath
  hot path:                 FrontLidarDriver/RearLidarDriver -> ObjectCollisionEstimator
  hot path latency:         70.5323ms [min=49.1745ms, max=77.4821ms, average=60.284ms, deviation=7.96132ms]
  hot path drops:           0 [min=0, max=0, average=0, deviation=0]
  behavior planner period:  100.002ms [min=99.9516ms, max=100.053ms, average=100.002ms, deviation=0.0169884ms]
----------------------------------------------------------

----------------------------------------------------------
sample path: (IntersectionOutput) 
  order timepoint           sequence nr.                  node name     dropped samples
latency

Statistics:
  latency:                  25.7472ms [min=8.36372ms, max=79.3399ms, average=37.5114ms, deviation=14.3948ms]
----------------------------------------------------------

----------------------------------------------------------
sample path: (IntersectionOutput) 
  order timepoint           sequence nr.                  node name     dropped samples
latency

Statistics:
  latency:                  12.5259ms [min=8.36372ms, max=79.3399ms, average=37.333ms, deviation=14.4975ms]
----------------------------------------------------------

----------------------------------------------------------
sample path: (IntersectionOutput) 
  order timepoint           sequence nr.                  node name     dropped samples
latency

Statistics:
  latency:                  68.4706ms [min=8.36372ms, max=79.3399ms, average=37.5538ms, deviation=14.6817ms]
----------------------------------------------------------

----------------------------------------------------------
sample path: (IntersectionOutput) 
  order timepoint           sequence nr.                  node name     dropped samples
latency

Statistics:
  latency:                  60.9531ms [min=8.36372ms, max=79.3399ms, average=37.7186ms, deviation=14.7608ms]
----------------------------------------------------------

----------------------------------------------------------
sample path: (VehicleDBWSystem) 
  order timepoint           sequence nr.                  node name     dropped samples
bp period
latency

Statistics:
  latency:                  264.511ms [min=139.938ms, max=288.593ms, average=204.99ms, deviation=49.3848ms]
hotpath
  hot path:                 FrontLidarDriver/RearLidarDriver -> ObjectCollisionEstimator
  hot path latency:         50.8017ms [min=49.1745ms, max=77.4821ms, average=60.0345ms, deviation=8.00224ms]
  hot path drops:           0 [min=0, max=0, average=0, deviation=0]
  behavior planner period:  100.007ms [min=99.9516ms, max=100.053ms, average=100.002ms, deviation=0.0167773ms]
----------------------------------------------------------

----------------------------------------------------------
sample path: (IntersectionOutput) 
  order timepoint           sequence nr.                  node name     dropped samples
latency

Statistics:
  latency:                  26.4001ms [min=8.36372ms, max=79.3399ms, average=37.6394ms, deviation=14.7391ms]
----------------------------------------------------------

----------------------------------------------------------
sample path: (IntersectionOutput) 
  order timepoint           sequence nr.                  node name     dropped samples
latency

Statistics:
  latency:                  51.2313ms [min=8.36372ms, max=79.3399ms, average=37.7338ms, deviation=14.7311ms]
----------------------------------------------------------

----------------------------------------------------------
sample path: (IntersectionOutput) 
  order timepoint           sequence nr.                  node name     dropped samples
latency

Statistics:
  latency:                  59.427ms [min=8.36372ms, max=79.3399ms, average=37.8834ms, deviation=14.79ms]
----------------------------------------------------------

----------------------------------------------------------
sample path: (IntersectionOutput) 
  order timepoint           sequence nr.                  node name     dropped samples
latency

Statistics:
  latency:                  56.5972ms [min=8.36372ms, max=79.3399ms, average=38.0116ms, deviation=14.8201ms]
----------------------------------------------------------

----------------------------------------------------------
sample path: (VehicleDBWSystem) 
  order timepoint           sequence nr.                  node name     dropped samples
bp period
latency

Statistics:
  latency:                  271.681ms [min=139.938ms, max=288.593ms, average=206.7ms, deviation=49.8871ms]
hotpath
  hot path:                 FrontLidarDriver/RearLidarDriver -> ObjectCollisionEstimator
  hot path latency:         66.798ms [min=49.1745ms, max=77.4821ms, average=60.2079ms, deviation=7.97017ms]
  hot path drops:           0 [min=0, max=0, average=0, deviation=0]
  behavior planner period:  100.444ms [min=99.9516ms, max=100.444ms, average=100.013ms, deviation=0.0736788ms]
----------------------------------------------------------

----------------------------------------------------------
sample path: (IntersectionOutput) 
  order timepoint           sequence nr.                  node name     dropped samples
latency

Statistics:
  latency:                  45.363ms [min=8.36372ms, max=79.3399ms, average=38.0616ms, deviation=14.7817ms]
----------------------------------------------------------

----------------------------------------------------------
sample path: (IntersectionOutput) 
  order timepoint           sequence nr.                  node name     dropped samples
latency

Statistics:
  latency:                  18.5092ms [min=8.36372ms, max=79.3399ms, average=37.9295ms, deviation=14.8187ms]
----------------------------------------------------------

----------------------------------------------------------
sample path: (IntersectionOutput) 
  order timepoint           sequence nr.                  node name     dropped samples
latency

Statistics:
  latency:                  40.9168ms [min=8.36372ms, max=79.3399ms, average=37.9496ms, deviation=14.7706ms]
----------------------------------------------------------

----------------------------------------------------------
sample path: (VehicleDBWSystem) 
  order timepoint           sequence nr.                  node name     dropped samples
bp period
latency

Statistics:
  latency:                  192.552ms [min=139.938ms, max=288.593ms, average=206.346ms, deviation=49.2941ms]
hotpath
  hot path:                 FrontLidarDriver/RearLidarDriver -> ObjectCollisionEstimator
  hot path latency:         68.4046ms [min=49.1745ms, max=77.4821ms, average=60.4128ms, deviation=7.97336ms]
  hot path drops:           0 [min=0, max=0, average=0, deviation=0]
  behavior planner period:  99.554ms [min=99.554ms, max=100.444ms, average=100.002ms, deviation=0.103425ms]
----------------------------------------------------------

----------------------------------------------------------
sample path: (IntersectionOutput) 
  order timepoint           sequence nr.                  node name     dropped samples
latency

Statistics:
  latency:                  43.9169ms [min=8.36372ms, max=79.3399ms, average=37.9894ms, deviation=14.729ms]
----------------------------------------------------------

----------------------------------------------------------
sample path: (IntersectionOutput) 
  order timepoint           sequence nr.                  node name     dropped samples
latency

Statistics:
  latency:                  45.1586ms [min=8.36372ms, max=79.3399ms, average=38.0368ms, deviation=14.6914ms]
----------------------------------------------------------

----------------------------------------------------------
sample path: (IntersectionOutput) 
  order timepoint           sequence nr.                  node name     dropped samples
latency

Statistics:
  latency:                  27.3159ms [min=8.36372ms, max=79.3399ms, average=37.9663ms, deviation=14.6685ms]
----------------------------------------------------------

----------------------------------------------------------
sample path: (VehicleDBWSystem) 
  order timepoint           sequence nr.                  node name     dropped samples
bp period
latency

Statistics:
  latency:                  148.948ms [min=139.938ms, max=288.593ms, average=204.946ms, deviation=49.4926ms]
hotpath
  hot path:                 FrontLidarDriver/RearLidarDriver -> ObjectCollisionEstimator
  hot path latency:         56.9582ms [min=49.1745ms, max=77.4821ms, average=60.3286ms, deviation=7.89153ms]
  hot path drops:           0 [min=0, max=0, average=0, deviation=0]
  behavior planner period:  100.007ms [min=99.554ms, max=100.444ms, average=100.002ms, deviation=0.102094ms]
----------------------------------------------------------

----------------------------------------------------------
sample path: (IntersectionOutput) 
  order timepoint           sequence nr.                  node name     dropped samples
latency

Statistics:
  latency:                  29.1892ms [min=8.36372ms, max=79.3399ms, average=37.9089ms, deviation=14.6374ms]
----------------------------------------------------------

----------------------------------------------------------
sample path: (IntersectionOutput) 
  order timepoint           sequence nr.                  node name     dropped samples
latency

Statistics:
  latency:                  37.8499ms [min=8.36372ms, max=79.3399ms, average=37.9085ms, deviation=14.5895ms]
----------------------------------------------------------

----------------------------------------------------------
sample path: (IntersectionOutput) 
  order timepoint           sequence nr.                  node name     dropped samples
latency

Statistics:
  latency:                  27.1351ms [min=8.36372ms, max=79.3399ms, average=37.839ms, deviation=14.5677ms]
----------------------------------------------------------

----------------------------------------------------------
sample path: (VehicleDBWSystem) 
  order timepoint           sequence nr.                  node name     dropped samples
bp period
latency

Statistics:
  latency:                  148.68ms [min=139.938ms, max=288.593ms, average=203.607ms, deviation=49.6503ms]
hotpath
  hot path:                 FrontLidarDriver/RearLidarDriver -> ObjectCollisionEstimator
  hot path latency:         50.72ms [min=49.1745ms, max=77.4821ms, average=60.0998ms, deviation=7.93445ms]
  hot path drops:           0 [min=0, max=0, average=0, deviation=0]
  behavior planner period:  99.9878ms [min=99.554ms, max=100.444ms, average=100.001ms, deviation=0.100833ms]
----------------------------------------------------------

----------------------------------------------------------
sample path: (IntersectionOutput) 
  order timepoint           sequence nr.                  node name     dropped samples
latency

Statistics:
  latency:                  29.0436ms [min=8.36372ms, max=79.3399ms, average=37.7827ms, deviation=14.5377ms]
----------------------------------------------------------

----------------------------------------------------------
sample path: (IntersectionOutput) 
  order timepoint           sequence nr.                  node name     dropped samples
latency

Statistics:
  latency:                  35.8232ms [min=8.36372ms, max=79.3399ms, average=37.7702ms, deviation=14.4919ms]
----------------------------------------------------------

----------------------------------------------------------
sample path: (IntersectionOutput) 
  order timepoint           sequence nr.                  node name     dropped samples
latency

Statistics:
  latency:                  17.5459ms [min=8.36372ms, max=79.3399ms, average=37.6422ms, deviation=14.535ms]
----------------------------------------------------------

----------------------------------------------------------
sample path: (IntersectionOutput) 
  order timepoint           sequence nr.                  node name     dropped samples
latency

Statistics:
  latency:                  54.3503ms [min=8.36372ms, max=79.3399ms, average=37.7473ms, deviation=14.5494ms]
----------------------------------------------------------

----------------------------------------------------------
sample path: (VehicleDBWSystem) 
  order timepoint           sequence nr.                  node name     dropped samples
bp period
latency

Statistics:
  latency:                  156.78ms [min=139.938ms, max=288.593ms, average=202.518ms, deviation=49.5727ms]
hotpath
  hot path:                 FrontLidarDriver/RearLidarDriver -> ObjectCollisionEstimator
  hot path latency:         48.4662ms [min=48.4662ms, max=77.4821ms, average=59.8292ms, deviation=8.03766ms]
  hot path drops:           0 [min=0, max=0, average=0, deviation=0]
  behavior planner period:  99.9967ms [min=99.554ms, max=100.444ms, average=100.001ms, deviation=0.0995988ms]
----------------------------------------------------------

----------------------------------------------------------
sample path: (IntersectionOutput) 
  order timepoint           sequence nr.                  node name     dropped samples
latency

Statistics:
  latency:                  26.7164ms [min=8.36372ms, max=79.3399ms, average=37.6783ms, deviation=14.5298ms]
----------------------------------------------------------

----------------------------------------------------------
sample path: (IntersectionOutput) 
  order timepoint           sequence nr.                  node name     dropped samples
latency

Statistics:
  latency:                  25.8489ms [min=8.36372ms, max=79.3399ms, average=37.6048ms, deviation=14.5143ms]
----------------------------------------------------------

----------------------------------------------------------
sample path: (IntersectionOutput) 
  order timepoint           sequence nr.                  node name     dropped samples
latency

Statistics:
  latency:                  14.303ms [min=8.36372ms, max=79.3399ms, average=37.461ms, deviation=14.5845ms]
----------------------------------------------------------

----------------------------------------------------------
sample path: (IntersectionOutput) 
  order timepoint           sequence nr.                  node name     dropped samples
latency

Statistics:
  latency:                  65.2393ms [min=8.36372ms, max=79.3399ms, average=37.6314ms, deviation=14.7013ms]
----------------------------------------------------------

----------------------------------------------------------
sample path: (IntersectionOutput) 
  order timepoint           sequence nr.                  node name     dropped samples
latency

Statistics:
  latency:                  57.708ms [min=8.36372ms, max=79.3399ms, average=37.7538ms, deviation=14.7397ms]
----------------------------------------------------------

----------------------------------------------------------
sample path: (VehicleDBWSystem) 
  order timepoint           sequence nr.                  node name     dropped samples
bp period
latency

Statistics:
  latency:                  259.775ms [min=139.938ms, max=288.593ms, average=203.819ms, deviation=49.7475ms]
hotpath
  hot path:                 FrontLidarDriver/RearLidarDriver -> ObjectCollisionEstimator
  hot path latency:         52.8484ms [min=48.4662ms, max=77.4821ms, average=59.6706ms, deviation=8.01306ms]
  hot path drops:           0 [min=0, max=0, average=0, deviation=0]
  behavior planner period:  100.005ms [min=99.554ms, max=100.444ms, average=100.001ms, deviation=0.0984077ms]
----------------------------------------------------------

----------------------------------------------------------
sample path: (IntersectionOutput) 
  order timepoint           sequence nr.                  node name     dropped samples
latency

Statistics:
  latency:                  19.5822ms [min=8.36372ms, max=79.3399ms, average=37.6437ms, deviation=14.7627ms]
----------------------------------------------------------

----------------------------------------------------------
sample path: (IntersectionOutput) 
  order timepoint           sequence nr.                  node name     dropped samples
latency

Statistics:
  latency:                  10.4171ms [min=8.36372ms, max=79.3399ms, average=37.4797ms, deviation=14.8688ms]
----------------------------------------------------------

----------------------------------------------------------
sample path: (IntersectionOutput) 
  order timepoint           sequence nr.                  node name     dropped samples
latency

Statistics:
  latency:                  40.3769ms [min=8.36372ms, max=79.3399ms, average=37.497ms, deviation=14.8256ms]
----------------------------------------------------------

----------------------------------------------------------
sample path: (IntersectionOutput) 
  order timepoint           sequence nr.                  node name     dropped samples
latency

Statistics:
  latency:                  55.4305ms [min=8.36372ms, max=79.3399ms, average=37.6038ms, deviation=14.8458ms]
----------------------------------------------------------

----------------------------------------------------------
sample path: (VehicleDBWSystem) 
  order timepoint           sequence nr.                  node name     dropped samples
bp period
latency

Statistics:
  latency:                  268.113ms [min=139.938ms, max=288.593ms, average=205.248ms, deviation=50.1042ms]
hotpath
  hot path:                 FrontLidarDriver/RearLidarDriver -> ObjectCollisionEstimator
  hot path latency:         59.9511ms [min=48.4662ms, max=77.4821ms, average=59.6768ms, deviation=7.92159ms]
  hot path drops:           0 [min=0, max=0, average=0, deviation=0]
  behavior planner period:  100.019ms [min=99.554ms, max=100.444ms, average=100.002ms, deviation=0.0972943ms]
----------------------------------------------------------

----------------------------------------------------------
sample path: (IntersectionOutput) 
  order timepoint           sequence nr.                  node name     dropped samples
latency

Statistics:
  latency:                  38.1876ms [min=8.36372ms, max=79.3399ms, average=37.6072ms, deviation=14.8016ms]
----------------------------------------------------------

----------------------------------------------------------
sample path: (IntersectionOutput) 
  order timepoint           sequence nr.                  node name     dropped samples
latency

Statistics:
  latency:                  20.2076ms [min=8.36372ms, max=79.3399ms, average=37.5049ms, deviation=14.818ms]
----------------------------------------------------------

----------------------------------------------------------
sample path: (IntersectionOutput) 
  order timepoint           sequence nr.                  node name     dropped samples
latency

Statistics:
  latency:                  43.4786ms [min=8.36372ms, max=79.3399ms, average=37.5398ms, deviation=14.7814ms]
----------------------------------------------------------

----------------------------------------------------------
sample path: (VehicleDBWSystem) 
  order timepoint           sequence nr.                  node name     dropped samples
bp period
latency

Statistics:
  latency:                  199.726ms [min=139.938ms, max=288.593ms, average=205.128ms, deviation=49.551ms]
hotpath
  hot path:                 FrontLidarDriver/RearLidarDriver -> ObjectCollisionEstimator
  hot path latency:         52.5277ms [min=48.4662ms, max=77.4821ms, average=59.5214ms, deviation=7.90368ms]
  hot path drops:           0 [min=0, max=0, average=0, deviation=0]
  behavior planner period:  99.9991ms [min=99.554ms, max=100.444ms, average=100.002ms, deviation=0.0961831ms]
----------------------------------------------------------

----------------------------------------------------------
sample path: (IntersectionOutput) 
  order timepoint           sequence nr.                  node name     dropped samples
latency

Statistics:
  latency:                  50.8402ms [min=8.36372ms, max=79.3399ms, average=37.6172ms, deviation=14.773ms]
----------------------------------------------------------

