----------------------------------------------------------
sample path: (VehicleDBWSystem) 
  order timepoint           sequence nr.                  node name     dropped samples
latency

Statistics:
  latency:                  628.777ms [min=628.777ms, max=628.777ms, average=628.777ms, deviation=-nanms]
hotpath
  hot path:                 FrontLidarDriver/RearLidarDriver -> ObjectCollisionEstimator
  hot path latency:         228.855ms [min=228.855ms, max=228.855ms, average=228.855ms, deviation=-nanms]
  hot path drops:           0 [min=0, max=0, average=0, deviation=-nan]
  behavior planner period:  0ms [min=1.84467e+13ms, max=0ms, average=0ms, deviation=0ms]
----------------------------------------------------------

----------------------------------------------------------
sample path: (IntersectionOutput) 
  order timepoint           sequence nr.                  node name     dropped samples
latency

Statistics:
  latency:                  152.843ms [min=152.843ms, max=152.843ms, average=152.843ms, deviation=-nanms]
----------------------------------------------------------

----------------------------------------------------------
sample path: (VehicleDBWSystem) 
  order timepoint           sequence nr.                  node name     dropped samples
bp period
latency

Statistics:
  latency:                  676.644ms [min=628.777ms, max=676.644ms, average=652.71ms, deviation=33.847ms]
hotpath
  hot path:                 FrontLidarDriver/RearLidarDriver -> ObjectCollisionEstimator
  hot path latency:         276.238ms [min=228.855ms, max=276.238ms, average=252.546ms, deviation=33.5049ms]
  hot path drops:           0 [min=0, max=0, average=0, deviation=0]
  behavior planner period:  162.037ms [min=162.037ms, max=162.037ms, average=162.037ms, deviation=-nanms]
----------------------------------------------------------

----------------------------------------------------------
sample path: (IntersectionOutput) 
  order timepoint           sequence nr.                  node name     dropped samples
latency

Statistics:
  latency:                  152.544ms [min=152.544ms, max=152.843ms, average=152.694ms, deviation=0.210862ms]
----------------------------------------------------------

----------------------------------------------------------
sample path: (VehicleDBWSystem) 
  order timepoint           sequence nr.                  node name     dropped samples
bp period
latency

Statistics:
  latency:                  695.836ms [min=628.777ms, max=695.836ms, average=667.086ms, deviation=34.5361ms]
hotpath
  hot path:                 FrontLidarDriver/RearLidarDriver -> ObjectCollisionEstimator
  hot path latency:         324.135ms [min=228.855ms, max=324.135ms, average=276.409ms, deviation=47.6406ms]
  hot path drops:           0 [min=0, max=0, average=0, deviation=0]
  behavior planner period:  152.888ms [min=152.888ms, max=162.037ms, average=157.463ms, deviation=6.46892ms]
----------------------------------------------------------

----------------------------------------------------------
sample path: (IntersectionOutput) 
  order timepoint           sequence nr.                  node name     dropped samples
latency

Statistics:
  latency:                  133.47ms [min=133.47ms, max=152.843ms, average=146.286ms, deviation=11.0995ms]
----------------------------------------------------------

----------------------------------------------------------
sample path: (VehicleDBWSystem) 
  order timepoint           sequence nr.                  node name     dropped samples
bp period
latency

Statistics:
  latency:                  696.012ms [min=628.777ms, max=696.012ms, average=674.317ms, deviation=31.6914ms]
hotpath
  hot path:                 FrontLidarDriver/RearLidarDriver -> ObjectCollisionEstimator
  hot path latency:         324.677ms [min=228.855ms, max=324.677ms, average=288.476ms, deviation=45.7769ms]
  hot path drops:           0 [min=0, max=0, average=0, deviation=0]
  behavior planner period:  143.063ms [min=143.063ms, max=162.037ms, average=152.663ms, deviation=9.48906ms]
----------------------------------------------------------

----------------------------------------------------------
sample path: (IntersectionOutput) 
  order timepoint           sequence nr.                  node name     dropped samples
latency

Statistics:
  latency:                  152.35ms [min=133.47ms, max=152.843ms, average=147.802ms, deviation=9.55646ms]
----------------------------------------------------------

----------------------------------------------------------
sample path: (VehicleDBWSystem) 
  order timepoint           sequence nr.                  node name     dropped samples
bp period
latency

Statistics:
  latency:                  667.404ms [min=628.777ms, max=696.012ms, average=672.935ms, deviation=27.6192ms]
hotpath
  hot path:                 FrontLidarDriver/RearLidarDriver -> ObjectCollisionEstimator
  hot path latency:         305.652ms [min=228.855ms, max=324.677ms, average=291.911ms, deviation=40.3813ms]
  hot path drops:           0 [min=0, max=0, average=0, deviation=0]
  behavior planner period:  161.913ms [min=143.063ms, max=162.037ms, average=154.975ms, deviation=9.02341ms]
----------------------------------------------------------

----------------------------------------------------------
sample path: (IntersectionOutput) 
  order timepoint           sequence nr.                  node name     dropped samples
latency

Statistics:
  latency:                  133.366ms [min=133.366ms, max=152.843ms, average=144.915ms, deviation=10.4964ms]
----------------------------------------------------------

----------------------------------------------------------
sample path: (IntersectionOutput) 
  order timepoint           sequence nr.                  node name     dropped samples
latency

Statistics:
  latency:                  142.874ms [min=133.366ms, max=152.843ms, average=144.574ms, deviation=9.42517ms]
----------------------------------------------------------

----------------------------------------------------------
sample path: (VehicleDBWSystem) 
  order timepoint           sequence nr.                  node name     dropped samples
bp period
latency

Statistics:
  latency:                  571.753ms [min=571.753ms, max=696.012ms, average=656.071ms, deviation=48.1306ms]
hotpath
  hot path:                 FrontLidarDriver/RearLidarDriver -> ObjectCollisionEstimator
  hot path latency:         295.551ms [min=228.855ms, max=324.677ms, average=292.518ms, deviation=36.1487ms]
  hot path drops:           0 [min=0, max=0, average=0, deviation=0]
  behavior planner period:  209.696ms [min=143.063ms, max=209.696ms, average=165.919ms, deviation=25.6894ms]
----------------------------------------------------------

----------------------------------------------------------
sample path: (IntersectionOutput) 
  order timepoint           sequence nr.                  node name     dropped samples
latency

Statistics:
  latency:                  114.494ms [min=114.494ms, max=152.843ms, average=140.277ms, deviation=14.258ms]
----------------------------------------------------------

----------------------------------------------------------
sample path: (VehicleDBWSystem) 
  order timepoint           sequence nr.                  node name     dropped samples
bp period
latency

Statistics:
  latency:                  591.276ms [min=571.753ms, max=696.012ms, average=646.815ms, deviation=50.3014ms]
hotpath
  hot path:                 FrontLidarDriver/RearLidarDriver -> ObjectCollisionEstimator
  hot path latency:         276.608ms [min=228.855ms, max=324.677ms, average=290.245ms, deviation=33.5425ms]
  hot path drops:           0 [min=0, max=0, average=0, deviation=0]
  behavior planner period:  200.249ms [min=143.063ms, max=209.696ms, average=171.641ms, deviation=26.9143ms]
----------------------------------------------------------

----------------------------------------------------------
sample path: (IntersectionOutput) 
  order timepoint           sequence nr.                  node name     dropped samples
latency

Statistics:
  latency:                  124.147ms [min=114.494ms, max=152.843ms, average=138.261ms, deviation=14.3795ms]
----------------------------------------------------------

----------------------------------------------------------
sample path: (IntersectionOutput) 
  order timepoint           sequence nr.                  node name     dropped samples
latency

Statistics:
  latency:                  133.421ms [min=114.494ms, max=152.843ms, average=137.723ms, deviation=13.5472ms]
----------------------------------------------------------

----------------------------------------------------------
sample path: (VehicleDBWSystem) 
  order timepoint           sequence nr.                  node name     dropped samples
bp period
latency

Statistics:
  latency:                  486.78ms [min=486.78ms, max=696.012ms, average=626.81ms, deviation=73.2814ms]
hotpath
  hot path:                 FrontLidarDriver/RearLidarDriver -> ObjectCollisionEstimator
  hot path latency:         257.754ms [min=228.855ms, max=324.677ms, average=286.184ms, deviation=33.1109ms]
  hot path drops:           0 [min=0, max=0, average=0, deviation=0]
  behavior planner period:  181.501ms [min=143.063ms, max=209.696ms, average=173.05ms, deviation=24.8503ms]
----------------------------------------------------------

----------------------------------------------------------
sample path: (IntersectionOutput) 
  order timepoint           sequence nr.                  node name     dropped samples
latency

Statistics:
  latency:                  114.543ms [min=114.494ms, max=152.843ms, average=135.405ms, deviation=14.7264ms]
----------------------------------------------------------

----------------------------------------------------------
sample path: (VehicleDBWSystem) 
  order timepoint           sequence nr.                  node name     dropped samples
bp period
latency

Statistics:
  latency:                  515.112ms [min=486.78ms, max=696.012ms, average=614.399ms, deviation=78.0074ms]
hotpath
  hot path:                 FrontLidarDriver/RearLidarDriver -> ObjectCollisionEstimator
  hot path latency:         257.95ms [min=228.855ms, max=324.677ms, average=283.047ms, deviation=32.3707ms]
  hot path drops:           0 [min=0, max=0, average=0, deviation=0]
  behavior planner period:  171.894ms [min=143.063ms, max=209.696ms, average=172.905ms, deviation=23.0105ms]
----------------------------------------------------------

----------------------------------------------------------
sample path: (IntersectionOutput) 
  order timepoint           sequence nr.                  node name     dropped samples
latency

Statistics:
  latency:                  142.882ms [min=114.494ms, max=152.843ms, average=136.085ms, deviation=14.1514ms]
----------------------------------------------------------

----------------------------------------------------------
sample path: (VehicleDBWSystem) 
  order timepoint           sequence nr.                  node name     dropped samples
bp period
latency

Statistics:
  latency:                  658.065ms [min=486.78ms, max=696.012ms, average=618.766ms, deviation=74.8312ms]
hotpath
  hot path:                 FrontLidarDriver/RearLidarDriver -> ObjectCollisionEstimator
  hot path latency:         257.95ms [min=228.855ms, max=324.677ms, average=280.537ms, deviation=31.5344ms]
  hot path drops:           0 [min=0, max=0, average=0, deviation=0]
  behavior planner period:  152.344ms [min=143.063ms, max=209.696ms, average=170.621ms, deviation=22.5892ms]
----------------------------------------------------------

----------------------------------------------------------
sample path: (IntersectionOutput) 
  order timepoint           sequence nr.                  node name     dropped samples
latency

Statistics:
  latency:                  142.886ms [min=114.494ms, max=152.843ms, average=136.652ms, deviation=13.6349ms]
----------------------------------------------------------

----------------------------------------------------------
sample path: (VehicleDBWSystem) 
  order timepoint           sequence nr.                  node name     dropped samples
bp period
latency

Statistics:
  latency:                  600.526ms [min=486.78ms, max=696.012ms, average=617.108ms, deviation=71.2038ms]
hotpath
  hot path:                 FrontLidarDriver/RearLidarDriver -> ObjectCollisionEstimator
  hot path latency:         276.639ms [min=228.855ms, max=324.677ms, average=280.183ms, deviation=29.9393ms]
  hot path drops:           0 [min=0, max=0, average=0, deviation=0]
  behavior planner period:  133.474ms [min=133.474ms, max=209.696ms, average=166.906ms, deviation=24.322ms]
----------------------------------------------------------

----------------------------------------------------------
sample path: (IntersectionOutput) 
  order timepoint           sequence nr.                  node name     dropped samples
latency

Statistics:
  latency:                  123.947ms [min=114.494ms, max=152.843ms, average=135.674ms, deviation=13.5216ms]
----------------------------------------------------------

----------------------------------------------------------
sample path: (VehicleDBWSystem) 
  order timepoint           sequence nr.                  node name     dropped samples
bp period
latency

Statistics:
  latency:                  600.369ms [min=486.78ms, max=696.012ms, average=615.713ms, deviation=68.0619ms]
  behavior planner period:  100.145ms [min=100.145ms, max=209.696ms, average=160.837ms, deviation=30.6201ms]
----------------------------------------------------------

----------------------------------------------------------
sample path: (IntersectionOutput) 
  order timepoint           sequence nr.                  node name     dropped samples
latency

Statistics:
  latency:                  114.312ms [min=114.312ms, max=152.843ms, average=134.148ms, deviation=14.1903ms]
----------------------------------------------------------

----------------------------------------------------------
sample path: (IntersectionOutput) 
  order timepoint           sequence nr.                  node name     dropped samples
latency

Statistics:
  latency:                  123.794ms [min=114.312ms, max=152.843ms, average=133.458ms, deviation=13.9331ms]
----------------------------------------------------------

----------------------------------------------------------
sample path: (VehicleDBWSystem) 
  order timepoint           sequence nr.                  node name     dropped samples
bp period
latency

Statistics:
  latency:                  581.271ms [min=486.78ms, max=696.012ms, average=613.063ms, deviation=65.8607ms]
hotpath
  hot path:                 FrontLidarDriver/RearLidarDriver -> ObjectCollisionEstimator
  hot path latency:         276.61ms [min=228.855ms, max=324.677ms, average=279.885ms, deviation=28.5646ms]
  hot path drops:           0 [min=0, max=0, average=0, deviation=0]
  behavior planner period:  114.384ms [min=100.145ms, max=209.696ms, average=156.966ms, deviation=32.1275ms]
----------------------------------------------------------

----------------------------------------------------------
sample path: (IntersectionOutput) 
  order timepoint           sequence nr.                  node name     dropped samples
latency

Statistics:
  latency:                  114.45ms [min=114.312ms, max=152.843ms, average=132.27ms, deviation=14.2748ms]
----------------------------------------------------------

----------------------------------------------------------
sample path: (VehicleDBWSystem) 
  order timepoint           sequence nr.                  node name     dropped samples
bp period
latency

Statistics:
  latency:                  504.998ms [min=486.78ms, max=696.012ms, average=605.344ms, deviation=69.5566ms]
  behavior planner period:  142.726ms [min=100.145ms, max=209.696ms, average=155.87ms, deviation=31.0123ms]
----------------------------------------------------------

----------------------------------------------------------
sample path: (IntersectionOutput) 
  order timepoint           sequence nr.                  node name     dropped samples
latency

Statistics:
  latency:                  114.289ms [min=114.289ms, max=152.843ms, average=131.212ms, deviation=14.4933ms]
----------------------------------------------------------

----------------------------------------------------------
sample path: (IntersectionOutput) 
  order timepoint           sequence nr.                  node name     dropped samples
latency

Statistics:
  latency:                  142.761ms [min=114.289ms, max=152.843ms, average=131.854ms, deviation=14.3216ms]
----------------------------------------------------------

----------------------------------------------------------
sample path: (VehicleDBWSystem) 
  order timepoint           sequence nr.                  node name     dropped samples
bp period
latency

Statistics:
  latency:                  485.98ms [min=485.98ms, max=696.012ms, average=597.387ms, deviation=73.7726ms]
hotpath
  hot path:                 FrontLidarDriver/RearLidarDriver -> ObjectCollisionEstimator
  hot path latency:         190.738ms [min=190.738ms, max=324.677ms, average=273.027ms, deviation=36.8681ms]
  hot path drops:           1 [min=0, max=1, average=0.0769231, deviation=0.27735]
  behavior planner period:  171.726ms [min=100.145ms, max=209.696ms, average=157.003ms, deviation=30.0955ms]
----------------------------------------------------------

----------------------------------------------------------
sample path: (IntersectionOutput) 
  order timepoint           sequence nr.                  node name     dropped samples
latency

Statistics:
  latency:                  104.935ms [min=104.935ms, max=152.843ms, average=130.437ms, deviation=15.2267ms]
----------------------------------------------------------

----------------------------------------------------------
sample path: (IntersectionOutput) 
  order timepoint           sequence nr.                  node name     dropped samples
latency

Statistics:
  latency:                  152.059ms [min=104.935ms, max=152.843ms, average=131.518ms, deviation=15.5892ms]
----------------------------------------------------------

----------------------------------------------------------
sample path: (VehicleDBWSystem) 
  order timepoint           sequence nr.                  node name     dropped samples
bp period
latency

Statistics:
  latency:                  523.736ms [min=485.98ms, max=696.012ms, average=592.784ms, deviation=73.6111ms]
hotpath
  hot path:                 FrontLidarDriver/RearLidarDriver -> ObjectCollisionEstimator
  hot path latency:         257.359ms [min=190.738ms, max=324.677ms, average=271.908ms, deviation=35.6684ms]
  hot path drops:           0 [min=0, max=1, average=0.0714286, deviation=0.267261]
  behavior planner period:  171.684ms [min=100.145ms, max=209.696ms, average=157.982ms, deviation=29.2474ms]
----------------------------------------------------------

----------------------------------------------------------
sample path: (IntersectionOutput) 
  order timepoint           sequence nr.                  node name     dropped samples
latency

Statistics:
  latency:                  152.274ms [min=104.935ms, max=152.843ms, average=132.507ms, deviation=15.8552ms]
----------------------------------------------------------

----------------------------------------------------------
sample path: (VehicleDBWSystem) 
  order timepoint           sequence nr.                  node name     dropped samples
bp period
latency

Statistics:
  latency:                  685.594ms [min=485.98ms, max=696.012ms, average=598.243ms, deviation=74.7437ms]
hotpath
  hot path:                 FrontLidarDriver/RearLidarDriver -> ObjectCollisionEstimator
  hot path latency:         257.359ms [min=190.738ms, max=324.677ms, average=270.938ms, deviation=34.5756ms]
  hot path drops:           0 [min=0, max=1, average=0.0666667, deviation=0.258199]
  behavior planner period:  152.171ms [min=100.145ms, max=209.696ms, average=157.619ms, deviation=28.293ms]
----------------------------------------------------------

----------------------------------------------------------
sample path: (IntersectionOutput) 
  order timepoint           sequence nr.                  node name     dropped samples
latency

Statistics:
  latency:                  161.807ms [min=104.935ms, max=161.807ms, average=133.838ms, deviation=16.6866ms]
----------------------------------------------------------

----------------------------------------------------------
sample path: (VehicleDBWSystem) 
  order timepoint           sequence nr.                  node name     dropped samples
bp period
latency

Statistics:
  latency:                  733.136ms [min=485.98ms, max=733.136ms, average=605.737ms, deviation=79.1763ms]
hotpath
  hot path:                 FrontLidarDriver/RearLidarDriver -> ObjectCollisionEstimator
  hot path latency:         266.882ms [min=190.738ms, max=324.677ms, average=270.685ms, deviation=33.4186ms]
  hot path drops:           0 [min=0, max=1, average=0.0625, deviation=0.25]
  behavior planner period:  152.311ms [min=100.145ms, max=209.696ms, average=157.306ms, deviation=27.4248ms]
----------------------------------------------------------

----------------------------------------------------------
sample path: (IntersectionOutput) 
  order timepoint           sequence nr.                  node name     dropped samples
latency

Statistics:
  latency:                  161.825ms [min=104.935ms, max=161.825ms, average=135.055ms, deviation=17.3159ms]
----------------------------------------------------------

----------------------------------------------------------
sample path: (VehicleDBWSystem) 
  order timepoint           sequence nr.                  node name     dropped samples
bp period
latency

Statistics:
  latency:                  704.575ms [min=485.98ms, max=733.136ms, average=610.939ms, deviation=80.217ms]
hotpath
  hot path:                 FrontLidarDriver/RearLidarDriver -> ObjectCollisionEstimator
  hot path latency:         314.21ms [min=190.738ms, max=324.677ms, average=273.245ms, deviation=34.0358ms]
  hot path drops:           0 [min=0, max=1, average=0.0588235, deviation=0.242536]
  behavior planner period:  171.368ms [min=100.145ms, max=209.696ms, average=158.088ms, deviation=26.8116ms]
----------------------------------------------------------

----------------------------------------------------------
sample path: (IntersectionOutput) 
  order timepoint           sequence nr.                  node name     dropped samples
latency

Statistics:
  latency:                  143.028ms [min=104.935ms, max=161.825ms, average=135.387ms, deviation=17.0133ms]
----------------------------------------------------------

----------------------------------------------------------
sample path: (VehicleDBWSystem) 
  order timepoint           sequence nr.                  node name     dropped samples
bp period
latency

Statistics:
  latency:                  552.546ms [min=485.98ms, max=733.136ms, average=608.019ms, deviation=79.1618ms]
  behavior planner period:  114.432ms [min=100.145ms, max=209.696ms, average=155.79ms, deviation=27.9147ms]
----------------------------------------------------------

----------------------------------------------------------
sample path: (IntersectionOutput) 
  order timepoint           sequence nr.                  node name     dropped samples
latency

Statistics:
  latency:                  152.413ms [min=104.935ms, max=161.825ms, average=136.069ms, deviation=16.9996ms]
----------------------------------------------------------

----------------------------------------------------------
sample path: (IntersectionOutput) 
  order timepoint           sequence nr.                  node name     dropped samples
latency

Statistics:
  latency:                  123.865ms [min=104.935ms, max=161.825ms, average=135.599ms, deviation=16.8272ms]
----------------------------------------------------------

----------------------------------------------------------
sample path: (VehicleDBWSystem) 
  order timepoint           sequence nr.                  node name     dropped samples
bp period
latency

Statistics:
  latency:                  743.259ms [min=485.98ms, max=743.259ms, average=614.459ms, deviation=82.6087ms]
hotpath
  hot path:                 FrontLidarDriver/RearLidarDriver -> ObjectCollisionEstimator
  hot path latency:         228.85ms [min=190.738ms, max=324.677ms, average=270.779ms, deviation=34.638ms]
  hot path drops:           1 [min=0, max=1, average=0.111111, deviation=0.323381]
  behavior planner period:  152.467ms [min=100.145ms, max=209.696ms, average=155.624ms, deviation=27.1803ms]
----------------------------------------------------------

----------------------------------------------------------
sample path: (IntersectionOutput) 
  order timepoint           sequence nr.                  node name     dropped samples
latency

Statistics:
  latency:                  114.461ms [min=104.935ms, max=161.825ms, average=134.816ms, deviation=16.9945ms]
----------------------------------------------------------

----------------------------------------------------------
sample path: (VehicleDBWSystem) 
  order timepoint           sequence nr.                  node name     dropped samples
bp period
latency

Statistics:
  latency:                  428.991ms [min=428.991ms, max=743.259ms, average=606.029ms, deviation=89.7931ms]
hotpath
  hot path:                 FrontLidarDriver/RearLidarDriver -> ObjectCollisionEstimator
  hot path latency:         200.413ms [min=190.738ms, max=324.677ms, average=267.075ms, deviation=37.3327ms]
  hot path drops:           1 [min=0, max=1, average=0.157895, deviation=0.374634]
  behavior planner period:  190.698ms [min=100.145ms, max=209.696ms, average=157.294ms, deviation=27.5756ms]
----------------------------------------------------------

----------------------------------------------------------
sample path: (IntersectionOutput) 
  order timepoint           sequence nr.                  node name     dropped samples
latency

Statistics:
  latency:                  114.303ms [min=104.935ms, max=161.825ms, average=134.084ms, deviation=17.1215ms]
----------------------------------------------------------

----------------------------------------------------------
sample path: (IntersectionOutput) 
  order timepoint           sequence nr.                  node name     dropped samples
latency

Statistics:
  latency:                  161.704ms [min=104.935ms, max=161.825ms, average=135.036ms, deviation=17.5779ms]
----------------------------------------------------------

----------------------------------------------------------
sample path: (VehicleDBWSystem) 
  order timepoint           sequence nr.                  node name     dropped samples
bp period
latency

Statistics:
  latency:                  524.086ms [min=428.991ms, max=743.259ms, average=602.466ms, deviation=89.377ms]
hotpath
  hot path:                 FrontLidarDriver/RearLidarDriver -> ObjectCollisionEstimator
  hot path latency:         257.455ms [min=190.738ms, max=324.677ms, average=266.594ms, deviation=36.4006ms]
  hot path drops:           0 [min=0, max=1, average=0.15, deviation=0.366348]
  behavior planner period:  162.216ms [min=100.145ms, max=209.696ms, average=157.518ms, deviation=26.9314ms]
----------------------------------------------------------

----------------------------------------------------------
sample path: (IntersectionOutput) 
  order timepoint           sequence nr.                  node name     dropped samples
latency

Statistics:
  latency:                  142.837ms [min=104.935ms, max=161.825ms, average=135.296ms, deviation=17.3308ms]
----------------------------------------------------------

----------------------------------------------------------
sample path: (VehicleDBWSystem) 
  order timepoint           sequence nr.                  node name     dropped samples
bp period
latency

Statistics:
  latency:                  657.551ms [min=428.991ms, max=743.259ms, average=604.762ms, deviation=88.1327ms]
hotpath
  hot path:                 FrontLidarDriver/RearLidarDriver -> ObjectCollisionEstimator
  hot path latency:         257.455ms [min=190.738ms, max=324.677ms, average=266.159ms, deviation=35.5349ms]
  hot path drops:           0 [min=0, max=1, average=0.142857, deviation=0.358569]
  behavior planner period:  161.817ms [min=100.145ms, max=209.696ms, average=157.705ms, deviation=26.3275ms]
----------------------------------------------------------

----------------------------------------------------------
sample path: (IntersectionOutput) 
  order timepoint           sequence nr.                  node name     dropped samples
latency

Statistics:
  latency:                  133.453ms [min=104.935ms, max=161.825ms, average=135.237ms, deviation=17.0427ms]
----------------------------------------------------------

----------------------------------------------------------
sample path: (VehicleDBWSystem) 
  order timepoint           sequence nr.                  node name     dropped samples
bp period
latency

Statistics:
  latency:                  628.763ms [min=428.991ms, max=743.259ms, average=605.722ms, deviation=86.4105ms]
hotpath
  hot path:                 FrontLidarDriver/RearLidarDriver -> ObjectCollisionEstimator
  hot path latency:         285.952ms [min=190.738ms, max=324.677ms, average=267.059ms, deviation=34.9344ms]
  hot path drops:           0 [min=0, max=1, average=0.136364, deviation=0.35125]
  behavior planner period:  142.917ms [min=100.145ms, max=209.696ms, average=157.088ms, deviation=25.9251ms]
----------------------------------------------------------

----------------------------------------------------------
sample path: (IntersectionOutput) 
  order timepoint           sequence nr.                  node name     dropped samples
latency

Statistics:
  latency:                  142.899ms [min=104.935ms, max=161.825ms, average=135.476ms, deviation=16.8202ms]
----------------------------------------------------------

----------------------------------------------------------
sample path: (VehicleDBWSystem) 
  order timepoint           sequence nr.                  node name     dropped samples
bp period
latency

Statistics:
  latency:                  638.291ms [min=428.991ms, max=743.259ms, average=606.974ms, deviation=84.9052ms]
hotpath
  hot path:                 FrontLidarDriver/RearLidarDriver -> ObjectCollisionEstimator
  hot path latency:         228.875ms [min=190.738ms, max=324.677ms, average=265.399ms, deviation=35.0475ms]
  hot path drops:           1 [min=0, max=1, average=0.173913, deviation=0.387553]
  behavior planner period:  142.901ms [min=100.145ms, max=209.696ms, average=156.521ms, deviation=25.5374ms]
----------------------------------------------------------

----------------------------------------------------------
sample path: (IntersectionOutput) 
  order timepoint           sequence nr.                  node name     dropped samples
latency

Statistics:
  latency:                  123.843ms [min=104.935ms, max=161.825ms, average=135.124ms, deviation=16.6787ms]
----------------------------------------------------------

