----------------------------------------------------------
sample path: (VehicleDBWSystem) 
  order timepoint           sequence nr.                  node name     dropped samples
latency

Statistics:
  latency:                  297.509ms [min=297.509ms, max=297.509ms, average=297.509ms, deviation=-nanms]
hotpath
  hot path:                 FrontLidarDriver/RearLidarDriver -> ObjectCollisionEstimator
  hot path latency:         81.5532ms [min=81.5532ms, max=81.5532ms, average=81.5532ms, deviation=-nanms]
  hot path drops:           0 [min=0, max=0, average=0, deviation=-nan]
  behavior planner period:  0ms [min=1.84467e+13ms, max=0ms, average=0ms, deviation=0ms]
----------------------------------------------------------

----------------------------------------------------------
sample path: (IntersectionOutput) 
  order timepoint           sequence nr.                  node name     dropped samples
latency

Statistics:
  latency:                  77.3133ms [min=77.3133ms, max=77.3133ms, average=77.3133ms, deviation=-nanms]
----------------------------------------------------------

----------------------------------------------------------
sample path: (VehicleDBWSystem) 
  order timepoint           sequence nr.                  node name     dropped samples
bp period
latency

Statistics:
  latency:                  365.378ms [min=297.509ms, max=365.378ms, average=331.444ms, deviation=47.9903ms]
  behavior planner period:  100.011ms [min=100.011ms, max=100.011ms, average=100.011ms, deviation=-nanms]
----------------------------------------------------------

----------------------------------------------------------
sample path: (IntersectionOutput) 
  order timepoint           sequence nr.                  node name     dropped samples
latency

Statistics:
  latency:                  99.2555ms [min=77.3133ms, max=99.2555ms, average=88.2844ms, deviation=15.5155ms]
----------------------------------------------------------

----------------------------------------------------------
sample path: (VehicleDBWSystem) 
  order timepoint           sequence nr.                  node name     dropped samples
bp period
latency

Statistics:
  latency:                  426.159ms [min=297.509ms, max=426.159ms, average=363.015ms, deviation=64.3573ms]
hotpath
  hot path:                 FrontLidarDriver/RearLidarDriver -> ObjectCollisionEstimator
  hot path latency:         95.1187ms [min=81.5532ms, max=95.1187ms, average=88.336ms, deviation=9.59229ms]
  hot path drops:           0 [min=0, max=0, average=0, deviation=0]
  behavior planner period:  100.002ms [min=100.002ms, max=100.011ms, average=100.007ms, deviation=0.00622254ms]
----------------------------------------------------------

----------------------------------------------------------
sample path: (IntersectionOutput) 
  order timepoint           sequence nr.                  node name     dropped samples
latency

Statistics:
  latency:                  96.6332ms [min=77.3133ms, max=99.2555ms, average=91.0673ms, deviation=11.9833ms]
----------------------------------------------------------

----------------------------------------------------------
sample path: (VehicleDBWSystem) 
  order timepoint           sequence nr.                  node name     dropped samples
bp period
latency

Statistics:
  latency:                  361.862ms [min=297.509ms, max=426.159ms, average=362.727ms, deviation=52.5507ms]
hotpath
  hot path:                 FrontLidarDriver/RearLidarDriver -> ObjectCollisionEstimator
  hot path latency:         81.775ms [min=81.5532ms, max=95.1187ms, average=86.149ms, deviation=7.76883ms]
  hot path drops:           0 [min=0, max=0, average=0, deviation=0]
  behavior planner period:  100.001ms [min=100.001ms, max=100.011ms, average=100.005ms, deviation=0.00552932ms]
----------------------------------------------------------

----------------------------------------------------------
sample path: (IntersectionOutput) 
  order timepoint           sequence nr.                  node name     dropped samples
latency

Statistics:
  latency:                  90.5518ms [min=77.3133ms, max=99.2555ms, average=90.9385ms, deviation=9.7877ms]
----------------------------------------------------------

----------------------------------------------------------
sample path: (VehicleDBWSystem) 
  order timepoint           sequence nr.                  node name     dropped samples
bp period
latency

Statistics:
  latency:                  380.741ms [min=297.509ms, max=426.159ms, average=366.33ms, deviation=46.2178ms]
  behavior planner period:  100.01ms [min=100.001ms, max=100.011ms, average=100.006ms, deviation=0.00514458ms]
----------------------------------------------------------

----------------------------------------------------------
sample path: (IntersectionOutput) 
  order timepoint           sequence nr.                  node name     dropped samples
latency

Statistics:
  latency:                  97.4105ms [min=77.3133ms, max=99.2555ms, average=92.2329ms, deviation=8.95695ms]
----------------------------------------------------------

----------------------------------------------------------
sample path: (VehicleDBWSystem) 
  order timepoint           sequence nr.                  node name     dropped samples
bp period
latency

Statistics:
  latency:                  385.846ms [min=297.509ms, max=426.159ms, average=369.583ms, deviation=42.0993ms]
hotpath
  hot path:                 FrontLidarDriver/RearLidarDriver -> ObjectCollisionEstimator
  hot path latency:         89.4528ms [min=81.5532ms, max=95.1187ms, average=86.9749ms, deviation=6.5548ms]
  hot path drops:           0 [min=0, max=0, average=0, deviation=0]
  behavior planner period:  99.9978ms [min=99.9978ms, max=100.011ms, average=100.004ms, deviation=0.00577044ms]
----------------------------------------------------------

----------------------------------------------------------
sample path: (IntersectionOutput) 
  order timepoint           sequence nr.                  node name     dropped samples
latency

Statistics:
  latency:                  95.6823ms [min=77.3133ms, max=99.2555ms, average=92.8078ms, deviation=8.13416ms]
----------------------------------------------------------

----------------------------------------------------------
sample path: (VehicleDBWSystem) 
  order timepoint           sequence nr.                  node name     dropped samples
bp period
latency

Statistics:
  latency:                  484.953ms [min=297.509ms, max=484.953ms, average=386.064ms, deviation=58.1243ms]
hotpath
  hot path:                 FrontLidarDriver/RearLidarDriver -> ObjectCollisionEstimator
  hot path latency:         89.8472ms [min=81.5532ms, max=95.1187ms, average=87.5494ms, deviation=5.82014ms]
  hot path drops:           0 [min=0, max=0, average=0, deviation=0]
  behavior planner period:  100.011ms [min=99.9978ms, max=100.011ms, average=100.006ms, deviation=0.0058489ms]
----------------------------------------------------------

----------------------------------------------------------
sample path: (IntersectionOutput) 
  order timepoint           sequence nr.                  node name     dropped samples
latency

Statistics:
  latency:                  116.448ms [min=77.3133ms, max=116.448ms, average=96.1849ms, deviation=11.6178ms]
----------------------------------------------------------

----------------------------------------------------------
sample path: (VehicleDBWSystem) 
  order timepoint           sequence nr.                  node name     dropped samples
bp period
latency

Statistics:
  latency:                  331.874ms [min=297.509ms, max=484.953ms, average=379.29ms, deviation=57.1215ms]
hotpath
  hot path:                 FrontLidarDriver/RearLidarDriver -> ObjectCollisionEstimator
  hot path latency:         113.103ms [min=81.5532ms, max=113.103ms, average=91.8083ms, deviation=11.6589ms]
  hot path drops:           0 [min=0, max=0, average=0, deviation=0]
  behavior planner period:  100.029ms [min=99.9978ms, max=100.029ms, average=100.009ms, deviation=0.0104991ms]
----------------------------------------------------------

----------------------------------------------------------
sample path: (IntersectionOutput) 
  order timepoint           sequence nr.                  node name     dropped samples
latency

Statistics:
  latency:                  102.451ms [min=77.3133ms, max=116.448ms, average=96.9682ms, deviation=10.9818ms]
----------------------------------------------------------

----------------------------------------------------------
sample path: (IntersectionOutput) 
  order timepoint           sequence nr.                  node name     dropped samples
latency

Statistics:
  latency:                  74.4123ms [min=74.4123ms, max=116.448ms, average=94.462ms, deviation=12.73ms]
----------------------------------------------------------

----------------------------------------------------------
sample path: (VehicleDBWSystem) 
  order timepoint           sequence nr.                  node name     dropped samples
bp period
latency

Statistics:
  latency:                  353.132ms [min=297.509ms, max=484.953ms, average=376.384ms, deviation=54.139ms]
hotpath
  hot path:                 FrontLidarDriver/RearLidarDriver -> ObjectCollisionEstimator
  hot path latency:         139.532ms [min=81.5532ms, max=139.532ms, average=98.626ms, deviation=20.9437ms]
  hot path drops:           0 [min=0, max=0, average=0, deviation=0]
  behavior planner period:  99.9429ms [min=99.9429ms, max=100.029ms, average=100.001ms, deviation=0.0252791ms]
----------------------------------------------------------

----------------------------------------------------------
sample path: (IntersectionOutput) 
  order timepoint           sequence nr.                  node name     dropped samples
latency

Statistics:
  latency:                  74.6294ms [min=74.4123ms, max=116.448ms, average=92.4787ms, deviation=13.5418ms]
----------------------------------------------------------

----------------------------------------------------------
sample path: (VehicleDBWSystem) 
  order timepoint           sequence nr.                  node name     dropped samples
bp period
latency

Statistics:
  latency:                  317.121ms [min=297.509ms, max=484.953ms, average=370.458ms, deviation=54.3744ms]
hotpath
  hot path:                 FrontLidarDriver/RearLidarDriver -> ObjectCollisionEstimator
  hot path latency:         47.4233ms [min=47.4233ms, max=139.532ms, average=92.2256ms, deviation=26.5271ms]
  hot path drops:           1 [min=0, max=1, average=0.125, deviation=0.353553]
  behavior planner period:  100.002ms [min=99.9429ms, max=100.029ms, average=100.001ms, deviation=0.0236496ms]
----------------------------------------------------------

----------------------------------------------------------
sample path: (IntersectionOutput) 
  order timepoint           sequence nr.                  node name     dropped samples
latency

Statistics:
  latency:                  83.9474ms [min=74.4123ms, max=116.448ms, average=91.7032ms, deviation=13.1019ms]
----------------------------------------------------------

----------------------------------------------------------
sample path: (VehicleDBWSystem) 
  order timepoint           sequence nr.                  node name     dropped samples
bp period
latency

Statistics:
  latency:                  391.838ms [min=297.509ms, max=484.953ms, average=372.401ms, deviation=51.9853ms]
  behavior planner period:  100.006ms [min=99.9429ms, max=100.029ms, average=100.001ms, deviation=0.0223605ms]
----------------------------------------------------------

----------------------------------------------------------
sample path: (IntersectionOutput) 
  order timepoint           sequence nr.                  node name     dropped samples
latency

Statistics:
  latency:                  76.5882ms [min=74.4123ms, max=116.448ms, average=90.4436ms, deviation=13.2323ms]
----------------------------------------------------------

----------------------------------------------------------
sample path: (VehicleDBWSystem) 
  order timepoint           sequence nr.                  node name     dropped samples
bp period
latency

Statistics:
  latency:                  429.582ms [min=297.509ms, max=484.953ms, average=377.166ms, deviation=52.2423ms]
hotpath
  hot path:                 FrontLidarDriver/RearLidarDriver -> ObjectCollisionEstimator
  hot path latency:         131.562ms [min=47.4233ms, max=139.532ms, average=96.5963ms, deviation=28.0651ms]
  hot path drops:           0 [min=0, max=1, average=0.111111, deviation=0.333333]
  behavior planner period:  100.003ms [min=99.9429ms, max=100.029ms, average=100.002ms, deviation=0.0212215ms]
----------------------------------------------------------

----------------------------------------------------------
sample path: (IntersectionOutput) 
  order timepoint           sequence nr.                  node name     dropped samples
latency

Statistics:
  latency:                  76.0838ms [min=74.4123ms, max=116.448ms, average=89.339ms, deviation=13.2802ms]
----------------------------------------------------------

----------------------------------------------------------
sample path: (VehicleDBWSystem) 
  order timepoint           sequence nr.                  node name     dropped samples
bp period
latency

Statistics:
  latency:                  416.213ms [min=297.509ms, max=484.953ms, average=380.17ms, deviation=51.1771ms]
hotpath
  hot path:                 FrontLidarDriver/RearLidarDriver -> ObjectCollisionEstimator
  hot path latency:         132.3ms [min=47.4233ms, max=139.532ms, average=100.167ms, deviation=28.7682ms]
  hot path drops:           0 [min=0, max=1, average=0.1, deviation=0.316228]
  behavior planner period:  100.005ms [min=99.9429ms, max=100.029ms, average=100.002ms, deviation=0.0202525ms]
----------------------------------------------------------

----------------------------------------------------------
sample path: (IntersectionOutput) 
  order timepoint           sequence nr.                  node name     dropped samples
latency

Statistics:
  latency:                  89.3888ms [min=74.4123ms, max=116.448ms, average=89.3425ms, deviation=12.7592ms]
----------------------------------------------------------

----------------------------------------------------------
sample path: (VehicleDBWSystem) 
  order timepoint           sequence nr.                  node name     dropped samples
bp period
latency

Statistics:
  latency:                  416.268ms [min=297.509ms, max=484.953ms, average=382.748ms, deviation=50.1069ms]
hotpath
  hot path:                 FrontLidarDriver/RearLidarDriver -> ObjectCollisionEstimator
  hot path latency:         115.965ms [min=47.4233ms, max=139.532ms, average=101.603ms, deviation=27.7045ms]
  hot path drops:           0 [min=0, max=1, average=0.0909091, deviation=0.301511]
  behavior planner period:  100.005ms [min=99.9429ms, max=100.029ms, average=100.002ms, deviation=0.0194101ms]
----------------------------------------------------------

----------------------------------------------------------
sample path: (IntersectionOutput) 
  order timepoint           sequence nr.                  node name     dropped samples
latency

Statistics:
  latency:                  102.392ms [min=74.4123ms, max=116.448ms, average=90.2125ms, deviation=12.7484ms]
----------------------------------------------------------

----------------------------------------------------------
sample path: (VehicleDBWSystem) 
  order timepoint           sequence nr.                  node name     dropped samples
bp period
latency

Statistics:
  latency:                  402.654ms [min=297.509ms, max=484.953ms, average=384.075ms, deviation=48.557ms]
hotpath
  hot path:                 FrontLidarDriver/RearLidarDriver -> ObjectCollisionEstimator
  hot path latency:         95.8985ms [min=47.4233ms, max=139.532ms, average=101.128ms, deviation=26.4665ms]
  hot path drops:           0 [min=0, max=1, average=0.0833333, deviation=0.288675]
  behavior planner period:  100.006ms [min=99.9429ms, max=100.029ms, average=100.002ms, deviation=0.0186765ms]
----------------------------------------------------------

----------------------------------------------------------
sample path: (IntersectionOutput) 
  order timepoint           sequence nr.                  node name     dropped samples
latency

Statistics:
  latency:                  102.414ms [min=74.4123ms, max=116.448ms, average=90.9751ms, deviation=12.6882ms]
----------------------------------------------------------

----------------------------------------------------------
sample path: (VehicleDBWSystem) 
  order timepoint           sequence nr.                  node name     dropped samples
bp period
latency

Statistics:
  latency:                  317.065ms [min=297.509ms, max=484.953ms, average=379.887ms, deviation=49.8122ms]
hotpath
  hot path:                 FrontLidarDriver/RearLidarDriver -> ObjectCollisionEstimator
  hot path latency:         116.714ms [min=47.4233ms, max=139.532ms, average=102.326ms, deviation=25.7058ms]
  hot path drops:           0 [min=0, max=1, average=0.0769231, deviation=0.27735]
  behavior planner period:  100.003ms [min=99.9429ms, max=100.029ms, average=100.002ms, deviation=0.0179973ms]
----------------------------------------------------------

----------------------------------------------------------
sample path: (IntersectionOutput) 
  order timepoint           sequence nr.                  node name     dropped samples
latency

Statistics:
  latency:                  82.2556ms [min=74.4123ms, max=116.448ms, average=90.4622ms, deviation=12.466ms]
----------------------------------------------------------

----------------------------------------------------------
sample path: (IntersectionOutput) 
  order timepoint           sequence nr.                  node name     dropped samples
latency

Statistics:
  latency:                  91.4346ms [min=74.4123ms, max=116.448ms, average=90.5162ms, deviation=12.096ms]
----------------------------------------------------------

----------------------------------------------------------
sample path: (VehicleDBWSystem) 
  order timepoint           sequence nr.                  node name     dropped samples
bp period
latency

Statistics:
  latency:                  354.18ms [min=297.509ms, max=484.953ms, average=378.375ms, deviation=48.6318ms]
hotpath
  hot path:                 FrontLidarDriver/RearLidarDriver -> ObjectCollisionEstimator
  hot path latency:         135.487ms [min=47.4233ms, max=139.532ms, average=104.695ms, deviation=26.2393ms]
  hot path drops:           0 [min=0, max=1, average=0.0714286, deviation=0.267261]
  behavior planner period:  99.9989ms [min=99.9429ms, max=100.029ms, average=100.002ms, deviation=0.0174081ms]
----------------------------------------------------------

----------------------------------------------------------
sample path: (IntersectionOutput) 
  order timepoint           sequence nr.                  node name     dropped samples
latency

Statistics:
  latency:                  102.279ms [min=74.4123ms, max=116.448ms, average=91.1353ms, deviation=12.0609ms]
----------------------------------------------------------

----------------------------------------------------------
sample path: (VehicleDBWSystem) 
  order timepoint           sequence nr.                  node name     dropped samples
bp period
latency

Statistics:
  latency:                  409.678ms [min=297.509ms, max=484.953ms, average=380.114ms, deviation=47.7532ms]
hotpath
  hot path:                 FrontLidarDriver/RearLidarDriver -> ObjectCollisionEstimator
  hot path latency:         140.541ms [min=47.4233ms, max=140.541ms, average=107.085ms, deviation=26.9255ms]
  hot path drops:           0 [min=0, max=1, average=0.0666667, deviation=0.258199]
  behavior planner period:  100.004ms [min=99.9429ms, max=100.029ms, average=100.002ms, deviation=0.0168592ms]
----------------------------------------------------------

----------------------------------------------------------
sample path: (IntersectionOutput) 
  order timepoint           sequence nr.                  node name     dropped samples
latency

Statistics:
  latency:                  102.475ms [min=74.4123ms, max=116.448ms, average=91.7023ms, deviation=12.01ms]
----------------------------------------------------------

----------------------------------------------------------
sample path: (VehicleDBWSystem) 
  order timepoint           sequence nr.                  node name     dropped samples
bp period
latency

Statistics:
  latency:                  456.377ms [min=297.509ms, max=484.953ms, average=384.128ms, deviation=49.5962ms]
hotpath
  hot path:                 FrontLidarDriver/RearLidarDriver -> ObjectCollisionEstimator
  hot path latency:         134.332ms [min=47.4233ms, max=140.541ms, average=108.788ms, deviation=26.8896ms]
  hot path drops:           0 [min=0, max=1, average=0.0625, deviation=0.25]
  behavior planner period:  100.001ms [min=99.9429ms, max=100.029ms, average=100.002ms, deviation=0.0163587ms]
----------------------------------------------------------

----------------------------------------------------------
sample path: (IntersectionOutput) 
  order timepoint           sequence nr.                  node name     dropped samples
latency

Statistics:
  latency:                  102.888ms [min=74.4123ms, max=116.448ms, average=92.2349ms, deviation=11.9577ms]
----------------------------------------------------------

----------------------------------------------------------
sample path: (VehicleDBWSystem) 
  order timepoint           sequence nr.                  node name     dropped samples
bp period
latency

Statistics:
  latency:                  390.079ms [min=297.509ms, max=484.953ms, average=384.425ms, deviation=48.2918ms]
hotpath
  hot path:                 FrontLidarDriver/RearLidarDriver -> ObjectCollisionEstimator
  hot path latency:         135.324ms [min=47.4233ms, max=140.541ms, average=110.349ms, deviation=26.8194ms]
  hot path drops:           0 [min=0, max=1, average=0.0588235, deviation=0.242536]
  behavior planner period:  100ms [min=99.9429ms, max=100.029ms, average=100.002ms, deviation=0.0159046ms]
----------------------------------------------------------

----------------------------------------------------------
sample path: (IntersectionOutput) 
  order timepoint           sequence nr.                  node name     dropped samples
latency

Statistics:
  latency:                  111.78ms [min=74.4123ms, max=116.448ms, average=93.1234ms, deviation=12.3912ms]
----------------------------------------------------------

----------------------------------------------------------
sample path: (VehicleDBWSystem) 
  order timepoint           sequence nr.                  node name     dropped samples
bp period
latency

Statistics:
  latency:                  336.234ms [min=297.509ms, max=484.953ms, average=382.131ms, deviation=48.2295ms]
hotpath
  hot path:                 FrontLidarDriver/RearLidarDriver -> ObjectCollisionEstimator
  hot path latency:         93.0676ms [min=47.4233ms, max=140.541ms, average=109.389ms, deviation=26.3356ms]
  hot path drops:           0 [min=0, max=1, average=0.0555556, deviation=0.235702]
  behavior planner period:  99.9992ms [min=99.9429ms, max=100.029ms, average=100.002ms, deviation=0.0154932ms]
----------------------------------------------------------

----------------------------------------------------------
sample path: (IntersectionOutput) 
  order timepoint           sequence nr.                  node name     dropped samples
latency

Statistics:
  latency:                  83.9886ms [min=74.4123ms, max=116.448ms, average=92.7262ms, deviation=12.2553ms]
----------------------------------------------------------

----------------------------------------------------------
sample path: (IntersectionOutput) 
  order timepoint           sequence nr.                  node name     dropped samples
latency

Statistics:
  latency:                  102.438ms [min=74.4123ms, max=116.448ms, average=93.1309ms, deviation=12.1487ms]
----------------------------------------------------------

----------------------------------------------------------
sample path: (VehicleDBWSystem) 
  order timepoint           sequence nr.                  node name     dropped samples
bp period
latency

Statistics:
  latency:                  438.805ms [min=297.509ms, max=484.953ms, average=384.707ms, deviation=48.5933ms]
hotpath
  hot path:                 FrontLidarDriver/RearLidarDriver -> ObjectCollisionEstimator
  hot path latency:         113.534ms [min=47.4233ms, max=140.541ms, average=109.607ms, deviation=25.6112ms]
  hot path drops:           0 [min=0, max=1, average=0.0526316, deviation=0.229416]
  behavior planner period:  100.001ms [min=99.9429ms, max=100.029ms, average=100.002ms, deviation=0.0151019ms]
----------------------------------------------------------

----------------------------------------------------------
sample path: (IntersectionOutput) 
  order timepoint           sequence nr.                  node name     dropped samples
latency

Statistics:
  latency:                  83.7729ms [min=74.4123ms, max=116.448ms, average=92.7565ms, deviation=12.0393ms]
----------------------------------------------------------

----------------------------------------------------------
sample path: (VehicleDBWSystem) 
  order timepoint           sequence nr.                  node name     dropped samples
bp period
latency

Statistics:
  latency:                  438.395ms [min=297.509ms, max=484.953ms, average=387.041ms, deviation=48.7781ms]
hotpath
  hot path:                 FrontLidarDriver/RearLidarDriver -> ObjectCollisionEstimator
  hot path latency:         111.297ms [min=47.4233ms, max=140.541ms, average=109.691ms, deviation=24.931ms]
  hot path drops:           0 [min=0, max=1, average=0.05, deviation=0.223607]
  behavior planner period:  100.005ms [min=99.9429ms, max=100.029ms, average=100.002ms, deviation=0.0147553ms]
----------------------------------------------------------

----------------------------------------------------------
sample path: (IntersectionOutput) 
  order timepoint           sequence nr.                  node name     dropped samples
latency

Statistics:
  latency:                  111.875ms [min=74.4123ms, max=116.448ms, average=93.4919ms, deviation=12.3776ms]
----------------------------------------------------------

----------------------------------------------------------
sample path: (VehicleDBWSystem) 
  order timepoint           sequence nr.                  node name     dropped samples
bp period
latency

Statistics:
  latency:                  275.226ms [min=275.226ms, max=484.953ms, average=382.382ms, deviation=52.8848ms]
hotpath
  hot path:                 FrontLidarDriver/RearLidarDriver -> ObjectCollisionEstimator
  hot path latency:         57.6313ms [min=47.4233ms, max=140.541ms, average=107.212ms, deviation=26.8242ms]
  hot path drops:           1 [min=0, max=1, average=0.0952381, deviation=0.300793]
  behavior planner period:  99.9982ms [min=99.9429ms, max=100.029ms, average=100.002ms, deviation=0.0144377ms]
----------------------------------------------------------

----------------------------------------------------------
sample path: (IntersectionOutput) 
  order timepoint           sequence nr.                  node name     dropped samples
latency

Statistics:
  latency:                  102.373ms [min=74.4123ms, max=116.448ms, average=93.8208ms, deviation=12.257ms]
----------------------------------------------------------

----------------------------------------------------------
sample path: (VehicleDBWSystem) 
  order timepoint           sequence nr.                  node name     dropped samples
bp period
latency

Statistics:
  latency:                  361.3ms [min=275.226ms, max=484.953ms, average=381.539ms, deviation=51.9427ms]
hotpath
  hot path:                 FrontLidarDriver/RearLidarDriver -> ObjectCollisionEstimator
  hot path latency:         114.69ms [min=47.4233ms, max=140.541ms, average=107.552ms, deviation=26.2262ms]
  hot path drops:           0 [min=0, max=1, average=0.0909091, deviation=0.294245]
  behavior planner period:  100.001ms [min=99.9429ms, max=100.029ms, average=100.002ms, deviation=0.0141219ms]
----------------------------------------------------------

----------------------------------------------------------
sample path: (IntersectionOutput) 
  order timepoint           sequence nr.                  node name     dropped samples
latency

Statistics:
  latency:                  102.247ms [min=74.4123ms, max=116.448ms, average=94.1217ms, deviation=12.1328ms]
----------------------------------------------------------

----------------------------------------------------------
sample path: (VehicleDBWSystem) 
  order timepoint           sequence nr.                  node name     dropped samples
bp period
latency

Statistics:
  latency:                  354.433ms [min=275.226ms, max=484.953ms, average=380.496ms, deviation=51.1701ms]
hotpath
  hot path:                 FrontLidarDriver/RearLidarDriver -> ObjectCollisionEstimator
  hot path latency:         116.772ms [min=47.4233ms, max=140.541ms, average=107.953ms, deviation=25.6953ms]
  hot path drops:           0 [min=0, max=1, average=0.0869565, deviation=0.288104]
  behavior planner period:  99.9997ms [min=99.9429ms, max=100.029ms, average=100.002ms, deviation=0.0138309ms]
----------------------------------------------------------

----------------------------------------------------------
sample path: (IntersectionOutput) 
  order timepoint           sequence nr.                  node name     dropped samples
latency

Statistics:
  latency:                  102.323ms [min=74.4123ms, max=116.448ms, average=94.4045ms, deviation=12.0111ms]
----------------------------------------------------------

----------------------------------------------------------
sample path: (VehicleDBWSystem) 
  order timepoint           sequence nr.                  node name     dropped samples
bp period
latency

Statistics:
  latency:                  356.928ms [min=275.226ms, max=484.953ms, average=379.623ms, deviation=50.381ms]
hotpath
  hot path:                 FrontLidarDriver/RearLidarDriver -> ObjectCollisionEstimator
  hot path latency:         116.273ms [min=47.4233ms, max=140.541ms, average=108.3ms, deviation=25.1878ms]
  hot path drops:           0 [min=0, max=1, average=0.0833333, deviation=0.28233]
  behavior planner period:  100.001ms [min=99.9429ms, max=100.029ms, average=100.002ms, deviation=0.0135526ms]
----------------------------------------------------------

----------------------------------------------------------
sample path: (IntersectionOutput) 
  order timepoint           sequence nr.                  node name     dropped samples
latency

Statistics:
  latency:                  102.388ms [min=74.4123ms, max=116.448ms, average=94.6706ms, deviation=11.8919ms]
----------------------------------------------------------

----------------------------------------------------------
sample path: (VehicleDBWSystem) 
  order timepoint           sequence nr.                  node name     dropped samples
bp period
latency

Statistics:
  latency:                  391.177ms [min=275.226ms, max=484.953ms, average=380.036ms, deviation=49.4874ms]
hotpath
  hot path:                 FrontLidarDriver/RearLidarDriver -> ObjectCollisionEstimator
  hot path latency:         114.676ms [min=47.4233ms, max=140.541ms, average=108.555ms, deviation=24.6904ms]
  hot path drops:           0 [min=0, max=1, average=0.08, deviation=0.276887]
  behavior planner period:  100.001ms [min=99.9429ms, max=100.029ms, average=100.002ms, deviation=0.013291ms]
----------------------------------------------------------

----------------------------------------------------------
sample path: (IntersectionOutput) 
  order timepoint           sequence nr.                  node name     dropped samples
latency

Statistics:
  latency:                  102.675ms [min=74.4123ms, max=116.448ms, average=94.9289ms, deviation=11.7801ms]
----------------------------------------------------------

----------------------------------------------------------
sample path: (VehicleDBWSystem) 
  order timepoint           sequence nr.                  node name     dropped samples
bp period
latency

Statistics:
  latency:                  362.088ms [min=275.226ms, max=484.953ms, average=379.417ms, deviation=48.7098ms]
hotpath
  hot path:                 FrontLidarDriver/RearLidarDriver -> ObjectCollisionEstimator
  hot path latency:         116.512ms [min=47.4233ms, max=140.541ms, average=108.861ms, deviation=24.2419ms]
  hot path drops:           0 [min=0, max=1, average=0.0769231, deviation=0.271746]
  behavior planner period:  100ms [min=99.9429ms, max=100.029ms, average=100.002ms, deviation=0.0130443ms]
----------------------------------------------------------

----------------------------------------------------------
sample path: (IntersectionOutput) 
  order timepoint           sequence nr.                  node name     dropped samples
latency

Statistics:
  latency:                  102.313ms [min=74.4123ms, max=116.448ms, average=95.1596ms, deviation=11.6618ms]
----------------------------------------------------------

----------------------------------------------------------
sample path: (VehicleDBWSystem) 
  order timepoint           sequence nr.                  node name     dropped samples
bp period
latency

Statistics:
  latency:                  364.471ms [min=275.226ms, max=484.953ms, average=378.919ms, deviation=47.9404ms]
hotpath
  hot path:                 FrontLidarDriver/RearLidarDriver -> ObjectCollisionEstimator
  hot path latency:         138.195ms [min=47.4233ms, max=140.541ms, average=109.947ms, deviation=24.4323ms]
  hot path drops:           0 [min=0, max=1, average=0.0740741, deviation=0.26688]
  behavior planner period:  100.001ms [min=99.9429ms, max=100.029ms, average=100.002ms, deviation=0.0128101ms]
----------------------------------------------------------

----------------------------------------------------------
sample path: (IntersectionOutput) 
  order timepoint           sequence nr.                  node name     dropped samples
latency

Statistics:
  latency:                  93.0288ms [min=74.4123ms, max=116.448ms, average=95.0951ms, deviation=11.4841ms]
----------------------------------------------------------

----------------------------------------------------------
sample path: (VehicleDBWSystem) 
  order timepoint           sequence nr.                  node name     dropped samples
bp period
latency

Statistics:
  latency:                  447.409ms [min=275.226ms, max=484.953ms, average=381.128ms, deviation=48.7133ms]
hotpath
  hot path:                 FrontLidarDriver/RearLidarDriver -> ObjectCollisionEstimator
  hot path latency:         77.8035ms [min=47.4233ms, max=140.541ms, average=108.799ms, deviation=24.7331ms]
  hot path drops:           0 [min=0, max=1, average=0.0714286, deviation=0.262265]
  behavior planner period:  100ms [min=99.9429ms, max=100.029ms, average=100.002ms, deviation=0.0125891ms]
----------------------------------------------------------

----------------------------------------------------------
sample path: (IntersectionOutput) 
  order timepoint           sequence nr.                  node name     dropped samples
latency

Statistics:
  latency:                  102.424ms [min=74.4123ms, max=116.448ms, average=95.3106ms, deviation=11.3784ms]
----------------------------------------------------------

----------------------------------------------------------
sample path: (VehicleDBWSystem) 
  order timepoint           sequence nr.                  node name     dropped samples
bp period
latency

Statistics:
  latency:                  456.592ms [min=275.226ms, max=484.953ms, average=383.486ms, deviation=49.7434ms]
hotpath
  hot path:                 FrontLidarDriver/RearLidarDriver -> ObjectCollisionEstimator
  hot path latency:         80.2593ms [min=47.4233ms, max=140.541ms, average=107.815ms, deviation=24.859ms]
  hot path drops:           0 [min=0, max=1, average=0.0689655, deviation=0.257881]
  behavior planner period:  100.002ms [min=99.9429ms, max=100.029ms, average=100.002ms, deviation=0.0123775ms]
----------------------------------------------------------

----------------------------------------------------------
sample path: (IntersectionOutput) 
  order timepoint           sequence nr.                  node name     dropped samples
latency

Statistics:
  latency:                  111.814ms [min=74.4123ms, max=116.448ms, average=95.7821ms, deviation=11.5517ms]
----------------------------------------------------------

----------------------------------------------------------
sample path: (VehicleDBWSystem) 
  order timepoint           sequence nr.                  node name     dropped samples
bp period
latency

Statistics:
  latency:                  354.198ms [min=275.226ms, max=484.953ms, average=382.599ms, deviation=49.2247ms]
  behavior planner period:  100.005ms [min=99.9429ms, max=100.029ms, average=100.002ms, deviation=0.0121884ms]
----------------------------------------------------------

----------------------------------------------------------
sample path: (IntersectionOutput) 
  order timepoint           sequence nr.                  node name     dropped samples
latency

Statistics:
  latency:                  103.895ms [min=74.4123ms, max=116.448ms, average=96.0075ms, deviation=11.4655ms]
----------------------------------------------------------

----------------------------------------------------------
sample path: (VehicleDBWSystem) 
  order timepoint           sequence nr.                  node name     dropped samples
bp period
latency

Statistics:
  latency:                  298.125ms [min=275.226ms, max=484.953ms, average=380.114ms, deviation=50.5917ms]
hotpath
  hot path:                 FrontLidarDriver/RearLidarDriver -> ObjectCollisionEstimator
  hot path latency:         113.563ms [min=47.4233ms, max=140.541ms, average=108.007ms, deviation=24.4491ms]
  hot path drops:           0 [min=0, max=1, average=0.0666667, deviation=0.253708]
  behavior planner period:  99.9988ms [min=99.9429ms, max=100.029ms, average=100.002ms, deviation=0.0120061ms]
----------------------------------------------------------

----------------------------------------------------------
sample path: (IntersectionOutput) 
  order timepoint           sequence nr.                  node name     dropped samples
latency

Statistics:
  latency:                  74.3783ms [min=74.3783ms, max=116.448ms, average=95.4229ms, deviation=11.8512ms]
----------------------------------------------------------

----------------------------------------------------------
sample path: (IntersectionOutput) 
  order timepoint           sequence nr.                  node name     dropped samples
latency

Statistics:
  latency:                  75.9078ms [min=74.3783ms, max=116.448ms, average=94.9094ms, deviation=12.111ms]
----------------------------------------------------------

----------------------------------------------------------
sample path: (VehicleDBWSystem) 
  order timepoint           sequence nr.                  node name     dropped samples
bp period
latency

Statistics:
  latency:                  379.56ms [min=275.226ms, max=484.953ms, average=380.099ms, deviation=49.8423ms]
hotpath
  hot path:                 FrontLidarDriver/RearLidarDriver -> ObjectCollisionEstimator
  hot path latency:         134.988ms [min=47.4233ms, max=140.541ms, average=108.877ms, deviation=24.5218ms]
  hot path drops:           0 [min=0, max=1, average=0.0645161, deviation=0.249731]
  behavior planner period:  100ms [min=99.9429ms, max=100.029ms, average=100.001ms, deviation=0.0118254ms]
----------------------------------------------------------

----------------------------------------------------------
sample path: (IntersectionOutput) 
  order timepoint           sequence nr.                  node name     dropped samples
latency

Statistics:
  latency:                  76.0812ms [min=74.3783ms, max=116.448ms, average=94.4266ms, deviation=12.325ms]
----------------------------------------------------------

----------------------------------------------------------
sample path: (VehicleDBWSystem) 
  order timepoint           sequence nr.                  node name     dropped samples
bp period
latency

Statistics:
  latency:                  391.37ms [min=275.226ms, max=484.953ms, average=380.412ms, deviation=49.161ms]
hotpath
  hot path:                 FrontLidarDriver/RearLidarDriver -> ObjectCollisionEstimator
  hot path latency:         135.126ms [min=47.4233ms, max=140.541ms, average=109.697ms, deviation=24.5652ms]
  hot path drops:           0 [min=0, max=1, average=0.0625, deviation=0.245935]
  behavior planner period:  100.001ms [min=99.9429ms, max=100.029ms, average=100.001ms, deviation=0.0116502ms]
----------------------------------------------------------

----------------------------------------------------------
sample path: (IntersectionOutput) 
  order timepoint           sequence nr.                  node name     dropped samples
latency

Statistics:
  latency:                  102.507ms [min=74.3783ms, max=116.448ms, average=94.6286ms, deviation=12.2329ms]
----------------------------------------------------------

----------------------------------------------------------
sample path: (VehicleDBWSystem) 
  order timepoint           sequence nr.                  node name     dropped samples
bp period
latency

Statistics:
  latency:                  475.003ms [min=275.226ms, max=484.953ms, average=382.968ms, deviation=50.9067ms]
hotpath
  hot path:                 FrontLidarDriver/RearLidarDriver -> ObjectCollisionEstimator
  hot path latency:         110.39ms [min=47.4233ms, max=140.541ms, average=109.718ms, deviation=24.1787ms]
  hot path drops:           0 [min=0, max=1, average=0.0606061, deviation=0.242306]
  behavior planner period:  100.002ms [min=99.9429ms, max=100.029ms, average=100.001ms, deviation=0.0114826ms]
----------------------------------------------------------

----------------------------------------------------------
sample path: (IntersectionOutput) 
  order timepoint           sequence nr.                  node name     dropped samples
latency

Statistics:
  latency:                  85.337ms [min=74.3783ms, max=116.448ms, average=94.402ms, deviation=12.1659ms]
----------------------------------------------------------

----------------------------------------------------------
sample path: (VehicleDBWSystem) 
  order timepoint           sequence nr.                  node name     dropped samples
bp period
latency

Statistics:
  latency:                  377.641ms [min=275.226ms, max=484.953ms, average=382.828ms, deviation=50.2215ms]
hotpath
  hot path:                 FrontLidarDriver/RearLidarDriver -> ObjectCollisionEstimator
  hot path latency:         95.2794ms [min=47.4233ms, max=140.541ms, average=109.294ms, deviation=23.9379ms]
  hot path drops:           0 [min=0, max=1, average=0.0588235, deviation=0.238833]
  behavior planner period:  99.9989ms [min=99.9429ms, max=100.029ms, average=100.001ms, deviation=0.0113301ms]
----------------------------------------------------------

----------------------------------------------------------
sample path: (IntersectionOutput) 
  order timepoint           sequence nr.                  node name     dropped samples
latency

Statistics:
  latency:                  74.3913ms [min=74.3783ms, max=116.448ms, average=93.9256ms, deviation=12.407ms]
----------------------------------------------------------

----------------------------------------------------------
sample path: (VehicleDBWSystem) 
  order timepoint           sequence nr.                  node name     dropped samples
bp period
latency

Statistics:
  latency:                  428.653ms [min=275.226ms, max=484.953ms, average=384.003ms, deviation=50.0966ms]
hotpath
  hot path:                 FrontLidarDriver/RearLidarDriver -> ObjectCollisionEstimator
  hot path latency:         114.912ms [min=47.4233ms, max=140.541ms, average=109.454ms, deviation=23.6024ms]
  hot path drops:           0 [min=0, max=1, average=0.0571429, deviation=0.235504]
  behavior planner period:  100.002ms [min=99.9429ms, max=100.029ms, average=100.001ms, deviation=0.011176ms]
----------------------------------------------------------

----------------------------------------------------------
sample path: (IntersectionOutput) 
  order timepoint           sequence nr.                  node name     dropped samples
latency

Statistics:
  latency:                  102.404ms [min=74.3783ms, max=116.448ms, average=94.1227ms, deviation=12.3264ms]
----------------------------------------------------------

