----------------------------------------------------------
sample path: (VehicleDBWSystem) 
  order timepoint           sequence nr.                  node name     dropped samples
latency

Statistics:
  latency:                  767.727ms [min=767.727ms, max=767.727ms, average=767.727ms, deviation=-nanms]
hotpath
  hot path:                 FrontLidarDriver/RearLidarDriver -> ObjectCollisionEstimator
  hot path latency:         310.288ms [min=310.288ms, max=310.288ms, average=310.288ms, deviation=-nanms]
  hot path drops:           0 [min=0, max=0, average=0, deviation=-nan]
  behavior planner period:  0ms [min=1.84467e+13ms, max=0ms, average=0ms, deviation=0ms]
----------------------------------------------------------

----------------------------------------------------------
sample path: (IntersectionOutput) 
  order timepoint           sequence nr.                  node name     dropped samples
latency

Statistics:
  latency:                  167.55ms [min=167.55ms, max=167.55ms, average=167.55ms, deviation=-nanms]
----------------------------------------------------------

----------------------------------------------------------
sample path: (VehicleDBWSystem) 
  order timepoint           sequence nr.                  node name     dropped samples
bp period
latency

Statistics:
  latency:                  793.287ms [min=767.727ms, max=793.287ms, average=780.507ms, deviation=18.0741ms]
hotpath
  hot path:                 FrontLidarDriver/RearLidarDriver -> ObjectCollisionEstimator
  hot path latency:         361.715ms [min=310.288ms, max=361.715ms, average=336.002ms, deviation=36.3645ms]
  hot path drops:           0 [min=0, max=0, average=0, deviation=0]
  behavior planner period:  156.324ms [min=156.324ms, max=156.324ms, average=156.324ms, deviation=-nanms]
----------------------------------------------------------

----------------------------------------------------------
sample path: (IntersectionOutput) 
  order timepoint           sequence nr.                  node name     dropped samples
latency

Statistics:
  latency:                  145.175ms [min=145.175ms, max=167.55ms, average=156.362ms, deviation=15.8218ms]
----------------------------------------------------------

----------------------------------------------------------
sample path: (IntersectionOutput) 
  order timepoint           sequence nr.                  node name     dropped samples
latency

Statistics:
  latency:                  156.718ms [min=145.175ms, max=167.55ms, average=156.481ms, deviation=11.1896ms]
----------------------------------------------------------

----------------------------------------------------------
sample path: (VehicleDBWSystem) 
  order timepoint           sequence nr.                  node name     dropped samples
bp period
latency

Statistics:
  latency:                  883.031ms [min=767.727ms, max=883.031ms, average=814.682ms, deviation=60.5561ms]
hotpath
  hot path:                 FrontLidarDriver/RearLidarDriver -> ObjectCollisionEstimator
  hot path latency:         335.317ms [min=310.288ms, max=361.715ms, average=335.773ms, deviation=25.7166ms]
  hot path drops:           0 [min=0, max=0, average=0, deviation=0]
  behavior planner period:  223.885ms [min=156.324ms, max=223.885ms, average=190.105ms, deviation=47.7724ms]
----------------------------------------------------------

----------------------------------------------------------
sample path: (IntersectionOutput) 
  order timepoint           sequence nr.                  node name     dropped samples
latency

Statistics:
  latency:                  200.763ms [min=145.175ms, max=200.763ms, average=167.551ms, deviation=23.9518ms]
----------------------------------------------------------

----------------------------------------------------------
sample path: (VehicleDBWSystem) 
  order timepoint           sequence nr.                  node name     dropped samples
bp period
latency

Statistics:
  latency:                  603.614ms [min=603.614ms, max=883.031ms, average=761.915ms, deviation=116.542ms]
hotpath
  hot path:                 FrontLidarDriver/RearLidarDriver -> ObjectCollisionEstimator
  hot path latency:         190.259ms [min=190.259ms, max=361.715ms, average=299.395ms, deviation=75.7262ms]
  hot path drops:           0 [min=0, max=0, average=0, deviation=0]
  behavior planner period:  128.697ms [min=128.697ms, max=223.885ms, average=169.635ms, deviation=48.97ms]
----------------------------------------------------------

----------------------------------------------------------
sample path: (IntersectionOutput) 
  order timepoint           sequence nr.                  node name     dropped samples
latency

Statistics:
  latency:                  200.999ms [min=145.175ms, max=200.999ms, average=174.241ms, deviation=25.5736ms]
----------------------------------------------------------

----------------------------------------------------------
sample path: (IntersectionOutput) 
  order timepoint           sequence nr.                  node name     dropped samples
latency

Statistics:
  latency:                  212.124ms [min=145.175ms, max=212.124ms, average=180.555ms, deviation=27.6116ms]
----------------------------------------------------------

----------------------------------------------------------
sample path: (VehicleDBWSystem) 
  order timepoint           sequence nr.                  node name     dropped samples
bp period
latency

Statistics:
  latency:                  804.689ms [min=603.614ms, max=883.031ms, average=770.47ms, deviation=102.725ms]
hotpath
  hot path:                 FrontLidarDriver/RearLidarDriver -> ObjectCollisionEstimator
  hot path latency:         325.006ms [min=190.259ms, max=361.715ms, average=304.517ms, deviation=66.5735ms]
  hot path drops:           0 [min=0, max=0, average=0, deviation=0]
  behavior planner period:  100.554ms [min=100.554ms, max=223.885ms, average=152.365ms, deviation=52.8372ms]
----------------------------------------------------------

----------------------------------------------------------
sample path: (IntersectionOutput) 
  order timepoint           sequence nr.                  node name     dropped samples
latency

Statistics:
  latency:                  200.95ms [min=145.175ms, max=212.124ms, average=183.468ms, deviation=26.3582ms]
----------------------------------------------------------

----------------------------------------------------------
sample path: (IntersectionOutput) 
  order timepoint           sequence nr.                  node name     dropped samples
latency

Statistics:
  latency:                  189.629ms [min=145.175ms, max=212.124ms, average=184.238ms, deviation=24.4999ms]
----------------------------------------------------------

----------------------------------------------------------
sample path: (VehicleDBWSystem) 
  order timepoint           sequence nr.                  node name     dropped samples
bp period
latency

Statistics:
  latency:                  726.223ms [min=603.614ms, max=883.031ms, average=763.095ms, deviation=93.6391ms]
  behavior planner period:  111.555ms [min=100.554ms, max=223.885ms, average=144.203ms, deviation=49.2638ms]
----------------------------------------------------------

----------------------------------------------------------
sample path: (IntersectionOutput) 
  order timepoint           sequence nr.                  node name     dropped samples
latency

Statistics:
  latency:                  156.012ms [min=145.175ms, max=212.124ms, average=181.102ms, deviation=24.7738ms]
----------------------------------------------------------

----------------------------------------------------------
sample path: (VehicleDBWSystem) 
  order timepoint           sequence nr.                  node name     dropped samples
bp period
latency

Statistics:
  latency:                  847.263ms [min=603.614ms, max=883.031ms, average=775.119ms, deviation=91.2081ms]
hotpath
  hot path:                 FrontLidarDriver/RearLidarDriver -> ObjectCollisionEstimator
  hot path latency:         446.927ms [min=190.259ms, max=446.927ms, average=328.252ms, deviation=83.2211ms]
  hot path drops:           0 [min=0, max=0, average=0, deviation=0]
  behavior planner period:  245.899ms [min=100.554ms, max=245.899ms, average=161.152ms, deviation=60.541ms]
----------------------------------------------------------

----------------------------------------------------------
sample path: (IntersectionOutput) 
  order timepoint           sequence nr.                  node name     dropped samples
latency

Statistics:
  latency:                  188.796ms [min=145.175ms, max=212.124ms, average=181.872ms, deviation=23.4834ms]
----------------------------------------------------------

----------------------------------------------------------
sample path: (VehicleDBWSystem) 
  order timepoint           sequence nr.                  node name     dropped samples
bp period
latency

Statistics:
  latency:                  835.044ms [min=603.614ms, max=883.031ms, average=782.61ms, deviation=87.0596ms]
hotpath
  hot path:                 FrontLidarDriver/RearLidarDriver -> ObjectCollisionEstimator
  hot path latency:         413.318ms [min=190.259ms, max=446.927ms, average=340.404ms, deviation=82.4936ms]
  hot path drops:           0 [min=0, max=0, average=0, deviation=0]
  behavior planner period:  188.743ms [min=100.554ms, max=245.899ms, average=165.094ms, deviation=56.2414ms]
----------------------------------------------------------

----------------------------------------------------------
sample path: (IntersectionOutput) 
  order timepoint           sequence nr.                  node name     dropped samples
latency

Statistics:
  latency:                  188.79ms [min=145.175ms, max=212.124ms, average=182.5ms, deviation=22.3758ms]
----------------------------------------------------------

----------------------------------------------------------
sample path: (VehicleDBWSystem) 
  order timepoint           sequence nr.                  node name     dropped samples
bp period
latency

Statistics:
  latency:                  823.362ms [min=603.614ms, max=883.031ms, average=787.138ms, deviation=82.562ms]
hotpath
  hot path:                 FrontLidarDriver/RearLidarDriver -> ObjectCollisionEstimator
  hot path latency:         400.874ms [min=190.259ms, max=446.927ms, average=347.963ms, deviation=79.3102ms]
  hot path drops:           0 [min=0, max=0, average=0, deviation=0]
  behavior planner period:  188.707ms [min=100.554ms, max=245.899ms, average=168.046ms, deviation=52.7345ms]
----------------------------------------------------------

----------------------------------------------------------
sample path: (IntersectionOutput) 
  order timepoint           sequence nr.                  node name     dropped samples
latency

Statistics:
  latency:                  189.302ms [min=145.175ms, max=212.124ms, average=183.067ms, deviation=21.4246ms]
----------------------------------------------------------

----------------------------------------------------------
sample path: (VehicleDBWSystem) 
  order timepoint           sequence nr.                  node name     dropped samples
bp period
latency

Statistics:
  latency:                  854.979ms [min=603.614ms, max=883.031ms, average=793.922ms, deviation=80.7424ms]
hotpath
  hot path:                 FrontLidarDriver/RearLidarDriver -> ObjectCollisionEstimator
  hot path latency:         433.317ms [min=190.259ms, max=446.927ms, average=357.447ms, deviation=79.4563ms]
  hot path drops:           0 [min=0, max=0, average=0, deviation=0]
  behavior planner period:  189.225ms [min=100.554ms, max=245.899ms, average=170.399ms, deviation=49.8312ms]
----------------------------------------------------------

----------------------------------------------------------
sample path: (IntersectionOutput) 
  order timepoint           sequence nr.                  node name     dropped samples
latency

Statistics:
  latency:                  187.98ms [min=145.175ms, max=212.124ms, average=183.445ms, deviation=20.5577ms]
----------------------------------------------------------

----------------------------------------------------------
sample path: (VehicleDBWSystem) 
  order timepoint           sequence nr.                  node name     dropped samples
bp period
latency

Statistics:
  latency:                  855.595ms [min=603.614ms, max=883.031ms, average=799.529ms, deviation=78.8237ms]
hotpath
  hot path:                 FrontLidarDriver/RearLidarDriver -> ObjectCollisionEstimator
  hot path latency:         433.748ms [min=190.259ms, max=446.927ms, average=365.077ms, deviation=78.7021ms]
  hot path drops:           0 [min=0, max=0, average=0, deviation=0]
  behavior planner period:  188.87ms [min=100.554ms, max=245.899ms, average=172.246ms, deviation=47.343ms]
----------------------------------------------------------

----------------------------------------------------------
sample path: (IntersectionOutput) 
  order timepoint           sequence nr.                  node name     dropped samples
latency

Statistics:
  latency:                  189.265ms [min=145.175ms, max=212.124ms, average=183.861ms, deviation=19.8123ms]
----------------------------------------------------------

----------------------------------------------------------
sample path: (VehicleDBWSystem) 
  order timepoint           sequence nr.                  node name     dropped samples
bp period
latency

Statistics:
  latency:                  811.736ms [min=603.614ms, max=883.031ms, average=800.546ms, deviation=75.238ms]
hotpath
  hot path:                 FrontLidarDriver/RearLidarDriver -> ObjectCollisionEstimator
  hot path latency:         244.641ms [min=190.259ms, max=446.927ms, average=354.128ms, deviation=83.0256ms]
  hot path drops:           0 [min=0, max=0, average=0, deviation=0]
  behavior planner period:  144.518ms [min=100.554ms, max=245.899ms, average=169.725ms, deviation=45.685ms]
----------------------------------------------------------

----------------------------------------------------------
sample path: (IntersectionOutput) 
  order timepoint           sequence nr.                  node name     dropped samples
latency

Statistics:
  latency:                  245.037ms [min=145.175ms, max=245.037ms, average=187.939ms, deviation=24.7789ms]
----------------------------------------------------------

----------------------------------------------------------
sample path: (IntersectionOutput) 
  order timepoint           sequence nr.                  node name     dropped samples
latency

Statistics:
  latency:                  200.944ms [min=145.175ms, max=245.037ms, average=188.752ms, deviation=24.1585ms]
----------------------------------------------------------

----------------------------------------------------------
sample path: (VehicleDBWSystem) 
  order timepoint           sequence nr.                  node name     dropped samples
bp period
latency

Statistics:
  latency:                  912.625ms [min=603.614ms, max=912.625ms, average=809.167ms, deviation=78.4559ms]
hotpath
  hot path:                 FrontLidarDriver/RearLidarDriver -> ObjectCollisionEstimator
  hot path latency:         433.326ms [min=190.259ms, max=446.927ms, average=360.728ms, deviation=82.3971ms]
  hot path drops:           0 [min=0, max=0, average=0, deviation=0]
  behavior planner period:  122.295ms [min=100.554ms, max=245.899ms, average=165.773ms, deviation=45.6602ms]
----------------------------------------------------------

----------------------------------------------------------
sample path: (IntersectionOutput) 
  order timepoint           sequence nr.                  node name     dropped samples
latency

Statistics:
  latency:                  189.717ms [min=145.175ms, max=245.037ms, average=188.809ms, deviation=23.3925ms]
----------------------------------------------------------

----------------------------------------------------------
sample path: (VehicleDBWSystem) 
  order timepoint           sequence nr.                  node name     dropped samples
bp period
latency

Statistics:
  latency:                  913.593ms [min=603.614ms, max=913.593ms, average=816.626ms, deviation=80.3787ms]
hotpath
  hot path:                 FrontLidarDriver/RearLidarDriver -> ObjectCollisionEstimator
  hot path latency:         467.261ms [min=190.259ms, max=467.261ms, average=368.923ms, deviation=84.2409ms]
  hot path drops:           0 [min=0, max=0, average=0, deviation=0]
  behavior planner period:  201.064ms [min=100.554ms, max=245.899ms, average=168.487ms, deviation=44.7986ms]
----------------------------------------------------------

----------------------------------------------------------
sample path: (IntersectionOutput) 
  order timepoint           sequence nr.                  node name     dropped samples
latency

Statistics:
  latency:                  189.774ms [min=145.175ms, max=245.037ms, average=188.862ms, deviation=22.6952ms]
----------------------------------------------------------

----------------------------------------------------------
sample path: (VehicleDBWSystem) 
  order timepoint           sequence nr.                  node name     dropped samples
bp period
latency

Statistics:
  latency:                  703.06ms [min=603.614ms, max=913.593ms, average=809.055ms, deviation=82.8195ms]
hotpath
  hot path:                 FrontLidarDriver/RearLidarDriver -> ObjectCollisionEstimator
  hot path latency:         257.013ms [min=190.259ms, max=467.261ms, average=360.929ms, deviation=86.2856ms]
  hot path drops:           0 [min=0, max=0, average=0, deviation=0]
  behavior planner period:  150.694ms [min=100.554ms, max=245.899ms, average=167.216ms, deviation=43.303ms]
----------------------------------------------------------

----------------------------------------------------------
sample path: (IntersectionOutput) 
  order timepoint           sequence nr.                  node name     dropped samples
latency

Statistics:
  latency:                  200.698ms [min=145.175ms, max=245.037ms, average=189.485ms, deviation=22.2223ms]
----------------------------------------------------------

----------------------------------------------------------
sample path: (IntersectionOutput) 
  order timepoint           sequence nr.                  node name     dropped samples
latency

Statistics:
  latency:                  178.463ms [min=145.175ms, max=245.037ms, average=188.934ms, deviation=21.7695ms]
----------------------------------------------------------

----------------------------------------------------------
sample path: (VehicleDBWSystem) 
  order timepoint           sequence nr.                  node name     dropped samples
bp period
latency

Statistics:
  latency:                  937.63ms [min=603.614ms, max=937.63ms, average=817.091ms, deviation=86.2266ms]
hotpath
  hot path:                 FrontLidarDriver/RearLidarDriver -> ObjectCollisionEstimator
  hot path latency:         446.652ms [min=190.259ms, max=467.261ms, average=366.644ms, deviation=86.0424ms]
  hot path drops:           0 [min=0, max=0, average=0, deviation=0]
  behavior planner period:  200.739ms [min=100.554ms, max=245.899ms, average=169.451ms, deviation=42.6161ms]
----------------------------------------------------------

----------------------------------------------------------
sample path: (IntersectionOutput) 
  order timepoint           sequence nr.                  node name     dropped samples
latency

Statistics:
  latency:                  167.208ms [min=145.175ms, max=245.037ms, average=187.9ms, deviation=21.7415ms]
----------------------------------------------------------

----------------------------------------------------------
sample path: (IntersectionOutput) 
  order timepoint           sequence nr.                  node name     dropped samples
latency

Statistics:
  latency:                  189.368ms [min=145.175ms, max=245.037ms, average=187.966ms, deviation=21.2199ms]
----------------------------------------------------------

----------------------------------------------------------
sample path: (VehicleDBWSystem) 
  order timepoint           sequence nr.                  node name     dropped samples
bp period
latency

Statistics:
  latency:                  881.073ms [min=603.614ms, max=937.63ms, average=820.855ms, deviation=84.9184ms]
hotpath
  hot path:                 FrontLidarDriver/RearLidarDriver -> ObjectCollisionEstimator
  hot path latency:         446.694ms [min=190.259ms, max=467.261ms, average=371.647ms, deviation=85.5ms]
  hot path drops:           0 [min=0, max=0, average=0, deviation=0]
  behavior planner period:  234.686ms [min=100.554ms, max=245.899ms, average=173.528ms, deviation=44.2835ms]
----------------------------------------------------------

----------------------------------------------------------
sample path: (IntersectionOutput) 
  order timepoint           sequence nr.                  node name     dropped samples
latency

Statistics:
  latency:                  200.535ms [min=145.175ms, max=245.037ms, average=188.513ms, deviation=20.897ms]
----------------------------------------------------------

----------------------------------------------------------
sample path: (VehicleDBWSystem) 
  order timepoint           sequence nr.                  node name     dropped samples
bp period
latency

Statistics:
  latency:                  858.313ms [min=603.614ms, max=937.63ms, average=822.936ms, deviation=82.8547ms]
hotpath
  hot path:                 FrontLidarDriver/RearLidarDriver -> ObjectCollisionEstimator
  hot path latency:         413.041ms [min=190.259ms, max=467.261ms, average=374.082ms, deviation=83.3915ms]
  hot path drops:           0 [min=0, max=0, average=0, deviation=0]
  behavior planner period:  189.568ms [min=100.554ms, max=245.899ms, average=174.472ms, deviation=43.0534ms]
----------------------------------------------------------

----------------------------------------------------------
sample path: (IntersectionOutput) 
  order timepoint           sequence nr.                  node name     dropped samples
latency

Statistics:
  latency:                  189.351ms [min=145.175ms, max=245.037ms, average=188.548ms, deviation=20.4384ms]
----------------------------------------------------------

----------------------------------------------------------
sample path: (VehicleDBWSystem) 
  order timepoint           sequence nr.                  node name     dropped samples
bp period
latency

Statistics:
  latency:                  869.554ms [min=603.614ms, max=937.63ms, average=825.389ms, deviation=81.2274ms]
hotpath
  hot path:                 FrontLidarDriver/RearLidarDriver -> ObjectCollisionEstimator
  hot path latency:         423.878ms [min=190.259ms, max=467.261ms, average=376.849ms, deviation=81.7486ms]
  hot path drops:           0 [min=0, max=0, average=0, deviation=0]
  behavior planner period:  200.696ms [min=100.554ms, max=245.899ms, average=175.929ms, deviation=42.2228ms]
----------------------------------------------------------

----------------------------------------------------------
sample path: (IntersectionOutput) 
  order timepoint           sequence nr.                  node name     dropped samples
latency

Statistics:
  latency:                  189.825ms [min=145.175ms, max=245.037ms, average=188.599ms, deviation=20.0097ms]
----------------------------------------------------------

----------------------------------------------------------
sample path: (VehicleDBWSystem) 
  order timepoint           sequence nr.                  node name     dropped samples
bp period
latency

Statistics:
  latency:                  891.473ms [min=603.614ms, max=937.63ms, average=828.694ms, deviation=80.4301ms]
hotpath
  hot path:                 FrontLidarDriver/RearLidarDriver -> ObjectCollisionEstimator
  hot path latency:         456.828ms [min=190.259ms, max=467.261ms, average=381.058ms, deviation=81.5367ms]
  hot path drops:           0 [min=0, max=0, average=0, deviation=0]
  behavior planner period:  189.252ms [min=100.554ms, max=245.899ms, average=176.63ms, deviation=41.1469ms]
----------------------------------------------------------

----------------------------------------------------------
sample path: (IntersectionOutput) 
  order timepoint           sequence nr.                  node name     dropped samples
latency

Statistics:
  latency:                  189.184ms [min=145.175ms, max=245.037ms, average=188.621ms, deviation=19.6057ms]
----------------------------------------------------------

