----------------------------------------------------------
sample path: (IntersectionOutput) 
  order timepoint           sequence nr.                  node name     dropped samples
latency

Statistics:
  latency:                  64.1923ms [min=64.1923ms, max=64.1923ms, average=64.1923ms, deviation=-nanms]
----------------------------------------------------------

----------------------------------------------------------
sample path: (VehicleDBWSystem) 
  order timepoint           sequence nr.                  node name     dropped samples
latency

Statistics:
  latency:                  311.931ms [min=311.931ms, max=311.931ms, average=311.931ms, deviation=-nanms]
hotpath
  hot path:                 FrontLidarDriver/RearLidarDriver -> ObjectCollisionEstimator
  hot path latency:         90.5482ms [min=90.5482ms, max=90.5482ms, average=90.5482ms, deviation=-nanms]
  hot path drops:           0 [min=0, max=0, average=0, deviation=-nan]
  behavior planner period:  0ms [min=1.84467e+13ms, max=0ms, average=0ms, deviation=0ms]
----------------------------------------------------------

----------------------------------------------------------
sample path: (IntersectionOutput) 
  order timepoint           sequence nr.                  node name     dropped samples
latency

Statistics:
  latency:                  91.5626ms [min=64.1923ms, max=91.5626ms, average=77.8774ms, deviation=19.3537ms]
----------------------------------------------------------

----------------------------------------------------------
sample path: (VehicleDBWSystem) 
  order timepoint           sequence nr.                  node name     dropped samples
bp period
latency

Statistics:
  latency:                  341.38ms [min=311.931ms, max=341.38ms, average=326.656ms, deviation=20.8233ms]
hotpath
  hot path:                 FrontLidarDriver/RearLidarDriver -> ObjectCollisionEstimator
  hot path latency:         90.5482ms [min=90.5482ms, max=90.5482ms, average=90.5482ms, deviation=0ms]
  hot path drops:           0 [min=0, max=0, average=0, deviation=0]
  behavior planner period:  100.007ms [min=100.007ms, max=100.007ms, average=100.007ms, deviation=-nanms]
----------------------------------------------------------

----------------------------------------------------------
sample path: (IntersectionOutput) 
  order timepoint           sequence nr.                  node name     dropped samples
latency

Statistics:
  latency:                  91.3076ms [min=64.1923ms, max=91.5626ms, average=82.3542ms, deviation=15.7292ms]
----------------------------------------------------------

----------------------------------------------------------
sample path: (IntersectionOutput) 
  order timepoint           sequence nr.                  node name     dropped samples
latency

Statistics:
  latency:                  72.9323ms [min=64.1923ms, max=91.5626ms, average=79.9987ms, deviation=13.6796ms]
----------------------------------------------------------

----------------------------------------------------------
sample path: (VehicleDBWSystem) 
  order timepoint           sequence nr.                  node name     dropped samples
bp period
latency

Statistics:
  latency:                  366.98ms [min=311.931ms, max=366.98ms, average=340.097ms, deviation=27.5469ms]
hotpath
  hot path:                 FrontLidarDriver/RearLidarDriver -> ObjectCollisionEstimator
  hot path latency:         115.871ms [min=90.5482ms, max=115.871ms, average=98.9891ms, deviation=14.6202ms]
  hot path drops:           0 [min=0, max=0, average=0, deviation=0]
  behavior planner period:  99.9871ms [min=99.9871ms, max=100.007ms, average=99.9972ms, deviation=0.0143543ms]
----------------------------------------------------------

----------------------------------------------------------
sample path: (IntersectionOutput) 
  order timepoint           sequence nr.                  node name     dropped samples
latency

Statistics:
  latency:                  82.1834ms [min=64.1923ms, max=91.5626ms, average=80.4356ms, deviation=11.8871ms]
----------------------------------------------------------

----------------------------------------------------------
sample path: (VehicleDBWSystem) 
  order timepoint           sequence nr.                  node name     dropped samples
bp period
latency

Statistics:
  latency:                  357.589ms [min=311.931ms, max=366.98ms, average=344.47ms, deviation=24.1326ms]
hotpath
  hot path:                 FrontLidarDriver/RearLidarDriver -> ObjectCollisionEstimator
  hot path latency:         75.1092ms [min=75.1092ms, max=115.871ms, average=93.0192ms, deviation=16.8838ms]
  hot path drops:           0 [min=0, max=0, average=0, deviation=0]
  behavior planner period:  100.024ms [min=99.9871ms, max=100.024ms, average=100.006ms, deviation=0.0185296ms]
----------------------------------------------------------

----------------------------------------------------------
sample path: (IntersectionOutput) 
  order timepoint           sequence nr.                  node name     dropped samples
latency

Statistics:
  latency:                  91.426ms [min=64.1923ms, max=91.5626ms, average=82.2674ms, deviation=11.5401ms]
----------------------------------------------------------

----------------------------------------------------------
sample path: (VehicleDBWSystem) 
  order timepoint           sequence nr.                  node name     dropped samples
bp period
latency

Statistics:
  latency:                  384.293ms [min=311.931ms, max=384.293ms, average=352.435ms, deviation=27.4583ms]
  behavior planner period:  100.009ms [min=99.9871ms, max=100.024ms, average=100.007ms, deviation=0.0152036ms]
----------------------------------------------------------

----------------------------------------------------------
sample path: (IntersectionOutput) 
  order timepoint           sequence nr.                  node name     dropped samples
latency

Statistics:
  latency:                  95.0886ms [min=64.1923ms, max=95.0886ms, average=84.099ms, deviation=11.5957ms]
----------------------------------------------------------

----------------------------------------------------------
sample path: (VehicleDBWSystem) 
  order timepoint           sequence nr.                  node name     dropped samples
bp period
latency

Statistics:
  latency:                  375.735ms [min=311.931ms, max=384.293ms, average=356.318ms, deviation=26.3371ms]
hotpath
  hot path:                 FrontLidarDriver/RearLidarDriver -> ObjectCollisionEstimator
  hot path latency:         94.3427ms [min=75.1092ms, max=115.871ms, average=93.2839ms, deviation=14.6338ms]
  hot path drops:           0 [min=0, max=0, average=0, deviation=0]
  behavior planner period:  99.976ms [min=99.976ms, max=100.024ms, average=100.001ms, deviation=0.0191035ms]
----------------------------------------------------------

----------------------------------------------------------
sample path: (IntersectionOutput) 
  order timepoint           sequence nr.                  node name     dropped samples
latency

Statistics:
  latency:                  91.3057ms [min=64.1923ms, max=95.0886ms, average=84.9998ms, deviation=11.0338ms]
----------------------------------------------------------

----------------------------------------------------------
sample path: (VehicleDBWSystem) 
  order timepoint           sequence nr.                  node name     dropped samples
bp period
latency

Statistics:
  latency:                  260.236ms [min=260.236ms, max=384.293ms, average=342.592ms, deviation=43.5529ms]
hotpath
  hot path:                 FrontLidarDriver/RearLidarDriver -> ObjectCollisionEstimator
  hot path latency:         81.3818ms [min=75.1092ms, max=115.871ms, average=91.3002ms, deviation=13.9616ms]
  hot path drops:           0 [min=0, max=0, average=0, deviation=0]
  behavior planner period:  99.9872ms [min=99.976ms, max=100.024ms, average=99.9985ms, deviation=0.0179611ms]
----------------------------------------------------------

----------------------------------------------------------
sample path: (IntersectionOutput) 
  order timepoint           sequence nr.                  node name     dropped samples
latency

Statistics:
  latency:                  73.4122ms [min=64.1923ms, max=95.0886ms, average=83.7123ms, deviation=11.0202ms]
----------------------------------------------------------

----------------------------------------------------------
sample path: (IntersectionOutput) 
  order timepoint           sequence nr.                  node name     dropped samples
latency

Statistics:
  latency:                  90.9664ms [min=64.1923ms, max=95.0886ms, average=84.4377ms, deviation=10.6402ms]
----------------------------------------------------------

----------------------------------------------------------
sample path: (VehicleDBWSystem) 
  order timepoint           sequence nr.                  node name     dropped samples
bp period
latency

Statistics:
  latency:                  406.194ms [min=260.236ms, max=406.194ms, average=350.542ms, deviation=46.1685ms]
hotpath
  hot path:                 FrontLidarDriver/RearLidarDriver -> ObjectCollisionEstimator
  hot path latency:         72.8984ms [min=72.8984ms, max=115.871ms, average=88.6714ms, deviation=14.5195ms]
  hot path drops:           0 [min=0, max=0, average=0, deviation=0]
  behavior planner period:  100.025ms [min=99.976ms, max=100.025ms, average=100.002ms, deviation=0.0191547ms]
----------------------------------------------------------

----------------------------------------------------------
sample path: (IntersectionOutput) 
  order timepoint           sequence nr.                  node name     dropped samples
latency

Statistics:
  latency:                  100.168ms [min=64.1923ms, max=100.168ms, average=85.8677ms, deviation=11.1529ms]
----------------------------------------------------------

----------------------------------------------------------
sample path: (VehicleDBWSystem) 
  order timepoint           sequence nr.                  node name     dropped samples
bp period
latency

Statistics:
  latency:                  365.327ms [min=260.236ms, max=406.194ms, average=352.185ms, deviation=43.4669ms]
  behavior planner period:  99.9839ms [min=99.976ms, max=100.025ms, average=99.9999ms, deviation=0.0188825ms]
----------------------------------------------------------

----------------------------------------------------------
sample path: (IntersectionOutput) 
  order timepoint           sequence nr.                  node name     dropped samples
latency

Statistics:
  latency:                  88.2532ms [min=64.1923ms, max=100.168ms, average=86.0665ms, deviation=10.6561ms]
----------------------------------------------------------

----------------------------------------------------------
sample path: (VehicleDBWSystem) 
  order timepoint           sequence nr.                  node name     dropped samples
bp period
latency

Statistics:
  latency:                  360.576ms [min=260.236ms, max=406.194ms, average=353.024ms, deviation=41.0668ms]
hotpath
  hot path:                 FrontLidarDriver/RearLidarDriver -> ObjectCollisionEstimator
  hot path latency:         92.033ms [min=72.8984ms, max=115.871ms, average=89.0916ms, deviation=13.4949ms]
  hot path drops:           0 [min=0, max=0, average=0, deviation=0]
  behavior planner period:  100.023ms [min=99.976ms, max=100.025ms, average=100.002ms, deviation=0.0192885ms]
----------------------------------------------------------

----------------------------------------------------------
sample path: (IntersectionOutput) 
  order timepoint           sequence nr.                  node name     dropped samples
latency

Statistics:
  latency:                  84.6856ms [min=64.1923ms, max=100.168ms, average=85.9603ms, deviation=10.2097ms]
----------------------------------------------------------

----------------------------------------------------------
sample path: (VehicleDBWSystem) 
  order timepoint           sequence nr.                  node name     dropped samples
bp period
latency

Statistics:
  latency:                  356.106ms [min=260.236ms, max=406.194ms, average=353.304ms, deviation=38.9705ms]
hotpath
  hot path:                 FrontLidarDriver/RearLidarDriver -> ObjectCollisionEstimator
  hot path latency:         93.0289ms [min=72.8984ms, max=115.871ms, average=89.529ms, deviation=12.6913ms]
  hot path drops:           0 [min=0, max=0, average=0, deviation=0]
  behavior planner period:  99.996ms [min=99.976ms, max=100.025ms, average=100.002ms, deviation=0.0183024ms]
----------------------------------------------------------

----------------------------------------------------------
sample path: (IntersectionOutput) 
  order timepoint           sequence nr.                  node name     dropped samples
latency

Statistics:
  latency:                  82.0897ms [min=64.1923ms, max=100.168ms, average=85.6838ms, deviation=9.86352ms]
----------------------------------------------------------

----------------------------------------------------------
sample path: (VehicleDBWSystem) 
  order timepoint           sequence nr.                  node name     dropped samples
bp period
latency

Statistics:
  latency:                  297.847ms [min=260.236ms, max=406.194ms, average=348.683ms, deviation=40.459ms]
hotpath
  hot path:                 FrontLidarDriver/RearLidarDriver -> ObjectCollisionEstimator
  hot path latency:         114.39ms [min=72.8984ms, max=115.871ms, average=92.0152ms, deviation=14.3172ms]
  hot path drops:           0 [min=0, max=0, average=0, deviation=0]
  behavior planner period:  100.009ms [min=99.976ms, max=100.025ms, average=100.002ms, deviation=0.0174991ms]
----------------------------------------------------------

----------------------------------------------------------
sample path: (IntersectionOutput) 
  order timepoint           sequence nr.                  node name     dropped samples
latency

Statistics:
  latency:                  100.113ms [min=64.1923ms, max=100.168ms, average=86.6458ms, deviation=10.2088ms]
----------------------------------------------------------

----------------------------------------------------------
sample path: (VehicleDBWSystem) 
  order timepoint           sequence nr.                  node name     dropped samples
bp period
latency

Statistics:
  latency:                  374.944ms [min=260.236ms, max=406.194ms, average=350.703ms, deviation=39.4153ms]
hotpath
  hot path:                 FrontLidarDriver/RearLidarDriver -> ObjectCollisionEstimator
  hot path latency:         94.3665ms [min=72.8984ms, max=115.871ms, average=92.2289ms, deviation=13.601ms]
  hot path drops:           0 [min=0, max=0, average=0, deviation=0]
  behavior planner period:  99.9759ms [min=99.9759ms, max=100.025ms, average=100ms, deviation=0.0183715ms]
----------------------------------------------------------

----------------------------------------------------------
sample path: (IntersectionOutput) 
  order timepoint           sequence nr.                  node name     dropped samples
latency

Statistics:
  latency:                  82.2893ms [min=64.1923ms, max=100.168ms, average=86.3735ms, deviation=9.92261ms]
----------------------------------------------------------

----------------------------------------------------------
sample path: (VehicleDBWSystem) 
  order timepoint           sequence nr.                  node name     dropped samples
bp period
latency

Statistics:
  latency:                  264.222ms [min=260.236ms, max=406.194ms, average=344.526ms, deviation=44.3652ms]
hotpath
  hot path:                 FrontLidarDriver/RearLidarDriver -> ObjectCollisionEstimator
  hot path latency:         94.8382ms [min=72.8984ms, max=115.871ms, average=92.4464ms, deviation=12.9899ms]
  hot path drops:           0 [min=0, max=0, average=0, deviation=0]
  behavior planner period:  100.001ms [min=99.9759ms, max=100.025ms, average=100ms, deviation=0.0175899ms]
----------------------------------------------------------

----------------------------------------------------------
sample path: (IntersectionOutput) 
  order timepoint           sequence nr.                  node name     dropped samples
latency

Statistics:
  latency:                  81.3855ms [min=64.1923ms, max=100.168ms, average=86.0801ms, deviation=9.68339ms]
----------------------------------------------------------

----------------------------------------------------------
sample path: (VehicleDBWSystem) 
  order timepoint           sequence nr.                  node name     dropped samples
bp period
latency

Statistics:
  latency:                  391.741ms [min=260.236ms, max=406.194ms, average=347.673ms, deviation=44.4556ms]
hotpath
  hot path:                 FrontLidarDriver/RearLidarDriver -> ObjectCollisionEstimator
  hot path latency:         94.8382ms [min=72.8984ms, max=115.871ms, average=92.6304ms, deviation=12.4545ms]
  hot path drops:           0 [min=0, max=0, average=0, deviation=0]
  behavior planner period:  100.007ms [min=99.9759ms, max=100.025ms, average=100.001ms, deviation=0.0169901ms]
----------------------------------------------------------

----------------------------------------------------------
sample path: (IntersectionOutput) 
  order timepoint           sequence nr.                  node name     dropped samples
latency

Statistics:
  latency:                  127.253ms [min=64.1923ms, max=127.253ms, average=88.3675ms, deviation=13.5067ms]
----------------------------------------------------------

----------------------------------------------------------
sample path: (VehicleDBWSystem) 
  order timepoint           sequence nr.                  node name     dropped samples
bp period
latency

Statistics:
  latency:                  389.9ms [min=260.236ms, max=406.194ms, average=350.312ms, deviation=44.2266ms]
hotpath
  hot path:                 FrontLidarDriver/RearLidarDriver -> ObjectCollisionEstimator
  hot path latency:         127.826ms [min=72.8984ms, max=127.826ms, average=95.1443ms, deviation=15.2205ms]
  hot path drops:           0 [min=0, max=0, average=0, deviation=0]
  behavior planner period:  99.9798ms [min=99.9759ms, max=100.025ms, average=99.9994ms, deviation=0.0172484ms]
----------------------------------------------------------

----------------------------------------------------------
sample path: (IntersectionOutput) 
  order timepoint           sequence nr.                  node name     dropped samples
latency

Statistics:
  latency:                  100.056ms [min=64.1923ms, max=127.253ms, average=88.9827ms, deviation=13.3973ms]
----------------------------------------------------------

----------------------------------------------------------
sample path: (VehicleDBWSystem) 
  order timepoint           sequence nr.                  node name     dropped samples
bp period
latency

Statistics:
  latency:                  359.922ms [min=260.236ms, max=406.194ms, average=350.878ms, deviation=42.8856ms]
hotpath
  hot path:                 FrontLidarDriver/RearLidarDriver -> ObjectCollisionEstimator
  hot path latency:         86.5776ms [min=72.8984ms, max=127.826ms, average=94.5732ms, deviation=14.8327ms]
  hot path drops:           0 [min=0, max=0, average=0, deviation=0]
  behavior planner period:  100.008ms [min=99.9759ms, max=100.025ms, average=99.9999ms, deviation=0.0168107ms]
----------------------------------------------------------

----------------------------------------------------------
sample path: (IntersectionOutput) 
  order timepoint           sequence nr.                  node name     dropped samples
latency

Statistics:
  latency:                  100.214ms [min=64.1923ms, max=127.253ms, average=89.5442ms, deviation=13.2796ms]
----------------------------------------------------------

----------------------------------------------------------
sample path: (VehicleDBWSystem) 
  order timepoint           sequence nr.                  node name     dropped samples
bp period
latency

Statistics:
  latency:                  300.909ms [min=260.236ms, max=406.194ms, average=348.102ms, deviation=43.24ms]
hotpath
  hot path:                 FrontLidarDriver/RearLidarDriver -> ObjectCollisionEstimator
  hot path latency:         86.8535ms [min=72.8984ms, max=127.826ms, average=94.0907ms, deviation=14.4591ms]
  hot path drops:           0 [min=0, max=0, average=0, deviation=0]
  behavior planner period:  99.9955ms [min=99.9759ms, max=100.025ms, average=99.9997ms, deviation=0.0163131ms]
----------------------------------------------------------

----------------------------------------------------------
sample path: (IntersectionOutput) 
  order timepoint           sequence nr.                  node name     dropped samples
latency

Statistics:
  latency:                  100.178ms [min=64.1923ms, max=127.253ms, average=90.0506ms, deviation=13.1497ms]
----------------------------------------------------------

----------------------------------------------------------
sample path: (VehicleDBWSystem) 
  order timepoint           sequence nr.                  node name     dropped samples
bp period
latency

Statistics:
  latency:                  310.103ms [min=260.236ms, max=406.194ms, average=346.102ms, deviation=42.9165ms]
hotpath
  hot path:                 FrontLidarDriver/RearLidarDriver -> ObjectCollisionEstimator
  hot path latency:         87.4773ms [min=72.8984ms, max=127.826ms, average=93.7017ms, deviation=14.0916ms]
  hot path drops:           0 [min=0, max=0, average=0, deviation=0]
  behavior planner period:  99.9949ms [min=99.9759ms, max=100.025ms, average=99.9994ms, deviation=0.0158666ms]
----------------------------------------------------------

----------------------------------------------------------
sample path: (IntersectionOutput) 
  order timepoint           sequence nr.                  node name     dropped samples
latency

Statistics:
  latency:                  109.21ms [min=64.1923ms, max=127.253ms, average=90.9215ms, deviation=13.4673ms]
----------------------------------------------------------

----------------------------------------------------------
sample path: (VehicleDBWSystem) 
  order timepoint           sequence nr.                  node name     dropped samples
bp period
latency

Statistics:
  latency:                  355.377ms [min=260.236ms, max=406.194ms, average=346.566ms, deviation=41.8233ms]
  behavior planner period:  99.9552ms [min=99.9552ms, max=100.025ms, average=99.9971ms, deviation=0.018461ms]
----------------------------------------------------------

----------------------------------------------------------
sample path: (IntersectionOutput) 
  order timepoint           sequence nr.                  node name     dropped samples
latency

Statistics:
  latency:                  100.105ms [min=64.1923ms, max=127.253ms, average=91.3208ms, deviation=13.2963ms]
----------------------------------------------------------

----------------------------------------------------------
sample path: (VehicleDBWSystem) 
  order timepoint           sequence nr.                  node name     dropped samples
bp period
latency

Statistics:
  latency:                  401.485ms [min=260.236ms, max=406.194ms, average=349.181ms, deviation=42.4895ms]
hotpath
  hot path:                 FrontLidarDriver/RearLidarDriver -> ObjectCollisionEstimator
  hot path latency:         113.883ms [min=72.8984ms, max=127.826ms, average=94.8229ms, deviation=14.4747ms]
  hot path drops:           0 [min=0, max=0, average=0, deviation=0]
  behavior planner period:  100.079ms [min=99.9552ms, max=100.079ms, average=100.001ms, deviation=0.0256857ms]
----------------------------------------------------------

----------------------------------------------------------
sample path: (IntersectionOutput) 
  order timepoint           sequence nr.                  node name     dropped samples
latency

Statistics:
  latency:                  91.2328ms [min=64.1923ms, max=127.253ms, average=91.3171ms, deviation=13.004ms]
----------------------------------------------------------

----------------------------------------------------------
sample path: (VehicleDBWSystem) 
  order timepoint           sequence nr.                  node name     dropped samples
bp period
latency

Statistics:
  latency:                  355.449ms [min=260.236ms, max=406.194ms, average=349.466ms, deviation=41.487ms]
hotpath
  hot path:                 FrontLidarDriver/RearLidarDriver -> ObjectCollisionEstimator
  hot path latency:         114.242ms [min=72.8984ms, max=127.826ms, average=95.8449ms, deviation=14.7555ms]
  hot path drops:           0 [min=0, max=0, average=0, deviation=0]
  behavior planner period:  99.9987ms [min=99.9552ms, max=100.079ms, average=100.001ms, deviation=0.0250414ms]
----------------------------------------------------------

----------------------------------------------------------
sample path: (IntersectionOutput) 
  order timepoint           sequence nr.                  node name     dropped samples
latency

Statistics:
  latency:                  109.102ms [min=64.1923ms, max=127.253ms, average=92.0285ms, deviation=13.2178ms]
----------------------------------------------------------

----------------------------------------------------------
sample path: (VehicleDBWSystem) 
  order timepoint           sequence nr.                  node name     dropped samples
bp period
latency

Statistics:
  latency:                  355.519ms [min=260.236ms, max=406.194ms, average=349.729ms, deviation=40.5528ms]
hotpath
  hot path:                 FrontLidarDriver/RearLidarDriver -> ObjectCollisionEstimator
  hot path latency:         89.5838ms [min=72.8984ms, max=127.826ms, average=95.5318ms, deviation=14.43ms]
  hot path drops:           0 [min=0, max=0, average=0, deviation=0]
  behavior planner period:  99.9682ms [min=99.9552ms, max=100.079ms, average=99.9996ms, deviation=0.0254247ms]
----------------------------------------------------------

----------------------------------------------------------
sample path: (IntersectionOutput) 
  order timepoint           sequence nr.                  node name     dropped samples
latency

Statistics:
  latency:                  100.257ms [min=64.1923ms, max=127.253ms, average=92.345ms, deviation=13.0509ms]
----------------------------------------------------------

----------------------------------------------------------
sample path: (VehicleDBWSystem) 
  order timepoint           sequence nr.                  node name     dropped samples
bp period
latency

Statistics:
  latency:                  355.52ms [min=260.236ms, max=406.194ms, average=349.97ms, deviation=39.679ms]
hotpath
  hot path:                 FrontLidarDriver/RearLidarDriver -> ObjectCollisionEstimator
  hot path latency:         214.316ms [min=72.8984ms, max=214.316ms, average=101.188ms, deviation=29.4907ms]
  hot path drops:           0 [min=0, max=0, average=0, deviation=0]
  behavior planner period:  100.007ms [min=99.9552ms, max=100.079ms, average=99.9999ms, deviation=0.0248842ms]
----------------------------------------------------------

----------------------------------------------------------
sample path: (IntersectionOutput) 
  order timepoint           sequence nr.                  node name     dropped samples
latency

Statistics:
  latency:                  100.086ms [min=64.1923ms, max=127.253ms, average=92.6317ms, deviation=12.8839ms]
----------------------------------------------------------

----------------------------------------------------------
sample path: (VehicleDBWSystem) 
  order timepoint           sequence nr.                  node name     dropped samples
bp period
latency

Statistics:
  latency:                  446.875ms [min=260.236ms, max=446.875ms, average=353.846ms, deviation=43.4102ms]
hotpath
  hot path:                 FrontLidarDriver/RearLidarDriver -> ObjectCollisionEstimator
  hot path latency:         114.326ms [min=72.8984ms, max=214.316ms, average=101.785ms, deviation=28.916ms]
  hot path drops:           0 [min=0, max=0, average=0, deviation=0]
  behavior planner period:  100.002ms [min=99.9552ms, max=100.079ms, average=100ms, deviation=0.0243413ms]
----------------------------------------------------------

----------------------------------------------------------
sample path: (IntersectionOutput) 
  order timepoint           sequence nr.                  node name     dropped samples
latency

Statistics:
  latency:                  91.097ms [min=64.1923ms, max=127.253ms, average=92.5769ms, deviation=12.6464ms]
----------------------------------------------------------

----------------------------------------------------------
sample path: (VehicleDBWSystem) 
  order timepoint           sequence nr.                  node name     dropped samples
bp period
latency

Statistics:
  latency:                  319.108ms [min=260.236ms, max=446.875ms, average=352.51ms, deviation=43.0753ms]
hotpath
  hot path:                 FrontLidarDriver/RearLidarDriver -> ObjectCollisionEstimator
  hot path latency:         114.426ms [min=72.8984ms, max=214.316ms, average=102.335ms, deviation=28.3738ms]
  hot path drops:           0 [min=0, max=0, average=0, deviation=0]
  behavior planner period:  99.9954ms [min=99.9552ms, max=100.079ms, average=99.9998ms, deviation=0.0238466ms]
----------------------------------------------------------

----------------------------------------------------------
sample path: (IntersectionOutput) 
  order timepoint           sequence nr.                  node name     dropped samples
latency

Statistics:
  latency:                  82.0201ms [min=64.1923ms, max=127.253ms, average=92.2129ms, deviation=12.5723ms]
----------------------------------------------------------

----------------------------------------------------------
sample path: (VehicleDBWSystem) 
  order timepoint           sequence nr.                  node name     dropped samples
bp period
latency

Statistics:
  latency:                  492.604ms [min=260.236ms, max=492.604ms, average=357.699ms, deviation=50.11ms]
hotpath
  hot path:                 FrontLidarDriver/RearLidarDriver -> ObjectCollisionEstimator
  hot path latency:         90.9095ms [min=72.8984ms, max=214.316ms, average=101.859ms, deviation=27.848ms]
  hot path drops:           0 [min=0, max=0, average=0, deviation=0]
  behavior planner period:  100.029ms [min=99.9552ms, max=100.079ms, average=100.001ms, deviation=0.0240461ms]
----------------------------------------------------------

----------------------------------------------------------
sample path: (IntersectionOutput) 
  order timepoint           sequence nr.                  node name     dropped samples
latency

Statistics:
  latency:                  118.162ms [min=64.1923ms, max=127.253ms, average=93.0779ms, deviation=13.2309ms]
----------------------------------------------------------

----------------------------------------------------------
sample path: (VehicleDBWSystem) 
  order timepoint           sequence nr.                  node name     dropped samples
bp period
latency

Statistics:
  latency:                  403.915ms [min=260.236ms, max=492.604ms, average=359.35ms, deviation=49.9429ms]
hotpath
  hot path:                 FrontLidarDriver/RearLidarDriver -> ObjectCollisionEstimator
  hot path latency:         90.9095ms [min=72.8984ms, max=214.316ms, average=101.421ms, deviation=27.3495ms]
  hot path drops:           0 [min=0, max=0, average=0, deviation=0]
  behavior planner period:  99.9743ms [min=99.9552ms, max=100.079ms, average=99.9999ms, deviation=0.0241299ms]
----------------------------------------------------------

----------------------------------------------------------
sample path: (IntersectionOutput) 
  order timepoint           sequence nr.                  node name     dropped samples
latency

Statistics:
  latency:                  109.079ms [min=64.1923ms, max=127.253ms, average=93.594ms, deviation=13.3222ms]
----------------------------------------------------------

----------------------------------------------------------
sample path: (VehicleDBWSystem) 
  order timepoint           sequence nr.                  node name     dropped samples
bp period
latency

Statistics:
  latency:                  364.464ms [min=260.236ms, max=492.604ms, average=359.526ms, deviation=49.0522ms]
hotpath
  hot path:                 FrontLidarDriver/RearLidarDriver -> ObjectCollisionEstimator
  hot path latency:         91.4264ms [min=72.8984ms, max=214.316ms, average=101.037ms, deviation=26.8685ms]
  hot path drops:           0 [min=0, max=0, average=0, deviation=0]
  behavior planner period:  100.004ms [min=99.9552ms, max=100.079ms, average=100ms, deviation=0.0236912ms]
----------------------------------------------------------

----------------------------------------------------------
sample path: (IntersectionOutput) 
  order timepoint           sequence nr.                  node name     dropped samples
latency

Statistics:
  latency:                  100.246ms [min=64.1923ms, max=127.253ms, average=93.8019ms, deviation=13.1582ms]
----------------------------------------------------------

----------------------------------------------------------
sample path: (VehicleDBWSystem) 
  order timepoint           sequence nr.                  node name     dropped samples
bp period
latency

Statistics:
  latency:                  355.484ms [min=260.236ms, max=492.604ms, average=359.391ms, deviation=48.2047ms]
hotpath
  hot path:                 FrontLidarDriver/RearLidarDriver -> ObjectCollisionEstimator
  hot path latency:         114.408ms [min=72.8984ms, max=214.316ms, average=101.532ms, deviation=26.4721ms]
  hot path drops:           0 [min=0, max=0, average=0, deviation=0]
  behavior planner period:  99.988ms [min=99.9552ms, max=100.079ms, average=99.9996ms, deviation=0.0233724ms]
----------------------------------------------------------

----------------------------------------------------------
sample path: (IntersectionOutput) 
  order timepoint           sequence nr.                  node name     dropped samples
latency

Statistics:
  latency:                  100.076ms [min=64.1923ms, max=127.253ms, average=93.992ms, deviation=12.997ms]
----------------------------------------------------------

----------------------------------------------------------
sample path: (VehicleDBWSystem) 
  order timepoint           sequence nr.                  node name     dropped samples
bp period
latency

Statistics:
  latency:                  455.915ms [min=260.236ms, max=492.604ms, average=362.505ms, deviation=50.4656ms]
hotpath
  hot path:                 FrontLidarDriver/RearLidarDriver -> ObjectCollisionEstimator
  hot path latency:         114.309ms [min=72.8984ms, max=214.316ms, average=101.988ms, deviation=26.0892ms]
  hot path drops:           0 [min=0, max=0, average=0, deviation=0]
  behavior planner period:  100.006ms [min=99.9552ms, max=100.079ms, average=99.9998ms, deviation=0.0229922ms]
----------------------------------------------------------

----------------------------------------------------------
sample path: (IntersectionOutput) 
  order timepoint           sequence nr.                  node name     dropped samples
latency

Statistics:
  latency:                  100.191ms [min=64.1923ms, max=127.253ms, average=94.1744ms, deviation=12.8426ms]
----------------------------------------------------------

----------------------------------------------------------
sample path: (VehicleDBWSystem) 
  order timepoint           sequence nr.                  node name     dropped samples
bp period
latency

Statistics:
  latency:                  346.297ms [min=260.236ms, max=492.604ms, average=361.998ms, deviation=49.7276ms]
hotpath
  hot path:                 FrontLidarDriver/RearLidarDriver -> ObjectCollisionEstimator
  hot path latency:         114.295ms [min=72.8984ms, max=214.316ms, average=102.412ms, deviation=25.7208ms]
  hot path drops:           0 [min=0, max=0, average=0, deviation=0]
  behavior planner period:  99.9988ms [min=99.9552ms, max=100.079ms, average=99.9998ms, deviation=0.0226066ms]
----------------------------------------------------------

----------------------------------------------------------
sample path: (IntersectionOutput) 
  order timepoint           sequence nr.                  node name     dropped samples
latency

Statistics:
  latency:                  100.588ms [min=64.1923ms, max=127.253ms, average=94.3576ms, deviation=12.6987ms]
----------------------------------------------------------

----------------------------------------------------------
sample path: (VehicleDBWSystem) 
  order timepoint           sequence nr.                  node name     dropped samples
bp period
latency

Statistics:
  latency:                  392.571ms [min=260.236ms, max=492.604ms, average=362.925ms, deviation=49.2329ms]
hotpath
  hot path:                 FrontLidarDriver/RearLidarDriver -> ObjectCollisionEstimator
  hot path latency:         114.505ms [min=72.8984ms, max=214.316ms, average=102.816ms, deviation=25.3697ms]
  hot path drops:           0 [min=0, max=0, average=0, deviation=0]
  behavior planner period:  100.03ms [min=99.9552ms, max=100.079ms, average=100.001ms, deviation=0.0228567ms]
----------------------------------------------------------

----------------------------------------------------------
sample path: (IntersectionOutput) 
  order timepoint           sequence nr.                  node name     dropped samples
latency

Statistics:
  latency:                  91.0302ms [min=64.1923ms, max=127.253ms, average=94.2652ms, deviation=12.5283ms]
----------------------------------------------------------

----------------------------------------------------------
sample path: (VehicleDBWSystem) 
  order timepoint           sequence nr.                  node name     dropped samples
bp period
latency

Statistics:
  latency:                  355.877ms [min=260.236ms, max=492.604ms, average=362.717ms, deviation=48.4963ms]
hotpath
  hot path:                 FrontLidarDriver/RearLidarDriver -> ObjectCollisionEstimator
  hot path latency:         113.878ms [min=72.8984ms, max=214.316ms, average=103.172ms, deviation=25.0223ms]
  hot path drops:           0 [min=0, max=0, average=0, deviation=0]
  behavior planner period:  99.9923ms [min=99.9552ms, max=100.079ms, average=100ms, deviation=0.0225451ms]
----------------------------------------------------------

----------------------------------------------------------
sample path: (IntersectionOutput) 
  order timepoint           sequence nr.                  node name     dropped samples
latency

Statistics:
  latency:                  109.311ms [min=64.1923ms, max=127.253ms, average=94.6718ms, deviation=12.5982ms]
----------------------------------------------------------

----------------------------------------------------------
sample path: (VehicleDBWSystem) 
  order timepoint           sequence nr.                  node name     dropped samples
bp period
latency

Statistics:
  latency:                  356.243ms [min=260.236ms, max=492.604ms, average=362.532ms, deviation=47.7903ms]
hotpath
  hot path:                 FrontLidarDriver/RearLidarDriver -> ObjectCollisionEstimator
  hot path latency:         94.594ms [min=72.8984ms, max=214.316ms, average=102.904ms, deviation=24.6621ms]
  hot path drops:           0 [min=0, max=0, average=0, deviation=0]
  behavior planner period:  99.9818ms [min=99.9552ms, max=100.079ms, average=99.9999ms, deviation=0.0224318ms]
----------------------------------------------------------

----------------------------------------------------------
sample path: (IntersectionOutput) 
  order timepoint           sequence nr.                  node name     dropped samples
latency

Statistics:
  latency:                  100.344ms [min=64.1923ms, max=127.253ms, average=94.8211ms, deviation=12.4608ms]
----------------------------------------------------------

----------------------------------------------------------
sample path: (VehicleDBWSystem) 
  order timepoint           sequence nr.                  node name     dropped samples
bp period
latency

Statistics:
  latency:                  355.722ms [min=260.236ms, max=492.604ms, average=362.343ms, deviation=47.1163ms]
hotpath
  hot path:                 FrontLidarDriver/RearLidarDriver -> ObjectCollisionEstimator
  hot path latency:         114.432ms [min=72.8984ms, max=214.316ms, average=103.254ms, deviation=24.3565ms]
  hot path drops:           0 [min=0, max=0, average=0, deviation=0]
  behavior planner period:  99.9956ms [min=99.9552ms, max=100.079ms, average=99.9998ms, deviation=0.0221118ms]
----------------------------------------------------------

----------------------------------------------------------
sample path: (IntersectionOutput) 
  order timepoint           sequence nr.                  node name     dropped samples
latency

Statistics:
  latency:                  100.13ms [min=64.1923ms, max=127.253ms, average=94.9572ms, deviation=12.3251ms]
----------------------------------------------------------

----------------------------------------------------------
sample path: (VehicleDBWSystem) 
  order timepoint           sequence nr.                  node name     dropped samples
bp period
latency

Statistics:
  latency:                  469.515ms [min=260.236ms, max=492.604ms, average=365.24ms, deviation=49.6861ms]
hotpath
  hot path:                 FrontLidarDriver/RearLidarDriver -> ObjectCollisionEstimator
  hot path latency:         114.321ms [min=72.8984ms, max=214.316ms, average=103.579ms, deviation=24.0596ms]
  hot path drops:           0 [min=0, max=0, average=0, deviation=0]
  behavior planner period:  100.001ms [min=99.9552ms, max=100.079ms, average=99.9998ms, deviation=0.021795ms]
----------------------------------------------------------

----------------------------------------------------------
sample path: (IntersectionOutput) 
  order timepoint           sequence nr.                  node name     dropped samples
latency

Statistics:
  latency:                  113.503ms [min=64.1923ms, max=127.253ms, average=95.4208ms, deviation=12.5145ms]
----------------------------------------------------------

----------------------------------------------------------
sample path: (VehicleDBWSystem) 
  order timepoint           sequence nr.                  node name     dropped samples
bp period
latency

Statistics:
  latency:                  351.113ms [min=260.236ms, max=492.604ms, average=364.868ms, deviation=49.0636ms]
hotpath
  hot path:                 FrontLidarDriver/RearLidarDriver -> ObjectCollisionEstimator
  hot path latency:         113.927ms [min=72.8984ms, max=214.316ms, average=103.875ms, deviation=23.7676ms]
  hot path drops:           0 [min=0, max=0, average=0, deviation=0]
  behavior planner period:  99.9931ms [min=99.9552ms, max=100.079ms, average=99.9997ms, deviation=0.021519ms]
----------------------------------------------------------

----------------------------------------------------------
sample path: (IntersectionOutput) 
  order timepoint           sequence nr.                  node name     dropped samples
latency

Statistics:
  latency:                  91.6425ms [min=64.1923ms, max=127.253ms, average=95.3287ms, deviation=12.3711ms]
----------------------------------------------------------

----------------------------------------------------------
sample path: (VehicleDBWSystem) 
  order timepoint           sequence nr.                  node name     dropped samples
bp period
latency

Statistics:
  latency:                  396.059ms [min=260.236ms, max=492.604ms, average=365.668ms, deviation=48.6707ms]
hotpath
  hot path:                 FrontLidarDriver/RearLidarDriver -> ObjectCollisionEstimator
  hot path latency:         113.927ms [min=72.8984ms, max=214.316ms, average=104.154ms, deviation=23.4854ms]
  hot path drops:           0 [min=0, max=0, average=0, deviation=0]
  behavior planner period:  100.014ms [min=99.9552ms, max=100.079ms, average=100ms, deviation=0.0213491ms]
----------------------------------------------------------

----------------------------------------------------------
sample path: (IntersectionOutput) 
  order timepoint           sequence nr.                  node name     dropped samples
latency

Statistics:
  latency:                  81.8263ms [min=64.1923ms, max=127.253ms, average=95.0072ms, deviation=12.3957ms]
----------------------------------------------------------

----------------------------------------------------------
sample path: (VehicleDBWSystem) 
  order timepoint           sequence nr.                  node name     dropped samples
bp period
latency

Statistics:
  latency:                  387.649ms [min=260.236ms, max=492.604ms, average=366.217ms, deviation=48.1682ms]
hotpath
  hot path:                 FrontLidarDriver/RearLidarDriver -> ObjectCollisionEstimator
  hot path latency:         114.415ms [min=72.8984ms, max=214.316ms, average=104.431ms, deviation=23.2183ms]
  hot path drops:           0 [min=0, max=0, average=0, deviation=0]
  behavior planner period:  100.006ms [min=99.9552ms, max=100.079ms, average=100ms, deviation=0.0210907ms]
----------------------------------------------------------

----------------------------------------------------------
sample path: (IntersectionOutput) 
  order timepoint           sequence nr.                  node name     dropped samples
latency

Statistics:
  latency:                  99.9874ms [min=64.1923ms, max=127.253ms, average=95.123ms, deviation=12.2708ms]
----------------------------------------------------------

----------------------------------------------------------
sample path: (VehicleDBWSystem) 
  order timepoint           sequence nr.                  node name     dropped samples
bp period
latency

Statistics:
  latency:                  319.141ms [min=260.236ms, max=492.604ms, average=365.069ms, deviation=48.1271ms]
hotpath
  hot path:                 FrontLidarDriver/RearLidarDriver -> ObjectCollisionEstimator
  hot path latency:         93.2624ms [min=72.8984ms, max=214.316ms, average=104.137ms, deviation=22.974ms]
  hot path drops:           0 [min=0, max=0, average=0, deviation=0]
  behavior planner period:  99.9883ms [min=99.9552ms, max=100.079ms, average=99.9999ms, deviation=0.0209039ms]
----------------------------------------------------------

----------------------------------------------------------
sample path: (IntersectionOutput) 
  order timepoint           sequence nr.                  node name     dropped samples
latency

Statistics:
  latency:                  82.3083ms [min=64.1923ms, max=127.253ms, average=94.8318ms, deviation=12.2802ms]
----------------------------------------------------------

----------------------------------------------------------
sample path: (VehicleDBWSystem) 
  order timepoint           sequence nr.                  node name     dropped samples
bp period
latency

Statistics:
  latency:                  397.022ms [min=260.236ms, max=492.604ms, average=365.83ms, deviation=47.7916ms]
hotpath
  hot path:                 FrontLidarDriver/RearLidarDriver -> ObjectCollisionEstimator
  hot path latency:         93.2624ms [min=72.8984ms, max=214.316ms, average=103.859ms, deviation=22.7364ms]
  hot path drops:           0 [min=0, max=0, average=0, deviation=0]
  behavior planner period:  100.008ms [min=99.9552ms, max=100.079ms, average=100ms, deviation=0.0206842ms]
----------------------------------------------------------

----------------------------------------------------------
sample path: (IntersectionOutput) 
  order timepoint           sequence nr.                  node name     dropped samples
latency

Statistics:
  latency:                  117.945ms [min=64.1923ms, max=127.253ms, average=95.3454ms, deviation=12.6193ms]
----------------------------------------------------------

----------------------------------------------------------
sample path: (VehicleDBWSystem) 
  order timepoint           sequence nr.                  node name     dropped samples
bp period
latency

Statistics:
  latency:                  397.491ms [min=260.236ms, max=492.604ms, average=366.566ms, deviation=47.4654ms]
hotpath
  hot path:                 FrontLidarDriver/RearLidarDriver -> ObjectCollisionEstimator
  hot path latency:         93.327ms [min=72.8984ms, max=214.316ms, average=103.595ms, deviation=22.5047ms]
  hot path drops:           0 [min=0, max=0, average=0, deviation=0]
  behavior planner period:  99.9843ms [min=99.9552ms, max=100.079ms, average=99.9997ms, deviation=0.0205762ms]
----------------------------------------------------------

----------------------------------------------------------
sample path: (IntersectionOutput) 
  order timepoint           sequence nr.                  node name     dropped samples
latency

Statistics:
  latency:                  100.148ms [min=64.1923ms, max=127.253ms, average=95.4498ms, deviation=12.4983ms]
----------------------------------------------------------

